#  step      rmse_val    rmse_trn    rmse_e_val  rmse_e_trn    rmse_f_val  rmse_f_trn         lr
      0      3.40e+01    3.36e+01      4.27e-01    4.27e-01      1.07e+00    1.06e+00    1.0e-03
      9      3.19e+01    3.26e+01      1.54e-01    1.53e-01      1.01e+00    1.03e+00    1.0e-03
     18      3.07e+01    3.08e+01      9.97e-03    1.13e-02      9.72e-01    9.74e-01    1.0e-03
     27      2.86e+01    3.02e+01      2.40e-01    2.42e-01      9.04e-01    9.55e-01    1.0e-03
     36      2.83e+01    2.94e+01      1.89e-01    1.89e-01      8.96e-01    9.28e-01    1.0e-03
     45      2.80e+01    2.84e+01      4.05e-01    4.06e-01      8.87e-01    8.98e-01    1.0e-03
     54      2.68e+01    2.75e+01      1.98e-01    2.00e-01      8.48e-01    8.70e-01    1.0e-03
     63      2.57e+01    2.66e+01      1.84e-02    1.82e-02      8.13e-01    8.40e-01    1.0e-03
     72      2.44e+01    2.55e+01      1.03e-01    1.02e-01      7.70e-01    8.05e-01    1.0e-03
     81      2.17e+01    2.22e+01      1.29e-01    1.28e-01      6.86e-01    7.02e-01    1.0e-03
     90      1.96e+01    2.00e+01      9.94e-02    1.02e-01      6.21e-01    6.32e-01    1.0e-03
     99      1.73e+01    1.83e+01      1.02e-01    1.08e-01      5.46e-01    5.77e-01    1.0e-03
    108      1.49e+01    1.54e+01      6.37e-02    6.93e-02      4.72e-01    4.87e-01    1.0e-03
    117      1.37e+01    1.35e+01      1.58e-01    1.61e-01      4.33e-01    4.27e-01    1.0e-03
    126      1.25e+01    1.29e+01      3.04e-01    3.10e-01      3.96e-01    4.08e-01    1.0e-03
    135      1.18e+01    1.19e+01      2.99e-01    3.03e-01      3.72e-01    3.76e-01    1.0e-03
    144      1.12e+01    1.13e+01      1.08e-01    1.13e-01      3.53e-01    3.57e-01    1.0e-03
    153      1.06e+01    1.07e+01      1.47e-01    1.49e-01      3.34e-01    3.37e-01    1.0e-03
    162      9.80e+00    1.02e+01      1.58e-01    1.62e-01      3.10e-01    3.22e-01    1.0e-03
    171      1.01e+01    1.01e+01      9.29e-02    9.57e-02      3.20e-01    3.21e-01    1.0e-03
    180      9.31e+00    9.40e+00      7.54e-02    7.77e-02      2.94e-01    2.97e-01    1.0e-03
    189      9.19e+00    9.08e+00      8.58e-02    8.88e-02      2.91e-01    2.87e-01    1.0e-03
    198      9.03e+00    8.81e+00      8.59e-02    8.73e-02      2.85e-01    2.78e-01    1.0e-03
    207      8.52e+00    8.75e+00      7.74e-02    8.07e-02      2.69e-01    2.77e-01    1.0e-03
    216      8.40e+00    8.56e+00      8.07e-02    8.21e-02      2.66e-01    2.71e-01    1.0e-03
    225      8.54e+00    8.49e+00      3.55e-02    3.83e-02      2.70e-01    2.68e-01    1.0e-03
    234      8.87e+00    8.71e+00      3.21e-02    3.05e-02      2.80e-01    2.75e-01    1.0e-03
    243      8.57e+00    8.63e+00      1.16e-01    1.19e-01      2.71e-01    2.73e-01    1.0e-03
    252      8.11e+00    8.03e+00      6.85e-02    7.10e-02      2.56e-01    2.54e-01    1.0e-03
    261      7.82e+00    7.89e+00      6.54e-02    6.78e-02      2.47e-01    2.49e-01    1.0e-03
    270      7.83e+00    7.82e+00      3.59e-03    4.87e-03      2.48e-01    2.47e-01    1.0e-03
    279      7.63e+00    7.55e+00      4.31e-02    4.60e-02      2.41e-01    2.39e-01    1.0e-03
    288      7.81e+00    7.67e+00      1.04e-02    9.39e-03      2.47e-01    2.42e-01    1.0e-03
    297      7.36e+00    7.51e+00      3.36e-02    3.65e-02      2.33e-01    2.38e-01    1.0e-03
    306      7.73e+00    7.75e+00      3.14e-03    3.64e-03      2.44e-01    2.45e-01    1.0e-03
    315      7.51e+00    7.50e+00      1.47e-02    1.72e-02      2.38e-01    2.37e-01    1.0e-03
    324      7.39e+00    7.43e+00      3.22e-02    3.47e-02      2.34e-01    2.35e-01    1.0e-03
    333      7.03e+00    7.09e+00      2.74e-03    3.33e-03      2.22e-01    2.24e-01    1.0e-03
    342      7.12e+00    7.15e+00      5.60e-03    4.41e-03      2.25e-01    2.26e-01    1.0e-03
    351      7.06e+00    7.10e+00      4.04e-02    4.27e-02      2.23e-01    2.24e-01    1.0e-03
    360      7.14e+00    7.11e+00      1.37e-02    1.23e-02      2.26e-01    2.25e-01    1.0e-03
    369      6.81e+00    6.79e+00      4.03e-03    5.95e-03      2.15e-01    2.15e-01    1.0e-03
    378      6.67e+00    6.79e+00      1.72e-02    1.46e-02      2.11e-01    2.15e-01    1.0e-03
    387      6.96e+00    6.85e+00      2.40e-02    2.21e-02      2.20e-01    2.17e-01    1.0e-03
    396      6.57e+00    6.51e+00      1.72e-02    1.55e-02      2.08e-01    2.06e-01    1.0e-03
    405      6.55e+00    6.56e+00      4.24e-02    4.36e-02      2.07e-01    2.07e-01    1.0e-03
    414      6.65e+00    6.42e+00      2.10e-02    1.91e-02      2.10e-01    2.03e-01    1.0e-03
    423      6.33e+00    6.35e+00      3.32e-02    3.43e-02      2.00e-01    2.01e-01    1.0e-03
    432      6.22e+00    6.33e+00      2.43e-02    2.26e-02      1.97e-01    2.00e-01    1.0e-03
    441      6.37e+00    6.22e+00      4.40e-02    4.20e-02      2.02e-01    1.97e-01    1.0e-03
    450      6.19e+00    6.24e+00      1.11e-02    8.95e-03      1.96e-01    1.97e-01    1.0e-03
    459      6.08e+00    6.09e+00      3.20e-02    3.10e-02      1.92e-01    1.92e-01    1.0e-03
    468      6.84e+00    6.96e+00      1.02e-02    1.26e-02      2.16e-01    2.20e-01    1.0e-03
    477      6.62e+00    6.77e+00      4.65e-02    4.84e-02      2.09e-01    2.14e-01    1.0e-03
    486      5.89e+00    6.02e+00      3.49e-02    3.28e-02      1.86e-01    1.90e-01    1.0e-03
    495      6.29e+00    6.21e+00      2.47e-02    2.36e-02      1.99e-01    1.96e-01    1.0e-03
    504      6.01e+00    6.24e+00      1.50e-02    1.34e-02      1.90e-01    1.97e-01    1.0e-03
    513      6.02e+00    6.08e+00      5.39e-03    7.76e-03      1.90e-01    1.92e-01    1.0e-03
    522      5.93e+00    5.97e+00      6.61e-02    6.49e-02      1.88e-01    1.89e-01    1.0e-03
    531      5.78e+00    5.91e+00      1.71e-02    1.59e-02      1.83e-01    1.87e-01    1.0e-03
    540      5.73e+00    5.85e+00      6.11e-03    4.93e-03      1.81e-01    1.85e-01    1.0e-03
    549      5.88e+00    5.88e+00      1.09e-02    9.89e-03      1.86e-01    1.86e-01    1.0e-03
    558      5.85e+00    5.79e+00      2.11e-02    1.92e-02      1.85e-01    1.83e-01    1.0e-03
    567      5.75e+00    5.89e+00      6.58e-02    6.43e-02      1.82e-01    1.86e-01    1.0e-03
    576      5.67e+00    5.79e+00      4.12e-02    3.87e-02      1.79e-01    1.83e-01    1.0e-03
    585      6.95e+00    7.00e+00      7.66e-03    9.11e-03      2.20e-01    2.21e-01    1.0e-03
    594      5.80e+00    5.97e+00      5.77e-02    6.04e-02      1.83e-01    1.89e-01    1.0e-03
    603      5.81e+00    5.81e+00      3.57e-02    3.47e-02      1.84e-01    1.84e-01    1.0e-03
    612      5.69e+00    5.66e+00      2.13e-02    2.25e-02      1.80e-01    1.79e-01    1.0e-03
    621      5.49e+00    5.49e+00      2.33e-02    2.23e-02      1.74e-01    1.73e-01    1.0e-03
    630      5.57e+00    5.58e+00      2.73e-03    2.39e-03      1.76e-01    1.76e-01    1.0e-03
    639      5.47e+00    5.52e+00      2.52e-02    2.40e-02      1.73e-01    1.74e-01    1.0e-03
    648      5.57e+00    5.49e+00      3.81e-02    3.69e-02      1.76e-01    1.74e-01    1.0e-03
    657      5.64e+00    5.73e+00      1.58e-02    1.49e-02      1.78e-01    1.81e-01    1.0e-03
    666      5.40e+00    5.42e+00      3.12e-02    3.02e-02      1.71e-01    1.72e-01    1.0e-03
    675      6.36e+00    6.28e+00      8.68e-02    8.54e-02      2.01e-01    1.98e-01    1.0e-03
    684      5.79e+00    5.72e+00      3.56e-02    3.60e-02      1.83e-01    1.81e-01    1.0e-03
    693      5.46e+00    5.56e+00      2.73e-02    2.56e-02      1.73e-01    1.76e-01    1.0e-03
    702      5.36e+00    5.54e+00      4.81e-02    4.91e-02      1.70e-01    1.75e-01    1.0e-03
    711      5.38e+00    5.52e+00      5.22e-02    5.06e-02      1.70e-01    1.75e-01    1.0e-03
    720      5.37e+00    5.36e+00      1.55e-02    1.42e-02      1.70e-01    1.70e-01    1.0e-03
    729      5.44e+00    5.44e+00      4.28e-02    4.37e-02      1.72e-01    1.72e-01    1.0e-03
    738      5.37e+00    5.57e+00      2.91e-02    2.73e-02      1.70e-01    1.76e-01    1.0e-03
    747      5.23e+00    5.23e+00      5.80e-03    6.53e-03      1.65e-01    1.65e-01    1.0e-03
    756      5.37e+00    5.39e+00      5.34e-03    4.61e-03      1.70e-01    1.70e-01    1.0e-03
    765      5.39e+00    5.37e+00      9.42e-03    1.05e-02      1.71e-01    1.70e-01    1.0e-03
    774      5.50e+00    5.30e+00      1.92e-02    1.99e-02      1.74e-01    1.68e-01    1.0e-03
    783      5.24e+00    5.44e+00      2.38e-03    3.60e-03      1.66e-01    1.72e-01    1.0e-03
    792      5.74e+00    5.92e+00      3.75e-02    3.84e-02      1.82e-01    1.87e-01    1.0e-03
    801      5.36e+00    5.35e+00      1.24e-02    1.12e-02      1.69e-01    1.69e-01    1.0e-03
    810      5.21e+00    5.26e+00      1.78e-02    1.65e-02      1.65e-01    1.66e-01    1.0e-03
    819      5.21e+00    5.29e+00      1.15e-02    1.06e-02      1.65e-01    1.67e-01    1.0e-03
    828      5.22e+00    5.10e+00      2.15e-02    2.10e-02      1.65e-01    1.61e-01    1.0e-03
    837      5.12e+00    5.18e+00      1.50e-02    1.60e-02      1.62e-01    1.64e-01    1.0e-03
    846      5.21e+00    5.24e+00      2.35e-02    2.33e-02      1.65e-01    1.66e-01    1.0e-03
    855      5.03e+00    5.14e+00      1.81e-02    1.68e-02      1.59e-01    1.63e-01    1.0e-03
    864      6.10e+00    6.07e+00      4.85e-02    4.79e-02      1.93e-01    1.92e-01    1.0e-03
    873      5.44e+00    5.65e+00      2.13e-02    2.20e-02      1.72e-01    1.79e-01    1.0e-03
    882      5.49e+00    5.41e+00      7.20e-03    6.88e-03      1.74e-01    1.71e-01    1.0e-03
    891      5.06e+00    5.37e+00      2.49e-02    2.56e-02      1.60e-01    1.70e-01    1.0e-03
    900      5.15e+00    5.17e+00      8.97e-03    9.34e-03      1.63e-01    1.64e-01    1.0e-03
    909      4.98e+00    5.16e+00      1.87e-02    1.83e-02      1.57e-01    1.63e-01    1.0e-03
    918      5.11e+00    5.31e+00      3.22e-02    3.13e-02      1.61e-01    1.68e-01    1.0e-03
    927      5.08e+00    5.27e+00      1.77e-03    2.23e-03      1.61e-01    1.67e-01    1.0e-03
    936      5.31e+00    5.37e+00      1.31e-02    1.21e-02      1.68e-01    1.70e-01    1.0e-03
    945      5.07e+00    5.02e+00      3.06e-02    3.12e-02      1.60e-01    1.59e-01    1.0e-03
    954      4.90e+00    5.00e+00      1.25e-02    1.20e-02      1.55e-01    1.58e-01    1.0e-03
    963      5.32e+00    5.32e+00      1.99e-02    2.02e-02      1.68e-01    1.68e-01    1.0e-03
    972      5.30e+00    5.23e+00      1.66e-02    1.68e-02      1.68e-01    1.65e-01    1.0e-03
    981      4.90e+00    4.94e+00      3.44e-02    3.47e-02      1.55e-01    1.56e-01    1.0e-03
    990      5.02e+00    5.37e+00      2.46e-02    2.37e-02      1.59e-01    1.70e-01    1.0e-03
    999      5.14e+00    4.99e+00      1.00e-02    9.63e-03      1.63e-01    1.58e-01    1.0e-03
   1008      5.33e+00    5.29e+00      3.70e-02    3.68e-02      1.68e-01    1.67e-01    1.0e-03
   1017      4.87e+00    4.86e+00      1.43e-02    1.48e-02      1.54e-01    1.54e-01    1.0e-03
   1026      4.95e+00    4.88e+00      2.10e-02    2.08e-02      1.56e-01    1.54e-01    1.0e-03
   1035      5.01e+00    5.08e+00      2.55e-02    2.53e-02      1.58e-01    1.61e-01    1.0e-03
   1044      5.32e+00    5.11e+00      1.93e-02    1.96e-02      1.68e-01    1.62e-01    1.0e-03
   1053      4.97e+00    5.02e+00      2.63e-02    2.66e-02      1.57e-01    1.59e-01    1.0e-03
   1062      4.77e+00    4.79e+00      6.74e-03    7.54e-03      1.51e-01    1.51e-01    1.0e-03
   1071      6.04e+00    6.10e+00      4.25e-02    4.28e-02      1.91e-01    1.93e-01    1.0e-03
   1080      5.34e+00    5.48e+00      1.28e-01    1.28e-01      1.69e-01    1.73e-01    1.0e-03
   1089      5.05e+00    5.09e+00      4.84e-02    4.83e-02      1.60e-01    1.61e-01    1.0e-03
   1098      5.00e+00    5.01e+00      4.04e-03    4.65e-03      1.58e-01    1.58e-01    1.0e-03
   1107      4.84e+00    4.98e+00      1.82e-02    1.80e-02      1.53e-01    1.58e-01    1.0e-03
   1116      4.68e+00    4.68e+00      7.41e-03    7.38e-03      1.48e-01    1.48e-01    1.0e-03
   1125      4.88e+00    4.87e+00      2.63e-02    2.60e-02      1.54e-01    1.54e-01    1.0e-03
   1134      4.60e+00    4.65e+00      1.46e-02    1.48e-02      1.45e-01    1.47e-01    1.0e-03
   1143      4.94e+00    4.81e+00      3.26e-02    3.25e-02      1.56e-01    1.52e-01    1.0e-03
   1152      5.23e+00    5.33e+00      8.11e-03    8.57e-03      1.65e-01    1.68e-01    1.0e-03
   1161      5.36e+00    5.44e+00      3.83e-02    3.90e-02      1.69e-01    1.72e-01    1.0e-03
   1170      4.71e+00    4.97e+00      3.17e-02    3.26e-02      1.49e-01    1.57e-01    1.0e-03
   1179      4.82e+00    4.73e+00      2.27e-02    2.30e-02      1.53e-01    1.50e-01    1.0e-03
   1188      4.80e+00    4.95e+00      1.10e-02    1.08e-02      1.52e-01    1.56e-01    1.0e-03
   1197      4.78e+00    4.75e+00      4.26e-02    4.24e-02      1.51e-01    1.50e-01    1.0e-03
   1206      4.79e+00    4.85e+00      9.19e-03    9.61e-03      1.52e-01    1.53e-01    1.0e-03
   1215      5.23e+00    5.30e+00      3.20e-02    3.16e-02      1.65e-01    1.68e-01    1.0e-03
   1224      5.00e+00    5.17e+00      3.50e-02    3.54e-02      1.58e-01    1.64e-01    1.0e-03
   1233      4.86e+00    4.77e+00      1.84e-02    1.84e-02      1.54e-01    1.51e-01    1.0e-03
   1242      4.89e+00    5.03e+00      4.05e-03    4.08e-03      1.55e-01    1.59e-01    1.0e-03
   1251      4.68e+00    4.65e+00      4.43e-02    4.42e-02      1.48e-01    1.47e-01    1.0e-03
   1260      5.07e+00    5.26e+00      4.59e-02    4.57e-02      1.60e-01    1.66e-01    1.0e-03
   1269      4.68e+00    4.79e+00      1.79e-02    1.75e-02      1.48e-01    1.51e-01    1.0e-03
   1278      4.66e+00    4.72e+00      4.11e-02    4.14e-02      1.47e-01    1.49e-01    1.0e-03
   1287      4.97e+00    4.99e+00      4.41e-02    4.43e-02      1.57e-01    1.58e-01    1.0e-03
   1296      4.50e+00    4.89e+00      1.91e-02    1.86e-02      1.42e-01    1.55e-01    1.0e-03
   1305      5.81e+00    5.66e+00      2.86e-02    2.80e-02      1.84e-01    1.79e-01    1.0e-03
   1314      5.55e+00    5.66e+00      1.14e-01    1.14e-01      1.75e-01    1.79e-01    1.0e-03
   1323      4.77e+00    4.76e+00      7.02e-02    7.01e-02      1.51e-01    1.50e-01    1.0e-03
   1332      4.71e+00    4.70e+00      1.96e-02    1.93e-02      1.49e-01    1.49e-01    1.0e-03
   1341      4.76e+00    4.84e+00      6.24e-02    6.20e-02      1.51e-01    1.53e-01    1.0e-03
   1350      5.02e+00    5.14e+00      2.94e-02    2.96e-02      1.59e-01    1.63e-01    1.0e-03
   1359      4.82e+00    4.92e+00      1.82e-02    1.82e-02      1.52e-01    1.56e-01    1.0e-03
   1368      4.71e+00    4.99e+00      4.27e-02    4.30e-02      1.49e-01    1.58e-01    1.0e-03
   1377      4.82e+00    4.69e+00      6.07e-02    6.07e-02      1.52e-01    1.48e-01    1.0e-03
   1386      4.51e+00    4.74e+00      2.48e-02    2.47e-02      1.43e-01    1.50e-01    1.0e-03
   1395      4.78e+00    4.55e+00      1.35e-02    1.35e-02      1.51e-01    1.44e-01    1.0e-03
   1404      4.70e+00    4.67e+00      1.33e-02    1.30e-02      1.49e-01    1.48e-01    1.0e-03
   1413      4.59e+00    4.71e+00      1.95e-02    1.92e-02      1.45e-01    1.49e-01    1.0e-03
   1422      4.75e+00    4.82e+00      2.12e-02    2.12e-02      1.50e-01    1.53e-01    1.0e-03
   1431      4.63e+00    4.71e+00      3.27e-03    3.42e-03      1.46e-01    1.49e-01    1.0e-03
   1440      5.05e+00    4.92e+00      7.37e-02    7.33e-02      1.60e-01    1.55e-01    1.0e-03
   1449      4.48e+00    4.68e+00      1.57e-02    1.55e-02      1.42e-01    1.48e-01    1.0e-03
   1458      4.92e+00    4.82e+00      4.54e-02    4.52e-02      1.56e-01    1.53e-01    1.0e-03
   1467      4.63e+00    4.76e+00      8.64e-03    9.03e-03      1.47e-01    1.51e-01    1.0e-03
   1476      4.71e+00    4.56e+00      1.40e-03    1.61e-03      1.49e-01    1.44e-01    1.0e-03
   1485      5.01e+00    5.35e+00      2.03e-02    2.04e-02      1.59e-01    1.69e-01    1.0e-03
   1494      4.61e+00    4.85e+00      6.09e-02    6.09e-02      1.46e-01    1.53e-01    1.0e-03
   1503      4.84e+00    4.79e+00      2.27e-02    2.25e-02      1.53e-01    1.52e-01    1.0e-03
   1512      4.75e+00    4.72e+00      3.36e-03    3.97e-03      1.50e-01    1.49e-01    1.0e-03
   1521      4.61e+00    4.81e+00      7.46e-03    7.76e-03      1.46e-01    1.52e-01    1.0e-03
   1530      4.62e+00    4.59e+00      1.09e-02    1.12e-02      1.46e-01    1.45e-01    1.0e-03
   1539      4.90e+00    5.03e+00      8.04e-03    8.13e-03      1.55e-01    1.59e-01    1.0e-03
   1548      5.05e+00    5.06e+00      6.79e-02    6.77e-02      1.60e-01    1.60e-01    1.0e-03
   1557      5.46e+00    5.44e+00      3.85e-02    3.83e-02      1.73e-01    1.72e-01    1.0e-03
   1566      4.65e+00    4.52e+00      7.78e-02    7.78e-02      1.47e-01    1.43e-01    1.0e-03
   1575      4.40e+00    4.61e+00      6.56e-02    6.55e-02      1.39e-01    1.46e-01    1.0e-03
   1584      4.57e+00    4.62e+00      6.28e-03    6.54e-03      1.44e-01    1.46e-01    1.0e-03
   1593      4.56e+00    4.35e+00      2.75e-02    2.80e-02      1.44e-01    1.37e-01    1.0e-03
   1602      4.39e+00    4.70e+00      3.37e-02    3.36e-02      1.39e-01    1.49e-01    1.0e-03
   1611      4.79e+00    4.71e+00      3.38e-02    3.43e-02      1.51e-01    1.49e-01    1.0e-03
   1620      4.63e+00    4.79e+00      1.24e-02    1.26e-02      1.46e-01    1.52e-01    1.0e-03
   1629      4.71e+00    4.71e+00      3.79e-02    3.77e-02      1.49e-01    1.49e-01    1.0e-03
   1638      4.63e+00    4.57e+00      1.34e-02    1.34e-02      1.46e-01    1.44e-01    1.0e-03
   1647      4.52e+00    4.72e+00      3.22e-02    3.19e-02      1.43e-01    1.49e-01    1.0e-03
   1656      4.63e+00    4.62e+00      2.23e-02    2.26e-02      1.47e-01    1.46e-01    1.0e-03
   1665      4.44e+00    4.55e+00      1.22e-02    1.21e-02      1.40e-01    1.44e-01    1.0e-03
   1674      4.31e+00    4.64e+00      1.77e-03    2.28e-03      1.36e-01    1.47e-01    1.0e-03
   1683      5.28e+00    5.19e+00      7.58e-03    7.57e-03      1.67e-01    1.64e-01    1.0e-03
   1692      4.81e+00    4.82e+00      4.29e-02    4.29e-02      1.52e-01    1.52e-01    1.0e-03
   1701      4.49e+00    4.49e+00      1.10e-02    1.06e-02      1.42e-01    1.42e-01    1.0e-03
   1710      4.45e+00    4.51e+00      9.12e-02    9.19e-02      1.41e-01    1.42e-01    1.0e-03
   1719      4.66e+00    4.61e+00      5.88e-02    5.88e-02      1.47e-01    1.46e-01    1.0e-03
   1728      5.82e+00    5.94e+00      5.79e-02    5.73e-02      1.84e-01    1.88e-01    1.0e-03
   1737      5.35e+00    5.33e+00      7.59e-02    7.54e-02      1.69e-01    1.68e-01    1.0e-03
   1746      4.42e+00    4.54e+00      1.44e-02    1.41e-02      1.40e-01    1.44e-01    1.0e-03
   1755      4.65e+00    4.62e+00      3.42e-02    3.44e-02      1.47e-01    1.46e-01    1.0e-03
   1764      4.59e+00    4.79e+00      7.46e-03    7.13e-03      1.45e-01    1.51e-01    1.0e-03
   1773      4.80e+00    4.79e+00      2.04e-02    2.10e-02      1.52e-01    1.51e-01    1.0e-03
   1782      4.54e+00    4.64e+00      2.61e-02    2.60e-02      1.44e-01    1.47e-01    1.0e-03
   1791      4.83e+00    4.84e+00      4.22e-03    4.47e-03      1.53e-01    1.53e-01    1.0e-03
   1800      4.62e+00    4.33e+00      1.19e-03    1.89e-03      1.46e-01    1.37e-01    1.0e-03
   1809      4.54e+00    4.69e+00      2.99e-02    2.95e-02      1.44e-01    1.48e-01    1.0e-03
   1818      4.91e+00    5.03e+00      4.22e-02    4.19e-02      1.55e-01    1.59e-01    1.0e-03
   1827      4.98e+00    4.95e+00      1.97e-02    2.00e-02      1.58e-01    1.56e-01    1.0e-03
   1836      4.49e+00    4.50e+00      1.70e-02    1.70e-02      1.42e-01    1.42e-01    1.0e-03
   1845      4.59e+00    4.59e+00      7.17e-02    7.19e-02      1.45e-01    1.45e-01    1.0e-03
   1854      4.47e+00    4.54e+00      1.06e-02    1.09e-02      1.41e-01    1.44e-01    1.0e-03
   1863      4.55e+00    4.59e+00      3.18e-02    3.18e-02      1.44e-01    1.45e-01    1.0e-03
   1872      5.05e+00    4.98e+00      1.68e-02    1.70e-02      1.60e-01    1.58e-01    1.0e-03
   1881      4.70e+00    4.79e+00      2.51e-02    2.56e-02      1.49e-01    1.51e-01    1.0e-03
   1890      4.67e+00    4.71e+00      1.89e-02    1.90e-02      1.48e-01    1.49e-01    1.0e-03
   1899      4.47e+00    4.63e+00      2.67e-02    2.67e-02      1.41e-01    1.47e-01    1.0e-03
   1908      4.56e+00    4.59e+00      1.02e-02    1.01e-02      1.44e-01    1.45e-01    1.0e-03
   1917      4.33e+00    4.62e+00      1.66e-02    1.66e-02      1.37e-01    1.46e-01    1.0e-03
   1926      4.51e+00    4.50e+00      1.08e-02    1.12e-02      1.42e-01    1.42e-01    1.0e-03
   1935      4.29e+00    4.41e+00      3.59e-02    3.59e-02      1.36e-01    1.40e-01    1.0e-03
   1944      4.68e+00    4.58e+00      2.07e-02    2.12e-02      1.48e-01    1.45e-01    1.0e-03
   1953      4.42e+00    4.65e+00      2.06e-02    2.05e-02      1.40e-01    1.47e-01    1.0e-03
   1962      4.96e+00    5.05e+00      1.34e-03    1.90e-03      1.57e-01    1.60e-01    1.0e-03
   1971      5.45e+00    5.59e+00      1.11e-02    1.11e-02      1.72e-01    1.77e-01    1.0e-03
   1980      5.33e+00    5.24e+00      4.53e-03    5.27e-03      1.68e-01    1.66e-01    1.0e-03
   1989      4.45e+00    4.45e+00      7.48e-03    8.09e-03      1.41e-01    1.41e-01    1.0e-03
   1998      4.51e+00    4.70e+00      1.70e-02    1.72e-02      1.43e-01    1.49e-01    1.0e-03
   2007      4.43e+00    4.44e+00      1.54e-02    1.55e-02      1.40e-01    1.40e-01    1.0e-03
   2016      4.30e+00    4.41e+00      1.58e-03    1.98e-03      1.36e-01    1.40e-01    1.0e-03
   2025      5.24e+00    5.10e+00      1.08e-02    1.11e-02      1.66e-01    1.61e-01    1.0e-03
   2034      4.41e+00    4.34e+00      2.08e-03    2.91e-03      1.40e-01    1.37e-01    1.0e-03
   2043      4.52e+00    4.44e+00      4.65e-03    3.81e-03      1.43e-01    1.40e-01    1.0e-03
   2052      4.38e+00    4.46e+00      6.54e-03    6.89e-03      1.39e-01    1.41e-01    1.0e-03
   2061      4.47e+00    4.60e+00      1.01e-02    1.03e-02      1.41e-01    1.46e-01    1.0e-03
   2070      4.67e+00    4.83e+00      2.47e-02    2.48e-02      1.48e-01    1.53e-01    1.0e-03
   2079      4.39e+00    4.27e+00      2.48e-02    2.48e-02      1.39e-01    1.35e-01    1.0e-03
   2088      4.98e+00    5.03e+00      2.13e-03    2.50e-03      1.58e-01    1.59e-01    1.0e-03
   2097      4.34e+00    4.68e+00      2.03e-02    2.05e-02      1.37e-01    1.48e-01    1.0e-03
   2106      4.43e+00    4.43e+00      4.33e-03    4.16e-03      1.40e-01    1.40e-01    1.0e-03
   2115      4.44e+00    4.57e+00      1.23e-02    1.27e-02      1.40e-01    1.45e-01    1.0e-03
   2124      4.58e+00    4.54e+00      4.46e-03    4.66e-03      1.45e-01    1.44e-01    1.0e-03
   2133      4.40e+00    4.33e+00      2.41e-02    2.42e-02      1.39e-01    1.37e-01    1.0e-03
   2142      4.52e+00    4.54e+00      1.44e-02    1.48e-02      1.43e-01    1.43e-01    1.0e-03
   2151      4.41e+00    4.69e+00      3.25e-03    3.43e-03      1.39e-01    1.48e-01    1.0e-03
   2160      4.25e+00    4.34e+00      2.71e-02    2.71e-02      1.34e-01    1.37e-01    1.0e-03
   2169      4.45e+00    4.38e+00      6.70e-03    6.48e-03      1.41e-01    1.38e-01    1.0e-03
   2178      4.50e+00    4.70e+00      4.14e-02    4.16e-02      1.42e-01    1.49e-01    1.0e-03
   2187      4.34e+00    4.42e+00      2.85e-02    2.84e-02      1.37e-01    1.40e-01    1.0e-03
   2196      4.93e+00    4.88e+00      2.30e-02    2.31e-02      1.56e-01    1.54e-01    1.0e-03
   2205      5.08e+00    5.02e+00      2.32e-02    2.33e-02      1.61e-01    1.59e-01    1.0e-03
   2214      4.36e+00    4.64e+00      9.69e-04    1.37e-03      1.38e-01    1.47e-01    1.0e-03
   2223      4.20e+00    4.32e+00      3.47e-02    3.50e-02      1.33e-01    1.37e-01    1.0e-03
   2232      4.63e+00    4.68e+00      1.29e-02    1.30e-02      1.46e-01    1.48e-01    1.0e-03
   2241      4.68e+00    4.58e+00      1.16e-02    1.20e-02      1.48e-01    1.45e-01    1.0e-03
   2250      4.36e+00    4.39e+00      1.90e-02    1.89e-02      1.38e-01    1.39e-01    1.0e-03
   2259      4.26e+00    4.38e+00      3.75e-02    3.79e-02      1.35e-01    1.39e-01    1.0e-03
   2268      4.41e+00    4.38e+00      1.91e-02    1.96e-02      1.40e-01    1.39e-01    1.0e-03
   2277      4.25e+00    4.26e+00      2.88e-02    2.89e-02      1.34e-01    1.35e-01    1.0e-03
   2286      4.66e+00    4.75e+00      2.74e-03    3.15e-03      1.47e-01    1.50e-01    1.0e-03
   2295      4.27e+00    4.35e+00      3.92e-02    3.95e-02      1.35e-01    1.38e-01    1.0e-03
   2304      4.40e+00    4.26e+00      2.60e-02    2.64e-02      1.39e-01    1.35e-01    1.0e-03
   2313      5.66e+00    5.60e+00      4.63e-02    4.67e-02      1.79e-01    1.77e-01    1.0e-03
   2322      4.49e+00    4.64e+00      8.30e-02    8.29e-02      1.42e-01    1.47e-01    1.0e-03
   2331      4.88e+00    4.97e+00      6.38e-02    6.39e-02      1.54e-01    1.57e-01    1.0e-03
   2340      4.52e+00    4.67e+00      3.58e-02    3.54e-02      1.43e-01    1.48e-01    1.0e-03
   2349      4.25e+00    4.57e+00      3.56e-02    3.57e-02      1.34e-01    1.44e-01    1.0e-03
   2358      4.38e+00    4.30e+00      1.78e-03    2.19e-03      1.39e-01    1.36e-01    1.0e-03
   2367      4.62e+00    4.62e+00      2.66e-03    2.97e-03      1.46e-01    1.46e-01    1.0e-03
   2376      4.55e+00    4.60e+00      3.10e-02    3.07e-02      1.44e-01    1.45e-01    1.0e-03
   2385      4.22e+00    4.31e+00      2.85e-02    2.85e-02      1.33e-01    1.36e-01    1.0e-03
   2394      4.44e+00    4.40e+00      5.41e-03    5.56e-03      1.40e-01    1.39e-01    1.0e-03
   2403      4.22e+00    4.23e+00      2.74e-02    2.76e-02      1.33e-01    1.34e-01    1.0e-03
   2412      4.33e+00    4.14e+00      8.59e-03    9.23e-03      1.37e-01    1.31e-01    1.0e-03
   2421      4.19e+00    4.40e+00      1.83e-02    1.85e-02      1.32e-01    1.39e-01    1.0e-03
   2430      4.84e+00    4.82e+00      5.40e-02    5.41e-02      1.53e-01    1.53e-01    1.0e-03
   2439      4.30e+00    4.45e+00      1.88e-02    1.92e-02      1.36e-01    1.41e-01    1.0e-03
   2448      4.64e+00    4.52e+00      3.91e-02    3.84e-02      1.47e-01    1.43e-01    1.0e-03
   2457      4.32e+00    4.40e+00      6.67e-02    6.70e-02      1.37e-01    1.39e-01    1.0e-03
   2466      4.59e+00    4.39e+00      6.63e-02    6.58e-02      1.45e-01    1.39e-01    1.0e-03
   2475      4.20e+00    4.27e+00      2.17e-02    2.14e-02      1.33e-01    1.35e-01    1.0e-03
   2484      4.25e+00    4.44e+00      7.17e-03    7.00e-03      1.34e-01    1.41e-01    1.0e-03
   2493      4.33e+00    4.28e+00      4.01e-03    4.40e-03      1.37e-01    1.35e-01    1.0e-03
   2502      4.29e+00    4.23e+00      1.23e-02    1.19e-02      1.36e-01    1.34e-01    1.0e-03
   2511      4.19e+00    4.31e+00      1.09e-02    1.09e-02      1.32e-01    1.36e-01    1.0e-03
   2520      4.28e+00    4.37e+00      3.46e-02    3.42e-02      1.35e-01    1.38e-01    1.0e-03
   2529      4.94e+00    5.08e+00      4.14e-02    4.17e-02      1.56e-01    1.61e-01    1.0e-03
   2538      4.75e+00    4.72e+00      2.28e-02    2.34e-02      1.50e-01    1.49e-01    1.0e-03
   2547      4.19e+00    4.23e+00      5.77e-03    6.18e-03      1.33e-01    1.34e-01    1.0e-03
   2556      4.34e+00    4.23e+00      3.43e-02    3.48e-02      1.37e-01    1.34e-01    1.0e-03
   2565      4.19e+00    4.40e+00      2.57e-03    2.60e-03      1.33e-01    1.39e-01    1.0e-03
   2574      4.45e+00    4.38e+00      1.41e-02    1.39e-02      1.41e-01    1.38e-01    1.0e-03
   2583      4.16e+00    4.32e+00      2.08e-03    2.29e-03      1.32e-01    1.37e-01    1.0e-03
   2592      4.08e+00    4.20e+00      4.90e-02    4.92e-02      1.29e-01    1.33e-01    1.0e-03
   2601      4.39e+00    4.24e+00      2.45e-02    2.46e-02      1.39e-01    1.34e-01    1.0e-03
   2610      4.15e+00    4.39e+00      2.97e-02    2.94e-02      1.31e-01    1.39e-01    1.0e-03
   2619      4.34e+00    4.13e+00      9.93e-03    1.02e-02      1.37e-01    1.31e-01    1.0e-03
   2628      4.33e+00    4.23e+00      2.78e-02    2.73e-02      1.37e-01    1.34e-01    1.0e-03
   2637      4.21e+00    4.31e+00      2.56e-02    2.54e-02      1.33e-01    1.36e-01    1.0e-03
   2646      4.44e+00    4.39e+00      3.13e-03    3.49e-03      1.40e-01    1.39e-01    1.0e-03
   2655      4.33e+00    4.35e+00      1.65e-02    1.70e-02      1.37e-01    1.38e-01    1.0e-03
   2664      4.23e+00    4.39e+00      1.30e-02    1.32e-02      1.34e-01    1.39e-01    1.0e-03
   2673      4.28e+00    4.31e+00      2.05e-02    2.02e-02      1.35e-01    1.36e-01    1.0e-03
   2682      4.04e+00    4.10e+00      8.77e-03    9.75e-03      1.28e-01    1.30e-01    1.0e-03
   2691      4.41e+00    4.29e+00      2.72e-02    2.70e-02      1.40e-01    1.36e-01    1.0e-03
   2700      4.28e+00    4.43e+00      2.53e-03    2.89e-03      1.35e-01    1.40e-01    1.0e-03
   2709      4.47e+00    4.37e+00      1.76e-02    1.79e-02      1.41e-01    1.38e-01    1.0e-03
   2718      4.41e+00    4.43e+00      7.40e-03    7.25e-03      1.40e-01    1.40e-01    1.0e-03
   2727      4.31e+00    4.33e+00      1.76e-02    1.73e-02      1.36e-01    1.37e-01    1.0e-03
   2736      4.37e+00    4.53e+00      3.06e-02    3.11e-02      1.38e-01    1.43e-01    1.0e-03
   2745      4.41e+00    4.63e+00      5.09e-02    5.14e-02      1.40e-01    1.46e-01    1.0e-03
   2754      4.46e+00    4.39e+00      5.19e-02    5.25e-02      1.41e-01    1.39e-01    1.0e-03
   2763      4.07e+00    4.25e+00      1.82e-02    1.80e-02      1.29e-01    1.34e-01    1.0e-03
   2772      4.37e+00    4.36e+00      7.92e-04    1.40e-03      1.38e-01    1.38e-01    1.0e-03
   2781      4.18e+00    4.26e+00      1.46e-03    1.56e-03      1.32e-01    1.35e-01    1.0e-03
   2790      4.17e+00    4.24e+00      1.30e-02    1.33e-02      1.32e-01    1.34e-01    1.0e-03
   2799      5.00e+00    5.08e+00      2.13e-02    2.12e-02      1.58e-01    1.61e-01    1.0e-03
   2808      4.71e+00    4.79e+00      7.10e-02    7.09e-02      1.49e-01    1.51e-01    1.0e-03
   2817      4.35e+00    4.50e+00      3.22e-02    3.22e-02      1.38e-01    1.42e-01    1.0e-03
   2826      4.06e+00    4.27e+00      1.56e-02    1.56e-02      1.29e-01    1.35e-01    1.0e-03
   2835      4.23e+00    4.15e+00      4.82e-03    5.37e-03      1.34e-01    1.31e-01    1.0e-03
   2844      4.22e+00    4.37e+00      4.72e-03    4.48e-03      1.33e-01    1.38e-01    1.0e-03
   2853      4.43e+00    4.36e+00      2.64e-02    2.64e-02      1.40e-01    1.38e-01    1.0e-03
   2862      4.50e+00    4.34e+00      1.19e-02    1.17e-02      1.42e-01    1.37e-01    1.0e-03
   2871      3.99e+00    4.09e+00      2.28e-03    2.77e-03      1.26e-01    1.29e-01    1.0e-03
   2880      4.47e+00    4.71e+00      1.21e-02    1.26e-02      1.41e-01    1.49e-01    1.0e-03
   2889      4.51e+00    4.49e+00      5.57e-02    5.54e-02      1.43e-01    1.42e-01    1.0e-03
   2898      4.57e+00    4.55e+00      2.87e-02    2.90e-02      1.44e-01    1.44e-01    1.0e-03
   2907      4.45e+00    4.53e+00      3.40e-02    3.36e-02      1.41e-01    1.43e-01    1.0e-03
   2916      4.15e+00    4.23e+00      1.63e-02    1.63e-02      1.31e-01    1.34e-01    1.0e-03
   2925      4.17e+00    4.18e+00      4.27e-03    4.37e-03      1.32e-01    1.32e-01    1.0e-03
   2934      4.18e+00    4.33e+00      1.87e-02    1.87e-02      1.32e-01    1.37e-01    1.0e-03
   2943      4.12e+00    4.38e+00      2.58e-02    2.56e-02      1.30e-01    1.38e-01    1.0e-03
   2952      4.30e+00    4.17e+00      3.01e-02    3.01e-02      1.36e-01    1.32e-01    1.0e-03
   2961      4.16e+00    4.35e+00      1.97e-02    2.00e-02      1.32e-01    1.37e-01    1.0e-03
   2970      4.11e+00    4.22e+00      1.33e-02    1.35e-02      1.30e-01    1.33e-01    1.0e-03
   2979      4.18e+00    4.34e+00      2.20e-02    2.22e-02      1.32e-01    1.37e-01    1.0e-03
   2988      4.22e+00    4.34e+00      2.79e-02    2.80e-02      1.33e-01    1.37e-01    1.0e-03
   2997      4.23e+00    4.29e+00      5.25e-02    5.23e-02      1.34e-01    1.36e-01    1.0e-03
   3006      4.19e+00    4.06e+00      1.46e-02    1.46e-02      1.32e-01    1.28e-01    1.0e-03
   3015      5.37e+00    5.48e+00      1.86e-02    1.94e-02      1.70e-01    1.73e-01    1.0e-03
   3024      4.21e+00    4.24e+00      2.23e-02    2.24e-02      1.33e-01    1.34e-01    1.0e-03
   3033      4.86e+00    4.69e+00      1.27e-02    1.32e-02      1.54e-01    1.48e-01    1.0e-03
   3042      4.25e+00    3.94e+00      6.51e-02    6.47e-02      1.35e-01    1.25e-01    1.0e-03
   3051      4.24e+00    4.40e+00      9.27e-02    9.30e-02      1.34e-01    1.39e-01    1.0e-03
   3060      4.08e+00    4.29e+00      1.21e-02    1.22e-02      1.29e-01    1.36e-01    1.0e-03
   3069      4.14e+00    4.16e+00      3.08e-02    3.11e-02      1.31e-01    1.32e-01    1.0e-03
   3078      4.07e+00    4.25e+00      1.66e-03    2.02e-03      1.29e-01    1.35e-01    1.0e-03
   3087      4.15e+00    4.16e+00      2.32e-02    2.34e-02      1.31e-01    1.32e-01    1.0e-03
   3096      4.41e+00    4.58e+00      3.20e-02    3.24e-02      1.39e-01    1.45e-01    1.0e-03
   3105      4.64e+00    4.59e+00      9.54e-03    1.01e-02      1.47e-01    1.45e-01    1.0e-03
   3114      4.63e+00    4.55e+00      1.33e-02    1.26e-02      1.46e-01    1.44e-01    1.0e-03
   3123      4.08e+00    4.13e+00      3.28e-02    3.27e-02      1.29e-01    1.31e-01    1.0e-03
   3132      4.32e+00    4.27e+00      2.90e-02    2.91e-02      1.37e-01    1.35e-01    1.0e-03
   3141      4.11e+00    4.24e+00      1.54e-02    1.60e-02      1.30e-01    1.34e-01    1.0e-03
   3150      4.14e+00    4.20e+00      4.18e-03    4.42e-03      1.31e-01    1.33e-01    1.0e-03
   3159      4.27e+00    4.29e+00      2.97e-02    3.03e-02      1.35e-01    1.36e-01    1.0e-03
   3168      4.34e+00    4.39e+00      8.18e-03    8.51e-03      1.37e-01    1.39e-01    1.0e-03
   3177      4.23e+00    4.25e+00      7.79e-03    7.44e-03      1.34e-01    1.34e-01    1.0e-03
   3186      4.11e+00    4.19e+00      3.66e-02    3.67e-02      1.30e-01    1.32e-01    1.0e-03
   3195      4.15e+00    4.17e+00      2.19e-02    2.19e-02      1.31e-01    1.32e-01    1.0e-03
   3204      4.36e+00    4.32e+00      3.59e-03    4.20e-03      1.38e-01    1.36e-01    1.0e-03
   3213      4.24e+00    4.18e+00      4.18e-02    4.14e-02      1.34e-01    1.32e-01    1.0e-03
   3222      4.24e+00    4.15e+00      1.62e-02    1.69e-02      1.34e-01    1.31e-01    1.0e-03
   3231      4.02e+00    4.24e+00      5.13e-03    5.44e-03      1.27e-01    1.34e-01    1.0e-03
   3240      4.22e+00    4.08e+00      1.21e-02    1.19e-02      1.34e-01    1.29e-01    1.0e-03
   3249      4.16e+00    4.30e+00      8.61e-03    8.89e-03      1.32e-01    1.36e-01    1.0e-03
   3258      4.39e+00    4.47e+00      2.79e-03    2.36e-03      1.39e-01    1.41e-01    1.0e-03
   3267      4.05e+00    4.13e+00      1.43e-03    1.69e-03      1.28e-01    1.31e-01    1.0e-03
   3276      4.22e+00    4.14e+00      1.35e-02    1.31e-02      1.34e-01    1.31e-01    1.0e-03
   3285      4.09e+00    4.38e+00      2.59e-02    2.56e-02      1.29e-01    1.39e-01    1.0e-03
   3294      4.42e+00    4.19e+00      1.29e-02    1.25e-02      1.40e-01    1.33e-01    1.0e-03
   3303      4.05e+00    4.21e+00      1.37e-02    1.40e-02      1.28e-01    1.33e-01    1.0e-03
   3312      4.23e+00    4.36e+00      3.40e-02    3.35e-02      1.34e-01    1.38e-01    1.0e-03
   3321      4.18e+00    4.06e+00      1.48e-02    1.48e-02      1.32e-01    1.28e-01    1.0e-03
   3330      4.41e+00    4.26e+00      1.75e-02    1.67e-02      1.40e-01    1.35e-01    1.0e-03
   3339      4.00e+00    4.19e+00      9.19e-03    9.65e-03      1.26e-01    1.32e-01    1.0e-03
   3348      4.12e+00    4.12e+00      2.46e-02    2.49e-02      1.30e-01    1.30e-01    1.0e-03
   3357      4.09e+00    4.07e+00      2.59e-02    2.59e-02      1.29e-01    1.29e-01    1.0e-03
   3366      4.24e+00    4.05e+00      5.42e-03    5.30e-03      1.34e-01    1.28e-01    1.0e-03
   3375      3.90e+00    3.99e+00      3.63e-02    3.62e-02      1.23e-01    1.26e-01    1.0e-03
   3384      3.97e+00    4.29e+00      2.22e-03    2.43e-03      1.25e-01    1.36e-01    1.0e-03
   3393      4.25e+00    4.10e+00      1.26e-02    1.22e-02      1.34e-01    1.30e-01    1.0e-03
   3402      4.34e+00    4.32e+00      1.52e-02    1.53e-02      1.37e-01    1.37e-01    1.0e-03
   3411      4.17e+00    4.21e+00      2.94e-02    2.99e-02      1.32e-01    1.33e-01    1.0e-03
   3420      4.32e+00    4.48e+00      1.07e-02    1.08e-02      1.37e-01    1.42e-01    1.0e-03
   3429      4.16e+00    4.11e+00      8.52e-03    8.45e-03      1.31e-01    1.30e-01    1.0e-03
   3438      3.89e+00    4.00e+00      5.52e-03    5.78e-03      1.23e-01    1.26e-01    1.0e-03
   3447      4.14e+00    3.95e+00      1.41e-02    1.45e-02      1.31e-01    1.25e-01    1.0e-03
   3456      4.02e+00    4.01e+00      2.28e-02    2.23e-02      1.27e-01    1.27e-01    1.0e-03
   3465      4.51e+00    4.35e+00      3.71e-03    4.20e-03      1.43e-01    1.37e-01    1.0e-03
   3474      4.66e+00    4.49e+00      1.62e-02    1.58e-02      1.47e-01    1.42e-01    1.0e-03
   3483      3.94e+00    4.28e+00      5.48e-03    5.43e-03      1.25e-01    1.35e-01    1.0e-03
   3492      5.08e+00    5.18e+00      5.43e-03    4.93e-03      1.60e-01    1.64e-01    1.0e-03
   3501      4.19e+00    4.15e+00      5.86e-02    5.87e-02      1.32e-01    1.31e-01    1.0e-03
   3510      4.17e+00    4.25e+00      4.89e-02    4.94e-02      1.32e-01    1.34e-01    1.0e-03
   3519      4.10e+00    4.21e+00      8.52e-02    8.52e-02      1.30e-01    1.33e-01    1.0e-03
   3528      4.01e+00    4.04e+00      4.39e-02    4.33e-02      1.27e-01    1.28e-01    1.0e-03
   3537      4.46e+00    4.32e+00      2.01e-02    2.01e-02      1.41e-01    1.36e-01    1.0e-03
   3546      4.26e+00    4.19e+00      3.17e-02    3.17e-02      1.35e-01    1.33e-01    1.0e-03
   3555      4.40e+00    4.36e+00      5.82e-03    5.88e-03      1.39e-01    1.38e-01    1.0e-03
   3564      4.56e+00    4.63e+00      9.88e-03    9.93e-03      1.44e-01    1.46e-01    1.0e-03
   3573      4.12e+00    4.00e+00      3.57e-02    3.55e-02      1.30e-01    1.26e-01    1.0e-03
   3582      4.14e+00    4.05e+00      4.03e-03    4.14e-03      1.31e-01    1.28e-01    1.0e-03
   3591      3.98e+00    3.93e+00      1.12e-02    1.05e-02      1.26e-01    1.24e-01    1.0e-03
   3600      4.18e+00    4.23e+00      1.11e-02    1.10e-02      1.32e-01    1.34e-01    1.0e-03
   3609      4.05e+00    4.02e+00      1.65e-02    1.64e-02      1.28e-01    1.27e-01    1.0e-03
   3618      4.26e+00    4.24e+00      2.25e-02    2.22e-02      1.35e-01    1.34e-01    1.0e-03
   3627      3.96e+00    3.98e+00      1.66e-02    1.62e-02      1.25e-01    1.26e-01    1.0e-03
   3636      4.09e+00    3.86e+00      9.75e-03    8.90e-03      1.29e-01    1.22e-01    1.0e-03
   3645      3.94e+00    4.09e+00      1.50e-02    1.51e-02      1.25e-01    1.29e-01    1.0e-03
   3654      3.83e+00    3.89e+00      2.63e-02    2.66e-02      1.21e-01    1.23e-01    1.0e-03
   3663      4.26e+00    4.16e+00      2.88e-02    2.85e-02      1.35e-01    1.31e-01    1.0e-03
   3672      4.63e+00    4.67e+00      6.37e-02    6.36e-02      1.47e-01    1.48e-01    1.0e-03
   3681      4.53e+00    4.49e+00      2.86e-02    2.84e-02      1.43e-01    1.42e-01    1.0e-03
   3690      3.90e+00    4.15e+00      3.74e-03    4.04e-03      1.23e-01    1.31e-01    1.0e-03
   3699      4.06e+00    4.15e+00      1.23e-02    1.23e-02      1.28e-01    1.31e-01    1.0e-03
   3708      3.91e+00    4.12e+00      3.92e-02    3.95e-02      1.24e-01    1.30e-01    1.0e-03
   3717      4.08e+00    4.16e+00      9.69e-03    9.95e-03      1.29e-01    1.32e-01    1.0e-03
   3726      4.09e+00    4.19e+00      7.75e-03    8.19e-03      1.29e-01    1.32e-01    1.0e-03
   3735      4.18e+00    4.06e+00      3.73e-02    3.68e-02      1.32e-01    1.28e-01    1.0e-03
   3744      4.29e+00    4.23e+00      2.63e-02    2.70e-02      1.36e-01    1.34e-01    1.0e-03
   3753      3.86e+00    4.04e+00      1.04e-02    1.08e-02      1.22e-01    1.28e-01    1.0e-03
   3762      4.12e+00    4.22e+00      2.29e-02    2.31e-02      1.30e-01    1.33e-01    1.0e-03
   3771      4.27e+00    4.20e+00      3.03e-02    3.01e-02      1.35e-01    1.33e-01    1.0e-03
   3780      4.65e+00    4.68e+00      4.82e-02    4.81e-02      1.47e-01    1.48e-01    1.0e-03
   3789      4.24e+00    4.40e+00      8.98e-02    8.95e-02      1.34e-01    1.39e-01    1.0e-03
   3798      4.00e+00    4.07e+00      5.42e-03    5.73e-03      1.26e-01    1.29e-01    1.0e-03
   3807      4.03e+00    4.16e+00      7.24e-02    7.25e-02      1.27e-01    1.31e-01    1.0e-03
   3816      4.19e+00    4.29e+00      2.40e-02    2.36e-02      1.32e-01    1.36e-01    1.0e-03
   3825      4.20e+00    4.17e+00      9.03e-03    8.75e-03      1.33e-01    1.32e-01    1.0e-03
   3834      4.39e+00    4.55e+00      2.04e-02    2.04e-02      1.39e-01    1.44e-01    1.0e-03
   3843      4.13e+00    4.21e+00      4.64e-02    4.64e-02      1.31e-01    1.33e-01    1.0e-03
   3852      3.93e+00    4.02e+00      3.22e-02    3.27e-02      1.24e-01    1.27e-01    1.0e-03
   3861      3.96e+00    4.02e+00      1.24e-02    1.22e-02      1.25e-01    1.27e-01    1.0e-03
   3870      4.16e+00    4.13e+00      2.65e-02    2.64e-02      1.32e-01    1.31e-01    1.0e-03
   3879      4.12e+00    4.20e+00      4.83e-03    4.68e-03      1.30e-01    1.33e-01    1.0e-03
   3888      4.02e+00    3.93e+00      1.55e-02    1.54e-02      1.27e-01    1.24e-01    1.0e-03
   3897      4.12e+00    4.00e+00      1.86e-02    1.91e-02      1.30e-01    1.27e-01    1.0e-03
   3906      3.95e+00    4.04e+00      2.11e-02    2.13e-02      1.25e-01    1.28e-01    1.0e-03
   3915      4.76e+00    4.80e+00      1.22e-02    1.22e-02      1.50e-01    1.52e-01    1.0e-03
   3924      4.24e+00    4.49e+00      1.23e-02    1.25e-02      1.34e-01    1.42e-01    1.0e-03
   3933      4.24e+00    4.26e+00      8.61e-03    8.41e-03      1.34e-01    1.35e-01    1.0e-03
   3942      4.25e+00    4.32e+00      3.21e-02    3.21e-02      1.34e-01    1.37e-01    1.0e-03
   3951      4.17e+00    4.06e+00      2.65e-02    2.63e-02      1.32e-01    1.28e-01    1.0e-03
   3960      4.16e+00    4.11e+00      3.58e-02    3.59e-02      1.32e-01    1.30e-01    1.0e-03
   3969      3.95e+00    4.27e+00      1.57e-03    2.17e-03      1.25e-01    1.35e-01    1.0e-03
   3978      4.09e+00    3.94e+00      2.63e-02    2.58e-02      1.29e-01    1.24e-01    1.0e-03
   3987      3.93e+00    4.38e+00      9.72e-03    9.83e-03      1.24e-01    1.38e-01    1.0e-03
   3996      4.07e+00    4.04e+00      9.52e-03    9.17e-03      1.29e-01    1.28e-01    1.0e-03
   4005      3.95e+00    3.91e+00      5.50e-02    5.54e-02      1.25e-01    1.24e-01    1.0e-03
   4014      4.22e+00    4.29e+00      6.44e-03    6.41e-03      1.33e-01    1.36e-01    1.0e-03
   4023      4.17e+00    4.28e+00      1.09e-02    1.07e-02      1.32e-01    1.35e-01    1.0e-03
   4032      4.06e+00    4.31e+00      4.08e-02    4.10e-02      1.28e-01    1.36e-01    1.0e-03
   4041      4.12e+00    4.15e+00      1.97e-02    1.98e-02      1.30e-01    1.31e-01    1.0e-03
   4050      3.87e+00    4.18e+00      1.05e-02    1.02e-02      1.22e-01    1.32e-01    1.0e-03
   4059      4.11e+00    4.04e+00      1.26e-02    1.25e-02      1.30e-01    1.28e-01    1.0e-03
   4068      4.15e+00    4.14e+00      3.13e-02    3.13e-02      1.31e-01    1.31e-01    1.0e-03
   4077      3.83e+00    3.90e+00      7.89e-03    8.22e-03      1.21e-01    1.23e-01    1.0e-03
   4086      4.16e+00    4.02e+00      2.12e-02    2.11e-02      1.32e-01    1.27e-01    1.0e-03
   4095      3.96e+00    4.05e+00      3.80e-03    3.59e-03      1.25e-01    1.28e-01    1.0e-03
   4104      4.00e+00    4.02e+00      7.64e-03    7.86e-03      1.26e-01    1.27e-01    1.0e-03
   4113      4.02e+00    3.89e+00      5.39e-02    5.35e-02      1.27e-01    1.23e-01    1.0e-03
   4122      4.10e+00    4.22e+00      4.53e-02    4.52e-02      1.30e-01    1.33e-01    1.0e-03
   4131      4.18e+00    4.18e+00      1.93e-02    1.99e-02      1.32e-01    1.32e-01    1.0e-03
   4140      4.72e+00    4.69e+00      1.15e-02    1.14e-02      1.49e-01    1.48e-01    1.0e-03
   4149      4.26e+00    4.23e+00      4.34e-02    4.35e-02      1.35e-01    1.34e-01    1.0e-03
   4158      4.07e+00    4.22e+00      5.33e-03    5.24e-03      1.29e-01    1.34e-01    1.0e-03
   4167      4.11e+00    4.04e+00      6.00e-03    6.68e-03      1.30e-01    1.28e-01    1.0e-03
   4176      4.20e+00    4.09e+00      2.19e-02    2.19e-02      1.33e-01    1.29e-01    1.0e-03
   4185      3.95e+00    3.98e+00      2.16e-03    2.60e-03      1.25e-01    1.26e-01    1.0e-03
   4194      4.01e+00    4.12e+00      1.61e-02    1.61e-02      1.27e-01    1.30e-01    1.0e-03
   4203      3.97e+00    4.22e+00      4.96e-02    4.98e-02      1.25e-01    1.34e-01    1.0e-03
   4212      4.17e+00    4.13e+00      3.33e-02    3.36e-02      1.32e-01    1.31e-01    1.0e-03
   4221      3.87e+00    4.14e+00      2.24e-02    2.24e-02      1.22e-01    1.31e-01    1.0e-03
   4230      4.08e+00    4.18e+00      4.14e-02    4.16e-02      1.29e-01    1.32e-01    1.0e-03
   4239      4.11e+00    4.13e+00      1.18e-02    1.22e-02      1.30e-01    1.31e-01    1.0e-03
   4248      4.08e+00    4.15e+00      5.91e-03    6.08e-03      1.29e-01    1.31e-01    1.0e-03
   4257      4.78e+00    4.82e+00      2.83e-03    3.36e-03      1.51e-01    1.52e-01    1.0e-03
   4266      4.46e+00    4.55e+00      2.47e-02    2.49e-02      1.41e-01    1.44e-01    1.0e-03
   4275      3.94e+00    3.91e+00      1.41e-02    1.44e-02      1.25e-01    1.24e-01    1.0e-03
   4284      4.14e+00    4.26e+00      3.94e-03    4.09e-03      1.31e-01    1.35e-01    1.0e-03
   4293      4.10e+00    3.99e+00      2.28e-02    2.28e-02      1.30e-01    1.26e-01    1.0e-03
   4302      3.81e+00    3.95e+00      1.34e-02    1.33e-02      1.20e-01    1.25e-01    1.0e-03
   4311      4.04e+00    4.02e+00      8.13e-03    8.19e-03      1.28e-01    1.27e-01    1.0e-03
   4320      4.06e+00    3.98e+00      7.60e-03    7.43e-03      1.28e-01    1.26e-01    1.0e-03
   4329      3.90e+00    3.85e+00      1.35e-02    1.38e-02      1.23e-01    1.22e-01    1.0e-03
   4338      4.00e+00    3.91e+00      6.45e-03    6.31e-03      1.27e-01    1.24e-01    1.0e-03
   4347      3.94e+00    4.08e+00      2.14e-02    2.10e-02      1.25e-01    1.29e-01    1.0e-03
   4356      4.60e+00    4.56e+00      1.84e-02    1.86e-02      1.45e-01    1.44e-01    1.0e-03
   4365      4.01e+00    4.15e+00      5.18e-02    5.17e-02      1.27e-01    1.31e-01    1.0e-03
   4374      3.90e+00    3.98e+00      1.50e-03    1.90e-03      1.23e-01    1.26e-01    1.0e-03
   4383      3.99e+00    3.93e+00      1.01e-02    1.01e-02      1.26e-01    1.24e-01    1.0e-03
   4392      4.18e+00    4.19e+00      8.79e-04    1.56e-03      1.32e-01    1.33e-01    1.0e-03
   4401      4.10e+00    4.14e+00      3.82e-02    3.77e-02      1.30e-01    1.31e-01    1.0e-03
   4410      3.94e+00    3.92e+00      1.43e-02    1.40e-02      1.25e-01    1.24e-01    1.0e-03
   4419      4.05e+00    3.75e+00      2.95e-02    2.90e-02      1.28e-01    1.19e-01    1.0e-03
   4428      4.00e+00    4.05e+00      6.59e-03    6.49e-03      1.27e-01    1.28e-01    1.0e-03
   4437      4.28e+00    4.14e+00      4.58e-03    5.29e-03      1.35e-01    1.31e-01    1.0e-03
   4446      4.22e+00    4.13e+00      6.10e-03    5.51e-03      1.34e-01    1.31e-01    1.0e-03
   4455      3.88e+00    3.97e+00      4.30e-02    4.31e-02      1.23e-01    1.25e-01    1.0e-03
   4464      4.10e+00    4.08e+00      5.40e-03    4.89e-03      1.30e-01    1.29e-01    1.0e-03
   4473      4.28e+00    4.40e+00      1.37e-02    1.40e-02      1.35e-01    1.39e-01    1.0e-03
   4482      3.93e+00    4.01e+00      3.38e-02    3.37e-02      1.24e-01    1.27e-01    1.0e-03
   4491      4.07e+00    4.02e+00      1.61e-02    1.64e-02      1.29e-01    1.27e-01    1.0e-03
   4500      4.04e+00    3.90e+00      3.09e-03    3.09e-03      1.28e-01    1.23e-01    1.0e-03
   4509      3.81e+00    3.93e+00      6.73e-03    6.46e-03      1.20e-01    1.24e-01    1.0e-03
   4518      3.93e+00    3.97e+00      1.16e-02    1.15e-02      1.24e-01    1.26e-01    1.0e-03
   4527      3.92e+00    3.96e+00      6.99e-03    7.17e-03      1.24e-01    1.25e-01    1.0e-03
   4536      3.85e+00    3.97e+00      4.49e-02    4.50e-02      1.22e-01    1.26e-01    1.0e-03
   4545      4.10e+00    4.00e+00      2.03e-02    2.06e-02      1.30e-01    1.27e-01    1.0e-03
   4554      3.89e+00    3.99e+00      1.60e-02    1.61e-02      1.23e-01    1.26e-01    1.0e-03
   4563      3.92e+00    3.91e+00      1.24e-02    1.22e-02      1.24e-01    1.24e-01    1.0e-03
   4572      4.20e+00    4.14e+00      2.21e-02    2.16e-02      1.33e-01    1.31e-01    1.0e-03
   4581      3.89e+00    3.98e+00      1.05e-03    1.22e-03      1.23e-01    1.26e-01    1.0e-03
   4590      3.98e+00    3.99e+00      1.56e-02    1.52e-02      1.26e-01    1.26e-01    1.0e-03
   4599      3.86e+00    3.89e+00      1.41e-02    1.41e-02      1.22e-01    1.23e-01    1.0e-03
   4608      4.01e+00    3.77e+00      7.02e-03    7.05e-03      1.27e-01    1.19e-01    1.0e-03
   4617      3.87e+00    3.91e+00      4.40e-03    5.05e-03      1.22e-01    1.23e-01    1.0e-03
   4626      4.01e+00    4.07e+00      4.52e-03    4.37e-03      1.27e-01    1.29e-01    1.0e-03
   4635      4.33e+00    4.32e+00      2.90e-02    2.88e-02      1.37e-01    1.37e-01    1.0e-03
   4644      4.40e+00    4.31e+00      2.09e-02    2.13e-02      1.39e-01    1.36e-01    1.0e-03
   4653      3.89e+00    3.84e+00      1.89e-02    1.92e-02      1.23e-01    1.21e-01    1.0e-03
   4662      3.91e+00    4.04e+00      1.01e-02    1.03e-02      1.24e-01    1.28e-01    1.0e-03
   4671      3.81e+00    3.94e+00      1.22e-02    1.23e-02      1.21e-01    1.25e-01    1.0e-03
   4680      3.91e+00    3.88e+00      1.51e-02    1.47e-02      1.24e-01    1.23e-01    1.0e-03
   4689      3.81e+00    3.90e+00      8.38e-03    9.03e-03      1.20e-01    1.23e-01    1.0e-03
   4698      3.95e+00    3.85e+00      2.47e-03    2.30e-03      1.25e-01    1.22e-01    1.0e-03
   4707      3.73e+00    3.81e+00      1.64e-02    1.63e-02      1.18e-01    1.20e-01    1.0e-03
   4716      3.95e+00    4.11e+00      1.06e-02    1.07e-02      1.25e-01    1.30e-01    1.0e-03
   4725      4.16e+00    3.95e+00      8.51e-03    7.84e-03      1.32e-01    1.25e-01    1.0e-03
   4734      4.03e+00    3.88e+00      2.97e-03    3.61e-03      1.28e-01    1.23e-01    1.0e-03
   4743      4.48e+00    4.56e+00      2.03e-02    2.02e-02      1.42e-01    1.44e-01    1.0e-03
   4752      4.23e+00    4.45e+00      3.77e-03    4.17e-03      1.34e-01    1.41e-01    1.0e-03
   4761      4.42e+00    4.25e+00      2.68e-02    2.73e-02      1.40e-01    1.34e-01    1.0e-03
   4770      3.98e+00    3.92e+00      5.79e-02    5.84e-02      1.26e-01    1.24e-01    1.0e-03
   4779      3.79e+00    3.88e+00      1.54e-02    1.54e-02      1.20e-01    1.23e-01    1.0e-03
   4788      4.22e+00    4.16e+00      1.44e-02    1.41e-02      1.34e-01    1.32e-01    1.0e-03
   4797      4.13e+00    4.17e+00      4.47e-02    4.44e-02      1.31e-01    1.32e-01    1.0e-03
   4806      3.83e+00    3.93e+00      1.17e-02    1.14e-02      1.21e-01    1.24e-01    1.0e-03
   4815      3.91e+00    4.08e+00      7.93e-03    8.00e-03      1.24e-01    1.29e-01    1.0e-03
   4824      4.04e+00    3.91e+00      1.79e-02    1.74e-02      1.28e-01    1.24e-01    1.0e-03
   4833      4.06e+00    4.01e+00      9.44e-03    9.72e-03      1.28e-01    1.27e-01    1.0e-03
   4842      4.02e+00    4.12e+00      1.41e-02    1.44e-02      1.27e-01    1.30e-01    1.0e-03
   4851      3.95e+00    4.00e+00      2.16e-02    2.18e-02      1.25e-01    1.27e-01    1.0e-03
   4860      3.94e+00    3.92e+00      7.29e-02    7.28e-02      1.25e-01    1.24e-01    1.0e-03
   4869      3.99e+00    3.84e+00      1.29e-02    1.33e-02      1.26e-01    1.21e-01    1.0e-03
   4878      3.90e+00    3.96e+00      5.94e-02    5.89e-02      1.23e-01    1.25e-01    1.0e-03
   4887      3.82e+00    3.75e+00      7.19e-02    7.24e-02      1.21e-01    1.18e-01    1.0e-03
   4896      4.03e+00    4.15e+00      1.79e-02    1.75e-02      1.27e-01    1.31e-01    1.0e-03
   4905      4.12e+00    4.08e+00      2.66e-02    2.68e-02      1.30e-01    1.29e-01    1.0e-03
   4914      3.94e+00    3.96e+00      1.74e-02    1.78e-02      1.24e-01    1.25e-01    1.0e-03
   4923      3.87e+00    3.92e+00      1.18e-02    1.14e-02      1.22e-01    1.24e-01    1.0e-03
   4932      3.91e+00    3.87e+00      7.07e-03    7.80e-03      1.24e-01    1.22e-01    1.0e-03
   4941      3.76e+00    3.76e+00      1.19e-02    1.24e-02      1.19e-01    1.19e-01    1.0e-03
   4950      3.99e+00    3.79e+00      9.15e-03    9.88e-03      1.26e-01    1.20e-01    1.0e-03
   4959      3.76e+00    3.88e+00      2.10e-02    2.10e-02      1.19e-01    1.23e-01    1.0e-03
   4968      4.82e+00    4.87e+00      6.08e-02    6.07e-02      1.52e-01    1.54e-01    1.0e-03
   4977      3.80e+00    3.90e+00      3.72e-03    3.93e-03      1.20e-01    1.23e-01    1.0e-03
   4986      4.04e+00    4.24e+00      2.34e-02    2.33e-02      1.28e-01    1.34e-01    1.0e-03
   4995      3.93e+00    3.76e+00      1.23e-02    1.23e-02      1.24e-01    1.19e-01    1.0e-03
   5004      3.34e-01    3.32e-01      2.18e-02    2.14e-02      1.27e-01    1.27e-01    3.4e-06
   5013      2.48e-01    2.60e-01      1.01e-03    1.86e-03      1.19e-01    1.25e-01    3.4e-06
   5022      2.71e-01    2.72e-01      8.23e-03    8.56e-03      1.24e-01    1.25e-01    3.4e-06
   5031      2.53e-01    2.66e-01      2.22e-03    2.80e-03      1.21e-01    1.27e-01    3.4e-06
   5040      2.49e-01    2.65e-01      3.11e-03    3.18e-03      1.19e-01    1.26e-01    3.4e-06
   5049      2.64e-01    2.60e-01      2.17e-03    1.90e-03      1.26e-01    1.24e-01    3.4e-06
   5058      2.56e-01    2.56e-01      1.09e-03    1.26e-03      1.23e-01    1.23e-01    3.4e-06
   5067      2.56e-01    2.60e-01      9.75e-04    1.36e-03      1.23e-01    1.24e-01    3.4e-06
   5076      2.57e-01    2.59e-01      1.13e-03    1.17e-03      1.23e-01    1.24e-01    3.4e-06
   5085      2.58e-01    2.63e-01      9.35e-04    1.28e-03      1.24e-01    1.26e-01    3.4e-06
   5094      2.65e-01    2.61e-01      9.14e-04    1.51e-03      1.27e-01    1.25e-01    3.4e-06
   5103      2.45e-01    2.59e-01      1.07e-03    1.34e-03      1.17e-01    1.24e-01    3.4e-06
   5112      2.49e-01    2.53e-01      1.03e-03    1.40e-03      1.19e-01    1.21e-01    3.4e-06
   5121      2.63e-01    2.68e-01      9.42e-04    1.59e-03      1.26e-01    1.28e-01    3.4e-06
   5130      2.57e-01    2.56e-01      1.02e-03    1.47e-03      1.23e-01    1.23e-01    3.4e-06
   5139      2.52e-01    2.45e-01      8.06e-04    1.26e-03      1.21e-01    1.17e-01    3.4e-06
   5148      2.54e-01    2.64e-01      1.09e-03    1.45e-03      1.22e-01    1.26e-01    3.4e-06
   5157      2.52e-01    2.57e-01      9.27e-04    1.29e-03      1.21e-01    1.23e-01    3.4e-06
   5166      2.51e-01    2.53e-01      1.04e-03    1.43e-03      1.20e-01    1.21e-01    3.4e-06
   5175      2.60e-01    2.65e-01      9.11e-04    1.12e-03      1.24e-01    1.27e-01    3.4e-06
   5184      2.55e-01    2.56e-01      1.17e-03    1.43e-03      1.22e-01    1.23e-01    3.4e-06
   5193      2.51e-01    2.60e-01      7.89e-04    1.26e-03      1.20e-01    1.25e-01    3.4e-06
   5202      2.52e-01    2.62e-01      1.06e-03    1.33e-03      1.21e-01    1.26e-01    3.4e-06
   5211      2.58e-01    2.67e-01      9.71e-04    1.63e-03      1.23e-01    1.28e-01    3.4e-06
   5220      2.63e-01    2.51e-01      1.19e-03    1.33e-03      1.26e-01    1.20e-01    3.4e-06
   5229      2.48e-01    2.57e-01      7.78e-04    1.36e-03      1.19e-01    1.23e-01    3.4e-06
   5238      2.55e-01    2.54e-01      8.62e-04    1.31e-03      1.22e-01    1.22e-01    3.4e-06
   5247      2.55e-01    2.58e-01      1.13e-03    1.52e-03      1.22e-01    1.24e-01    3.4e-06
   5256      2.57e-01    2.58e-01      9.41e-04    1.41e-03      1.23e-01    1.24e-01    3.4e-06
   5265      2.53e-01    2.60e-01      1.09e-03    1.23e-03      1.21e-01    1.25e-01    3.4e-06
   5274      2.52e-01    2.57e-01      9.50e-04    1.33e-03      1.21e-01    1.23e-01    3.4e-06
   5283      2.59e-01    2.48e-01      1.08e-03    1.12e-03      1.24e-01    1.19e-01    3.4e-06
   5292      2.60e-01    2.62e-01      6.93e-04    1.56e-03      1.25e-01    1.26e-01    3.4e-06
   5301      2.50e-01    2.55e-01      1.23e-03    1.28e-03      1.20e-01    1.22e-01    3.4e-06
   5310      2.62e-01    2.59e-01      9.78e-04    1.51e-03      1.25e-01    1.24e-01    3.4e-06
   5319      2.47e-01    2.62e-01      1.08e-03    1.40e-03      1.18e-01    1.25e-01    3.4e-06
   5328      2.49e-01    2.55e-01      1.04e-03    1.36e-03      1.19e-01    1.22e-01    3.4e-06
   5337      2.60e-01    2.63e-01      9.66e-04    1.54e-03      1.24e-01    1.26e-01    3.4e-06
   5346      2.61e-01    2.61e-01      8.71e-04    1.45e-03      1.25e-01    1.25e-01    3.4e-06
   5355      2.49e-01    2.59e-01      1.14e-03    1.32e-03      1.19e-01    1.24e-01    3.4e-06
   5364      2.58e-01    2.54e-01      1.11e-03    1.44e-03      1.24e-01    1.22e-01    3.4e-06
   5373      2.51e-01    2.57e-01      8.73e-04    1.53e-03      1.20e-01    1.23e-01    3.4e-06
   5382      2.58e-01    2.60e-01      9.83e-04    1.35e-03      1.24e-01    1.24e-01    3.4e-06
   5391      2.49e-01    2.53e-01      1.04e-03    1.40e-03      1.19e-01    1.21e-01    3.4e-06
   5400      2.52e-01    2.52e-01      9.08e-04    1.44e-03      1.21e-01    1.21e-01    3.4e-06
   5409      2.48e-01    2.53e-01      9.75e-04    1.34e-03      1.19e-01    1.21e-01    3.4e-06
   5418      2.55e-01    2.52e-01      1.04e-03    1.47e-03      1.22e-01    1.21e-01    3.4e-06
   5427      2.53e-01    2.45e-01      9.85e-04    1.41e-03      1.21e-01    1.17e-01    3.4e-06
   5436      2.60e-01    2.57e-01      1.16e-03    1.56e-03      1.25e-01    1.23e-01    3.4e-06
   5445      2.48e-01    2.57e-01      8.70e-04    1.46e-03      1.19e-01    1.23e-01    3.4e-06
   5454      2.52e-01    2.51e-01      1.04e-03    1.27e-03      1.21e-01    1.20e-01    3.4e-06
   5463      2.54e-01    2.57e-01      9.75e-04    1.44e-03      1.22e-01    1.23e-01    3.4e-06
   5472      2.50e-01    2.60e-01      9.83e-04    1.41e-03      1.20e-01    1.25e-01    3.4e-06
   5481      2.54e-01    2.69e-01      9.49e-04    1.40e-03      1.22e-01    1.29e-01    3.4e-06
   5490      2.46e-01    2.58e-01      1.13e-03    1.46e-03      1.18e-01    1.24e-01    3.4e-06
   5499      2.56e-01    2.65e-01      8.84e-04    1.65e-03      1.23e-01    1.27e-01    3.4e-06
   5508      2.56e-01    2.66e-01      1.08e-03    1.73e-03      1.23e-01    1.28e-01    3.4e-06
   5517      2.51e-01    2.53e-01      9.24e-04    1.14e-03      1.20e-01    1.21e-01    3.4e-06
   5526      2.61e-01    2.52e-01      1.03e-03    1.22e-03      1.25e-01    1.21e-01    3.4e-06
   5535      2.47e-01    2.57e-01      9.59e-04    1.30e-03      1.18e-01    1.23e-01    3.4e-06
   5544      2.54e-01    2.53e-01      1.09e-03    1.26e-03      1.21e-01    1.21e-01    3.4e-06
   5553      2.49e-01    2.47e-01      9.19e-04    1.43e-03      1.19e-01    1.18e-01    3.4e-06
   5562      2.54e-01    2.66e-01      1.19e-03    1.05e-03      1.22e-01    1.28e-01    3.4e-06
   5571      2.54e-01    2.59e-01      6.94e-04    1.30e-03      1.22e-01    1.24e-01    3.4e-06
   5580      2.54e-01    2.62e-01      1.02e-03    1.22e-03      1.22e-01    1.26e-01    3.4e-06
   5589      2.52e-01    2.50e-01      1.03e-03    1.21e-03      1.21e-01    1.20e-01    3.4e-06
   5598      2.60e-01    2.57e-01      1.11e-03    1.31e-03      1.25e-01    1.23e-01    3.4e-06
   5607      2.44e-01    2.49e-01      8.65e-04    1.51e-03      1.17e-01    1.19e-01    3.4e-06
   5616      2.49e-01    2.47e-01      1.02e-03    1.39e-03      1.20e-01    1.18e-01    3.4e-06
   5625      2.57e-01    2.60e-01      9.70e-04    1.32e-03      1.23e-01    1.25e-01    3.4e-06
   5634      2.49e-01    2.62e-01      9.96e-04    1.57e-03      1.20e-01    1.25e-01    3.4e-06
   5643      2.53e-01    2.47e-01      9.38e-04    1.36e-03      1.21e-01    1.18e-01    3.4e-06
   5652      2.50e-01    2.57e-01      9.78e-04    1.14e-03      1.20e-01    1.23e-01    3.4e-06
   5661      2.55e-01    2.56e-01      9.90e-04    1.42e-03      1.22e-01    1.23e-01    3.4e-06
   5670      2.55e-01    2.42e-01      9.25e-04    1.40e-03      1.22e-01    1.16e-01    3.4e-06
   5679      2.52e-01    2.52e-01      1.01e-03    1.20e-03      1.21e-01    1.20e-01    3.4e-06
   5688      2.51e-01    2.45e-01      1.10e-03    1.34e-03      1.20e-01    1.18e-01    3.4e-06
   5697      2.52e-01    2.59e-01      8.92e-04    1.35e-03      1.21e-01    1.24e-01    3.4e-06
   5706      2.51e-01    2.53e-01      8.45e-04    1.42e-03      1.20e-01    1.21e-01    3.4e-06
   5715      2.52e-01    2.51e-01      1.15e-03    1.25e-03      1.21e-01    1.20e-01    3.4e-06
   5724      2.60e-01    2.50e-01      7.53e-04    1.57e-03      1.25e-01    1.20e-01    3.4e-06
   5733      2.42e-01    2.54e-01      1.16e-03    1.23e-03      1.16e-01    1.22e-01    3.4e-06
   5742      2.54e-01    2.46e-01      9.05e-04    1.54e-03      1.22e-01    1.18e-01    3.4e-06
   5751      2.52e-01    2.56e-01      1.12e-03    1.48e-03      1.21e-01    1.23e-01    3.4e-06
   5760      2.44e-01    2.52e-01      1.05e-03    1.59e-03      1.17e-01    1.20e-01    3.4e-06
   5769      2.59e-01    2.60e-01      9.34e-04    1.27e-03      1.24e-01    1.24e-01    3.4e-06
   5778      2.52e-01    2.54e-01      1.10e-03    1.31e-03      1.21e-01    1.22e-01    3.4e-06
   5787      2.49e-01    2.46e-01      8.21e-04    1.33e-03      1.19e-01    1.18e-01    3.4e-06
   5796      2.46e-01    2.63e-01      9.21e-04    1.68e-03      1.18e-01    1.26e-01    3.4e-06
   5805      2.60e-01    2.49e-01      1.06e-03    1.41e-03      1.25e-01    1.19e-01    3.4e-06
   5814      2.47e-01    2.42e-01      8.71e-04    1.31e-03      1.18e-01    1.16e-01    3.4e-06
   5823      2.57e-01    2.53e-01      1.12e-03    1.52e-03      1.23e-01    1.21e-01    3.4e-06
   5832      2.49e-01    2.56e-01      1.06e-03    1.21e-03      1.19e-01    1.23e-01    3.4e-06
   5841      2.57e-01    2.61e-01      8.99e-04    1.00e-03      1.23e-01    1.25e-01    3.4e-06
   5850      2.51e-01    2.57e-01      9.69e-04    1.25e-03      1.20e-01    1.23e-01    3.4e-06
   5859      2.54e-01    2.51e-01      1.03e-03    1.49e-03      1.22e-01    1.20e-01    3.4e-06
   5868      2.40e-01    2.59e-01      9.36e-04    1.37e-03      1.15e-01    1.24e-01    3.4e-06
   5877      2.65e-01    2.69e-01      1.08e-03    1.48e-03      1.27e-01    1.29e-01    3.4e-06
   5886      2.56e-01    2.54e-01      1.06e-03    1.22e-03      1.23e-01    1.22e-01    3.4e-06
   5895      2.48e-01    2.54e-01      9.38e-04    1.30e-03      1.19e-01    1.22e-01    3.4e-06
   5904      2.45e-01    2.62e-01      9.49e-04    1.24e-03      1.17e-01    1.25e-01    3.4e-06
   5913      2.54e-01    2.45e-01      1.06e-03    1.22e-03      1.22e-01    1.18e-01    3.4e-06
   5922      2.50e-01    2.44e-01      1.18e-03    1.41e-03      1.20e-01    1.17e-01    3.4e-06
   5931      2.53e-01    2.56e-01      7.97e-04    1.17e-03      1.21e-01    1.22e-01    3.4e-06
   5940      2.51e-01    2.52e-01      9.43e-04    1.40e-03      1.20e-01    1.21e-01    3.4e-06
   5949      2.52e-01    2.51e-01      9.90e-04    1.53e-03      1.21e-01    1.20e-01    3.4e-06
   5958      2.42e-01    2.61e-01      1.14e-03    1.45e-03      1.16e-01    1.25e-01    3.4e-06
   5967      2.57e-01    2.52e-01      8.59e-04    1.37e-03      1.23e-01    1.21e-01    3.4e-06
   5976      2.54e-01    2.49e-01      9.11e-04    1.27e-03      1.22e-01    1.19e-01    3.4e-06
   5985      2.49e-01    2.54e-01      1.09e-03    1.14e-03      1.19e-01    1.22e-01    3.4e-06
   5994      2.44e-01    2.50e-01      1.05e-03    1.21e-03      1.17e-01    1.20e-01    3.4e-06
   6003      2.53e-01    2.38e-01      9.47e-04    1.35e-03      1.22e-01    1.14e-01    3.4e-06
   6012      2.55e-01    2.62e-01      1.01e-03    1.63e-03      1.22e-01    1.26e-01    3.4e-06
   6021      2.48e-01    2.55e-01      9.74e-04    1.43e-03      1.19e-01    1.22e-01    3.4e-06
   6030      2.60e-01    2.55e-01      1.12e-03    1.52e-03      1.25e-01    1.22e-01    3.4e-06
   6039      2.43e-01    2.52e-01      9.18e-04    1.41e-03      1.16e-01    1.20e-01    3.4e-06
   6048      2.53e-01    2.48e-01      1.02e-03    1.53e-03      1.21e-01    1.19e-01    3.4e-06
   6057      2.50e-01    2.58e-01      9.65e-04    1.10e-03      1.20e-01    1.24e-01    3.4e-06
   6066      2.54e-01    2.57e-01      1.10e-03    1.20e-03      1.22e-01    1.23e-01    3.4e-06
   6075      2.51e-01    2.51e-01      8.63e-04    1.36e-03      1.20e-01    1.20e-01    3.4e-06
   6084      2.59e-01    2.46e-01      9.91e-04    1.38e-03      1.24e-01    1.18e-01    3.4e-06
   6093      2.44e-01    2.43e-01      1.02e-03    1.10e-03      1.17e-01    1.16e-01    3.4e-06
   6102      2.52e-01    2.56e-01      9.11e-04    1.29e-03      1.21e-01    1.23e-01    3.4e-06
   6111      2.47e-01    2.59e-01      9.07e-04    1.13e-03      1.19e-01    1.24e-01    3.4e-06
   6120      2.55e-01    2.50e-01      8.99e-04    1.38e-03      1.22e-01    1.20e-01    3.4e-06
   6129      2.42e-01    2.50e-01      1.12e-03    1.30e-03      1.16e-01    1.20e-01    3.4e-06
   6138      2.51e-01    2.48e-01      9.88e-04    1.34e-03      1.20e-01    1.19e-01    3.4e-06
   6147      2.54e-01    2.58e-01      1.01e-03    1.28e-03      1.22e-01    1.24e-01    3.4e-06
   6156      2.53e-01    2.50e-01      1.09e-03    1.25e-03      1.21e-01    1.20e-01    3.4e-06
   6165      2.48e-01    2.57e-01      9.03e-04    1.41e-03      1.19e-01    1.23e-01    3.4e-06
   6174      2.53e-01    2.46e-01      1.17e-03    1.25e-03      1.21e-01    1.18e-01    3.4e-06
   6183      2.49e-01    2.52e-01      7.99e-04    1.09e-03      1.19e-01    1.21e-01    3.4e-06
   6192      2.56e-01    2.47e-01      9.92e-04    1.23e-03      1.23e-01    1.18e-01    3.4e-06
   6201      2.47e-01    2.47e-01      9.89e-04    1.27e-03      1.18e-01    1.18e-01    3.4e-06
   6210      2.55e-01    2.58e-01      1.13e-03    1.45e-03      1.22e-01    1.24e-01    3.4e-06
   6219      2.46e-01    2.51e-01      8.48e-04    1.28e-03      1.18e-01    1.20e-01    3.4e-06
   6228      2.46e-01    2.53e-01      8.32e-04    1.38e-03      1.18e-01    1.21e-01    3.4e-06
   6237      2.55e-01    2.58e-01      1.13e-03    1.57e-03      1.22e-01    1.24e-01    3.4e-06
   6246      2.62e-01    2.41e-01      9.91e-04    1.27e-03      1.25e-01    1.15e-01    3.4e-06
   6255      2.38e-01    2.56e-01      9.99e-04    1.57e-03      1.14e-01    1.23e-01    3.4e-06
   6264      2.42e-01    2.59e-01      1.11e-03    1.19e-03      1.16e-01    1.24e-01    3.4e-06
   6273      2.58e-01    2.59e-01      8.83e-04    1.58e-03      1.24e-01    1.24e-01    3.4e-06
   6282      2.48e-01    2.63e-01      1.07e-03    1.51e-03      1.19e-01    1.26e-01    3.4e-06
   6291      2.52e-01    2.46e-01      9.32e-04    1.06e-03      1.21e-01    1.18e-01    3.4e-06
   6300      2.47e-01    2.53e-01      1.13e-03    1.43e-03      1.18e-01    1.21e-01    3.4e-06
   6309      2.56e-01    2.51e-01      8.69e-04    1.20e-03      1.23e-01    1.20e-01    3.4e-06
   6318      2.53e-01    2.63e-01      9.72e-04    1.23e-03      1.21e-01    1.26e-01    3.4e-06
   6327      2.46e-01    2.55e-01      1.02e-03    1.32e-03      1.18e-01    1.22e-01    3.4e-06
   6336      2.55e-01    2.51e-01      9.61e-04    1.26e-03      1.22e-01    1.20e-01    3.4e-06
   6345      2.46e-01    2.60e-01      1.04e-03    1.53e-03      1.18e-01    1.25e-01    3.4e-06
   6354      2.48e-01    2.52e-01      1.15e-03    1.42e-03      1.19e-01    1.21e-01    3.4e-06
   6363      2.48e-01    2.51e-01      7.79e-04    1.11e-03      1.19e-01    1.20e-01    3.4e-06
   6372      2.48e-01    2.56e-01      7.85e-04    1.45e-03      1.19e-01    1.22e-01    3.4e-06
   6381      2.52e-01    2.54e-01      1.15e-03    1.23e-03      1.21e-01    1.22e-01    3.4e-06
   6390      2.47e-01    2.41e-01      1.14e-03    1.36e-03      1.19e-01    1.15e-01    3.4e-06
   6399      2.57e-01    2.53e-01      8.69e-04    1.62e-03      1.23e-01    1.21e-01    3.4e-06
   6408      2.49e-01    2.51e-01      1.11e-03    1.30e-03      1.19e-01    1.20e-01    3.4e-06
   6417      2.54e-01    2.55e-01      7.78e-04    1.49e-03      1.22e-01    1.22e-01    3.4e-06
   6426      2.56e-01    2.42e-01      8.96e-04    1.34e-03      1.23e-01    1.16e-01    3.4e-06
   6435      2.41e-01    2.58e-01      1.04e-03    1.26e-03      1.15e-01    1.24e-01    3.4e-06
   6444      2.48e-01    2.46e-01      9.47e-04    1.32e-03      1.19e-01    1.18e-01    3.4e-06
   6453      2.54e-01    2.60e-01      1.06e-03    1.28e-03      1.22e-01    1.25e-01    3.4e-06
   6462      2.54e-01    2.51e-01      1.14e-03    1.16e-03      1.22e-01    1.20e-01    3.4e-06
   6471      2.47e-01    2.43e-01      8.39e-04    1.37e-03      1.19e-01    1.16e-01    3.4e-06
   6480      2.54e-01    2.48e-01      1.12e-03    1.29e-03      1.22e-01    1.19e-01    3.4e-06
   6489      2.46e-01    2.45e-01      8.51e-04    1.35e-03      1.18e-01    1.18e-01    3.4e-06
   6498      2.54e-01    2.42e-01      8.83e-04    1.37e-03      1.22e-01    1.16e-01    3.4e-06
   6507      2.46e-01    2.49e-01      1.08e-03    1.22e-03      1.18e-01    1.19e-01    3.4e-06
   6516      2.52e-01    2.58e-01      9.60e-04    1.25e-03      1.21e-01    1.24e-01    3.4e-06
   6525      2.49e-01    2.53e-01      1.07e-03    1.53e-03      1.19e-01    1.21e-01    3.4e-06
   6534      2.56e-01    2.50e-01      1.06e-03    1.17e-03      1.23e-01    1.20e-01    3.4e-06
   6543      2.45e-01    2.52e-01      8.62e-04    1.29e-03      1.18e-01    1.21e-01    3.4e-06
   6552      2.50e-01    2.55e-01      9.74e-04    1.40e-03      1.20e-01    1.22e-01    3.4e-06
   6561      2.47e-01    2.49e-01      1.02e-03    1.56e-03      1.18e-01    1.19e-01    3.4e-06
   6570      2.49e-01    2.47e-01      1.01e-03    1.24e-03      1.20e-01    1.18e-01    3.4e-06
   6579      2.52e-01    2.41e-01      9.85e-04    1.16e-03      1.21e-01    1.15e-01    3.4e-06
   6588      2.42e-01    2.51e-01      1.09e-03    1.33e-03      1.16e-01    1.20e-01    3.4e-06
   6597      2.56e-01    2.42e-01      9.06e-04    1.35e-03      1.23e-01    1.16e-01    3.4e-06
   6606      2.56e-01    2.50e-01      9.55e-04    1.49e-03      1.23e-01    1.20e-01    3.4e-06
   6615      2.40e-01    2.48e-01      8.92e-04    1.37e-03      1.15e-01    1.19e-01    3.4e-06
   6624      2.55e-01    2.50e-01      8.23e-04    1.20e-03      1.22e-01    1.20e-01    3.4e-06
   6633      2.45e-01    2.46e-01      1.09e-03    1.18e-03      1.18e-01    1.18e-01    3.4e-06
   6642      2.46e-01    2.63e-01      1.00e-03    1.52e-03      1.18e-01    1.26e-01    3.4e-06
   6651      2.54e-01    2.47e-01      1.00e-03    1.27e-03      1.22e-01    1.18e-01    3.4e-06
   6660      2.49e-01    2.53e-01      1.03e-03    1.46e-03      1.19e-01    1.21e-01    3.4e-06
   6669      2.53e-01    2.58e-01      8.91e-04    1.53e-03      1.21e-01    1.24e-01    3.4e-06
   6678      2.54e-01    2.51e-01      1.05e-03    1.45e-03      1.22e-01    1.20e-01    3.4e-06
   6687      2.46e-01    2.62e-01      9.22e-04    1.42e-03      1.18e-01    1.25e-01    3.4e-06
   6696      2.45e-01    2.49e-01      8.66e-04    1.15e-03      1.18e-01    1.19e-01    3.4e-06
   6705      2.52e-01    2.57e-01      9.72e-04    1.60e-03      1.21e-01    1.23e-01    3.4e-06
   6714      2.47e-01    2.44e-01      8.42e-04    1.28e-03      1.18e-01    1.17e-01    3.4e-06
   6723      2.54e-01    2.52e-01      1.08e-03    1.28e-03      1.22e-01    1.21e-01    3.4e-06
   6732      2.57e-01    2.56e-01      1.01e-03    1.08e-03      1.23e-01    1.23e-01    3.4e-06
   6741      2.44e-01    2.51e-01      8.70e-04    1.46e-03      1.17e-01    1.20e-01    3.4e-06
   6750      2.34e-01    2.48e-01      9.66e-04    1.11e-03      1.12e-01    1.19e-01    3.4e-06
   6759      2.61e-01    2.50e-01      1.05e-03    1.47e-03      1.25e-01    1.20e-01    3.4e-06
   6768      2.56e-01    2.46e-01      1.01e-03    1.49e-03      1.23e-01    1.18e-01    3.4e-06
   6777      2.43e-01    2.63e-01      9.32e-04    1.42e-03      1.17e-01    1.26e-01    3.4e-06
   6786      2.45e-01    2.74e-01      9.66e-04    1.57e-03      1.17e-01    1.31e-01    3.4e-06
   6795      2.53e-01    2.49e-01      1.07e-03    1.25e-03      1.21e-01    1.19e-01    3.4e-06
   6804      2.41e-01    2.51e-01      1.06e-03    1.35e-03      1.15e-01    1.20e-01    3.4e-06
   6813      2.56e-01    2.58e-01      9.47e-04    1.43e-03      1.23e-01    1.24e-01    3.4e-06
   6822      2.50e-01    2.58e-01      9.92e-04    1.16e-03      1.20e-01    1.24e-01    3.4e-06
   6831      2.48e-01    2.52e-01      9.97e-04    1.47e-03      1.19e-01    1.20e-01    3.4e-06
   6840      2.49e-01    2.36e-01      1.07e-03    1.27e-03      1.19e-01    1.13e-01    3.4e-06
   6849      2.53e-01    2.56e-01      8.32e-04    1.39e-03      1.21e-01    1.22e-01    3.4e-06
   6858      2.42e-01    2.42e-01      8.04e-04    1.12e-03      1.16e-01    1.16e-01    3.4e-06
   6867      2.53e-01    2.54e-01      1.16e-03    1.50e-03      1.21e-01    1.22e-01    3.4e-06
   6876      2.53e-01    2.47e-01      1.11e-03    1.20e-03      1.21e-01    1.18e-01    3.4e-06
   6885      2.47e-01    2.48e-01      8.50e-04    1.29e-03      1.19e-01    1.19e-01    3.4e-06
   6894      2.44e-01    2.50e-01      9.25e-04    1.32e-03      1.17e-01    1.20e-01    3.4e-06
   6903      2.53e-01    2.53e-01      9.21e-04    1.15e-03      1.21e-01    1.21e-01    3.4e-06
   6912      2.49e-01    2.61e-01      8.33e-04    1.53e-03      1.20e-01    1.25e-01    3.4e-06
   6921      2.50e-01    2.50e-01      1.07e-03    1.29e-03      1.20e-01    1.20e-01    3.4e-06
   6930      2.39e-01    2.55e-01      1.03e-03    1.52e-03      1.15e-01    1.22e-01    3.4e-06
   6939      2.58e-01    2.47e-01      1.00e-03    1.14e-03      1.24e-01    1.18e-01    3.4e-06
   6948      2.48e-01    2.60e-01      9.16e-04    1.55e-03      1.19e-01    1.25e-01    3.4e-06
   6957      2.51e-01    2.54e-01      1.05e-03    1.20e-03      1.20e-01    1.22e-01    3.4e-06
   6966      2.45e-01    2.59e-01      1.12e-03    1.44e-03      1.18e-01    1.24e-01    3.4e-06
   6975      2.53e-01    2.47e-01      8.16e-04    1.13e-03      1.21e-01    1.18e-01    3.4e-06
   6984      2.45e-01    2.43e-01      9.88e-04    1.33e-03      1.17e-01    1.16e-01    3.4e-06
   6993      2.55e-01    2.48e-01      9.48e-04    1.23e-03      1.22e-01    1.19e-01    3.4e-06
   7002      2.61e-01    2.46e-01      8.51e-04    1.36e-03      1.25e-01    1.18e-01    3.4e-06
   7011      2.39e-01    2.46e-01      1.11e-03    1.27e-03      1.15e-01    1.18e-01    3.4e-06
   7020      2.49e-01    2.50e-01      9.69e-04    1.35e-03      1.19e-01    1.20e-01    3.4e-06
   7029      2.45e-01    2.39e-01      1.01e-03    1.23e-03      1.17e-01    1.15e-01    3.4e-06
   7038      2.46e-01    2.52e-01      1.14e-03    1.47e-03      1.18e-01    1.20e-01    3.4e-06
   7047      2.56e-01    2.48e-01      8.56e-04    1.44e-03      1.23e-01    1.19e-01    3.4e-06
   7056      2.44e-01    2.47e-01      9.87e-04    1.45e-03      1.17e-01    1.18e-01    3.4e-06
   7065      2.55e-01    2.45e-01      9.70e-04    1.34e-03      1.22e-01    1.17e-01    3.4e-06
   7074      2.48e-01    2.59e-01      8.37e-04    1.42e-03      1.19e-01    1.24e-01    3.4e-06
   7083      2.51e-01    2.55e-01      1.10e-03    1.47e-03      1.20e-01    1.22e-01    3.4e-06
   7092      2.49e-01    2.43e-01      8.49e-04    1.22e-03      1.20e-01    1.16e-01    3.4e-06
   7101      2.51e-01    2.39e-01      1.16e-03    1.24e-03      1.20e-01    1.14e-01    3.4e-06
   7110      2.45e-01    2.48e-01      1.03e-03    1.31e-03      1.17e-01    1.19e-01    3.4e-06
   7119      2.55e-01    2.44e-01      9.73e-04    1.26e-03      1.22e-01    1.17e-01    3.4e-06
   7128      2.50e-01    2.41e-01      8.36e-04    1.32e-03      1.20e-01    1.15e-01    3.4e-06
   7137      2.46e-01    2.55e-01      1.10e-03    1.38e-03      1.18e-01    1.22e-01    3.4e-06
   7146      2.54e-01    2.50e-01      9.84e-04    1.24e-03      1.22e-01    1.20e-01    3.4e-06
   7155      2.46e-01    2.49e-01      9.62e-04    1.21e-03      1.18e-01    1.19e-01    3.4e-06
   7164      2.53e-01    2.42e-01      9.13e-04    1.25e-03      1.21e-01    1.16e-01    3.4e-06
   7173      2.43e-01    2.48e-01      1.06e-03    1.51e-03      1.16e-01    1.19e-01    3.4e-06
   7182      2.47e-01    2.51e-01      9.46e-04    1.09e-03      1.18e-01    1.20e-01    3.4e-06
   7191      2.50e-01    2.67e-01      9.59e-04    1.29e-03      1.20e-01    1.28e-01    3.4e-06
   7200      2.52e-01    2.47e-01      9.39e-04    1.50e-03      1.21e-01    1.18e-01    3.4e-06
   7209      2.46e-01    2.54e-01      1.09e-03    1.32e-03      1.18e-01    1.22e-01    3.4e-06
   7218      2.49e-01    2.51e-01      9.54e-04    1.30e-03      1.20e-01    1.20e-01    3.4e-06
   7227      2.47e-01    2.52e-01      1.06e-03    1.33e-03      1.18e-01    1.21e-01    3.4e-06
   7236      2.61e-01    2.47e-01      1.10e-03    1.12e-03      1.25e-01    1.18e-01    3.4e-06
   7245      2.38e-01    2.55e-01      8.47e-04    1.53e-03      1.14e-01    1.22e-01    3.4e-06
   7254      2.50e-01    2.50e-01      1.02e-03    1.39e-03      1.20e-01    1.20e-01    3.4e-06
   7263      2.49e-01    2.55e-01      1.00e-03    1.05e-03      1.20e-01    1.22e-01    3.4e-06
   7272      2.56e-01    2.52e-01      9.06e-04    1.14e-03      1.23e-01    1.21e-01    3.4e-06
   7281      2.37e-01    2.49e-01      1.04e-03    1.22e-03      1.13e-01    1.19e-01    3.4e-06
   7290      2.54e-01    2.51e-01      1.01e-03    1.41e-03      1.22e-01    1.20e-01    3.4e-06
   7299      2.45e-01    2.52e-01      9.56e-04    1.45e-03      1.17e-01    1.21e-01    3.4e-06
   7308      2.43e-01    2.45e-01      9.15e-04    1.42e-03      1.16e-01    1.17e-01    3.4e-06
   7317      2.55e-01    2.47e-01      1.03e-03    1.19e-03      1.22e-01    1.18e-01    3.4e-06
   7326      2.44e-01    2.46e-01      1.14e-03    1.23e-03      1.17e-01    1.18e-01    3.4e-06
   7335      2.57e-01    2.47e-01      7.26e-04    1.24e-03      1.23e-01    1.18e-01    3.4e-06
   7344      2.48e-01    2.48e-01      8.39e-04    1.27e-03      1.19e-01    1.19e-01    3.4e-06
   7353      2.50e-01    2.55e-01      1.12e-03    1.44e-03      1.20e-01    1.22e-01    3.4e-06
   7362      2.45e-01    2.57e-01      1.00e-03    1.38e-03      1.18e-01    1.23e-01    3.4e-06
   7371      2.50e-01    2.47e-01      9.34e-04    1.48e-03      1.20e-01    1.18e-01    3.4e-06
   7380      2.45e-01    2.47e-01      9.49e-04    1.36e-03      1.17e-01    1.18e-01    3.4e-06
   7389      2.48e-01    2.55e-01      1.04e-03    1.11e-03      1.19e-01    1.22e-01    3.4e-06
   7398      2.50e-01    2.49e-01      8.52e-04    1.39e-03      1.20e-01    1.19e-01    3.4e-06
   7407      2.49e-01    2.47e-01      1.11e-03    1.33e-03      1.19e-01    1.18e-01    3.4e-06
   7416      2.50e-01    2.50e-01      1.03e-03    1.48e-03      1.20e-01    1.20e-01    3.4e-06
   7425      2.49e-01    2.57e-01      9.19e-04    1.32e-03      1.19e-01    1.23e-01    3.4e-06
   7434      2.64e-01    2.44e-01      7.77e-04    1.26e-03      1.27e-01    1.17e-01    3.4e-06
   7443      2.34e-01    2.53e-01      1.17e-03    1.45e-03      1.12e-01    1.21e-01    3.4e-06
   7452      2.49e-01    2.50e-01      7.96e-04    1.44e-03      1.19e-01    1.20e-01    3.4e-06
   7461      2.47e-01    2.52e-01      1.14e-03    1.53e-03      1.18e-01    1.21e-01    3.4e-06
   7470      2.43e-01    2.47e-01      9.51e-04    1.45e-03      1.17e-01    1.18e-01    3.4e-06
   7479      2.56e-01    2.51e-01      1.05e-03    1.39e-03      1.22e-01    1.20e-01    3.4e-06
   7488      2.46e-01    2.51e-01      7.57e-04    1.15e-03      1.18e-01    1.20e-01    3.4e-06
   7497      2.54e-01    2.45e-01      1.16e-03    1.37e-03      1.22e-01    1.17e-01    3.4e-06
   7506      2.45e-01    2.53e-01      8.88e-04    1.40e-03      1.17e-01    1.21e-01    3.4e-06
   7515      2.55e-01    2.66e-01      1.10e-03    1.53e-03      1.22e-01    1.27e-01    3.4e-06
   7524      2.53e-01    2.51e-01      1.05e-03    1.32e-03      1.21e-01    1.20e-01    3.4e-06
   7533      2.44e-01    2.42e-01      8.93e-04    1.29e-03      1.17e-01    1.16e-01    3.4e-06
   7542      2.52e-01    2.55e-01      8.12e-04    1.29e-03      1.21e-01    1.22e-01    3.4e-06
   7551      2.46e-01    2.55e-01      1.15e-03    1.25e-03      1.18e-01    1.22e-01    3.4e-06
   7560      2.47e-01    2.50e-01      9.98e-04    1.45e-03      1.18e-01    1.20e-01    3.4e-06
   7569      2.50e-01    2.62e-01      9.55e-04    1.35e-03      1.20e-01    1.26e-01    3.4e-06
   7578      2.43e-01    2.53e-01      1.17e-03    1.52e-03      1.17e-01    1.21e-01    3.4e-06
   7587      2.56e-01    2.60e-01      7.89e-04    1.48e-03      1.23e-01    1.25e-01    3.4e-06
   7596      2.51e-01    2.44e-01      1.16e-03    1.57e-03      1.20e-01    1.17e-01    3.4e-06
   7605      2.50e-01    2.59e-01      8.10e-04    1.16e-03      1.20e-01    1.24e-01    3.4e-06
   7614      2.50e-01    2.57e-01      9.62e-04    1.35e-03      1.20e-01    1.23e-01    3.4e-06
   7623      2.48e-01    2.46e-01      9.96e-04    1.09e-03      1.19e-01    1.18e-01    3.4e-06
   7632      2.36e-01    2.59e-01      1.11e-03    1.63e-03      1.13e-01    1.24e-01    3.4e-06
   7641      2.61e-01    2.62e-01      8.83e-04    1.48e-03      1.25e-01    1.26e-01    3.4e-06
   7650      2.40e-01    2.53e-01      1.03e-03    1.40e-03      1.15e-01    1.21e-01    3.4e-06
   7659      2.59e-01    2.45e-01      9.74e-04    1.13e-03      1.24e-01    1.17e-01    3.4e-06
   7668      2.51e-01    2.54e-01      9.51e-04    1.37e-03      1.20e-01    1.22e-01    3.4e-06
   7677      2.47e-01    2.44e-01      1.05e-03    1.27e-03      1.18e-01    1.17e-01    3.4e-06
   7686      2.49e-01    2.48e-01      1.03e-03    1.41e-03      1.19e-01    1.19e-01    3.4e-06
   7695      2.46e-01    2.48e-01      9.06e-04    1.27e-03      1.18e-01    1.19e-01    3.4e-06
   7704      2.45e-01    2.51e-01      8.33e-04    1.47e-03      1.17e-01    1.20e-01    3.4e-06
   7713      2.54e-01    2.51e-01      1.18e-03    1.36e-03      1.22e-01    1.20e-01    3.4e-06
   7722      2.44e-01    2.51e-01      1.02e-03    1.61e-03      1.17e-01    1.20e-01    3.4e-06
   7731      2.58e-01    2.45e-01      1.00e-03    1.33e-03      1.24e-01    1.17e-01    3.4e-06
   7740      2.48e-01    2.51e-01      9.62e-04    1.18e-03      1.19e-01    1.20e-01    3.4e-06
   7749      2.49e-01    2.50e-01      8.37e-04    1.32e-03      1.19e-01    1.20e-01    3.4e-06
   7758      2.42e-01    2.51e-01      9.93e-04    1.44e-03      1.16e-01    1.20e-01    3.4e-06
   7767      2.58e-01    2.48e-01      9.49e-04    1.22e-03      1.24e-01    1.19e-01    3.4e-06
   7776      2.49e-01    2.52e-01      1.07e-03    1.47e-03      1.19e-01    1.21e-01    3.4e-06
   7785      2.51e-01    2.54e-01      8.66e-04    1.22e-03      1.20e-01    1.22e-01    3.4e-06
   7794      2.51e-01    2.51e-01      1.03e-03    1.22e-03      1.20e-01    1.20e-01    3.4e-06
   7803      2.46e-01    2.50e-01      9.75e-04    1.36e-03      1.18e-01    1.20e-01    3.4e-06
   7812      2.51e-01    2.51e-01      1.09e-03    1.08e-03      1.20e-01    1.20e-01    3.4e-06
   7821      2.46e-01    2.61e-01      8.69e-04    1.67e-03      1.18e-01    1.25e-01    3.4e-06
   7830      2.55e-01    2.53e-01      9.68e-04    1.45e-03      1.22e-01    1.21e-01    3.4e-06
   7839      2.43e-01    2.46e-01      1.01e-03    1.60e-03      1.17e-01    1.18e-01    3.4e-06
   7848      2.49e-01    2.49e-01      9.77e-04    1.32e-03      1.19e-01    1.19e-01    3.4e-06
   7857      2.49e-01    2.55e-01      9.48e-04    1.37e-03      1.19e-01    1.22e-01    3.4e-06
   7866      2.44e-01    2.49e-01      1.17e-03    1.36e-03      1.17e-01    1.19e-01    3.4e-06
   7875      2.53e-01    2.56e-01      7.89e-04    1.60e-03      1.21e-01    1.23e-01    3.4e-06
   7884      2.43e-01    2.50e-01      9.72e-04    1.17e-03      1.16e-01    1.20e-01    3.4e-06
   7893      2.54e-01    2.45e-01      9.39e-04    1.20e-03      1.22e-01    1.17e-01    3.4e-06
   7902      2.45e-01    2.48e-01      9.40e-04    1.17e-03      1.17e-01    1.19e-01    3.4e-06
   7911      2.56e-01    2.53e-01      9.91e-04    1.40e-03      1.23e-01    1.21e-01    3.4e-06
   7920      2.49e-01    2.50e-01      9.86e-04    1.25e-03      1.19e-01    1.20e-01    3.4e-06
   7929      2.46e-01    2.42e-01      9.95e-04    1.34e-03      1.18e-01    1.16e-01    3.4e-06
   7938      2.60e-01    2.37e-01      1.17e-03    1.36e-03      1.25e-01    1.14e-01    3.4e-06
   7947      2.40e-01    2.49e-01      8.09e-04    1.23e-03      1.15e-01    1.19e-01    3.4e-06
   7956      2.45e-01    2.59e-01      9.62e-04    1.20e-03      1.18e-01    1.24e-01    3.4e-06
   7965      2.54e-01    2.69e-01      1.01e-03    1.51e-03      1.22e-01    1.29e-01    3.4e-06
   7974      2.41e-01    2.48e-01      8.21e-04    1.25e-03      1.16e-01    1.19e-01    3.4e-06
   7983      2.58e-01    2.48e-01      1.06e-03    1.43e-03      1.24e-01    1.19e-01    3.4e-06
   7992      2.55e-01    2.53e-01      1.03e-03    1.48e-03      1.22e-01    1.21e-01    3.4e-06
   8001      2.46e-01    2.58e-01      9.86e-04    1.30e-03      1.18e-01    1.24e-01    3.4e-06
   8010      2.46e-01    2.57e-01      8.50e-04    1.26e-03      1.18e-01    1.23e-01    3.4e-06
   8019      2.52e-01    2.51e-01      1.10e-03    1.24e-03      1.21e-01    1.20e-01    3.4e-06
   8028      2.51e-01    2.56e-01      9.93e-04    1.22e-03      1.20e-01    1.23e-01    3.4e-06
   8037      2.45e-01    2.56e-01      9.95e-04    1.13e-03      1.18e-01    1.23e-01    3.4e-06
   8046      2.56e-01    2.52e-01      1.07e-03    1.50e-03      1.23e-01    1.21e-01    3.4e-06
   8055      2.42e-01    2.42e-01      9.70e-04    1.29e-03      1.16e-01    1.16e-01    3.4e-06
   8064      2.49e-01    2.56e-01      1.03e-03    1.24e-03      1.20e-01    1.22e-01    3.4e-06
   8073      2.48e-01    2.47e-01      9.79e-04    1.53e-03      1.19e-01    1.18e-01    3.4e-06
   8082      2.52e-01    2.39e-01      7.87e-04    1.15e-03      1.21e-01    1.15e-01    3.4e-06
   8091      2.48e-01    2.46e-01      1.17e-03    1.55e-03      1.19e-01    1.18e-01    3.4e-06
   8100      2.57e-01    2.56e-01      1.02e-03    1.52e-03      1.23e-01    1.23e-01    3.4e-06
   8109      2.41e-01    2.46e-01      1.03e-03    1.34e-03      1.15e-01    1.18e-01    3.4e-06
   8118      2.55e-01    2.55e-01      8.90e-04    1.35e-03      1.22e-01    1.22e-01    3.4e-06
   8127      2.44e-01    2.46e-01      1.12e-03    1.23e-03      1.17e-01    1.18e-01    3.4e-06
   8136      2.46e-01    2.58e-01      1.06e-03    1.43e-03      1.18e-01    1.24e-01    3.4e-06
   8145      2.52e-01    2.48e-01      9.61e-04    1.26e-03      1.21e-01    1.19e-01    3.4e-06
   8154      2.55e-01    2.47e-01      1.06e-03    1.40e-03      1.22e-01    1.19e-01    3.4e-06
   8163      2.43e-01    2.42e-01      8.77e-04    1.39e-03      1.16e-01    1.16e-01    3.4e-06
   8172      2.46e-01    2.53e-01      9.50e-04    1.49e-03      1.18e-01    1.21e-01    3.4e-06
   8181      2.53e-01    2.53e-01      1.04e-03    1.31e-03      1.21e-01    1.21e-01    3.4e-06
   8190      2.44e-01    2.57e-01      7.24e-04    1.22e-03      1.17e-01    1.23e-01    3.4e-06
   8199      2.53e-01    2.40e-01      1.19e-03    1.26e-03      1.21e-01    1.15e-01    3.4e-06
   8208      2.45e-01    2.57e-01      9.84e-04    1.33e-03      1.18e-01    1.23e-01    3.4e-06
   8217      2.48e-01    2.40e-01      1.07e-03    1.15e-03      1.19e-01    1.15e-01    3.4e-06
   8226      2.48e-01    2.47e-01      9.95e-04    1.50e-03      1.19e-01    1.18e-01    3.4e-06
   8235      2.48e-01    2.49e-01      9.55e-04    1.26e-03      1.19e-01    1.19e-01    3.4e-06
   8244      2.51e-01    2.46e-01      1.06e-03    1.44e-03      1.20e-01    1.18e-01    3.4e-06
   8253      2.48e-01    2.56e-01      8.96e-04    1.18e-03      1.19e-01    1.22e-01    3.4e-06
   8262      2.39e-01    2.61e-01      9.27e-04    1.58e-03      1.15e-01    1.25e-01    3.4e-06
   8271      2.54e-01    2.51e-01      1.03e-03    1.32e-03      1.22e-01    1.20e-01    3.4e-06
   8280      2.44e-01    2.49e-01      1.05e-03    1.32e-03      1.17e-01    1.19e-01    3.4e-06
   8289      2.53e-01    2.53e-01      9.55e-04    1.26e-03      1.21e-01    1.21e-01    3.4e-06
   8298      2.46e-01    2.53e-01      9.36e-04    1.26e-03      1.18e-01    1.21e-01    3.4e-06
   8307      2.52e-01    2.53e-01      1.05e-03    1.34e-03      1.21e-01    1.21e-01    3.4e-06
   8316      2.51e-01    2.52e-01      9.30e-04    1.31e-03      1.20e-01    1.21e-01    3.4e-06
   8325      2.48e-01    2.47e-01      1.04e-03    1.32e-03      1.19e-01    1.18e-01    3.4e-06
   8334      2.45e-01    2.46e-01      9.63e-04    1.19e-03      1.17e-01    1.18e-01    3.4e-06
   8343      2.49e-01    2.48e-01      8.82e-04    1.34e-03      1.19e-01    1.19e-01    3.4e-06
   8352      2.44e-01    2.43e-01      8.34e-04    1.15e-03      1.17e-01    1.16e-01    3.4e-06
   8361      2.56e-01    2.55e-01      1.12e-03    1.65e-03      1.23e-01    1.22e-01    3.4e-06
   8370      2.50e-01    2.42e-01      6.36e-04    1.46e-03      1.20e-01    1.16e-01    3.4e-06
   8379      2.50e-01    2.40e-01      1.18e-03    1.28e-03      1.20e-01    1.15e-01    3.4e-06
   8388      2.43e-01    2.54e-01      1.02e-03    1.38e-03      1.16e-01    1.22e-01    3.4e-06
   8397      2.53e-01    2.47e-01      1.02e-03    1.35e-03      1.21e-01    1.18e-01    3.4e-06
   8406      2.56e-01    2.47e-01      9.99e-04    1.23e-03      1.23e-01    1.18e-01    3.4e-06
   8415      2.38e-01    2.50e-01      9.59e-04    1.22e-03      1.14e-01    1.20e-01    3.4e-06
   8424      2.44e-01    2.56e-01      1.11e-03    1.08e-03      1.17e-01    1.23e-01    3.4e-06
   8433      2.54e-01    2.50e-01      8.05e-04    1.22e-03      1.22e-01    1.20e-01    3.4e-06
   8442      2.46e-01    2.54e-01      1.07e-03    1.57e-03      1.18e-01    1.21e-01    3.4e-06
   8451      2.54e-01    2.57e-01      8.54e-04    1.40e-03      1.22e-01    1.23e-01    3.4e-06
   8460      2.49e-01    2.48e-01      9.76e-04    1.41e-03      1.20e-01    1.19e-01    3.4e-06
   8469      2.46e-01    2.53e-01      9.61e-04    1.47e-03      1.18e-01    1.21e-01    3.4e-06
   8478      2.56e-01    2.52e-01      1.07e-03    1.38e-03      1.23e-01    1.21e-01    3.4e-06
   8487      2.45e-01    2.57e-01      7.85e-04    1.50e-03      1.17e-01    1.23e-01    3.4e-06
   8496      2.51e-01    2.50e-01      1.12e-03    1.46e-03      1.20e-01    1.20e-01    3.4e-06
   8505      2.51e-01    2.33e-01      9.02e-04    1.21e-03      1.20e-01    1.12e-01    3.4e-06
   8514      2.46e-01    2.45e-01      1.02e-03    1.19e-03      1.18e-01    1.17e-01    3.4e-06
   8523      2.51e-01    2.47e-01      9.61e-04    1.49e-03      1.20e-01    1.18e-01    3.4e-06
   8532      2.52e-01    2.49e-01      1.08e-03    1.11e-03      1.21e-01    1.19e-01    3.4e-06
   8541      2.47e-01    2.46e-01      8.21e-04    1.44e-03      1.19e-01    1.18e-01    3.4e-06
   8550      2.55e-01    2.38e-01      1.09e-03    1.40e-03      1.22e-01    1.14e-01    3.4e-06
   8559      2.41e-01    2.60e-01      9.33e-04    1.61e-03      1.16e-01    1.24e-01    3.4e-06
   8568      2.45e-01    2.42e-01      9.93e-04    1.01e-03      1.17e-01    1.16e-01    3.4e-06
   8577      2.54e-01    2.56e-01      9.87e-04    1.28e-03      1.22e-01    1.23e-01    3.4e-06
   8586      2.44e-01    2.58e-01      1.09e-03    1.33e-03      1.17e-01    1.24e-01    3.4e-06
   8595      2.50e-01    2.46e-01      8.61e-04    1.52e-03      1.20e-01    1.18e-01    3.4e-06
   8604      2.57e-01    2.44e-01      1.05e-03    1.32e-03      1.23e-01    1.17e-01    3.4e-06
   8613      2.42e-01    2.51e-01      9.11e-04    1.49e-03      1.16e-01    1.20e-01    3.4e-06
   8622      2.41e-01    2.43e-01      9.31e-04    1.49e-03      1.16e-01    1.16e-01    3.4e-06
   8631      2.56e-01    2.57e-01      1.05e-03    1.37e-03      1.22e-01    1.23e-01    3.4e-06
   8640      2.59e-01    2.47e-01      9.93e-04    1.49e-03      1.24e-01    1.18e-01    3.4e-06
   8649      2.41e-01    2.47e-01      9.74e-04    1.27e-03      1.16e-01    1.18e-01    3.4e-06
   8658      2.43e-01    2.44e-01      1.10e-03    1.22e-03      1.17e-01    1.17e-01    3.4e-06
   8667      2.52e-01    2.55e-01      1.00e-03    1.48e-03      1.21e-01    1.22e-01    3.4e-06
   8676      2.40e-01    2.58e-01      1.23e-03    1.47e-03      1.15e-01    1.24e-01    3.4e-06
   8685      2.55e-01    2.57e-01      7.43e-04    1.38e-03      1.22e-01    1.23e-01    3.4e-06
   8694      2.53e-01    2.53e-01      1.07e-03    1.22e-03      1.21e-01    1.21e-01    3.4e-06
   8703      2.46e-01    2.48e-01      9.83e-04    1.25e-03      1.18e-01    1.19e-01    3.4e-06
   8712      2.50e-01    2.50e-01      1.10e-03    1.24e-03      1.20e-01    1.20e-01    3.4e-06
   8721      2.47e-01    2.40e-01      8.35e-04    1.24e-03      1.19e-01    1.15e-01    3.4e-06
   8730      2.37e-01    2.59e-01      9.99e-04    1.38e-03      1.14e-01    1.24e-01    3.4e-06
   8739      2.54e-01    2.43e-01      9.34e-04    1.29e-03      1.22e-01    1.16e-01    3.4e-06
   8748      2.47e-01    2.40e-01      1.19e-03    1.11e-03      1.18e-01    1.15e-01    3.4e-06
   8757      2.51e-01    2.58e-01      7.48e-04    1.27e-03      1.20e-01    1.24e-01    3.4e-06
   8766      2.54e-01    2.56e-01      9.01e-04    1.46e-03      1.22e-01    1.23e-01    3.4e-06
   8775      2.43e-01    2.52e-01      1.10e-03    1.63e-03      1.17e-01    1.21e-01    3.4e-06
   8784      2.49e-01    2.57e-01      1.10e-03    1.38e-03      1.19e-01    1.23e-01    3.4e-06
   8793      2.49e-01    2.45e-01      1.06e-03    1.39e-03      1.19e-01    1.17e-01    3.4e-06
   8802      2.55e-01    2.54e-01      7.62e-04    1.27e-03      1.22e-01    1.21e-01    3.4e-06
   8811      2.42e-01    2.53e-01      1.20e-03    1.45e-03      1.16e-01    1.21e-01    3.4e-06
   8820      2.43e-01    2.47e-01      9.77e-04    1.37e-03      1.17e-01    1.18e-01    3.4e-06
   8829      2.54e-01    2.47e-01      9.47e-04    1.33e-03      1.22e-01    1.19e-01    3.4e-06
   8838      2.46e-01    2.55e-01      9.31e-04    1.39e-03      1.18e-01    1.22e-01    3.4e-06
   8847      2.55e-01    2.45e-01      1.12e-03    1.23e-03      1.22e-01    1.18e-01    3.4e-06
   8856      2.57e-01    2.48e-01      1.08e-03    1.39e-03      1.23e-01    1.19e-01    3.4e-06
   8865      2.40e-01    2.45e-01      8.05e-04    1.34e-03      1.15e-01    1.17e-01    3.4e-06
   8874      2.44e-01    2.57e-01      8.79e-04    1.24e-03      1.17e-01    1.23e-01    3.4e-06
   8883      2.53e-01    2.42e-01      1.05e-03    1.52e-03      1.21e-01    1.16e-01    3.4e-06
   8892      2.60e-01    2.43e-01      1.05e-03    1.31e-03      1.25e-01    1.16e-01    3.4e-06
   8901      2.37e-01    2.45e-01      9.70e-04    1.23e-03      1.14e-01    1.17e-01    3.4e-06
   8910      2.55e-01    2.52e-01      9.87e-04    1.14e-03      1.22e-01    1.21e-01    3.4e-06
   8919      2.43e-01    2.58e-01      9.06e-04    1.22e-03      1.17e-01    1.24e-01    3.4e-06
   8928      2.49e-01    2.48e-01      8.17e-04    1.29e-03      1.20e-01    1.19e-01    3.4e-06
   8937      2.52e-01    2.52e-01      1.01e-03    1.20e-03      1.21e-01    1.21e-01    3.4e-06
   8946      2.52e-01    2.51e-01      9.71e-04    1.07e-03      1.21e-01    1.20e-01    3.4e-06
   8955      2.43e-01    2.56e-01      8.74e-04    1.32e-03      1.16e-01    1.22e-01    3.4e-06
   8964      2.52e-01    2.44e-01      8.49e-04    1.22e-03      1.21e-01    1.17e-01    3.4e-06
   8973      2.45e-01    2.51e-01      1.11e-03    1.05e-03      1.17e-01    1.20e-01    3.4e-06
   8982      2.51e-01    2.50e-01      8.84e-04    1.36e-03      1.20e-01    1.20e-01    3.4e-06
   8991      2.39e-01    2.50e-01      9.92e-04    1.35e-03      1.15e-01    1.20e-01    3.4e-06
   9000      2.41e-01    2.45e-01      1.14e-03    1.18e-03      1.15e-01    1.17e-01    3.4e-06
