#  step      rmse_val    rmse_trn    rmse_e_val  rmse_e_trn    rmse_f_val  rmse_f_trn         lr
      0      3.38e+01    3.30e+01      2.48e-01    2.45e-01      1.07e+00    1.04e+00    1.0e-03
      9      3.17e+01    3.11e+01      3.95e-02    3.94e-02      1.00e+00    9.84e-01    1.0e-03
     18      2.78e+01    2.68e+01      9.70e-02    9.72e-02      8.79e-01    8.46e-01    1.0e-03
     27      2.58e+01    2.48e+01      8.71e-01    8.69e-01      8.17e-01    7.83e-01    1.0e-03
     36      2.51e+01    2.39e+01      7.22e-01    7.21e-01      7.94e-01    7.54e-01    1.0e-03
     45      2.43e+01    2.35e+01      4.82e-01    4.83e-01      7.68e-01    7.45e-01    1.0e-03
     54      2.39e+01    2.19e+01      2.65e-01    2.63e-01      7.54e-01    6.93e-01    1.0e-03
     63      2.23e+01    2.18e+01      6.29e-02    6.22e-02      7.05e-01    6.89e-01    1.0e-03
     72      2.16e+01    2.14e+01      1.05e-01    1.06e-01      6.83e-01    6.76e-01    1.0e-03
     81      2.10e+01    2.00e+01      2.38e-01    2.37e-01      6.64e-01    6.34e-01    1.0e-03
     90      1.98e+01    1.92e+01      3.27e-01    3.28e-01      6.25e-01    6.07e-01    1.0e-03
     99      1.82e+01    1.76e+01      4.26e-01    4.25e-01      5.76e-01    5.56e-01    1.0e-03
    108      1.57e+01    1.51e+01      2.96e-01    2.95e-01      4.97e-01    4.79e-01    1.0e-03
    117      1.31e+01    1.30e+01      2.63e-01    2.63e-01      4.16e-01    4.12e-01    1.0e-03
    126      1.18e+01    1.16e+01      2.28e-01    2.27e-01      3.74e-01    3.66e-01    1.0e-03
    135      1.10e+01    1.08e+01      1.20e-01    1.20e-01      3.48e-01    3.40e-01    1.0e-03
    144      1.00e+01    9.92e+00      3.38e-03    3.84e-03      3.17e-01    3.14e-01    1.0e-03
    153      9.78e+00    9.43e+00      1.09e-01    1.10e-01      3.09e-01    2.98e-01    1.0e-03
    162      9.41e+00    9.26e+00      3.66e-02    3.63e-02      2.98e-01    2.93e-01    1.0e-03
    171      9.32e+00    8.96e+00      4.87e-03    4.15e-03      2.95e-01    2.83e-01    1.0e-03
    180      8.48e+00    8.49e+00      4.42e-03    4.44e-03      2.68e-01    2.68e-01    1.0e-03
    189      8.43e+00    8.23e+00      1.42e-02    1.42e-02      2.66e-01    2.60e-01    1.0e-03
    198      8.09e+00    7.93e+00      4.56e-02    4.58e-02      2.56e-01    2.51e-01    1.0e-03
    207      7.89e+00    7.81e+00      5.20e-02    5.19e-02      2.49e-01    2.47e-01    1.0e-03
    216      7.59e+00    7.35e+00      1.42e-02    1.43e-02      2.40e-01    2.32e-01    1.0e-03
    225      7.59e+00    7.48e+00      4.21e-02    4.24e-02      2.40e-01    2.37e-01    1.0e-03
    234      7.52e+00    7.26e+00      2.47e-02    2.46e-02      2.38e-01    2.30e-01    1.0e-03
    243      7.02e+00    7.04e+00      2.35e-02    2.36e-02      2.22e-01    2.23e-01    1.0e-03
    252      7.04e+00    6.84e+00      1.02e-02    1.03e-02      2.23e-01    2.16e-01    1.0e-03
    261      6.76e+00    6.62e+00      9.58e-03    9.44e-03      2.14e-01    2.09e-01    1.0e-03
    270      6.75e+00    6.62e+00      2.01e-02    1.98e-02      2.13e-01    2.09e-01    1.0e-03
    279      6.62e+00    6.51e+00      1.43e-02    1.42e-02      2.09e-01    2.06e-01    1.0e-03
    288      6.63e+00    6.52e+00      3.32e-03    3.35e-03      2.10e-01    2.06e-01    1.0e-03
    297      6.31e+00    6.43e+00      1.20e-02    1.16e-02      2.00e-01    2.03e-01    1.0e-03
    306      6.22e+00    6.11e+00      1.35e-02    1.40e-02      1.97e-01    1.93e-01    1.0e-03
    315      6.32e+00    6.01e+00      2.31e-02    2.32e-02      2.00e-01    1.90e-01    1.0e-03
    324      6.35e+00    6.20e+00      3.04e-02    3.04e-02      2.01e-01    1.96e-01    1.0e-03
    333      6.10e+00    5.82e+00      7.63e-03    8.41e-03      1.93e-01    1.84e-01    1.0e-03
    342      5.92e+00    5.99e+00      7.32e-03    6.79e-03      1.87e-01    1.90e-01    1.0e-03
    351      6.09e+00    5.85e+00      6.53e-03    6.90e-03      1.92e-01    1.85e-01    1.0e-03
    360      6.04e+00    5.74e+00      1.44e-02    1.42e-02      1.91e-01    1.82e-01    1.0e-03
    369      5.81e+00    5.81e+00      2.79e-02    2.76e-02      1.84e-01    1.84e-01    1.0e-03
    378      5.53e+00    5.61e+00      1.69e-03    2.04e-03      1.75e-01    1.77e-01    1.0e-03
    387      5.66e+00    5.59e+00      1.53e-02    1.52e-02      1.79e-01    1.77e-01    1.0e-03
    396      5.54e+00    5.42e+00      8.28e-03    8.00e-03      1.75e-01    1.71e-01    1.0e-03
    405      5.50e+00    5.35e+00      1.39e-02    1.37e-02      1.74e-01    1.69e-01    1.0e-03
    414      5.49e+00    5.29e+00      1.81e-02    1.81e-02      1.74e-01    1.67e-01    1.0e-03
    423      5.18e+00    5.16e+00      5.89e-02    5.88e-02      1.64e-01    1.63e-01    1.0e-03
    432      5.17e+00    5.17e+00      3.79e-02    3.76e-02      1.63e-01    1.63e-01    1.0e-03
    441      5.41e+00    5.34e+00      1.46e-02    1.48e-02      1.71e-01    1.69e-01    1.0e-03
    450      5.70e+00    5.49e+00      4.20e-02    4.19e-02      1.80e-01    1.74e-01    1.0e-03
    459      5.14e+00    5.21e+00      9.70e-03    9.61e-03      1.62e-01    1.65e-01    1.0e-03
    468      5.15e+00    5.17e+00      2.87e-02    2.86e-02      1.63e-01    1.63e-01    1.0e-03
    477      5.06e+00    4.74e+00      9.98e-03    9.96e-03      1.60e-01    1.50e-01    1.0e-03
    486      5.01e+00    5.10e+00      1.43e-02    1.41e-02      1.58e-01    1.61e-01    1.0e-03
    495      4.91e+00    4.72e+00      3.59e-03    3.75e-03      1.55e-01    1.49e-01    1.0e-03
    504      4.70e+00    4.71e+00      3.10e-02    3.11e-02      1.49e-01    1.49e-01    1.0e-03
    513      4.83e+00    4.74e+00      2.87e-02    2.84e-02      1.53e-01    1.50e-01    1.0e-03
    522      4.92e+00    4.98e+00      1.51e-02    1.58e-02      1.55e-01    1.57e-01    1.0e-03
    531      4.79e+00    4.59e+00      7.67e-03    7.24e-03      1.51e-01    1.45e-01    1.0e-03
    540      4.65e+00    4.70e+00      3.54e-02    3.50e-02      1.47e-01    1.49e-01    1.0e-03
    549      4.57e+00    4.56e+00      1.41e-02    1.44e-02      1.44e-01    1.44e-01    1.0e-03
    558      4.55e+00    4.60e+00      1.86e-02    1.80e-02      1.44e-01    1.45e-01    1.0e-03
    567      4.81e+00    4.67e+00      4.07e-02    4.06e-02      1.52e-01    1.48e-01    1.0e-03
    576      4.52e+00    4.50e+00      1.22e-02    1.24e-02      1.43e-01    1.42e-01    1.0e-03
    585      4.52e+00    4.50e+00      8.76e-03    8.90e-03      1.43e-01    1.42e-01    1.0e-03
    594      4.49e+00    4.42e+00      3.48e-03    3.75e-03      1.42e-01    1.40e-01    1.0e-03
    603      4.33e+00    4.38e+00      2.07e-02    2.03e-02      1.37e-01    1.39e-01    1.0e-03
    612      4.53e+00    4.43e+00      2.79e-03    2.85e-03      1.43e-01    1.40e-01    1.0e-03
    621      4.49e+00    4.56e+00      3.00e-02    3.03e-02      1.42e-01    1.44e-01    1.0e-03
    630      4.46e+00    4.34e+00      9.87e-03    1.04e-02      1.41e-01    1.37e-01    1.0e-03
    639      4.44e+00    4.64e+00      3.73e-02    3.69e-02      1.40e-01    1.47e-01    1.0e-03
    648      4.55e+00    4.49e+00      9.66e-03    1.00e-02      1.44e-01    1.42e-01    1.0e-03
    657      4.34e+00    4.34e+00      1.78e-03    2.01e-03      1.37e-01    1.37e-01    1.0e-03
    666      4.50e+00    4.49e+00      2.45e-02    2.45e-02      1.42e-01    1.42e-01    1.0e-03
    675      4.75e+00    4.70e+00      3.27e-02    3.29e-02      1.50e-01    1.49e-01    1.0e-03
    684      4.85e+00    4.81e+00      8.76e-02    8.73e-02      1.53e-01    1.52e-01    1.0e-03
    693      4.60e+00    4.54e+00      3.16e-02    3.18e-02      1.45e-01    1.44e-01    1.0e-03
    702      4.48e+00    4.42e+00      2.00e-03    1.77e-03      1.42e-01    1.40e-01    1.0e-03
    711      4.31e+00    4.18e+00      4.99e-02    4.98e-02      1.36e-01    1.32e-01    1.0e-03
    720      4.32e+00    4.26e+00      1.72e-02    1.71e-02      1.36e-01    1.35e-01    1.0e-03
    729      4.08e+00    4.04e+00      7.57e-03    7.53e-03      1.29e-01    1.28e-01    1.0e-03
    738      4.13e+00    4.14e+00      1.71e-02    1.67e-02      1.31e-01    1.31e-01    1.0e-03
    747      4.22e+00    4.17e+00      3.89e-02    3.91e-02      1.33e-01    1.32e-01    1.0e-03
    756      3.90e+00    4.04e+00      9.80e-03    1.02e-02      1.23e-01    1.28e-01    1.0e-03
    765      4.19e+00    4.07e+00      1.27e-02    1.23e-02      1.32e-01    1.29e-01    1.0e-03
    774      3.96e+00    3.92e+00      1.00e-02    1.00e-02      1.25e-01    1.24e-01    1.0e-03
    783      4.21e+00    4.17e+00      1.08e-02    1.03e-02      1.33e-01    1.32e-01    1.0e-03
    792      4.16e+00    4.06e+00      2.84e-02    2.84e-02      1.31e-01    1.28e-01    1.0e-03
    801      4.06e+00    4.07e+00      2.82e-02    2.83e-02      1.28e-01    1.29e-01    1.0e-03
    810      3.96e+00    3.94e+00      2.00e-03    2.28e-03      1.25e-01    1.25e-01    1.0e-03
    819      4.02e+00    3.90e+00      1.97e-02    1.98e-02      1.27e-01    1.23e-01    1.0e-03
    828      3.92e+00    3.87e+00      2.20e-02    2.22e-02      1.24e-01    1.22e-01    1.0e-03
    837      4.03e+00    3.91e+00      2.23e-02    2.25e-02      1.27e-01    1.24e-01    1.0e-03
    846      4.14e+00    4.23e+00      3.22e-02    3.25e-02      1.31e-01    1.34e-01    1.0e-03
    855      4.15e+00    4.05e+00      1.36e-02    1.36e-02      1.31e-01    1.28e-01    1.0e-03
    864      5.54e+00    5.42e+00      9.72e-02    9.71e-02      1.75e-01    1.71e-01    1.0e-03
    873      4.48e+00    4.57e+00      5.67e-02    5.65e-02      1.42e-01    1.44e-01    1.0e-03
    882      4.24e+00    4.15e+00      1.55e-02    1.56e-02      1.34e-01    1.31e-01    1.0e-03
    891      4.03e+00    3.93e+00      6.22e-02    6.25e-02      1.27e-01    1.24e-01    1.0e-03
    900      3.99e+00    3.78e+00      3.83e-03    4.22e-03      1.26e-01    1.19e-01    1.0e-03
    909      3.72e+00    3.77e+00      1.42e-02    1.40e-02      1.18e-01    1.19e-01    1.0e-03
    918      3.81e+00    3.73e+00      3.64e-02    3.62e-02      1.20e-01    1.18e-01    1.0e-03
    927      3.82e+00    3.82e+00      3.46e-02    3.47e-02      1.21e-01    1.21e-01    1.0e-03
    936      3.94e+00    3.89e+00      1.16e-02    1.17e-02      1.24e-01    1.23e-01    1.0e-03
    945      3.80e+00    3.72e+00      2.47e-03    2.36e-03      1.20e-01    1.18e-01    1.0e-03
    954      3.81e+00    3.83e+00      1.53e-03    1.43e-03      1.20e-01    1.21e-01    1.0e-03
    963      3.92e+00    3.77e+00      9.15e-03    9.27e-03      1.24e-01    1.19e-01    1.0e-03
    972      3.78e+00    3.76e+00      1.81e-02    1.79e-02      1.20e-01    1.19e-01    1.0e-03
    981      3.76e+00    3.66e+00      2.94e-03    2.93e-03      1.19e-01    1.16e-01    1.0e-03
    990      3.82e+00    3.72e+00      1.53e-02    1.51e-02      1.21e-01    1.18e-01    1.0e-03
    999      3.99e+00    3.99e+00      2.81e-03    3.23e-03      1.26e-01    1.26e-01    1.0e-03
   1008      3.86e+00    3.80e+00      1.26e-03    1.49e-03      1.22e-01    1.20e-01    1.0e-03
   1017      3.81e+00    3.85e+00      4.26e-03    4.35e-03      1.21e-01    1.22e-01    1.0e-03
   1026      4.36e+00    4.21e+00      6.23e-02    6.22e-02      1.38e-01    1.33e-01    1.0e-03
   1035      3.86e+00    3.86e+00      1.07e-01    1.07e-01      1.22e-01    1.22e-01    1.0e-03
   1044      3.80e+00    3.93e+00      2.20e-02    2.20e-02      1.20e-01    1.24e-01    1.0e-03
   1053      3.77e+00    3.58e+00      2.34e-02    2.35e-02      1.19e-01    1.13e-01    1.0e-03
   1062      3.74e+00    3.72e+00      4.25e-02    4.25e-02      1.18e-01    1.18e-01    1.0e-03
   1071      3.67e+00    3.72e+00      3.83e-02    3.81e-02      1.16e-01    1.18e-01    1.0e-03
   1080      3.70e+00    3.63e+00      3.44e-02    3.46e-02      1.17e-01    1.15e-01    1.0e-03
   1089      3.78e+00    3.71e+00      5.95e-03    5.90e-03      1.20e-01    1.17e-01    1.0e-03
   1098      3.73e+00    3.89e+00      2.46e-02    2.47e-02      1.18e-01    1.23e-01    1.0e-03
   1107      3.67e+00    3.57e+00      2.81e-02    2.83e-02      1.16e-01    1.13e-01    1.0e-03
   1116      3.64e+00    3.53e+00      4.04e-02    4.07e-02      1.15e-01    1.12e-01    1.0e-03
   1125      3.63e+00    3.62e+00      3.43e-02    3.42e-02      1.15e-01    1.15e-01    1.0e-03
   1134      3.61e+00    3.53e+00      2.92e-02    2.92e-02      1.14e-01    1.12e-01    1.0e-03
   1143      3.80e+00    3.80e+00      4.75e-03    4.93e-03      1.20e-01    1.20e-01    1.0e-03
   1152      3.68e+00    3.78e+00      3.06e-02    3.06e-02      1.16e-01    1.20e-01    1.0e-03
   1161      3.88e+00    3.73e+00      3.19e-02    3.20e-02      1.23e-01    1.18e-01    1.0e-03
   1170      3.63e+00    3.63e+00      2.91e-02    2.90e-02      1.15e-01    1.15e-01    1.0e-03
   1179      3.59e+00    3.62e+00      5.18e-03    5.13e-03      1.14e-01    1.14e-01    1.0e-03
   1188      3.60e+00    3.46e+00      2.55e-02    2.55e-02      1.14e-01    1.10e-01    1.0e-03
   1197      3.80e+00    3.75e+00      2.12e-02    2.11e-02      1.20e-01    1.19e-01    1.0e-03
   1206      4.73e+00    4.66e+00      1.49e-01    1.49e-01      1.49e-01    1.47e-01    1.0e-03
   1215      3.94e+00    3.98e+00      4.23e-02    4.23e-02      1.24e-01    1.26e-01    1.0e-03
   1224      3.50e+00    3.47e+00      3.48e-03    3.50e-03      1.11e-01    1.10e-01    1.0e-03
   1233      3.49e+00    3.33e+00      3.92e-02    3.92e-02      1.11e-01    1.05e-01    1.0e-03
   1242      3.49e+00    3.44e+00      4.61e-02    4.60e-02      1.10e-01    1.09e-01    1.0e-03
   1251      3.46e+00    3.43e+00      3.85e-03    3.98e-03      1.09e-01    1.08e-01    1.0e-03
   1260      3.47e+00    3.41e+00      2.35e-02    2.35e-02      1.10e-01    1.08e-01    1.0e-03
   1269      3.56e+00    3.49e+00      3.55e-03    3.60e-03      1.13e-01    1.10e-01    1.0e-03
   1278      3.66e+00    3.48e+00      1.39e-02    1.39e-02      1.16e-01    1.10e-01    1.0e-03
   1287      3.39e+00    3.40e+00      1.69e-02    1.69e-02      1.07e-01    1.08e-01    1.0e-03
   1296      3.48e+00    3.42e+00      2.20e-02    2.22e-02      1.10e-01    1.08e-01    1.0e-03
   1305      3.60e+00    3.53e+00      8.99e-04    1.11e-03      1.14e-01    1.12e-01    1.0e-03
   1314      4.11e+00    4.12e+00      4.50e-02    4.51e-02      1.30e-01    1.30e-01    1.0e-03
   1323      3.95e+00    3.85e+00      3.27e-02    3.25e-02      1.25e-01    1.22e-01    1.0e-03
   1332      3.32e+00    3.39e+00      2.59e-02    2.56e-02      1.05e-01    1.07e-01    1.0e-03
   1341      3.48e+00    3.31e+00      2.99e-02    3.00e-02      1.10e-01    1.05e-01    1.0e-03
   1350      3.48e+00    3.44e+00      3.40e-03    3.39e-03      1.10e-01    1.09e-01    1.0e-03
   1359      3.49e+00    3.30e+00      1.59e-03    1.87e-03      1.10e-01    1.04e-01    1.0e-03
   1368      3.37e+00    3.42e+00      8.80e-03    8.74e-03      1.07e-01    1.08e-01    1.0e-03
   1377      3.84e+00    3.74e+00      2.57e-02    2.58e-02      1.22e-01    1.18e-01    1.0e-03
   1386      4.03e+00    3.94e+00      2.80e-02    2.83e-02      1.27e-01    1.25e-01    1.0e-03
   1395      3.44e+00    3.49e+00      7.39e-03    7.38e-03      1.09e-01    1.11e-01    1.0e-03
   1404      3.44e+00    3.36e+00      1.12e-02    1.12e-02      1.09e-01    1.06e-01    1.0e-03
   1413      3.70e+00    3.57e+00      1.98e-02    1.96e-02      1.17e-01    1.13e-01    1.0e-03
   1422      3.39e+00    3.38e+00      4.90e-03    4.79e-03      1.07e-01    1.07e-01    1.0e-03
   1431      3.40e+00    3.35e+00      5.62e-02    5.62e-02      1.07e-01    1.06e-01    1.0e-03
   1440      3.38e+00    3.24e+00      3.01e-02    2.99e-02      1.07e-01    1.02e-01    1.0e-03
   1449      3.43e+00    3.47e+00      2.46e-02    2.43e-02      1.08e-01    1.10e-01    1.0e-03
   1458      3.58e+00    3.56e+00      4.82e-02    4.81e-02      1.13e-01    1.13e-01    1.0e-03
   1467      3.27e+00    3.22e+00      2.37e-03    2.19e-03      1.03e-01    1.02e-01    1.0e-03
   1476      3.34e+00    3.18e+00      3.31e-02    3.35e-02      1.06e-01    1.01e-01    1.0e-03
   1485      3.46e+00    3.40e+00      3.93e-02    3.96e-02      1.09e-01    1.08e-01    1.0e-03
   1494      3.45e+00    3.29e+00      2.45e-02    2.40e-02      1.09e-01    1.04e-01    1.0e-03
   1503      3.46e+00    3.50e+00      4.47e-03    4.46e-03      1.09e-01    1.11e-01    1.0e-03
   1512      3.55e+00    3.63e+00      2.70e-02    2.66e-02      1.12e-01    1.15e-01    1.0e-03
   1521      3.58e+00    3.39e+00      1.65e-02    1.68e-02      1.13e-01    1.07e-01    1.0e-03
   1530      3.32e+00    3.17e+00      1.26e-02    1.24e-02      1.05e-01    1.00e-01    1.0e-03
   1539      3.22e+00    3.24e+00      2.82e-02    2.80e-02      1.02e-01    1.03e-01    1.0e-03
   1548      3.51e+00    3.57e+00      1.66e-02    1.65e-02      1.11e-01    1.13e-01    1.0e-03
   1557      3.31e+00    3.33e+00      4.18e-02    4.17e-02      1.05e-01    1.05e-01    1.0e-03
   1566      3.27e+00    3.26e+00      1.36e-02    1.35e-02      1.03e-01    1.03e-01    1.0e-03
   1575      3.26e+00    3.23e+00      1.49e-02    1.49e-02      1.03e-01    1.02e-01    1.0e-03
   1584      3.37e+00    3.19e+00      1.68e-02    1.70e-02      1.07e-01    1.01e-01    1.0e-03
   1593      3.18e+00    3.20e+00      9.70e-04    1.10e-03      1.01e-01    1.01e-01    1.0e-03
   1602      3.40e+00    3.34e+00      2.47e-02    2.47e-02      1.07e-01    1.06e-01    1.0e-03
   1611      3.51e+00    3.46e+00      4.89e-02    4.88e-02      1.11e-01    1.09e-01    1.0e-03
   1620      3.59e+00    3.44e+00      5.51e-02    5.48e-02      1.13e-01    1.09e-01    1.0e-03
   1629      3.18e+00    3.18e+00      5.14e-02    5.12e-02      1.01e-01    1.00e-01    1.0e-03
   1638      3.24e+00    3.24e+00      3.18e-02    3.16e-02      1.02e-01    1.03e-01    1.0e-03
   1647      3.29e+00    3.24e+00      3.74e-03    3.73e-03      1.04e-01    1.03e-01    1.0e-03
   1656      3.38e+00    3.26e+00      6.65e-03    6.83e-03      1.07e-01    1.03e-01    1.0e-03
   1665      3.47e+00    3.50e+00      1.05e-02    1.04e-02      1.10e-01    1.11e-01    1.0e-03
   1674      3.61e+00    3.55e+00      1.49e-02    1.46e-02      1.14e-01    1.12e-01    1.0e-03
   1683      3.26e+00    3.26e+00      7.91e-04    8.84e-04      1.03e-01    1.03e-01    1.0e-03
   1692      3.12e+00    3.19e+00      1.07e-02    1.10e-02      9.87e-02    1.01e-01    1.0e-03
   1701      3.52e+00    3.33e+00      2.38e-02    2.35e-02      1.11e-01    1.05e-01    1.0e-03
   1710      3.36e+00    3.38e+00      2.56e-02    2.58e-02      1.06e-01    1.07e-01    1.0e-03
   1719      3.38e+00    3.15e+00      1.47e-02    1.46e-02      1.07e-01    9.95e-02    1.0e-03
   1728      3.57e+00    3.52e+00      4.91e-03    4.92e-03      1.13e-01    1.11e-01    1.0e-03
   1737      3.28e+00    3.20e+00      2.69e-03    2.69e-03      1.04e-01    1.01e-01    1.0e-03
   1746      3.13e+00    3.19e+00      1.66e-02    1.66e-02      9.88e-02    1.01e-01    1.0e-03
   1755      3.35e+00    3.24e+00      3.61e-02    3.62e-02      1.06e-01    1.02e-01    1.0e-03
   1764      3.27e+00    3.21e+00      1.20e-02    1.22e-02      1.03e-01    1.02e-01    1.0e-03
   1773      3.98e+00    4.03e+00      2.25e-02    2.27e-02      1.26e-01    1.28e-01    1.0e-03
   1782      3.25e+00    3.17e+00      1.09e-02    1.09e-02      1.03e-01    1.00e-01    1.0e-03
   1791      3.19e+00    3.10e+00      2.72e-02    2.72e-02      1.01e-01    9.81e-02    1.0e-03
   1800      3.35e+00    3.40e+00      4.08e-02    4.10e-02      1.06e-01    1.08e-01    1.0e-03
   1809      3.63e+00    3.69e+00      3.47e-02    3.48e-02      1.15e-01    1.17e-01    1.0e-03
   1818      3.25e+00    3.29e+00      5.16e-02    5.16e-02      1.03e-01    1.04e-01    1.0e-03
   1827      3.26e+00    3.04e+00      7.79e-03    7.91e-03      1.03e-01    9.60e-02    1.0e-03
   1836      3.13e+00    3.18e+00      3.69e-02    3.71e-02      9.89e-02    1.00e-01    1.0e-03
   1845      3.28e+00    3.21e+00      1.95e-02    1.95e-02      1.04e-01    1.02e-01    1.0e-03
   1854      3.25e+00    3.13e+00      1.62e-02    1.63e-02      1.03e-01    9.89e-02    1.0e-03
   1863      3.24e+00    3.29e+00      1.57e-02    1.58e-02      1.02e-01    1.04e-01    1.0e-03
   1872      3.31e+00    3.15e+00      1.12e-02    1.16e-02      1.05e-01    9.97e-02    1.0e-03
   1881      3.17e+00    3.20e+00      1.19e-02    1.20e-02      1.00e-01    1.01e-01    1.0e-03
   1890      3.03e+00    3.04e+00      3.32e-03    3.24e-03      9.57e-02    9.60e-02    1.0e-03
   1899      3.27e+00    3.14e+00      1.66e-02    1.70e-02      1.03e-01    9.94e-02    1.0e-03
   1908      3.26e+00    3.18e+00      1.15e-03    1.13e-03      1.03e-01    1.01e-01    1.0e-03
   1917      3.49e+00    3.40e+00      2.54e-02    2.55e-02      1.10e-01    1.08e-01    1.0e-03
   1926      3.29e+00    3.20e+00      4.71e-02    4.70e-02      1.04e-01    1.01e-01    1.0e-03
   1935      3.27e+00    3.24e+00      2.35e-02    2.36e-02      1.03e-01    1.03e-01    1.0e-03
   1944      3.30e+00    3.24e+00      2.24e-02    2.24e-02      1.04e-01    1.02e-01    1.0e-03
   1953      3.61e+00    3.60e+00      1.28e-02    1.28e-02      1.14e-01    1.14e-01    1.0e-03
   1962      3.33e+00    3.22e+00      6.09e-04    7.95e-04      1.05e-01    1.02e-01    1.0e-03
   1971      3.10e+00    3.10e+00      2.54e-02    2.55e-02      9.81e-02    9.80e-02    1.0e-03
   1980      3.53e+00    3.35e+00      2.00e-02    2.00e-02      1.12e-01    1.06e-01    1.0e-03
   1989      3.33e+00    3.33e+00      4.02e-02    4.03e-02      1.05e-01    1.05e-01    1.0e-03
   1998      3.02e+00    3.05e+00      4.58e-03    4.43e-03      9.57e-02    9.64e-02    1.0e-03
   2007      3.80e+00    3.60e+00      2.86e-03    2.98e-03      1.20e-01    1.14e-01    1.0e-03
   2016      3.39e+00    3.32e+00      2.50e-03    2.47e-03      1.07e-01    1.05e-01    1.0e-03
   2025      3.17e+00    3.17e+00      6.40e-03    6.48e-03      1.00e-01    1.00e-01    1.0e-03
   2034      3.12e+00    3.02e+00      1.36e-03    1.54e-03      9.88e-02    9.56e-02    1.0e-03
   2043      3.05e+00    2.89e+00      2.77e-02    2.75e-02      9.65e-02    9.14e-02    1.0e-03
   2052      3.16e+00    3.09e+00      1.81e-02    1.85e-02      1.00e-01    9.77e-02    1.0e-03
   2061      3.08e+00    3.13e+00      8.98e-03    8.78e-03      9.75e-02    9.89e-02    1.0e-03
   2070      3.13e+00    3.06e+00      6.89e-04    9.46e-04      9.90e-02    9.67e-02    1.0e-03
   2079      3.48e+00    3.54e+00      3.55e-02    3.56e-02      1.10e-01    1.12e-01    1.0e-03
   2088      3.36e+00    3.33e+00      2.21e-02    2.20e-02      1.06e-01    1.05e-01    1.0e-03
   2097      3.26e+00    3.18e+00      9.36e-03    9.61e-03      1.03e-01    1.00e-01    1.0e-03
   2106      3.18e+00    3.14e+00      3.79e-02    3.82e-02      1.01e-01    9.93e-02    1.0e-03
   2115      3.22e+00    3.17e+00      4.47e-02    4.50e-02      1.02e-01    1.00e-01    1.0e-03
   2124      3.42e+00    3.30e+00      1.16e-02    1.13e-02      1.08e-01    1.04e-01    1.0e-03
   2133      3.06e+00    3.04e+00      3.03e-02    3.04e-02      9.68e-02    9.61e-02    1.0e-03
   2142      3.01e+00    3.03e+00      5.06e-03    4.97e-03      9.52e-02    9.58e-02    1.0e-03
   2151      3.27e+00    3.17e+00      3.69e-02    3.72e-02      1.03e-01    1.00e-01    1.0e-03
   2160      3.39e+00    3.21e+00      1.46e-02    1.44e-02      1.07e-01    1.02e-01    1.0e-03
   2169      2.98e+00    3.07e+00      1.17e-02    1.16e-02      9.41e-02    9.72e-02    1.0e-03
   2178      3.40e+00    3.35e+00      1.58e-02    1.58e-02      1.08e-01    1.06e-01    1.0e-03
   2187      3.20e+00    3.23e+00      5.42e-02    5.41e-02      1.01e-01    1.02e-01    1.0e-03
   2196      3.04e+00    2.97e+00      6.91e-04    7.63e-04      9.60e-02    9.41e-02    1.0e-03
   2205      3.06e+00    3.02e+00      1.03e-03    1.02e-03      9.67e-02    9.55e-02    1.0e-03
   2214      3.21e+00    3.05e+00      8.96e-03    9.15e-03      1.01e-01    9.64e-02    1.0e-03
   2223      3.02e+00    2.99e+00      3.25e-03    3.34e-03      9.56e-02    9.47e-02    1.0e-03
   2232      3.12e+00    3.12e+00      2.83e-03    2.75e-03      9.86e-02    9.86e-02    1.0e-03
   2241      3.83e+00    3.70e+00      1.67e-02    1.71e-02      1.21e-01    1.17e-01    1.0e-03
   2250      3.36e+00    3.21e+00      1.50e-02    1.48e-02      1.06e-01    1.02e-01    1.0e-03
   2259      3.08e+00    3.11e+00      3.76e-02    3.78e-02      9.74e-02    9.85e-02    1.0e-03
   2268      3.12e+00    2.99e+00      7.66e-04    6.87e-04      9.88e-02    9.45e-02    1.0e-03
   2277      3.26e+00    3.15e+00      4.49e-02    4.49e-02      1.03e-01    9.95e-02    1.0e-03
   2286      3.09e+00    2.99e+00      1.61e-02    1.60e-02      9.76e-02    9.45e-02    1.0e-03
   2295      3.14e+00    3.06e+00      3.47e-02    3.48e-02      9.93e-02    9.69e-02    1.0e-03
   2304      2.94e+00    2.90e+00      3.86e-03    3.84e-03      9.31e-02    9.18e-02    1.0e-03
   2313      3.24e+00    3.09e+00      9.73e-04    7.88e-04      1.02e-01    9.77e-02    1.0e-03
   2322      3.27e+00    3.31e+00      1.94e-02    1.95e-02      1.03e-01    1.05e-01    1.0e-03
   2331      3.19e+00    3.04e+00      2.56e-03    2.46e-03      1.01e-01    9.62e-02    1.0e-03
   2340      3.22e+00    3.14e+00      2.10e-02    2.11e-02      1.02e-01    9.93e-02    1.0e-03
   2349      3.16e+00    3.13e+00      1.08e-02    1.09e-02      9.98e-02    9.89e-02    1.0e-03
   2358      3.06e+00    2.98e+00      6.06e-03    6.13e-03      9.69e-02    9.42e-02    1.0e-03
   2367      2.99e+00    3.03e+00      1.33e-03    1.21e-03      9.47e-02    9.58e-02    1.0e-03
   2376      3.25e+00    3.09e+00      5.04e-02    5.02e-02      1.03e-01    9.77e-02    1.0e-03
   2385      2.99e+00    2.94e+00      9.85e-03    9.86e-03      9.46e-02    9.31e-02    1.0e-03
   2394      3.10e+00    3.02e+00      1.28e-02    1.28e-02      9.80e-02    9.55e-02    1.0e-03
   2403      3.04e+00    2.89e+00      6.88e-03    7.17e-03      9.61e-02    9.14e-02    1.0e-03
   2412      3.04e+00    2.99e+00      6.16e-03    6.16e-03      9.63e-02    9.47e-02    1.0e-03
   2421      2.99e+00    2.88e+00      3.48e-03    3.74e-03      9.47e-02    9.10e-02    1.0e-03
   2430      3.91e+00    3.88e+00      6.54e-02    6.51e-02      1.24e-01    1.23e-01    1.0e-03
   2439      3.54e+00    3.56e+00      4.75e-02    4.77e-02      1.12e-01    1.13e-01    1.0e-03
   2448      3.14e+00    3.05e+00      1.20e-02    1.20e-02      9.93e-02    9.64e-02    1.0e-03
   2457      3.04e+00    2.93e+00      4.57e-02    4.60e-02      9.63e-02    9.25e-02    1.0e-03
   2466      3.12e+00    3.07e+00      3.55e-02    3.52e-02      9.88e-02    9.72e-02    1.0e-03
   2475      3.19e+00    3.09e+00      2.92e-03    3.01e-03      1.01e-01    9.77e-02    1.0e-03
   2484      3.06e+00    3.01e+00      1.14e-02    1.12e-02      9.67e-02    9.51e-02    1.0e-03
   2493      3.07e+00    3.06e+00      1.51e-02    1.52e-02      9.70e-02    9.69e-02    1.0e-03
   2502      2.99e+00    2.89e+00      7.04e-03    7.03e-03      9.45e-02    9.13e-02    1.0e-03
   2511      2.95e+00    2.83e+00      1.35e-02    1.36e-02      9.34e-02    8.94e-02    1.0e-03
   2520      3.32e+00    3.26e+00      6.35e-03    6.18e-03      1.05e-01    1.03e-01    1.0e-03
   2529      3.02e+00    3.01e+00      1.65e-02    1.65e-02      9.54e-02    9.53e-02    1.0e-03
   2538      3.08e+00    3.02e+00      2.97e-02    2.98e-02      9.74e-02    9.56e-02    1.0e-03
   2547      3.38e+00    3.44e+00      2.21e-02    2.20e-02      1.07e-01    1.09e-01    1.0e-03
   2556      3.45e+00    3.39e+00      1.72e-02    1.72e-02      1.09e-01    1.07e-01    1.0e-03
   2565      2.98e+00    2.91e+00      1.43e-02    1.40e-02      9.44e-02    9.21e-02    1.0e-03
   2574      3.00e+00    2.92e+00      1.48e-02    1.49e-02      9.50e-02    9.23e-02    1.0e-03
   2583      3.08e+00    2.96e+00      5.13e-03    4.95e-03      9.73e-02    9.36e-02    1.0e-03
   2592      3.00e+00    2.95e+00      3.13e-03    3.29e-03      9.49e-02    9.31e-02    1.0e-03
   2601      2.97e+00    2.89e+00      1.40e-02    1.41e-02      9.38e-02    9.15e-02    1.0e-03
   2610      2.95e+00    3.00e+00      1.80e-02    1.82e-02      9.34e-02    9.49e-02    1.0e-03
   2619      3.27e+00    3.18e+00      9.29e-03    9.69e-03      1.03e-01    1.01e-01    1.0e-03
   2628      3.23e+00    3.21e+00      1.92e-02    1.94e-02      1.02e-01    1.01e-01    1.0e-03
   2637      3.22e+00    3.09e+00      2.13e-02    2.14e-02      1.02e-01    9.77e-02    1.0e-03
   2646      2.99e+00    2.98e+00      2.18e-02    2.18e-02      9.46e-02    9.43e-02    1.0e-03
   2655      3.33e+00    3.19e+00      2.19e-02    2.20e-02      1.05e-01    1.01e-01    1.0e-03
   2664      3.09e+00    2.86e+00      2.60e-02    2.66e-02      9.77e-02    9.06e-02    1.0e-03
   2673      3.12e+00    3.11e+00      7.40e-03    7.57e-03      9.86e-02    9.83e-02    1.0e-03
   2682      3.22e+00    3.11e+00      3.60e-02    3.59e-02      1.02e-01    9.84e-02    1.0e-03
   2691      2.95e+00    2.89e+00      8.60e-03    8.60e-03      9.33e-02    9.13e-02    1.0e-03
   2700      3.04e+00    2.91e+00      2.00e-02    2.03e-02      9.61e-02    9.21e-02    1.0e-03
   2709      3.12e+00    2.99e+00      1.66e-02    1.67e-02      9.85e-02    9.47e-02    1.0e-03
   2718      3.14e+00    3.07e+00      2.48e-03    2.44e-03      9.92e-02    9.70e-02    1.0e-03
   2727      2.92e+00    2.88e+00      9.71e-03    9.77e-03      9.24e-02    9.12e-02    1.0e-03
   2736      3.18e+00    3.23e+00      4.82e-02    4.81e-02      1.00e-01    1.02e-01    1.0e-03
   2745      3.32e+00    3.20e+00      3.96e-02    3.94e-02      1.05e-01    1.01e-01    1.0e-03
   2754      3.15e+00    3.04e+00      1.07e-02    1.08e-02      9.98e-02    9.61e-02    1.0e-03
   2763      3.08e+00    2.91e+00      2.91e-02    2.94e-02      9.74e-02    9.20e-02    1.0e-03
   2772      3.04e+00    2.91e+00      8.37e-03    8.58e-03      9.60e-02    9.22e-02    1.0e-03
   2781      3.41e+00    3.25e+00      2.86e-02    2.85e-02      1.08e-01    1.03e-01    1.0e-03
   2790      4.65e+00    4.64e+00      6.85e-02    6.84e-02      1.47e-01    1.47e-01    1.0e-03
   2799      4.35e+00    4.27e+00      6.18e-02    6.18e-02      1.37e-01    1.35e-01    1.0e-03
   2808      3.38e+00    3.30e+00      3.97e-02    3.96e-02      1.07e-01    1.04e-01    1.0e-03
   2817      3.04e+00    2.92e+00      1.08e-01    1.08e-01      9.61e-02    9.22e-02    1.0e-03
   2826      2.95e+00    2.92e+00      1.84e-02    1.84e-02      9.33e-02    9.22e-02    1.0e-03
   2835      2.90e+00    2.86e+00      1.27e-02    1.27e-02      9.18e-02    9.04e-02    1.0e-03
   2844      2.97e+00    2.88e+00      2.64e-02    2.67e-02      9.40e-02    9.12e-02    1.0e-03
   2853      2.87e+00    2.91e+00      5.70e-04    6.08e-04      9.08e-02    9.19e-02    1.0e-03
   2862      2.98e+00    2.81e+00      8.14e-03    8.00e-03      9.42e-02    8.87e-02    1.0e-03
   2871      2.83e+00    2.80e+00      8.87e-04    8.68e-04      8.96e-02    8.87e-02    1.0e-03
   2880      2.94e+00    2.85e+00      2.56e-03    2.46e-03      9.31e-02    9.01e-02    1.0e-03
   2889      2.93e+00    2.86e+00      1.70e-02    1.72e-02      9.26e-02    9.06e-02    1.0e-03
   2898      2.96e+00    2.88e+00      2.03e-03    2.06e-03      9.36e-02    9.10e-02    1.0e-03
   2907      2.96e+00    2.88e+00      2.95e-03    3.19e-03      9.37e-02    9.10e-02    1.0e-03
   2916      2.78e+00    2.78e+00      2.14e-02    2.14e-02      8.79e-02    8.79e-02    1.0e-03
   2925      3.12e+00    2.94e+00      5.13e-03    5.50e-03      9.87e-02    9.29e-02    1.0e-03
   2934      2.88e+00    2.87e+00      1.75e-02    1.74e-02      9.10e-02    9.07e-02    1.0e-03
   2943      2.98e+00    2.85e+00      1.30e-03    1.16e-03      9.43e-02    9.02e-02    1.0e-03
   2952      2.98e+00    3.01e+00      1.46e-02    1.47e-02      9.42e-02    9.51e-02    1.0e-03
   2961      2.98e+00    2.82e+00      1.46e-03    1.83e-03      9.43e-02    8.93e-02    1.0e-03
   2970      3.04e+00    2.99e+00      4.77e-03    4.84e-03      9.62e-02    9.46e-02    1.0e-03
   2979      2.96e+00    2.86e+00      4.55e-03    4.44e-03      9.37e-02    9.05e-02    1.0e-03
   2988      3.01e+00    2.77e+00      2.56e-03    2.19e-03      9.52e-02    8.77e-02    1.0e-03
   2997      2.82e+00    2.75e+00      5.73e-04    6.35e-04      8.92e-02    8.70e-02    1.0e-03
   3006      3.11e+00    3.14e+00      1.21e-02    1.20e-02      9.85e-02    9.94e-02    1.0e-03
   3015      2.94e+00    2.83e+00      2.89e-03    3.18e-03      9.29e-02    8.93e-02    1.0e-03
   3024      2.99e+00    2.86e+00      1.87e-02    1.89e-02      9.44e-02    9.06e-02    1.0e-03
   3033      2.95e+00    2.94e+00      1.10e-02    1.09e-02      9.34e-02    9.30e-02    1.0e-03
   3042      3.18e+00    3.07e+00      3.07e-02    3.09e-02      1.00e-01    9.72e-02    1.0e-03
   3051      3.53e+00    3.40e+00      2.40e-02    2.45e-02      1.12e-01    1.08e-01    1.0e-03
   3060      2.96e+00    2.97e+00      3.03e-02    3.01e-02      9.35e-02    9.38e-02    1.0e-03
   3069      3.01e+00    2.87e+00      1.96e-02    1.97e-02      9.51e-02    9.08e-02    1.0e-03
   3078      2.83e+00    2.75e+00      3.91e-03    3.83e-03      8.95e-02    8.68e-02    1.0e-03
   3087      2.98e+00    2.73e+00      8.76e-03    9.07e-03      9.44e-02    8.63e-02    1.0e-03
   3096      2.94e+00    2.96e+00      2.04e-02    2.03e-02      9.29e-02    9.36e-02    1.0e-03
   3105      3.04e+00    2.85e+00      1.93e-02    1.96e-02      9.61e-02    9.03e-02    1.0e-03
   3114      2.88e+00    2.89e+00      7.83e-03    7.88e-03      9.09e-02    9.15e-02    1.0e-03
   3123      2.87e+00    2.78e+00      2.07e-03    2.01e-03      9.08e-02    8.78e-02    1.0e-03
   3132      2.85e+00    2.79e+00      1.03e-02    1.04e-02      9.02e-02    8.83e-02    1.0e-03
   3141      2.93e+00    2.77e+00      1.66e-02    1.67e-02      9.27e-02    8.76e-02    1.0e-03
   3150      2.98e+00    2.94e+00      6.97e-03    6.85e-03      9.43e-02    9.30e-02    1.0e-03
   3159      2.89e+00    2.80e+00      5.58e-02    5.56e-02      9.12e-02    8.85e-02    1.0e-03
   3168      2.89e+00    2.89e+00      2.06e-03    2.09e-03      9.14e-02    9.13e-02    1.0e-03
   3177      3.01e+00    2.90e+00      3.17e-02    3.13e-02      9.52e-02    9.16e-02    1.0e-03
   3186      3.29e+00    3.30e+00      2.65e-02    2.65e-02      1.04e-01    1.04e-01    1.0e-03
   3195      2.94e+00    2.83e+00      2.87e-02    2.88e-02      9.30e-02    8.93e-02    1.0e-03
   3204      3.09e+00    3.07e+00      6.59e-03    6.50e-03      9.76e-02    9.70e-02    1.0e-03
   3213      2.89e+00    2.83e+00      5.32e-03    5.33e-03      9.13e-02    8.95e-02    1.0e-03
   3222      2.92e+00    2.94e+00      4.50e-03    4.46e-03      9.23e-02    9.29e-02    1.0e-03
   3231      2.91e+00    2.82e+00      5.04e-03    5.31e-03      9.21e-02    8.92e-02    1.0e-03
   3240      3.18e+00    3.14e+00      6.78e-03    6.72e-03      1.01e-01    9.94e-02    1.0e-03
   3249      2.85e+00    2.87e+00      1.93e-02    1.92e-02      9.01e-02    9.06e-02    1.0e-03
   3258      3.26e+00    3.15e+00      1.63e-03    1.72e-03      1.03e-01    9.97e-02    1.0e-03
   3267      3.08e+00    3.07e+00      1.69e-02    1.69e-02      9.73e-02    9.70e-02    1.0e-03
   3276      2.87e+00    2.85e+00      2.74e-02    2.73e-02      9.09e-02    9.02e-02    1.0e-03
   3285      2.93e+00    2.85e+00      5.67e-03    5.40e-03      9.27e-02    9.00e-02    1.0e-03
   3294      2.90e+00    2.84e+00      6.01e-03    6.14e-03      9.19e-02    8.97e-02    1.0e-03
   3303      2.87e+00    2.76e+00      2.95e-02    2.97e-02      9.08e-02    8.73e-02    1.0e-03
   3312      2.91e+00    2.87e+00      1.84e-03    1.94e-03      9.21e-02    9.09e-02    1.0e-03
   3321      3.08e+00    2.91e+00      2.49e-02    2.44e-02      9.72e-02    9.21e-02    1.0e-03
   3330      2.99e+00    2.82e+00      3.12e-02    3.11e-02      9.46e-02    8.90e-02    1.0e-03
   3339      3.08e+00    2.96e+00      3.11e-03    3.26e-03      9.73e-02    9.35e-02    1.0e-03
   3348      3.03e+00    2.97e+00      1.04e-02    1.03e-02      9.58e-02    9.39e-02    1.0e-03
   3357      3.01e+00    2.98e+00      4.93e-02    4.91e-02      9.52e-02    9.42e-02    1.0e-03
   3366      2.72e+00    2.73e+00      1.84e-02    1.84e-02      8.60e-02    8.65e-02    1.0e-03
   3375      2.95e+00    2.75e+00      1.29e-02    1.33e-02      9.33e-02    8.69e-02    1.0e-03
   3384      2.87e+00    2.75e+00      5.17e-03    4.91e-03      9.09e-02    8.71e-02    1.0e-03
   3393      2.87e+00    2.76e+00      3.06e-03    3.08e-03      9.06e-02    8.74e-02    1.0e-03
   3402      2.92e+00    2.80e+00      5.65e-03    5.67e-03      9.24e-02    8.85e-02    1.0e-03
   3411      2.86e+00    2.76e+00      2.13e-02    2.17e-02      9.04e-02    8.72e-02    1.0e-03
   3420      2.91e+00    2.81e+00      1.14e-02    1.14e-02      9.20e-02    8.89e-02    1.0e-03
   3429      2.88e+00    2.87e+00      1.77e-02    1.75e-02      9.11e-02    9.07e-02    1.0e-03
   3438      2.84e+00    2.70e+00      1.47e-02    1.49e-02      8.97e-02    8.53e-02    1.0e-03
   3447      2.96e+00    2.91e+00      1.40e-02    1.38e-02      9.35e-02    9.21e-02    1.0e-03
   3456      2.89e+00    2.79e+00      4.99e-04    7.05e-04      9.14e-02    8.81e-02    1.0e-03
   3465      2.83e+00    2.71e+00      1.95e-03    2.05e-03      8.95e-02    8.57e-02    1.0e-03
   3474      4.02e+00    3.97e+00      3.15e-03    2.98e-03      1.27e-01    1.26e-01    1.0e-03
   3483      3.43e+00    3.39e+00      7.14e-02    7.18e-02      1.08e-01    1.07e-01    1.0e-03
   3492      2.99e+00    2.86e+00      1.15e-02    1.12e-02      9.44e-02    9.04e-02    1.0e-03
   3501      2.84e+00    2.92e+00      2.26e-03    2.26e-03      8.97e-02    9.25e-02    1.0e-03
   3510      2.86e+00    2.87e+00      1.80e-02    1.79e-02      9.04e-02    9.07e-02    1.0e-03
   3519      2.84e+00    2.78e+00      1.73e-02    1.73e-02      8.98e-02    8.79e-02    1.0e-03
   3528      2.81e+00    2.70e+00      1.90e-03    2.28e-03      8.88e-02    8.55e-02    1.0e-03
   3537      2.87e+00    2.72e+00      1.62e-02    1.62e-02      9.07e-02    8.61e-02    1.0e-03
   3546      2.79e+00    2.69e+00      2.45e-03    2.57e-03      8.83e-02    8.51e-02    1.0e-03
   3555      2.93e+00    2.81e+00      6.74e-04    9.17e-04      9.27e-02    8.90e-02    1.0e-03
   3564      3.08e+00    3.10e+00      2.78e-02    2.80e-02      9.75e-02    9.79e-02    1.0e-03
   3573      2.83e+00    2.79e+00      1.75e-02    1.73e-02      8.96e-02    8.83e-02    1.0e-03
   3582      2.95e+00    2.82e+00      1.01e-02    9.97e-03      9.31e-02    8.92e-02    1.0e-03
   3591      2.97e+00    2.86e+00      1.79e-02    1.84e-02      9.40e-02    9.05e-02    1.0e-03
   3600      2.92e+00    2.83e+00      6.04e-03    5.90e-03      9.24e-02    8.93e-02    1.0e-03
   3609      3.03e+00    3.00e+00      2.70e-02    2.71e-02      9.58e-02    9.47e-02    1.0e-03
   3618      3.61e+00    3.47e+00      5.99e-02    5.98e-02      1.14e-01    1.10e-01    1.0e-03
   3627      3.06e+00    3.00e+00      4.92e-03    5.29e-03      9.68e-02    9.50e-02    1.0e-03
   3636      2.88e+00    2.90e+00      2.20e-02    2.16e-02      9.10e-02    9.17e-02    1.0e-03
   3645      3.30e+00    3.27e+00      3.14e-02    3.14e-02      1.04e-01    1.03e-01    1.0e-03
   3654      3.01e+00    2.89e+00      1.53e-02    1.49e-02      9.53e-02    9.14e-02    1.0e-03
   3663      3.26e+00    3.20e+00      2.62e-02    2.64e-02      1.03e-01    1.01e-01    1.0e-03
   3672      2.82e+00    2.77e+00      3.80e-02    3.83e-02      8.91e-02    8.76e-02    1.0e-03
   3681      2.94e+00    2.80e+00      6.80e-04    6.34e-04      9.30e-02    8.86e-02    1.0e-03
   3690      3.00e+00    2.85e+00      6.08e-03    5.92e-03      9.48e-02    9.02e-02    1.0e-03
   3699      2.90e+00    2.83e+00      8.95e-03    9.16e-03      9.18e-02    8.96e-02    1.0e-03
   3708      2.77e+00    2.72e+00      9.69e-03    9.83e-03      8.75e-02    8.59e-02    1.0e-03
   3717      2.80e+00    2.69e+00      1.29e-03    1.41e-03      8.86e-02    8.50e-02    1.0e-03
   3726      2.94e+00    2.72e+00      1.46e-02    1.45e-02      9.30e-02    8.61e-02    1.0e-03
   3735      2.73e+00    2.81e+00      3.30e-02    3.29e-02      8.64e-02    8.88e-02    1.0e-03
   3744      2.90e+00    2.75e+00      2.32e-02    2.34e-02      9.18e-02    8.70e-02    1.0e-03
   3753      2.84e+00    2.79e+00      4.29e-02    4.30e-02      8.97e-02    8.83e-02    1.0e-03
   3762      3.11e+00    2.95e+00      2.56e-02    2.55e-02      9.83e-02    9.33e-02    1.0e-03
   3771      3.02e+00    3.01e+00      1.77e-02    1.79e-02      9.55e-02    9.53e-02    1.0e-03
   3780      2.93e+00    2.85e+00      3.76e-02    3.72e-02      9.28e-02    9.01e-02    1.0e-03
   3789      2.81e+00    2.73e+00      1.29e-02    1.32e-02      8.89e-02    8.64e-02    1.0e-03
   3798      2.90e+00    2.71e+00      1.89e-02    1.92e-02      9.18e-02    8.56e-02    1.0e-03
   3807      2.81e+00    2.77e+00      2.18e-02    2.18e-02      8.89e-02    8.76e-02    1.0e-03
   3816      2.86e+00    2.84e+00      1.08e-02    1.09e-02      9.04e-02    8.99e-02    1.0e-03
   3825      2.83e+00    2.73e+00      4.13e-03    4.48e-03      8.96e-02    8.62e-02    1.0e-03
   3834      2.86e+00    2.66e+00      1.06e-02    1.05e-02      9.04e-02    8.40e-02    1.0e-03
   3843      2.82e+00    2.80e+00      1.68e-02    1.71e-02      8.92e-02    8.87e-02    1.0e-03
   3852      2.98e+00    2.90e+00      2.12e-02    2.12e-02      9.41e-02    9.18e-02    1.0e-03
   3861      2.92e+00    2.85e+00      3.32e-02    3.29e-02      9.25e-02    9.02e-02    1.0e-03
   3870      3.00e+00    2.98e+00      2.22e-02    2.21e-02      9.47e-02    9.44e-02    1.0e-03
   3879      3.21e+00    3.10e+00      5.69e-03    5.69e-03      1.02e-01    9.79e-02    1.0e-03
   3888      2.95e+00    3.05e+00      2.33e-02    2.34e-02      9.34e-02    9.63e-02    1.0e-03
   3897      2.96e+00    2.94e+00      2.83e-02    2.84e-02      9.36e-02    9.28e-02    1.0e-03
   3906      2.70e+00    2.59e+00      6.82e-04    6.27e-04      8.55e-02    8.18e-02    1.0e-03
   3915      2.92e+00    2.74e+00      2.98e-03    2.85e-03      9.25e-02    8.67e-02    1.0e-03
   3924      3.14e+00    2.89e+00      1.10e-02    1.07e-02      9.92e-02    9.15e-02    1.0e-03
   3933      2.82e+00    2.75e+00      2.22e-03    2.03e-03      8.91e-02    8.69e-02    1.0e-03
   3942      2.86e+00    2.90e+00      1.04e-02    1.05e-02      9.05e-02    9.18e-02    1.0e-03
   3951      3.00e+00    2.77e+00      1.30e-02    1.33e-02      9.50e-02    8.75e-02    1.0e-03
   3960      2.74e+00    2.68e+00      1.47e-02    1.48e-02      8.67e-02    8.47e-02    1.0e-03
   3969      3.21e+00    3.17e+00      1.64e-02    1.61e-02      1.02e-01    1.00e-01    1.0e-03
   3978      3.02e+00    2.95e+00      1.30e-02    1.33e-02      9.54e-02    9.32e-02    1.0e-03
   3987      2.85e+00    2.68e+00      3.15e-02    3.18e-02      9.02e-02    8.46e-02    1.0e-03
   3996      3.04e+00    2.98e+00      1.75e-02    1.77e-02      9.62e-02    9.43e-02    1.0e-03
   4005      3.14e+00    2.99e+00      3.43e-02    3.44e-02      9.93e-02    9.47e-02    1.0e-03
   4014      2.85e+00    2.79e+00      1.47e-02    1.45e-02      9.03e-02    8.83e-02    1.0e-03
   4023      2.89e+00    2.79e+00      2.96e-02    2.94e-02      9.13e-02    8.82e-02    1.0e-03
   4032      2.76e+00    2.65e+00      9.91e-03    9.64e-03      8.74e-02    8.37e-02    1.0e-03
   4041      2.87e+00    2.75e+00      1.47e-02    1.49e-02      9.06e-02    8.68e-02    1.0e-03
   4050      2.90e+00    2.86e+00      1.77e-02    1.75e-02      9.17e-02    9.04e-02    1.0e-03
   4059      2.93e+00    2.91e+00      2.10e-02    2.09e-02      9.26e-02    9.20e-02    1.0e-03
   4068      3.48e+00    3.29e+00      2.10e-02    2.09e-02      1.10e-01    1.04e-01    1.0e-03
   4077      3.50e+00    3.49e+00      2.11e-02    2.12e-02      1.11e-01    1.10e-01    1.0e-03
   4086      2.90e+00    2.91e+00      3.20e-02    3.18e-02      9.17e-02    9.19e-02    1.0e-03
   4095      2.81e+00    2.70e+00      3.50e-03    3.60e-03      8.88e-02    8.53e-02    1.0e-03
   4104      2.77e+00    2.78e+00      1.06e-02    1.04e-02      8.77e-02    8.80e-02    1.0e-03
   4113      3.00e+00    2.96e+00      2.62e-03    2.64e-03      9.49e-02    9.36e-02    1.0e-03
   4122      2.99e+00    2.81e+00      2.53e-02    2.52e-02      9.45e-02    8.89e-02    1.0e-03
   4131      2.87e+00    2.89e+00      8.77e-03    8.64e-03      9.08e-02    9.13e-02    1.0e-03
   4140      2.89e+00    2.83e+00      3.62e-03    3.83e-03      9.13e-02    8.94e-02    1.0e-03
   4149      2.83e+00    2.85e+00      8.64e-03    9.08e-03      8.94e-02    9.02e-02    1.0e-03
   4158      2.96e+00    2.91e+00      1.71e-02    1.73e-02      9.36e-02    9.20e-02    1.0e-03
   4167      3.04e+00    2.86e+00      2.80e-02    2.83e-02      9.61e-02    9.03e-02    1.0e-03
   4176      3.39e+00    3.33e+00      5.79e-02    5.81e-02      1.07e-01    1.05e-01    1.0e-03
   4185      3.14e+00    3.11e+00      1.75e-02    1.76e-02      9.93e-02    9.85e-02    1.0e-03
   4194      2.75e+00    2.67e+00      1.82e-02    1.84e-02      8.69e-02    8.44e-02    1.0e-03
   4203      2.88e+00    2.82e+00      6.12e-03    6.20e-03      9.10e-02    8.93e-02    1.0e-03
   4212      2.98e+00    2.84e+00      1.21e-02    1.21e-02      9.41e-02    8.97e-02    1.0e-03
   4221      2.81e+00    2.76e+00      2.75e-02    2.72e-02      8.87e-02    8.73e-02    1.0e-03
   4230      2.91e+00    2.80e+00      1.38e-02    1.35e-02      9.20e-02    8.86e-02    1.0e-03
   4239      2.76e+00    2.77e+00      1.11e-03    1.29e-03      8.73e-02    8.77e-02    1.0e-03
   4248      2.93e+00    2.77e+00      5.43e-03    5.28e-03      9.27e-02    8.76e-02    1.0e-03
   4257      2.88e+00    2.75e+00      1.46e-02    1.47e-02      9.11e-02    8.68e-02    1.0e-03
   4266      2.84e+00    2.64e+00      2.46e-03    2.41e-03      8.99e-02    8.36e-02    1.0e-03
   4275      2.90e+00    2.84e+00      4.68e-02    4.66e-02      9.16e-02    8.99e-02    1.0e-03
   4284      2.99e+00    2.92e+00      4.43e-03    4.27e-03      9.46e-02    9.23e-02    1.0e-03
   4293      2.80e+00    2.67e+00      2.13e-02    2.14e-02      8.86e-02    8.44e-02    1.0e-03
   4302      2.78e+00    2.61e+00      8.95e-03    9.14e-03      8.79e-02    8.24e-02    1.0e-03
   4311      2.83e+00    2.79e+00      3.26e-03    3.17e-03      8.95e-02    8.82e-02    1.0e-03
   4320      2.77e+00    2.68e+00      3.95e-02    3.93e-02      8.76e-02    8.47e-02    1.0e-03
   4329      2.80e+00    2.71e+00      2.10e-02    2.09e-02      8.84e-02    8.56e-02    1.0e-03
   4338      2.83e+00    2.61e+00      1.10e-03    1.19e-03      8.96e-02    8.24e-02    1.0e-03
   4347      2.65e+00    2.66e+00      2.29e-02    2.33e-02      8.39e-02    8.40e-02    1.0e-03
   4356      2.92e+00    2.86e+00      1.03e-02    1.03e-02      9.23e-02    9.06e-02    1.0e-03
   4365      2.83e+00    2.73e+00      3.33e-03    3.21e-03      8.94e-02    8.63e-02    1.0e-03
   4374      2.82e+00    2.72e+00      1.98e-02    1.98e-02      8.93e-02    8.59e-02    1.0e-03
   4383      2.87e+00    2.87e+00      3.65e-02    3.64e-02      9.08e-02    9.08e-02    1.0e-03
   4392      2.83e+00    2.86e+00      1.47e-02    1.45e-02      8.94e-02    9.04e-02    1.0e-03
   4401      3.17e+00    3.02e+00      1.44e-02    1.40e-02      1.00e-01    9.54e-02    1.0e-03
   4410      2.91e+00    2.82e+00      1.22e-02    1.20e-02      9.22e-02    8.92e-02    1.0e-03
   4419      2.83e+00    2.74e+00      2.89e-02    2.92e-02      8.94e-02    8.68e-02    1.0e-03
   4428      3.12e+00    3.06e+00      4.04e-02    4.03e-02      9.87e-02    9.67e-02    1.0e-03
   4437      3.02e+00    3.02e+00      1.69e-02    1.68e-02      9.55e-02    9.56e-02    1.0e-03
   4446      2.83e+00    2.78e+00      1.87e-02    1.87e-02      8.95e-02    8.78e-02    1.0e-03
   4455      2.71e+00    2.65e+00      3.27e-03    3.04e-03      8.57e-02    8.40e-02    1.0e-03
   4464      2.82e+00    2.78e+00      1.00e-02    1.01e-02      8.93e-02    8.79e-02    1.0e-03
   4473      3.03e+00    2.96e+00      2.78e-02    2.74e-02      9.59e-02    9.35e-02    1.0e-03
   4482      2.85e+00    2.72e+00      3.85e-02    3.87e-02      9.00e-02    8.60e-02    1.0e-03
   4491      2.76e+00    2.71e+00      1.79e-02    1.78e-02      8.73e-02    8.58e-02    1.0e-03
   4500      3.15e+00    3.11e+00      1.78e-02    1.78e-02      9.98e-02    9.82e-02    1.0e-03
   4509      3.13e+00    3.08e+00      1.78e-02    1.77e-02      9.88e-02    9.74e-02    1.0e-03
   4518      2.84e+00    2.62e+00      6.61e-03    6.41e-03      8.98e-02    8.27e-02    1.0e-03
   4527      2.80e+00    2.84e+00      3.85e-02    3.87e-02      8.86e-02    8.97e-02    1.0e-03
   4536      2.92e+00    2.93e+00      4.02e-03    4.16e-03      9.23e-02    9.27e-02    1.0e-03
   4545      2.81e+00    2.71e+00      2.22e-03    2.23e-03      8.89e-02    8.58e-02    1.0e-03
   4554      2.90e+00    2.78e+00      3.79e-02    3.83e-02      9.16e-02    8.79e-02    1.0e-03
   4563      2.88e+00    2.83e+00      4.17e-02    4.18e-02      9.10e-02    8.94e-02    1.0e-03
   4572      2.76e+00    2.67e+00      3.26e-02    3.25e-02      8.72e-02    8.43e-02    1.0e-03
   4581      2.69e+00    2.67e+00      1.33e-02    1.34e-02      8.50e-02    8.46e-02    1.0e-03
   4590      2.82e+00    2.69e+00      9.26e-03    9.39e-03      8.92e-02    8.51e-02    1.0e-03
   4599      2.73e+00    2.72e+00      2.58e-02    2.59e-02      8.65e-02    8.61e-02    1.0e-03
   4608      2.88e+00    2.76e+00      3.57e-02    3.57e-02      9.11e-02    8.74e-02    1.0e-03
   4617      2.80e+00    2.75e+00      1.32e-02    1.30e-02      8.86e-02    8.69e-02    1.0e-03
   4626      2.77e+00    2.63e+00      1.86e-02    1.86e-02      8.76e-02    8.33e-02    1.0e-03
   4635      2.73e+00    2.62e+00      1.28e-02    1.31e-02      8.63e-02    8.28e-02    1.0e-03
   4644      2.99e+00    2.96e+00      8.60e-02    8.60e-02      9.44e-02    9.34e-02    1.0e-03
   4653      3.38e+00    3.30e+00      2.71e-02    2.67e-02      1.07e-01    1.04e-01    1.0e-03
   4662      2.70e+00    2.79e+00      2.72e-02    2.72e-02      8.55e-02    8.81e-02    1.0e-03
   4671      2.93e+00    2.85e+00      1.59e-02    1.60e-02      9.25e-02    9.00e-02    1.0e-03
   4680      2.77e+00    2.58e+00      1.56e-03    1.86e-03      8.77e-02    8.15e-02    1.0e-03
   4689      2.71e+00    2.63e+00      4.43e-03    4.47e-03      8.57e-02    8.31e-02    1.0e-03
   4698      2.91e+00    2.73e+00      2.45e-02    2.47e-02      9.20e-02    8.64e-02    1.0e-03
   4707      2.81e+00    2.78e+00      1.97e-02    1.95e-02      8.89e-02    8.79e-02    1.0e-03
   4716      2.91e+00    2.88e+00      1.13e-02    1.13e-02      9.21e-02    9.11e-02    1.0e-03
   4725      2.71e+00    2.70e+00      1.30e-02    1.32e-02      8.56e-02    8.53e-02    1.0e-03
   4734      2.88e+00    2.94e+00      4.28e-03    4.18e-03      9.10e-02    9.29e-02    1.0e-03
   4743      2.75e+00    2.80e+00      1.21e-02    1.20e-02      8.71e-02    8.85e-02    1.0e-03
   4752      2.84e+00    2.71e+00      1.35e-03    1.11e-03      8.99e-02    8.57e-02    1.0e-03
   4761      2.73e+00    2.63e+00      3.40e-02    3.42e-02      8.62e-02    8.31e-02    1.0e-03
   4770      2.73e+00    2.71e+00      3.36e-02    3.36e-02      8.62e-02    8.56e-02    1.0e-03
   4779      2.87e+00    2.68e+00      9.15e-03    9.55e-03      9.09e-02    8.47e-02    1.0e-03
   4788      2.90e+00    2.77e+00      2.87e-03    2.76e-03      9.17e-02    8.75e-02    1.0e-03
   4797      2.71e+00    2.75e+00      4.74e-02    4.75e-02      8.58e-02    8.68e-02    1.0e-03
   4806      2.85e+00    2.74e+00      4.49e-03    4.38e-03      9.01e-02    8.68e-02    1.0e-03
   4815      3.31e+00    3.32e+00      6.44e-02    6.46e-02      1.05e-01    1.05e-01    1.0e-03
   4824      2.75e+00    2.74e+00      1.85e-02    1.84e-02      8.69e-02    8.67e-02    1.0e-03
   4833      2.76e+00    2.77e+00      2.38e-02    2.38e-02      8.73e-02    8.77e-02    1.0e-03
   4842      2.68e+00    2.65e+00      1.52e-02    1.53e-02      8.47e-02    8.38e-02    1.0e-03
   4851      2.79e+00    2.69e+00      2.09e-02    2.09e-02      8.81e-02    8.52e-02    1.0e-03
   4860      2.78e+00    2.80e+00      2.44e-02    2.45e-02      8.78e-02    8.85e-02    1.0e-03
   4869      2.82e+00    2.66e+00      6.61e-03    6.55e-03      8.92e-02    8.40e-02    1.0e-03
   4878      2.79e+00    2.68e+00      1.42e-02    1.40e-02      8.81e-02    8.46e-02    1.0e-03
   4887      2.82e+00    2.79e+00      4.33e-02    4.31e-02      8.90e-02    8.81e-02    1.0e-03
   4896      2.82e+00    2.75e+00      3.63e-02    3.62e-02      8.91e-02    8.68e-02    1.0e-03
   4905      2.89e+00    2.83e+00      1.27e-02    1.26e-02      9.15e-02    8.96e-02    1.0e-03
   4914      2.89e+00    2.75e+00      6.66e-03    6.55e-03      9.13e-02    8.71e-02    1.0e-03
   4923      2.81e+00    2.81e+00      6.21e-03    6.04e-03      8.88e-02    8.89e-02    1.0e-03
   4932      2.71e+00    2.66e+00      9.84e-03    1.01e-02      8.58e-02    8.41e-02    1.0e-03
   4941      2.74e+00    2.64e+00      8.90e-03    9.12e-03      8.67e-02    8.35e-02    1.0e-03
   4950      2.72e+00    2.51e+00      4.12e-03    3.91e-03      8.59e-02    7.95e-02    1.0e-03
   4959      2.75e+00    2.69e+00      4.92e-04    7.40e-04      8.69e-02    8.52e-02    1.0e-03
   4968      3.22e+00    3.22e+00      3.73e-03    3.89e-03      1.02e-01    1.02e-01    1.0e-03
   4977      3.08e+00    2.97e+00      4.91e-02    4.95e-02      9.74e-02    9.39e-02    1.0e-03
   4986      2.73e+00    2.67e+00      1.22e-02    1.23e-02      8.63e-02    8.44e-02    1.0e-03
   4995      3.12e+00    2.99e+00      3.53e-03    3.68e-03      9.88e-02    9.44e-02    1.0e-03
   5004      4.70e-01    4.67e-01      5.53e-02    5.50e-02      8.61e-02    8.46e-02    3.4e-06
   5013      2.58e-01    2.55e-01      2.25e-02    2.24e-02      9.03e-02    8.82e-02    3.4e-06
   5022      1.83e-01    1.77e-01      3.69e-03    3.91e-03      8.66e-02    8.38e-02    3.4e-06
   5031      2.06e-01    2.00e-01      1.13e-02    1.15e-02      8.92e-02    8.56e-02    3.4e-06
   5040      1.93e-01    1.84e-01      7.38e-03    7.50e-03      8.82e-02    8.38e-02    3.4e-06
   5049      1.84e-01    1.83e-01      1.25e-03    1.41e-03      8.80e-02    8.75e-02    3.4e-06
   5058      1.82e-01    1.82e-01      2.10e-03    2.00e-03      8.68e-02    8.69e-02    3.4e-06
   5067      1.87e-01    1.82e-01      2.32e-03    2.17e-03      8.92e-02    8.67e-02    3.4e-06
   5076      1.83e-01    1.78e-01      1.08e-03    1.08e-03      8.78e-02    8.51e-02    3.4e-06
   5085      1.82e-01    1.75e-01      5.44e-04    7.28e-04      8.73e-02    8.40e-02    3.4e-06
   5094      1.80e-01    1.78e-01      5.00e-04    8.41e-04      8.61e-02    8.53e-02    3.4e-06
   5103      1.85e-01    1.77e-01      6.09e-04    7.33e-04      8.85e-02    8.46e-02    3.4e-06
   5112      1.84e-01    1.78e-01      5.27e-04    5.86e-04      8.81e-02    8.52e-02    3.4e-06
   5121      1.83e-01    1.82e-01      6.04e-04    6.51e-04      8.79e-02    8.73e-02    3.4e-06
   5130      1.83e-01    1.78e-01      5.75e-04    5.82e-04      8.76e-02    8.54e-02    3.4e-06
   5139      1.83e-01    1.82e-01      6.00e-04    7.55e-04      8.79e-02    8.74e-02    3.4e-06
   5148      1.83e-01    1.76e-01      5.34e-04    6.58e-04      8.79e-02    8.45e-02    3.4e-06
   5157      1.83e-01    1.78e-01      5.87e-04    5.73e-04      8.78e-02    8.55e-02    3.4e-06
   5166      1.84e-01    1.79e-01      5.50e-04    6.73e-04      8.82e-02    8.56e-02    3.4e-06
   5175      1.82e-01    1.80e-01      5.67e-04    6.73e-04      8.70e-02    8.65e-02    3.4e-06
   5184      1.80e-01    1.78e-01      4.58e-04    7.01e-04      8.65e-02    8.55e-02    3.4e-06
   5193      1.86e-01    1.72e-01      6.56e-04    6.07e-04      8.90e-02    8.26e-02    3.4e-06
   5202      1.85e-01    1.80e-01      6.26e-04    7.10e-04      8.89e-02    8.62e-02    3.4e-06
   5211      1.81e-01    1.81e-01      4.93e-04    7.84e-04      8.67e-02    8.68e-02    3.4e-06
   5220      1.80e-01    1.74e-01      5.86e-04    6.55e-04      8.62e-02    8.35e-02    3.4e-06
   5229      1.84e-01    1.77e-01      5.32e-04    5.80e-04      8.81e-02    8.47e-02    3.4e-06
   5238      1.83e-01    1.75e-01      5.60e-04    5.75e-04      8.80e-02    8.37e-02    3.4e-06
   5247      1.81e-01    1.74e-01      5.62e-04    5.74e-04      8.69e-02    8.35e-02    3.4e-06
   5256      1.83e-01    1.82e-01      5.49e-04    4.74e-04      8.78e-02    8.71e-02    3.4e-06
   5265      1.83e-01    1.78e-01      5.66e-04    6.03e-04      8.76e-02    8.54e-02    3.4e-06
   5274      1.80e-01    1.79e-01      5.26e-04    6.39e-04      8.61e-02    8.56e-02    3.4e-06
   5283      1.84e-01    1.75e-01      5.75e-04    5.30e-04      8.80e-02    8.41e-02    3.4e-06
   5292      1.78e-01    1.74e-01      5.51e-04    6.71e-04      8.55e-02    8.34e-02    3.4e-06
   5301      1.86e-01    1.73e-01      5.66e-04    6.93e-04      8.94e-02    8.28e-02    3.4e-06
   5310      1.79e-01    1.82e-01      5.94e-04    8.27e-04      8.59e-02    8.70e-02    3.4e-06
   5319      1.85e-01    1.77e-01      5.31e-04    6.95e-04      8.88e-02    8.47e-02    3.4e-06
   5328      1.79e-01    1.77e-01      5.29e-04    5.87e-04      8.58e-02    8.48e-02    3.4e-06
   5337      1.86e-01    1.77e-01      5.70e-04    7.28e-04      8.91e-02    8.51e-02    3.4e-06
   5346      1.83e-01    1.79e-01      5.83e-04    5.79e-04      8.79e-02    8.56e-02    3.4e-06
   5355      1.79e-01    1.74e-01      5.11e-04    5.78e-04      8.58e-02    8.33e-02    3.4e-06
   5364      1.83e-01    1.73e-01      5.90e-04    6.00e-04      8.75e-02    8.32e-02    3.4e-06
   5373      1.81e-01    1.77e-01      5.24e-04    5.86e-04      8.68e-02    8.48e-02    3.4e-06
   5382      1.86e-01    1.72e-01      4.54e-04    5.97e-04      8.94e-02    8.25e-02    3.4e-06
   5391      1.78e-01    1.72e-01      6.05e-04    7.36e-04      8.54e-02    8.22e-02    3.4e-06
   5400      1.83e-01    1.79e-01      4.96e-04    6.43e-04      8.76e-02    8.57e-02    3.4e-06
   5409      1.81e-01    1.78e-01      6.06e-04    6.85e-04      8.66e-02    8.52e-02    3.4e-06
   5418      1.78e-01    1.75e-01      5.31e-04    6.69e-04      8.54e-02    8.37e-02    3.4e-06
   5427      1.86e-01    1.76e-01      5.50e-04    7.04e-04      8.93e-02    8.41e-02    3.4e-06
   5436      1.78e-01    1.79e-01      5.08e-04    6.75e-04      8.54e-02    8.58e-02    3.4e-06
   5445      1.84e-01    1.73e-01      5.83e-04    6.53e-04      8.81e-02    8.28e-02    3.4e-06
   5454      1.82e-01    1.71e-01      5.78e-04    6.25e-04      8.74e-02    8.20e-02    3.4e-06
   5463      1.80e-01    1.77e-01      5.24e-04    6.14e-04      8.63e-02    8.50e-02    3.4e-06
   5472      1.78e-01    1.76e-01      5.35e-04    6.24e-04      8.53e-02    8.46e-02    3.4e-06
   5481      1.85e-01    1.74e-01      5.59e-04    5.60e-04      8.88e-02    8.36e-02    3.4e-06
   5490      1.77e-01    1.76e-01      4.50e-04    6.20e-04      8.49e-02    8.43e-02    3.4e-06
   5499      1.84e-01    1.76e-01      6.32e-04    6.99e-04      8.85e-02    8.45e-02    3.4e-06
   5508      1.83e-01    1.77e-01      5.46e-04    6.88e-04      8.78e-02    8.48e-02    3.4e-06
   5517      1.80e-01    1.74e-01      5.61e-04    7.03e-04      8.63e-02    8.36e-02    3.4e-06
   5526      1.85e-01    1.78e-01      5.82e-04    5.38e-04      8.88e-02    8.53e-02    3.4e-06
   5535      1.77e-01    1.79e-01      5.15e-04    6.23e-04      8.46e-02    8.60e-02    3.4e-06
   5544      1.85e-01    1.78e-01      5.81e-04    5.76e-04      8.86e-02    8.53e-02    3.4e-06
   5553      1.77e-01    1.73e-01      5.01e-04    5.92e-04      8.47e-02    8.28e-02    3.4e-06
   5562      1.87e-01    1.79e-01      5.99e-04    6.34e-04      8.97e-02    8.60e-02    3.4e-06
   5571      1.73e-01    1.77e-01      4.83e-04    7.94e-04      8.28e-02    8.47e-02    3.4e-06
   5580      1.85e-01    1.69e-01      5.83e-04    6.20e-04      8.87e-02    8.09e-02    3.4e-06
   5589      1.75e-01    1.80e-01      4.75e-04    7.00e-04      8.41e-02    8.61e-02    3.4e-06
   5598      1.85e-01    1.69e-01      5.64e-04    5.38e-04      8.85e-02    8.10e-02    3.4e-06
   5607      1.77e-01    1.75e-01      5.17e-04    6.37e-04      8.47e-02    8.37e-02    3.4e-06
   5616      1.76e-01    1.80e-01      4.61e-04    7.06e-04      8.42e-02    8.62e-02    3.4e-06
   5625      1.83e-01    1.71e-01      5.92e-04    6.27e-04      8.79e-02    8.19e-02    3.4e-06
   5634      1.76e-01    1.77e-01      5.57e-04    5.06e-04      8.42e-02    8.48e-02    3.4e-06
   5643      1.83e-01    1.75e-01      5.32e-04    5.93e-04      8.80e-02    8.38e-02    3.4e-06
   5652      1.76e-01    1.78e-01      5.52e-04    6.48e-04      8.46e-02    8.54e-02    3.4e-06
   5661      1.82e-01    1.75e-01      5.40e-04    5.60e-04      8.75e-02    8.38e-02    3.4e-06
   5670      1.87e-01    1.75e-01      5.46e-04    6.76e-04      8.96e-02    8.39e-02    3.4e-06
   5679      1.74e-01    1.78e-01      5.54e-04    7.07e-04      8.35e-02    8.51e-02    3.4e-06
   5688      1.83e-01    1.72e-01      5.25e-04    6.41e-04      8.80e-02    8.24e-02    3.4e-06
   5697      1.76e-01    1.74e-01      5.66e-04    6.88e-04      8.45e-02    8.35e-02    3.4e-06
   5706      1.79e-01    1.75e-01      5.86e-04    6.56e-04      8.59e-02    8.41e-02    3.4e-06
   5715      1.78e-01    1.73e-01      4.86e-04    6.11e-04      8.52e-02    8.28e-02    3.4e-06
   5724      1.73e-01    1.76e-01      5.58e-04    5.74e-04      8.28e-02    8.43e-02    3.4e-06
   5733      1.86e-01    1.77e-01      5.33e-04    7.53e-04      8.94e-02    8.48e-02    3.4e-06
   5742      1.77e-01    1.75e-01      5.58e-04    6.29e-04      8.47e-02    8.38e-02    3.4e-06
   5751      1.80e-01    1.70e-01      5.25e-04    6.15e-04      8.64e-02    8.14e-02    3.4e-06
   5760      1.82e-01    1.84e-01      4.70e-04    6.57e-04      8.75e-02    8.84e-02    3.4e-06
   5769      1.78e-01    1.72e-01      5.78e-04    5.17e-04      8.52e-02    8.25e-02    3.4e-06
   5778      1.78e-01    1.72e-01      5.84e-04    6.43e-04      8.52e-02    8.23e-02    3.4e-06
   5787      1.81e-01    1.73e-01      5.06e-04    5.77e-04      8.69e-02    8.28e-02    3.4e-06
   5796      1.81e-01    1.75e-01      5.36e-04    6.74e-04      8.68e-02    8.39e-02    3.4e-06
   5805      1.76e-01    1.77e-01      5.27e-04    5.05e-04      8.43e-02    8.47e-02    3.4e-06
   5814      1.76e-01    1.77e-01      5.56e-04    6.41e-04      8.45e-02    8.50e-02    3.4e-06
   5823      1.82e-01    1.73e-01      5.35e-04    6.15e-04      8.72e-02    8.28e-02    3.4e-06
   5832      1.79e-01    1.77e-01      4.72e-04    6.53e-04      8.59e-02    8.47e-02    3.4e-06
   5841      1.78e-01    1.69e-01      5.97e-04    5.77e-04      8.54e-02    8.12e-02    3.4e-06
   5850      1.86e-01    1.75e-01      5.42e-04    5.54e-04      8.91e-02    8.38e-02    3.4e-06
   5859      1.73e-01    1.74e-01      5.47e-04    6.00e-04      8.28e-02    8.35e-02    3.4e-06
   5868      1.84e-01    1.75e-01      5.78e-04    6.30e-04      8.81e-02    8.40e-02    3.4e-06
   5877      1.76e-01    1.77e-01      5.03e-04    7.26e-04      8.42e-02    8.47e-02    3.4e-06
   5886      1.80e-01    1.71e-01      4.39e-04    6.08e-04      8.62e-02    8.21e-02    3.4e-06
   5895      1.78e-01    1.76e-01      6.03e-04    6.57e-04      8.56e-02    8.45e-02    3.4e-06
   5904      1.77e-01    1.71e-01      4.87e-04    7.49e-04      8.48e-02    8.21e-02    3.4e-06
   5913      1.77e-01    1.76e-01      5.86e-04    6.02e-04      8.51e-02    8.44e-02    3.4e-06
   5922      1.73e-01    1.76e-01      5.43e-04    5.94e-04      8.29e-02    8.43e-02    3.4e-06
   5931      1.84e-01    1.75e-01      5.41e-04    6.60e-04      8.84e-02    8.38e-02    3.4e-06
   5940      1.74e-01    1.74e-01      4.93e-04    6.45e-04      8.36e-02    8.33e-02    3.4e-06
   5949      1.82e-01    1.76e-01      5.88e-04    4.77e-04      8.72e-02    8.46e-02    3.4e-06
   5958      1.72e-01    1.73e-01      4.77e-04    6.41e-04      8.26e-02    8.28e-02    3.4e-06
   5967      1.85e-01    1.71e-01      5.79e-04    6.05e-04      8.87e-02    8.19e-02    3.4e-06
   5976      1.72e-01    1.75e-01      5.57e-04    6.31e-04      8.25e-02    8.40e-02    3.4e-06
   5985      1.83e-01    1.74e-01      5.25e-04    6.64e-04      8.78e-02    8.36e-02    3.4e-06
   5994      1.70e-01    1.73e-01      4.88e-04    6.36e-04      8.17e-02    8.27e-02    3.4e-06
   6003      1.85e-01    1.73e-01      5.87e-04    5.66e-04      8.89e-02    8.28e-02    3.4e-06
   6012      1.81e-01    1.74e-01      5.42e-04    7.36e-04      8.70e-02    8.33e-02    3.4e-06
   6021      1.77e-01    1.70e-01      5.45e-04    5.79e-04      8.50e-02    8.15e-02    3.4e-06
   6030      1.74e-01    1.73e-01      4.91e-04    5.05e-04      8.34e-02    8.27e-02    3.4e-06
   6039      1.84e-01    1.75e-01      5.56e-04    7.11e-04      8.84e-02    8.37e-02    3.4e-06
   6048      1.78e-01    1.77e-01      4.70e-04    6.37e-04      8.55e-02    8.49e-02    3.4e-06
   6057      1.76e-01    1.73e-01      5.65e-04    5.79e-04      8.45e-02    8.31e-02    3.4e-06
   6066      1.74e-01    1.72e-01      4.71e-04    6.21e-04      8.36e-02    8.27e-02    3.4e-06
   6075      1.79e-01    1.71e-01      5.91e-04    6.29e-04      8.56e-02    8.20e-02    3.4e-06
   6084      1.79e-01    1.78e-01      5.32e-04    6.58e-04      8.59e-02    8.53e-02    3.4e-06
   6093      1.75e-01    1.77e-01      5.04e-04    6.52e-04      8.40e-02    8.47e-02    3.4e-06
   6102      1.79e-01    1.72e-01      5.84e-04    5.60e-04      8.59e-02    8.26e-02    3.4e-06
   6111      1.77e-01    1.76e-01      4.88e-04    6.27e-04      8.50e-02    8.44e-02    3.4e-06
   6120      1.83e-01    1.69e-01      4.63e-04    6.12e-04      8.78e-02    8.12e-02    3.4e-06
   6129      1.73e-01    1.74e-01      5.84e-04    6.14e-04      8.31e-02    8.34e-02    3.4e-06
   6138      1.80e-01    1.68e-01      5.27e-04    6.45e-04      8.61e-02    8.04e-02    3.4e-06
   6147      1.77e-01    1.74e-01      5.49e-04    5.17e-04      8.49e-02    8.35e-02    3.4e-06
   6156      1.75e-01    1.77e-01      5.04e-04    6.71e-04      8.37e-02    8.47e-02    3.4e-06
   6165      1.80e-01    1.73e-01      5.32e-04    6.84e-04      8.62e-02    8.31e-02    3.4e-06
   6174      1.79e-01    1.69e-01      5.46e-04    5.66e-04      8.58e-02    8.11e-02    3.4e-06
   6183      1.77e-01    1.74e-01      5.20e-04    6.13e-04      8.50e-02    8.36e-02    3.4e-06
   6192      1.74e-01    1.78e-01      4.41e-04    7.46e-04      8.35e-02    8.55e-02    3.4e-06
   6201      1.79e-01    1.76e-01      5.90e-04    5.87e-04      8.58e-02    8.46e-02    3.4e-06
   6210      1.77e-01    1.76e-01      5.57e-04    6.87e-04      8.48e-02    8.42e-02    3.4e-06
   6219      1.80e-01    1.69e-01      5.13e-04    5.99e-04      8.65e-02    8.10e-02    3.4e-06
   6228      1.78e-01    1.74e-01      4.88e-04    7.30e-04      8.55e-02    8.32e-02    3.4e-06
   6237      1.77e-01    1.69e-01      5.79e-04    5.51e-04      8.48e-02    8.08e-02    3.4e-06
   6246      1.78e-01    1.79e-01      5.60e-04    5.29e-04      8.55e-02    8.57e-02    3.4e-06
   6255      1.77e-01    1.72e-01      5.20e-04    5.37e-04      8.49e-02    8.24e-02    3.4e-06
   6264      1.77e-01    1.74e-01      5.11e-04    6.01e-04      8.47e-02    8.32e-02    3.4e-06
   6273      1.79e-01    1.74e-01      5.57e-04    5.63e-04      8.60e-02    8.33e-02    3.4e-06
   6282      1.82e-01    1.81e-01      5.18e-04    7.32e-04      8.74e-02    8.67e-02    3.4e-06
   6291      1.72e-01    1.76e-01      5.27e-04    6.70e-04      8.23e-02    8.42e-02    3.4e-06
   6300      1.80e-01    1.69e-01      5.67e-04    6.44e-04      8.65e-02    8.10e-02    3.4e-06
   6309      1.71e-01    1.77e-01      4.96e-04    6.79e-04      8.19e-02    8.47e-02    3.4e-06
   6318      1.77e-01    1.69e-01      5.57e-04    6.71e-04      8.49e-02    8.08e-02    3.4e-06
   6327      1.78e-01    1.72e-01      5.22e-04    7.66e-04      8.53e-02    8.23e-02    3.4e-06
   6336      1.80e-01    1.73e-01      5.79e-04    6.54e-04      8.63e-02    8.28e-02    3.4e-06
   6345      1.75e-01    1.69e-01      4.53e-04    6.56e-04      8.38e-02    8.10e-02    3.4e-06
   6354      1.71e-01    1.65e-01      5.65e-04    5.56e-04      8.21e-02    7.93e-02    3.4e-06
   6363      1.82e-01    1.72e-01      5.02e-04    5.27e-04      8.72e-02    8.26e-02    3.4e-06
   6372      1.77e-01    1.72e-01      5.65e-04    6.02e-04      8.48e-02    8.25e-02    3.4e-06
   6381      1.77e-01    1.73e-01      4.98e-04    6.55e-04      8.49e-02    8.27e-02    3.4e-06
   6390      1.77e-01    1.68e-01      5.82e-04    5.76e-04      8.48e-02    8.06e-02    3.4e-06
   6399      1.75e-01    1.76e-01      4.75e-04    6.77e-04      8.39e-02    8.43e-02    3.4e-06
   6408      1.82e-01    1.70e-01      5.94e-04    5.91e-04      8.71e-02    8.14e-02    3.4e-06
   6417      1.75e-01    1.75e-01      4.61e-04    5.95e-04      8.38e-02    8.40e-02    3.4e-06
   6426      1.75e-01    1.74e-01      5.29e-04    6.54e-04      8.38e-02    8.32e-02    3.4e-06
   6435      1.80e-01    1.74e-01      5.46e-04    4.66e-04      8.64e-02    8.32e-02    3.4e-06
   6444      1.78e-01    1.73e-01      4.68e-04    7.24e-04      8.54e-02    8.31e-02    3.4e-06
   6453      1.76e-01    1.75e-01      5.82e-04    7.16e-04      8.46e-02    8.41e-02    3.4e-06
   6462      1.81e-01    1.75e-01      4.74e-04    6.07e-04      8.69e-02    8.37e-02    3.4e-06
   6471      1.74e-01    1.74e-01      5.93e-04    7.10e-04      8.34e-02    8.35e-02    3.4e-06
   6480      1.79e-01    1.74e-01      5.04e-04    5.14e-04      8.58e-02    8.32e-02    3.4e-06
   6489      1.77e-01    1.77e-01      5.38e-04    5.20e-04      8.48e-02    8.47e-02    3.4e-06
   6498      1.83e-01    1.74e-01      5.60e-04    6.39e-04      8.78e-02    8.34e-02    3.4e-06
   6507      1.69e-01    1.75e-01      4.69e-04    6.10e-04      8.11e-02    8.39e-02    3.4e-06
   6516      1.82e-01    1.76e-01      5.26e-04    6.13e-04      8.75e-02    8.43e-02    3.4e-06
   6525      1.72e-01    1.78e-01      5.37e-04    6.96e-04      8.22e-02    8.55e-02    3.4e-06
   6534      1.81e-01    1.71e-01      5.51e-04    5.29e-04      8.66e-02    8.18e-02    3.4e-06
   6543      1.73e-01    1.68e-01      4.82e-04    7.01e-04      8.31e-02    8.03e-02    3.4e-06
   6552      1.75e-01    1.66e-01      5.49e-04    6.45e-04      8.40e-02    7.98e-02    3.4e-06
   6561      1.77e-01    1.72e-01      5.13e-04    6.38e-04      8.50e-02    8.23e-02    3.4e-06
   6570      1.78e-01    1.72e-01      4.26e-04    5.79e-04      8.54e-02    8.25e-02    3.4e-06
   6579      1.77e-01    1.69e-01      6.15e-04    6.91e-04      8.49e-02    8.12e-02    3.4e-06
   6588      1.78e-01    1.73e-01      5.23e-04    5.37e-04      8.55e-02    8.30e-02    3.4e-06
   6597      1.74e-01    1.75e-01      5.37e-04    6.55e-04      8.34e-02    8.37e-02    3.4e-06
   6606      1.74e-01    1.71e-01      4.89e-04    6.26e-04      8.36e-02    8.20e-02    3.4e-06
   6615      1.79e-01    1.69e-01      5.66e-04    6.43e-04      8.58e-02    8.12e-02    3.4e-06
   6624      1.80e-01    1.72e-01      4.80e-04    5.86e-04      8.65e-02    8.27e-02    3.4e-06
   6633      1.74e-01    1.71e-01      5.63e-04    6.59e-04      8.35e-02    8.21e-02    3.4e-06
   6642      1.71e-01    1.72e-01      5.81e-04    6.46e-04      8.20e-02    8.23e-02    3.4e-06
   6651      1.83e-01    1.68e-01      4.90e-04    5.46e-04      8.79e-02    8.06e-02    3.4e-06
   6660      1.82e-01    1.74e-01      5.40e-04    6.46e-04      8.70e-02    8.36e-02    3.4e-06
   6669      1.73e-01    1.67e-01      5.31e-04    5.48e-04      8.29e-02    8.01e-02    3.4e-06
   6678      1.79e-01    1.71e-01      4.91e-04    7.29e-04      8.56e-02    8.20e-02    3.4e-06
   6687      1.75e-01    1.71e-01      5.52e-04    6.46e-04      8.38e-02    8.22e-02    3.4e-06
   6696      1.75e-01    1.69e-01      5.36e-04    6.58e-04      8.41e-02    8.12e-02    3.4e-06
   6705      1.80e-01    1.71e-01      5.17e-04    5.65e-04      8.61e-02    8.21e-02    3.4e-06
   6714      1.85e-01    1.72e-01      6.18e-04    5.56e-04      8.87e-02    8.24e-02    3.4e-06
   6723      1.69e-01    1.69e-01      4.43e-04    4.83e-04      8.10e-02    8.10e-02    3.4e-06
   6732      1.81e-01    1.71e-01      5.41e-04    6.81e-04      8.69e-02    8.20e-02    3.4e-06
   6741      1.74e-01    1.72e-01      5.30e-04    6.56e-04      8.35e-02    8.26e-02    3.4e-06
   6750      1.82e-01    1.73e-01      5.70e-04    6.61e-04      8.71e-02    8.28e-02    3.4e-06
   6759      1.72e-01    1.73e-01      4.74e-04    6.86e-04      8.25e-02    8.29e-02    3.4e-06
   6768      1.78e-01    1.72e-01      4.67e-04    7.16e-04      8.54e-02    8.26e-02    3.4e-06
   6777      1.72e-01    1.71e-01      5.89e-04    6.75e-04      8.26e-02    8.21e-02    3.4e-06
   6786      1.77e-01    1.70e-01      4.85e-04    7.59e-04      8.49e-02    8.15e-02    3.4e-06
   6795      1.77e-01    1.72e-01      5.79e-04    7.15e-04      8.47e-02    8.24e-02    3.4e-06
   6804      1.79e-01    1.74e-01      5.90e-04    6.57e-04      8.61e-02    8.35e-02    3.4e-06
   6813      1.73e-01    1.77e-01      4.13e-04    7.47e-04      8.32e-02    8.47e-02    3.4e-06
   6822      1.81e-01    1.74e-01      4.96e-04    6.38e-04      8.69e-02    8.33e-02    3.4e-06
   6831      1.73e-01    1.78e-01      5.72e-04    5.97e-04      8.30e-02    8.53e-02    3.4e-06
   6840      1.83e-01    1.73e-01      5.91e-04    6.76e-04      8.76e-02    8.31e-02    3.4e-06
   6849      1.71e-01    1.71e-01      4.74e-04    6.75e-04      8.18e-02    8.18e-02    3.4e-06
   6858      1.81e-01    1.76e-01      5.17e-04    5.37e-04      8.66e-02    8.46e-02    3.4e-06
   6867      1.72e-01    1.68e-01      5.46e-04    6.17e-04      8.27e-02    8.08e-02    3.4e-06
   6876      1.77e-01    1.73e-01      5.92e-04    5.79e-04      8.49e-02    8.28e-02    3.4e-06
   6885      1.76e-01    1.77e-01      4.75e-04    5.46e-04      8.46e-02    8.50e-02    3.4e-06
   6894      1.83e-01    1.66e-01      5.53e-04    6.07e-04      8.76e-02    7.95e-02    3.4e-06
   6903      1.72e-01    1.75e-01      5.03e-04    6.20e-04      8.23e-02    8.41e-02    3.4e-06
   6912      1.80e-01    1.76e-01      5.62e-04    6.14e-04      8.64e-02    8.44e-02    3.4e-06
   6921      1.74e-01    1.75e-01      4.78e-04    6.58e-04      8.35e-02    8.39e-02    3.4e-06
   6930      1.73e-01    1.69e-01      6.03e-04    5.38e-04      8.31e-02    8.10e-02    3.4e-06
   6939      1.80e-01    1.73e-01      4.56e-04    7.20e-04      8.64e-02    8.30e-02    3.4e-06
   6948      1.80e-01    1.69e-01      5.21e-04    5.71e-04      8.64e-02    8.10e-02    3.4e-06
   6957      1.73e-01    1.72e-01      5.23e-04    6.77e-04      8.29e-02    8.25e-02    3.4e-06
   6966      1.76e-01    1.74e-01      5.41e-04    6.23e-04      8.46e-02    8.36e-02    3.4e-06
   6975      1.77e-01    1.68e-01      5.03e-04    5.75e-04      8.47e-02    8.07e-02    3.4e-06
   6984      1.78e-01    1.76e-01      5.33e-04    6.45e-04      8.54e-02    8.45e-02    3.4e-06
   6993      1.76e-01    1.68e-01      5.41e-04    5.45e-04      8.46e-02    8.07e-02    3.4e-06
   7002      1.73e-01    1.69e-01      5.13e-04    6.39e-04      8.31e-02    8.10e-02    3.4e-06
   7011      1.80e-01    1.70e-01      5.37e-04    6.46e-04      8.65e-02    8.16e-02    3.4e-06
   7020      1.82e-01    1.67e-01      5.60e-04    5.46e-04      8.71e-02    8.02e-02    3.4e-06
   7029      1.72e-01    1.73e-01      5.10e-04    5.92e-04      8.24e-02    8.31e-02    3.4e-06
   7038      1.77e-01    1.71e-01      4.80e-04    6.71e-04      8.47e-02    8.19e-02    3.4e-06
   7047      1.73e-01    1.74e-01      5.48e-04    5.95e-04      8.32e-02    8.36e-02    3.4e-06
   7056      1.71e-01    1.71e-01      5.47e-04    5.82e-04      8.19e-02    8.22e-02    3.4e-06
   7065      1.81e-01    1.72e-01      5.17e-04    6.58e-04      8.70e-02    8.25e-02    3.4e-06
   7074      1.78e-01    1.67e-01      5.16e-04    6.47e-04      8.51e-02    8.00e-02    3.4e-06
   7083      1.76e-01    1.72e-01      5.46e-04    6.71e-04      8.45e-02    8.23e-02    3.4e-06
   7092      1.78e-01    1.77e-01      5.51e-04    7.01e-04      8.51e-02    8.48e-02    3.4e-06
   7101      1.75e-01    1.74e-01      4.94e-04    6.69e-04      8.40e-02    8.34e-02    3.4e-06
   7110      1.76e-01    1.73e-01      4.98e-04    5.58e-04      8.46e-02    8.29e-02    3.4e-06
   7119      1.79e-01    1.71e-01      5.29e-04    6.63e-04      8.57e-02    8.20e-02    3.4e-06
   7128      1.75e-01    1.68e-01      5.88e-04    5.41e-04      8.40e-02    8.07e-02    3.4e-06
   7137      1.78e-01    1.63e-01      4.79e-04    5.65e-04      8.52e-02    7.81e-02    3.4e-06
   7146      1.73e-01    1.72e-01      5.19e-04    7.25e-04      8.30e-02    8.25e-02    3.4e-06
   7155      1.81e-01    1.72e-01      5.38e-04    4.34e-04      8.69e-02    8.24e-02    3.4e-06
   7164      1.74e-01    1.68e-01      5.57e-04    6.23e-04      8.35e-02    8.05e-02    3.4e-06
   7173      1.77e-01    1.71e-01      5.06e-04    6.39e-04      8.51e-02    8.22e-02    3.4e-06
   7182      1.70e-01    1.66e-01      4.56e-04    6.25e-04      8.13e-02    7.98e-02    3.4e-06
   7191      1.83e-01    1.71e-01      5.81e-04    6.44e-04      8.78e-02    8.18e-02    3.4e-06
   7200      1.72e-01    1.70e-01      5.29e-04    5.27e-04      8.25e-02    8.17e-02    3.4e-06
   7209      1.80e-01    1.67e-01      5.41e-04    6.91e-04      8.61e-02    7.98e-02    3.4e-06
   7218      1.72e-01    1.73e-01      5.48e-04    6.96e-04      8.23e-02    8.31e-02    3.4e-06
   7227      1.79e-01    1.66e-01      5.12e-04    5.76e-04      8.60e-02    7.95e-02    3.4e-06
   7236      1.80e-01    1.73e-01      5.46e-04    7.66e-04      8.61e-02    8.30e-02    3.4e-06
   7245      1.74e-01    1.71e-01      4.90e-04    5.76e-04      8.32e-02    8.22e-02    3.4e-06
   7254      1.77e-01    1.68e-01      4.95e-04    5.54e-04      8.48e-02    8.07e-02    3.4e-06
   7263      1.76e-01    1.75e-01      5.45e-04    6.29e-04      8.45e-02    8.40e-02    3.4e-06
   7272      1.78e-01    1.71e-01      5.04e-04    7.31e-04      8.54e-02    8.17e-02    3.4e-06
   7281      1.74e-01    1.69e-01      5.66e-04    7.01e-04      8.33e-02    8.11e-02    3.4e-06
   7290      1.81e-01    1.72e-01      5.12e-04    5.62e-04      8.70e-02    8.25e-02    3.4e-06
   7299      1.71e-01    1.67e-01      5.40e-04    5.89e-04      8.21e-02    8.02e-02    3.4e-06
   7308      1.80e-01    1.74e-01      5.91e-04    6.24e-04      8.62e-02    8.32e-02    3.4e-06
   7317      1.73e-01    1.75e-01      4.79e-04    6.93e-04      8.31e-02    8.40e-02    3.4e-06
   7326      1.78e-01    1.67e-01      5.07e-04    5.80e-04      8.55e-02    8.02e-02    3.4e-06
   7335      1.76e-01    1.73e-01      5.57e-04    7.21e-04      8.42e-02    8.29e-02    3.4e-06
   7344      1.77e-01    1.72e-01      5.30e-04    6.98e-04      8.48e-02    8.25e-02    3.4e-06
   7353      1.75e-01    1.75e-01      5.13e-04    6.54e-04      8.38e-02    8.38e-02    3.4e-06
   7362      1.73e-01    1.66e-01      4.51e-04    5.84e-04      8.31e-02    7.97e-02    3.4e-06
   7371      1.79e-01    1.72e-01      5.87e-04    6.47e-04      8.57e-02    8.24e-02    3.4e-06
   7380      1.80e-01    1.69e-01      5.19e-04    7.03e-04      8.64e-02    8.12e-02    3.4e-06
   7389      1.71e-01    1.68e-01      5.34e-04    6.95e-04      8.22e-02    8.03e-02    3.4e-06
   7398      1.71e-01    1.74e-01      4.34e-04    6.88e-04      8.22e-02    8.33e-02    3.4e-06
   7407      1.81e-01    1.72e-01      6.03e-04    6.81e-04      8.69e-02    8.25e-02    3.4e-06
   7416      1.73e-01    1.75e-01      5.22e-04    5.87e-04      8.31e-02    8.41e-02    3.4e-06
   7425      1.79e-01    1.65e-01      5.44e-04    5.89e-04      8.60e-02    7.93e-02    3.4e-06
   7434      1.78e-01    1.70e-01      5.00e-04    6.29e-04      8.55e-02    8.16e-02    3.4e-06
   7443      1.71e-01    1.75e-01      5.23e-04    5.93e-04      8.18e-02    8.40e-02    3.4e-06
   7452      1.77e-01    1.75e-01      5.88e-04    7.00e-04      8.50e-02    8.39e-02    3.4e-06
   7461      1.76e-01    1.72e-01      4.44e-04    6.21e-04      8.42e-02    8.25e-02    3.4e-06
   7470      1.74e-01    1.70e-01      5.66e-04    5.50e-04      8.34e-02    8.16e-02    3.4e-06
   7479      1.79e-01    1.74e-01      4.75e-04    5.72e-04      8.57e-02    8.32e-02    3.4e-06
   7488      1.74e-01    1.71e-01      5.18e-04    6.39e-04      8.35e-02    8.18e-02    3.4e-06
   7497      1.81e-01    1.71e-01      5.42e-04    6.04e-04      8.66e-02    8.19e-02    3.4e-06
   7506      1.73e-01    1.76e-01      5.05e-04    6.78e-04      8.31e-02    8.43e-02    3.4e-06
   7515      1.79e-01    1.73e-01      5.50e-04    6.56e-04      8.58e-02    8.27e-02    3.4e-06
   7524      1.77e-01    1.66e-01      5.09e-04    6.41e-04      8.49e-02    7.94e-02    3.4e-06
   7533      1.76e-01    1.70e-01      5.45e-04    5.74e-04      8.43e-02    8.16e-02    3.4e-06
   7542      1.86e-01    1.69e-01      5.79e-04    6.10e-04      8.93e-02    8.10e-02    3.4e-06
   7551      1.65e-01    1.71e-01      4.75e-04    6.60e-04      7.89e-02    8.18e-02    3.4e-06
   7560      1.83e-01    1.73e-01      4.89e-04    6.48e-04      8.78e-02    8.29e-02    3.4e-06
   7569      1.69e-01    1.67e-01      5.57e-04    7.22e-04      8.08e-02    8.01e-02    3.4e-06
   7578      1.73e-01    1.75e-01      5.38e-04    5.55e-04      8.29e-02    8.38e-02    3.4e-06
   7587      1.80e-01    1.77e-01      5.11e-04    6.90e-04      8.65e-02    8.48e-02    3.4e-06
   7596      1.74e-01    1.70e-01      4.58e-04    5.96e-04      8.34e-02    8.15e-02    3.4e-06
   7605      1.78e-01    1.71e-01      6.00e-04    6.18e-04      8.54e-02    8.21e-02    3.4e-06
   7614      1.73e-01    1.71e-01      4.63e-04    6.87e-04      8.31e-02    8.18e-02    3.4e-06
   7623      1.79e-01    1.70e-01      5.99e-04    5.78e-04      8.60e-02    8.13e-02    3.4e-06
   7632      1.78e-01    1.75e-01      4.78e-04    6.42e-04      8.53e-02    8.40e-02    3.4e-06
   7641      1.75e-01    1.65e-01      5.66e-04    7.49e-04      8.37e-02    7.90e-02    3.4e-06
   7650      1.79e-01    1.68e-01      5.12e-04    7.03e-04      8.56e-02    8.08e-02    3.4e-06
   7659      1.72e-01    1.71e-01      5.20e-04    6.05e-04      8.26e-02    8.22e-02    3.4e-06
   7668      1.76e-01    1.71e-01      5.85e-04    5.43e-04      8.46e-02    8.18e-02    3.4e-06
   7677      1.74e-01    1.69e-01      4.81e-04    6.60e-04      8.34e-02    8.08e-02    3.4e-06
   7686      1.80e-01    1.75e-01      5.20e-04    7.68e-04      8.65e-02    8.39e-02    3.4e-06
   7695      1.71e-01    1.70e-01      5.46e-04    6.06e-04      8.22e-02    8.14e-02    3.4e-06
   7704      1.73e-01    1.75e-01      4.88e-04    5.77e-04      8.30e-02    8.40e-02    3.4e-06
   7713      1.81e-01    1.69e-01      5.50e-04    6.03e-04      8.66e-02    8.12e-02    3.4e-06
   7722      1.73e-01    1.74e-01      5.58e-04    6.42e-04      8.30e-02    8.33e-02    3.4e-06
   7731      1.81e-01    1.77e-01      5.00e-04    5.24e-04      8.67e-02    8.47e-02    3.4e-06
   7740      1.74e-01    1.70e-01      4.85e-04    6.28e-04      8.36e-02    8.17e-02    3.4e-06
   7749      1.78e-01    1.67e-01      5.51e-04    6.51e-04      8.52e-02    8.00e-02    3.4e-06
   7758      1.82e-01    1.71e-01      5.20e-04    6.45e-04      8.71e-02    8.18e-02    3.4e-06
   7767      1.70e-01    1.70e-01      4.96e-04    6.33e-04      8.13e-02    8.14e-02    3.4e-06
   7776      1.77e-01    1.69e-01      5.48e-04    6.85e-04      8.51e-02    8.12e-02    3.4e-06
   7785      1.74e-01    1.67e-01      5.04e-04    5.83e-04      8.36e-02    8.03e-02    3.4e-06
   7794      1.79e-01    1.72e-01      5.31e-04    5.45e-04      8.60e-02    8.25e-02    3.4e-06
   7803      1.74e-01    1.69e-01      5.14e-04    6.13e-04      8.36e-02    8.11e-02    3.4e-06
   7812      1.75e-01    1.70e-01      5.62e-04    6.27e-04      8.38e-02    8.13e-02    3.4e-06
   7821      1.78e-01    1.73e-01      5.13e-04    5.60e-04      8.56e-02    8.29e-02    3.4e-06
   7830      1.79e-01    1.70e-01      6.03e-04    6.00e-04      8.58e-02    8.16e-02    3.4e-06
   7839      1.73e-01    1.75e-01      4.30e-04    5.38e-04      8.32e-02    8.38e-02    3.4e-06
   7848      1.79e-01    1.69e-01      5.39e-04    5.60e-04      8.58e-02    8.12e-02    3.4e-06
   7857      1.73e-01    1.76e-01      5.13e-04    6.23e-04      8.31e-02    8.42e-02    3.4e-06
   7866      1.80e-01    1.74e-01      5.69e-04    5.59e-04      8.65e-02    8.34e-02    3.4e-06
   7875      1.72e-01    1.67e-01      5.02e-04    6.90e-04      8.26e-02    8.02e-02    3.4e-06
   7884      1.73e-01    1.81e-01      5.24e-04    6.56e-04      8.28e-02    8.68e-02    3.4e-06
   7893      1.80e-01    1.71e-01      5.45e-04    7.11e-04      8.61e-02    8.18e-02    3.4e-06
   7902      1.71e-01    1.72e-01      4.36e-04    6.36e-04      8.20e-02    8.22e-02    3.4e-06
   7911      1.82e-01    1.70e-01      5.97e-04    6.34e-04      8.72e-02    8.16e-02    3.4e-06
   7920      1.78e-01    1.71e-01      5.52e-04    5.56e-04      8.55e-02    8.21e-02    3.4e-06
   7929      1.73e-01    1.74e-01      5.19e-04    7.54e-04      8.29e-02    8.33e-02    3.4e-06
   7938      1.73e-01    1.71e-01      5.33e-04    4.11e-04      8.32e-02    8.18e-02    3.4e-06
   7947      1.81e-01    1.70e-01      5.36e-04    7.26e-04      8.66e-02    8.17e-02    3.4e-06
   7956      1.79e-01    1.67e-01      4.62e-04    6.08e-04      8.60e-02    8.02e-02    3.4e-06
   7965      1.73e-01    1.70e-01      5.80e-04    6.84e-04      8.29e-02    8.16e-02    3.4e-06
   7974      1.68e-01    1.72e-01      5.62e-04    7.48e-04      8.05e-02    8.23e-02    3.4e-06
   7983      1.82e-01    1.70e-01      5.11e-04    6.43e-04      8.71e-02    8.16e-02    3.4e-06
   7992      1.82e-01    1.69e-01      4.57e-04    5.77e-04      8.72e-02    8.10e-02    3.4e-06
   8001      1.69e-01    1.69e-01      5.67e-04    6.59e-04      8.11e-02    8.11e-02    3.4e-06
   8010      1.71e-01    1.71e-01      5.73e-04    7.20e-04      8.20e-02    8.17e-02    3.4e-06
   8019      1.79e-01    1.73e-01      5.03e-04    7.69e-04      8.59e-02    8.30e-02    3.4e-06
   8028      1.76e-01    1.75e-01      5.23e-04    6.07e-04      8.42e-02    8.38e-02    3.4e-06
   8037      1.77e-01    1.71e-01      5.27e-04    6.90e-04      8.49e-02    8.19e-02    3.4e-06
   8046      1.74e-01    1.73e-01      5.37e-04    6.39e-04      8.36e-02    8.28e-02    3.4e-06
   8055      1.79e-01    1.69e-01      5.34e-04    6.28e-04      8.57e-02    8.12e-02    3.4e-06
   8064      1.73e-01    1.66e-01      5.15e-04    6.34e-04      8.27e-02    7.98e-02    3.4e-06
   8073      1.81e-01    1.72e-01      5.44e-04    6.63e-04      8.70e-02    8.25e-02    3.4e-06
   8082      1.75e-01    1.73e-01      5.84e-04    6.58e-04      8.40e-02    8.28e-02    3.4e-06
   8091      1.77e-01    1.75e-01      4.93e-04    6.14e-04      8.50e-02    8.40e-02    3.4e-06
   8100      1.79e-01    1.67e-01      5.31e-04    6.04e-04      8.57e-02    7.98e-02    3.4e-06
   8109      1.74e-01    1.68e-01      5.40e-04    5.73e-04      8.36e-02    8.05e-02    3.4e-06
   8118      1.74e-01    1.70e-01      5.36e-04    7.05e-04      8.32e-02    8.15e-02    3.4e-06
   8127      1.76e-01    1.71e-01      5.21e-04    6.01e-04      8.42e-02    8.18e-02    3.4e-06
   8136      1.71e-01    1.68e-01      5.18e-04    6.02e-04      8.21e-02    8.03e-02    3.4e-06
   8145      1.82e-01    1.67e-01      5.22e-04    6.74e-04      8.71e-02    8.00e-02    3.4e-06
   8154      1.83e-01    1.69e-01      5.46e-04    6.02e-04      8.76e-02    8.11e-02    3.4e-06
   8163      1.69e-01    1.68e-01      5.11e-04    6.34e-04      8.11e-02    8.04e-02    3.4e-06
   8172      1.76e-01    1.70e-01      5.71e-04    5.25e-04      8.46e-02    8.13e-02    3.4e-06
   8181      1.76e-01    1.69e-01      4.56e-04    6.51e-04      8.44e-02    8.08e-02    3.4e-06
   8190      1.77e-01    1.74e-01      5.21e-04    5.98e-04      8.46e-02    8.36e-02    3.4e-06
   8199      1.76e-01    1.65e-01      5.56e-04    5.70e-04      8.44e-02    7.93e-02    3.4e-06
   8208      1.75e-01    1.74e-01      5.42e-04    7.06e-04      8.37e-02    8.32e-02    3.4e-06
   8217      1.80e-01    1.75e-01      4.96e-04    6.89e-04      8.64e-02    8.39e-02    3.4e-06
   8226      1.83e-01    1.75e-01      5.30e-04    6.87e-04      8.76e-02    8.38e-02    3.4e-06
   8235      1.70e-01    1.74e-01      5.50e-04    5.46e-04      8.15e-02    8.34e-02    3.4e-06
   8244      1.80e-01    1.72e-01      5.35e-04    6.63e-04      8.65e-02    8.24e-02    3.4e-06
   8253      1.72e-01    1.71e-01      5.07e-04    7.17e-04      8.26e-02    8.20e-02    3.4e-06
   8262      1.79e-01    1.71e-01      5.60e-04    5.51e-04      8.57e-02    8.20e-02    3.4e-06
   8271      1.75e-01    1.75e-01      5.00e-04    6.30e-04      8.39e-02    8.40e-02    3.4e-06
   8280      1.65e-01    1.75e-01      5.12e-04    6.74e-04      7.90e-02    8.40e-02    3.4e-06
   8289      1.87e-01    1.72e-01      5.46e-04    6.34e-04      8.98e-02    8.23e-02    3.4e-06
   8298      1.79e-01    1.77e-01      5.68e-04    5.94e-04      8.57e-02    8.48e-02    3.4e-06
   8307      1.74e-01    1.72e-01      4.84e-04    5.73e-04      8.35e-02    8.24e-02    3.4e-06
   8316      1.69e-01    1.71e-01      5.13e-04    6.82e-04      8.08e-02    8.20e-02    3.4e-06
   8325      1.83e-01    1.68e-01      5.32e-04    5.04e-04      8.79e-02    8.07e-02    3.4e-06
   8334      1.79e-01    1.80e-01      4.98e-04    6.28e-04      8.60e-02    8.63e-02    3.4e-06
   8343      1.74e-01    1.70e-01      5.58e-04    6.03e-04      8.32e-02    8.16e-02    3.4e-06
   8352      1.77e-01    1.80e-01      5.58e-04    6.31e-04      8.48e-02    8.63e-02    3.4e-06
   8361      1.76e-01    1.73e-01      5.01e-04    7.41e-04      8.43e-02    8.31e-02    3.4e-06
   8370      1.72e-01    1.69e-01      5.56e-04    6.01e-04      8.27e-02    8.08e-02    3.4e-06
   8379      1.79e-01    1.71e-01      4.66e-04    6.84e-04      8.57e-02    8.22e-02    3.4e-06
   8388      1.75e-01    1.71e-01      4.39e-04    6.05e-04      8.40e-02    8.19e-02    3.4e-06
   8397      1.75e-01    1.70e-01      6.04e-04    6.50e-04      8.39e-02    8.14e-02    3.4e-06
   8406      1.82e-01    1.76e-01      5.15e-04    6.05e-04      8.72e-02    8.43e-02    3.4e-06
   8415      1.72e-01    1.68e-01      5.20e-04    5.34e-04      8.22e-02    8.03e-02    3.4e-06
   8424      1.74e-01    1.68e-01      4.95e-04    6.36e-04      8.36e-02    8.03e-02    3.4e-06
   8433      1.80e-01    1.71e-01      5.49e-04    6.87e-04      8.62e-02    8.21e-02    3.4e-06
   8442      1.77e-01    1.69e-01      4.92e-04    7.15e-04      8.47e-02    8.09e-02    3.4e-06
   8451      1.75e-01    1.70e-01      5.70e-04    6.55e-04      8.40e-02    8.17e-02    3.4e-06
   8460      1.77e-01    1.73e-01      3.76e-04    5.78e-04      8.49e-02    8.30e-02    3.4e-06
   8469      1.75e-01    1.74e-01      6.27e-04    6.36e-04      8.38e-02    8.36e-02    3.4e-06
   8478      1.76e-01    1.73e-01      5.49e-04    6.42e-04      8.43e-02    8.31e-02    3.4e-06
   8487      1.79e-01    1.74e-01      5.11e-04    5.47e-04      8.57e-02    8.33e-02    3.4e-06
   8496      1.74e-01    1.68e-01      5.04e-04    6.37e-04      8.37e-02    8.07e-02    3.4e-06
   8505      1.74e-01    1.76e-01      5.38e-04    6.54e-04      8.36e-02    8.43e-02    3.4e-06
   8514      1.83e-01    1.70e-01      4.93e-04    6.80e-04      8.76e-02    8.15e-02    3.4e-06
   8523      1.69e-01    1.73e-01      5.81e-04    6.64e-04      8.11e-02    8.30e-02    3.4e-06
   8532      1.75e-01    1.66e-01      5.14e-04    6.47e-04      8.38e-02    7.98e-02    3.4e-06
   8541      1.78e-01    1.73e-01      5.43e-04    5.64e-04      8.54e-02    8.28e-02    3.4e-06
   8550      1.83e-01    1.70e-01      5.10e-04    6.18e-04      8.76e-02    8.16e-02    3.4e-06
   8559      1.70e-01    1.72e-01      5.49e-04    7.25e-04      8.14e-02    8.25e-02    3.4e-06
   8568      1.76e-01    1.70e-01      5.12e-04    6.45e-04      8.43e-02    8.15e-02    3.4e-06
   8577      1.75e-01    1.72e-01      4.99e-04    6.85e-04      8.38e-02    8.23e-02    3.4e-06
   8586      1.72e-01    1.75e-01      5.47e-04    6.92e-04      8.24e-02    8.37e-02    3.4e-06
   8595      1.80e-01    1.72e-01      5.22e-04    6.09e-04      8.61e-02    8.24e-02    3.4e-06
   8604      1.75e-01    1.66e-01      5.27e-04    5.73e-04      8.39e-02    7.96e-02    3.4e-06
   8613      1.77e-01    1.65e-01      5.24e-04    6.48e-04      8.49e-02    7.90e-02    3.4e-06
   8622      1.77e-01    1.70e-01      5.83e-04    6.20e-04      8.49e-02    8.13e-02    3.4e-06
   8631      1.74e-01    1.72e-01      4.96e-04    6.50e-04      8.34e-02    8.23e-02    3.4e-06
   8640      1.77e-01    1.74e-01      5.77e-04    6.32e-04      8.51e-02    8.35e-02    3.4e-06
   8649      1.75e-01    1.71e-01      4.99e-04    5.98e-04      8.38e-02    8.21e-02    3.4e-06
   8658      1.78e-01    1.70e-01      5.19e-04    5.66e-04      8.54e-02    8.16e-02    3.4e-06
   8667      1.72e-01    1.72e-01      5.56e-04    6.47e-04      8.27e-02    8.24e-02    3.4e-06
   8676      1.74e-01    1.72e-01      5.11e-04    7.34e-04      8.35e-02    8.23e-02    3.4e-06
   8685      1.78e-01    1.68e-01      5.43e-04    6.57e-04      8.53e-02    8.05e-02    3.4e-06
   8694      1.81e-01    1.66e-01      5.57e-04    6.19e-04      8.66e-02    7.98e-02    3.4e-06
   8703      1.72e-01    1.70e-01      5.29e-04    7.17e-04      8.26e-02    8.14e-02    3.4e-06
   8712      1.74e-01    1.67e-01      4.85e-04    6.08e-04      8.32e-02    7.99e-02    3.4e-06
   8721      1.78e-01    1.68e-01      5.32e-04    6.04e-04      8.55e-02    8.06e-02    3.4e-06
   8730      1.81e-01    1.68e-01      5.08e-04    6.84e-04      8.67e-02    8.04e-02    3.4e-06
   8739      1.71e-01    1.74e-01      5.41e-04    6.60e-04      8.19e-02    8.33e-02    3.4e-06
   8748      1.70e-01    1.70e-01      5.00e-04    6.02e-04      8.14e-02    8.14e-02    3.4e-06
   8757      1.81e-01    1.69e-01      5.45e-04    6.15e-04      8.68e-02    8.08e-02    3.4e-06
   8766      1.74e-01    1.69e-01      5.41e-04    5.86e-04      8.32e-02    8.08e-02    3.4e-06
   8775      1.78e-01    1.74e-01      5.00e-04    5.93e-04      8.55e-02    8.35e-02    3.4e-06
   8784      1.75e-01    1.78e-01      6.21e-04    6.17e-04      8.38e-02    8.56e-02    3.4e-06
   8793      1.77e-01    1.73e-01      4.16e-04    6.52e-04      8.47e-02    8.28e-02    3.4e-06
   8802      1.79e-01    1.69e-01      5.71e-04    6.51e-04      8.57e-02    8.11e-02    3.4e-06
   8811      1.73e-01    1.71e-01      4.73e-04    6.71e-04      8.27e-02    8.22e-02    3.4e-06
   8820      1.75e-01    1.64e-01      5.03e-04    6.27e-04      8.41e-02    7.86e-02    3.4e-06
   8829      1.75e-01    1.70e-01      5.67e-04    6.54e-04      8.39e-02    8.14e-02    3.4e-06
   8838      1.76e-01    1.67e-01      5.35e-04    6.19e-04      8.45e-02    7.99e-02    3.4e-06
   8847      1.78e-01    1.70e-01      5.47e-04    6.87e-04      8.51e-02    8.14e-02    3.4e-06
   8856      1.73e-01    1.70e-01      5.30e-04    5.76e-04      8.29e-02    8.14e-02    3.4e-06
   8865      1.78e-01    1.72e-01      5.24e-04    6.18e-04      8.56e-02    8.25e-02    3.4e-06
   8874      1.67e-01    1.69e-01      5.09e-04    6.55e-04      8.01e-02    8.11e-02    3.4e-06
   8883      1.84e-01    1.70e-01      5.49e-04    5.67e-04      8.83e-02    8.14e-02    3.4e-06
   8892      1.82e-01    1.76e-01      4.25e-04    7.19e-04      8.73e-02    8.45e-02    3.4e-06
   8901      1.69e-01    1.74e-01      6.06e-04    5.79e-04      8.12e-02    8.36e-02    3.4e-06
   8910      1.76e-01    1.69e-01      5.39e-04    5.66e-04      8.43e-02    8.10e-02    3.4e-06
   8919      1.77e-01    1.70e-01      5.13e-04    7.32e-04      8.48e-02    8.17e-02    3.4e-06
   8928      1.81e-01    1.69e-01      4.84e-04    6.17e-04      8.68e-02    8.11e-02    3.4e-06
   8937      1.71e-01    1.72e-01      5.62e-04    5.66e-04      8.20e-02    8.23e-02    3.4e-06
   8946      1.78e-01    1.72e-01      5.03e-04    7.55e-04      8.53e-02    8.25e-02    3.4e-06
   8955      1.74e-01    1.73e-01      5.71e-04    7.29e-04      8.34e-02    8.30e-02    3.4e-06
   8964      1.79e-01    1.69e-01      5.37e-04    5.58e-04      8.58e-02    8.11e-02    3.4e-06
   8973      1.73e-01    1.71e-01      5.40e-04    6.43e-04      8.29e-02    8.20e-02    3.4e-06
   8982      1.70e-01    1.65e-01      5.74e-04    6.04e-04      8.16e-02    7.92e-02    3.4e-06
   8991      1.83e-01    1.68e-01      4.74e-04    6.77e-04      8.76e-02    8.06e-02    3.4e-06
   9000      1.68e-01    1.67e-01      5.12e-04    6.14e-04      8.05e-02    8.02e-02    3.4e-06
