Time[ps]      Etot[eV]     Epot[eV]     Ekin[eV]    T[K]
0.0000         -661.283     -665.232        3.949   293.8
0.0500         -659.369     -662.327        2.958   220.1
0.1000         -658.770     -661.687        2.916   216.9
0.1500         -657.785     -661.718        3.934   292.6
0.2000         -658.057     -661.572        3.515   261.5
0.2500         -657.754     -661.249        3.495   260.0
0.3000         -657.682     -661.765        4.083   303.8
0.3500         -656.948     -660.951        4.003   297.8
0.4000         -656.728     -660.941        4.214   313.5
0.4500         -657.365     -661.180        3.815   283.8
0.5000         -657.109     -661.155        4.046   301.0
0.5500         -656.264     -660.744        4.480   333.3
0.6000         -656.665     -660.672        4.007   298.1
0.6500         -656.621     -660.453        3.832   285.0
0.7000         -656.404     -660.427        4.023   299.3
0.7500         -657.151     -661.049        3.897   289.9
0.8000         -657.329     -660.888        3.559   264.7
0.8500         -657.336     -661.313        3.978   295.9
0.9000         -657.034     -660.952        3.918   291.4
0.9500         -657.508     -661.110        3.601   267.9
1.0000         -657.449     -661.506        4.058   301.8
1.0500         -657.996     -661.535        3.540   263.3
1.1000         -657.621     -661.261        3.640   270.8
1.1500         -657.384     -661.124        3.740   278.2
1.2000         -657.696     -661.064        3.367   250.5
1.2500         -658.136     -661.701        3.565   265.2
1.3000         -658.222     -661.514        3.292   244.9
1.3500         -657.668     -662.002        4.334   322.4
1.4000         -657.426     -661.515        4.089   304.2
1.4500         -657.480     -661.498        4.018   298.9
1.5000         -657.095     -661.370        4.275   318.0
1.5500         -656.867     -660.975        4.108   305.6
1.6000         -657.480     -661.665        4.186   311.4
1.6500         -657.403     -661.519        4.116   306.2
1.7000         -657.628     -661.290        3.662   272.4
1.7500         -656.904     -661.119        4.215   313.6
1.8000         -657.164     -661.230        4.066   302.4
1.8500         -657.529     -661.330        3.801   282.7
1.9000         -657.288     -660.610        3.323   247.2
1.9500         -657.211     -661.385        4.174   310.5
2.0000         -656.573     -660.937        4.363   324.6
2.0500         -657.257     -661.742        4.485   333.6
2.1000         -657.136     -661.231        4.095   304.6
2.1500         -656.787     -660.820        4.034   300.0
2.2000         -656.701     -660.678        3.977   295.9
2.2500         -655.979     -660.494        4.516   335.9
2.3000         -656.335     -660.888        4.552   338.6
2.3500         -656.983     -660.880        3.897   289.9
2.4000         -656.906     -661.001        4.095   304.6
2.4500         -657.273     -661.408        4.135   307.6
2.5000         -657.184     -660.740        3.556   264.5
2.5500         -656.811     -660.606        3.795   282.3
2.6000         -656.417     -660.598        4.181   311.0
2.6500         -656.513     -660.428        3.915   291.3
2.7000         -656.903     -661.239        4.336   322.6
2.7500         -656.813     -660.452        3.639   270.7
2.8000         -656.299     -660.115        3.816   283.9
2.8500         -656.008     -660.020        4.012   298.4
2.9000         -656.113     -660.300        4.187   311.4
2.9500         -656.499     -660.608        4.110   305.7
3.0000         -656.752     -661.165        4.413   328.3
3.0500         -656.719     -660.540        3.821   284.3
3.1000         -656.741     -660.923        4.182   311.1
3.1500         -656.936     -661.277        4.342   323.0
3.2000         -657.273     -661.293        4.020   299.0
3.2500         -657.649     -661.046        3.397   252.7
3.3000         -656.869     -660.943        4.074   303.1
3.3500         -656.899     -661.068        4.169   310.2
3.4000         -656.690     -660.696        4.006   298.0
3.4500         -656.521     -660.317        3.795   282.3
3.5000         -656.370     -660.426        4.057   301.8
3.5500         -656.652     -660.597        3.945   293.5
3.6000         -657.161     -661.273        4.112   305.9
3.6500         -657.766     -661.210        3.444   256.2
3.7000         -657.783     -661.619        3.836   285.3
3.7500         -657.312     -660.837        3.526   262.3
3.8000         -657.224     -660.986        3.763   279.9
3.8500         -657.443     -660.940        3.497   260.1
3.9000         -657.193     -661.283        4.090   304.3
3.9500         -656.787     -661.082        4.294   319.4
4.0000         -657.265     -661.496        4.231   314.7
4.0500         -657.345     -660.874        3.529   262.5
4.1000         -656.788     -660.663        3.875   288.3
4.1500         -656.352     -660.714        4.361   324.4
4.2000         -656.395     -660.358        3.963   294.8
4.2500         -656.770     -660.765        3.994   297.1
4.3000         -656.382     -660.704        4.322   321.5
4.3500         -656.446     -660.525        4.079   303.4
4.4000         -656.613     -660.850        4.237   315.2
4.4500         -656.274     -661.278        5.005   372.3
4.5000         -656.016     -660.877        4.861   361.6
4.5500         -655.914     -660.813        4.900   364.5
4.6000         -656.446     -661.164        4.718   351.0
4.6500         -656.897     -661.102        4.205   312.8
4.7000         -656.955     -660.940        3.985   296.4
4.7500         -656.342     -660.198        3.856   286.9
4.8000         -656.402     -660.531        4.129   307.1
4.8500         -656.648     -660.820        4.172   310.3
4.9000         -656.756     -660.937        4.180   311.0
4.9500         -657.149     -661.091        3.943   293.3
5.0000         -656.973     -661.045        4.071   302.9
5.0500         -656.739     -661.282        4.543   337.9
5.1000         -656.685     -660.531        3.845   286.0
5.1500         -656.489     -660.857        4.368   324.9
5.2000         -656.867     -660.982        4.115   306.1
5.2500         -656.279     -660.199        3.921   291.6
5.3000         -655.827     -659.835        4.008   298.1
5.3500         -656.655     -661.337        4.682   348.3
5.4000         -657.041     -661.254        4.213   313.4
5.4500         -657.345     -660.971        3.626   269.7
5.5000         -657.717     -661.420        3.703   275.5
5.5500         -657.214     -660.929        3.716   276.4
5.6000         -657.084     -660.493        3.408   253.5
5.6500         -657.186     -661.019        3.833   285.1
5.7000         -657.063     -661.059        3.996   297.3
5.7500         -656.703     -660.819        4.116   306.1
5.8000         -656.547     -661.120        4.572   340.1
5.8500         -656.894     -661.158        4.264   317.2
5.9000         -656.957     -661.684        4.727   351.6
5.9500         -656.929     -660.820        3.890   289.4
6.0000         -657.121     -660.620        3.499   260.3
6.0500         -657.387     -661.421        4.034   300.1
6.1000         -656.922     -660.971        4.049   301.2
6.1500         -657.400     -661.532        4.132   307.4
6.2000         -657.056     -660.990        3.934   292.6
6.2500         -657.024     -660.779        3.756   279.4
6.3000         -656.845     -660.689        3.844   285.9
6.3500         -656.905     -661.283        4.379   325.7
6.4000         -657.724     -661.086        3.362   250.1
6.4500         -657.776     -661.779        4.004   297.8
6.5000         -657.724     -661.245        3.521   261.9
6.5500         -657.644     -661.311        3.667   272.8
6.6000         -657.229     -661.097        3.868   287.8
6.6500         -657.119     -661.074        3.955   294.2
6.7000         -656.374     -660.425        4.051   301.4
6.7500         -655.941     -660.173        4.232   314.8
6.8000         -655.937     -660.450        4.513   335.7
6.8500         -656.230     -660.440        4.210   313.1
6.9000         -656.064     -660.307        4.243   315.6
6.9500         -656.456     -660.984        4.528   336.8
7.0000         -656.484     -660.769        4.285   318.8
7.0500         -656.994     -661.295        4.300   319.9
7.1000         -657.791     -661.708        3.918   291.4
7.1500         -656.984     -660.923        3.939   293.0
7.2000         -656.943     -660.943        4.000   297.6
7.2500         -656.837     -660.994        4.157   309.2
7.3000         -656.979     -660.883        3.904   290.4
7.3500         -656.671     -661.051        4.380   325.8
7.4000         -656.975     -660.872        3.897   289.9
7.4500         -656.337     -660.779        4.442   330.5
7.5000         -655.920     -660.360        4.440   330.3
7.5500         -656.353     -661.052        4.699   349.5
7.6000         -656.050     -660.380        4.331   322.2
7.6500         -655.879     -660.348        4.469   332.5
7.7000         -656.164     -660.780        4.616   343.3
7.7500         -656.167     -660.463        4.296   319.6
7.8000         -656.056     -660.222        4.166   309.9
7.8500         -657.099     -660.726        3.627   269.8
7.9000         -657.567     -661.129        3.562   265.0
7.9500         -656.952     -661.029        4.076   303.2
8.0000         -656.734     -660.611        3.877   288.4
8.0500         -656.635     -660.667        4.032   299.9
8.1000         -657.264     -661.094        3.830   284.9
8.1500         -656.976     -661.013        4.037   300.3
8.2000         -657.164     -661.266        4.102   305.1
8.2500         -656.881     -661.060        4.179   310.9
8.3000         -657.181     -660.777        3.596   267.5
8.3500         -657.099     -660.849        3.750   279.0
8.4000         -657.103     -661.179        4.076   303.2
8.4500         -657.091     -660.842        3.751   279.0
8.5000         -656.661     -661.241        4.580   340.7
8.5500         -657.189     -660.689        3.500   260.3
8.6000         -657.110     -660.974        3.864   287.4
8.6500         -657.280     -660.919        3.638   270.6
8.7000         -657.019     -661.063        4.044   300.8
8.7500         -657.403     -661.645        4.242   315.6
8.8000         -657.086     -660.874        3.788   281.8
8.8500         -657.618     -661.234        3.616   269.0
8.9000         -657.514     -661.192        3.678   273.6
8.9500         -658.077     -661.726        3.650   271.5
9.0000         -657.767     -661.488        3.720   276.7
9.0500         -656.812     -660.884        4.071   302.9
9.1000         -656.653     -660.790        4.137   307.8
9.1500         -657.128     -660.813        3.686   274.2
9.2000         -656.675     -660.558        3.883   288.8
9.2500         -656.880     -661.142        4.263   317.1
9.3000         -656.453     -660.577        4.124   306.8
9.3500         -656.626     -660.842        4.216   313.6
9.4000         -657.342     -661.148        3.806   283.1
9.4500         -657.040     -661.571        4.531   337.1
9.5000         -657.154     -661.258        4.103   305.2
9.5500         -657.072     -661.493        4.421   328.8
9.6000         -656.405     -660.743        4.338   322.7
9.6500         -655.458     -660.064        4.606   342.6
9.7000         -655.804     -660.479        4.675   347.8
9.7500         -656.369     -660.175        3.806   283.1
9.8000         -656.611     -660.587        3.976   295.7
9.8500         -656.683     -661.427        4.744   352.9
9.9000         -656.742     -660.683        3.941   293.2
9.9500         -656.723     -660.588        3.865   287.5
10.0000        -656.691     -661.079        4.388   326.4
10.0500        -656.491     -661.000        4.509   335.4
10.1000        -656.964     -660.701        3.738   278.1
10.1500        -656.374     -660.789        4.415   328.4
10.2000        -656.172     -660.701        4.529   336.9
10.2500        -656.118     -660.536        4.418   328.6
10.3000        -656.793     -661.240        4.447   330.8
10.3500        -657.359     -661.248        3.890   289.4
10.4000        -656.956     -661.137        4.181   311.0
10.4500        -657.181     -661.576        4.395   326.9
10.5000        -657.142     -661.118        3.976   295.8
10.5500        -656.799     -661.103        4.303   320.1
10.6000        -656.932     -660.891        3.959   294.5
10.6500        -657.749     -661.379        3.630   270.0
10.7000        -657.524     -661.187        3.663   272.5
10.7500        -657.624     -661.117        3.493   259.8
10.8000        -657.702     -661.563        3.860   287.2
10.8500        -657.637     -661.298        3.662   272.4
10.9000        -657.347     -661.193        3.846   286.1
10.9500        -657.238     -660.900        3.662   272.4
11.0000        -657.019     -661.084        4.064   302.3
11.0500        -656.211     -660.553        4.342   323.0
11.1000        -657.119     -661.566        4.447   330.8
11.1500        -656.724     -660.566        3.842   285.8
11.2000        -656.872     -660.813        3.941   293.1
11.2500        -657.207     -661.162        3.955   294.2
11.3000        -657.402     -661.443        4.041   300.6
11.3500        -657.852     -661.398        3.546   263.8
11.4000        -657.737     -661.591        3.854   286.7
11.4500        -657.532     -661.099        3.568   265.4
11.5000        -657.171     -660.936        3.765   280.1
11.5500        -657.362     -661.169        3.807   283.2
11.6000        -657.513     -661.674        4.161   309.5
11.6500        -657.777     -661.875        4.098   304.8
11.7000        -657.615     -661.446        3.831   285.0
11.7500        -657.211     -661.353        4.142   308.1
11.8000        -657.364     -661.367        4.003   297.7
11.8500        -657.233     -661.291        4.058   301.9
11.9000        -656.953     -661.109        4.156   309.2
11.9500        -657.188     -660.729        3.541   263.4
12.0000        -656.900     -661.056        4.156   309.2
12.0500        -656.637     -661.185        4.548   338.3
12.1000        -655.996     -660.345        4.348   323.5
12.1500        -656.434     -661.019        4.584   341.0
12.2000        -657.118     -661.111        3.993   297.0
12.2500        -657.122     -661.154        4.032   299.9
12.3000        -657.170     -661.008        3.837   285.4
12.3500        -657.222     -661.195        3.972   295.5
12.4000        -657.681     -661.729        4.047   301.1
12.4500        -657.443     -661.175        3.732   277.6
12.5000        -657.068     -660.675        3.608   268.4
12.5500        -656.524     -660.785        4.261   317.0
12.6000        -656.765     -660.798        4.034   300.1
12.6500        -657.231     -660.885        3.655   271.9
12.7000        -657.414     -661.116        3.702   275.4
12.7500        -657.735     -661.112        3.377   251.2
12.8000        -657.550     -661.091        3.540   263.4
12.8500        -657.381     -661.318        3.937   292.9
12.9000        -657.218     -661.106        3.888   289.2
12.9500        -657.309     -661.274        3.966   295.0
13.0000        -657.523     -661.526        4.002   297.7
13.0500        -657.547     -661.695        4.149   308.6
13.1000        -657.210     -661.546        4.336   322.5
13.1500        -656.882     -661.009        4.126   307.0
13.2000        -657.026     -661.174        4.148   308.5
13.2500        -657.351     -661.293        3.942   293.2
13.3000        -657.273     -661.185        3.913   291.0
13.3500        -657.231     -661.289        4.058   301.9
13.4000        -656.802     -660.957        4.155   309.1
13.4500        -657.249     -661.087        3.838   285.5
13.5000        -657.482     -661.384        3.903   290.3
13.5500        -657.003     -660.748        3.746   278.6
13.6000        -656.841     -660.997        4.156   309.1
13.6500        -656.930     -660.926        3.995   297.2
13.7000        -656.859     -661.161        4.303   320.1
13.7500        -657.221     -661.102        3.881   288.7
13.8000        -656.997     -660.971        3.974   295.6
13.8500        -657.056     -660.883        3.827   284.7
13.9000        -656.228     -660.555        4.327   321.9
13.9500        -657.010     -661.227        4.218   313.7
14.0000        -656.829     -661.261        4.433   329.7
14.0500        -657.091     -660.831        3.739   278.2
14.1000        -657.184     -660.992        3.807   283.2
14.1500        -657.661     -661.124        3.464   257.7
14.2000        -657.804     -661.443        3.639   270.7
14.2500        -657.330     -661.021        3.691   274.6
14.3000        -657.108     -661.279        4.171   310.3
14.3500        -656.971     -661.097        4.126   306.9
14.4000        -657.215     -660.523        3.309   246.1
14.4500        -657.312     -660.978        3.665   272.7
14.5000        -658.153     -662.203        4.050   301.3
14.5500        -658.055     -662.165        4.110   305.7
14.6000        -657.790     -661.672        3.882   288.8
14.6500        -658.131     -661.951        3.820   284.2
14.7000        -657.904     -661.670        3.766   280.2
14.7500        -657.654     -661.247        3.593   267.3
14.8000        -657.318     -661.445        4.127   307.0
14.8500        -657.295     -661.550        4.256   316.6
14.9000        -657.158     -661.269        4.111   305.8
14.9500        -657.041     -661.251        4.210   313.2
15.0000        -657.027     -660.603        3.576   266.0
15.0500        -656.827     -661.014        4.187   311.5
15.1000        -656.594     -660.935        4.341   322.9
15.1500        -656.130     -660.342        4.211   313.3
15.2000        -656.392     -660.979        4.587   341.2
15.2500        -656.428     -660.819        4.390   326.6
15.3000        -657.271     -661.498        4.228   314.5
15.3500        -657.640     -661.366        3.727   277.2
15.4000        -657.207     -660.945        3.738   278.0
15.4500        -656.668     -660.588        3.920   291.6
15.5000        -656.551     -660.825        4.274   317.9
15.5500        -656.706     -660.533        3.827   284.6
15.6000        -657.356     -661.442        4.085   303.9
15.6500        -657.594     -661.107        3.512   261.3
15.7000        -657.080     -661.258        4.178   310.8
15.7500        -656.782     -660.788        4.006   298.0
15.8000        -657.641     -661.256        3.615   268.9
15.8500        -657.939     -661.556        3.617   269.1
15.9000        -657.312     -661.451        4.139   307.9
15.9500        -657.572     -661.219        3.647   271.3
16.0000        -657.960     -661.788        3.827   284.7
16.0500        -658.193     -661.417        3.224   239.8
16.1000        -657.743     -661.790        4.047   301.0
16.1500        -658.151     -661.527        3.376   251.1
16.2000        -658.059     -661.422        3.363   250.1
16.2500        -657.719     -661.471        3.752   279.1
16.3000        -657.509     -661.052        3.543   263.5
16.3500        -657.345     -661.344        3.999   297.5
16.4000        -656.758     -660.816        4.058   301.9
16.4500        -656.602     -660.592        3.991   296.9
16.5000        -656.646     -660.939        4.293   319.4
16.5500        -657.120     -661.461        4.341   322.9
16.6000        -656.971     -661.460        4.489   333.9
16.6500        -657.322     -661.444        4.122   306.6
16.7000        -657.452     -661.193        3.740   278.2
16.7500        -657.182     -661.288        4.105   305.4
16.8000        -657.579     -661.404        3.825   284.5
16.8500        -657.191     -661.545        4.354   323.9
16.9000        -657.726     -661.889        4.163   309.7
16.9500        -657.665     -661.297        3.632   270.2
17.0000        -657.412     -661.301        3.889   289.3
17.0500        -657.108     -661.281        4.173   310.4
17.1000        -657.172     -661.242        4.070   302.8
17.1500        -657.183     -660.799        3.616   269.0
17.2000        -656.998     -661.074        4.076   303.2
17.2500        -657.837     -661.596        3.759   279.6
17.3000        -657.793     -661.326        3.533   262.8
17.3500        -657.728     -661.393        3.665   272.7
17.4000        -657.466     -661.257        3.791   282.0
17.4500        -657.561     -661.254        3.694   274.8
17.5000        -657.745     -661.500        3.756   279.4
17.5500        -657.522     -661.485        3.963   294.8
17.6000        -656.840     -660.611        3.772   280.6
17.6500        -656.840     -660.721        3.881   288.7
17.7000        -656.859     -661.421        4.562   339.4
17.7500        -656.450     -660.984        4.534   337.3
17.8000        -656.293     -660.900        4.606   342.7
17.8500        -656.502     -660.560        4.058   301.9
17.9000        -656.310     -660.670        4.360   324.3
17.9500        -656.266     -660.846        4.580   340.7
18.0000        -656.637     -660.736        4.099   304.9
18.0500        -657.074     -661.270        4.196   312.1
18.1000        -657.323     -661.391        4.068   302.6
18.1500        -656.998     -661.118        4.120   306.4
18.2000        -656.832     -661.012        4.180   311.0
18.2500        -657.267     -661.241        3.974   295.6
18.3000        -657.453     -661.308        3.855   286.8
18.3500        -657.577     -661.484        3.907   290.7
18.4000        -657.714     -661.416        3.702   275.4
18.4500        -657.647     -661.276        3.629   270.0
18.5000        -657.776     -661.287        3.511   261.2
18.5500        -658.078     -661.441        3.363   250.1
18.6000        -657.587     -661.182        3.595   267.4
18.6500        -657.481     -661.191        3.710   275.9
18.7000        -657.101     -661.462        4.361   324.4
18.7500        -656.776     -660.925        4.149   308.6
18.8000        -657.208     -661.591        4.384   326.1
18.8500        -656.686     -661.038        4.352   323.7
18.9000        -656.990     -660.881        3.891   289.5
18.9500        -657.132     -660.797        3.664   272.6
19.0000        -656.619     -660.833        4.215   313.5
19.0500        -657.012     -660.946        3.934   292.7
19.1000        -656.728     -661.119        4.391   326.7
19.1500        -656.276     -660.565        4.290   319.1
19.2000        -656.963     -661.275        4.312   320.8
19.2500        -656.820     -660.965        4.145   308.4
19.3000        -657.247     -661.034        3.787   281.7
19.3500        -657.217     -660.904        3.688   274.3
19.4000        -657.540     -661.330        3.790   281.9
19.4500        -657.754     -661.469        3.716   276.4
19.5000        -657.154     -661.132        3.978   295.9
19.5500        -657.300     -661.607        4.308   320.4
19.6000        -656.998     -660.842        3.844   286.0
19.6500        -657.489     -661.092        3.604   268.1
19.7000        -656.942     -660.918        3.977   295.8
19.7500        -657.299     -661.222        3.922   291.8
19.8000        -656.593     -660.979        4.386   326.3
19.8500        -656.788     -660.648        3.860   287.1
19.9000        -656.827     -661.239        4.412   328.2
19.9500        -656.805     -661.154        4.349   323.5
20.0000        -656.957     -661.068        4.111   305.8
20.0500        -656.360     -660.616        4.255   316.6
20.1000        -656.211     -660.379        4.168   310.0
20.1500        -656.050     -660.354        4.304   320.2
20.2000        -656.050     -660.607        4.556   338.9
20.2500        -656.473     -660.665        4.191   311.8
20.3000        -656.936     -660.946        4.010   298.3
20.3500        -656.615     -661.017        4.402   327.5
20.4000        -656.569     -660.842        4.273   317.8
20.4500        -656.889     -660.843        3.954   294.1
20.5000        -656.395     -660.766        4.371   325.1
20.5500        -656.884     -660.431        3.547   263.8
20.6000        -656.345     -660.429        4.084   303.8
20.6500        -656.310     -660.287        3.977   295.8
20.7000        -656.181     -660.047        3.866   287.5
20.7500        -656.397     -660.347        3.951   293.9
20.8000        -656.028     -660.484        4.456   331.5
20.8500        -656.789     -660.909        4.120   306.5
20.9000        -656.808     -660.744        3.936   292.8
20.9500        -657.024     -661.081        4.057   301.8
21.0000        -657.342     -661.066        3.724   277.0
21.0500        -656.520     -660.838        4.318   321.2
21.1000        -656.939     -661.144        4.205   312.8
21.1500        -656.967     -661.205        4.238   315.2
21.2000        -657.168     -660.966        3.797   282.5
21.2500        -657.495     -661.246        3.751   279.0
21.3000        -657.528     -661.277        3.749   278.9
21.3500        -657.274     -661.108        3.834   285.2
21.4000        -657.638     -661.548        3.910   290.8
21.4500        -657.673     -661.528        3.855   286.8
21.5000        -657.367     -661.284        3.917   291.4
21.5500        -657.213     -660.467        3.254   242.0
21.6000        -657.472     -660.948        3.476   258.6
21.6500        -656.850     -660.952        4.102   305.1
21.7000        -657.275     -661.198        3.923   291.8
21.7500        -656.887     -661.080        4.193   311.9
21.8000        -657.069     -660.506        3.437   255.7
21.8500        -656.982     -660.829        3.847   286.2
21.9000        -656.532     -661.047        4.516   335.9
21.9500        -656.758     -661.063        4.305   320.3
22.0000        -657.282     -661.117        3.835   285.3
22.0500        -657.322     -661.306        3.984   296.4
22.1000        -657.438     -660.840        3.402   253.1
22.1500        -657.463     -660.921        3.458   257.2
22.2000        -657.796     -661.485        3.689   274.4
22.2500        -658.503     -661.902        3.399   252.8
22.3000        -657.396     -661.244        3.848   286.2
22.3500        -657.190     -660.762        3.572   265.7
22.4000        -657.033     -661.466        4.433   329.8
22.4500        -657.880     -661.324        3.444   256.2
22.5000        -657.776     -661.378        3.602   267.9
22.5500        -657.275     -661.347        4.072   302.9
22.6000        -657.046     -661.183        4.137   307.7
22.6500        -657.473     -661.072        3.598   267.7
22.7000        -657.091     -661.193        4.102   305.2
22.7500        -656.220     -661.237        5.017   373.2
22.8000        -657.073     -660.799        3.727   277.2
22.8500        -657.047     -661.519        4.471   332.6
22.9000        -657.240     -661.389        4.149   308.6
22.9500        -657.547     -661.017        3.470   258.1
23.0000        -657.561     -661.293        3.733   277.7
23.0500        -657.865     -661.617        3.751   279.1
23.1000        -656.921     -660.584        3.663   272.5
23.1500        -656.650     -661.131        4.481   333.4
23.2000        -656.001     -660.117        4.116   306.2
23.2500        -656.622     -660.351        3.729   277.4
23.3000        -657.113     -660.940        3.827   284.7
23.3500        -656.838     -661.097        4.260   316.9
23.4000        -657.170     -660.859        3.689   274.4
23.4500        -656.992     -660.717        3.724   277.0
23.5000        -656.928     -660.643        3.716   276.4
23.5500        -656.945     -660.947        4.002   297.7
23.6000        -657.430     -661.074        3.644   271.1
23.6500        -657.670     -661.525        3.855   286.8
23.7000        -657.166     -661.040        3.874   288.2
23.7500        -657.769     -661.227        3.458   257.2
23.8000        -657.466     -661.118        3.652   271.6
23.8500        -656.816     -660.768        3.952   294.0
23.9000        -656.686     -660.816        4.130   307.2
23.9500        -656.648     -660.404        3.756   279.4
24.0000        -656.896     -660.879        3.983   296.3
24.0500        -657.159     -661.095        3.937   292.8
24.1000        -657.195     -660.549        3.353   249.5
24.1500        -657.223     -661.239        4.016   298.7
24.2000        -657.668     -661.307        3.639   270.7
24.2500        -657.346     -660.864        3.518   261.7
24.3000        -657.127     -661.812        4.686   348.6
24.3500        -657.091     -661.157        4.066   302.5
24.4000        -657.260     -660.968        3.708   275.8
24.4500        -657.057     -661.149        4.093   304.5
24.5000        -657.262     -661.095        3.833   285.1
24.5500        -656.909     -660.772        3.863   287.4
24.6000        -656.755     -660.837        4.082   303.7
24.6500        -656.020     -660.511        4.491   334.1
24.7000        -656.198     -660.616        4.418   328.6
24.7500        -656.587     -660.935        4.348   323.4
24.8000        -657.462     -660.983        3.521   261.9
24.8500        -657.113     -661.025        3.912   291.0
24.9000        -656.931     -660.915        3.984   296.4
24.9500        -657.172     -661.128        3.956   294.3
25.0000        -657.562     -661.860        4.298   319.8
25.0500        -657.333     -661.126        3.793   282.2
25.1000        -657.468     -661.108        3.640   270.8
25.1500        -657.566     -661.239        3.673   273.2
25.2000        -656.814     -660.892        4.077   303.3
25.2500        -657.030     -660.868        3.838   285.5
25.3000        -657.822     -661.573        3.751   279.0
25.3500        -657.982     -661.646        3.664   272.6
25.4000        -657.665     -661.426        3.761   279.7
25.4500        -656.759     -661.080        4.321   321.4
25.5000        -656.689     -661.004        4.316   321.0
25.5500        -656.747     -661.071        4.324   321.7
25.6000        -656.783     -660.881        4.098   304.8
25.6500        -656.411     -660.550        4.139   307.9
25.7000        -657.181     -661.024        3.842   285.8
25.7500        -656.861     -660.565        3.704   275.5
25.8000        -656.705     -660.768        4.063   302.2
25.8500        -657.153     -661.428        4.275   318.0
25.9000        -657.142     -661.389        4.247   315.9
25.9500        -656.570     -660.993        4.423   329.0
26.0000        -655.727     -660.283        4.555   338.8
26.0500        -656.203     -660.503        4.301   319.9
26.1000        -656.190     -660.918        4.728   351.7
26.1500        -656.072     -660.838        4.766   354.5
26.2000        -656.727     -660.832        4.105   305.4
26.2500        -656.803     -660.784        3.980   296.1
26.3000        -656.592     -660.775        4.182   311.1
26.3500        -656.790     -660.832        4.042   300.7
26.4000        -656.953     -661.029        4.076   303.2
26.4500        -656.588     -660.680        4.093   304.4
26.5000        -656.862     -661.308        4.446   330.7
26.5500        -657.117     -661.173        4.056   301.7
26.6000        -657.198     -660.926        3.728   277.3
26.6500        -656.525     -660.730        4.205   312.8
26.7000        -656.696     -660.779        4.083   303.8
26.7500        -657.409     -661.015        3.606   268.3
26.8000        -657.056     -661.463        4.407   327.8
26.8500        -657.043     -660.964        3.921   291.7
26.9000        -657.254     -660.900        3.646   271.2
26.9500        -657.175     -660.978        3.803   282.9
27.0000        -657.082     -661.001        3.919   291.6
27.0500        -657.398     -660.919        3.521   261.9
27.1000        -657.593     -661.191        3.598   267.7
27.1500        -657.633     -661.196        3.562   265.0
27.2000        -657.577     -661.485        3.908   290.7
27.2500        -658.409     -661.481        3.072   228.5
27.3000        -657.807     -661.479        3.672   273.1
27.3500        -657.343     -661.200        3.857   286.9
27.4000        -657.725     -661.488        3.762   279.9
27.4500        -658.074     -661.718        3.644   271.1
27.5000        -657.534     -661.241        3.706   275.7
27.5500        -657.444     -661.001        3.557   264.6
27.6000        -657.650     -661.397        3.746   278.7
27.6500        -657.922     -661.913        3.991   296.9
27.7000        -658.056     -661.649        3.594   267.3
27.7500        -657.239     -661.021        3.782   281.3
27.8000        -657.286     -660.775        3.489   259.5
27.8500        -656.576     -660.902        4.327   321.8
27.9000        -657.077     -660.776        3.698   275.1
27.9500        -656.927     -660.573        3.646   271.2
28.0000        -656.783     -661.066        4.282   318.6
28.0500        -657.067     -661.086        4.019   299.0
28.1000        -657.290     -660.840        3.550   264.1
28.1500        -657.018     -661.180        4.161   309.6
28.2000        -657.247     -661.568        4.322   321.5
28.2500        -657.813     -661.239        3.426   254.8
28.3000        -657.856     -661.890        4.033   300.0
28.3500        -657.625     -661.487        3.863   287.3
28.4000        -657.455     -661.103        3.648   271.4
28.4500        -657.327     -661.198        3.871   287.9
28.5000        -657.540     -661.346        3.806   283.1
28.5500        -657.918     -661.224        3.306   245.9
28.6000        -657.226     -661.178        3.952   294.0
28.6500        -657.961     -661.346        3.384   251.8
28.7000        -657.492     -661.287        3.795   282.3
28.7500        -657.432     -661.272        3.840   285.7
28.8000        -657.336     -661.186        3.850   286.4
28.8500        -657.297     -661.474        4.177   310.7
28.9000        -656.999     -661.211        4.212   313.3
28.9500        -656.936     -660.902        3.966   295.0
29.0000        -656.997     -661.231        4.234   315.0
29.0500        -657.398     -661.227        3.829   284.8
29.1000        -657.031     -660.989        3.958   294.4
29.1500        -657.163     -660.450        3.287   244.5
29.2000        -657.180     -661.524        4.344   323.1
29.2500        -656.709     -660.267        3.558   264.7
29.3000        -656.987     -660.989        4.001   297.6
29.3500        -657.015     -661.198        4.182   311.1
29.4000        -657.268     -660.912        3.644   271.1
29.4500        -657.131     -661.404        4.273   317.9
29.5000        -657.025     -661.119        4.094   304.5
29.5500        -656.733     -661.423        4.689   348.8
29.6000        -656.317     -660.543        4.226   314.4
29.6500        -656.524     -661.014        4.491   334.0
29.7000        -657.013     -661.217        4.204   312.7
29.7500        -657.616     -661.283        3.667   272.8
29.8000        -657.442     -660.577        3.135   233.2
29.8500        -657.701     -661.425        3.724   277.0
29.9000        -657.426     -661.527        4.101   305.1
29.9500        -657.217     -660.827        3.610   268.6
30.0000        -656.543     -660.340        3.797   282.4
30.0500        -656.570     -660.686        4.115   306.1
30.1000        -657.092     -660.758        3.666   272.7
30.1500        -657.543     -661.178        3.636   270.4
30.2000        -657.368     -660.448        3.080   229.1
30.2500        -657.085     -661.075        3.990   296.8
30.3000        -656.998     -660.909        3.911   290.9
30.3500        -657.106     -661.068        3.961   294.7
30.4000        -656.970     -661.215        4.245   315.8
30.4500        -657.287     -661.030        3.744   278.5
30.5000        -657.650     -661.267        3.617   269.1
30.5500        -657.344     -661.325        3.981   296.2
30.6000        -656.946     -661.227        4.281   318.5
30.6500        -657.357     -661.447        4.089   304.2
30.7000        -656.817     -661.229        4.412   328.2
30.7500        -657.135     -660.863        3.728   277.3
30.8000        -657.574     -661.304        3.730   277.5
30.8500        -657.716     -661.060        3.344   248.7
30.9000        -657.242     -660.957        3.715   276.4
30.9500        -657.447     -661.272        3.826   284.6
31.0000        -657.095     -661.250        4.155   309.1
31.0500        -657.682     -661.430        3.747   278.8
31.1000        -657.306     -661.390        4.084   303.8
31.1500        -656.877     -660.979        4.101   305.1
31.2000        -657.013     -661.114        4.101   305.0
31.2500        -656.788     -661.075        4.287   318.9
31.3000        -656.791     -661.073        4.283   318.6
31.3500        -656.702     -660.650        3.948   293.7
31.4000        -657.227     -660.899        3.671   273.1
31.4500        -657.130     -660.744        3.614   268.9
31.5000        -657.039     -660.876        3.838   285.5
31.5500        -656.875     -661.076        4.201   312.5
31.6000        -657.127     -660.948        3.822   284.3
31.6500        -657.314     -661.259        3.945   293.5
31.7000        -657.290     -661.114        3.825   284.5
31.7500        -657.056     -660.828        3.771   280.5
31.8000        -657.139     -660.732        3.593   267.2
31.8500        -657.085     -661.327        4.242   315.6
31.9000        -656.895     -660.754        3.860   287.1
31.9500        -656.888     -660.377        3.489   259.6
32.0000        -656.201     -660.993        4.792   356.5
32.0500        -656.318     -660.812        4.495   334.3
32.1000        -656.471     -660.639        4.168   310.1
32.1500        -656.966     -660.624        3.658   272.1
32.2000        -656.441     -661.191        4.750   353.4
32.2500        -657.119     -660.887        3.767   280.2
32.3000        -656.753     -660.371        3.617   269.1
32.3500        -656.904     -661.046        4.142   308.1
32.4000        -657.253     -661.018        3.765   280.1
32.4500        -657.409     -661.118        3.709   275.9
32.5000        -657.057     -660.972        3.915   291.2
32.5500        -656.444     -660.693        4.249   316.1
32.6000        -657.035     -661.067        4.032   300.0
32.6500        -657.215     -661.331        4.117   306.2
32.7000        -657.043     -660.974        3.931   292.4
32.7500        -657.587     -661.554        3.968   295.1
32.8000        -657.375     -661.265        3.889   289.3
32.8500        -657.133     -660.554        3.421   254.5
32.9000        -657.232     -661.454        4.222   314.0
32.9500        -657.508     -661.219        3.711   276.1
33.0000        -656.890     -660.604        3.714   276.3
33.0500        -657.030     -661.115        4.085   303.9
33.1000        -657.278     -661.196        3.918   291.4
33.1500        -657.008     -661.040        4.032   299.9
33.2000        -656.979     -660.653        3.675   273.4
33.2500        -657.651     -661.178        3.527   262.4
33.3000        -657.923     -661.170        3.247   241.5
33.3500        -657.352     -660.748        3.397   252.7
33.4000        -658.082     -661.475        3.392   252.3
33.4500        -657.906     -661.379        3.473   258.3
33.5000        -658.037     -661.373        3.336   248.2
33.5500        -657.968     -661.702        3.734   277.8
33.6000        -657.898     -661.311        3.413   253.9
33.6500        -657.436     -661.280        3.844   286.0
33.7000        -657.236     -661.117        3.881   288.7
33.7500        -657.495     -661.432        3.937   292.9
33.8000        -656.781     -660.848        4.068   302.6
33.8500        -656.658     -660.777        4.119   306.4
33.9000        -657.436     -661.090        3.654   271.8
33.9500        -656.586     -660.790        4.204   312.7
34.0000        -657.008     -661.172        4.163   309.7
34.0500        -657.136     -660.805        3.669   272.9
34.1000        -657.254     -661.416        4.162   309.6
34.1500        -657.136     -660.956        3.821   284.2
34.2000        -656.880     -660.887        4.007   298.1
34.2500        -656.410     -661.332        4.923   366.2
34.3000        -656.628     -661.185        4.558   339.0
34.3500        -656.302     -661.121        4.819   358.5
34.4000        -656.439     -661.172        4.734   352.1
34.4500        -656.407     -660.595        4.188   311.6
34.5000        -655.977     -660.379        4.402   327.5
34.5500        -656.301     -660.266        3.965   294.9
34.6000        -657.090     -660.805        3.715   276.4
34.6500        -656.974     -661.180        4.205   312.8
34.7000        -657.392     -661.383        3.992   296.9
34.7500        -657.051     -660.893        3.841   285.8
34.8000        -657.401     -661.216        3.814   283.7
34.8500        -657.672     -661.373        3.701   275.3
34.9000        -657.544     -661.573        4.029   299.7
34.9500        -657.341     -661.187        3.846   286.1
35.0000        -656.927     -660.741        3.814   283.7
35.0500        -656.773     -661.178        4.405   327.7
35.1000        -657.227     -661.086        3.860   287.1
35.1500        -657.603     -661.206        3.602   268.0
35.2000        -657.159     -660.929        3.771   280.5
35.2500        -656.702     -660.762        4.061   302.1
35.3000        -656.481     -661.292        4.811   357.9
35.3500        -656.358     -660.873        4.515   335.8
35.4000        -656.463     -660.721        4.258   316.7
35.4500        -656.565     -661.102        4.537   337.5
35.5000        -656.680     -660.748        4.068   302.6
35.5500        -656.484     -660.493        4.009   298.2
35.6000        -657.557     -660.928        3.371   250.8
35.6500        -657.025     -660.895        3.869   287.8
35.7000        -656.655     -660.975        4.319   321.3
35.7500        -656.648     -660.653        4.005   297.9
35.8000        -656.731     -660.436        3.704   275.6
35.8500        -656.813     -661.237        4.423   329.0
35.9000        -656.729     -660.657        3.928   292.2
35.9500        -657.179     -661.152        3.973   295.6
36.0000        -657.136     -661.325        4.189   311.6
36.0500        -657.662     -661.483        3.821   284.3
36.1000        -657.076     -660.882        3.806   283.1
36.1500        -656.278     -660.872        4.594   341.7
36.2000        -656.052     -660.858        4.807   357.5
36.2500        -656.317     -660.269        3.952   294.0
36.3000        -656.381     -660.025        3.644   271.0
36.3500        -656.467     -661.026        4.559   339.1
36.4000        -656.485     -660.741        4.256   316.6
36.4500        -656.495     -661.298        4.802   357.2
36.5000        -655.873     -660.350        4.477   333.0
36.5500        -657.276     -661.490        4.214   313.5
36.6000        -657.605     -661.557        3.952   294.0
36.6500        -656.841     -660.275        3.434   255.5
36.7000        -656.889     -660.895        4.005   297.9
36.7500        -657.161     -660.936        3.776   280.9
36.8000        -656.965     -660.855        3.890   289.4
36.8500        -656.596     -660.821        4.225   314.3
36.9000        -656.617     -661.121        4.504   335.0
36.9500        -656.346     -660.711        4.365   324.7
37.0000        -656.419     -660.723        4.305   320.2
37.0500        -656.508     -660.594        4.086   303.9
37.1000        -657.009     -660.975        3.966   295.0
37.1500        -656.836     -660.621        3.785   281.5
37.2000        -656.399     -660.564        4.165   309.8
37.2500        -656.685     -660.705        4.020   299.0
37.3000        -656.974     -661.012        4.038   300.4
37.3500        -657.176     -661.177        4.001   297.7
37.4000        -657.103     -660.866        3.763   279.9
37.4500        -657.488     -661.688        4.200   312.4
37.5000        -656.690     -660.752        4.062   302.2
37.5500        -657.123     -660.805        3.682   273.9
37.6000        -657.092     -660.861        3.768   280.3
37.6500        -656.762     -660.797        4.035   300.2
37.7000        -656.360     -660.588        4.228   314.5
37.7500        -656.346     -661.166        4.820   358.6
37.8000        -656.880     -660.779        3.899   290.1
37.8500        -656.846     -660.732        3.886   289.1
37.9000        -657.417     -661.209        3.792   282.1
37.9500        -656.768     -660.799        4.031   299.9
38.0000        -657.024     -661.132        4.109   305.6
38.0500        -657.093     -661.346        4.253   316.4
38.1000        -657.224     -661.321        4.097   304.8
38.1500        -656.834     -660.987        4.153   308.9
38.2000        -657.135     -661.271        4.137   307.7
38.2500        -657.515     -661.045        3.530   262.6
38.3000        -656.729     -660.955        4.227   314.4
38.3500        -657.209     -661.332        4.123   306.7
38.4000        -657.283     -661.167        3.884   288.9
38.4500        -656.985     -661.252        4.267   317.4
38.5000        -657.278     -661.307        4.029   299.7
38.5500        -657.452     -661.017        3.565   265.2
38.6000        -657.099     -661.500        4.401   327.3
38.6500        -656.866     -660.985        4.118   306.4
38.7000        -656.714     -660.805        4.092   304.4
38.7500        -657.067     -661.217        4.150   308.7
38.8000        -657.478     -661.487        4.009   298.2
38.8500        -657.414     -661.116        3.702   275.4
38.9000        -656.981     -660.730        3.749   278.9
38.9500        -657.138     -661.279        4.140   308.0
39.0000        -656.993     -661.127        4.134   307.5
39.0500        -657.141     -661.177        4.036   300.2
39.1000        -657.169     -660.895        3.726   277.2
39.1500        -656.777     -660.735        3.959   294.5
39.2000        -657.052     -660.923        3.871   287.9
39.2500        -657.410     -661.209        3.799   282.6
39.3000        -657.360     -661.247        3.887   289.1
39.3500        -656.722     -660.775        4.053   301.5
39.4000        -657.820     -661.523        3.703   275.4
39.4500        -656.554     -661.111        4.557   339.0
39.5000        -656.737     -660.836        4.100   305.0
39.5500        -656.572     -661.018        4.447   330.8
39.6000        -656.887     -661.119        4.232   314.8
39.6500        -656.976     -660.884        3.908   290.7
39.7000        -656.433     -660.645        4.212   313.3
39.7500        -656.223     -660.858        4.635   344.8
39.8000        -656.511     -660.875        4.364   324.6
39.8500        -656.998     -660.923        3.924   291.9
39.9000        -657.339     -661.495        4.156   309.2
39.9500        -657.219     -661.118        3.899   290.1
40.0000        -656.943     -661.253        4.310   320.6
40.0500        -656.503     -660.984        4.481   333.3
40.1000        -657.104     -661.144        4.041   300.6
40.1500        -656.559     -660.918        4.359   324.3
40.2000        -657.451     -661.459        4.007   298.1
40.2500        -657.300     -661.386        4.086   303.9
40.3000        -657.265     -661.349        4.085   303.8
40.3500        -657.513     -661.221        3.709   275.9
40.4000        -657.197     -661.362        4.165   309.8
40.4500        -657.147     -660.911        3.764   280.0
40.5000        -657.620     -661.477        3.857   286.9
40.5500        -657.071     -660.836        3.765   280.1
40.6000        -657.503     -661.425        3.922   291.8
40.6500        -657.024     -661.043        4.019   299.0
40.7000        -656.409     -660.439        4.030   299.8
40.7500        -655.775     -660.265        4.490   334.0
40.8000        -656.209     -660.639        4.431   329.6
40.8500        -656.049     -660.607        4.558   339.1
40.9000        -656.523     -660.776        4.254   316.4
40.9500        -656.996     -660.994        3.999   297.4
41.0000        -657.019     -661.038        4.019   299.0
41.0500        -657.336     -661.230        3.895   289.7
41.1000        -657.243     -661.224        3.981   296.1
41.1500        -657.321     -661.151        3.830   284.9
41.2000        -656.850     -661.316        4.466   332.2
41.2500        -656.623     -660.495        3.872   288.0
41.3000        -656.806     -660.756        3.951   293.9
41.3500        -656.645     -661.118        4.474   332.8
41.4000        -656.512     -660.785        4.273   317.8
41.4500        -656.341     -660.465        4.125   306.8
41.5000        -656.351     -660.616        4.265   317.3
41.5500        -656.846     -660.729        3.883   288.8
41.6000        -656.454     -660.586        4.132   307.4
41.6500        -656.914     -660.935        4.021   299.1
41.7000        -657.196     -661.207        4.011   298.4
41.7500        -656.843     -661.064        4.220   313.9
41.8000        -656.901     -660.818        3.917   291.4
41.8500        -657.103     -660.632        3.529   262.5
41.9000        -656.921     -661.424        4.503   334.9
41.9500        -657.170     -661.156        3.986   296.5
42.0000        -656.763     -660.741        3.978   295.9
42.0500        -656.625     -660.767        4.142   308.1
42.1000        -656.325     -660.353        4.027   299.6
42.1500        -656.851     -661.124        4.273   317.9
42.2000        -656.693     -660.776        4.082   303.7
42.2500        -656.840     -660.960        4.120   306.5
42.3000        -657.385     -661.300        3.915   291.2
42.3500        -657.525     -661.290        3.765   280.1
42.4000        -657.273     -660.682        3.410   253.6
42.4500        -657.217     -661.030        3.813   283.7
42.5000        -657.111     -660.846        3.735   277.8
42.5500        -656.507     -660.655        4.148   308.5
42.6000        -656.539     -660.600        4.061   302.1
42.6500        -656.417     -660.676        4.259   316.8
42.7000        -656.874     -661.077        4.203   312.6
42.7500        -657.026     -660.929        3.903   290.4
42.8000        -657.042     -660.891        3.849   286.3
42.8500        -656.647     -660.765        4.118   306.3
42.9000        -657.024     -660.941        3.917   291.4
42.9500        -656.296     -660.494        4.198   312.3
43.0000        -656.355     -660.949        4.594   341.7
43.0500        -655.966     -660.156        4.190   311.7
43.1000        -655.918     -660.538        4.620   343.7
43.1500        -655.928     -660.092        4.165   309.8
43.2000        -656.181     -660.333        4.152   308.9
43.2500        -655.760     -660.553        4.793   356.5
43.3000        -656.088     -659.944        3.856   286.8
43.3500        -656.654     -660.603        3.948   293.7
43.4000        -657.211     -661.027        3.816   283.9
43.4500        -656.882     -660.603        3.721   276.8
43.5000        -656.618     -660.213        3.595   267.4
43.5500        -656.630     -660.649        4.020   299.0
43.6000        -657.748     -661.270        3.522   262.0
43.6500        -657.652     -661.130        3.479   258.8
43.7000        -657.516     -661.318        3.801   282.8
43.7500        -657.727     -661.467        3.740   278.2
43.8000        -657.981     -661.207        3.226   239.9
43.8500        -657.984     -661.232        3.248   241.6
43.9000        -657.484     -661.103        3.619   269.2
43.9500        -657.287     -660.837        3.550   264.1
44.0000        -657.182     -661.114        3.931   292.5
44.0500        -656.769     -660.888        4.119   306.4
44.1000        -657.131     -660.928        3.797   282.5
44.1500        -657.214     -660.868        3.654   271.8
44.2000        -657.040     -661.113        4.072   302.9
44.2500        -656.898     -660.926        4.028   299.7
44.3000        -656.696     -661.047        4.351   323.6
44.3500        -656.829     -660.815        3.986   296.5
44.4000        -657.153     -661.081        3.928   292.2
44.4500        -657.178     -660.785        3.608   268.4
44.5000        -656.752     -660.728        3.976   295.8
44.5500        -656.574     -660.949        4.375   325.4
44.6000        -657.413     -661.022        3.609   268.5
44.6500        -657.092     -660.669        3.577   266.1
44.7000        -656.826     -660.701        3.875   288.3
44.7500        -656.340     -661.047        4.707   350.2
44.8000        -656.231     -660.747        4.516   336.0
44.8500        -656.456     -660.854        4.397   327.1
44.9000        -657.188     -660.731        3.543   263.5
44.9500        -657.167     -661.037        3.870   287.9
45.0000        -657.296     -661.000        3.703   275.5
45.0500        -657.399     -661.514        4.115   306.1
45.1000        -657.535     -661.306        3.771   280.5
45.1500        -657.353     -661.661        4.307   320.4
45.2000        -656.835     -661.055        4.219   313.8
45.2500        -656.911     -660.735        3.824   284.5
45.3000        -657.034     -660.689        3.655   271.9
45.3500        -656.744     -660.950        4.206   312.9
45.4000        -657.108     -660.660        3.552   264.2
45.4500        -657.207     -660.739        3.532   262.8
45.5000        -657.188     -660.868        3.680   273.8
45.5500        -657.309     -661.049        3.740   278.2
45.6000        -657.226     -661.097        3.871   287.9
45.6500        -657.846     -661.120        3.274   243.5
45.7000        -657.626     -661.552        3.926   292.1
45.7500        -657.755     -661.151        3.397   252.7
45.8000        -657.578     -661.243        3.665   272.6
45.8500        -656.941     -661.063        4.121   306.6
45.9000        -657.023     -660.946        3.923   291.8
45.9500        -656.892     -660.742        3.850   286.4
46.0000        -656.534     -661.003        4.468   332.4
46.0500        -656.473     -660.784        4.311   320.7
46.1000        -656.666     -660.671        4.005   297.9
46.1500        -656.690     -660.659        3.970   295.3
46.2000        -656.667     -660.876        4.209   313.1
46.2500        -657.029     -660.493        3.463   257.6
46.3000        -656.823     -660.894        4.071   302.9
46.3500        -657.428     -661.147        3.720   276.7
46.4000        -657.969     -661.402        3.433   255.4
46.4500        -657.317     -661.083        3.766   280.1
46.5000        -656.657     -660.491        3.834   285.2
46.5500        -657.100     -660.582        3.482   259.0
46.6000        -657.228     -661.417        4.188   311.6
46.6500        -657.062     -661.174        4.111   305.8
46.7000        -657.315     -661.268        3.953   294.0
46.7500        -656.671     -661.378        4.707   350.1
46.8000        -656.558     -660.912        4.354   323.9
46.8500        -657.129     -661.138        4.009   298.2
46.9000        -657.087     -660.628        3.541   263.4
46.9500        -657.451     -661.448        3.997   297.3
47.0000        -657.043     -661.305        4.262   317.0
47.0500        -657.161     -661.021        3.860   287.2
47.1000        -656.771     -660.834        4.063   302.2
47.1500        -657.196     -661.383        4.187   311.5
47.2000        -657.273     -660.681        3.407   253.5
47.2500        -657.706     -661.522        3.816   283.9
47.3000        -657.555     -661.342        3.787   281.7
47.3500        -657.973     -661.771        3.799   282.6
47.4000        -657.694     -661.736        4.042   300.7
47.4500        -657.395     -661.188        3.793   282.2
47.5000        -657.008     -661.130        4.122   306.6
47.5500        -657.172     -661.315        4.143   308.2
47.6000        -656.662     -660.685        4.023   299.3
47.6500        -657.054     -661.405        4.351   323.7
47.7000        -657.399     -661.406        4.007   298.1
47.7500        -657.615     -661.515        3.900   290.1
47.8000        -658.121     -661.796        3.675   273.4
47.8500        -657.939     -661.291        3.353   249.4
47.9000        -657.626     -661.719        4.092   304.4
47.9500        -657.186     -661.014        3.829   284.8
48.0000        -657.076     -661.276        4.199   312.4
48.0500        -657.455     -661.269        3.815   283.8
48.1000        -657.593     -661.592        3.999   297.4
48.1500        -657.772     -661.403        3.630   270.1
48.2000        -657.260     -661.021        3.761   279.8
48.2500        -657.749     -661.469        3.720   276.7
48.3000        -657.241     -661.164        3.923   291.8
48.3500        -657.111     -661.100        3.989   296.7
48.4000        -657.059     -660.854        3.795   282.3
48.4500        -657.426     -661.227        3.801   282.8
48.5000        -657.293     -661.099        3.806   283.2
48.5500        -657.868     -661.460        3.592   267.2
48.6000        -657.475     -661.143        3.667   272.8
48.6500        -658.278     -661.871        3.593   267.2
48.7000        -657.779     -661.652        3.873   288.1
48.7500        -657.019     -661.487        4.468   332.3
48.8000        -657.007     -661.334        4.327   321.9
48.8500        -656.839     -661.041        4.202   312.6
48.9000        -657.250     -660.829        3.579   266.2
48.9500        -657.632     -661.437        3.805   283.1
49.0000        -657.924     -661.425        3.500   260.4
49.0500        -657.393     -661.364        3.970   295.4
49.1000        -657.631     -661.506        3.875   288.3
49.1500        -657.223     -660.851        3.627   269.8
49.2000        -656.892     -661.085        4.192   311.9
49.2500        -656.824     -661.273        4.449   330.9
49.3000        -657.204     -661.076        3.873   288.1
49.3500             nan     -719.881          nan     nan
49.4000             nan     -719.881          nan     nan
49.4500             nan     -719.881          nan     nan
49.5000             nan     -719.881          nan     nan
49.5500             nan     -719.881          nan     nan
49.6000             nan     -719.881          nan     nan
49.6500             nan     -719.881          nan     nan
49.7000             nan     -719.881          nan     nan
49.7500             nan     -719.881          nan     nan
49.8000             nan     -719.881          nan     nan
49.8500             nan     -719.881          nan     nan
49.9000             nan     -719.881          nan     nan
49.9500             nan     -719.881          nan     nan
50.0000             nan     -719.881          nan     nan
50.0500             nan     -719.881          nan     nan
50.1000             nan     -719.881          nan     nan
50.1500             nan     -719.881          nan     nan
50.2000             nan     -719.881          nan     nan
50.2500             nan     -719.881          nan     nan
50.3000             nan     -719.881          nan     nan
50.3500             nan     -719.881          nan     nan
50.4000             nan     -719.881          nan     nan
50.4500             nan     -719.881          nan     nan
50.5000             nan     -719.881          nan     nan
50.5500             nan     -719.881          nan     nan
50.6000             nan     -719.881          nan     nan
50.6500             nan     -719.881          nan     nan
50.7000             nan     -719.881          nan     nan
50.7500             nan     -719.881          nan     nan
50.8000             nan     -719.881          nan     nan
50.8500             nan     -719.881          nan     nan
50.9000             nan     -719.881          nan     nan
50.9500             nan     -719.881          nan     nan
51.0000             nan     -719.881          nan     nan
51.0500             nan     -719.881          nan     nan
51.1000             nan     -719.881          nan     nan
51.1500             nan     -719.881          nan     nan
51.2000             nan     -719.881          nan     nan
51.2500             nan     -719.881          nan     nan
51.3000             nan     -719.881          nan     nan
51.3500             nan     -719.881          nan     nan
51.4000             nan     -719.881          nan     nan
51.4500             nan     -719.881          nan     nan
51.5000             nan     -719.881          nan     nan
51.5500             nan     -719.881          nan     nan
51.6000             nan     -719.881          nan     nan
51.6500             nan     -719.881          nan     nan
51.7000             nan     -719.881          nan     nan
51.7500             nan     -719.881          nan     nan
51.8000             nan     -719.881          nan     nan
51.8500             nan     -719.881          nan     nan
51.9000             nan     -719.881          nan     nan
51.9500             nan     -719.881          nan     nan
52.0000             nan     -719.881          nan     nan
52.0500             nan     -719.881          nan     nan
52.1000             nan     -719.881          nan     nan
52.1500             nan     -719.881          nan     nan
52.2000             nan     -719.881          nan     nan
52.2500             nan     -719.881          nan     nan
52.3000             nan     -719.881          nan     nan
52.3500             nan     -719.881          nan     nan
52.4000             nan     -719.881          nan     nan
52.4500             nan     -719.881          nan     nan
52.5000             nan     -719.881          nan     nan
52.5500             nan     -719.881          nan     nan
52.6000             nan     -719.881          nan     nan
52.6500             nan     -719.881          nan     nan
52.7000             nan     -719.881          nan     nan
52.7500             nan     -719.881          nan     nan
52.8000             nan     -719.881          nan     nan
52.8500             nan     -719.881          nan     nan
52.9000             nan     -719.881          nan     nan
52.9500             nan     -719.881          nan     nan
53.0000             nan     -719.881          nan     nan
53.0500             nan     -719.881          nan     nan
53.1000             nan     -719.881          nan     nan
53.1500             nan     -719.881          nan     nan
53.2000             nan     -719.881          nan     nan
53.2500             nan     -719.881          nan     nan
53.3000             nan     -719.881          nan     nan
53.3500             nan     -719.881          nan     nan
53.4000             nan     -719.881          nan     nan
53.4500             nan     -719.881          nan     nan
53.5000             nan     -719.881          nan     nan
53.5500             nan     -719.881          nan     nan
53.6000             nan     -719.881          nan     nan
53.6500             nan     -719.881          nan     nan
53.7000             nan     -719.881          nan     nan
53.7500             nan     -719.881          nan     nan
53.8000             nan     -719.881          nan     nan
53.8500             nan     -719.881          nan     nan
53.9000             nan     -719.881          nan     nan
53.9500             nan     -719.881          nan     nan
54.0000             nan     -719.881          nan     nan
54.0500             nan     -719.881          nan     nan
54.1000             nan     -719.881          nan     nan
54.1500             nan     -719.881          nan     nan
54.2000             nan     -719.881          nan     nan
54.2500             nan     -719.881          nan     nan
54.3000             nan     -719.881          nan     nan
54.3500             nan     -719.881          nan     nan
54.4000             nan     -719.881          nan     nan
54.4500             nan     -719.881          nan     nan
54.5000             nan     -719.881          nan     nan
54.5500             nan     -719.881          nan     nan
54.6000             nan     -719.881          nan     nan
54.6500             nan     -719.881          nan     nan
54.7000             nan     -719.881          nan     nan
54.7500             nan     -719.881          nan     nan
54.8000             nan     -719.881          nan     nan
54.8500             nan     -719.881          nan     nan
54.9000             nan     -719.881          nan     nan
54.9500             nan     -719.881          nan     nan
55.0000             nan     -719.881          nan     nan
55.0500             nan     -719.881          nan     nan
55.1000             nan     -719.881          nan     nan
55.1500             nan     -719.881          nan     nan
55.2000             nan     -719.881          nan     nan
55.2500             nan     -719.881          nan     nan
55.3000             nan     -719.881          nan     nan
55.3500             nan     -719.881          nan     nan
55.4000             nan     -719.881          nan     nan
55.4500             nan     -719.881          nan     nan
55.5000             nan     -719.881          nan     nan
55.5500             nan     -719.881          nan     nan
55.6000             nan     -719.881          nan     nan
55.6500             nan     -719.881          nan     nan
55.7000             nan     -719.881          nan     nan
55.7500             nan     -719.881          nan     nan
55.8000             nan     -719.881          nan     nan
55.8500             nan     -719.881          nan     nan
55.9000             nan     -719.881          nan     nan
55.9500             nan     -719.881          nan     nan
56.0000             nan     -719.881          nan     nan
56.0500             nan     -719.881          nan     nan
56.1000             nan     -719.881          nan     nan
56.1500             nan     -719.881          nan     nan
56.2000             nan     -719.881          nan     nan
56.2500             nan     -719.881          nan     nan
56.3000             nan     -719.881          nan     nan
56.3500             nan     -719.881          nan     nan
56.4000             nan     -719.881          nan     nan
56.4500             nan     -719.881          nan     nan
56.5000             nan     -719.881          nan     nan
56.5500             nan     -719.881          nan     nan
56.6000             nan     -719.881          nan     nan
56.6500             nan     -719.881          nan     nan
56.7000             nan     -719.881          nan     nan
56.7500             nan     -719.881          nan     nan
56.8000             nan     -719.881          nan     nan
56.8500             nan     -719.881          nan     nan
56.9000             nan     -719.881          nan     nan
56.9500             nan     -719.881          nan     nan
57.0000             nan     -719.881          nan     nan
57.0500             nan     -719.881          nan     nan
57.1000             nan     -719.881          nan     nan
57.1500             nan     -719.881          nan     nan
57.2000             nan     -719.881          nan     nan
57.2500             nan     -719.881          nan     nan
57.3000             nan     -719.881          nan     nan
57.3500             nan     -719.881          nan     nan
57.4000             nan     -719.881          nan     nan
57.4500             nan     -719.881          nan     nan
57.5000             nan     -719.881          nan     nan
57.5500             nan     -719.881          nan     nan
57.6000             nan     -719.881          nan     nan
57.6500             nan     -719.881          nan     nan
57.7000             nan     -719.881          nan     nan
57.7500             nan     -719.881          nan     nan
57.8000             nan     -719.881          nan     nan
57.8500             nan     -719.881          nan     nan
57.9000             nan     -719.881          nan     nan
57.9500             nan     -719.881          nan     nan
58.0000             nan     -719.881          nan     nan
58.0500             nan     -719.881          nan     nan
58.1000             nan     -719.881          nan     nan
58.1500             nan     -719.881          nan     nan
58.2000             nan     -719.881          nan     nan
58.2500             nan     -719.881          nan     nan
58.3000             nan     -719.881          nan     nan
58.3500             nan     -719.881          nan     nan
58.4000             nan     -719.881          nan     nan
58.4500             nan     -719.881          nan     nan
58.5000             nan     -719.881          nan     nan
58.5500             nan     -719.881          nan     nan
58.6000             nan     -719.881          nan     nan
58.6500             nan     -719.881          nan     nan
58.7000             nan     -719.881          nan     nan
58.7500             nan     -719.881          nan     nan
58.8000             nan     -719.881          nan     nan
58.8500             nan     -719.881          nan     nan
58.9000             nan     -719.881          nan     nan
58.9500             nan     -719.881          nan     nan
59.0000             nan     -719.881          nan     nan
59.0500             nan     -719.881          nan     nan
59.1000             nan     -719.881          nan     nan
59.1500             nan     -719.881          nan     nan
59.2000             nan     -719.881          nan     nan
59.2500             nan     -719.881          nan     nan
59.3000             nan     -719.881          nan     nan
59.3500             nan     -719.881          nan     nan
59.4000             nan     -719.881          nan     nan
59.4500             nan     -719.881          nan     nan
59.5000             nan     -719.881          nan     nan
59.5500             nan     -719.881          nan     nan
59.6000             nan     -719.881          nan     nan
59.6500             nan     -719.881          nan     nan
59.7000             nan     -719.881          nan     nan
59.7500             nan     -719.881          nan     nan
59.8000             nan     -719.881          nan     nan
59.8500             nan     -719.881          nan     nan
59.9000             nan     -719.881          nan     nan
59.9500             nan     -719.881          nan     nan
60.0000             nan     -719.881          nan     nan
60.0500             nan     -719.881          nan     nan
60.1000             nan     -719.881          nan     nan
60.1500             nan     -719.881          nan     nan
60.2000             nan     -719.881          nan     nan
60.2500             nan     -719.881          nan     nan
60.3000             nan     -719.881          nan     nan
60.3500             nan     -719.881          nan     nan
60.4000             nan     -719.881          nan     nan
60.4500             nan     -719.881          nan     nan
60.5000             nan     -719.881          nan     nan
60.5500             nan     -719.881          nan     nan
60.6000             nan     -719.881          nan     nan
60.6500             nan     -719.881          nan     nan
60.7000             nan     -719.881          nan     nan
60.7500             nan     -719.881          nan     nan
60.8000             nan     -719.881          nan     nan
60.8500             nan     -719.881          nan     nan
60.9000             nan     -719.881          nan     nan
60.9500             nan     -719.881          nan     nan
61.0000             nan     -719.881          nan     nan
61.0500             nan     -719.881          nan     nan
61.1000             nan     -719.881          nan     nan
61.1500             nan     -719.881          nan     nan
61.2000             nan     -719.881          nan     nan
61.2500             nan     -719.881          nan     nan
61.3000             nan     -719.881          nan     nan
61.3500             nan     -719.881          nan     nan
61.4000             nan     -719.881          nan     nan
61.4500             nan     -719.881          nan     nan
61.5000             nan     -719.881          nan     nan
61.5500             nan     -719.881          nan     nan
61.6000             nan     -719.881          nan     nan
61.6500             nan     -719.881          nan     nan
61.7000             nan     -719.881          nan     nan
61.7500             nan     -719.881          nan     nan
61.8000             nan     -719.881          nan     nan
61.8500             nan     -719.881          nan     nan
61.9000             nan     -719.881          nan     nan
61.9500             nan     -719.881          nan     nan
62.0000             nan     -719.881          nan     nan
62.0500             nan     -719.881          nan     nan
62.1000             nan     -719.881          nan     nan
62.1500             nan     -719.881          nan     nan
62.2000             nan     -719.881          nan     nan
62.2500             nan     -719.881          nan     nan
62.3000             nan     -719.881          nan     nan
62.3500             nan     -719.881          nan     nan
62.4000             nan     -719.881          nan     nan
62.4500             nan     -719.881          nan     nan
62.5000             nan     -719.881          nan     nan
62.5500             nan     -719.881          nan     nan
62.6000             nan     -719.881          nan     nan
62.6500             nan     -719.881          nan     nan
62.7000             nan     -719.881          nan     nan
62.7500             nan     -719.881          nan     nan
62.8000             nan     -719.881          nan     nan
62.8500             nan     -719.881          nan     nan
62.9000             nan     -719.881          nan     nan
62.9500             nan     -719.881          nan     nan
63.0000             nan     -719.881          nan     nan
63.0500             nan     -719.881          nan     nan
63.1000             nan     -719.881          nan     nan
63.1500             nan     -719.881          nan     nan
63.2000             nan     -719.881          nan     nan
63.2500             nan     -719.881          nan     nan
63.3000             nan     -719.881          nan     nan
63.3500             nan     -719.881          nan     nan
63.4000             nan     -719.881          nan     nan
63.4500             nan     -719.881          nan     nan
63.5000             nan     -719.881          nan     nan
63.5500             nan     -719.881          nan     nan
63.6000             nan     -719.881          nan     nan
63.6500             nan     -719.881          nan     nan
63.7000             nan     -719.881          nan     nan
63.7500             nan     -719.881          nan     nan
63.8000             nan     -719.881          nan     nan
63.8500             nan     -719.881          nan     nan
63.9000             nan     -719.881          nan     nan
63.9500             nan     -719.881          nan     nan
64.0000             nan     -719.881          nan     nan
64.0500             nan     -719.881          nan     nan
64.1000             nan     -719.881          nan     nan
64.1500             nan     -719.881          nan     nan
64.2000             nan     -719.881          nan     nan
64.2500             nan     -719.881          nan     nan
64.3000             nan     -719.881          nan     nan
64.3500             nan     -719.881          nan     nan
64.4000             nan     -719.881          nan     nan
64.4500             nan     -719.881          nan     nan
64.5000             nan     -719.881          nan     nan
64.5500             nan     -719.881          nan     nan
64.6000             nan     -719.881          nan     nan
64.6500             nan     -719.881          nan     nan
64.7000             nan     -719.881          nan     nan
64.7500             nan     -719.881          nan     nan
64.8000             nan     -719.881          nan     nan
64.8500             nan     -719.881          nan     nan
64.9000             nan     -719.881          nan     nan
64.9500             nan     -719.881          nan     nan
