#  step      rmse_val    rmse_trn    rmse_e_val  rmse_e_trn    rmse_f_val  rmse_f_trn         lr
      0      3.43e+01    3.29e+01      2.49e-01    2.46e-01      1.08e+00    1.04e+00    1.0e-03
      2      3.25e+01    3.27e+01      1.31e-01    1.30e-01      1.03e+00    1.03e+00    1.0e-03
      4      3.34e+01    3.22e+01      5.07e-02    4.77e-02      1.06e+00    1.02e+00    1.0e-03
      6      3.17e+01    3.17e+01      7.35e-03    8.23e-03      1.00e+00    1.00e+00    1.0e-03
      8      3.11e+01    3.13e+01      2.93e-02    2.87e-02      9.85e-01    9.90e-01    1.0e-03
     10      3.10e+01    3.01e+01      2.65e-02    3.05e-02      9.81e-01    9.51e-01    1.0e-03
     12      2.97e+01    2.94e+01      1.27e-02    1.21e-02      9.38e-01    9.30e-01    1.0e-03
     14      2.88e+01    2.84e+01      1.83e-02    1.68e-02      9.12e-01    8.98e-01    1.0e-03
     16      2.80e+01    2.68e+01      5.46e-02    5.16e-02      8.84e-01    8.47e-01    1.0e-03
     18      2.68e+01    2.62e+01      1.05e-01    1.05e-01      8.47e-01    8.30e-01    1.0e-03
     20      2.63e+01    2.61e+01      2.04e-01    2.04e-01      8.31e-01    8.27e-01    1.0e-03
     22      2.66e+01    2.58e+01      3.90e-01    3.87e-01      8.42e-01    8.16e-01    1.0e-03
     24      2.62e+01    2.54e+01      6.15e-01    6.14e-01      8.28e-01    8.03e-01    1.0e-03
     26      2.53e+01    2.44e+01      8.10e-01    8.10e-01      8.01e-01    7.72e-01    1.0e-03
     28      2.52e+01    2.43e+01      9.28e-01    9.27e-01      7.96e-01    7.68e-01    1.0e-03
     30      2.52e+01    2.46e+01      9.43e-01    9.42e-01      7.96e-01    7.78e-01    1.0e-03
     32      2.49e+01    2.41e+01      8.95e-01    8.95e-01      7.88e-01    7.62e-01    1.0e-03
     34      2.48e+01    2.43e+01      8.08e-01    8.07e-01      7.84e-01    7.67e-01    1.0e-03
     36      2.44e+01    2.39e+01      6.76e-01    6.76e-01      7.72e-01    7.56e-01    1.0e-03
     38      2.45e+01    2.35e+01      5.58e-01    5.56e-01      7.75e-01    7.42e-01    1.0e-03
     40      2.45e+01    2.33e+01      4.76e-01    4.74e-01      7.74e-01    7.37e-01    1.0e-03
     42      2.36e+01    2.35e+01      4.42e-01    4.42e-01      7.46e-01    7.44e-01    1.0e-03
     44      2.37e+01    2.29e+01      4.58e-01    4.56e-01      7.48e-01    7.25e-01    1.0e-03
     46      2.36e+01    2.31e+01      4.57e-01    4.56e-01      7.47e-01    7.31e-01    1.0e-03
     48      2.30e+01    2.27e+01      4.05e-01    4.05e-01      7.26e-01    7.16e-01    1.0e-03
     50      2.37e+01    2.25e+01      3.28e-01    3.26e-01      7.49e-01    7.13e-01    1.0e-03
     52      2.33e+01    2.25e+01      2.73e-01    2.72e-01      7.37e-01    7.12e-01    1.0e-03
     54      2.23e+01    2.19e+01      2.39e-01    2.39e-01      7.06e-01    6.94e-01    1.0e-03
     56      2.24e+01    2.21e+01      2.10e-01    2.09e-01      7.08e-01    6.97e-01    1.0e-03
     58      2.26e+01    2.20e+01      1.88e-01    1.87e-01      7.15e-01    6.94e-01    1.0e-03
     60      2.23e+01    2.16e+01      1.51e-01    1.49e-01      7.05e-01    6.82e-01    1.0e-03
     62      2.23e+01    2.16e+01      1.30e-01    1.29e-01      7.04e-01    6.82e-01    1.0e-03
     64      2.24e+01    2.13e+01      1.36e-01    1.35e-01      7.08e-01    6.72e-01    1.0e-03
     66      2.18e+01    2.13e+01      1.15e-01    1.14e-01      6.90e-01    6.75e-01    1.0e-03
     68      2.24e+01    2.09e+01      1.16e-01    1.14e-01      7.08e-01    6.60e-01    1.0e-03
     70      2.09e+01    2.10e+01      9.86e-02    9.96e-02      6.62e-01    6.65e-01    1.0e-03
     72      2.14e+01    2.08e+01      1.33e-01    1.32e-01      6.76e-01    6.59e-01    1.0e-03
     74      2.10e+01    2.04e+01      1.64e-01    1.64e-01      6.63e-01    6.46e-01    1.0e-03
     76      2.07e+01    2.02e+01      2.00e-01    2.00e-01      6.56e-01    6.40e-01    1.0e-03
     78      2.08e+01    1.97e+01      2.28e-01    2.26e-01      6.57e-01    6.22e-01    1.0e-03
     80      2.03e+01    1.94e+01      2.59e-01    2.59e-01      6.42e-01    6.15e-01    1.0e-03
     82      2.01e+01    1.91e+01      2.80e-01    2.77e-01      6.37e-01    6.03e-01    1.0e-03
     84      1.97e+01    1.90e+01      3.06e-01    3.06e-01      6.24e-01    6.01e-01    1.0e-03
     86      1.95e+01    1.87e+01      3.41e-01    3.38e-01      6.15e-01    5.92e-01    1.0e-03
     88      1.93e+01    1.86e+01      4.22e-01    4.21e-01      6.10e-01    5.89e-01    1.0e-03
     90      1.94e+01    1.83e+01      4.11e-01    4.09e-01      6.13e-01    5.78e-01    1.0e-03
     92      1.92e+01    1.82e+01      3.72e-01    3.71e-01      6.07e-01    5.76e-01    1.0e-03
     94      1.84e+01    1.76e+01      2.84e-01    2.82e-01      5.81e-01    5.55e-01    1.0e-03
     96      1.83e+01    1.71e+01      3.09e-01    3.06e-01      5.79e-01    5.42e-01    1.0e-03
     98      1.76e+01    1.70e+01      3.61e-01    3.61e-01      5.56e-01    5.39e-01    1.0e-03
    100      1.37e+01    1.29e+01      3.33e-01    3.31e-01      5.55e-01    5.23e-01    6.0e-04
    102      1.31e+01    1.28e+01      8.92e-02    8.83e-02      5.33e-01    5.22e-01    6.0e-04
    104      1.32e+01    1.25e+01      1.52e-01    1.54e-01      5.39e-01    5.08e-01    6.0e-04
    106      1.27e+01    1.25e+01      6.59e-02    6.65e-02      5.19e-01    5.11e-01    6.0e-04
    108      1.25e+01    1.20e+01      9.48e-02    9.27e-02      5.11e-01    4.92e-01    6.0e-04
    110      1.24e+01    1.19e+01      1.16e-01    1.16e-01      5.05e-01    4.84e-01    6.0e-04
    112      1.22e+01    1.15e+01      1.36e-02    1.59e-02      4.98e-01    4.72e-01    6.0e-04
    114      1.19e+01    1.16e+01      5.90e-02    5.92e-02      4.84e-01    4.74e-01    6.0e-04
    116      1.16e+01    1.12e+01      1.97e-02    2.04e-02      4.72e-01    4.58e-01    6.0e-04
    118      1.14e+01    1.09e+01      5.93e-02    5.67e-02      4.67e-01    4.45e-01    6.0e-04
    120      1.11e+01    1.09e+01      6.39e-03    7.24e-03      4.54e-01    4.45e-01    6.0e-04
    122      1.08e+01    1.03e+01      3.00e-02    3.09e-02      4.42e-01    4.22e-01    6.0e-04
    124      1.06e+01    1.03e+01      4.42e-03    3.84e-03      4.32e-01    4.21e-01    6.0e-04
    126      1.04e+01    1.02e+01      3.61e-02    3.50e-02      4.25e-01    4.17e-01    6.0e-04
    128      1.01e+01    1.01e+01      2.80e-02    2.75e-02      4.11e-01    4.11e-01    6.0e-04
    130      1.01e+01    9.82e+00      1.95e-02    2.12e-02      4.13e-01    4.01e-01    6.0e-04
    132      9.75e+00    9.55e+00      3.85e-03    4.43e-03      3.98e-01    3.90e-01    6.0e-04
    134      9.71e+00    9.40e+00      4.61e-02    4.45e-02      3.96e-01    3.84e-01    6.0e-04
    136      9.73e+00    9.28e+00      1.89e-02    1.70e-02      3.97e-01    3.79e-01    6.0e-04
    138      9.18e+00    9.26e+00      1.79e-02    1.89e-02      3.75e-01    3.78e-01    6.0e-04
    140      9.06e+00    9.15e+00      2.50e-02    2.45e-02      3.70e-01    3.74e-01    6.0e-04
    142      9.31e+00    8.89e+00      3.76e-02    3.54e-02      3.80e-01    3.63e-01    6.0e-04
    144      9.24e+00    8.87e+00      4.88e-02    4.91e-02      3.77e-01    3.62e-01    6.0e-04
    146      8.81e+00    8.63e+00      4.18e-03    4.09e-03      3.60e-01    3.53e-01    6.0e-04
    148      9.01e+00    8.60e+00      5.31e-02    5.13e-02      3.68e-01    3.51e-01    6.0e-04
    150      8.59e+00    8.56e+00      1.21e-02    1.35e-02      3.51e-01    3.50e-01    6.0e-04
    152      8.54e+00    8.53e+00      2.64e-02    2.71e-02      3.49e-01    3.48e-01    6.0e-04
    154      8.60e+00    8.51e+00      3.22e-02    3.13e-02      3.51e-01    3.48e-01    6.0e-04
    156      8.53e+00    8.42e+00      6.75e-03    5.98e-03      3.48e-01    3.44e-01    6.0e-04
    158      8.27e+00    8.17e+00      4.42e-02    4.52e-02      3.38e-01    3.33e-01    6.0e-04
    160      8.22e+00    8.19e+00      4.68e-03    3.27e-03      3.36e-01    3.35e-01    6.0e-04
    162      8.31e+00    8.08e+00      1.15e-02    1.07e-02      3.39e-01    3.30e-01    6.0e-04
    164      8.03e+00    8.02e+00      2.14e-02    2.24e-02      3.28e-01    3.28e-01    6.0e-04
    166      8.13e+00    8.01e+00      1.62e-02    1.69e-02      3.32e-01    3.27e-01    6.0e-04
    168      7.94e+00    8.02e+00      2.33e-02    2.23e-02      3.24e-01    3.28e-01    6.0e-04
    170      7.95e+00    7.80e+00      1.56e-02    1.56e-02      3.25e-01    3.19e-01    6.0e-04
    172      7.65e+00    7.66e+00      4.46e-03    3.65e-03      3.12e-01    3.13e-01    6.0e-04
    174      7.96e+00    7.87e+00      1.65e-02    1.61e-02      3.25e-01    3.21e-01    6.0e-04
    176      7.73e+00    7.71e+00      3.29e-02    3.22e-02      3.16e-01    3.15e-01    6.0e-04
    178      8.10e+00    8.00e+00      1.17e-01    1.17e-01      3.30e-01    3.26e-01    6.0e-04
    180      7.72e+00    7.73e+00      5.46e-03    6.41e-03      3.15e-01    3.16e-01    6.0e-04
    182      7.61e+00    7.57e+00      2.98e-02    2.95e-02      3.11e-01    3.09e-01    6.0e-04
    184      7.54e+00    7.24e+00      3.66e-02    3.49e-02      3.08e-01    2.96e-01    6.0e-04
    186      7.62e+00    7.49e+00      6.59e-02    6.60e-02      3.11e-01    3.06e-01    6.0e-04
    188      7.64e+00    7.43e+00      5.54e-02    5.27e-02      3.12e-01    3.03e-01    6.0e-04
    190      7.39e+00    7.55e+00      1.67e-02    1.60e-02      3.02e-01    3.09e-01    6.0e-04
    192      7.40e+00    7.44e+00      2.78e-02    2.72e-02      3.02e-01    3.04e-01    6.0e-04
    194      7.43e+00    7.32e+00      7.31e-02    7.35e-02      3.03e-01    2.99e-01    6.0e-04
    196      7.19e+00    7.26e+00      2.18e-02    2.10e-02      2.94e-01    2.97e-01    6.0e-04
    198      7.29e+00    7.22e+00      3.09e-02    3.19e-02      2.98e-01    2.95e-01    6.0e-04
    200      5.52e+00    5.52e+00      1.86e-02    1.75e-02      2.91e-01    2.91e-01    3.6e-04
    202      5.55e+00    5.41e+00      1.67e-02    1.80e-02      2.93e-01    2.85e-01    3.6e-04
    204      5.57e+00    5.53e+00      1.25e-02    1.31e-02      2.94e-01    2.92e-01    3.6e-04
    206      5.35e+00    5.48e+00      1.87e-02    1.81e-02      2.82e-01    2.89e-01    3.6e-04
    208      5.33e+00    5.32e+00      1.61e-02    1.68e-02      2.81e-01    2.81e-01    3.6e-04
    210      5.50e+00    5.45e+00      2.22e-02    2.32e-02      2.90e-01    2.87e-01    3.6e-04
    212      5.30e+00    5.39e+00      2.36e-02    2.28e-02      2.79e-01    2.84e-01    3.6e-04
    214      5.48e+00    5.30e+00      1.19e-02    1.11e-02      2.89e-01    2.80e-01    3.6e-04
    216      5.40e+00    5.40e+00      2.44e-02    2.49e-02      2.85e-01    2.85e-01    3.6e-04
    218      5.36e+00    5.34e+00      9.11e-03    9.68e-03      2.83e-01    2.82e-01    3.6e-04
    220      5.28e+00    5.34e+00      1.09e-02    9.76e-03      2.78e-01    2.82e-01    3.6e-04
    222      5.38e+00    5.30e+00      4.02e-03    3.03e-03      2.84e-01    2.79e-01    3.6e-04
    224      5.38e+00    5.26e+00      2.92e-03    3.35e-03      2.84e-01    2.78e-01    3.6e-04
    226      5.30e+00    5.27e+00      4.28e-03    3.21e-03      2.80e-01    2.78e-01    3.6e-04
    228      5.29e+00    5.19e+00      1.19e-02    1.15e-02      2.79e-01    2.74e-01    3.6e-04
    230      5.29e+00    5.31e+00      4.60e-03    5.82e-03      2.79e-01    2.80e-01    3.6e-04
    232      5.35e+00    5.28e+00      5.85e-03    5.04e-03      2.82e-01    2.79e-01    3.6e-04
    234      5.20e+00    5.25e+00      3.38e-03    2.80e-03      2.74e-01    2.77e-01    3.6e-04
    236      5.23e+00    5.22e+00      7.24e-03    5.82e-03      2.76e-01    2.75e-01    3.6e-04
    238      5.29e+00    5.26e+00      9.08e-03    8.87e-03      2.79e-01    2.78e-01    3.6e-04
    240      5.34e+00    5.17e+00      4.49e-03    5.74e-03      2.82e-01    2.73e-01    3.6e-04
    242      5.11e+00    5.17e+00      5.20e-03    5.56e-03      2.70e-01    2.73e-01    3.6e-04
    244      5.28e+00    5.30e+00      4.76e-03    4.76e-03      2.78e-01    2.79e-01    3.6e-04
    246      5.12e+00    5.23e+00      3.58e-03    2.63e-03      2.70e-01    2.76e-01    3.6e-04
    248      5.20e+00    5.24e+00      4.11e-03    3.34e-03      2.75e-01    2.77e-01    3.6e-04
    250      5.12e+00    5.12e+00      5.55e-03    5.39e-03      2.70e-01    2.70e-01    3.6e-04
    252      5.14e+00    5.18e+00      4.67e-03    3.33e-03      2.71e-01    2.73e-01    3.6e-04
    254      5.16e+00    5.14e+00      3.53e-03    3.07e-03      2.72e-01    2.71e-01    3.6e-04
    256      5.06e+00    5.13e+00      6.32e-03    7.09e-03      2.67e-01    2.71e-01    3.6e-04
    258      5.25e+00    5.15e+00      1.05e-02    9.91e-03      2.77e-01    2.72e-01    3.6e-04
    260      5.09e+00    5.13e+00      4.49e-03    4.82e-03      2.68e-01    2.70e-01    3.6e-04
    262      5.15e+00    5.14e+00      1.13e-02    1.03e-02      2.72e-01    2.71e-01    3.6e-04
    264      5.15e+00    5.21e+00      1.53e-02    1.51e-02      2.72e-01    2.75e-01    3.6e-04
    266      5.07e+00    5.11e+00      1.04e-02    1.06e-02      2.68e-01    2.70e-01    3.6e-04
    268      5.17e+00    5.07e+00      4.96e-03    4.31e-03      2.73e-01    2.67e-01    3.6e-04
    270      4.97e+00    5.09e+00      3.74e-03    2.79e-03      2.62e-01    2.68e-01    3.6e-04
    272      5.03e+00    5.04e+00      1.17e-02    1.16e-02      2.65e-01    2.66e-01    3.6e-04
    274      5.09e+00    5.01e+00      1.36e-02    1.22e-02      2.68e-01    2.64e-01    3.6e-04
    276      5.00e+00    4.98e+00      7.98e-03    9.25e-03      2.64e-01    2.63e-01    3.6e-04
    278      5.10e+00    5.07e+00      6.02e-03    5.51e-03      2.69e-01    2.68e-01    3.6e-04
    280      5.02e+00    4.93e+00      6.94e-03    7.62e-03      2.65e-01    2.60e-01    3.6e-04
    282      4.98e+00    4.98e+00      2.84e-03    2.69e-03      2.63e-01    2.63e-01    3.6e-04
    284      4.94e+00    4.99e+00      1.47e-02    1.33e-02      2.61e-01    2.63e-01    3.6e-04
    286      5.04e+00    4.95e+00      1.98e-02    1.97e-02      2.66e-01    2.61e-01    3.6e-04
    288      4.92e+00    4.91e+00      1.05e-02    9.39e-03      2.60e-01    2.59e-01    3.6e-04
    290      5.03e+00    4.98e+00      4.19e-03    3.78e-03      2.65e-01    2.63e-01    3.6e-04
    292      4.96e+00    5.05e+00      6.86e-03    7.34e-03      2.62e-01    2.67e-01    3.6e-04
    294      4.89e+00    4.87e+00      3.54e-03    2.53e-03      2.58e-01    2.57e-01    3.6e-04
    296      4.87e+00    4.96e+00      3.38e-03    2.99e-03      2.57e-01    2.62e-01    3.6e-04
    298      4.99e+00    4.90e+00      4.11e-03    2.58e-03      2.63e-01    2.58e-01    3.6e-04
    300      3.80e+00    3.82e+00      6.26e-03    5.69e-03      2.59e-01    2.60e-01    2.1e-04
    302      3.82e+00    3.79e+00      4.38e-03    5.24e-03      2.60e-01    2.58e-01    2.1e-04
    304      3.82e+00    3.74e+00      6.44e-03    7.39e-03      2.60e-01    2.55e-01    2.1e-04
    306      3.76e+00    3.84e+00      3.80e-03    3.97e-03      2.56e-01    2.61e-01    2.1e-04
    308      3.70e+00    3.73e+00      9.54e-03    8.44e-03      2.52e-01    2.54e-01    2.1e-04
    310      3.88e+00    3.75e+00      5.03e-03    4.56e-03      2.64e-01    2.56e-01    2.1e-04
    312      3.80e+00    3.78e+00      8.28e-03    9.07e-03      2.59e-01    2.57e-01    2.1e-04
    314      3.80e+00    3.81e+00      3.13e-03    2.46e-03      2.59e-01    2.59e-01    2.1e-04
    316      3.75e+00    3.77e+00      5.68e-03    5.26e-03      2.56e-01    2.57e-01    2.1e-04
    318      3.82e+00    3.81e+00      4.49e-03    3.54e-03      2.60e-01    2.60e-01    2.1e-04
    320      3.83e+00    3.80e+00      4.06e-03    4.00e-03      2.61e-01    2.59e-01    2.1e-04
    322      3.71e+00    3.76e+00      3.29e-03    2.85e-03      2.53e-01    2.56e-01    2.1e-04
    324      3.76e+00    3.77e+00      3.55e-03    2.40e-03      2.56e-01    2.57e-01    2.1e-04
    326      3.78e+00    3.72e+00      3.57e-03    2.79e-03      2.57e-01    2.54e-01    2.1e-04
    328      3.73e+00    3.78e+00      3.65e-03    2.64e-03      2.54e-01    2.57e-01    2.1e-04
    330      3.80e+00    3.78e+00      2.92e-03    2.60e-03      2.59e-01    2.57e-01    2.1e-04
    332      3.68e+00    3.72e+00      3.77e-03    2.53e-03      2.51e-01    2.54e-01    2.1e-04
    334      3.85e+00    3.74e+00      2.68e-03    2.31e-03      2.62e-01    2.55e-01    2.1e-04
    336      3.73e+00    3.75e+00      5.16e-03    4.03e-03      2.54e-01    2.55e-01    2.1e-04
    338      3.74e+00    3.72e+00      2.75e-03    2.34e-03      2.55e-01    2.53e-01    2.1e-04
    340      3.87e+00    3.75e+00      2.88e-03    3.32e-03      2.64e-01    2.55e-01    2.1e-04
    342      3.64e+00    3.68e+00      4.80e-03    4.08e-03      2.48e-01    2.51e-01    2.1e-04
    344      3.69e+00    3.79e+00      3.14e-03    2.46e-03      2.52e-01    2.59e-01    2.1e-04
    346      3.77e+00    3.77e+00      4.61e-03    3.55e-03      2.57e-01    2.57e-01    2.1e-04
    348      3.76e+00    3.78e+00      3.89e-03    2.78e-03      2.56e-01    2.58e-01    2.1e-04
    350      3.71e+00    3.70e+00      3.56e-03    3.93e-03      2.53e-01    2.52e-01    2.1e-04
    352      3.83e+00    3.68e+00      3.87e-03    2.82e-03      2.61e-01    2.50e-01    2.1e-04
    354      3.63e+00    3.71e+00      3.53e-03    2.90e-03      2.47e-01    2.53e-01    2.1e-04
    356      3.76e+00    3.73e+00      4.49e-03    2.97e-03      2.56e-01    2.54e-01    2.1e-04
    358      3.70e+00    3.70e+00      4.75e-03    3.98e-03      2.52e-01    2.52e-01    2.1e-04
    360      3.80e+00    3.69e+00      3.45e-03    2.93e-03      2.59e-01    2.51e-01    2.1e-04
    362      3.63e+00    3.67e+00      4.00e-03    3.29e-03      2.47e-01    2.50e-01    2.1e-04
    364      3.76e+00    3.78e+00      2.88e-03    2.59e-03      2.56e-01    2.57e-01    2.1e-04
    366      3.66e+00    3.74e+00      4.33e-03    3.37e-03      2.50e-01    2.55e-01    2.1e-04
    368      3.66e+00    3.69e+00      3.60e-03    2.72e-03      2.49e-01    2.51e-01    2.1e-04
    370      3.73e+00    3.72e+00      3.05e-03    2.65e-03      2.54e-01    2.54e-01    2.1e-04
    372      3.68e+00    3.63e+00      4.50e-03    3.46e-03      2.51e-01    2.47e-01    2.1e-04
    374      3.69e+00    3.71e+00      3.20e-03    2.68e-03      2.51e-01    2.53e-01    2.1e-04
    376      3.80e+00    3.75e+00      3.28e-03    3.31e-03      2.59e-01    2.55e-01    2.1e-04
    378      3.60e+00    3.72e+00      3.87e-03    2.83e-03      2.45e-01    2.53e-01    2.1e-04
    380      3.69e+00    3.75e+00      3.46e-03    3.80e-03      2.51e-01    2.55e-01    2.1e-04
    382      3.71e+00    3.65e+00      3.61e-03    2.11e-03      2.53e-01    2.49e-01    2.1e-04
    384      3.70e+00    3.64e+00      3.12e-03    2.81e-03      2.52e-01    2.48e-01    2.1e-04
    386      3.67e+00    3.68e+00      4.02e-03    2.61e-03      2.50e-01    2.51e-01    2.1e-04
    388      3.68e+00    3.65e+00      2.88e-03    2.42e-03      2.51e-01    2.49e-01    2.1e-04
    390      3.68e+00    3.64e+00      3.53e-03    3.59e-03      2.51e-01    2.48e-01    2.1e-04
    392      3.65e+00    3.71e+00      3.15e-03    2.35e-03      2.48e-01    2.52e-01    2.1e-04
    394      3.70e+00    3.70e+00      5.58e-03    4.52e-03      2.52e-01    2.52e-01    2.1e-04
    396      3.68e+00    3.66e+00      3.11e-03    2.40e-03      2.50e-01    2.49e-01    2.1e-04
    398      3.69e+00    3.58e+00      5.67e-03    6.43e-03      2.51e-01    2.44e-01    2.1e-04
    400      2.80e+00    2.84e+00      3.59e-03    2.75e-03      2.46e-01    2.49e-01    1.3e-04
    402      2.90e+00    2.83e+00      3.48e-03    2.98e-03      2.55e-01    2.49e-01    1.3e-04
    404      2.83e+00    2.83e+00      5.12e-03    3.89e-03      2.49e-01    2.48e-01    1.3e-04
    406      2.81e+00    2.85e+00      3.09e-03    2.58e-03      2.47e-01    2.51e-01    1.3e-04
    408      2.82e+00    2.83e+00      3.88e-03    3.18e-03      2.48e-01    2.49e-01    1.3e-04
    410      2.81e+00    2.85e+00      3.01e-03    2.42e-03      2.47e-01    2.50e-01    1.3e-04
    412      2.85e+00    2.82e+00      3.34e-03    2.75e-03      2.51e-01    2.48e-01    1.3e-04
    414      2.84e+00    2.83e+00      3.72e-03    2.45e-03      2.50e-01    2.49e-01    1.3e-04
    416      2.80e+00    2.86e+00      2.94e-03    2.50e-03      2.46e-01    2.51e-01    1.3e-04
    418      2.88e+00    2.83e+00      3.66e-03    2.57e-03      2.53e-01    2.49e-01    1.3e-04
    420      2.84e+00    2.83e+00      3.55e-03    3.01e-03      2.49e-01    2.49e-01    1.3e-04
    422      2.79e+00    2.80e+00      3.34e-03    2.33e-03      2.45e-01    2.46e-01    1.3e-04
    424      2.81e+00    2.84e+00      3.59e-03    2.73e-03      2.47e-01    2.49e-01    1.3e-04
    426      2.84e+00    2.82e+00      3.58e-03    2.83e-03      2.50e-01    2.48e-01    1.3e-04
    428      2.80e+00    2.83e+00      3.34e-03    2.47e-03      2.46e-01    2.49e-01    1.3e-04
    430      2.86e+00    2.80e+00      3.35e-03    2.51e-03      2.52e-01    2.46e-01    1.3e-04
    432      2.81e+00    2.81e+00      3.87e-03    3.26e-03      2.47e-01    2.47e-01    1.3e-04
    434      2.83e+00    2.78e+00      2.96e-03    2.53e-03      2.49e-01    2.45e-01    1.3e-04
    436      2.81e+00    2.83e+00      3.36e-03    2.49e-03      2.47e-01    2.49e-01    1.3e-04
    438      2.83e+00    2.84e+00      3.20e-03    2.39e-03      2.49e-01    2.49e-01    1.3e-04
    440      2.87e+00    2.79e+00      3.61e-03    2.62e-03      2.53e-01    2.45e-01    1.3e-04
    442      2.79e+00    2.83e+00      2.79e-03    2.53e-03      2.45e-01    2.48e-01    1.3e-04
    444      2.82e+00    2.81e+00      2.67e-03    2.03e-03      2.48e-01    2.47e-01    1.3e-04
    446      2.79e+00    2.79e+00      3.67e-03    2.27e-03      2.46e-01    2.45e-01    1.3e-04
    448      2.80e+00    2.86e+00      2.98e-03    2.41e-03      2.46e-01    2.51e-01    1.3e-04
    450      2.83e+00    2.86e+00      3.37e-03    2.46e-03      2.49e-01    2.51e-01    1.3e-04
    452      2.85e+00    2.82e+00      2.95e-03    2.29e-03      2.51e-01    2.48e-01    1.3e-04
    454      2.80e+00    2.81e+00      3.80e-03    2.65e-03      2.46e-01    2.47e-01    1.3e-04
    456      2.78e+00    2.86e+00      3.32e-03    2.98e-03      2.44e-01    2.52e-01    1.3e-04
    458      2.86e+00    2.79e+00      3.51e-03    2.29e-03      2.51e-01    2.45e-01    1.3e-04
    460      2.79e+00    2.79e+00      3.48e-03    3.35e-03      2.45e-01    2.45e-01    1.3e-04
    462      2.85e+00    2.83e+00      3.68e-03    2.65e-03      2.51e-01    2.49e-01    1.3e-04
    464      2.78e+00    2.79e+00      3.35e-03    2.35e-03      2.44e-01    2.45e-01    1.3e-04
    466      2.84e+00    2.79e+00      4.04e-03    2.57e-03      2.49e-01    2.45e-01    1.3e-04
    468      2.82e+00    2.84e+00      3.45e-03    2.52e-03      2.48e-01    2.49e-01    1.3e-04
    470      2.82e+00    2.86e+00      2.80e-03    2.40e-03      2.48e-01    2.51e-01    1.3e-04
    472      2.80e+00    2.79e+00      3.15e-03    2.53e-03      2.46e-01    2.45e-01    1.3e-04
    474      2.81e+00    2.79e+00      3.53e-03    2.61e-03      2.47e-01    2.45e-01    1.3e-04
    476      2.79e+00    2.85e+00      3.59e-03    2.76e-03      2.45e-01    2.51e-01    1.3e-04
    478      2.82e+00    2.77e+00      3.24e-03    2.44e-03      2.48e-01    2.43e-01    1.3e-04
    480      2.83e+00    2.74e+00      3.22e-03    2.93e-03      2.49e-01    2.41e-01    1.3e-04
    482      2.79e+00    2.85e+00      3.42e-03    2.30e-03      2.45e-01    2.51e-01    1.3e-04
    484      2.83e+00    2.79e+00      4.16e-03    2.90e-03      2.49e-01    2.45e-01    1.3e-04
    486      2.78e+00    2.78e+00      3.21e-03    2.43e-03      2.44e-01    2.44e-01    1.3e-04
    488      2.80e+00    2.83e+00      3.20e-03    2.71e-03      2.46e-01    2.48e-01    1.3e-04
    490      2.78e+00    2.81e+00      3.64e-03    2.67e-03      2.44e-01    2.47e-01    1.3e-04
    492      2.84e+00    2.81e+00      2.75e-03    2.44e-03      2.50e-01    2.47e-01    1.3e-04
    494      2.75e+00    2.82e+00      4.15e-03    2.74e-03      2.42e-01    2.48e-01    1.3e-04
    496      2.80e+00    2.88e+00      3.60e-03    2.72e-03      2.46e-01    2.53e-01    1.3e-04
    498      2.80e+00    2.81e+00      2.94e-03    2.55e-03      2.46e-01    2.47e-01    1.3e-04
    500      2.20e+00    2.13e+00      3.43e-03    2.60e-03      2.50e-01    2.42e-01    7.7e-05
    502      2.13e+00    2.17e+00      3.33e-03    2.30e-03      2.42e-01    2.46e-01    7.7e-05
    504      2.16e+00    2.19e+00      3.68e-03    2.59e-03      2.44e-01    2.49e-01    7.7e-05
    506      2.18e+00    2.19e+00      3.27e-03    2.62e-03      2.47e-01    2.48e-01    7.7e-05
    508      2.17e+00    2.16e+00      2.67e-03    2.34e-03      2.45e-01    2.45e-01    7.7e-05
    510      2.17e+00    2.15e+00      3.66e-03    2.35e-03      2.46e-01    2.43e-01    7.7e-05
    512      2.20e+00    2.18e+00      3.39e-03    2.31e-03      2.49e-01    2.47e-01    7.7e-05
    514      2.13e+00    2.19e+00      2.63e-03    2.41e-03      2.42e-01    2.49e-01    7.7e-05
    516      2.20e+00    2.15e+00      3.27e-03    2.08e-03      2.49e-01    2.43e-01    7.7e-05
    518      2.13e+00    2.14e+00      3.18e-03    2.00e-03      2.41e-01    2.42e-01    7.7e-05
    520      2.21e+00    2.18e+00      2.95e-03    2.29e-03      2.51e-01    2.47e-01    7.7e-05
    522      2.13e+00    2.18e+00      3.42e-03    2.15e-03      2.41e-01    2.47e-01    7.7e-05
    524      2.12e+00    2.19e+00      3.29e-03    2.35e-03      2.40e-01    2.48e-01    7.7e-05
    526      2.21e+00    2.14e+00      2.84e-03    2.50e-03      2.50e-01    2.42e-01    7.7e-05
    528      2.17e+00    2.17e+00      3.10e-03    2.43e-03      2.46e-01    2.46e-01    7.7e-05
    530      2.15e+00    2.16e+00      3.48e-03    2.07e-03      2.43e-01    2.45e-01    7.7e-05
    532      2.16e+00    2.17e+00      3.02e-03    2.28e-03      2.44e-01    2.46e-01    7.7e-05
    534      2.17e+00    2.17e+00      3.41e-03    2.10e-03      2.46e-01    2.46e-01    7.7e-05
    536      2.19e+00    2.14e+00      3.14e-03    2.37e-03      2.49e-01    2.43e-01    7.7e-05
    538      2.15e+00    2.19e+00      3.22e-03    2.44e-03      2.44e-01    2.48e-01    7.7e-05
    540      2.17e+00    2.15e+00      2.93e-03    1.98e-03      2.46e-01    2.44e-01    7.7e-05
    542      2.17e+00    2.16e+00      3.44e-03    2.23e-03      2.46e-01    2.45e-01    7.7e-05
    544      2.16e+00    2.20e+00      3.23e-03    2.38e-03      2.45e-01    2.49e-01    7.7e-05
    546      2.18e+00    2.15e+00      3.22e-03    2.59e-03      2.47e-01    2.43e-01    7.7e-05
    548      2.16e+00    2.15e+00      2.62e-03    2.26e-03      2.45e-01    2.44e-01    7.7e-05
    550      2.15e+00    2.19e+00      3.48e-03    2.30e-03      2.44e-01    2.48e-01    7.7e-05
    552      2.17e+00    2.19e+00      3.63e-03    2.41e-03      2.46e-01    2.48e-01    7.7e-05
    554      2.17e+00    2.16e+00      2.75e-03    2.37e-03      2.46e-01    2.44e-01    7.7e-05
    556      2.17e+00    2.20e+00      2.88e-03    2.43e-03      2.46e-01    2.49e-01    7.7e-05
    558      2.16e+00    2.18e+00      3.39e-03    2.32e-03      2.45e-01    2.47e-01    7.7e-05
    560      2.16e+00    2.15e+00      2.51e-03    2.06e-03      2.45e-01    2.43e-01    7.7e-05
    562      2.15e+00    2.14e+00      3.60e-03    2.21e-03      2.44e-01    2.42e-01    7.7e-05
    564      2.21e+00    2.13e+00      3.28e-03    2.31e-03      2.50e-01    2.41e-01    7.7e-05
    566      2.11e+00    2.15e+00      2.71e-03    2.45e-03      2.39e-01    2.43e-01    7.7e-05
    568      2.21e+00    2.16e+00      3.21e-03    2.28e-03      2.50e-01    2.44e-01    7.7e-05
    570      2.10e+00    2.16e+00      3.15e-03    2.39e-03      2.38e-01    2.45e-01    7.7e-05
    572      2.18e+00    2.19e+00      3.30e-03    2.13e-03      2.47e-01    2.49e-01    7.7e-05
    574      2.15e+00    2.16e+00      2.94e-03    2.34e-03      2.44e-01    2.45e-01    7.7e-05
    576      2.14e+00    2.17e+00      3.40e-03    2.38e-03      2.43e-01    2.46e-01    7.7e-05
    578      2.19e+00    2.15e+00      3.00e-03    2.18e-03      2.49e-01    2.44e-01    7.7e-05
    580      2.14e+00    2.15e+00      3.26e-03    2.24e-03      2.43e-01    2.43e-01    7.7e-05
    582      2.17e+00    2.20e+00      2.82e-03    1.97e-03      2.46e-01    2.49e-01    7.7e-05
    584      2.10e+00    2.15e+00      2.74e-03    2.29e-03      2.38e-01    2.44e-01    7.7e-05
    586      2.22e+00    2.17e+00      3.91e-03    2.27e-03      2.51e-01    2.46e-01    7.7e-05
    588      2.23e+00    2.17e+00      3.14e-03    2.75e-03      2.52e-01    2.46e-01    7.7e-05
    590      2.08e+00    2.14e+00      3.61e-03    2.11e-03      2.35e-01    2.42e-01    7.7e-05
    592      2.13e+00    2.18e+00      3.31e-03    2.29e-03      2.41e-01    2.47e-01    7.7e-05
    594      2.20e+00    2.16e+00      2.89e-03    2.32e-03      2.49e-01    2.45e-01    7.7e-05
    596      2.12e+00    2.16e+00      2.96e-03    2.17e-03      2.40e-01    2.45e-01    7.7e-05
    598      2.20e+00    2.12e+00      3.37e-03    2.32e-03      2.49e-01    2.41e-01    7.7e-05
    600      1.66e+00    1.67e+00      3.61e-03    2.30e-03      2.42e-01    2.44e-01    4.6e-05
    602      1.69e+00    1.70e+00      2.79e-03    1.98e-03      2.46e-01    2.47e-01    4.6e-05
    604      1.64e+00    1.66e+00      3.42e-03    2.12e-03      2.38e-01    2.42e-01    4.6e-05
    606      1.71e+00    1.68e+00      2.94e-03    2.14e-03      2.49e-01    2.45e-01    4.6e-05
    608      1.69e+00    1.66e+00      2.83e-03    2.18e-03      2.46e-01    2.42e-01    4.6e-05
    610      1.67e+00    1.69e+00      3.45e-03    2.17e-03      2.44e-01    2.46e-01    4.6e-05
    612      1.69e+00    1.68e+00      3.23e-03    2.45e-03      2.47e-01    2.45e-01    4.6e-05
    614      1.67e+00    1.67e+00      3.03e-03    2.21e-03      2.44e-01    2.43e-01    4.6e-05
    616      1.68e+00    1.67e+00      3.05e-03    2.54e-03      2.45e-01    2.43e-01    4.6e-05
    618      1.68e+00    1.68e+00      2.93e-03    2.20e-03      2.44e-01    2.45e-01    4.6e-05
    620      1.65e+00    1.70e+00      3.12e-03    2.21e-03      2.41e-01    2.48e-01    4.6e-05
    622      1.71e+00    1.65e+00      3.15e-03    2.21e-03      2.49e-01    2.41e-01    4.6e-05
    624      1.67e+00    1.67e+00      3.20e-03    2.35e-03      2.43e-01    2.43e-01    4.6e-05
    626      1.68e+00    1.69e+00      3.18e-03    2.17e-03      2.45e-01    2.47e-01    4.6e-05
    628      1.72e+00    1.66e+00      3.45e-03    2.26e-03      2.50e-01    2.41e-01    4.6e-05
    630      1.64e+00    1.68e+00      2.82e-03    2.05e-03      2.38e-01    2.45e-01    4.6e-05
    632      1.66e+00    1.66e+00      3.38e-03    2.19e-03      2.42e-01    2.41e-01    4.6e-05
    634      1.69e+00    1.64e+00      3.03e-03    2.22e-03      2.47e-01    2.40e-01    4.6e-05
    636      1.64e+00    1.68e+00      3.37e-03    2.43e-03      2.39e-01    2.45e-01    4.6e-05
    638      1.70e+00    1.68e+00      2.98e-03    2.38e-03      2.48e-01    2.45e-01    4.6e-05
    640      1.65e+00    1.66e+00      3.07e-03    2.48e-03      2.40e-01    2.42e-01    4.6e-05
    642      1.71e+00    1.68e+00      3.30e-03    2.45e-03      2.50e-01    2.46e-01    4.6e-05
    644      1.64e+00    1.69e+00      3.24e-03    2.19e-03      2.39e-01    2.46e-01    4.6e-05
    646      1.71e+00    1.67e+00      3.12e-03    2.47e-03      2.49e-01    2.43e-01    4.6e-05
    648      1.71e+00    1.69e+00      3.34e-03    2.04e-03      2.49e-01    2.46e-01    4.6e-05
    650      1.64e+00    1.67e+00      2.93e-03    2.44e-03      2.39e-01    2.43e-01    4.6e-05
    652      1.68e+00    1.65e+00      3.31e-03    2.12e-03      2.45e-01    2.41e-01    4.6e-05
    654      1.65e+00    1.70e+00      3.05e-03    2.01e-03      2.41e-01    2.48e-01    4.6e-05
    656      1.68e+00    1.70e+00      3.38e-03    2.00e-03      2.45e-01    2.48e-01    4.6e-05
    658      1.66e+00    1.67e+00      2.79e-03    1.99e-03      2.43e-01    2.44e-01    4.6e-05
    660      1.67e+00    1.66e+00      3.23e-03    2.27e-03      2.43e-01    2.43e-01    4.6e-05
    662      1.67e+00    1.69e+00      2.94e-03    2.27e-03      2.44e-01    2.46e-01    4.6e-05
    664      1.69e+00    1.68e+00      3.01e-03    2.36e-03      2.46e-01    2.45e-01    4.6e-05
    666      1.66e+00    1.66e+00      3.35e-03    2.47e-03      2.42e-01    2.43e-01    4.6e-05
    668      1.67e+00    1.66e+00      3.38e-03    2.55e-03      2.43e-01    2.42e-01    4.6e-05
    670      1.68e+00    1.68e+00      3.01e-03    2.54e-03      2.44e-01    2.45e-01    4.6e-05
    672      1.69e+00    1.66e+00      3.11e-03    2.16e-03      2.46e-01    2.42e-01    4.6e-05
    674      1.66e+00    1.66e+00      3.26e-03    2.03e-03      2.43e-01    2.42e-01    4.6e-05
    676      1.65e+00    1.70e+00      3.30e-03    2.13e-03      2.41e-01    2.47e-01    4.6e-05
    678      1.69e+00    1.68e+00      3.05e-03    2.21e-03      2.46e-01    2.44e-01    4.6e-05
    680      1.69e+00    1.70e+00      3.04e-03    2.41e-03      2.46e-01    2.47e-01    4.6e-05
    682      1.65e+00    1.68e+00      3.20e-03    2.40e-03      2.41e-01    2.45e-01    4.6e-05
    684      1.70e+00    1.65e+00      3.28e-03    2.31e-03      2.48e-01    2.41e-01    4.6e-05
    686      1.64e+00    1.72e+00      3.05e-03    2.20e-03      2.40e-01    2.50e-01    4.6e-05
    688      1.67e+00    1.67e+00      3.03e-03    2.31e-03      2.44e-01    2.43e-01    4.6e-05
    690      1.69e+00    1.66e+00      3.07e-03    2.23e-03      2.46e-01    2.42e-01    4.6e-05
    692      1.63e+00    1.67e+00      3.74e-03    2.44e-03      2.37e-01    2.44e-01    4.6e-05
    694      1.71e+00    1.67e+00      2.54e-03    2.26e-03      2.49e-01    2.43e-01    4.6e-05
    696      1.69e+00    1.66e+00      3.29e-03    2.09e-03      2.46e-01    2.42e-01    4.6e-05
    698      1.66e+00    1.69e+00      3.13e-03    2.31e-03      2.42e-01    2.47e-01    4.6e-05
    700      1.29e+00    1.31e+00      2.84e-03    2.15e-03      2.42e-01    2.46e-01    2.8e-05
    702      1.32e+00    1.30e+00      3.43e-03    2.17e-03      2.46e-01    2.43e-01    2.8e-05
    704      1.32e+00    1.31e+00      2.79e-03    2.14e-03      2.47e-01    2.45e-01    2.8e-05
    706      1.29e+00    1.28e+00      3.42e-03    2.25e-03      2.41e-01    2.40e-01    2.8e-05
    708      1.33e+00    1.29e+00      3.24e-03    2.04e-03      2.49e-01    2.41e-01    2.8e-05
    710      1.28e+00    1.30e+00      3.18e-03    2.23e-03      2.39e-01    2.44e-01    2.8e-05
    712      1.26e+00    1.30e+00      3.27e-03    2.38e-03      2.35e-01    2.43e-01    2.8e-05
    714      1.34e+00    1.29e+00      3.06e-03    2.23e-03      2.51e-01    2.42e-01    2.8e-05
    716      1.28e+00    1.32e+00      3.30e-03    2.41e-03      2.40e-01    2.47e-01    2.8e-05
    718      1.33e+00    1.29e+00      2.98e-03    2.13e-03      2.48e-01    2.40e-01    2.8e-05
    720      1.31e+00    1.31e+00      3.26e-03    2.16e-03      2.46e-01    2.45e-01    2.8e-05
    722      1.29e+00    1.31e+00      2.96e-03    2.34e-03      2.41e-01    2.44e-01    2.8e-05
    724      1.31e+00    1.29e+00      3.30e-03    2.30e-03      2.45e-01    2.42e-01    2.8e-05
    726      1.31e+00    1.31e+00      2.93e-03    2.50e-03      2.44e-01    2.46e-01    2.8e-05
    728      1.27e+00    1.30e+00      3.43e-03    2.40e-03      2.37e-01    2.43e-01    2.8e-05
    730      1.34e+00    1.31e+00      2.85e-03    2.41e-03      2.51e-01    2.46e-01    2.8e-05
    732      1.30e+00    1.31e+00      3.22e-03    2.39e-03      2.44e-01    2.45e-01    2.8e-05
    734      1.31e+00    1.31e+00      3.03e-03    2.19e-03      2.44e-01    2.44e-01    2.8e-05
    736      1.32e+00    1.29e+00      3.20e-03    2.15e-03      2.47e-01    2.42e-01    2.8e-05
    738      1.30e+00    1.33e+00      2.90e-03    2.23e-03      2.42e-01    2.48e-01    2.8e-05
    740      1.30e+00    1.30e+00      3.38e-03    2.05e-03      2.43e-01    2.43e-01    2.8e-05
    742      1.31e+00    1.29e+00      2.89e-03    2.31e-03      2.44e-01    2.42e-01    2.8e-05
    744      1.29e+00    1.30e+00      3.77e-03    2.02e-03      2.41e-01    2.43e-01    2.8e-05
    746      1.32e+00    1.31e+00      2.42e-03    2.36e-03      2.47e-01    2.44e-01    2.8e-05
    748      1.29e+00    1.30e+00      3.06e-03    2.33e-03      2.41e-01    2.43e-01    2.8e-05
    750      1.31e+00    1.30e+00      3.23e-03    2.12e-03      2.45e-01    2.44e-01    2.8e-05
    752      1.29e+00    1.30e+00      2.60e-03    2.44e-03      2.41e-01    2.42e-01    2.8e-05
    754      1.32e+00    1.32e+00      3.52e-03    2.25e-03      2.47e-01    2.46e-01    2.8e-05
    756      1.31e+00    1.28e+00      3.25e-03    2.20e-03      2.45e-01    2.39e-01    2.8e-05
    758      1.28e+00    1.30e+00      3.06e-03    2.22e-03      2.40e-01    2.43e-01    2.8e-05
    760      1.32e+00    1.29e+00      3.25e-03    2.32e-03      2.46e-01    2.41e-01    2.8e-05
    762      1.30e+00    1.29e+00      3.12e-03    2.15e-03      2.43e-01    2.41e-01    2.8e-05
    764      1.32e+00    1.30e+00      3.60e-03    2.03e-03      2.46e-01    2.43e-01    2.8e-05
    766      1.29e+00    1.29e+00      2.52e-03    2.43e-03      2.41e-01    2.41e-01    2.8e-05
    768      1.28e+00    1.30e+00      2.83e-03    2.16e-03      2.40e-01    2.43e-01    2.8e-05
    770      1.32e+00    1.29e+00      3.05e-03    2.12e-03      2.46e-01    2.41e-01    2.8e-05
    772      1.29e+00    1.30e+00      3.36e-03    2.02e-03      2.40e-01    2.42e-01    2.8e-05
    774      1.31e+00    1.30e+00      2.98e-03    1.95e-03      2.46e-01    2.43e-01    2.8e-05
    776      1.29e+00    1.31e+00      3.10e-03    2.18e-03      2.42e-01    2.45e-01    2.8e-05
    778      1.32e+00    1.30e+00      3.26e-03    2.27e-03      2.46e-01    2.44e-01    2.8e-05
    780      1.30e+00    1.31e+00      2.91e-03    2.00e-03      2.43e-01    2.44e-01    2.8e-05
    782      1.31e+00    1.31e+00      3.48e-03    2.45e-03      2.45e-01    2.46e-01    2.8e-05
    784      1.31e+00    1.30e+00      2.85e-03    2.17e-03      2.44e-01    2.44e-01    2.8e-05
    786      1.29e+00    1.33e+00      3.39e-03    2.19e-03      2.42e-01    2.49e-01    2.8e-05
    788      1.29e+00    1.29e+00      2.84e-03    1.99e-03      2.41e-01    2.41e-01    2.8e-05
    790      1.32e+00    1.30e+00      3.40e-03    2.41e-03      2.47e-01    2.43e-01    2.8e-05
    792      1.31e+00    1.31e+00      2.87e-03    2.25e-03      2.44e-01    2.45e-01    2.8e-05
    794      1.28e+00    1.29e+00      3.37e-03    1.99e-03      2.40e-01    2.42e-01    2.8e-05
    796      1.32e+00    1.30e+00      3.07e-03    2.22e-03      2.46e-01    2.44e-01    2.8e-05
    798      1.29e+00    1.28e+00      3.24e-03    2.25e-03      2.41e-01    2.39e-01    2.8e-05
    800      1.03e+00    1.01e+00      3.09e-03    2.38e-03      2.45e-01    2.41e-01    1.7e-05
    802      1.02e+00    1.03e+00      3.07e-03    2.14e-03      2.43e-01    2.46e-01    1.7e-05
    804      1.01e+00    1.00e+00      3.18e-03    2.30e-03      2.42e-01    2.40e-01    1.7e-05
    806      1.03e+00    1.02e+00      3.18e-03    2.26e-03      2.47e-01    2.44e-01    1.7e-05
    808      9.99e-01    1.02e+00      3.28e-03    2.30e-03      2.39e-01    2.44e-01    1.7e-05
    810      1.04e+00    1.02e+00      2.94e-03    2.38e-03      2.48e-01    2.44e-01    1.7e-05
    812      1.01e+00    1.01e+00      2.50e-03    2.28e-03      2.42e-01    2.42e-01    1.7e-05
    814      1.03e+00    1.02e+00      3.62e-03    2.42e-03      2.47e-01    2.43e-01    1.7e-05
    816      1.02e+00    1.02e+00      3.18e-03    2.12e-03      2.44e-01    2.44e-01    1.7e-05
    818      1.02e+00    1.03e+00      3.09e-03    2.20e-03      2.43e-01    2.46e-01    1.7e-05
    820      1.02e+00    1.01e+00      3.36e-03    1.93e-03      2.44e-01    2.41e-01    1.7e-05
    822      1.02e+00    1.01e+00      2.74e-03    2.28e-03      2.44e-01    2.41e-01    1.7e-05
    824      1.02e+00    1.01e+00      2.94e-03    2.11e-03      2.45e-01    2.42e-01    1.7e-05
    826      1.01e+00    1.02e+00      3.11e-03    2.29e-03      2.42e-01    2.45e-01    1.7e-05
    828      1.01e+00    1.01e+00      3.45e-03    2.31e-03      2.42e-01    2.41e-01    1.7e-05
    830      1.03e+00    1.02e+00      2.93e-03    2.15e-03      2.45e-01    2.45e-01    1.7e-05
    832      1.02e+00    1.03e+00      3.37e-03    2.28e-03      2.44e-01    2.46e-01    1.7e-05
    834      1.01e+00    1.01e+00      2.92e-03    2.43e-03      2.42e-01    2.41e-01    1.7e-05
    836      1.02e+00    1.02e+00      2.86e-03    2.17e-03      2.44e-01    2.43e-01    1.7e-05
    838      1.01e+00    1.04e+00      3.14e-03    2.23e-03      2.42e-01    2.48e-01    1.7e-05
    840      1.00e+00    1.01e+00      2.63e-03    2.34e-03      2.40e-01    2.42e-01    1.7e-05
    842      1.03e+00    1.02e+00      3.56e-03    2.51e-03      2.46e-01    2.44e-01    1.7e-05
    844      1.01e+00    1.02e+00      3.13e-03    2.23e-03      2.42e-01    2.43e-01    1.7e-05
    846      1.02e+00    1.01e+00      3.18e-03    2.05e-03      2.43e-01    2.42e-01    1.7e-05
    848      1.01e+00    1.01e+00      2.83e-03    2.48e-03      2.42e-01    2.40e-01    1.7e-05
    850      1.01e+00    1.01e+00      3.52e-03    2.31e-03      2.42e-01    2.42e-01    1.7e-05
    852      1.01e+00    1.02e+00      3.21e-03    2.28e-03      2.40e-01    2.44e-01    1.7e-05
    854      1.03e+00    1.03e+00      3.15e-03    2.38e-03      2.45e-01    2.47e-01    1.7e-05
    856      1.00e+00    1.01e+00      3.11e-03    2.24e-03      2.39e-01    2.41e-01    1.7e-05
    858      1.04e+00    1.01e+00      3.23e-03    2.16e-03      2.48e-01    2.42e-01    1.7e-05
    860      1.03e+00    1.01e+00      2.96e-03    2.46e-03      2.46e-01    2.43e-01    1.7e-05
    862      1.01e+00    1.01e+00      3.41e-03    2.17e-03      2.40e-01    2.41e-01    1.7e-05
    864      9.88e-01    1.03e+00      3.06e-03    2.25e-03      2.36e-01    2.45e-01    1.7e-05
    866      1.05e+00    1.01e+00      3.24e-03    2.25e-03      2.50e-01    2.41e-01    1.7e-05
    868      9.88e-01    1.01e+00      2.92e-03    2.39e-03      2.36e-01    2.41e-01    1.7e-05
    870      1.05e+00    1.01e+00      3.38e-03    2.25e-03      2.51e-01    2.42e-01    1.7e-05
    872      9.99e-01    1.02e+00      3.03e-03    2.30e-03      2.39e-01    2.44e-01    1.7e-05
    874      1.04e+00    1.02e+00      3.36e-03    2.26e-03      2.48e-01    2.44e-01    1.7e-05
    876      1.01e+00    1.04e+00      2.95e-03    2.07e-03      2.42e-01    2.48e-01    1.7e-05
    878      1.02e+00    9.94e-01      3.27e-03    2.37e-03      2.44e-01    2.38e-01    1.7e-05
    880      1.00e+00    1.04e+00      3.05e-03    2.26e-03      2.40e-01    2.47e-01    1.7e-05
    882      1.03e+00    1.03e+00      3.02e-03    2.22e-03      2.46e-01    2.46e-01    1.7e-05
    884      1.03e+00    1.02e+00      3.59e-03    2.07e-03      2.45e-01    2.44e-01    1.7e-05
    886      1.01e+00    1.01e+00      2.75e-03    2.33e-03      2.41e-01    2.41e-01    1.7e-05
    888      1.03e+00    1.02e+00      3.35e-03    2.15e-03      2.45e-01    2.43e-01    1.7e-05
    890      1.02e+00    1.02e+00      2.87e-03    2.27e-03      2.44e-01    2.44e-01    1.7e-05
    892      1.02e+00    1.02e+00      3.53e-03    2.34e-03      2.43e-01    2.43e-01    1.7e-05
    894      1.03e+00    1.01e+00      2.78e-03    2.17e-03      2.46e-01    2.42e-01    1.7e-05
    896      1.02e+00    1.01e+00      3.05e-03    2.38e-03      2.44e-01    2.42e-01    1.7e-05
    898      1.03e+00    1.02e+00      3.07e-03    2.28e-03      2.45e-01    2.43e-01    1.7e-05
    900      7.94e-01    7.97e-01      3.36e-03    2.04e-03      2.40e-01    2.41e-01    9.9e-06
    902      8.09e-01    8.09e-01      2.87e-03    2.32e-03      2.45e-01    2.45e-01    9.9e-06
    904      8.16e-01    8.13e-01      3.09e-03    2.33e-03      2.47e-01    2.46e-01    9.9e-06
    906      7.92e-01    7.90e-01      3.29e-03    2.20e-03      2.40e-01    2.39e-01    9.9e-06
    908      8.07e-01    8.05e-01      3.24e-03    2.56e-03      2.44e-01    2.44e-01    9.9e-06
    910      7.92e-01    8.05e-01      3.15e-03    2.33e-03      2.40e-01    2.44e-01    9.9e-06
    912      7.92e-01    7.93e-01      2.85e-03    2.37e-03      2.40e-01    2.40e-01    9.9e-06
    914      8.21e-01    7.97e-01      3.36e-03    2.35e-03      2.49e-01    2.42e-01    9.9e-06
    916      8.11e-01    8.07e-01      3.27e-03    2.33e-03      2.46e-01    2.45e-01    9.9e-06
    918      7.98e-01    8.06e-01      2.98e-03    2.09e-03      2.42e-01    2.44e-01    9.9e-06
    920      7.99e-01    8.05e-01      3.15e-03    2.09e-03      2.42e-01    2.44e-01    9.9e-06
    922      8.01e-01    8.15e-01      3.24e-03    2.39e-03      2.43e-01    2.47e-01    9.9e-06
    924      8.21e-01    8.12e-01      3.23e-03    2.28e-03      2.49e-01    2.46e-01    9.9e-06
    926      7.87e-01    8.07e-01      2.93e-03    2.01e-03      2.38e-01    2.45e-01    9.9e-06
    928      8.10e-01    8.03e-01      3.34e-03    2.25e-03      2.45e-01    2.43e-01    9.9e-06
    930      8.01e-01    8.11e-01      2.85e-03    2.17e-03      2.43e-01    2.46e-01    9.9e-06
    932      8.00e-01    8.05e-01      3.11e-03    2.28e-03      2.42e-01    2.44e-01    9.9e-06
    934      8.06e-01    8.11e-01      3.21e-03    2.33e-03      2.44e-01    2.46e-01    9.9e-06
    936      8.00e-01    8.01e-01      3.23e-03    2.05e-03      2.42e-01    2.43e-01    9.9e-06
    938      8.02e-01    8.01e-01      3.04e-03    2.37e-03      2.43e-01    2.43e-01    9.9e-06
    940      8.18e-01    7.88e-01      3.52e-03    2.07e-03      2.48e-01    2.39e-01    9.9e-06
    942      7.87e-01    8.01e-01      2.69e-03    2.36e-03      2.38e-01    2.43e-01    9.9e-06
    944      8.08e-01    7.92e-01      3.49e-03    2.23e-03      2.45e-01    2.40e-01    9.9e-06
    946      7.96e-01    8.06e-01      2.87e-03    2.46e-03      2.41e-01    2.44e-01    9.9e-06
    948      7.93e-01    8.06e-01      3.32e-03    1.98e-03      2.40e-01    2.44e-01    9.9e-06
    950      8.18e-01    8.18e-01      3.01e-03    2.29e-03      2.48e-01    2.48e-01    9.9e-06
    952      8.10e-01    8.02e-01      3.59e-03    2.15e-03      2.45e-01    2.43e-01    9.9e-06
    954      8.04e-01    8.07e-01      2.47e-03    2.13e-03      2.43e-01    2.44e-01    9.9e-06
    956      8.06e-01    8.07e-01      2.71e-03    2.22e-03      2.44e-01    2.45e-01    9.9e-06
    958      8.02e-01    7.94e-01      3.59e-03    2.05e-03      2.43e-01    2.41e-01    9.9e-06
    960      8.13e-01    8.10e-01      3.48e-03    2.24e-03      2.46e-01    2.45e-01    9.9e-06
    962      7.91e-01    8.12e-01      2.89e-03    2.40e-03      2.40e-01    2.46e-01    9.9e-06
    964      8.08e-01    8.01e-01      2.74e-03    2.47e-03      2.45e-01    2.43e-01    9.9e-06
    966      7.98e-01    7.89e-01      3.31e-03    2.26e-03      2.42e-01    2.39e-01    9.9e-06
    968      8.20e-01    8.00e-01      2.95e-03    2.00e-03      2.49e-01    2.42e-01    9.9e-06
    970      7.88e-01    8.02e-01      3.40e-03    2.29e-03      2.39e-01    2.43e-01    9.9e-06
    972      7.98e-01    7.98e-01      3.15e-03    2.29e-03      2.42e-01    2.42e-01    9.9e-06
    974      8.05e-01    7.98e-01      2.88e-03    2.02e-03      2.44e-01    2.42e-01    9.9e-06
    976      8.04e-01    8.00e-01      2.40e-03    1.90e-03      2.44e-01    2.42e-01    9.9e-06
    978      7.95e-01    7.96e-01      3.72e-03    2.00e-03      2.41e-01    2.41e-01    9.9e-06
    980      8.18e-01    8.06e-01      3.34e-03    2.29e-03      2.48e-01    2.44e-01    9.9e-06
    982      7.88e-01    8.16e-01      2.93e-03    2.01e-03      2.39e-01    2.47e-01    9.9e-06
    984      7.94e-01    8.00e-01      3.42e-03    2.43e-03      2.41e-01    2.42e-01    9.9e-06
    986      8.07e-01    7.92e-01      2.93e-03    2.38e-03      2.45e-01    2.40e-01    9.9e-06
    988      8.40e-01    8.09e-01      3.15e-03    1.95e-03      2.54e-01    2.45e-01    9.9e-06
    990      7.62e-01    8.00e-01      3.15e-03    2.31e-03      2.31e-01    2.42e-01    9.9e-06
    992      8.10e-01    7.95e-01      3.00e-03    2.18e-03      2.45e-01    2.41e-01    9.9e-06
    994      7.97e-01    7.95e-01      3.36e-03    2.01e-03      2.41e-01    2.41e-01    9.9e-06
    996      7.94e-01    8.03e-01      2.98e-03    2.08e-03      2.41e-01    2.43e-01    9.9e-06
    998      8.05e-01    8.06e-01      3.20e-03    2.29e-03      2.44e-01    2.44e-01    9.9e-06
   1000      6.24e-01    6.30e-01      2.86e-03    2.10e-03      2.37e-01    2.40e-01    5.9e-06
   1002      6.56e-01    6.30e-01      3.27e-03    2.39e-03      2.49e-01    2.39e-01    5.9e-06
   1004      6.37e-01    6.47e-01      2.96e-03    2.23e-03      2.42e-01    2.46e-01    5.9e-06
   1006      6.47e-01    6.38e-01      3.32e-03    2.33e-03      2.46e-01    2.42e-01    5.9e-06
   1008      6.46e-01    6.45e-01      3.49e-03    2.19e-03      2.45e-01    2.45e-01    5.9e-06
   1010      6.37e-01    6.40e-01      2.76e-03    2.29e-03      2.42e-01    2.43e-01    5.9e-06
   1012      6.44e-01    6.46e-01      3.12e-03    2.21e-03      2.45e-01    2.46e-01    5.9e-06
   1014      6.29e-01    6.44e-01      3.22e-03    2.12e-03      2.39e-01    2.45e-01    5.9e-06
   1016      6.48e-01    6.37e-01      3.63e-03    2.05e-03      2.46e-01    2.42e-01    5.9e-06
   1018      6.31e-01    6.50e-01      2.60e-03    2.04e-03      2.40e-01    2.47e-01    5.9e-06
   1020      6.34e-01    6.36e-01      3.64e-03    2.36e-03      2.41e-01    2.42e-01    5.9e-06
   1022      6.52e-01    6.39e-01      2.64e-03    2.36e-03      2.48e-01    2.43e-01    5.9e-06
   1024      6.57e-01    6.40e-01      3.11e-03    2.28e-03      2.50e-01    2.43e-01    5.9e-06
   1026      6.22e-01    6.43e-01      3.06e-03    2.45e-03      2.36e-01    2.44e-01    5.9e-06
   1028      6.54e-01    6.50e-01      2.84e-03    2.33e-03      2.49e-01    2.47e-01    5.9e-06
   1030      6.26e-01    6.37e-01      3.43e-03    2.24e-03      2.38e-01    2.42e-01    5.9e-06
   1032      6.25e-01    6.46e-01      3.00e-03    2.24e-03      2.38e-01    2.45e-01    5.9e-06
   1034      6.58e-01    6.38e-01      3.37e-03    2.30e-03      2.50e-01    2.43e-01    5.9e-06
   1036      6.53e-01    6.39e-01      2.83e-03    2.19e-03      2.48e-01    2.43e-01    5.9e-06
   1038      6.27e-01    6.31e-01      3.52e-03    2.20e-03      2.38e-01    2.40e-01    5.9e-06
   1040      6.31e-01    6.50e-01      2.79e-03    2.21e-03      2.40e-01    2.47e-01    5.9e-06
   1042      6.51e-01    6.43e-01      3.52e-03    2.33e-03      2.47e-01    2.44e-01    5.9e-06
   1044      6.27e-01    6.33e-01      3.39e-03    2.01e-03      2.38e-01    2.40e-01    5.9e-06
   1046      6.53e-01    6.42e-01      2.79e-03    2.46e-03      2.48e-01    2.44e-01    5.9e-06
   1048      6.41e-01    6.34e-01      3.26e-03    2.09e-03      2.44e-01    2.41e-01    5.9e-06
   1050      6.40e-01    6.50e-01      3.14e-03    2.33e-03      2.43e-01    2.47e-01    5.9e-06
   1052      6.48e-01    6.40e-01      3.45e-03    2.35e-03      2.46e-01    2.43e-01    5.9e-06
   1054      6.33e-01    6.36e-01      2.79e-03    2.31e-03      2.41e-01    2.42e-01    5.9e-06
   1056      6.42e-01    6.38e-01      2.83e-03    2.24e-03      2.44e-01    2.43e-01    5.9e-06
   1058      6.44e-01    6.46e-01      3.52e-03    2.41e-03      2.45e-01    2.45e-01    5.9e-06
   1060      6.40e-01    6.35e-01      2.88e-03    2.37e-03      2.43e-01    2.41e-01    5.9e-06
   1062      6.41e-01    6.40e-01      3.34e-03    2.37e-03      2.43e-01    2.43e-01    5.9e-06
   1064      6.44e-01    6.35e-01      3.08e-03    2.08e-03      2.45e-01    2.41e-01    5.9e-06
   1066      6.38e-01    6.44e-01      3.22e-03    2.32e-03      2.42e-01    2.45e-01    5.9e-06
   1068      6.34e-01    6.42e-01      3.23e-03    2.42e-03      2.41e-01    2.44e-01    5.9e-06
   1070      6.46e-01    6.43e-01      3.05e-03    2.29e-03      2.45e-01    2.45e-01    5.9e-06
   1072      6.40e-01    6.36e-01      2.85e-03    2.15e-03      2.43e-01    2.42e-01    5.9e-06
   1074      6.42e-01    6.48e-01      3.03e-03    2.29e-03      2.44e-01    2.46e-01    5.9e-06
   1076      6.36e-01    6.40e-01      3.41e-03    2.16e-03      2.42e-01    2.43e-01    5.9e-06
   1078      6.47e-01    6.31e-01      2.93e-03    2.27e-03      2.46e-01    2.40e-01    5.9e-06
   1080      6.36e-01    6.27e-01      3.56e-03    2.51e-03      2.42e-01    2.38e-01    5.9e-06
   1082      6.47e-01    6.35e-01      2.53e-03    2.54e-03      2.46e-01    2.41e-01    5.9e-06
   1084      6.36e-01    6.39e-01      3.22e-03    2.29e-03      2.42e-01    2.43e-01    5.9e-06
   1086      6.48e-01    6.32e-01      3.11e-03    2.33e-03      2.46e-01    2.40e-01    5.9e-06
   1088      6.53e-01    6.44e-01      3.70e-03    2.12e-03      2.48e-01    2.45e-01    5.9e-06
   1090      6.30e-01    6.42e-01      2.45e-03    2.42e-03      2.39e-01    2.44e-01    5.9e-06
   1092      6.50e-01    6.38e-01      2.84e-03    2.25e-03      2.47e-01    2.42e-01    5.9e-06
   1094      6.33e-01    6.38e-01      3.38e-03    2.35e-03      2.40e-01    2.42e-01    5.9e-06
   1096      6.29e-01    6.37e-01      3.09e-03    2.12e-03      2.39e-01    2.42e-01    5.9e-06
   1098      6.54e-01    6.45e-01      3.29e-03    2.41e-03      2.48e-01    2.45e-01    5.9e-06
   1100      5.11e-01    5.12e-01      3.36e-03    2.33e-03      2.39e-01    2.40e-01    3.5e-06
   1102      5.26e-01    5.23e-01      3.03e-03    2.19e-03      2.47e-01    2.45e-01    3.5e-06
   1104      5.24e-01    5.20e-01      3.17e-03    2.31e-03      2.45e-01    2.44e-01    3.5e-06
   1106      5.21e-01    5.21e-01      3.19e-03    2.36e-03      2.44e-01    2.44e-01    3.5e-06
   1108      5.26e-01    5.14e-01      3.51e-03    2.11e-03      2.46e-01    2.41e-01    3.5e-06
   1110      5.12e-01    5.15e-01      2.82e-03    2.29e-03      2.40e-01    2.41e-01    3.5e-06
   1112      5.09e-01    5.11e-01      2.87e-03    2.02e-03      2.39e-01    2.40e-01    3.5e-06
   1114      5.29e-01    5.14e-01      3.40e-03    2.39e-03      2.48e-01    2.41e-01    3.5e-06
   1116      5.19e-01    5.25e-01      3.43e-03    2.25e-03      2.43e-01    2.46e-01    3.5e-06
   1118      5.15e-01    5.15e-01      2.75e-03    2.30e-03      2.41e-01    2.41e-01    3.5e-06
   1120      5.22e-01    5.15e-01      3.05e-03    2.09e-03      2.45e-01    2.41e-01    3.5e-06
   1122      5.19e-01    5.19e-01      3.07e-03    2.01e-03      2.43e-01    2.43e-01    3.5e-06
   1124      5.32e-01    5.22e-01      2.99e-03    2.46e-03      2.49e-01    2.45e-01    3.5e-06
   1126      5.07e-01    5.20e-01      3.29e-03    2.11e-03      2.37e-01    2.44e-01    3.5e-06
   1128      5.33e-01    5.19e-01      3.38e-03    2.51e-03      2.50e-01    2.43e-01    3.5e-06
   1130      5.11e-01    5.15e-01      2.96e-03    2.48e-03      2.40e-01    2.42e-01    3.5e-06
   1132      5.21e-01    5.15e-01      3.62e-03    2.20e-03      2.44e-01    2.42e-01    3.5e-06
   1134      5.20e-01    5.12e-01      2.64e-03    2.12e-03      2.44e-01    2.40e-01    3.5e-06
   1136      5.17e-01    5.16e-01      2.94e-03    2.34e-03      2.42e-01    2.42e-01    3.5e-06
   1138      5.19e-01    5.15e-01      3.34e-03    2.23e-03      2.43e-01    2.42e-01    3.5e-06
   1140      5.17e-01    5.13e-01      3.06e-03    2.31e-03      2.42e-01    2.41e-01    3.5e-06
   1142      5.18e-01    5.28e-01      3.32e-03    2.40e-03      2.43e-01    2.47e-01    3.5e-06
   1144      5.22e-01    5.23e-01      3.23e-03    2.26e-03      2.45e-01    2.45e-01    3.5e-06
   1146      5.17e-01    5.23e-01      3.12e-03    2.29e-03      2.42e-01    2.45e-01    3.5e-06
   1148      5.26e-01    5.15e-01      3.68e-03    2.09e-03      2.46e-01    2.42e-01    3.5e-06
   1150      5.09e-01    5.22e-01      2.60e-03    2.24e-03      2.39e-01    2.45e-01    3.5e-06
   1152      5.17e-01    5.24e-01      3.24e-03    2.14e-03      2.42e-01    2.45e-01    3.5e-06
   1154      5.12e-01    5.17e-01      3.13e-03    2.30e-03      2.40e-01    2.43e-01    3.5e-06
   1156      5.18e-01    5.18e-01      2.95e-03    2.20e-03      2.43e-01    2.43e-01    3.5e-06
   1158      5.12e-01    5.24e-01      3.30e-03    2.37e-03      2.40e-01    2.46e-01    3.5e-06
   1160      5.27e-01    5.15e-01      2.60e-03    2.20e-03      2.47e-01    2.42e-01    3.5e-06
   1162      5.12e-01    5.16e-01      3.66e-03    2.01e-03      2.40e-01    2.42e-01    3.5e-06
   1164      5.12e-01    5.21e-01      3.45e-03    2.01e-03      2.40e-01    2.44e-01    3.5e-06
   1166      5.25e-01    5.19e-01      2.93e-03    2.45e-03      2.46e-01    2.43e-01    3.5e-06
   1168      5.17e-01    5.16e-01      3.57e-03    2.19e-03      2.42e-01    2.42e-01    3.5e-06
   1170      5.21e-01    5.19e-01      2.64e-03    2.06e-03      2.44e-01    2.43e-01    3.5e-06
   1172      5.23e-01    5.16e-01      2.89e-03    2.50e-03      2.45e-01    2.42e-01    3.5e-06
   1174      5.15e-01    5.18e-01      3.45e-03    2.36e-03      2.41e-01    2.43e-01    3.5e-06
   1176      5.20e-01    5.17e-01      2.92e-03    2.13e-03      2.44e-01    2.42e-01    3.5e-06
   1178      5.17e-01    5.20e-01      3.41e-03    2.55e-03      2.42e-01    2.44e-01    3.5e-06
   1180      5.22e-01    5.20e-01      3.57e-03    2.53e-03      2.44e-01    2.44e-01    3.5e-06
   1182      5.20e-01    5.15e-01      2.78e-03    2.12e-03      2.44e-01    2.41e-01    3.5e-06
   1184      5.17e-01    5.18e-01      2.76e-03    2.43e-03      2.42e-01    2.43e-01    3.5e-06
   1186      5.24e-01    5.21e-01      3.44e-03    1.94e-03      2.45e-01    2.44e-01    3.5e-06
   1188      5.23e-01    5.24e-01      2.80e-03    2.37e-03      2.45e-01    2.46e-01    3.5e-06
   1190      5.10e-01    5.22e-01      3.42e-03    2.36e-03      2.39e-01    2.45e-01    3.5e-06
   1192      5.30e-01    5.13e-01      3.30e-03    1.88e-03      2.48e-01    2.40e-01    3.5e-06
   1194      5.12e-01    5.27e-01      2.90e-03    2.67e-03      2.40e-01    2.47e-01    3.5e-06
   1196      5.20e-01    5.17e-01      3.07e-03    2.20e-03      2.44e-01    2.42e-01    3.5e-06
   1198      5.20e-01    5.23e-01      3.28e-03    2.28e-03      2.44e-01    2.45e-01    3.5e-06
   1200      4.33e-01    4.34e-01      2.72e-03    2.37e-03      2.45e-01    2.46e-01    2.1e-06
   1202      4.26e-01    4.28e-01      3.52e-03    2.07e-03      2.40e-01    2.42e-01    2.1e-06
   1204      4.26e-01    4.28e-01      3.42e-03    2.44e-03      2.41e-01    2.42e-01    2.1e-06
   1206      4.36e-01    4.32e-01      2.70e-03    2.39e-03      2.46e-01    2.44e-01    2.1e-06
   1208      4.23e-01    4.35e-01      3.26e-03    2.27e-03      2.39e-01    2.46e-01    2.1e-06
   1210      4.37e-01    4.30e-01      3.02e-03    2.28e-03      2.47e-01    2.43e-01    2.1e-06
   1212      4.25e-01    4.27e-01      3.06e-03    2.10e-03      2.40e-01    2.42e-01    2.1e-06
   1214      4.36e-01    4.29e-01      3.24e-03    2.53e-03      2.46e-01    2.43e-01    2.1e-06
   1216      4.29e-01    4.33e-01      3.12e-03    2.10e-03      2.43e-01    2.45e-01    2.1e-06
   1218      4.32e-01    4.31e-01      3.12e-03    2.31e-03      2.44e-01    2.44e-01    2.1e-06
   1220      4.29e-01    4.36e-01      3.39e-03    2.33e-03      2.42e-01    2.47e-01    2.1e-06
   1222      4.31e-01    4.30e-01      2.95e-03    2.58e-03      2.44e-01    2.43e-01    2.1e-06
   1224      4.28e-01    4.28e-01      2.91e-03    2.37e-03      2.42e-01    2.42e-01    2.1e-06
   1226      4.35e-01    4.29e-01      3.41e-03    2.23e-03      2.46e-01    2.42e-01    2.1e-06
   1228      4.24e-01    4.33e-01      3.20e-03    2.43e-03      2.39e-01    2.45e-01    2.1e-06
   1230      4.37e-01    4.30e-01      3.16e-03    2.44e-03      2.47e-01    2.43e-01    2.1e-06
   1232      4.35e-01    4.36e-01      3.35e-03    2.15e-03      2.46e-01    2.46e-01    2.1e-06
   1234      4.28e-01    4.23e-01      3.00e-03    2.41e-03      2.42e-01    2.39e-01    2.1e-06
   1236      4.36e-01    4.29e-01      3.04e-03    2.12e-03      2.46e-01    2.43e-01    2.1e-06
   1238      4.28e-01    4.29e-01      3.06e-03    2.57e-03      2.42e-01    2.43e-01    2.1e-06
   1240      4.33e-01    4.33e-01      3.02e-03    2.50e-03      2.45e-01    2.45e-01    2.1e-06
   1242      4.31e-01    4.32e-01      3.31e-03    2.16e-03      2.43e-01    2.44e-01    2.1e-06
   1244      4.30e-01    4.29e-01      2.98e-03    2.13e-03      2.43e-01    2.43e-01    2.1e-06
   1246      4.34e-01    4.30e-01      3.08e-03    2.44e-03      2.45e-01    2.43e-01    2.1e-06
   1248      4.36e-01    4.24e-01      3.20e-03    2.24e-03      2.46e-01    2.40e-01    2.1e-06
   1250      4.29e-01    4.25e-01      3.16e-03    2.39e-03      2.43e-01    2.40e-01    2.1e-06
   1252      4.24e-01    4.34e-01      3.10e-03    2.29e-03      2.39e-01    2.46e-01    2.1e-06
   1254      4.35e-01    4.32e-01      3.26e-03    2.24e-03      2.46e-01    2.44e-01    2.1e-06
   1256      4.34e-01    4.29e-01      2.96e-03    2.26e-03      2.45e-01    2.43e-01    2.1e-06
   1258      4.30e-01    4.33e-01      3.37e-03    2.31e-03      2.43e-01    2.45e-01    2.1e-06
   1260      4.28e-01    4.25e-01      3.32e-03    2.26e-03      2.42e-01    2.40e-01    2.1e-06
   1262      4.35e-01    4.25e-01      2.99e-03    1.80e-03      2.46e-01    2.40e-01    2.1e-06
   1264      4.34e-01    4.32e-01      3.15e-03    2.23e-03      2.45e-01    2.44e-01    2.1e-06
   1266      4.27e-01    4.37e-01      3.02e-03    2.57e-03      2.41e-01    2.47e-01    2.1e-06
   1268      4.35e-01    4.31e-01      2.94e-03    2.14e-03      2.46e-01    2.44e-01    2.1e-06
   1270      4.26e-01    4.35e-01      3.32e-03    2.34e-03      2.41e-01    2.46e-01    2.1e-06
   1272      4.41e-01    4.31e-01      2.67e-03    2.12e-03      2.49e-01    2.44e-01    2.1e-06
   1274      4.19e-01    4.28e-01      3.22e-03    2.39e-03      2.37e-01    2.42e-01    2.1e-06
   1276      4.28e-01    4.32e-01      3.10e-03    2.42e-03      2.42e-01    2.44e-01    2.1e-06
   1278      4.32e-01    4.37e-01      3.16e-03    2.02e-03      2.44e-01    2.47e-01    2.1e-06
   1280      4.28e-01    4.37e-01      3.12e-03    2.33e-03      2.42e-01    2.47e-01    2.1e-06
   1282      4.33e-01    4.34e-01      3.13e-03    2.27e-03      2.45e-01    2.46e-01    2.1e-06
   1284      4.23e-01    4.22e-01      2.95e-03    1.94e-03      2.39e-01    2.39e-01    2.1e-06
   1286      4.38e-01    4.36e-01      3.20e-03    2.29e-03      2.47e-01    2.47e-01    2.1e-06
   1288      4.21e-01    4.36e-01      3.18e-03    2.39e-03      2.38e-01    2.46e-01    2.1e-06
   1290      4.38e-01    4.35e-01      3.19e-03    2.17e-03      2.47e-01    2.46e-01    2.1e-06
   1292      4.35e-01    4.26e-01      3.23e-03    2.04e-03      2.46e-01    2.41e-01    2.1e-06
   1294      4.23e-01    4.33e-01      3.04e-03    2.29e-03      2.39e-01    2.45e-01    2.1e-06
   1296      4.17e-01    4.31e-01      2.96e-03    2.12e-03      2.36e-01    2.44e-01    2.1e-06
   1298      4.42e-01    4.32e-01      3.41e-03    2.03e-03      2.50e-01    2.44e-01    2.1e-06
   1300      3.72e-01    3.70e-01      3.18e-03    2.26e-03      2.46e-01    2.46e-01    1.3e-06
   1302      3.66e-01    3.71e-01      3.09e-03    2.20e-03      2.42e-01    2.46e-01    1.3e-06
   1304      3.64e-01    3.69e-01      2.52e-03    2.33e-03      2.41e-01    2.44e-01    1.3e-06
   1306      3.72e-01    3.67e-01      3.55e-03    2.48e-03      2.46e-01    2.43e-01    1.3e-06
   1308      3.61e-01    3.58e-01      3.30e-03    2.24e-03      2.39e-01    2.38e-01    1.3e-06
   1310      3.74e-01    3.71e-01      2.95e-03    2.27e-03      2.48e-01    2.46e-01    1.3e-06
   1312      3.64e-01    3.68e-01      3.42e-03    2.37e-03      2.41e-01    2.44e-01    1.3e-06
   1314      3.74e-01    3.67e-01      2.92e-03    2.37e-03      2.47e-01    2.43e-01    1.3e-06
   1316      3.61e-01    3.67e-01      3.56e-03    2.04e-03      2.39e-01    2.44e-01    1.3e-06
   1318      3.76e-01    3.72e-01      2.77e-03    2.05e-03      2.49e-01    2.47e-01    1.3e-06
   1320      3.69e-01    3.71e-01      2.99e-03    2.03e-03      2.45e-01    2.46e-01    1.3e-06
   1322      3.62e-01    3.72e-01      3.27e-03    2.11e-03      2.40e-01    2.46e-01    1.3e-06
   1324      3.65e-01    3.68e-01      3.42e-03    2.24e-03      2.41e-01    2.44e-01    1.3e-06
   1326      3.69e-01    3.75e-01      2.50e-03    2.45e-03      2.44e-01    2.48e-01    1.3e-06
   1328      3.62e-01    3.69e-01      3.00e-03    2.40e-03      2.40e-01    2.44e-01    1.3e-06
   1330      3.71e-01    3.64e-01      3.27e-03    2.17e-03      2.46e-01    2.42e-01    1.3e-06
   1332      3.71e-01    3.64e-01      3.23e-03    2.36e-03      2.45e-01    2.41e-01    1.3e-06
   1334      3.66e-01    3.67e-01      2.84e-03    2.34e-03      2.42e-01    2.43e-01    1.3e-06
   1336      3.64e-01    3.73e-01      3.03e-03    2.22e-03      2.41e-01    2.47e-01    1.3e-06
   1338      3.68e-01    3.61e-01      3.33e-03    2.28e-03      2.44e-01    2.39e-01    1.3e-06
   1340      3.73e-01    3.64e-01      3.41e-03    2.36e-03      2.47e-01    2.41e-01    1.3e-06
   1342      3.62e-01    3.73e-01      2.98e-03    2.12e-03      2.40e-01    2.47e-01    1.3e-06
   1344      3.63e-01    3.71e-01      2.74e-03    2.22e-03      2.41e-01    2.46e-01    1.3e-06
   1346      3.74e-01    3.63e-01      3.54e-03    2.32e-03      2.47e-01    2.41e-01    1.3e-06
   1348      3.65e-01    3.72e-01      2.96e-03    2.40e-03      2.42e-01    2.47e-01    1.3e-06
   1350      3.67e-01    3.72e-01      3.30e-03    2.42e-03      2.43e-01    2.46e-01    1.3e-06
   1352      3.73e-01    3.66e-01      2.74e-03    2.30e-03      2.47e-01    2.43e-01    1.3e-06
   1354      3.64e-01    3.62e-01      3.53e-03    2.42e-03      2.41e-01    2.40e-01    1.3e-06
   1356      3.62e-01    3.73e-01      3.24e-03    2.23e-03      2.40e-01    2.48e-01    1.3e-06
   1358      3.72e-01    3.65e-01      3.02e-03    2.05e-03      2.47e-01    2.42e-01    1.3e-06
   1360      3.67e-01    3.63e-01      3.52e-03    2.32e-03      2.43e-01    2.41e-01    1.3e-06
   1362      3.68e-01    3.65e-01      2.82e-03    2.41e-03      2.43e-01    2.42e-01    1.3e-06
   1364      3.69e-01    3.65e-01      3.17e-03    2.17e-03      2.45e-01    2.42e-01    1.3e-06
   1366      3.66e-01    3.66e-01      3.05e-03    2.22e-03      2.43e-01    2.43e-01    1.3e-06
   1368      3.63e-01    3.66e-01      3.14e-03    2.24e-03      2.41e-01    2.42e-01    1.3e-06
   1370      3.75e-01    3.69e-01      3.04e-03    2.33e-03      2.48e-01    2.45e-01    1.3e-06
   1372      3.63e-01    3.69e-01      3.17e-03    2.52e-03      2.40e-01    2.45e-01    1.3e-06
   1374      3.73e-01    3.63e-01      3.13e-03    2.28e-03      2.47e-01    2.41e-01    1.3e-06
   1376      3.72e-01    3.69e-01      3.27e-03    2.42e-03      2.46e-01    2.45e-01    1.3e-06
   1378      3.66e-01    3.70e-01      2.89e-03    2.29e-03      2.42e-01    2.45e-01    1.3e-06
   1380      3.71e-01    3.60e-01      3.03e-03    2.22e-03      2.46e-01    2.39e-01    1.3e-06
   1382      3.65e-01    3.66e-01      3.27e-03    2.28e-03      2.41e-01    2.43e-01    1.3e-06
   1384      3.68e-01    3.66e-01      3.08e-03    2.53e-03      2.44e-01    2.43e-01    1.3e-06
   1386      3.67e-01    3.67e-01      3.30e-03    2.29e-03      2.43e-01    2.43e-01    1.3e-06
   1388      3.71e-01    3.67e-01      3.05e-03    2.03e-03      2.46e-01    2.43e-01    1.3e-06
   1390      3.65e-01    3.65e-01      3.33e-03    2.04e-03      2.42e-01    2.42e-01    1.3e-06
   1392      3.74e-01    3.63e-01      2.99e-03    2.15e-03      2.48e-01    2.41e-01    1.3e-06
   1394      3.59e-01    3.66e-01      3.25e-03    2.58e-03      2.37e-01    2.42e-01    1.3e-06
   1396      3.60e-01    3.69e-01      3.35e-03    2.45e-03      2.38e-01    2.45e-01    1.3e-06
   1398      3.75e-01    3.70e-01      2.83e-03    2.36e-03      2.48e-01    2.46e-01    1.3e-06
   1400      3.25e-01    3.24e-01      3.15e-03    2.37e-03      2.44e-01    2.44e-01    7.6e-07
   1402      3.22e-01    3.21e-01      3.11e-03    2.41e-03      2.42e-01    2.41e-01    7.6e-07
   1404      3.17e-01    3.25e-01      3.24e-03    2.34e-03      2.38e-01    2.45e-01    7.6e-07
   1406      3.27e-01    3.24e-01      3.15e-03    2.31e-03      2.46e-01    2.44e-01    7.6e-07
   1408      3.12e-01    3.21e-01      3.03e-03    1.89e-03      2.35e-01    2.41e-01    7.6e-07
   1410      3.32e-01    3.20e-01      3.34e-03    2.26e-03      2.49e-01    2.41e-01    7.6e-07
   1412      3.30e-01    3.26e-01      2.69e-03    2.32e-03      2.48e-01    2.45e-01    7.6e-07
   1414      3.18e-01    3.27e-01      3.26e-03    2.39e-03      2.39e-01    2.46e-01    7.6e-07
   1416      3.21e-01    3.26e-01      3.40e-03    2.37e-03      2.41e-01    2.46e-01    7.6e-07
   1418      3.27e-01    3.18e-01      2.82e-03    1.96e-03      2.46e-01    2.40e-01    7.6e-07
   1420      3.25e-01    3.23e-01      2.96e-03    2.18e-03      2.45e-01    2.43e-01    7.6e-07
   1422      3.24e-01    3.23e-01      3.42e-03    2.20e-03      2.44e-01    2.43e-01    7.6e-07
   1424      3.32e-01    3.26e-01      3.20e-03    2.27e-03      2.49e-01    2.45e-01    7.6e-07
   1426      3.19e-01    3.29e-01      3.02e-03    2.17e-03      2.40e-01    2.47e-01    7.6e-07
   1428      3.19e-01    3.27e-01      2.76e-03    2.14e-03      2.40e-01    2.46e-01    7.6e-07
   1430      3.28e-01    3.22e-01      3.58e-03    2.31e-03      2.46e-01    2.42e-01    7.6e-07
   1432      3.21e-01    3.24e-01      2.89e-03    2.27e-03      2.41e-01    2.44e-01    7.6e-07
   1434      3.26e-01    3.21e-01      3.45e-03    1.98e-03      2.45e-01    2.41e-01    7.6e-07
   1436      3.28e-01    3.20e-01      3.62e-03    2.02e-03      2.46e-01    2.41e-01    7.6e-07
   1438      3.21e-01    3.26e-01      2.61e-03    2.30e-03      2.42e-01    2.45e-01    7.6e-07
   1440      3.23e-01    3.22e-01      3.10e-03    2.31e-03      2.43e-01    2.42e-01    7.6e-07
   1442      3.26e-01    3.23e-01      3.21e-03    2.24e-03      2.45e-01    2.43e-01    7.6e-07
   1444      3.24e-01    3.25e-01      3.39e-03    2.12e-03      2.43e-01    2.45e-01    7.6e-07
   1446      3.26e-01    3.27e-01      2.91e-03    2.34e-03      2.45e-01    2.46e-01    7.6e-07
   1448      3.23e-01    3.23e-01      2.93e-03    2.45e-03      2.43e-01    2.43e-01    7.6e-07
   1450      3.26e-01    3.19e-01      3.32e-03    2.15e-03      2.45e-01    2.40e-01    7.6e-07
   1452      3.24e-01    3.22e-01      3.08e-03    2.29e-03      2.43e-01    2.42e-01    7.6e-07
   1454      3.24e-01    3.24e-01      3.25e-03    1.96e-03      2.43e-01    2.44e-01    7.6e-07
   1456      3.26e-01    3.24e-01      2.87e-03    2.31e-03      2.45e-01    2.44e-01    7.6e-07
   1458      3.22e-01    3.23e-01      3.38e-03    2.29e-03      2.42e-01    2.43e-01    7.6e-07
   1460      3.19e-01    3.21e-01      3.18e-03    2.42e-03      2.40e-01    2.42e-01    7.6e-07
   1462      3.26e-01    3.24e-01      3.18e-03    2.29e-03      2.45e-01    2.44e-01    7.6e-07
   1464      3.21e-01    3.22e-01      3.13e-03    1.97e-03      2.41e-01    2.42e-01    7.6e-07
   1466      3.27e-01    3.18e-01      3.22e-03    2.16e-03      2.45e-01    2.40e-01    7.6e-07
   1468      3.24e-01    3.23e-01      3.34e-03    2.35e-03      2.43e-01    2.43e-01    7.6e-07
   1470      3.25e-01    3.17e-01      2.71e-03    2.37e-03      2.44e-01    2.39e-01    7.6e-07
   1472      3.24e-01    3.20e-01      2.85e-03    2.41e-03      2.44e-01    2.41e-01    7.6e-07
   1474      3.23e-01    3.23e-01      3.51e-03    2.26e-03      2.43e-01    2.43e-01    7.6e-07
   1476      3.22e-01    3.17e-01      3.36e-03    2.29e-03      2.42e-01    2.39e-01    7.6e-07
   1478      3.24e-01    3.24e-01      3.01e-03    2.18e-03      2.44e-01    2.44e-01    7.6e-07
   1480      3.21e-01    3.23e-01      2.94e-03    1.97e-03      2.41e-01    2.43e-01    7.6e-07
   1482      3.27e-01    3.19e-01      3.22e-03    1.96e-03      2.46e-01    2.40e-01    7.6e-07
   1484      3.20e-01    3.25e-01      2.73e-03    2.47e-03      2.41e-01    2.44e-01    7.6e-07
   1486      3.26e-01    3.24e-01      3.52e-03    2.51e-03      2.45e-01    2.43e-01    7.6e-07
   1488      3.23e-01    3.19e-01      3.26e-03    2.06e-03      2.42e-01    2.40e-01    7.6e-07
   1490      3.25e-01    3.28e-01      3.10e-03    2.40e-03      2.44e-01    2.46e-01    7.6e-07
   1492      3.21e-01    3.20e-01      2.89e-03    2.34e-03      2.41e-01    2.41e-01    7.6e-07
   1494      3.26e-01    3.24e-01      3.40e-03    2.54e-03      2.45e-01    2.44e-01    7.6e-07
   1496      3.28e-01    3.19e-01      2.93e-03    2.15e-03      2.46e-01    2.40e-01    7.6e-07
   1498      3.20e-01    3.23e-01      3.35e-03    2.33e-03      2.41e-01    2.43e-01    7.6e-07
   1500      2.93e-01    2.97e-01      3.30e-03    2.36e-03      2.42e-01    2.46e-01    4.6e-07
   1502      2.98e-01    2.97e-01      3.00e-03    2.42e-03      2.46e-01    2.46e-01    4.6e-07
   1504      2.95e-01    2.96e-01      3.25e-03    2.58e-03      2.43e-01    2.45e-01    4.6e-07
   1506      2.97e-01    2.98e-01      3.10e-03    2.27e-03      2.45e-01    2.47e-01    4.6e-07
   1508      2.99e-01    2.95e-01      2.95e-03    2.28e-03      2.47e-01    2.44e-01    4.6e-07
   1510      2.91e-01    2.92e-01      3.43e-03    2.26e-03      2.40e-01    2.41e-01    4.6e-07
   1512      2.95e-01    2.95e-01      3.44e-03    2.19e-03      2.44e-01    2.44e-01    4.6e-07
   1514      2.95e-01    2.95e-01      2.88e-03    2.19e-03      2.44e-01    2.44e-01    4.6e-07
   1516      2.98e-01    2.98e-01      3.25e-03    2.35e-03      2.46e-01    2.46e-01    4.6e-07
   1518      2.93e-01    2.92e-01      3.11e-03    2.15e-03      2.42e-01    2.42e-01    4.6e-07
   1520      2.92e-01    2.95e-01      2.75e-03    2.14e-03      2.41e-01    2.44e-01    4.6e-07
   1522      2.96e-01    2.91e-01      3.38e-03    2.15e-03      2.44e-01    2.41e-01    4.6e-07
   1524      3.01e-01    2.95e-01      3.07e-03    2.30e-03      2.49e-01    2.44e-01    4.6e-07
   1526      2.87e-01    2.93e-01      2.92e-03    2.45e-03      2.37e-01    2.42e-01    4.6e-07
   1528      2.96e-01    2.98e-01      3.12e-03    2.32e-03      2.45e-01    2.47e-01    4.6e-07
   1530      2.95e-01    2.94e-01      3.16e-03    2.33e-03      2.43e-01    2.44e-01    4.6e-07
   1532      2.97e-01    2.93e-01      2.89e-03    2.34e-03      2.45e-01    2.42e-01    4.6e-07
   1534      2.90e-01    3.01e-01      3.37e-03    2.45e-03      2.39e-01    2.49e-01    4.6e-07
   1536      2.96e-01    2.94e-01      3.03e-03    2.52e-03      2.45e-01    2.43e-01    4.6e-07
   1538      2.91e-01    2.95e-01      2.83e-03    2.32e-03      2.40e-01    2.44e-01    4.6e-07
   1540      2.90e-01    2.97e-01      2.95e-03    2.35e-03      2.40e-01    2.46e-01    4.6e-07
   1542      2.98e-01    2.93e-01      3.18e-03    2.38e-03      2.46e-01    2.43e-01    4.6e-07
   1544      2.91e-01    2.91e-01      3.51e-03    2.42e-03      2.40e-01    2.40e-01    4.6e-07
   1546      2.99e-01    2.95e-01      2.85e-03    2.25e-03      2.47e-01    2.44e-01    4.6e-07
   1548      2.94e-01    2.92e-01      3.48e-03    2.31e-03      2.43e-01    2.42e-01    4.6e-07
   1550      2.96e-01    2.95e-01      2.72e-03    2.41e-03      2.45e-01    2.44e-01    4.6e-07
   1552      2.93e-01    2.93e-01      3.06e-03    2.24e-03      2.42e-01    2.43e-01    4.6e-07
   1554      2.95e-01    2.96e-01      3.30e-03    2.22e-03      2.44e-01    2.45e-01    4.6e-07
   1556      2.98e-01    2.97e-01      3.35e-03    2.22e-03      2.46e-01    2.45e-01    4.6e-07
   1558      2.92e-01    2.93e-01      2.96e-03    2.25e-03      2.41e-01    2.42e-01    4.6e-07
   1560      2.91e-01    2.95e-01      3.16e-03    2.19e-03      2.41e-01    2.44e-01    4.6e-07
   1562      2.97e-01    2.93e-01      3.21e-03    2.35e-03      2.45e-01    2.43e-01    4.6e-07
   1564      2.95e-01    2.99e-01      3.02e-03    2.42e-03      2.44e-01    2.47e-01    4.6e-07
   1566      2.95e-01    2.97e-01      3.36e-03    2.14e-03      2.44e-01    2.46e-01    4.6e-07
   1568      2.91e-01    2.93e-01      3.45e-03    2.24e-03      2.40e-01    2.42e-01    4.6e-07
   1570      2.97e-01    2.95e-01      2.70e-03    2.33e-03      2.46e-01    2.44e-01    4.6e-07
   1572      3.05e-01    2.98e-01      3.42e-03    2.39e-03      2.52e-01    2.47e-01    4.6e-07
   1574      2.86e-01    2.98e-01      2.86e-03    2.34e-03      2.36e-01    2.46e-01    4.6e-07
   1576      2.95e-01    2.94e-01      3.75e-03    2.28e-03      2.43e-01    2.43e-01    4.6e-07
   1578      2.92e-01    3.00e-01      2.37e-03    2.10e-03      2.42e-01    2.48e-01    4.6e-07
   1580      2.98e-01    2.94e-01      3.06e-03    2.17e-03      2.46e-01    2.44e-01    4.6e-07
   1582      2.91e-01    2.94e-01      3.25e-03    2.28e-03      2.41e-01    2.44e-01    4.6e-07
   1584      2.99e-01    2.95e-01      2.82e-03    2.19e-03      2.47e-01    2.44e-01    4.6e-07
   1586      2.89e-01    2.96e-01      3.41e-03    2.13e-03      2.39e-01    2.45e-01    4.6e-07
   1588      2.97e-01    2.97e-01      3.05e-03    2.19e-03      2.45e-01    2.46e-01    4.6e-07
   1590      2.93e-01    2.92e-01      3.25e-03    2.38e-03      2.42e-01    2.42e-01    4.6e-07
   1592      2.90e-01    2.95e-01      3.14e-03    2.54e-03      2.39e-01    2.44e-01    4.6e-07
   1594      3.01e-01    2.92e-01      3.10e-03    2.26e-03      2.48e-01    2.41e-01    4.6e-07
   1596      2.90e-01    2.93e-01      3.00e-03    2.20e-03      2.40e-01    2.43e-01    4.6e-07
   1598      3.00e-01    2.94e-01      3.27e-03    2.40e-03      2.48e-01    2.43e-01    4.6e-07
   1600      2.77e-01    2.76e-01      3.02e-03    2.44e-03      2.44e-01    2.44e-01    2.7e-07
   1602      2.75e-01    2.72e-01      3.34e-03    2.53e-03      2.42e-01    2.41e-01    2.7e-07
   1604      2.76e-01    2.73e-01      3.00e-03    2.23e-03      2.43e-01    2.41e-01    2.7e-07
   1606      2.76e-01    2.77e-01      3.16e-03    2.13e-03      2.44e-01    2.45e-01    2.7e-07
   1608      2.72e-01    2.73e-01      3.40e-03    2.31e-03      2.40e-01    2.42e-01    2.7e-07
   1610      2.78e-01    2.75e-01      2.97e-03    2.28e-03      2.46e-01    2.43e-01    2.7e-07
   1612      2.73e-01    2.77e-01      2.98e-03    2.03e-03      2.41e-01    2.45e-01    2.7e-07
   1614      2.80e-01    2.72e-01      3.30e-03    2.25e-03      2.47e-01    2.41e-01    2.7e-07
   1616      2.77e-01    2.74e-01      2.91e-03    2.18e-03      2.45e-01    2.42e-01    2.7e-07
   1618      2.74e-01    2.76e-01      3.34e-03    2.12e-03      2.42e-01    2.44e-01    2.7e-07
   1620      2.75e-01    2.76e-01      3.52e-03    2.37e-03      2.43e-01    2.44e-01    2.7e-07
   1622      2.76e-01    2.76e-01      2.83e-03    1.83e-03      2.44e-01    2.44e-01    2.7e-07
   1624      2.78e-01    2.77e-01      2.85e-03    2.50e-03      2.45e-01    2.45e-01    2.7e-07
   1626      2.75e-01    2.71e-01      3.45e-03    2.43e-03      2.43e-01    2.40e-01    2.7e-07
   1628      2.72e-01    2.77e-01      2.94e-03    2.28e-03      2.40e-01    2.45e-01    2.7e-07
   1630      2.80e-01    2.74e-01      3.31e-03    2.09e-03      2.47e-01    2.43e-01    2.7e-07
   1632      2.76e-01    2.77e-01      3.52e-03    2.22e-03      2.44e-01    2.45e-01    2.7e-07
   1634      2.74e-01    2.66e-01      2.73e-03    2.37e-03      2.42e-01    2.35e-01    2.7e-07
   1636      2.78e-01    2.75e-01      3.10e-03    1.99e-03      2.46e-01    2.43e-01    2.7e-07
   1638      2.76e-01    2.77e-01      3.22e-03    2.10e-03      2.44e-01    2.45e-01    2.7e-07
   1640      2.74e-01    2.71e-01      3.16e-03    2.32e-03      2.42e-01    2.39e-01    2.7e-07
   1642      2.77e-01    2.76e-01      3.14e-03    2.33e-03      2.44e-01    2.44e-01    2.7e-07
   1644      2.72e-01    2.76e-01      3.08e-03    2.38e-03      2.40e-01    2.44e-01    2.7e-07
   1646      2.78e-01    2.75e-01      3.08e-03    2.31e-03      2.45e-01    2.43e-01    2.7e-07
   1648      2.72e-01    2.69e-01      3.08e-03    2.09e-03      2.40e-01    2.38e-01    2.7e-07
   1650      2.80e-01    2.70e-01      3.16e-03    1.87e-03      2.47e-01    2.39e-01    2.7e-07
   1652      2.75e-01    2.78e-01      2.99e-03    2.42e-03      2.43e-01    2.46e-01    2.7e-07
   1654      2.77e-01    2.70e-01      3.19e-03    2.30e-03      2.44e-01    2.39e-01    2.7e-07
   1656      2.73e-01    2.78e-01      3.02e-03    2.23e-03      2.41e-01    2.46e-01    2.7e-07
   1658      2.77e-01    2.79e-01      3.34e-03    2.36e-03      2.44e-01    2.47e-01    2.7e-07
   1660      2.80e-01    2.75e-01      2.95e-03    2.13e-03      2.47e-01    2.43e-01    2.7e-07
   1662      2.72e-01    2.77e-01      3.22e-03    2.47e-03      2.40e-01    2.45e-01    2.7e-07
   1664      2.74e-01    2.73e-01      2.89e-03    2.22e-03      2.42e-01    2.42e-01    2.7e-07
   1666      2.77e-01    2.75e-01      3.25e-03    2.18e-03      2.45e-01    2.44e-01    2.7e-07
   1668      2.72e-01    2.76e-01      3.03e-03    2.28e-03      2.40e-01    2.44e-01    2.7e-07
   1670      2.75e-01    2.75e-01      3.25e-03    2.26e-03      2.42e-01    2.43e-01    2.7e-07
   1672      2.78e-01    2.77e-01      3.36e-03    2.47e-03      2.45e-01    2.45e-01    2.7e-07
   1674      2.74e-01    2.72e-01      3.00e-03    2.30e-03      2.42e-01    2.41e-01    2.7e-07
   1676      2.73e-01    2.76e-01      3.03e-03    2.45e-03      2.41e-01    2.44e-01    2.7e-07
   1678      2.77e-01    2.72e-01      3.18e-03    2.34e-03      2.45e-01    2.41e-01    2.7e-07
   1680      2.75e-01    2.77e-01      2.27e-03    2.31e-03      2.43e-01    2.45e-01    2.7e-07
   1682      2.76e-01    2.73e-01      3.59e-03    2.00e-03      2.43e-01    2.41e-01    2.7e-07
   1684      2.74e-01    2.74e-01      3.22e-03    2.22e-03      2.42e-01    2.42e-01    2.7e-07
   1686      2.77e-01    2.77e-01      3.08e-03    2.14e-03      2.45e-01    2.45e-01    2.7e-07
   1688      2.76e-01    2.74e-01      3.36e-03    2.45e-03      2.44e-01    2.42e-01    2.7e-07
   1690      2.76e-01    2.76e-01      2.94e-03    2.21e-03      2.44e-01    2.44e-01    2.7e-07
   1692      2.78e-01    2.74e-01      3.17e-03    2.15e-03      2.46e-01    2.42e-01    2.7e-07
   1694      2.74e-01    2.74e-01      3.14e-03    2.50e-03      2.42e-01    2.42e-01    2.7e-07
   1696      2.77e-01    2.75e-01      3.00e-03    2.54e-03      2.44e-01    2.43e-01    2.7e-07
   1698      2.76e-01    2.79e-01      3.22e-03    2.34e-03      2.44e-01    2.46e-01    2.7e-07
   1700      2.60e-01    2.61e-01      3.38e-03    2.33e-03      2.40e-01    2.41e-01    1.6e-07
   1702      2.66e-01    2.63e-01      3.00e-03    2.25e-03      2.45e-01    2.43e-01    1.6e-07
   1704      2.61e-01    2.61e-01      3.45e-03    2.19e-03      2.41e-01    2.41e-01    1.6e-07
   1706      2.66e-01    2.64e-01      2.92e-03    2.45e-03      2.46e-01    2.45e-01    1.6e-07
   1708      2.57e-01    2.62e-01      3.33e-03    2.19e-03      2.37e-01    2.42e-01    1.6e-07
   1710      2.71e-01    2.63e-01      3.07e-03    2.30e-03      2.51e-01    2.43e-01    1.6e-07
   1712      2.63e-01    2.62e-01      3.02e-03    2.27e-03      2.43e-01    2.42e-01    1.6e-07
   1714      2.65e-01    2.62e-01      3.21e-03    2.09e-03      2.45e-01    2.42e-01    1.6e-07
   1716      2.60e-01    2.61e-01      3.36e-03    2.64e-03      2.39e-01    2.42e-01    1.6e-07
   1718      2.65e-01    2.62e-01      3.02e-03    2.20e-03      2.45e-01    2.42e-01    1.6e-07
   1720      2.69e-01    2.67e-01      3.28e-03    2.14e-03      2.49e-01    2.47e-01    1.6e-07
   1722      2.58e-01    2.65e-01      3.04e-03    2.33e-03      2.38e-01    2.45e-01    1.6e-07
   1724      2.62e-01    2.68e-01      3.34e-03    2.16e-03      2.42e-01    2.48e-01    1.6e-07
   1726      2.66e-01    2.65e-01      2.99e-03    2.33e-03      2.46e-01    2.45e-01    1.6e-07
   1728      2.62e-01    2.61e-01      2.67e-03    2.13e-03      2.42e-01    2.41e-01    1.6e-07
   1730      2.65e-01    2.64e-01      3.49e-03    2.20e-03      2.45e-01    2.44e-01    1.6e-07
   1732      2.61e-01    2.59e-01      3.69e-03    2.31e-03      2.41e-01    2.39e-01    1.6e-07
   1734      2.66e-01    2.64e-01      2.46e-03    2.24e-03      2.46e-01    2.45e-01    1.6e-07
   1736      2.65e-01    2.61e-01      2.95e-03    2.19e-03      2.45e-01    2.41e-01    1.6e-07
   1738      2.64e-01    2.62e-01      3.39e-03    2.10e-03      2.43e-01    2.42e-01    1.6e-07
   1740      2.61e-01    2.65e-01      3.18e-03    2.11e-03      2.41e-01    2.45e-01    1.6e-07
   1742      2.68e-01    2.61e-01      2.95e-03    2.32e-03      2.48e-01    2.42e-01    1.6e-07
   1744      2.72e-01    2.64e-01      2.75e-03    2.04e-03      2.52e-01    2.45e-01    1.6e-07
   1746      2.55e-01    2.62e-01      3.55e-03    2.19e-03      2.35e-01    2.42e-01    1.6e-07
   1748      2.66e-01    2.65e-01      3.55e-03    2.10e-03      2.45e-01    2.45e-01    1.6e-07
   1750      2.62e-01    2.61e-01      2.75e-03    2.16e-03      2.42e-01    2.41e-01    1.6e-07
   1752      2.63e-01    2.63e-01      2.54e-03    2.23e-03      2.43e-01    2.44e-01    1.6e-07
   1754      2.64e-01    2.60e-01      3.71e-03    2.41e-03      2.43e-01    2.40e-01    1.6e-07
   1756      2.65e-01    2.62e-01      3.26e-03    2.23e-03      2.45e-01    2.43e-01    1.6e-07
   1758      2.63e-01    2.64e-01      3.08e-03    2.20e-03      2.43e-01    2.44e-01    1.6e-07
   1760      2.69e-01    2.61e-01      3.20e-03    2.29e-03      2.48e-01    2.41e-01    1.6e-07
   1762      2.59e-01    2.64e-01      3.08e-03    2.32e-03      2.39e-01    2.45e-01    1.6e-07
   1764      2.63e-01    2.64e-01      3.02e-03    2.41e-03      2.43e-01    2.44e-01    1.6e-07
   1766      2.63e-01    2.62e-01      3.26e-03    2.41e-03      2.43e-01    2.42e-01    1.6e-07
   1768      2.61e-01    2.63e-01      3.39e-03    2.10e-03      2.40e-01    2.43e-01    1.6e-07
   1770      2.66e-01    2.64e-01      2.90e-03    2.27e-03      2.46e-01    2.44e-01    1.6e-07
   1772      2.61e-01    2.62e-01      3.25e-03    2.34e-03      2.41e-01    2.43e-01    1.6e-07
   1774      2.66e-01    2.63e-01      3.15e-03    2.29e-03      2.46e-01    2.44e-01    1.6e-07
   1776      2.65e-01    2.59e-01      3.12e-03    2.40e-03      2.45e-01    2.39e-01    1.6e-07
   1778      2.62e-01    2.63e-01      3.18e-03    2.33e-03      2.42e-01    2.43e-01    1.6e-07
   1780      2.66e-01    2.60e-01      2.92e-03    2.11e-03      2.45e-01    2.41e-01    1.6e-07
   1782      2.61e-01    2.65e-01      3.43e-03    2.45e-03      2.41e-01    2.45e-01    1.6e-07
   1784      2.61e-01    2.64e-01      3.18e-03    2.35e-03      2.40e-01    2.44e-01    1.6e-07
   1786      2.65e-01    2.63e-01      3.10e-03    2.33e-03      2.45e-01    2.44e-01    1.6e-07
   1788      2.64e-01    2.60e-01      2.87e-03    2.08e-03      2.44e-01    2.40e-01    1.6e-07
   1790      2.66e-01    2.66e-01      3.41e-03    2.22e-03      2.45e-01    2.46e-01    1.6e-07
   1792      2.62e-01    2.65e-01      3.30e-03    2.47e-03      2.42e-01    2.45e-01    1.6e-07
   1794      2.66e-01    2.60e-01      2.80e-03    1.77e-03      2.46e-01    2.41e-01    1.6e-07
   1796      2.70e-01    2.63e-01      3.24e-03    2.37e-03      2.49e-01    2.43e-01    1.6e-07
   1798      2.57e-01    2.68e-01      2.96e-03    2.12e-03      2.38e-01    2.48e-01    1.6e-07
   1800      2.54e-01    2.52e-01      3.14e-03    2.34e-03      2.41e-01    2.40e-01    9.8e-08
   1802      2.58e-01    2.54e-01      3.13e-03    2.37e-03      2.45e-01    2.42e-01    9.8e-08
   1804      2.51e-01    2.55e-01      3.09e-03    2.15e-03      2.38e-01    2.43e-01    9.8e-08
   1806      2.62e-01    2.53e-01      3.17e-03    2.13e-03      2.49e-01    2.41e-01    9.8e-08
   1808      2.53e-01    2.57e-01      3.22e-03    1.77e-03      2.40e-01    2.45e-01    9.8e-08
   1810      2.60e-01    2.53e-01      3.07e-03    2.35e-03      2.47e-01    2.41e-01    9.8e-08
   1812      2.57e-01    2.58e-01      3.21e-03    2.17e-03      2.44e-01    2.46e-01    9.8e-08
   1814      2.57e-01    2.58e-01      3.04e-03    2.58e-03      2.44e-01    2.45e-01    9.8e-08
   1816      2.57e-01    2.55e-01      2.66e-03    2.42e-03      2.44e-01    2.42e-01    9.8e-08
   1818      2.55e-01    2.55e-01      3.61e-03    1.87e-03      2.42e-01    2.43e-01    9.8e-08
   1820      2.58e-01    2.57e-01      3.57e-03    2.20e-03      2.45e-01    2.45e-01    9.8e-08
   1822      2.56e-01    2.57e-01      2.78e-03    2.25e-03      2.44e-01    2.44e-01    9.8e-08
   1824      2.54e-01    2.58e-01      3.04e-03    2.34e-03      2.42e-01    2.46e-01    9.8e-08
   1826      2.59e-01    2.57e-01      3.20e-03    2.40e-03      2.46e-01    2.45e-01    9.8e-08
   1828      2.60e-01    2.57e-01      3.11e-03    2.29e-03      2.47e-01    2.45e-01    9.8e-08
   1830      2.54e-01    2.56e-01      3.26e-03    2.40e-03      2.41e-01    2.44e-01    9.8e-08
   1832      2.54e-01    2.53e-01      3.32e-03    2.48e-03      2.41e-01    2.41e-01    9.8e-08
   1834      2.57e-01    2.60e-01      2.97e-03    2.10e-03      2.44e-01    2.47e-01    9.8e-08
   1836      2.54e-01    2.57e-01      3.43e-03    2.52e-03      2.41e-01    2.44e-01    9.8e-08
   1838      2.59e-01    2.52e-01      2.64e-03    2.25e-03      2.46e-01    2.40e-01    9.8e-08
   1840      2.59e-01    2.55e-01      2.47e-03    2.28e-03      2.47e-01    2.42e-01    9.8e-08
   1842      2.54e-01    2.54e-01      3.41e-03    2.17e-03      2.41e-01    2.42e-01    9.8e-08
   1844      2.54e-01    2.51e-01      3.07e-03    1.93e-03      2.41e-01    2.39e-01    9.8e-08
   1846      2.59e-01    2.57e-01      3.26e-03    2.34e-03      2.46e-01    2.44e-01    9.8e-08
   1848      2.64e-01    2.55e-01      3.22e-03    2.29e-03      2.51e-01    2.42e-01    9.8e-08
   1850      2.49e-01    2.56e-01      3.08e-03    2.13e-03      2.36e-01    2.44e-01    9.8e-08
   1852      2.54e-01    2.56e-01      3.39e-03    2.24e-03      2.41e-01    2.44e-01    9.8e-08
   1854      2.57e-01    2.53e-01      2.89e-03    2.35e-03      2.45e-01    2.41e-01    9.8e-08
   1856      2.56e-01    2.57e-01      2.93e-03    2.44e-03      2.43e-01    2.44e-01    9.8e-08
   1858      2.57e-01    2.56e-01      3.39e-03    2.04e-03      2.44e-01    2.44e-01    9.8e-08
   1860      2.51e-01    2.58e-01      3.04e-03    2.13e-03      2.38e-01    2.46e-01    9.8e-08
   1862      2.61e-01    2.55e-01      3.16e-03    2.17e-03      2.48e-01    2.43e-01    9.8e-08
   1864      2.52e-01    2.60e-01      3.16e-03    2.40e-03      2.39e-01    2.47e-01    9.8e-08
   1866      2.59e-01    2.54e-01      3.02e-03    2.25e-03      2.47e-01    2.41e-01    9.8e-08
   1868      2.57e-01    2.57e-01      3.03e-03    2.33e-03      2.44e-01    2.45e-01    9.8e-08
   1870      2.56e-01    2.57e-01      3.30e-03    2.37e-03      2.43e-01    2.44e-01    9.8e-08
   1872      2.55e-01    2.56e-01      3.33e-03    2.14e-03      2.42e-01    2.44e-01    9.8e-08
   1874      2.55e-01    2.57e-01      3.05e-03    2.53e-03      2.43e-01    2.45e-01    9.8e-08
   1876      2.51e-01    2.56e-01      3.16e-03    2.35e-03      2.38e-01    2.44e-01    9.8e-08
   1878      2.63e-01    2.57e-01      3.20e-03    2.62e-03      2.50e-01    2.44e-01    9.8e-08
   1880      2.51e-01    2.52e-01      2.94e-03    2.00e-03      2.39e-01    2.40e-01    9.8e-08
   1882      2.59e-01    2.58e-01      3.32e-03    2.36e-03      2.46e-01    2.45e-01    9.8e-08
   1884      2.54e-01    2.57e-01      2.39e-03    2.14e-03      2.42e-01    2.45e-01    9.8e-08
   1886      2.61e-01    2.54e-01      3.82e-03    2.30e-03      2.47e-01    2.42e-01    9.8e-08
   1888      2.46e-01    2.58e-01      3.04e-03    2.11e-03      2.34e-01    2.46e-01    9.8e-08
   1890      2.64e-01    2.57e-01      3.23e-03    2.16e-03      2.50e-01    2.45e-01    9.8e-08
   1892      2.57e-01    2.55e-01      3.02e-03    2.15e-03      2.44e-01    2.43e-01    9.8e-08
   1894      2.58e-01    2.55e-01      3.21e-03    2.19e-03      2.45e-01    2.43e-01    9.8e-08
   1896      2.56e-01    2.58e-01      2.73e-03    2.24e-03      2.43e-01    2.46e-01    9.8e-08
   1898      2.56e-01    2.57e-01      3.59e-03    2.18e-03      2.43e-01    2.45e-01    9.8e-08
   1900      2.49e-01    2.50e-01      3.09e-03    2.39e-03      2.41e-01    2.42e-01    5.9e-08
   1902      2.54e-01    2.51e-01      3.21e-03    2.35e-03      2.46e-01    2.44e-01    5.9e-08
   1904      2.46e-01    2.49e-01      2.97e-03    2.48e-03      2.38e-01    2.41e-01    5.9e-08
   1906      2.58e-01    2.49e-01      3.33e-03    2.33e-03      2.49e-01    2.42e-01    5.9e-08
   1908      2.53e-01    2.53e-01      2.94e-03    2.23e-03      2.45e-01    2.46e-01    5.9e-08
   1910      2.52e-01    2.52e-01      3.32e-03    1.84e-03      2.43e-01    2.45e-01    5.9e-08
   1912      2.50e-01    2.51e-01      3.11e-03    2.44e-03      2.42e-01    2.43e-01    5.9e-08
   1914      2.53e-01    2.52e-01      3.27e-03    2.46e-03      2.44e-01    2.44e-01    5.9e-08
   1916      2.49e-01    2.52e-01      3.18e-03    2.44e-03      2.41e-01    2.44e-01    5.9e-08
   1918      2.53e-01    2.52e-01      2.97e-03    2.24e-03      2.44e-01    2.45e-01    5.9e-08
   1920      2.52e-01    2.53e-01      3.29e-03    2.36e-03      2.44e-01    2.45e-01    5.9e-08
   1922      2.50e-01    2.50e-01      3.08e-03    2.42e-03      2.42e-01    2.42e-01    5.9e-08
   1924      2.55e-01    2.53e-01      3.14e-03    2.20e-03      2.46e-01    2.45e-01    5.9e-08
   1926      2.45e-01    2.53e-01      3.16e-03    2.55e-03      2.37e-01    2.45e-01    5.9e-08
   1928      2.53e-01    2.49e-01      3.14e-03    2.31e-03      2.45e-01    2.41e-01    5.9e-08
   1930      2.51e-01    2.49e-01      3.19e-03    2.03e-03      2.43e-01    2.41e-01    5.9e-08
   1932      2.52e-01    2.51e-01      3.33e-03    2.24e-03      2.43e-01    2.43e-01    5.9e-08
   1934      2.54e-01    2.48e-01      3.02e-03    2.05e-03      2.46e-01    2.41e-01    5.9e-08
   1936      2.53e-01    2.51e-01      3.29e-03    2.06e-03      2.45e-01    2.43e-01    5.9e-08
   1938      2.50e-01    2.53e-01      2.97e-03    2.18e-03      2.42e-01    2.45e-01    5.9e-08
   1940      2.56e-01    2.51e-01      2.92e-03    2.30e-03      2.48e-01    2.43e-01    5.9e-08
   1942      2.46e-01    2.49e-01      2.84e-03    2.31e-03      2.38e-01    2.42e-01    5.9e-08
   1944      2.56e-01    2.50e-01      3.10e-03    2.33e-03      2.48e-01    2.42e-01    5.9e-08
   1946      2.48e-01    2.52e-01      3.20e-03    2.39e-03      2.39e-01    2.44e-01    5.9e-08
   1948      2.48e-01    2.46e-01      2.58e-03    2.06e-03      2.40e-01    2.39e-01    5.9e-08
   1950      2.57e-01    2.53e-01      3.56e-03    2.26e-03      2.48e-01    2.45e-01    5.9e-08
   1952      2.54e-01    2.52e-01      2.97e-03    2.18e-03      2.46e-01    2.44e-01    5.9e-08
   1954      2.48e-01    2.48e-01      2.93e-03    2.07e-03      2.40e-01    2.41e-01    5.9e-08
   1956      2.53e-01    2.52e-01      3.01e-03    2.33e-03      2.45e-01    2.45e-01    5.9e-08
   1958      2.52e-01    2.52e-01      3.31e-03    2.15e-03      2.44e-01    2.44e-01    5.9e-08
   1960      2.51e-01    2.49e-01      2.94e-03    2.34e-03      2.43e-01    2.41e-01    5.9e-08
   1962      2.52e-01    2.49e-01      3.08e-03    2.13e-03      2.43e-01    2.41e-01    5.9e-08
   1964      2.51e-01    2.54e-01      2.58e-03    2.06e-03      2.44e-01    2.46e-01    5.9e-08
   1966      2.54e-01    2.47e-01      3.63e-03    2.25e-03      2.45e-01    2.39e-01    5.9e-08
   1968      2.52e-01    2.51e-01      3.50e-03    2.27e-03      2.43e-01    2.43e-01    5.9e-08
   1970      2.49e-01    2.51e-01      2.78e-03    2.47e-03      2.41e-01    2.43e-01    5.9e-08
   1972      2.55e-01    2.50e-01      3.46e-03    2.39e-03      2.47e-01    2.42e-01    5.9e-08
   1974      2.47e-01    2.46e-01      2.76e-03    2.12e-03      2.39e-01    2.39e-01    5.9e-08
   1976      2.48e-01    2.53e-01      2.80e-03    1.96e-03      2.40e-01    2.45e-01    5.9e-08
   1978      2.56e-01    2.53e-01      3.55e-03    2.47e-03      2.47e-01    2.45e-01    5.9e-08
   1980      2.54e-01    2.53e-01      3.34e-03    2.15e-03      2.45e-01    2.45e-01    5.9e-08
   1982      2.50e-01    2.52e-01      3.06e-03    2.35e-03      2.42e-01    2.44e-01    5.9e-08
   1984      2.53e-01    2.50e-01      3.15e-03    2.04e-03      2.45e-01    2.43e-01    5.9e-08
   1986      2.52e-01    2.48e-01      3.20e-03    2.11e-03      2.44e-01    2.40e-01    5.9e-08
   1988      2.54e-01    2.51e-01      2.89e-03    2.29e-03      2.46e-01    2.44e-01    5.9e-08
   1990      2.48e-01    2.55e-01      3.48e-03    2.32e-03      2.40e-01    2.47e-01    5.9e-08
   1992      2.54e-01    2.51e-01      2.94e-03    2.53e-03      2.46e-01    2.43e-01    5.9e-08
   1994      2.49e-01    2.49e-01      3.20e-03    2.46e-03      2.40e-01    2.41e-01    5.9e-08
   1996      2.50e-01    2.48e-01      2.94e-03    2.18e-03      2.42e-01    2.41e-01    5.9e-08
   1998      2.54e-01    2.55e-01      3.32e-03    2.13e-03      2.46e-01    2.47e-01    5.9e-08
   2000      2.48e-01    2.47e-01      3.04e-03    2.08e-03      2.42e-01    2.43e-01    3.5e-08
