#  step      rmse_val    rmse_trn    rmse_e_val  rmse_e_trn    rmse_f_val  rmse_f_trn         lr
      0      3.07e+01    3.35e+01      4.20e-01    4.27e-01      9.71e-01    1.06e+00    1.0e-03
      3      3.33e+01    3.36e+01      3.79e-02    3.84e-02      1.05e+00    1.06e+00    1.0e-03
      6      3.59e+01    3.28e+01      1.82e-01    1.93e-01      1.14e+00    1.04e+00    1.0e-03
      9      2.99e+01    3.22e+01      1.35e-01    1.26e-01      9.46e-01    1.02e+00    1.0e-03
     12      3.23e+01    3.15e+01      1.59e-02    1.46e-02      1.02e+00    9.97e-01    1.0e-03
     15      2.90e+01    3.09e+01      5.91e-02    6.01e-02      9.17e-01    9.78e-01    1.0e-03
     18      3.26e+01    3.06e+01      7.91e-02    8.20e-02      1.03e+00    9.66e-01    1.0e-03
     21      3.06e+01    3.04e+01      4.44e-02    4.98e-02      9.67e-01    9.60e-01    1.0e-03
     24      2.96e+01    2.99e+01      6.17e-04    5.91e-03      9.36e-01    9.46e-01    1.0e-03
     27      2.85e+01    2.94e+01      2.48e-02    1.93e-02      9.01e-01    9.30e-01    1.0e-03
     30      3.08e+01    2.98e+01      2.17e-02    2.20e-02      9.74e-01    9.43e-01    1.0e-03
     33      2.81e+01    2.91e+01      4.89e-02    4.54e-02      8.88e-01    9.20e-01    1.0e-03
     36      2.94e+01    2.86e+01      4.28e-02    3.88e-02      9.31e-01    9.06e-01    1.0e-03
     39      2.74e+01    2.86e+01      2.53e-02    2.26e-02      8.67e-01    9.05e-01    1.0e-03
     42      2.70e+01    2.85e+01      9.58e-02    9.72e-02      8.53e-01    9.00e-01    1.0e-03
     45      2.98e+01    2.84e+01      1.50e-01    1.51e-01      9.42e-01    8.98e-01    1.0e-03
     48      2.66e+01    2.74e+01      6.78e-02    7.12e-02      8.42e-01    8.67e-01    1.0e-03
     51      2.71e+01    2.75e+01      9.89e-02    1.01e-01      8.57e-01    8.69e-01    1.0e-03
     54      2.63e+01    2.73e+01      2.15e-01    2.12e-01      8.32e-01    8.64e-01    1.0e-03
     57      2.54e+01    2.63e+01      1.47e-01    1.42e-01      8.04e-01    8.32e-01    1.0e-03
     60      2.72e+01    2.59e+01      5.52e-03    4.41e-03      8.60e-01    8.20e-01    1.0e-03
     63      2.48e+01    2.57e+01      1.33e-01    1.32e-01      7.85e-01    8.12e-01    1.0e-03
     66      2.55e+01    2.51e+01      3.41e-02    3.73e-02      8.05e-01    7.94e-01    1.0e-03
     69      2.46e+01    2.49e+01      2.44e-02    2.75e-02      7.79e-01    7.87e-01    1.0e-03
     72      2.59e+01    2.38e+01      2.86e-02    2.51e-02      8.19e-01    7.54e-01    1.0e-03
     75      2.26e+01    2.31e+01      2.34e-02    1.32e-02      7.14e-01    7.31e-01    1.0e-03
     78      2.27e+01    2.27e+01      2.19e-02    1.60e-02      7.17e-01    7.19e-01    1.0e-03
     81      2.39e+01    2.17e+01      1.49e-01    1.45e-01      7.57e-01    6.87e-01    1.0e-03
     84      2.20e+01    2.08e+01      8.57e-02    8.27e-02      6.96e-01    6.59e-01    1.0e-03
     87      2.08e+01    2.04e+01      1.00e-01    1.04e-01      6.57e-01    6.45e-01    1.0e-03
     90      2.04e+01    1.98e+01      7.43e-02    7.19e-02      6.45e-01    6.26e-01    1.0e-03
     93      2.07e+01    1.91e+01      5.65e-02    5.40e-02      6.53e-01    6.05e-01    1.0e-03
     96      1.75e+01    1.80e+01      3.97e-01    4.01e-01      5.54e-01    5.68e-01    1.0e-03
     99      1.52e+01    1.72e+01      1.43e-01    1.49e-01      4.81e-01    5.43e-01    1.0e-03
    102      1.32e+01    1.42e+01      6.11e-02    5.60e-02      4.94e-01    5.31e-01    7.1e-04
    105      1.40e+01    1.37e+01      4.77e-02    4.14e-02      5.24e-01    5.14e-01    7.1e-04
    108      1.27e+01    1.34e+01      7.86e-02    8.12e-02      4.75e-01    5.02e-01    7.1e-04
    111      1.29e+01    1.28e+01      1.44e-01    1.48e-01      4.84e-01    4.80e-01    7.1e-04
    114      1.37e+01    1.28e+01      7.05e-02    7.80e-02      5.15e-01    4.79e-01    7.1e-04
    117      1.31e+01    1.24e+01      2.06e-02    2.14e-02      4.90e-01    4.66e-01    7.1e-04
    120      1.15e+01    1.20e+01      7.15e-02    6.66e-02      4.29e-01    4.50e-01    7.1e-04
    123      1.16e+01    1.18e+01      1.76e-02    1.57e-02      4.33e-01    4.43e-01    7.1e-04
    126      1.19e+01    1.17e+01      3.08e-02    3.42e-02      4.47e-01    4.38e-01    7.1e-04
    129      1.11e+01    1.15e+01      8.41e-03    7.22e-03      4.17e-01    4.31e-01    7.1e-04
    132      1.10e+01    1.13e+01      1.46e-02    1.85e-02      4.13e-01    4.23e-01    7.1e-04
    135      1.16e+01    1.10e+01      6.21e-02    5.73e-02      4.33e-01    4.13e-01    7.1e-04
    138      1.09e+01    1.08e+01      6.43e-02    5.67e-02      4.08e-01    4.06e-01    7.1e-04
    141      1.18e+01    1.06e+01      6.20e-03    4.59e-03      4.41e-01    3.96e-01    7.1e-04
    144      1.04e+01    1.05e+01      3.92e-02    4.00e-02      3.90e-01    3.92e-01    7.1e-04
    147      1.03e+01    1.02e+01      9.91e-04    5.74e-03      3.86e-01    3.84e-01    7.1e-04
    150      1.09e+01    9.99e+00      8.30e-03    7.00e-03      4.10e-01    3.75e-01    7.1e-04
    153      1.01e+01    9.91e+00      2.63e-02    3.26e-02      3.79e-01    3.71e-01    7.1e-04
    156      9.78e+00    9.81e+00      2.23e-02    2.65e-02      3.67e-01    3.68e-01    7.1e-04
    159      9.25e+00    9.60e+00      3.52e-03    3.52e-03      3.47e-01    3.60e-01    7.1e-04
    162      9.47e+00    9.47e+00      1.32e-02    9.34e-03      3.55e-01    3.55e-01    7.1e-04
    165      9.36e+00    9.39e+00      1.05e-02    1.52e-02      3.51e-01    3.52e-01    7.1e-04
    168      8.66e+00    9.45e+00      4.57e-03    3.39e-03      3.25e-01    3.55e-01    7.1e-04
    171      1.04e+01    9.29e+00      3.24e-03    5.19e-03      3.90e-01    3.48e-01    7.1e-04
    174      9.40e+00    9.03e+00      1.50e-02    2.02e-02      3.53e-01    3.39e-01    7.1e-04
    177      8.92e+00    8.81e+00      1.02e-02    1.17e-02      3.35e-01    3.30e-01    7.1e-04
    180      8.77e+00    8.77e+00      3.25e-03    4.79e-03      3.29e-01    3.29e-01    7.1e-04
    183      8.55e+00    8.74e+00      3.90e-02    3.81e-02      3.21e-01    3.28e-01    7.1e-04
    186      8.93e+00    8.67e+00      1.91e-02    1.99e-02      3.35e-01    3.25e-01    7.1e-04
    189      9.42e+00    8.58e+00      3.01e-02    3.65e-02      3.53e-01    3.22e-01    7.1e-04
    192      8.11e+00    8.36e+00      4.12e-02    3.85e-02      3.04e-01    3.13e-01    7.1e-04
    195      8.70e+00    8.39e+00      1.01e-02    8.77e-03      3.26e-01    3.15e-01    7.1e-04
    198      8.10e+00    8.18e+00      1.57e-02    1.58e-02      3.04e-01    3.07e-01    7.1e-04
    201      7.42e+00    6.89e+00      1.64e-03    7.73e-03      3.30e-01    3.07e-01    5.0e-04
    204      6.79e+00    6.80e+00      1.39e-02    1.16e-02      3.02e-01    3.03e-01    5.0e-04
    207      6.68e+00    6.69e+00      4.63e-03    4.36e-03      2.97e-01    2.97e-01    5.0e-04
    210      6.51e+00    6.67e+00      9.23e-03    9.19e-03      2.90e-01    2.97e-01    5.0e-04
    213      6.56e+00    6.70e+00      5.06e-03    6.52e-03      2.92e-01    2.98e-01    5.0e-04
    216      6.44e+00    6.62e+00      1.73e-02    1.44e-02      2.86e-01    2.95e-01    5.0e-04
    219      7.13e+00    6.57e+00      8.35e-03    3.60e-03      3.17e-01    2.92e-01    5.0e-04
    222      6.68e+00    6.54e+00      6.90e-03    7.27e-03      2.97e-01    2.91e-01    5.0e-04
    225      6.22e+00    6.53e+00      6.75e-03    5.80e-03      2.77e-01    2.91e-01    5.0e-04
    228      6.31e+00    6.50e+00      3.59e-02    3.72e-02      2.80e-01    2.89e-01    5.0e-04
    231      6.10e+00    6.55e+00      3.10e-02    3.46e-02      2.71e-01    2.91e-01    5.0e-04
    234      6.32e+00    6.48e+00      2.08e-02    1.58e-02      2.81e-01    2.88e-01    5.0e-04
    237      6.26e+00    6.38e+00      3.10e-02    2.97e-02      2.78e-01    2.84e-01    5.0e-04
    240      6.58e+00    6.45e+00      1.40e-02    1.43e-02      2.93e-01    2.87e-01    5.0e-04
    243      6.83e+00    6.29e+00      1.84e-02    1.23e-02      3.04e-01    2.80e-01    5.0e-04
    246      6.38e+00    6.51e+00      3.45e-02    3.55e-02      2.83e-01    2.89e-01    5.0e-04
    249      7.16e+00    6.38e+00      3.63e-02    3.61e-02      3.18e-01    2.84e-01    5.0e-04
    252      6.27e+00    6.26e+00      2.10e-02    1.88e-02      2.79e-01    2.78e-01    5.0e-04
    255      6.39e+00    6.32e+00      2.63e-02    2.82e-02      2.84e-01    2.81e-01    5.0e-04
    258      6.56e+00    6.27e+00      5.56e-03    5.38e-03      2.92e-01    2.79e-01    5.0e-04
    261      6.18e+00    6.21e+00      8.45e-03    6.80e-03      2.75e-01    2.76e-01    5.0e-04
    264      5.97e+00    6.27e+00      1.65e-02    1.49e-02      2.66e-01    2.79e-01    5.0e-04
    267      6.19e+00    6.21e+00      2.08e-02    2.42e-02      2.75e-01    2.76e-01    5.0e-04
    270      6.59e+00    6.19e+00      1.90e-02    2.30e-02      2.93e-01    2.75e-01    5.0e-04
    273      6.17e+00    6.07e+00      3.29e-03    7.62e-03      2.75e-01    2.70e-01    5.0e-04
    276      6.42e+00    6.17e+00      2.09e-02    1.82e-02      2.85e-01    2.74e-01    5.0e-04
    279      6.49e+00    6.10e+00      2.24e-02    1.76e-02      2.89e-01    2.71e-01    5.0e-04
    282      5.92e+00    6.06e+00      4.36e-03    2.89e-03      2.63e-01    2.69e-01    5.0e-04
    285      5.97e+00    6.13e+00      3.55e-03    2.56e-03      2.66e-01    2.73e-01    5.0e-04
    288      5.80e+00    6.11e+00      5.22e-03    3.28e-03      2.58e-01    2.72e-01    5.0e-04
    291      6.03e+00    6.02e+00      6.83e-04    2.32e-03      2.68e-01    2.68e-01    5.0e-04
    294      5.91e+00    6.03e+00      7.75e-03    6.22e-03      2.63e-01    2.68e-01    5.0e-04
    297      5.82e+00    6.01e+00      3.44e-03    2.52e-03      2.59e-01    2.67e-01    5.0e-04
    300      5.05e+00    5.06e+00      4.12e-03    2.84e-03      2.67e-01    2.67e-01    3.6e-04
    303      5.32e+00    5.02e+00      5.62e-03    2.18e-03      2.81e-01    2.65e-01    3.6e-04
    306      5.06e+00    4.90e+00      5.68e-03    4.49e-03      2.67e-01    2.58e-01    3.6e-04
    309      5.17e+00    4.97e+00      9.63e-04    2.25e-03      2.73e-01    2.62e-01    3.6e-04
    312      4.93e+00    5.01e+00      1.04e-02    6.96e-03      2.60e-01    2.64e-01    3.6e-04
    315      5.03e+00    4.98e+00      1.32e-03    2.80e-03      2.65e-01    2.63e-01    3.6e-04
    318      4.59e+00    4.94e+00      8.84e-03    1.02e-02      2.42e-01    2.61e-01    3.6e-04
    321      4.77e+00    4.87e+00      8.75e-03    1.05e-02      2.52e-01    2.57e-01    3.6e-04
    324      4.90e+00    5.00e+00      4.24e-03    2.70e-03      2.59e-01    2.64e-01    3.6e-04
    327      4.83e+00    4.93e+00      6.09e-03    4.11e-03      2.55e-01    2.60e-01    3.6e-04
    330      4.85e+00    4.90e+00      2.60e-03    2.55e-03      2.56e-01    2.59e-01    3.6e-04
    333      5.11e+00    4.84e+00      1.45e-04    3.20e-03      2.70e-01    2.55e-01    3.6e-04
    336      4.60e+00    4.88e+00      1.05e-02    7.94e-03      2.43e-01    2.57e-01    3.6e-04
    339      5.26e+00    4.92e+00      6.24e-04    3.33e-03      2.78e-01    2.59e-01    3.6e-04
    342      4.83e+00    4.87e+00      1.07e-02    8.74e-03      2.55e-01    2.57e-01    3.6e-04
    345      4.76e+00    4.83e+00      8.74e-03    7.66e-03      2.51e-01    2.55e-01    3.6e-04
    348      4.65e+00    4.88e+00      1.27e-03    1.91e-03      2.46e-01    2.58e-01    3.6e-04
    351      4.98e+00    4.82e+00      8.70e-03    9.48e-03      2.63e-01    2.54e-01    3.6e-04
    354      4.91e+00    4.78e+00      4.17e-03    4.40e-03      2.59e-01    2.52e-01    3.6e-04
    357      5.17e+00    4.86e+00      1.08e-03    5.46e-03      2.73e-01    2.56e-01    3.6e-04
    360      4.61e+00    4.91e+00      1.10e-02    1.08e-02      2.43e-01    2.59e-01    3.6e-04
    363      4.65e+00    4.85e+00      1.26e-02    1.11e-02      2.45e-01    2.56e-01    3.6e-04
    366      4.76e+00    4.86e+00      1.12e-02    7.42e-03      2.51e-01    2.56e-01    3.6e-04
    369      4.77e+00    4.79e+00      1.28e-02    1.42e-02      2.52e-01    2.53e-01    3.6e-04
    372      5.44e+00    4.69e+00      1.20e-04    2.62e-03      2.87e-01    2.47e-01    3.6e-04
    375      5.42e+00    4.83e+00      1.24e-02    1.28e-02      2.86e-01    2.55e-01    3.6e-04
    378      4.85e+00    4.76e+00      5.44e-03    6.39e-03      2.56e-01    2.51e-01    3.6e-04
    381      5.13e+00    4.78e+00      6.75e-03    4.10e-03      2.70e-01    2.52e-01    3.6e-04
    384      4.61e+00    4.78e+00      1.10e-03    2.16e-03      2.43e-01    2.52e-01    3.6e-04
    387      4.71e+00    4.76e+00      1.81e-03    2.92e-03      2.48e-01    2.51e-01    3.6e-04
    390      4.82e+00    4.77e+00      9.51e-03    8.02e-03      2.54e-01    2.52e-01    3.6e-04
    393      4.70e+00    4.76e+00      4.29e-03    6.35e-03      2.48e-01    2.51e-01    3.6e-04
    396      4.38e+00    4.69e+00      1.01e-02    1.04e-02      2.31e-01    2.48e-01    3.6e-04
    399      4.63e+00    4.75e+00      1.34e-02    1.20e-02      2.44e-01    2.51e-01    3.6e-04
    402      4.10e+00    4.02e+00      3.12e-03    3.42e-03      2.56e-01    2.52e-01    2.5e-04
    405      3.80e+00    3.99e+00      5.59e-03    3.54e-03      2.38e-01    2.49e-01    2.5e-04
    408      3.94e+00    3.99e+00      7.25e-03    9.25e-03      2.46e-01    2.49e-01    2.5e-04
    411      3.93e+00    3.97e+00      7.10e-03    4.76e-03      2.46e-01    2.49e-01    2.5e-04
    414      3.77e+00    4.03e+00      7.23e-04    2.25e-03      2.36e-01    2.52e-01    2.5e-04
    417      4.12e+00    3.97e+00      2.95e-03    3.54e-03      2.58e-01    2.49e-01    2.5e-04
    420      3.72e+00    3.96e+00      8.69e-03    6.22e-03      2.33e-01    2.47e-01    2.5e-04
    423      3.92e+00    3.92e+00      4.41e-03    2.74e-03      2.45e-01    2.45e-01    2.5e-04
    426      4.10e+00    3.99e+00      6.58e-03    7.52e-03      2.56e-01    2.50e-01    2.5e-04
    429      3.91e+00    3.90e+00      1.10e-02    7.87e-03      2.45e-01    2.44e-01    2.5e-04
    432      4.18e+00    3.90e+00      1.96e-03    3.61e-03      2.62e-01    2.44e-01    2.5e-04
    435      3.81e+00    3.93e+00      9.44e-04    3.25e-03      2.38e-01    2.46e-01    2.5e-04
    438      4.20e+00    3.98e+00      3.61e-03    2.17e-03      2.63e-01    2.49e-01    2.5e-04
    441      3.91e+00    3.92e+00      1.06e-03    5.90e-03      2.45e-01    2.45e-01    2.5e-04
    444      4.00e+00    3.91e+00      2.41e-03    6.09e-03      2.50e-01    2.45e-01    2.5e-04
    447      4.09e+00    3.92e+00      9.70e-04    2.14e-03      2.56e-01    2.45e-01    2.5e-04
    450      4.09e+00    3.96e+00      7.02e-03    4.97e-03      2.56e-01    2.48e-01    2.5e-04
    453      3.89e+00    3.88e+00      7.18e-04    3.02e-03      2.44e-01    2.43e-01    2.5e-04
    456      3.99e+00    3.99e+00      3.72e-03    3.20e-03      2.50e-01    2.49e-01    2.5e-04
    459      3.72e+00    3.89e+00      1.67e-03    2.91e-03      2.33e-01    2.43e-01    2.5e-04
    462      3.68e+00    3.92e+00      3.45e-03    2.10e-03      2.30e-01    2.45e-01    2.5e-04
    465      3.87e+00    3.96e+00      1.35e-03    2.80e-03      2.42e-01    2.48e-01    2.5e-04
    468      3.61e+00    3.92e+00      5.99e-04    2.44e-03      2.26e-01    2.45e-01    2.5e-04
    471      3.72e+00    3.94e+00      4.96e-03    3.57e-03      2.33e-01    2.47e-01    2.5e-04
    474      3.88e+00    3.92e+00      3.39e-03    2.46e-03      2.43e-01    2.45e-01    2.5e-04
    477      4.15e+00    3.95e+00      1.10e-04    4.57e-03      2.60e-01    2.47e-01    2.5e-04
    480      3.87e+00    3.88e+00      7.14e-03    6.40e-03      2.42e-01    2.43e-01    2.5e-04
    483      3.76e+00    3.92e+00      4.94e-04    3.34e-03      2.35e-01    2.45e-01    2.5e-04
    486      4.16e+00    3.95e+00      1.44e-03    2.35e-03      2.60e-01    2.47e-01    2.5e-04
    489      3.85e+00    3.91e+00      1.82e-03    3.68e-03      2.41e-01    2.45e-01    2.5e-04
    492      3.95e+00    3.90e+00      4.24e-03    4.47e-03      2.47e-01    2.44e-01    2.5e-04
    495      3.81e+00    3.94e+00      6.40e-03    5.05e-03      2.38e-01    2.46e-01    2.5e-04
    498      3.83e+00    3.89e+00      1.21e-02    8.22e-03      2.39e-01    2.43e-01    2.5e-04
    501      3.36e+00    3.33e+00      1.41e-03    2.46e-03      2.49e-01    2.47e-01    1.8e-04
    504      3.69e+00    3.29e+00      3.57e-03    3.48e-03      2.74e-01    2.44e-01    1.8e-04
    507      3.39e+00    3.29e+00      6.88e-03    7.20e-03      2.51e-01    2.44e-01    1.8e-04
    510      3.45e+00    3.32e+00      2.61e-03    7.06e-03      2.56e-01    2.46e-01    1.8e-04
    513      3.40e+00    3.28e+00      5.65e-03    5.36e-03      2.52e-01    2.44e-01    1.8e-04
    516      3.16e+00    3.27e+00      5.03e-04    2.34e-03      2.34e-01    2.42e-01    1.8e-04
    519      3.22e+00    3.24e+00      2.01e-03    2.60e-03      2.39e-01    2.40e-01    1.8e-04
    522      3.32e+00    3.29e+00      5.96e-03    3.97e-03      2.46e-01    2.44e-01    1.8e-04
    525      3.48e+00    3.23e+00      1.41e-03    2.91e-03      2.58e-01    2.40e-01    1.8e-04
    528      3.05e+00    3.28e+00      3.96e-03    2.64e-03      2.26e-01    2.44e-01    1.8e-04
    531      3.43e+00    3.25e+00      4.90e-03    2.25e-03      2.55e-01    2.41e-01    1.8e-04
    534      3.39e+00    3.23e+00      5.16e-04    2.12e-03      2.51e-01    2.40e-01    1.8e-04
    537      3.31e+00    3.26e+00      1.19e-03    2.09e-03      2.45e-01    2.42e-01    1.8e-04
    540      3.13e+00    3.27e+00      2.13e-03    2.21e-03      2.32e-01    2.42e-01    1.8e-04
    543      3.38e+00    3.27e+00      4.40e-04    2.38e-03      2.50e-01    2.42e-01    1.8e-04
    546      2.99e+00    3.28e+00      3.33e-04    2.21e-03      2.21e-01    2.43e-01    1.8e-04
    549      3.22e+00    3.27e+00      2.20e-04    1.97e-03      2.39e-01    2.43e-01    1.8e-04
    552      3.07e+00    3.23e+00      8.59e-04    2.19e-03      2.28e-01    2.40e-01    1.8e-04
    555      3.14e+00    3.23e+00      1.62e-03    2.00e-03      2.33e-01    2.40e-01    1.8e-04
    558      3.36e+00    3.27e+00      3.51e-04    2.07e-03      2.49e-01    2.42e-01    1.8e-04
    561      3.06e+00    3.26e+00      4.43e-04    2.20e-03      2.27e-01    2.42e-01    1.8e-04
    564      3.19e+00    3.23e+00      1.51e-03    2.40e-03      2.37e-01    2.40e-01    1.8e-04
    567      3.65e+00    3.25e+00      1.34e-03    2.86e-03      2.71e-01    2.41e-01    1.8e-04
    570      3.29e+00    3.22e+00      2.13e-03    2.12e-03      2.44e-01    2.39e-01    1.8e-04
    573      3.20e+00    3.23e+00      3.37e-03    2.28e-03      2.37e-01    2.39e-01    1.8e-04
    576      3.32e+00    3.21e+00      2.73e-03    3.05e-03      2.46e-01    2.38e-01    1.8e-04
    579      3.20e+00    3.23e+00      4.42e-04    2.83e-03      2.38e-01    2.39e-01    1.8e-04
    582      3.29e+00    3.26e+00      3.80e-03    2.32e-03      2.44e-01    2.42e-01    1.8e-04
    585      3.22e+00    3.26e+00      3.81e-03    2.55e-03      2.39e-01    2.41e-01    1.8e-04
    588      3.43e+00    3.24e+00      2.72e-03    2.34e-03      2.54e-01    2.40e-01    1.8e-04
    591      3.20e+00    3.22e+00      3.09e-03    2.55e-03      2.37e-01    2.39e-01    1.8e-04
    594      3.16e+00    3.23e+00      8.07e-04    2.44e-03      2.34e-01    2.40e-01    1.8e-04
    597      3.18e+00    3.26e+00      1.69e-03    2.34e-03      2.36e-01    2.42e-01    1.8e-04
    600      3.07e+00    2.72e+00      4.25e-04    2.15e-03      2.70e-01    2.39e-01    1.3e-04
    603      2.76e+00    2.74e+00      1.69e-03    1.97e-03      2.42e-01    2.41e-01    1.3e-04
    606      2.49e+00    2.71e+00      3.92e-04    2.17e-03      2.19e-01    2.39e-01    1.3e-04
    609      2.81e+00    2.75e+00      2.48e-04    2.26e-03      2.47e-01    2.41e-01    1.3e-04
    612      2.79e+00    2.71e+00      6.42e-04    1.91e-03      2.45e-01    2.39e-01    1.3e-04
    615      2.82e+00    2.74e+00      1.25e-03    1.62e-03      2.48e-01    2.41e-01    1.3e-04
    618      2.69e+00    2.68e+00      1.76e-03    1.98e-03      2.37e-01    2.36e-01    1.3e-04
    621      2.76e+00    2.71e+00      4.02e-03    1.57e-03      2.43e-01    2.38e-01    1.3e-04
    624      2.84e+00    2.69e+00      7.16e-04    2.03e-03      2.49e-01    2.36e-01    1.3e-04
    627      2.62e+00    2.69e+00      6.65e-04    2.10e-03      2.30e-01    2.36e-01    1.3e-04
    630      2.66e+00    2.74e+00      3.09e-03    1.96e-03      2.34e-01    2.41e-01    1.3e-04
    633      2.54e+00    2.73e+00      1.37e-03    2.33e-03      2.23e-01    2.40e-01    1.3e-04
    636      2.89e+00    2.73e+00      5.41e-03    2.87e-03      2.54e-01    2.40e-01    1.3e-04
    639      2.61e+00    2.68e+00      3.83e-04    2.48e-03      2.29e-01    2.36e-01    1.3e-04
    642      2.56e+00    2.74e+00      1.32e-03    1.99e-03      2.25e-01    2.41e-01    1.3e-04
    645      2.67e+00    2.73e+00      3.76e-03    2.31e-03      2.35e-01    2.40e-01    1.3e-04
    648      2.68e+00    2.73e+00      2.50e-03    2.13e-03      2.36e-01    2.40e-01    1.3e-04
    651      2.67e+00    2.70e+00      4.76e-03    2.40e-03      2.34e-01    2.37e-01    1.3e-04
    654      2.55e+00    2.70e+00      5.16e-04    2.35e-03      2.24e-01    2.37e-01    1.3e-04
    657      2.65e+00    2.71e+00      1.57e-03    1.97e-03      2.33e-01    2.38e-01    1.3e-04
    660      2.68e+00    2.70e+00      2.78e-03    1.99e-03      2.36e-01    2.37e-01    1.3e-04
    663      2.85e+00    2.71e+00      3.79e-03    1.94e-03      2.51e-01    2.39e-01    1.3e-04
    666      2.75e+00    2.71e+00      1.09e-03    2.21e-03      2.42e-01    2.38e-01    1.3e-04
    669      2.70e+00    2.72e+00      1.51e-03    2.50e-03      2.37e-01    2.39e-01    1.3e-04
    672      2.87e+00    2.69e+00      4.46e-03    1.89e-03      2.52e-01    2.36e-01    1.3e-04
    675      2.83e+00    2.75e+00      6.18e-04    1.92e-03      2.48e-01    2.41e-01    1.3e-04
    678      2.75e+00    2.69e+00      1.09e-03    2.44e-03      2.41e-01    2.37e-01    1.3e-04
    681      2.79e+00    2.72e+00      6.00e-04    2.14e-03      2.45e-01    2.39e-01    1.3e-04
    684      2.65e+00    2.70e+00      5.10e-03    2.53e-03      2.33e-01    2.38e-01    1.3e-04
    687      2.85e+00    2.65e+00      3.55e-03    2.41e-03      2.50e-01    2.33e-01    1.3e-04
    690      2.55e+00    2.71e+00      1.76e-03    1.82e-03      2.24e-01    2.38e-01    1.3e-04
    693      2.66e+00    2.71e+00      3.15e-03    1.95e-03      2.34e-01    2.38e-01    1.3e-04
    696      2.67e+00    2.68e+00      9.56e-04    2.01e-03      2.35e-01    2.35e-01    1.3e-04
    699      2.67e+00    2.65e+00      1.60e-03    1.98e-03      2.35e-01    2.33e-01    1.3e-04
    702      2.43e+00    2.29e+00      2.55e-03    2.01e-03      2.53e-01    2.38e-01    9.1e-05
    705      2.34e+00    2.31e+00      9.94e-04    2.23e-03      2.43e-01    2.40e-01    9.1e-05
    708      2.08e+00    2.27e+00      1.38e-03    2.22e-03      2.17e-01    2.37e-01    9.1e-05
    711      2.14e+00    2.30e+00      5.42e-04    1.80e-03      2.23e-01    2.40e-01    9.1e-05
    714      2.41e+00    2.29e+00      3.12e-03    2.00e-03      2.51e-01    2.38e-01    9.1e-05
    717      2.31e+00    2.24e+00      2.31e-04    2.26e-03      2.40e-01    2.33e-01    9.1e-05
    720      2.36e+00    2.29e+00      1.17e-03    2.23e-03      2.45e-01    2.38e-01    9.1e-05
    723      2.32e+00    2.27e+00      3.96e-03    2.14e-03      2.41e-01    2.36e-01    9.1e-05
    726      2.19e+00    2.30e+00      4.46e-05    2.25e-03      2.29e-01    2.39e-01    9.1e-05
    729      2.19e+00    2.27e+00      2.52e-03    2.30e-03      2.28e-01    2.36e-01    9.1e-05
    732      2.23e+00    2.28e+00      2.12e-03    2.21e-03      2.32e-01    2.38e-01    9.1e-05
    735      2.13e+00    2.27e+00      3.33e-03    1.77e-03      2.21e-01    2.36e-01    9.1e-05
    738      2.25e+00    2.26e+00      4.16e-03    2.33e-03      2.34e-01    2.35e-01    9.1e-05
    741      2.24e+00    2.27e+00      3.20e-03    1.95e-03      2.33e-01    2.37e-01    9.1e-05
    744      2.27e+00    2.26e+00      2.61e-03    2.12e-03      2.36e-01    2.35e-01    9.1e-05
    747      2.56e+00    2.25e+00      9.39e-04    1.90e-03      2.66e-01    2.34e-01    9.1e-05
    750      2.35e+00    2.25e+00      2.36e-03    1.91e-03      2.45e-01    2.34e-01    9.1e-05
    753      2.31e+00    2.25e+00      2.21e-03    2.25e-03      2.41e-01    2.34e-01    9.1e-05
    756      2.25e+00    2.28e+00      7.17e-04    2.32e-03      2.34e-01    2.37e-01    9.1e-05
    759      2.14e+00    2.29e+00      1.49e-03    2.50e-03      2.23e-01    2.39e-01    9.1e-05
    762      2.56e+00    2.29e+00      4.21e-05    2.40e-03      2.66e-01    2.38e-01    9.1e-05
    765      2.19e+00    2.29e+00      4.41e-04    1.92e-03      2.28e-01    2.39e-01    9.1e-05
    768      2.41e+00    2.28e+00      4.94e-03    2.40e-03      2.51e-01    2.38e-01    9.1e-05
    771      2.26e+00    2.27e+00      1.34e-03    2.47e-03      2.36e-01    2.36e-01    9.1e-05
    774      2.31e+00    2.29e+00      1.33e-03    2.62e-03      2.40e-01    2.39e-01    9.1e-05
    777      2.22e+00    2.25e+00      2.61e-03    2.16e-03      2.31e-01    2.34e-01    9.1e-05
    780      2.25e+00    2.27e+00      1.00e-03    2.04e-03      2.34e-01    2.37e-01    9.1e-05
    783      2.22e+00    2.29e+00      1.43e-03    1.89e-03      2.31e-01    2.39e-01    9.1e-05
    786      2.42e+00    2.27e+00      3.37e-03    2.41e-03      2.52e-01    2.37e-01    9.1e-05
    789      2.07e+00    2.28e+00      5.60e-04    1.94e-03      2.16e-01    2.37e-01    9.1e-05
    792      2.23e+00    2.26e+00      3.84e-03    2.07e-03      2.32e-01    2.36e-01    9.1e-05
    795      2.34e+00    2.26e+00      9.45e-04    2.21e-03      2.44e-01    2.35e-01    9.1e-05
    798      2.37e+00    2.27e+00      2.11e-03    2.57e-03      2.47e-01    2.36e-01    9.1e-05
    801      2.02e+00    1.92e+00      3.27e-03    2.22e-03      2.49e-01    2.36e-01    6.5e-05
    804      1.79e+00    1.89e+00      3.62e-03    2.58e-03      2.21e-01    2.33e-01    6.5e-05
    807      1.94e+00    1.90e+00      2.16e-03    1.54e-03      2.40e-01    2.34e-01    6.5e-05
    810      1.96e+00    1.91e+00      4.66e-04    1.76e-03      2.42e-01    2.36e-01    6.5e-05
    813      1.80e+00    1.91e+00      1.46e-03    2.00e-03      2.22e-01    2.35e-01    6.5e-05
    816      1.90e+00    1.88e+00      4.34e-03    2.45e-03      2.34e-01    2.32e-01    6.5e-05
    819      1.84e+00    1.89e+00      2.97e-03    2.08e-03      2.27e-01    2.33e-01    6.5e-05
    822      1.89e+00    1.93e+00      1.66e-03    2.76e-03      2.32e-01    2.37e-01    6.5e-05
    825      1.79e+00    1.94e+00      4.59e-03    2.76e-03      2.21e-01    2.39e-01    6.5e-05
    828      1.98e+00    1.93e+00      2.41e-04    2.57e-03      2.44e-01    2.38e-01    6.5e-05
    831      1.95e+00    1.96e+00      1.80e-03    2.61e-03      2.40e-01    2.42e-01    6.5e-05
    834      1.88e+00    1.92e+00      2.24e-03    2.38e-03      2.32e-01    2.36e-01    6.5e-05
    837      1.80e+00    1.93e+00      1.42e-03    1.98e-03      2.22e-01    2.38e-01    6.5e-05
    840      2.00e+00    1.92e+00      1.08e-03    2.40e-03      2.47e-01    2.36e-01    6.5e-05
    843      1.94e+00    1.91e+00      1.86e-03    1.78e-03      2.39e-01    2.36e-01    6.5e-05
    846      1.84e+00    1.90e+00      1.43e-03    1.86e-03      2.27e-01    2.34e-01    6.5e-05
    849      1.89e+00    1.89e+00      7.82e-04    1.79e-03      2.33e-01    2.33e-01    6.5e-05
    852      1.87e+00    1.92e+00      3.40e-03    2.25e-03      2.31e-01    2.37e-01    6.5e-05
    855      1.89e+00    1.91e+00      1.05e-03    2.26e-03      2.33e-01    2.36e-01    6.5e-05
    858      1.80e+00    1.94e+00      3.46e-05    2.17e-03      2.22e-01    2.39e-01    6.5e-05
    861      2.02e+00    1.91e+00      4.42e-03    1.97e-03      2.48e-01    2.35e-01    6.5e-05
    864      2.15e+00    1.92e+00      1.32e-03    2.01e-03      2.65e-01    2.37e-01    6.5e-05
    867      1.88e+00    1.92e+00      3.80e-03    2.18e-03      2.32e-01    2.37e-01    6.5e-05
    870      1.96e+00    1.93e+00      2.19e-04    1.57e-03      2.42e-01    2.38e-01    6.5e-05
    873      1.89e+00    1.91e+00      3.87e-03    2.05e-03      2.33e-01    2.36e-01    6.5e-05
    876      2.03e+00    1.90e+00      3.97e-03    2.00e-03      2.50e-01    2.34e-01    6.5e-05
    879      1.84e+00    1.91e+00      6.34e-04    2.06e-03      2.27e-01    2.36e-01    6.5e-05
    882      1.97e+00    1.92e+00      1.02e-03    2.00e-03      2.43e-01    2.37e-01    6.5e-05
    885      1.91e+00    1.91e+00      1.41e-03    2.19e-03      2.35e-01    2.35e-01    6.5e-05
    888      2.04e+00    1.92e+00      3.69e-03    2.17e-03      2.51e-01    2.37e-01    6.5e-05
    891      1.75e+00    1.93e+00      8.88e-04    2.05e-03      2.15e-01    2.37e-01    6.5e-05
    894      1.87e+00    1.95e+00      1.49e-03    2.15e-03      2.31e-01    2.41e-01    6.5e-05
    897      1.95e+00    1.89e+00      3.49e-03    2.22e-03      2.40e-01    2.33e-01    6.5e-05
    900      1.64e+00    1.62e+00      1.43e-03    2.25e-03      2.39e-01    2.37e-01    4.6e-05
    903      1.56e+00    1.64e+00      7.11e-04    1.88e-03      2.27e-01    2.38e-01    4.6e-05
    906      1.67e+00    1.59e+00      1.91e-03    1.78e-03      2.44e-01    2.31e-01    4.6e-05
    909      1.52e+00    1.62e+00      1.22e-04    2.10e-03      2.22e-01    2.37e-01    4.6e-05
    912      1.48e+00    1.63e+00      4.39e-04    2.47e-03      2.15e-01    2.37e-01    4.6e-05
    915      1.60e+00    1.63e+00      7.81e-04    2.26e-03      2.33e-01    2.37e-01    4.6e-05
    918      1.55e+00    1.62e+00      1.65e-03    1.80e-03      2.26e-01    2.36e-01    4.6e-05
    921      1.66e+00    1.61e+00      8.39e-05    2.37e-03      2.41e-01    2.34e-01    4.6e-05
    924      1.70e+00    1.62e+00      4.06e-03    2.18e-03      2.48e-01    2.36e-01    4.6e-05
    927      1.58e+00    1.62e+00      1.32e-03    1.49e-03      2.30e-01    2.36e-01    4.6e-05
    930      1.58e+00    1.63e+00      2.83e-03    1.90e-03      2.30e-01    2.37e-01    4.6e-05
    933      1.64e+00    1.60e+00      7.91e-04    2.08e-03      2.39e-01    2.33e-01    4.6e-05
    936      1.59e+00    1.63e+00      2.95e-03    2.12e-03      2.32e-01    2.38e-01    4.6e-05
    939      1.66e+00    1.63e+00      2.68e-04    2.02e-03      2.43e-01    2.37e-01    4.6e-05
    942      1.69e+00    1.62e+00      4.68e-04    2.20e-03      2.47e-01    2.35e-01    4.6e-05
    945      1.59e+00    1.63e+00      3.51e-03    2.17e-03      2.31e-01    2.37e-01    4.6e-05
    948      1.51e+00    1.60e+00      2.76e-03    2.48e-03      2.20e-01    2.33e-01    4.6e-05
    951      1.52e+00    1.63e+00      1.17e-03    1.84e-03      2.22e-01    2.37e-01    4.6e-05
    954      1.60e+00    1.61e+00      3.28e-03    2.18e-03      2.33e-01    2.35e-01    4.6e-05
    957      1.65e+00    1.62e+00      2.80e-03    1.67e-03      2.40e-01    2.37e-01    4.6e-05
    960      1.72e+00    1.61e+00      3.29e-03    1.74e-03      2.51e-01    2.35e-01    4.6e-05
    963      1.82e+00    1.61e+00      3.56e-04    2.10e-03      2.65e-01    2.35e-01    4.6e-05
    966      1.71e+00    1.62e+00      3.05e-03    2.06e-03      2.49e-01    2.36e-01    4.6e-05
    969      1.60e+00    1.62e+00      1.92e-03    2.38e-03      2.33e-01    2.36e-01    4.6e-05
    972      1.61e+00    1.61e+00      2.32e-03    1.72e-03      2.35e-01    2.34e-01    4.6e-05
    975      1.66e+00    1.61e+00      1.26e-04    1.83e-03      2.43e-01    2.35e-01    4.6e-05
    978      1.64e+00    1.62e+00      1.48e-03    2.50e-03      2.39e-01    2.36e-01    4.6e-05
    981      1.51e+00    1.61e+00      2.59e-03    2.02e-03      2.20e-01    2.34e-01    4.6e-05
    984      1.58e+00    1.60e+00      3.26e-03    1.82e-03      2.30e-01    2.33e-01    4.6e-05
    987      1.71e+00    1.59e+00      3.75e-03    2.31e-03      2.49e-01    2.32e-01    4.6e-05
    990      1.58e+00    1.62e+00      1.45e-03    1.77e-03      2.30e-01    2.36e-01    4.6e-05
    993      1.60e+00    1.62e+00      5.24e-04    1.75e-03      2.33e-01    2.36e-01    4.6e-05
    996      1.67e+00    1.61e+00      2.09e-03    2.13e-03      2.44e-01    2.34e-01    4.6e-05
    999      1.60e+00    1.60e+00      7.32e-04    1.61e-03      2.33e-01    2.33e-01    4.6e-05
   1002      1.54e+00    1.36e+00      6.25e-04    2.25e-03      2.65e-01    2.35e-01    3.3e-05
   1005      1.29e+00    1.37e+00      1.57e-03    1.89e-03      2.21e-01    2.35e-01    3.3e-05
   1008      1.36e+00    1.34e+00      2.23e-03    2.00e-03      2.35e-01    2.31e-01    3.3e-05
   1011      1.25e+00    1.36e+00      2.71e-05    1.99e-03      2.15e-01    2.33e-01    3.3e-05
   1014      1.43e+00    1.37e+00      9.72e-04    1.93e-03      2.46e-01    2.37e-01    3.3e-05
   1017      1.44e+00    1.37e+00      4.29e-03    1.71e-03      2.48e-01    2.36e-01    3.3e-05
   1020      1.39e+00    1.37e+00      3.23e-03    1.94e-03      2.40e-01    2.36e-01    3.3e-05
   1023      1.45e+00    1.38e+00      3.11e-03    2.27e-03      2.50e-01    2.37e-01    3.3e-05
   1026      1.32e+00    1.34e+00      1.44e-03    2.14e-03      2.27e-01    2.31e-01    3.3e-05
   1029      1.34e+00    1.36e+00      3.12e-03    1.85e-03      2.31e-01    2.35e-01    3.3e-05
   1032      1.31e+00    1.36e+00      1.21e-03    2.25e-03      2.26e-01    2.35e-01    3.3e-05
   1035      1.29e+00    1.38e+00      3.31e-04    1.85e-03      2.21e-01    2.37e-01    3.3e-05
   1038      1.40e+00    1.34e+00      5.16e-04    2.24e-03      2.41e-01    2.31e-01    3.3e-05
   1041      1.35e+00    1.38e+00      2.76e-03    2.10e-03      2.32e-01    2.38e-01    3.3e-05
   1044      1.35e+00    1.37e+00      3.49e-03    1.87e-03      2.32e-01    2.36e-01    3.3e-05
   1047      1.39e+00    1.37e+00      6.98e-04    1.94e-03      2.39e-01    2.36e-01    3.3e-05
   1050      1.44e+00    1.36e+00      4.39e-03    2.00e-03      2.48e-01    2.33e-01    3.3e-05
   1053      1.28e+00    1.37e+00      2.70e-03    2.38e-03      2.20e-01    2.37e-01    3.3e-05
   1056      1.41e+00    1.37e+00      1.85e-03    2.27e-03      2.43e-01    2.36e-01    3.3e-05
   1059      1.39e+00    1.35e+00      3.40e-03    1.95e-03      2.40e-01    2.33e-01    3.3e-05
   1062      1.34e+00    1.36e+00      2.32e-03    2.04e-03      2.30e-01    2.34e-01    3.3e-05
   1065      1.35e+00    1.35e+00      1.18e-03    2.14e-03      2.32e-01    2.33e-01    3.3e-05
   1068      1.36e+00    1.35e+00      3.01e-03    2.09e-03      2.35e-01    2.33e-01    3.3e-05
   1071      1.39e+00    1.34e+00      1.14e-04    2.16e-03      2.39e-01    2.31e-01    3.3e-05
   1074      1.28e+00    1.37e+00      4.16e-04    2.50e-03      2.21e-01    2.36e-01    3.3e-05
   1077      1.25e+00    1.38e+00      4.37e-04    1.89e-03      2.15e-01    2.38e-01    3.3e-05
   1080      1.31e+00    1.36e+00      1.22e-03    2.25e-03      2.26e-01    2.33e-01    3.3e-05
   1083      1.34e+00    1.36e+00      2.96e-03    2.30e-03      2.31e-01    2.35e-01    3.3e-05
   1086      1.45e+00    1.34e+00      3.33e-03    2.18e-03      2.50e-01    2.30e-01    3.3e-05
   1089      1.34e+00    1.36e+00      3.30e-03    2.62e-03      2.32e-01    2.33e-01    3.3e-05
   1092      1.41e+00    1.38e+00      5.62e-04    2.16e-03      2.42e-01    2.37e-01    3.3e-05
   1095      1.35e+00    1.35e+00      3.15e-03    2.12e-03      2.32e-01    2.32e-01    3.3e-05
   1098      1.53e+00    1.36e+00      9.22e-04    2.19e-03      2.64e-01    2.34e-01    3.3e-05
   1101      1.13e+00    1.16e+00      2.01e-03    1.92e-03      2.30e-01    2.35e-01    2.3e-05
   1104      1.17e+00    1.16e+00      1.36e-03    2.12e-03      2.38e-01    2.36e-01    2.3e-05
   1107      1.09e+00    1.17e+00      2.06e-03    2.08e-03      2.21e-01    2.38e-01    2.3e-05
   1110      1.21e+00    1.15e+00      6.03e-04    2.08e-03      2.46e-01    2.33e-01    2.3e-05
   1113      1.12e+00    1.16e+00      8.70e-04    1.87e-03      2.27e-01    2.36e-01    2.3e-05
   1116      1.23e+00    1.16e+00      4.15e-03    2.25e-03      2.49e-01    2.35e-01    2.3e-05
   1119      1.14e+00    1.17e+00      4.56e-04    1.90e-03      2.32e-01    2.37e-01    2.3e-05
   1122      1.19e+00    1.17e+00      4.08e-04    1.98e-03      2.41e-01    2.37e-01    2.3e-05
   1125      1.06e+00    1.17e+00      1.98e-04    2.35e-03      2.15e-01    2.37e-01    2.3e-05
   1128      1.21e+00    1.17e+00      1.59e-03    2.07e-03      2.46e-01    2.38e-01    2.3e-05
   1131      1.22e+00    1.15e+00      3.81e-03    1.84e-03      2.47e-01    2.34e-01    2.3e-05
   1134      1.19e+00    1.15e+00      2.40e-06    1.96e-03      2.42e-01    2.34e-01    2.3e-05
   1137      1.12e+00    1.16e+00      1.40e-03    2.20e-03      2.27e-01    2.36e-01    2.3e-05
   1140      1.18e+00    1.16e+00      3.42e-04    2.11e-03      2.39e-01    2.36e-01    2.3e-05
   1143      1.17e+00    1.15e+00      1.66e-03    1.94e-03      2.38e-01    2.33e-01    2.3e-05
   1146      1.13e+00    1.15e+00      1.37e-03    2.31e-03      2.30e-01    2.34e-01    2.3e-05
   1149      1.18e+00    1.16e+00      3.32e-03    1.91e-03      2.39e-01    2.35e-01    2.3e-05
   1152      1.16e+00    1.15e+00      2.36e-03    2.29e-03      2.35e-01    2.34e-01    2.3e-05
   1155      1.14e+00    1.15e+00      1.15e-03    1.99e-03      2.32e-01    2.33e-01    2.3e-05
   1158      1.30e+00    1.14e+00      1.07e-03    1.94e-03      2.64e-01    2.33e-01    2.3e-05
   1161      1.09e+00    1.17e+00      6.36e-05    1.61e-03      2.21e-01    2.37e-01    2.3e-05
   1164      1.14e+00    1.15e+00      3.97e-03    1.88e-03      2.32e-01    2.34e-01    2.3e-05
   1167      1.23e+00    1.15e+00      3.00e-03    2.32e-03      2.50e-01    2.34e-01    2.3e-05
   1170      1.20e+00    1.17e+00      2.07e-03    2.39e-03      2.43e-01    2.37e-01    2.3e-05
   1173      1.08e+00    1.15e+00      2.55e-03    2.12e-03      2.20e-01    2.34e-01    2.3e-05
   1176      1.14e+00    1.16e+00      3.27e-03    2.01e-03      2.31e-01    2.35e-01    2.3e-05
   1179      1.09e+00    1.15e+00      1.71e-03    1.94e-03      2.21e-01    2.33e-01    2.3e-05
   1182      1.14e+00    1.18e+00      2.83e-03    2.14e-03      2.31e-01    2.40e-01    2.3e-05
   1185      1.14e+00    1.16e+00      4.82e-04    2.28e-03      2.32e-01    2.36e-01    2.3e-05
   1188      1.13e+00    1.14e+00      2.86e-03    1.74e-03      2.30e-01    2.32e-01    2.3e-05
   1191      1.19e+00    1.16e+00      2.34e-04    2.12e-03      2.41e-01    2.35e-01    2.3e-05
   1194      1.11e+00    1.18e+00      1.17e-03    1.62e-03      2.26e-01    2.39e-01    2.3e-05
   1197      1.23e+00    1.16e+00      4.06e-03    2.12e-03      2.49e-01    2.35e-01    2.3e-05
   1200      1.01e+00    9.76e-01      2.34e-04    2.10e-03      2.41e-01    2.33e-01    1.7e-05
   1203      9.45e-01    9.98e-01      1.19e-03    1.99e-03      2.26e-01    2.39e-01    1.7e-05
   1206      9.73e-01    9.87e-01      3.93e-03    1.96e-03      2.32e-01    2.36e-01    1.7e-05
   1209      1.03e+00    9.96e-01      1.02e-03    2.17e-03      2.46e-01    2.38e-01    1.7e-05
   1212      9.69e-01    9.76e-01      3.01e-03    1.95e-03      2.31e-01    2.33e-01    1.7e-05
   1215      1.02e+00    9.85e-01      1.93e-03    2.31e-03      2.43e-01    2.35e-01    1.7e-05
   1218      9.26e-01    9.88e-01      1.41e-03    2.27e-03      2.21e-01    2.36e-01    1.7e-05
   1221      1.01e+00    9.77e-01      2.03e-04    1.94e-03      2.42e-01    2.34e-01    1.7e-05
   1224      9.48e-01    9.81e-01      1.22e-03    2.08e-03      2.27e-01    2.34e-01    1.7e-05
   1227      9.99e-01    9.76e-01      7.04e-04    2.34e-03      2.39e-01    2.33e-01    1.7e-05
   1230      9.72e-01    9.83e-01      1.11e-03    2.17e-03      2.32e-01    2.35e-01    1.7e-05
   1233      9.72e-01    9.68e-01      6.96e-04    1.96e-03      2.32e-01    2.31e-01    1.7e-05
   1236      9.67e-01    9.74e-01      3.27e-03    1.70e-03      2.31e-01    2.33e-01    1.7e-05
   1239      9.97e-01    9.78e-01      1.47e-03    2.08e-03      2.38e-01    2.34e-01    1.7e-05
   1242      1.05e+00    9.84e-01      3.09e-03    2.24e-03      2.50e-01    2.35e-01    1.7e-05
   1245      9.82e-01    9.81e-01      2.36e-03    2.07e-03      2.35e-01    2.34e-01    1.7e-05
   1248      1.04e+00    9.70e-01      3.98e-03    1.99e-03      2.49e-01    2.32e-01    1.7e-05
   1251      9.62e-01    9.72e-01      2.65e-03    1.63e-03      2.30e-01    2.32e-01    1.7e-05
   1254      9.62e-01    9.86e-01      1.58e-03    1.63e-03      2.30e-01    2.36e-01    1.7e-05
   1257      1.11e+00    9.77e-01      8.22e-04    2.01e-03      2.64e-01    2.34e-01    1.7e-05
   1260      9.25e-01    9.79e-01      5.57e-05    1.84e-03      2.21e-01    2.34e-01    1.7e-05
   1263      8.98e-01    9.78e-01      1.69e-04    1.98e-03      2.15e-01    2.34e-01    1.7e-05
   1266      1.04e+00    9.73e-01      4.17e-03    2.03e-03      2.47e-01    2.32e-01    1.7e-05
   1269      1.00e+00    9.82e-01      2.96e-03    1.94e-03      2.39e-01    2.35e-01    1.7e-05
   1272      9.20e-01    9.88e-01      2.90e-03    2.39e-03      2.20e-01    2.36e-01    1.7e-05
   1275      9.72e-01    9.77e-01      5.29e-04    1.96e-03      2.32e-01    2.33e-01    1.7e-05
   1278      9.97e-01    9.88e-01      1.62e-03    2.10e-03      2.38e-01    2.36e-01    1.7e-05
   1281      9.62e-01    9.79e-01      2.79e-03    2.25e-03      2.30e-01    2.34e-01    1.7e-05
   1284      9.73e-01    9.88e-01      3.63e-03    1.83e-03      2.32e-01    2.36e-01    1.7e-05
   1287      9.69e-01    1.00e+00      2.96e-03    2.02e-03      2.31e-01    2.39e-01    1.7e-05
   1290      9.45e-01    9.83e-01      1.10e-03    2.24e-03      2.26e-01    2.35e-01    1.7e-05
   1293      1.01e+00    9.87e-01      5.53e-04    1.97e-03      2.41e-01    2.36e-01    1.7e-05
   1296      1.00e+00    9.79e-01      3.03e-03    2.19e-03      2.39e-01    2.34e-01    1.7e-05
   1299      9.72e-01    9.88e-01      9.50e-04    2.05e-03      2.32e-01    2.36e-01    1.7e-05
   1302      7.89e-01    8.32e-01      1.39e-04    2.20e-03      2.21e-01    2.33e-01    1.2e-05
   1305      8.68e-01    8.37e-01      2.21e-03    2.16e-03      2.43e-01    2.34e-01    1.2e-05
   1308      8.93e-01    8.33e-01      3.06e-03    2.10e-03      2.50e-01    2.33e-01    1.2e-05
   1311      8.24e-01    8.51e-01      2.85e-03    2.12e-03      2.31e-01    2.38e-01    1.2e-05
   1314      7.85e-01    8.42e-01      2.81e-03    2.15e-03      2.20e-01    2.36e-01    1.2e-05
   1317      8.78e-01    8.36e-01      1.12e-03    1.64e-03      2.46e-01    2.34e-01    1.2e-05
   1320      8.84e-01    8.38e-01      4.19e-03    2.17e-03      2.47e-01    2.35e-01    1.2e-05
   1323      9.42e-01    8.31e-01      9.78e-04    2.19e-03      2.64e-01    2.33e-01    1.2e-05
   1326      7.89e-01    8.41e-01      1.42e-03    2.00e-03      2.21e-01    2.36e-01    1.2e-05
   1329      8.52e-01    8.28e-01      7.72e-04    1.98e-03      2.39e-01    2.32e-01    1.2e-05
   1332      8.63e-01    8.38e-01      1.05e-04    1.81e-03      2.42e-01    2.35e-01    1.2e-05
   1335      7.65e-01    8.35e-01      3.60e-04    1.79e-03      2.15e-01    2.34e-01    1.2e-05
   1338      8.08e-01    8.36e-01      1.13e-03    2.28e-03      2.27e-01    2.34e-01    1.2e-05
   1341      8.90e-01    8.38e-01      3.94e-03    2.07e-03      2.49e-01    2.35e-01    1.2e-05
   1344      8.20e-01    8.54e-01      1.61e-03    2.34e-03      2.30e-01    2.39e-01    1.2e-05
   1347      8.37e-01    8.33e-01      2.19e-03    2.08e-03      2.34e-01    2.33e-01    1.2e-05
   1350      8.52e-01    8.39e-01      6.93e-04    1.77e-03      2.39e-01    2.35e-01    1.2e-05
   1353      8.30e-01    8.31e-01      3.58e-03    2.16e-03      2.32e-01    2.33e-01    1.2e-05
   1356      7.89e-01    8.24e-01      2.04e-04    1.68e-03      2.21e-01    2.31e-01    1.2e-05
   1359      8.08e-01    8.38e-01      9.61e-04    2.48e-03      2.27e-01    2.35e-01    1.2e-05
   1362      8.28e-01    8.37e-01      7.07e-04    1.61e-03      2.32e-01    2.35e-01    1.2e-05
   1365      8.68e-01    8.33e-01      2.05e-03    2.16e-03      2.43e-01    2.33e-01    1.2e-05
   1368      8.89e-01    8.38e-01      3.71e-03    1.87e-03      2.49e-01    2.35e-01    1.2e-05
   1371      8.24e-01    8.34e-01      2.88e-03    2.27e-03      2.31e-01    2.34e-01    1.2e-05
   1374      8.59e-01    8.39e-01      2.91e-05    1.70e-03      2.41e-01    2.35e-01    1.2e-05
   1377      8.21e-01    8.25e-01      2.95e-03    1.97e-03      2.30e-01    2.31e-01    1.2e-05
   1380      8.29e-01    8.27e-01      1.48e-03    2.01e-03      2.32e-01    2.32e-01    1.2e-05
   1383      8.93e-01    8.53e-01      3.21e-03    2.49e-03      2.50e-01    2.39e-01    1.2e-05
   1386      8.78e-01    8.42e-01      7.19e-04    2.22e-03      2.46e-01    2.36e-01    1.2e-05
   1389      8.37e-01    8.36e-01      2.29e-03    2.12e-03      2.34e-01    2.34e-01    1.2e-05
   1392      8.26e-01    8.28e-01      3.18e-03    2.03e-03      2.31e-01    2.32e-01    1.2e-05
   1395      8.05e-01    8.30e-01      1.61e-03    2.12e-03      2.26e-01    2.32e-01    1.2e-05
   1398      9.42e-01    8.33e-01      9.45e-04    2.09e-03      2.64e-01    2.33e-01    1.2e-05
   1401      6.75e-01    7.19e-01      1.16e-03    1.85e-03      2.21e-01    2.35e-01    8.3e-06
   1404      7.57e-01    7.14e-01      4.00e-03    1.93e-03      2.47e-01    2.34e-01    8.3e-06
   1407      7.39e-01    7.21e-01      2.31e-04    2.59e-03      2.42e-01    2.36e-01    8.3e-06
   1410      7.33e-01    7.18e-01      3.45e-03    2.22e-03      2.39e-01    2.35e-01    8.3e-06
   1413      7.02e-01    7.23e-01      1.70e-03    2.17e-03      2.30e-01    2.37e-01    8.3e-06
   1416      6.55e-01    7.14e-01      5.03e-04    2.02e-03      2.15e-01    2.33e-01    8.3e-06
   1419      7.28e-01    7.22e-01      1.57e-03    1.80e-03      2.38e-01    2.36e-01    8.3e-06
   1422      6.72e-01    7.20e-01      3.10e-03    2.28e-03      2.20e-01    2.35e-01    8.3e-06
   1425      7.52e-01    7.24e-01      1.24e-03    1.88e-03      2.46e-01    2.37e-01    8.3e-06
   1428      6.92e-01    7.23e-01      9.02e-04    2.06e-03      2.27e-01    2.36e-01    8.3e-06
   1431      7.32e-01    7.11e-01      2.94e-03    2.18e-03      2.39e-01    2.33e-01    8.3e-06
   1434      7.17e-01    7.17e-01      2.50e-03    2.37e-03      2.34e-01    2.35e-01    8.3e-06
   1437      7.11e-01    7.17e-01      3.76e-03    2.50e-03      2.32e-01    2.34e-01    8.3e-06
   1440      7.29e-01    7.13e-01      8.37e-04    2.28e-03      2.39e-01    2.33e-01    8.3e-06
   1443      7.06e-01    7.18e-01      3.16e-03    1.93e-03      2.31e-01    2.35e-01    8.3e-06
   1446      7.02e-01    7.28e-01      1.71e-03    2.38e-03      2.30e-01    2.38e-01    8.3e-06
   1449      7.09e-01    7.13e-01      7.29e-04    2.17e-03      2.32e-01    2.33e-01    8.3e-06
   1452      7.03e-01    7.28e-01      2.76e-03    2.09e-03      2.30e-01    2.38e-01    8.3e-06
   1455      7.35e-01    7.30e-01      2.43e-04    1.92e-03      2.41e-01    2.39e-01    8.3e-06
   1458      6.75e-01    7.17e-01      8.79e-05    1.98e-03      2.21e-01    2.35e-01    8.3e-06
   1461      7.62e-01    7.29e-01      3.78e-03    2.19e-03      2.49e-01    2.39e-01    8.3e-06
   1464      6.55e-01    7.17e-01      2.26e-04    1.85e-03      2.14e-01    2.34e-01    8.3e-06
   1467      7.65e-01    7.21e-01      3.09e-03    2.19e-03      2.50e-01    2.36e-01    8.3e-06
   1470      8.07e-01    7.17e-01      1.00e-03    2.07e-03      2.64e-01    2.35e-01    8.3e-06
   1473      7.08e-01    7.11e-01      3.18e-03    2.07e-03      2.31e-01    2.33e-01    8.3e-06
   1476      7.10e-01    7.18e-01      1.35e-03    2.06e-03      2.32e-01    2.35e-01    8.3e-06
   1479      7.57e-01    7.18e-01      4.19e-03    2.24e-03      2.47e-01    2.35e-01    8.3e-06
   1482      7.28e-01    7.16e-01      1.63e-03    1.90e-03      2.38e-01    2.34e-01    8.3e-06
   1485      7.39e-01    7.14e-01      1.61e-04    2.11e-03      2.42e-01    2.34e-01    8.3e-06
   1488      6.90e-01    7.22e-01      1.35e-03    1.97e-03      2.26e-01    2.36e-01    8.3e-06
   1491      6.75e-01    7.24e-01      1.43e-03    2.25e-03      2.21e-01    2.37e-01    8.3e-06
   1494      6.72e-01    7.16e-01      2.84e-03    1.56e-03      2.20e-01    2.34e-01    8.3e-06
   1497      7.43e-01    7.28e-01      1.76e-03    2.16e-03      2.43e-01    2.38e-01    8.3e-06
   1500      6.59e-01    6.25e-01      3.19e-03    2.24e-03      2.50e-01    2.37e-01    5.9e-06
   1503      6.11e-01    6.18e-01      1.26e-03    2.05e-03      2.32e-01    2.35e-01    5.9e-06
   1506      5.79e-01    6.16e-01      2.68e-03    2.07e-03      2.20e-01    2.34e-01    5.9e-06
   1509      6.53e-01    6.26e-01      4.15e-03    1.98e-03      2.47e-01    2.38e-01    5.9e-06
   1512      6.11e-01    6.12e-01      5.87e-04    2.00e-03      2.32e-01    2.33e-01    5.9e-06
   1515      6.33e-01    6.20e-01      3.18e-05    2.26e-03      2.41e-01    2.36e-01    5.9e-06
   1518      6.40e-01    6.22e-01      1.77e-03    1.87e-03      2.43e-01    2.36e-01    5.9e-06
   1521      6.05e-01    6.24e-01      2.76e-03    2.14e-03      2.30e-01    2.37e-01    5.9e-06
   1524      6.37e-01    6.20e-01      5.62e-05    1.65e-03      2.42e-01    2.36e-01    5.9e-06
   1527      6.47e-01    6.18e-01      1.03e-03    1.70e-03      2.46e-01    2.35e-01    5.9e-06
   1530      5.94e-01    6.19e-01      1.40e-03    1.80e-03      2.26e-01    2.35e-01    5.9e-06
   1533      5.64e-01    6.09e-01      2.65e-04    1.84e-03      2.14e-01    2.31e-01    5.9e-06
   1536      6.31e-01    6.24e-01      3.10e-03    2.22e-03      2.39e-01    2.37e-01    5.9e-06
   1539      6.27e-01    6.11e-01      1.61e-03    1.80e-03      2.38e-01    2.32e-01    5.9e-06
   1542      5.81e-01    6.24e-01      1.62e-04    2.18e-03      2.21e-01    2.37e-01    5.9e-06
   1545      6.18e-01    6.22e-01      2.58e-03    2.15e-03      2.34e-01    2.36e-01    5.9e-06
   1548      5.96e-01    6.21e-01      1.19e-03    1.99e-03      2.26e-01    2.36e-01    5.9e-06
   1551      6.08e-01    6.23e-01      3.01e-03    2.01e-03      2.31e-01    2.37e-01    5.9e-06
   1554      5.82e-01    6.08e-01      1.31e-03    1.61e-03      2.21e-01    2.31e-01    5.9e-06
   1557      6.10e-01    6.12e-01      2.97e-03    1.60e-03      2.31e-01    2.33e-01    5.9e-06
   1560      6.57e-01    6.14e-01      3.80e-03    1.83e-03      2.49e-01    2.33e-01    5.9e-06
   1563      6.05e-01    6.14e-01      1.34e-03    2.19e-03      2.30e-01    2.33e-01    5.9e-06
   1566      6.95e-01    6.15e-01      8.11e-04    1.73e-03      2.64e-01    2.33e-01    5.9e-06
   1569      6.28e-01    6.25e-01      6.27e-04    1.82e-03      2.39e-01    2.37e-01    5.9e-06
   1572      6.13e-01    6.12e-01      3.97e-03    2.24e-03      2.32e-01    2.32e-01    5.9e-06
   1575      6.27e-01    6.19e-01      1.65e-03    1.89e-03      2.38e-01    2.35e-01    5.9e-06
   1578      5.79e-01    6.13e-01      2.80e-03    1.71e-03      2.20e-01    2.33e-01    5.9e-06
   1581      6.05e-01    6.19e-01      2.91e-03    1.96e-03      2.30e-01    2.35e-01    5.9e-06
   1584      6.47e-01    6.15e-01      1.10e-03    2.26e-03      2.46e-01    2.34e-01    5.9e-06
   1587      6.11e-01    6.14e-01      1.10e-03    2.10e-03      2.32e-01    2.33e-01    5.9e-06
   1590      6.36e-01    6.16e-01      8.82e-05    2.49e-03      2.42e-01    2.34e-01    5.9e-06
   1593      6.11e-01    6.23e-01      6.73e-04    1.88e-03      2.32e-01    2.37e-01    5.9e-06
   1596      5.64e-01    6.15e-01      2.85e-04    2.16e-03      2.14e-01    2.34e-01    5.9e-06
   1599      5.96e-01    6.13e-01      1.21e-03    1.79e-03      2.26e-01    2.33e-01    5.9e-06
   1602      5.05e-01    5.36e-01      1.59e-03    2.30e-03      2.21e-01    2.34e-01    4.2e-06
   1605      5.36e-01    5.43e-01      2.51e-03    1.93e-03      2.34e-01    2.38e-01    4.2e-06
   1608      5.67e-01    5.37e-01      4.04e-03    2.02e-03      2.47e-01    2.35e-01    4.2e-06
   1611      5.28e-01    5.36e-01      2.87e-03    2.06e-03      2.31e-01    2.35e-01    4.2e-06
   1614      5.49e-01    5.32e-01      4.65e-05    2.42e-03      2.41e-01    2.33e-01    4.2e-06
   1617      5.04e-01    5.39e-01      1.53e-04    1.83e-03      2.21e-01    2.36e-01    4.2e-06
   1620      5.29e-01    5.40e-01      3.19e-03    2.26e-03      2.31e-01    2.36e-01    4.2e-06
   1623      5.32e-01    5.41e-01      3.72e-03    1.70e-03      2.32e-01    2.37e-01    4.2e-06
   1626      5.70e-01    5.40e-01      3.77e-03    1.90e-03      2.49e-01    2.36e-01    4.2e-06
   1629      6.02e-01    5.32e-01      9.42e-04    1.84e-03      2.64e-01    2.33e-01    4.2e-06
   1632      5.15e-01    5.38e-01      1.34e-03    2.15e-03      2.26e-01    2.35e-01    4.2e-06
   1635      5.72e-01    5.41e-01      3.17e-03    1.95e-03      2.50e-01    2.37e-01    4.2e-06
   1638      5.48e-01    5.26e-01      3.20e-03    2.18e-03      2.39e-01    2.30e-01    4.2e-06
   1641      5.45e-01    5.35e-01      5.96e-04    2.10e-03      2.39e-01    2.34e-01    4.2e-06
   1644      5.55e-01    5.28e-01      1.85e-03    1.85e-03      2.43e-01    2.31e-01    4.2e-06
   1647      5.25e-01    5.35e-01      1.43e-03    2.41e-03      2.30e-01    2.34e-01    4.2e-06
   1650      5.17e-01    5.38e-01      1.17e-03    2.03e-03      2.26e-01    2.35e-01    4.2e-06
   1653      5.52e-01    5.35e-01      2.65e-05    2.10e-03      2.42e-01    2.34e-01    4.2e-06
   1656      5.15e-01    5.37e-01      1.28e-03    2.00e-03      2.26e-01    2.35e-01    4.2e-06
   1659      5.05e-01    5.36e-01      1.41e-03    1.79e-03      2.21e-01    2.35e-01    4.2e-06
   1662      5.30e-01    5.34e-01      6.58e-04    2.12e-03      2.32e-01    2.34e-01    4.2e-06
   1665      5.02e-01    5.41e-01      2.68e-03    2.30e-03      2.20e-01    2.37e-01    4.2e-06
   1668      5.04e-01    5.38e-01      2.17e-04    2.15e-03      2.21e-01    2.36e-01    4.2e-06
   1671      5.45e-01    5.33e-01      6.86e-04    2.21e-03      2.39e-01    2.33e-01    4.2e-06
   1674      5.28e-01    5.39e-01      3.13e-03    2.22e-03      2.31e-01    2.36e-01    4.2e-06
   1677      5.48e-01    5.38e-01      3.36e-03    1.96e-03      2.39e-01    2.35e-01    4.2e-06
   1680      6.02e-01    5.44e-01      9.39e-04    2.14e-03      2.64e-01    2.38e-01    4.2e-06
   1683      5.29e-01    5.45e-01      3.02e-03    1.61e-03      2.31e-01    2.39e-01    4.2e-06
   1686      5.70e-01    5.36e-01      3.77e-03    1.87e-03      2.49e-01    2.35e-01    4.2e-06
   1689      4.89e-01    5.35e-01      2.38e-04    1.63e-03      2.14e-01    2.34e-01    4.2e-06
   1692      5.32e-01    5.32e-01      3.87e-03    2.18e-03      2.32e-01    2.33e-01    4.2e-06
   1695      5.49e-01    5.37e-01      1.54e-04    1.89e-03      2.41e-01    2.35e-01    4.2e-06
   1698      5.67e-01    5.30e-01      4.13e-03    1.65e-03      2.47e-01    2.32e-01    4.2e-06
   1701      4.86e-01    4.65e-01      1.68e-03    1.99e-03      2.43e-01    2.32e-01    3.0e-06
   1704      4.76e-01    4.71e-01      1.60e-03    2.16e-03      2.38e-01    2.35e-01    3.0e-06
   1707      4.91e-01    4.69e-01      1.06e-03    1.83e-03      2.46e-01    2.35e-01    3.0e-06
   1710      4.64e-01    4.64e-01      1.33e-03    2.10e-03      2.32e-01    2.32e-01    3.0e-06
   1713      5.01e-01    4.73e-01      3.24e-03    2.05e-03      2.50e-01    2.36e-01    3.0e-06
   1716      4.60e-01    4.74e-01      2.74e-03    1.57e-03      2.30e-01    2.37e-01    3.0e-06
   1719      4.69e-01    4.69e-01      2.45e-03    2.05e-03      2.34e-01    2.34e-01    3.0e-06
   1722      4.59e-01    4.66e-01      1.56e-03    1.96e-03      2.30e-01    2.33e-01    3.0e-06
   1725      4.80e-01    4.79e-01      3.16e-03    2.01e-03      2.39e-01    2.39e-01    3.0e-06
   1728      4.97e-01    4.70e-01      4.09e-03    1.73e-03      2.47e-01    2.35e-01    3.0e-06
   1731      4.62e-01    4.66e-01      3.10e-03    2.04e-03      2.31e-01    2.33e-01    3.0e-06
   1734      4.91e-01    4.71e-01      1.13e-03    1.72e-03      2.46e-01    2.35e-01    3.0e-06
   1737      4.60e-01    4.66e-01      2.85e-03    1.84e-03      2.30e-01    2.33e-01    3.0e-06
   1740      4.52e-01    4.71e-01      1.07e-03    1.77e-03      2.26e-01    2.35e-01    3.0e-06
   1743      4.77e-01    4.65e-01      6.00e-04    1.75e-03      2.39e-01    2.32e-01    3.0e-06
   1746      4.69e-01    4.62e-01      2.47e-03    2.30e-03      2.34e-01    2.31e-01    3.0e-06
   1749      4.76e-01    4.69e-01      1.58e-03    2.09e-03      2.38e-01    2.35e-01    3.0e-06
   1752      4.41e-01    4.69e-01      2.30e-04    2.22e-03      2.21e-01    2.35e-01    3.0e-06
   1755      4.59e-01    4.69e-01      1.53e-03    2.22e-03      2.30e-01    2.34e-01    3.0e-06
   1758      5.27e-01    4.66e-01      9.23e-04    2.16e-03      2.64e-01    2.33e-01    3.0e-06
   1761      4.64e-01    4.67e-01      1.22e-03    2.04e-03      2.32e-01    2.34e-01    3.0e-06
   1764      4.81e-01    4.74e-01      1.19e-04    1.60e-03      2.41e-01    2.37e-01    3.0e-06
   1767      4.64e-01    4.71e-01      3.13e-03    2.04e-03      2.31e-01    2.35e-01    3.0e-06
   1770      4.40e-01    4.70e-01      2.78e-03    2.09e-03      2.20e-01    2.35e-01    3.0e-06
   1773      4.83e-01    4.67e-01      1.40e-05    2.69e-03      2.42e-01    2.33e-01    3.0e-06
   1776      4.66e-01    4.72e-01      3.91e-03    2.52e-03      2.32e-01    2.36e-01    3.0e-06
   1779      4.42e-01    4.73e-01      1.34e-03    1.74e-03      2.21e-01    2.37e-01    3.0e-06
   1782      4.64e-01    4.71e-01      5.91e-04    2.30e-03      2.32e-01    2.35e-01    3.0e-06
   1785      4.86e-01    4.76e-01      1.86e-03    2.24e-03      2.43e-01    2.38e-01    3.0e-06
   1788      4.28e-01    4.60e-01      1.36e-04    1.76e-03      2.14e-01    2.30e-01    3.0e-06
   1791      4.99e-01    4.72e-01      3.78e-03    2.02e-03      2.49e-01    2.36e-01    3.0e-06
   1794      5.01e-01    4.59e-01      3.10e-03    2.02e-03      2.50e-01    2.29e-01    3.0e-06
   1797      4.51e-01    4.68e-01      1.28e-03    2.22e-03      2.26e-01    2.34e-01    3.0e-06
   1800      4.07e-01    4.13e-01      2.74e-03    2.02e-03      2.30e-01    2.33e-01    2.1e-06
   1803      4.21e-01    4.19e-01      1.52e-03    2.13e-03      2.38e-01    2.37e-01    2.1e-06
   1806      3.79e-01    4.19e-01      2.28e-04    1.69e-03      2.14e-01    2.37e-01    2.1e-06
   1809      4.10e-01    4.17e-01      3.05e-03    2.20e-03      2.31e-01    2.36e-01    2.1e-06
   1812      4.10e-01    4.14e-01      6.11e-04    2.22e-03      2.32e-01    2.34e-01    2.1e-06
   1815      4.35e-01    4.19e-01      1.06e-03    2.18e-03      2.46e-01    2.37e-01    2.1e-06
   1818      4.06e-01    4.10e-01      1.47e-03    2.19e-03      2.30e-01    2.31e-01    2.1e-06
   1821      4.44e-01    4.21e-01      3.17e-03    1.83e-03      2.50e-01    2.38e-01    2.1e-06
   1824      3.91e-01    4.19e-01      1.39e-03    1.82e-03      2.21e-01    2.37e-01    2.1e-06
   1827      3.91e-01    4.14e-01      2.55e-04    2.25e-03      2.21e-01    2.34e-01    2.1e-06
   1830      4.15e-01    4.15e-01      2.43e-03    1.87e-03      2.34e-01    2.35e-01    2.1e-06
   1833      4.11e-01    4.15e-01      3.15e-03    2.13e-03      2.31e-01    2.34e-01    2.1e-06
   1836      4.00e-01    4.14e-01      1.18e-03    2.00e-03      2.26e-01    2.34e-01    2.1e-06
   1839      4.28e-01    4.10e-01      4.54e-05    2.08e-03      2.42e-01    2.31e-01    2.1e-06
   1842      4.25e-01    4.13e-01      1.14e-04    2.27e-03      2.41e-01    2.33e-01    2.1e-06
   1845      3.90e-01    4.16e-01      2.74e-03    1.94e-03      2.20e-01    2.35e-01    2.1e-06
   1848      4.30e-01    4.14e-01      1.78e-03    1.89e-03      2.43e-01    2.34e-01    2.1e-06
   1851      4.40e-01    4.14e-01      4.13e-03    1.77e-03      2.47e-01    2.34e-01    2.1e-06
   1854      4.13e-01    4.19e-01      3.90e-03    2.19e-03      2.32e-01    2.36e-01    2.1e-06
   1857      4.25e-01    4.11e-01      3.18e-03    2.00e-03      2.39e-01    2.32e-01    2.1e-06
   1860      4.67e-01    4.16e-01      8.88e-04    2.32e-03      2.64e-01    2.35e-01    2.1e-06
   1863      4.22e-01    4.11e-01      6.40e-04    2.32e-03      2.39e-01    2.32e-01    2.1e-06
   1866      3.99e-01    4.16e-01      1.39e-03    1.82e-03      2.26e-01    2.35e-01    2.1e-06
   1869      4.43e-01    4.17e-01      3.78e-03    2.23e-03      2.49e-01    2.35e-01    2.1e-06
   1872      4.11e-01    4.16e-01      1.21e-03    2.22e-03      2.32e-01    2.35e-01    2.1e-06
   1875      4.35e-01    4.15e-01      1.05e-03    2.10e-03      2.46e-01    2.34e-01    2.1e-06
   1878      4.11e-01    4.21e-01      1.13e-03    2.18e-03      2.32e-01    2.38e-01    2.1e-06
   1881      3.99e-01    4.21e-01      1.35e-03    2.07e-03      2.26e-01    2.38e-01    2.1e-06
   1884      4.10e-01    4.18e-01      5.94e-04    2.08e-03      2.32e-01    2.36e-01    2.1e-06
   1887      4.06e-01    4.12e-01      1.48e-03    1.43e-03      2.30e-01    2.33e-01    2.1e-06
   1890      4.43e-01    4.19e-01      3.77e-03    1.94e-03      2.49e-01    2.37e-01    2.1e-06
   1893      3.79e-01    4.18e-01      2.32e-04    2.10e-03      2.14e-01    2.36e-01    2.1e-06
   1896      4.43e-01    4.18e-01      3.12e-03    1.74e-03      2.50e-01    2.36e-01    2.1e-06
   1899      4.22e-01    4.20e-01      6.10e-04    2.37e-03      2.39e-01    2.37e-01    2.1e-06
   1902      3.81e-01    3.63e-01      3.23e-03    2.01e-03      2.39e-01    2.28e-01    1.5e-06
   1905      3.86e-01    3.81e-01      1.78e-03    2.10e-03      2.43e-01    2.40e-01    1.5e-06
   1908      3.81e-01    3.74e-01      9.71e-05    2.08e-03      2.41e-01    2.35e-01    1.5e-06
   1911      3.50e-01    3.75e-01      1.42e-03    2.25e-03      2.21e-01    2.36e-01    1.5e-06
   1914      3.59e-01    3.77e-01      1.08e-03    1.82e-03      2.26e-01    2.37e-01    1.5e-06
   1917      3.83e-01    3.77e-01      2.94e-06    1.85e-03      2.42e-01    2.37e-01    1.5e-06
   1920      3.69e-01    3.69e-01      3.11e-03    1.84e-03      2.31e-01    2.33e-01    1.5e-06
   1923      3.68e-01    3.78e-01      3.06e-03    2.21e-03      2.31e-01    2.38e-01    1.5e-06
   1926      3.73e-01    3.73e-01      2.49e-03    1.93e-03      2.34e-01    2.35e-01    1.5e-06
   1929      3.78e-01    3.81e-01      1.51e-03    1.64e-03      2.38e-01    2.40e-01    1.5e-06
   1932      3.71e-01    3.72e-01      3.86e-03    2.23e-03      2.32e-01    2.34e-01    1.5e-06
   1935      3.50e-01    3.74e-01      2.74e-03    1.99e-03      2.20e-01    2.35e-01    1.5e-06
   1938      4.18e-01    3.72e-01      9.36e-04    1.98e-03      2.64e-01    2.35e-01    1.5e-06
   1941      3.50e-01    3.74e-01      2.12e-04    2.15e-03      2.21e-01    2.35e-01    1.5e-06
   1944      3.66e-01    3.78e-01      2.73e-03    1.78e-03      2.30e-01    2.38e-01    1.5e-06
   1947      3.95e-01    3.77e-01      4.16e-03    1.98e-03      2.47e-01    2.37e-01    1.5e-06
   1950      3.59e-01    3.76e-01      1.06e-03    1.81e-03      2.26e-01    2.37e-01    1.5e-06
   1953      3.50e-01    3.71e-01      2.29e-04    2.39e-03      2.21e-01    2.33e-01    1.5e-06
   1956      3.40e-01    3.69e-01      2.52e-04    2.55e-03      2.14e-01    2.32e-01    1.5e-06
   1959      3.68e-01    3.76e-01      6.09e-04    2.15e-03      2.32e-01    2.37e-01    1.5e-06
   1962      3.82e-01    3.77e-01      3.30e-03    2.17e-03      2.39e-01    2.37e-01    1.5e-06
   1965      3.51e-01    3.72e-01      1.45e-03    2.22e-03      2.21e-01    2.34e-01    1.5e-06
   1968      4.18e-01    3.72e-01      8.85e-04    1.59e-03      2.64e-01    2.35e-01    1.5e-06
   1971      3.97e-01    3.76e-01      3.79e-03    2.04e-03      2.49e-01    2.37e-01    1.5e-06
   1974      3.78e-01    3.75e-01      1.52e-03    1.97e-03      2.38e-01    2.36e-01    1.5e-06
   1977      3.78e-01    3.75e-01      5.93e-04    2.01e-03      2.39e-01    2.36e-01    1.5e-06
   1980      3.67e-01    3.76e-01      3.02e-03    1.70e-03      2.31e-01    2.37e-01    1.5e-06
   1983      3.73e-01    3.73e-01      2.40e-03    2.13e-03      2.34e-01    2.35e-01    1.5e-06
   1986      3.90e-01    3.69e-01      1.05e-03    1.74e-03      2.46e-01    2.32e-01    1.5e-06
   1989      3.98e-01    3.69e-01      3.18e-03    2.26e-03      2.50e-01    2.32e-01    1.5e-06
   1992      3.66e-01    3.70e-01      2.72e-03    2.30e-03      2.30e-01    2.33e-01    1.5e-06
   1995      3.95e-01    3.76e-01      4.15e-03    2.04e-03      2.47e-01    2.37e-01    1.5e-06
   1998      3.81e-01    3.70e-01      1.60e-04    1.82e-03      2.41e-01    2.33e-01    1.5e-06
   2001      3.35e-01    3.40e-01      1.27e-03    2.24e-03      2.32e-01    2.35e-01    1.1e-06
   2004      3.31e-01    3.36e-01      1.47e-03    1.90e-03      2.30e-01    2.33e-01    1.1e-06
   2007      3.18e-01    3.43e-01      2.75e-03    1.79e-03      2.20e-01    2.38e-01    1.1e-06
   2010      3.25e-01    3.39e-01      1.33e-03    2.37e-03      2.26e-01    2.35e-01    1.1e-06
   2013      3.38e-01    3.33e-01      3.86e-03    2.26e-03      2.32e-01    2.30e-01    1.1e-06
   2016      3.48e-01    3.36e-01      3.58e-05    2.25e-03      2.42e-01    2.33e-01    1.1e-06
   2019      3.35e-01    3.44e-01      3.07e-03    1.65e-03      2.31e-01    2.38e-01    1.1e-06
   2022      3.51e-01    3.40e-01      1.78e-03    2.06e-03      2.43e-01    2.36e-01    1.1e-06
   2025      3.44e-01    3.41e-01      6.02e-04    1.96e-03      2.39e-01    2.36e-01    1.1e-06
   2028      3.34e-01    3.45e-01      3.02e-03    2.03e-03      2.31e-01    2.39e-01    1.1e-06
   2031      3.34e-01    3.41e-01      1.19e-03    1.85e-03      2.32e-01    2.37e-01    1.1e-06
   2034      3.31e-01    3.36e-01      1.49e-03    2.03e-03      2.30e-01    2.33e-01    1.1e-06
   2037      3.19e-01    3.36e-01      1.43e-03    1.65e-03      2.21e-01    2.33e-01    1.1e-06
   2040      3.43e-01    3.39e-01      1.52e-03    2.16e-03      2.38e-01    2.34e-01    1.1e-06
   2043      3.54e-01    3.39e-01      1.05e-03    1.87e-03      2.46e-01    2.35e-01    1.1e-06
   2046      3.38e-01    3.43e-01      3.84e-03    2.21e-03      2.32e-01    2.37e-01    1.1e-06
   2049      3.09e-01    3.43e-01      1.89e-04    2.16e-03      2.14e-01    2.38e-01    1.1e-06
   2052      3.62e-01    3.43e-01      3.81e-03    2.04e-03      2.49e-01    2.38e-01    1.1e-06
   2055      3.80e-01    3.35e-01      8.72e-04    2.09e-03      2.64e-01    2.32e-01    1.1e-06
   2058      3.18e-01    3.36e-01      1.93e-04    2.27e-03      2.21e-01    2.32e-01    1.1e-06
   2061      3.26e-01    3.43e-01      1.07e-03    1.84e-03      2.26e-01    2.38e-01    1.1e-06
   2064      3.32e-01    3.41e-01      2.70e-03    2.05e-03      2.30e-01    2.36e-01    1.1e-06
   2067      3.35e-01    3.41e-01      3.08e-03    2.01e-03      2.31e-01    2.37e-01    1.1e-06
   2070      3.62e-01    3.36e-01      3.16e-03    2.15e-03      2.50e-01    2.32e-01    1.1e-06
   2073      3.48e-01    3.38e-01      1.45e-05    1.55e-03      2.42e-01    2.35e-01    1.1e-06
   2076      3.39e-01    3.41e-01      2.46e-03    1.92e-03      2.34e-01    2.37e-01    1.1e-06
   2079      3.25e-01    3.37e-01      1.35e-03    2.08e-03      2.26e-01    2.34e-01    1.1e-06
   2082      3.51e-01    3.38e-01      1.79e-03    2.19e-03      2.43e-01    2.34e-01    1.1e-06
   2085      3.34e-01    3.39e-01      5.78e-04    2.06e-03      2.32e-01    2.35e-01    1.1e-06
   2088      3.47e-01    3.40e-01      3.27e-03    2.04e-03      2.39e-01    2.36e-01    1.1e-06
   2091      3.18e-01    3.35e-01      2.75e-03    2.12e-03      2.20e-01    2.32e-01    1.1e-06
   2094      3.60e-01    3.34e-01      4.16e-03    2.00e-03      2.47e-01    2.32e-01    1.1e-06
   2097      3.46e-01    3.44e-01      7.95e-05    1.95e-03      2.41e-01    2.38e-01    1.1e-06
   2100      3.09e-01    3.17e-01      2.99e-03    1.96e-03      2.31e-01    2.38e-01    7.6e-07
   2103      2.94e-01    3.08e-01      2.71e-03    1.91e-03      2.20e-01    2.31e-01    7.6e-07
   2106      3.08e-01    3.12e-01      6.70e-04    1.95e-03      2.32e-01    2.35e-01    7.6e-07
   2109      3.00e-01    3.12e-01      1.34e-03    2.17e-03      2.26e-01    2.34e-01    7.6e-07
   2112      3.17e-01    3.11e-01      1.54e-03    1.91e-03      2.38e-01    2.33e-01    7.6e-07
   2115      3.06e-01    3.10e-01      1.48e-03    2.07e-03      2.30e-01    2.33e-01    7.6e-07
   2118      2.93e-01    3.16e-01      1.87e-04    2.19e-03      2.21e-01    2.37e-01    7.6e-07
   2121      3.34e-01    3.09e-01      3.80e-03    1.97e-03      2.49e-01    2.32e-01    7.6e-07
   2124      3.12e-01    3.17e-01      3.83e-03    1.92e-03      2.32e-01    2.38e-01    7.6e-07
   2127      2.94e-01    3.08e-01      1.44e-03    1.82e-03      2.21e-01    2.31e-01    7.6e-07
   2130      3.20e-01    3.13e-01      3.24e-03    2.10e-03      2.39e-01    2.35e-01    7.6e-07
   2133      3.23e-01    3.14e-01      1.78e-03    2.09e-03      2.43e-01    2.36e-01    7.6e-07
   2136      3.33e-01    3.15e-01      4.16e-03    1.83e-03      2.47e-01    2.37e-01    7.6e-07
   2139      3.19e-01    3.12e-01      7.99e-05    1.97e-03      2.41e-01    2.34e-01    7.6e-07
   2142      2.85e-01    3.14e-01      2.44e-04    2.12e-03      2.14e-01    2.36e-01    7.6e-07
   2145      3.08e-01    3.10e-01      1.18e-03    1.74e-03      2.32e-01    2.33e-01    7.6e-07
   2148      3.10e-01    3.17e-01      3.09e-03    2.34e-03      2.31e-01    2.38e-01    7.6e-07
   2151      3.27e-01    3.15e-01      1.05e-03    2.21e-03      2.46e-01    2.36e-01    7.6e-07
   2154      3.21e-01    3.11e-01      4.38e-08    2.20e-03      2.42e-01    2.33e-01    7.6e-07
   2157      3.07e-01    3.06e-01      2.73e-03    1.75e-03      2.30e-01    2.30e-01    7.6e-07
   2160      3.01e-01    3.13e-01      1.12e-03    1.90e-03      2.26e-01    2.35e-01    7.6e-07
   2163      3.13e-01    3.12e-01      2.48e-03    1.69e-03      2.34e-01    2.35e-01    7.6e-07
   2166      3.34e-01    3.13e-01      3.18e-03    1.89e-03      2.50e-01    2.35e-01    7.6e-07
   2169      3.17e-01    3.12e-01      5.89e-04    2.31e-03      2.39e-01    2.34e-01    7.6e-07
   2172      3.51e-01    3.16e-01      9.22e-04    2.31e-03      2.64e-01    2.37e-01    7.6e-07
   2175      2.94e-01    3.11e-01      1.39e-03    1.92e-03      2.21e-01    2.34e-01    7.6e-07
   2178      3.10e-01    3.10e-01      3.09e-03    2.02e-03      2.31e-01    2.33e-01    7.6e-07
   2181      3.01e-01    3.11e-01      1.09e-03    2.01e-03      2.26e-01    2.34e-01    7.6e-07
   2184      3.09e-01    3.16e-01      3.06e-03    1.85e-03      2.31e-01    2.38e-01    7.6e-07
   2187      3.12e-01    3.11e-01      3.85e-03    2.08e-03      2.32e-01    2.34e-01    7.6e-07
   2190      3.07e-01    3.12e-01      2.75e-03    2.25e-03      2.30e-01    2.34e-01    7.6e-07
   2193      3.13e-01    3.15e-01      2.46e-03    2.07e-03      2.34e-01    2.36e-01    7.6e-07
   2196      2.85e-01    3.13e-01      2.19e-04    2.28e-03      2.14e-01    2.34e-01    7.6e-07
   2199      2.93e-01    3.12e-01      1.98e-04    2.00e-03      2.21e-01    2.34e-01    7.6e-07
   2202      3.03e-01    2.92e-01      1.80e-03    1.91e-03      2.43e-01    2.35e-01    5.4e-07
   2205      2.88e-01    2.91e-01      6.35e-04    2.26e-03      2.32e-01    2.33e-01    5.4e-07
   2208      2.75e-01    2.89e-01      2.73e-03    2.10e-03      2.20e-01    2.32e-01    5.4e-07
   2211      2.81e-01    2.97e-01      1.33e-03    1.93e-03      2.26e-01    2.39e-01    5.4e-07
   2214      3.28e-01    2.95e-01      9.08e-04    2.28e-03      2.64e-01    2.36e-01    5.4e-07
   2217      3.06e-01    2.95e-01      1.06e-03    2.05e-03      2.46e-01    2.36e-01    5.4e-07
   2220      3.00e-01    2.91e-01      4.09e-06    1.70e-03      2.42e-01    2.34e-01    5.4e-07
   2223      2.86e-01    2.95e-01      1.50e-03    1.98e-03      2.30e-01    2.37e-01    5.4e-07
   2226      3.12e-01    2.93e-01      4.16e-03    1.63e-03      2.47e-01    2.35e-01    5.4e-07
   2229      2.99e-01    2.95e-01      1.13e-04    1.68e-03      2.41e-01    2.37e-01    5.4e-07
   2232      3.13e-01    2.92e-01      3.79e-03    1.95e-03      2.49e-01    2.34e-01    5.4e-07
   2235      3.13e-01    2.91e-01      3.20e-03    2.07e-03      2.50e-01    2.34e-01    5.4e-07
   2238      2.96e-01    2.88e-01      6.42e-04    1.98e-03      2.39e-01    2.31e-01    5.4e-07
   2241      3.00e-01    2.95e-01      3.26e-03    1.77e-03      2.39e-01    2.37e-01    5.4e-07
   2244      2.96e-01    2.93e-01      1.54e-03    2.27e-03      2.38e-01    2.35e-01    5.4e-07
   2247      2.89e-01    2.95e-01      1.20e-03    2.34e-03      2.32e-01    2.37e-01    5.4e-07
   2250      3.06e-01    2.96e-01      1.04e-03    2.19e-03      2.46e-01    2.38e-01    5.4e-07
   2253      2.96e-01    2.95e-01      6.05e-04    2.06e-03      2.39e-01    2.37e-01    5.4e-07
   2256      2.81e-01    2.93e-01      1.32e-03    2.12e-03      2.26e-01    2.35e-01    5.4e-07
   2259      2.66e-01    2.93e-01      2.69e-04    2.21e-03      2.14e-01    2.35e-01    5.4e-07
   2262      3.28e-01    2.95e-01      9.33e-04    2.09e-03      2.64e-01    2.37e-01    5.4e-07
   2265      3.13e-01    2.94e-01      3.15e-03    2.15e-03      2.50e-01    2.35e-01    5.4e-07
   2268      3.03e-01    2.91e-01      1.76e-03    1.80e-03      2.43e-01    2.34e-01    5.4e-07
   2271      3.00e-01    2.93e-01      3.25e-03    2.09e-03      2.39e-01    2.35e-01    5.4e-07
   2274      2.89e-01    2.92e-01      3.06e-03    2.04e-03      2.31e-01    2.34e-01    5.4e-07
   2277      2.96e-01    2.96e-01      1.53e-03    2.06e-03      2.38e-01    2.37e-01    5.4e-07
   2280      2.74e-01    2.95e-01      1.98e-04    1.81e-03      2.21e-01    2.37e-01    5.4e-07
   2283      2.89e-01    2.94e-01      1.24e-03    1.80e-03      2.32e-01    2.36e-01    5.4e-07
   2286      2.93e-01    2.90e-01      2.49e-03    1.90e-03      2.34e-01    2.33e-01    5.4e-07
   2289      3.00e-01    2.97e-01      3.94e-06    1.84e-03      2.42e-01    2.38e-01    5.4e-07
   2292      2.88e-01    2.97e-01      6.39e-04    1.90e-03      2.32e-01    2.38e-01    5.4e-07
   2295      2.75e-01    2.93e-01      1.40e-03    2.11e-03      2.21e-01    2.35e-01    5.4e-07
   2298      2.90e-01    2.90e-01      3.10e-03    2.13e-03      2.31e-01    2.33e-01    5.4e-07
   2301      2.83e-01    2.80e-01      1.04e-04    2.08e-03      2.41e-01    2.37e-01    3.8e-07
   2304      2.67e-01    2.78e-01      1.08e-03    1.62e-03      2.26e-01    2.36e-01    3.8e-07
   2307      2.97e-01    2.81e-01      3.77e-03    2.44e-03      2.49e-01    2.37e-01    3.8e-07
   2310      2.71e-01    2.79e-01      1.50e-03    1.89e-03      2.30e-01    2.36e-01    3.8e-07
   2313      2.96e-01    2.76e-01      4.15e-03    2.26e-03      2.47e-01    2.33e-01    3.8e-07
   2316      2.73e-01    2.80e-01      2.73e-03    2.11e-03      2.30e-01    2.37e-01    3.8e-07
   2319      2.78e-01    2.74e-01      3.86e-03    1.82e-03      2.32e-01    2.32e-01    3.8e-07
   2322      2.61e-01    2.79e-01      2.76e-03    1.71e-03      2.20e-01    2.36e-01    3.8e-07
   2325      2.66e-01    2.80e-01      1.37e-03    1.91e-03      2.26e-01    2.37e-01    3.8e-07
   2328      2.87e-01    2.81e-01      1.80e-03    1.90e-03      2.43e-01    2.38e-01    3.8e-07
   2331      2.97e-01    2.74e-01      3.19e-03    1.93e-03      2.50e-01    2.32e-01    3.8e-07
   2334      2.73e-01    2.79e-01      2.74e-03    1.92e-03      2.30e-01    2.36e-01    3.8e-07
   2337      2.60e-01    2.79e-01      2.05e-04    1.59e-03      2.21e-01    2.37e-01    3.8e-07
   2340      2.75e-01    2.78e-01      3.11e-03    1.90e-03      2.31e-01    2.36e-01    3.8e-07
   2343      2.81e-01    2.78e-01      6.07e-04    1.71e-03      2.39e-01    2.35e-01    3.8e-07
   2346      2.97e-01    2.75e-01      3.77e-03    1.81e-03      2.49e-01    2.33e-01    3.8e-07
   2349      2.78e-01    2.74e-01      2.46e-03    1.62e-03      2.34e-01    2.32e-01    3.8e-07
   2352      2.67e-01    2.78e-01      1.09e-03    1.88e-03      2.26e-01    2.36e-01    3.8e-07
   2355      2.71e-01    2.79e-01      1.51e-03    2.23e-03      2.30e-01    2.36e-01    3.8e-07
   2358      2.81e-01    2.82e-01      1.56e-03    1.97e-03      2.38e-01    2.39e-01    3.8e-07
   2361      2.83e-01    2.79e-01      9.46e-05    1.97e-03      2.41e-01    2.36e-01    3.8e-07
   2364      2.74e-01    2.77e-01      3.03e-03    2.00e-03      2.31e-01    2.34e-01    3.8e-07
   2367      2.61e-01    2.78e-01      2.75e-03    2.23e-03      2.20e-01    2.35e-01    3.8e-07
   2370      2.85e-01    2.79e-01      6.94e-06    2.02e-03      2.42e-01    2.36e-01    3.8e-07
   2373      3.11e-01    2.77e-01      8.99e-04    2.18e-03      2.64e-01    2.35e-01    3.8e-07
   2376      2.78e-01    2.74e-01      3.85e-03    1.88e-03      2.32e-01    2.32e-01    3.8e-07
   2379      2.74e-01    2.79e-01      1.21e-03    2.32e-03      2.32e-01    2.35e-01    3.8e-07
   2382      2.73e-01    2.78e-01      6.28e-04    2.41e-03      2.32e-01    2.35e-01    3.8e-07
   2385      2.85e-01    2.75e-01      3.24e-03    1.88e-03      2.39e-01    2.33e-01    3.8e-07
   2388      2.52e-01    2.78e-01      2.41e-04    1.76e-03      2.14e-01    2.36e-01    3.8e-07
   2391      2.61e-01    2.81e-01      1.41e-03    1.97e-03      2.21e-01    2.38e-01    3.8e-07
   2394      2.90e-01    2.80e-01      1.05e-03    1.96e-03      2.46e-01    2.37e-01    3.8e-07
   2397      2.96e-01    2.75e-01      4.17e-03    1.51e-03      2.47e-01    2.33e-01    3.8e-07
   2400      2.42e-01    2.65e-01      2.31e-04    1.72e-03      2.14e-01    2.34e-01    2.7e-07
   2403      2.78e-01    2.68e-01      1.06e-03    2.04e-03      2.46e-01    2.36e-01    2.7e-07
   2406      2.73e-01    2.67e-01      3.24e-03    2.19e-03      2.39e-01    2.35e-01    2.7e-07
   2409      2.85e-01    2.66e-01      3.17e-03    2.20e-03      2.50e-01    2.34e-01    2.7e-07
   2412      2.62e-01    2.65e-01      1.21e-03    1.98e-03      2.32e-01    2.33e-01    2.7e-07
   2415      2.49e-01    2.69e-01      2.12e-04    2.35e-03      2.21e-01    2.37e-01    2.7e-07
   2418      2.84e-01    2.61e-01      4.17e-03    1.88e-03      2.47e-01    2.30e-01    2.7e-07
   2421      2.50e-01    2.63e-01      1.42e-03    2.09e-03      2.21e-01    2.31e-01    2.7e-07
   2424      2.72e-01    2.65e-01      1.08e-04    2.13e-03      2.41e-01    2.34e-01    2.7e-07
   2427      2.60e-01    2.66e-01      1.50e-03    2.36e-03      2.30e-01    2.34e-01    2.7e-07
   2430      2.55e-01    2.66e-01      1.34e-03    1.93e-03      2.26e-01    2.35e-01    2.7e-07
   2433      2.69e-01    2.67e-01      1.55e-03    2.18e-03      2.38e-01    2.35e-01    2.7e-07
   2436      2.75e-01    2.69e-01      1.78e-03    1.79e-03      2.43e-01    2.37e-01    2.7e-07
   2439      2.62e-01    2.62e-01      6.26e-04    1.81e-03      2.32e-01    2.32e-01    2.7e-07
   2442      2.64e-01    2.66e-01      3.12e-03    2.26e-03      2.31e-01    2.34e-01    2.7e-07
   2445      2.69e-01    2.73e-01      6.15e-04    2.57e-03      2.39e-01    2.40e-01    2.7e-07
   2448      2.56e-01    2.63e-01      1.09e-03    2.41e-03      2.26e-01    2.31e-01    2.7e-07
   2451      2.67e-01    2.68e-01      3.86e-03    2.39e-03      2.32e-01    2.36e-01    2.7e-07
   2454      2.63e-01    2.69e-01      3.05e-03    1.90e-03      2.31e-01    2.37e-01    2.7e-07
   2457      2.50e-01    2.66e-01      2.76e-03    1.85e-03      2.20e-01    2.35e-01    2.7e-07
   2460      2.85e-01    2.71e-01      3.78e-03    2.15e-03      2.49e-01    2.39e-01    2.7e-07
   2463      2.98e-01    2.72e-01      8.99e-04    2.06e-03      2.64e-01    2.40e-01    2.7e-07
   2466      2.73e-01    2.66e-01      3.42e-06    1.93e-03      2.42e-01    2.35e-01    2.7e-07
   2469      2.62e-01    2.65e-01      2.73e-03    1.66e-03      2.30e-01    2.34e-01    2.7e-07
   2472      2.66e-01    2.62e-01      2.46e-03    1.82e-03      2.34e-01    2.31e-01    2.7e-07
   2475      2.73e-01    2.68e-01      2.64e-06    1.51e-03      2.42e-01    2.37e-01    2.7e-07
   2478      2.56e-01    2.64e-01      1.09e-03    2.36e-03      2.26e-01    2.33e-01    2.7e-07
   2481      2.62e-01    2.64e-01      1.20e-03    1.74e-03      2.32e-01    2.33e-01    2.7e-07
   2484      2.85e-01    2.66e-01      3.77e-03    1.74e-03      2.49e-01    2.35e-01    2.7e-07
   2487      2.63e-01    2.63e-01      3.03e-03    2.23e-03      2.31e-01    2.32e-01    2.7e-07
   2490      2.50e-01    2.66e-01      2.73e-03    2.01e-03      2.20e-01    2.34e-01    2.7e-07
   2493      2.69e-01    2.66e-01      5.94e-04    1.59e-03      2.39e-01    2.35e-01    2.7e-07
   2496      2.84e-01    2.68e-01      4.16e-03    2.01e-03      2.47e-01    2.36e-01    2.7e-07
   2499      2.50e-01    2.69e-01      1.41e-03    2.24e-03      2.21e-01    2.37e-01    2.7e-07
   2502      2.54e-01    2.58e-01      2.73e-03    1.64e-03      2.30e-01    2.35e-01    1.9e-07
   2505      2.47e-01    2.61e-01      1.35e-03    2.07e-03      2.26e-01    2.38e-01    1.9e-07
   2508      2.76e-01    2.57e-01      3.17e-03    1.84e-03      2.50e-01    2.34e-01    1.9e-07
   2511      2.52e-01    2.56e-01      1.49e-03    1.63e-03      2.30e-01    2.33e-01    1.9e-07
   2514      2.65e-01    2.61e-01      3.24e-03    2.24e-03      2.39e-01    2.38e-01    1.9e-07
   2517      2.63e-01    2.59e-01      1.12e-04    2.18e-03      2.41e-01    2.36e-01    1.9e-07
   2520      2.67e-01    2.60e-01      1.79e-03    2.15e-03      2.43e-01    2.36e-01    1.9e-07
   2523      2.61e-01    2.59e-01      1.54e-03    2.05e-03      2.38e-01    2.36e-01    1.9e-07
   2526      2.56e-01    2.57e-01      3.11e-03    1.99e-03      2.31e-01    2.34e-01    1.9e-07
   2529      2.34e-01    2.54e-01      2.30e-04    2.06e-03      2.14e-01    2.31e-01    1.9e-07
   2532      2.58e-01    2.58e-01      2.47e-03    2.09e-03      2.34e-01    2.35e-01    1.9e-07
   2535      2.89e-01    2.56e-01      9.01e-04    1.80e-03      2.64e-01    2.33e-01    1.9e-07
   2538      2.54e-01    2.58e-01      6.19e-04    2.18e-03      2.32e-01    2.35e-01    1.9e-07
   2541      2.69e-01    2.58e-01      1.05e-03    2.28e-03      2.46e-01    2.34e-01    1.9e-07
   2544      2.41e-01    2.59e-01      2.08e-04    2.05e-03      2.21e-01    2.36e-01    1.9e-07
   2547      2.59e-01    2.61e-01      3.85e-03    1.70e-03      2.32e-01    2.38e-01    1.9e-07
   2550      2.61e-01    2.62e-01      1.55e-03    2.18e-03      2.38e-01    2.38e-01    1.9e-07
   2553      2.54e-01    2.60e-01      2.73e-03    2.08e-03      2.30e-01    2.37e-01    1.9e-07
   2556      2.55e-01    2.57e-01      3.05e-03    2.24e-03      2.31e-01    2.34e-01    1.9e-07
   2559      2.41e-01    2.55e-01      2.12e-04    1.61e-03      2.21e-01    2.32e-01    1.9e-07
   2562      2.54e-01    2.58e-01      1.20e-03    2.05e-03      2.32e-01    2.35e-01    1.9e-07
   2565      2.56e-01    2.56e-01      3.10e-03    2.01e-03      2.31e-01    2.33e-01    1.9e-07
   2568      2.54e-01    2.56e-01      6.29e-04    2.20e-03      2.32e-01    2.33e-01    1.9e-07
   2571      2.61e-01    2.60e-01      6.09e-04    2.13e-03      2.39e-01    2.36e-01    1.9e-07
   2574      2.59e-01    2.57e-01      3.86e-03    2.07e-03      2.32e-01    2.34e-01    1.9e-07
   2577      2.34e-01    2.58e-01      2.38e-04    2.06e-03      2.14e-01    2.35e-01    1.9e-07
   2580      2.76e-01    2.51e-01      4.16e-03    2.05e-03      2.47e-01    2.29e-01    1.9e-07
   2583      2.48e-01    2.59e-01      1.09e-03    2.07e-03      2.26e-01    2.35e-01    1.9e-07
   2586      2.76e-01    2.55e-01      3.78e-03    2.16e-03      2.49e-01    2.32e-01    1.9e-07
   2589      2.58e-01    2.59e-01      2.47e-03    2.47e-03      2.34e-01    2.35e-01    1.9e-07
   2592      2.42e-01    2.56e-01      1.42e-03    2.12e-03      2.21e-01    2.33e-01    1.9e-07
   2595      2.47e-01    2.59e-01      1.35e-03    2.26e-03      2.26e-01    2.35e-01    1.9e-07
   2598      2.43e-01    2.58e-01      2.76e-03    2.20e-03      2.20e-01    2.35e-01    1.9e-07
   2601      2.70e-01    2.55e-01      3.17e-03    2.00e-03      2.50e-01    2.37e-01    1.4e-07
   2604      2.58e-01    2.53e-01      5.85e-06    2.00e-03      2.42e-01    2.36e-01    1.4e-07
   2607      2.60e-01    2.51e-01      1.79e-03    1.95e-03      2.43e-01    2.34e-01    1.4e-07
   2610      2.63e-01    2.52e-01      1.05e-03    2.06e-03      2.46e-01    2.35e-01    1.4e-07
   2613      2.57e-01    2.51e-01      1.06e-04    2.40e-03      2.41e-01    2.33e-01    1.4e-07
   2616      2.59e-01    2.51e-01      3.24e-03    1.98e-03      2.39e-01    2.34e-01    1.4e-07
   2619      2.46e-01    2.53e-01      1.50e-03    1.86e-03      2.30e-01    2.36e-01    1.4e-07
   2622      2.82e-01    2.52e-01      9.15e-04    1.90e-03      2.64e-01    2.35e-01    1.4e-07
   2625      2.42e-01    2.51e-01      1.08e-03    2.54e-03      2.26e-01    2.33e-01    1.4e-07
   2628      2.29e-01    2.55e-01      2.41e-04    2.21e-03      2.14e-01    2.38e-01    1.4e-07
   2631      2.49e-01    2.53e-01      3.04e-03    1.91e-03      2.31e-01    2.36e-01    1.4e-07
   2634      2.58e-01    2.51e-01      5.49e-06    1.87e-03      2.42e-01    2.34e-01    1.4e-07
   2637      2.63e-01    2.54e-01      1.06e-03    1.94e-03      2.46e-01    2.37e-01    1.4e-07
   2640      2.69e-01    2.55e-01      4.17e-03    2.22e-03      2.47e-01    2.37e-01    1.4e-07
   2643      2.70e-01    2.49e-01      3.17e-03    2.07e-03      2.50e-01    2.32e-01    1.4e-07
   2646      2.60e-01    2.51e-01      1.79e-03    1.88e-03      2.43e-01    2.34e-01    1.4e-07
   2649      2.82e-01    2.53e-01      8.99e-04    1.52e-03      2.64e-01    2.37e-01    1.4e-07
   2652      2.41e-01    2.55e-01      1.35e-03    2.16e-03      2.26e-01    2.37e-01    1.4e-07
   2655      2.50e-01    2.52e-01      3.11e-03    1.92e-03      2.31e-01    2.35e-01    1.4e-07
   2658      2.57e-01    2.52e-01      1.06e-04    1.74e-03      2.41e-01    2.35e-01    1.4e-07
   2661      2.48e-01    2.53e-01      1.20e-03    1.96e-03      2.32e-01    2.36e-01    1.4e-07
   2664      2.59e-01    2.55e-01      3.24e-03    2.24e-03      2.39e-01    2.37e-01    1.4e-07
   2667      2.55e-01    2.50e-01      6.07e-04    2.33e-03      2.39e-01    2.33e-01    1.4e-07
   2670      2.52e-01    2.50e-01      2.46e-03    1.98e-03      2.34e-01    2.34e-01    1.4e-07
   2673      2.55e-01    2.51e-01      1.55e-03    2.04e-03      2.38e-01    2.34e-01    1.4e-07
   2676      2.48e-01    2.51e-01      2.74e-03    1.76e-03      2.30e-01    2.35e-01    1.4e-07
   2679      2.37e-01    2.54e-01      2.76e-03    2.06e-03      2.20e-01    2.36e-01    1.4e-07
   2682      2.70e-01    2.51e-01      3.78e-03    2.23e-03      2.49e-01    2.34e-01    1.4e-07
   2685      2.46e-01    2.55e-01      1.50e-03    2.25e-03      2.30e-01    2.38e-01    1.4e-07
   2688      2.53e-01    2.48e-01      3.85e-03    2.03e-03      2.32e-01    2.31e-01    1.4e-07
   2691      2.48e-01    2.51e-01      6.25e-04    1.86e-03      2.32e-01    2.34e-01    1.4e-07
   2694      2.36e-01    2.56e-01      1.42e-03    2.42e-03      2.21e-01    2.38e-01    1.4e-07
   2697      2.36e-01    2.53e-01      2.13e-04    1.70e-03      2.21e-01    2.37e-01    1.4e-07
   2700      2.33e-01    2.47e-01      2.76e-03    1.90e-03      2.20e-01    2.35e-01    9.8e-08
   2703      2.48e-01    2.48e-01      2.46e-03    1.65e-03      2.34e-01    2.35e-01    9.8e-08
   2706      2.66e-01    2.50e-01      3.77e-03    1.84e-03      2.49e-01    2.38e-01    9.8e-08
   2709      2.77e-01    2.49e-01      9.05e-04    2.27e-03      2.64e-01    2.36e-01    9.8e-08
   2712      2.65e-01    2.48e-01      4.17e-03    2.21e-03      2.47e-01    2.35e-01    9.8e-08
   2715      2.49e-01    2.50e-01      3.85e-03    2.13e-03      2.32e-01    2.37e-01    9.8e-08
   2718      2.44e-01    2.50e-01      1.20e-03    1.75e-03      2.32e-01    2.37e-01    9.8e-08
   2721      2.54e-01    2.49e-01      2.21e-06    2.38e-03      2.42e-01    2.36e-01    9.8e-08
   2724      2.58e-01    2.50e-01      1.05e-03    2.10e-03      2.46e-01    2.37e-01    9.8e-08
   2727      2.37e-01    2.47e-01      1.35e-03    2.00e-03      2.26e-01    2.34e-01    9.8e-08
   2730      2.52e-01    2.50e-01      1.05e-04    2.16e-03      2.41e-01    2.37e-01    9.8e-08
   2733      2.25e-01    2.46e-01      2.36e-04    1.85e-03      2.14e-01    2.33e-01    9.8e-08
   2736      2.32e-01    2.46e-01      1.42e-03    2.08e-03      2.21e-01    2.33e-01    9.8e-08
   2739      2.56e-01    2.47e-01      1.78e-03    2.33e-03      2.43e-01    2.34e-01    9.8e-08
   2742      2.43e-01    2.47e-01      2.73e-03    1.83e-03      2.30e-01    2.34e-01    9.8e-08
   2745      2.54e-01    2.50e-01      3.24e-03    2.19e-03      2.39e-01    2.37e-01    9.8e-08
   2748      2.32e-01    2.49e-01      2.09e-04    2.03e-03      2.21e-01    2.36e-01    9.8e-08
   2751      2.45e-01    2.47e-01      3.04e-03    1.97e-03      2.31e-01    2.34e-01    9.8e-08
   2754      2.50e-01    2.50e-01      6.07e-04    2.06e-03      2.39e-01    2.37e-01    9.8e-08
   2757      2.50e-01    2.51e-01      1.55e-03    1.92e-03      2.38e-01    2.38e-01    9.8e-08
   2760      2.43e-01    2.51e-01      6.21e-04    1.58e-03      2.32e-01    2.39e-01    9.8e-08
   2763      2.38e-01    2.46e-01      1.09e-03    2.21e-03      2.26e-01    2.33e-01    9.8e-08
   2766      2.42e-01    2.48e-01      1.50e-03    1.73e-03      2.30e-01    2.36e-01    9.8e-08
   2769      2.46e-01    2.51e-01      3.11e-03    1.82e-03      2.31e-01    2.39e-01    9.8e-08
   2772      2.65e-01    2.48e-01      3.17e-03    1.96e-03      2.50e-01    2.35e-01    9.8e-08
   2775      2.52e-01    2.46e-01      1.09e-04    2.08e-03      2.41e-01    2.34e-01    9.8e-08
   2778      2.54e-01    2.47e-01      3.24e-03    1.85e-03      2.39e-01    2.34e-01    9.8e-08
   2781      2.58e-01    2.47e-01      1.05e-03    1.89e-03      2.46e-01    2.34e-01    9.8e-08
   2784      2.42e-01    2.47e-01      1.50e-03    2.20e-03      2.30e-01    2.34e-01    9.8e-08
   2787      2.54e-01    2.49e-01      5.38e-06    2.17e-03      2.42e-01    2.36e-01    9.8e-08
   2790      2.66e-01    2.48e-01      3.77e-03    2.20e-03      2.49e-01    2.35e-01    9.8e-08
   2793      2.45e-01    2.48e-01      3.04e-03    1.99e-03      2.31e-01    2.35e-01    9.8e-08
   2796      2.25e-01    2.52e-01      2.35e-04    2.26e-03      2.14e-01    2.39e-01    9.8e-08
   2799      2.65e-01    2.46e-01      3.17e-03    1.77e-03      2.50e-01    2.34e-01    9.8e-08
   2802      2.30e-01    2.45e-01      2.75e-03    2.22e-03      2.20e-01    2.35e-01    7.0e-08
   2805      2.40e-01    2.47e-01      6.25e-04    1.75e-03      2.32e-01    2.37e-01    7.0e-08
   2808      2.29e-01    2.47e-01      2.14e-04    2.42e-03      2.21e-01    2.36e-01    7.0e-08
   2811      2.40e-01    2.45e-01      2.73e-03    1.89e-03      2.30e-01    2.35e-01    7.0e-08
   2814      2.45e-01    2.43e-01      2.46e-03    2.56e-03      2.34e-01    2.32e-01    7.0e-08
   2817      2.43e-01    2.43e-01      3.11e-03    2.33e-03      2.31e-01    2.33e-01    7.0e-08
   2820      2.41e-01    2.46e-01      1.20e-03    1.71e-03      2.32e-01    2.37e-01    7.0e-08
   2823      2.62e-01    2.43e-01      4.16e-03    2.02e-03      2.47e-01    2.34e-01    7.0e-08
   2826      2.34e-01    2.44e-01      1.35e-03    1.83e-03      2.26e-01    2.35e-01    7.0e-08
   2829      2.47e-01    2.44e-01      6.07e-04    1.86e-03      2.39e-01    2.35e-01    7.0e-08
   2832      2.53e-01    2.44e-01      1.78e-03    2.03e-03      2.43e-01    2.34e-01    7.0e-08
   2835      2.73e-01    2.47e-01      9.07e-04    1.71e-03      2.64e-01    2.38e-01    7.0e-08
   2838      2.35e-01    2.45e-01      1.08e-03    1.85e-03      2.26e-01    2.35e-01    7.0e-08
   2841      2.45e-01    2.41e-01      3.86e-03    1.67e-03      2.32e-01    2.32e-01    7.0e-08
   2844      2.47e-01    2.45e-01      1.55e-03    2.04e-03      2.38e-01    2.36e-01    7.0e-08
   2847      2.29e-01    2.43e-01      1.42e-03    2.09e-03      2.21e-01    2.34e-01    7.0e-08
   2850      2.53e-01    2.49e-01      1.78e-03    2.20e-03      2.43e-01    2.40e-01    7.0e-08
   2853      2.35e-01    2.46e-01      1.09e-03    1.71e-03      2.26e-01    2.37e-01    7.0e-08
   2856      2.43e-01    2.42e-01      3.11e-03    2.14e-03      2.31e-01    2.33e-01    7.0e-08
   2859      2.49e-01    2.45e-01      1.06e-04    2.25e-03      2.41e-01    2.36e-01    7.0e-08
   2862      2.40e-01    2.45e-01      2.73e-03    2.41e-03      2.30e-01    2.35e-01    7.0e-08
   2865      2.45e-01    2.46e-01      3.85e-03    1.98e-03      2.32e-01    2.37e-01    7.0e-08
   2868      2.47e-01    2.42e-01      1.55e-03    2.09e-03      2.38e-01    2.33e-01    7.0e-08
   2871      2.30e-01    2.45e-01      2.75e-03    2.15e-03      2.20e-01    2.36e-01    7.0e-08
   2874      2.29e-01    2.47e-01      1.42e-03    2.14e-03      2.21e-01    2.37e-01    7.0e-08
   2877      2.22e-01    2.47e-01      2.33e-04    2.25e-03      2.14e-01    2.38e-01    7.0e-08
   2880      2.40e-01    2.44e-01      6.21e-04    2.37e-03      2.32e-01    2.34e-01    7.0e-08
   2883      2.50e-01    2.46e-01      2.46e-06    2.34e-03      2.42e-01    2.36e-01    7.0e-08
   2886      2.41e-01    2.47e-01      1.20e-03    2.22e-03      2.32e-01    2.38e-01    7.0e-08
   2889      2.45e-01    2.43e-01      2.46e-03    1.79e-03      2.34e-01    2.34e-01    7.0e-08
   2892      2.34e-01    2.44e-01      1.35e-03    1.77e-03      2.26e-01    2.35e-01    7.0e-08
   2895      2.47e-01    2.45e-01      6.07e-04    2.32e-03      2.39e-01    2.35e-01    7.0e-08
   2898      2.62e-01    2.44e-01      3.17e-03    1.92e-03      2.50e-01    2.35e-01    7.0e-08
   2901      2.49e-01    2.44e-01      3.23e-03    2.14e-03      2.39e-01    2.37e-01    4.9e-08
   2904      2.52e-01    2.41e-01      1.05e-03    1.88e-03      2.46e-01    2.34e-01    4.9e-08
   2907      2.36e-01    2.42e-01      1.50e-03    2.35e-03      2.30e-01    2.34e-01    4.9e-08
   2910      2.26e-01    2.44e-01      2.12e-04    1.90e-03      2.21e-01    2.37e-01    4.9e-08
   2913      2.40e-01    2.39e-01      3.04e-03    1.77e-03      2.31e-01    2.33e-01    4.9e-08
   2916      2.71e-01    2.40e-01      9.03e-04    1.92e-03      2.64e-01    2.33e-01    4.9e-08
   2919      2.60e-01    2.38e-01      3.78e-03    1.92e-03      2.49e-01    2.31e-01    4.9e-08
   2922      2.59e-01    2.41e-01      4.17e-03    2.07e-03      2.47e-01    2.33e-01    4.9e-08
   2925      2.50e-01    2.42e-01      1.79e-03    1.99e-03      2.43e-01    2.35e-01    4.9e-08
   2928      2.38e-01    2.42e-01      6.20e-04    1.72e-03      2.32e-01    2.36e-01    4.9e-08
   2931      2.45e-01    2.42e-01      6.13e-04    2.18e-03      2.39e-01    2.34e-01    4.9e-08
   2934      2.20e-01    2.42e-01      2.34e-04    2.28e-03      2.14e-01    2.35e-01    4.9e-08
   2937      2.59e-01    2.39e-01      3.17e-03    2.06e-03      2.50e-01    2.32e-01    4.9e-08
   2940      2.28e-01    2.39e-01      2.76e-03    1.72e-03      2.20e-01    2.32e-01    4.9e-08
   2943      2.42e-01    2.43e-01      2.46e-03    2.33e-03      2.34e-01    2.35e-01    4.9e-08
   2946      2.48e-01    2.46e-01      2.78e-06    2.20e-03      2.42e-01    2.38e-01    4.9e-08
   2949      2.71e-01    2.42e-01      9.03e-04    2.34e-03      2.64e-01    2.34e-01    4.9e-08
   2952      2.52e-01    2.42e-01      1.05e-03    2.07e-03      2.46e-01    2.34e-01    4.9e-08
   2955      2.26e-01    2.44e-01      2.10e-04    2.08e-03      2.21e-01    2.36e-01    4.9e-08
   2958      2.40e-01    2.43e-01      3.11e-03    2.01e-03      2.31e-01    2.35e-01    4.9e-08
   2961      2.45e-01    2.42e-01      1.55e-03    1.75e-03      2.38e-01    2.35e-01    4.9e-08
   2964      2.59e-01    2.42e-01      4.17e-03    1.95e-03      2.47e-01    2.35e-01    4.9e-08
   2967      2.38e-01    2.44e-01      1.20e-03    2.24e-03      2.32e-01    2.36e-01    4.9e-08
   2970      2.38e-01    2.42e-01      2.73e-03    1.74e-03      2.30e-01    2.35e-01    4.9e-08
   2973      2.43e-01    2.45e-01      3.86e-03    1.86e-03      2.32e-01    2.38e-01    4.9e-08
   2976      2.49e-01    2.43e-01      3.23e-03    1.62e-03      2.39e-01    2.36e-01    4.9e-08
   2979      2.27e-01    2.38e-01      1.42e-03    1.97e-03      2.21e-01    2.31e-01    4.9e-08
   2982      2.60e-01    2.44e-01      3.77e-03    2.04e-03      2.49e-01    2.36e-01    4.9e-08
   2985      2.32e-01    2.45e-01      1.09e-03    1.94e-03      2.26e-01    2.38e-01    4.9e-08
   2988      2.40e-01    2.38e-01      3.04e-03    2.13e-03      2.31e-01    2.31e-01    4.9e-08
   2991      2.36e-01    2.40e-01      1.50e-03    2.10e-03      2.30e-01    2.33e-01    4.9e-08
   2994      2.47e-01    2.41e-01      1.08e-04    2.27e-03      2.41e-01    2.33e-01    4.9e-08
   2997      2.32e-01    2.44e-01      1.35e-03    2.27e-03      2.26e-01    2.37e-01    4.9e-08
   3000      2.36e-01    2.41e-01      6.23e-04    2.19e-03      2.32e-01    2.35e-01    3.5e-08
