#  step      rmse_val    rmse_trn    rmse_e_val  rmse_e_trn    rmse_f_val  rmse_f_trn         lr
      0      3.21e+01    3.12e+01      4.47e-01    4.46e-01      1.01e+00    9.88e-01    1.0e-03
      9      3.18e+01    3.03e+01      1.71e-01    1.74e-01      1.01e+00    9.59e-01    1.0e-03
     18      2.97e+01    2.88e+01      6.98e-02    6.78e-02      9.39e-01    9.11e-01    1.0e-03
     27      2.90e+01    2.81e+01      3.78e-02    3.46e-02      9.18e-01    8.89e-01    1.0e-03
     36      2.87e+01    2.74e+01      3.30e-02    3.11e-02      9.09e-01    8.65e-01    1.0e-03
     45      2.71e+01    2.70e+01      1.75e-02    1.72e-02      8.56e-01    8.53e-01    1.0e-03
     54      2.64e+01    2.57e+01      8.76e-03    8.81e-03      8.35e-01    8.11e-01    1.0e-03
     63      2.38e+01    2.32e+01      4.45e-03    5.26e-03      7.54e-01    7.33e-01    1.0e-03
     72      2.32e+01    2.25e+01      2.55e-01    2.57e-01      7.33e-01    7.12e-01    1.0e-03
     81      1.98e+01    1.95e+01      1.74e-01    1.75e-01      6.27e-01    6.15e-01    1.0e-03
     90      1.89e+01    1.84e+01      1.13e-01    1.13e-01      5.96e-01    5.83e-01    1.0e-03
     99      1.70e+01    1.70e+01      1.48e-01    1.50e-01      5.38e-01    5.39e-01    1.0e-03
    108      1.53e+01    1.52e+01      1.90e-01    1.91e-01      4.84e-01    4.82e-01    1.0e-03
    117      1.41e+01    1.37e+01      3.01e-01    3.02e-01      4.46e-01    4.32e-01    1.0e-03
    126      1.23e+01    1.21e+01      2.46e-01    2.46e-01      3.90e-01    3.82e-01    1.0e-03
    135      1.25e+01    1.23e+01      4.01e-02    4.03e-02      3.96e-01    3.88e-01    1.0e-03
    144      1.05e+01    1.03e+01      1.52e-01    1.51e-01      3.31e-01    3.27e-01    1.0e-03
    153      1.04e+01    1.02e+01      2.54e-02    2.60e-02      3.27e-01    3.21e-01    1.0e-03
    162      9.97e+00    9.50e+00      1.45e-01    1.44e-01      3.15e-01    3.00e-01    1.0e-03
    171      9.44e+00    9.28e+00      6.09e-02    6.14e-02      2.99e-01    2.93e-01    1.0e-03
    180      9.28e+00    9.08e+00      2.28e-02    2.33e-02      2.93e-01    2.87e-01    1.0e-03
    189      8.90e+00    8.94e+00      7.68e-02    7.69e-02      2.81e-01    2.83e-01    1.0e-03
    198      9.06e+00    9.19e+00      1.43e-01    1.44e-01      2.86e-01    2.90e-01    1.0e-03
    207      8.74e+00    8.48e+00      8.78e-02    8.62e-02      2.76e-01    2.68e-01    1.0e-03
    216      8.36e+00    8.34e+00      1.32e-01    1.32e-01      2.64e-01    2.64e-01    1.0e-03
    225      8.29e+00    8.40e+00      1.47e-02    1.52e-02      2.62e-01    2.66e-01    1.0e-03
    234      8.18e+00    8.17e+00      5.34e-02    5.24e-02      2.59e-01    2.58e-01    1.0e-03
    243      8.06e+00    8.14e+00      1.69e-02    1.85e-02      2.55e-01    2.57e-01    1.0e-03
    252      8.19e+00    8.24e+00      6.39e-02    6.43e-02      2.59e-01    2.61e-01    1.0e-03
    261      7.82e+00    7.85e+00      7.92e-02    7.84e-02      2.47e-01    2.48e-01    1.0e-03
    270      7.70e+00    7.84e+00      1.48e-02    1.53e-02      2.43e-01    2.48e-01    1.0e-03
    279      8.17e+00    8.15e+00      1.76e-02    1.76e-02      2.58e-01    2.58e-01    1.0e-03
    288      7.88e+00    7.94e+00      9.79e-02    9.77e-02      2.49e-01    2.51e-01    1.0e-03
    297      7.62e+00    7.60e+00      1.74e-02    1.74e-02      2.41e-01    2.40e-01    1.0e-03
    306      7.40e+00    7.54e+00      2.62e-02    2.60e-02      2.34e-01    2.38e-01    1.0e-03
    315      7.37e+00    7.60e+00      3.70e-02    3.67e-02      2.33e-01    2.40e-01    1.0e-03
    324      7.23e+00    7.52e+00      3.16e-03    3.76e-03      2.29e-01    2.38e-01    1.0e-03
    333      8.72e+00    8.70e+00      6.04e-02    6.01e-02      2.76e-01    2.75e-01    1.0e-03
    342      7.43e+00    7.61e+00      1.96e-01    1.96e-01      2.35e-01    2.41e-01    1.0e-03
    351      7.20e+00    7.21e+00      1.08e-01    1.09e-01      2.28e-01    2.28e-01    1.0e-03
    360      7.15e+00    7.22e+00      4.79e-02    4.72e-02      2.26e-01    2.28e-01    1.0e-03
    369      7.40e+00    7.67e+00      1.32e-02    1.34e-02      2.34e-01    2.43e-01    1.0e-03
    378      7.34e+00    7.34e+00      4.68e-02    4.66e-02      2.32e-01    2.32e-01    1.0e-03
    387      6.81e+00    7.04e+00      4.07e-02    4.02e-02      2.15e-01    2.23e-01    1.0e-03
    396      6.97e+00    7.07e+00      1.42e-02    1.38e-02      2.20e-01    2.24e-01    1.0e-03
    405      6.98e+00    7.34e+00      1.35e-02    1.40e-02      2.21e-01    2.32e-01    1.0e-03
    414      6.75e+00    7.11e+00      2.70e-02    2.70e-02      2.14e-01    2.25e-01    1.0e-03
    423      6.93e+00    6.99e+00      9.16e-03    9.80e-03      2.19e-01    2.21e-01    1.0e-03
    432      6.74e+00    6.82e+00      3.11e-03    3.02e-03      2.13e-01    2.16e-01    1.0e-03
    441      6.77e+00    6.77e+00      2.69e-02    2.71e-02      2.14e-01    2.14e-01    1.0e-03
    450      6.75e+00    6.84e+00      6.96e-03    7.23e-03      2.13e-01    2.16e-01    1.0e-03
    459      6.88e+00    7.28e+00      5.68e-02    5.72e-02      2.18e-01    2.30e-01    1.0e-03
    468      6.76e+00    6.88e+00      5.97e-02    5.93e-02      2.14e-01    2.17e-01    1.0e-03
    477      6.74e+00    6.92e+00      6.09e-03    6.29e-03      2.13e-01    2.19e-01    1.0e-03
    486      6.69e+00    6.92e+00      1.68e-02    1.68e-02      2.12e-01    2.19e-01    1.0e-03
    495      6.62e+00    6.82e+00      1.29e-02    1.28e-02      2.09e-01    2.16e-01    1.0e-03
    504      6.57e+00    6.87e+00      2.51e-02    2.56e-02      2.08e-01    2.17e-01    1.0e-03
    513      6.49e+00    6.59e+00      2.29e-02    2.25e-02      2.05e-01    2.09e-01    1.0e-03
    522      6.44e+00    6.52e+00      3.04e-03    3.48e-03      2.04e-01    2.06e-01    1.0e-03
    531      6.33e+00    6.64e+00      1.31e-02    1.33e-02      2.00e-01    2.10e-01    1.0e-03
    540      6.51e+00    6.29e+00      2.60e-02    2.80e-02      2.06e-01    1.99e-01    1.0e-03
    549      7.16e+00    7.41e+00      5.81e-02    5.71e-02      2.27e-01    2.34e-01    1.0e-03
    558      6.70e+00    7.00e+00      6.87e-02    6.88e-02      2.12e-01    2.21e-01    1.0e-03
    567      6.37e+00    6.83e+00      2.80e-02    2.75e-02      2.01e-01    2.16e-01    1.0e-03
    576      6.34e+00    6.54e+00      5.17e-02    5.16e-02      2.00e-01    2.07e-01    1.0e-03
    585      6.13e+00    6.64e+00      1.36e-02    1.29e-02      1.94e-01    2.10e-01    1.0e-03
    594      6.74e+00    6.87e+00      5.82e-02    5.84e-02      2.13e-01    2.17e-01    1.0e-03
    603      6.56e+00    6.83e+00      1.59e-01    1.59e-01      2.07e-01    2.16e-01    1.0e-03
    612      6.12e+00    6.37e+00      2.43e-02    2.46e-02      1.94e-01    2.02e-01    1.0e-03
    621      6.27e+00    6.36e+00      2.46e-03    2.39e-03      1.98e-01    2.01e-01    1.0e-03
    630      6.00e+00    6.35e+00      6.19e-02    6.14e-02      1.90e-01    2.01e-01    1.0e-03
    639      6.24e+00    6.27e+00      1.48e-02    1.46e-02      1.97e-01    1.98e-01    1.0e-03
    648      6.08e+00    6.25e+00      7.52e-03    7.36e-03      1.92e-01    1.98e-01    1.0e-03
    657      6.10e+00    6.36e+00      5.78e-02    5.74e-02      1.93e-01    2.01e-01    1.0e-03
    666      6.37e+00    6.48e+00      1.52e-02    1.53e-02      2.01e-01    2.05e-01    1.0e-03
    675      6.10e+00    6.23e+00      8.38e-02    8.38e-02      1.93e-01    1.97e-01    1.0e-03
    684      6.08e+00    6.39e+00      2.86e-02    2.94e-02      1.92e-01    2.02e-01    1.0e-03
    693      6.08e+00    6.27e+00      2.26e-02    2.33e-02      1.92e-01    1.98e-01    1.0e-03
    702      5.96e+00    6.07e+00      3.08e-02    3.09e-02      1.88e-01    1.92e-01    1.0e-03
    711      5.84e+00    6.05e+00      8.07e-03    8.02e-03      1.85e-01    1.91e-01    1.0e-03
    720      5.67e+00    6.14e+00      3.15e-02    3.10e-02      1.79e-01    1.94e-01    1.0e-03
    729      6.06e+00    5.98e+00      4.14e-02    4.13e-02      1.92e-01    1.89e-01    1.0e-03
    738      5.80e+00    6.03e+00      7.37e-03    7.13e-03      1.83e-01    1.91e-01    1.0e-03
    747      5.79e+00    5.95e+00      4.74e-02    4.81e-02      1.83e-01    1.88e-01    1.0e-03
    756      6.56e+00    6.98e+00      8.90e-02    9.00e-02      2.07e-01    2.21e-01    1.0e-03
    765      6.01e+00    6.11e+00      1.12e-01    1.12e-01      1.90e-01    1.93e-01    1.0e-03
    774      5.77e+00    6.36e+00      8.83e-02    8.87e-02      1.83e-01    2.01e-01    1.0e-03
    783      5.76e+00    5.92e+00      4.71e-03    5.56e-03      1.82e-01    1.87e-01    1.0e-03
    792      5.81e+00    6.02e+00      5.81e-03    5.50e-03      1.84e-01    1.90e-01    1.0e-03
    801      5.47e+00    5.85e+00      1.66e-02    1.61e-02      1.73e-01    1.85e-01    1.0e-03
    810      5.85e+00    6.01e+00      8.50e-03    8.58e-03      1.85e-01    1.90e-01    1.0e-03
    819      5.47e+00    5.99e+00      9.65e-03    1.03e-02      1.73e-01    1.89e-01    1.0e-03
    828      6.44e+00    6.59e+00      3.53e-02    3.60e-02      2.04e-01    2.09e-01    1.0e-03
    837      6.20e+00    6.36e+00      1.84e-01    1.84e-01      1.96e-01    2.01e-01    1.0e-03
    846      6.04e+00    6.15e+00      4.53e-02    4.53e-02      1.91e-01    1.95e-01    1.0e-03
    855      5.57e+00    5.98e+00      1.34e-02    1.41e-02      1.76e-01    1.89e-01    1.0e-03
    864      5.41e+00    5.79e+00      5.34e-02    5.35e-02      1.71e-01    1.83e-01    1.0e-03
    873      5.71e+00    6.02e+00      2.67e-02    2.65e-02      1.80e-01    1.90e-01    1.0e-03
    882      5.65e+00    5.84e+00      2.18e-02    2.18e-02      1.79e-01    1.85e-01    1.0e-03
    891      5.36e+00    5.74e+00      2.44e-02    2.42e-02      1.69e-01    1.81e-01    1.0e-03
    900      5.68e+00    6.12e+00      3.73e-02    3.85e-02      1.79e-01    1.94e-01    1.0e-03
    909      5.44e+00    5.83e+00      3.34e-02    3.35e-02      1.72e-01    1.84e-01    1.0e-03
    918      5.40e+00    5.74e+00      2.44e-02    2.42e-02      1.71e-01    1.81e-01    1.0e-03
    927      5.54e+00    5.81e+00      4.02e-02    4.04e-02      1.75e-01    1.84e-01    1.0e-03
    936      5.43e+00    5.55e+00      1.43e-02    1.44e-02      1.72e-01    1.76e-01    1.0e-03
    945      5.51e+00    5.90e+00      6.65e-03    7.01e-03      1.74e-01    1.87e-01    1.0e-03
    954      5.54e+00    5.57e+00      3.44e-02    3.49e-02      1.75e-01    1.76e-01    1.0e-03
    963      5.33e+00    5.74e+00      3.75e-02    3.71e-02      1.68e-01    1.81e-01    1.0e-03
    972      5.44e+00    5.72e+00      9.49e-03    1.01e-02      1.72e-01    1.81e-01    1.0e-03
    981      5.80e+00    5.97e+00      1.44e-02    1.45e-02      1.83e-01    1.89e-01    1.0e-03
    990      5.57e+00    5.85e+00      1.15e-01    1.16e-01      1.76e-01    1.85e-01    1.0e-03
    999      5.32e+00    5.63e+00      6.84e-02    6.78e-02      1.68e-01    1.78e-01    1.0e-03
   1008      5.72e+00    5.64e+00      2.13e-02    2.04e-02      1.81e-01    1.78e-01    1.0e-03
   1017      5.37e+00    5.93e+00      6.13e-02    6.09e-02      1.70e-01    1.88e-01    1.0e-03
   1026      5.54e+00    5.86e+00      2.84e-02    2.77e-02      1.75e-01    1.85e-01    1.0e-03
   1035      5.35e+00    5.49e+00      2.17e-02    2.18e-02      1.69e-01    1.74e-01    1.0e-03
   1044      5.26e+00    5.49e+00      3.26e-02    3.24e-02      1.66e-01    1.74e-01    1.0e-03
   1053      5.74e+00    5.86e+00      4.30e-02    4.28e-02      1.82e-01    1.85e-01    1.0e-03
   1062      5.72e+00    6.02e+00      4.94e-03    5.45e-03      1.81e-01    1.90e-01    1.0e-03
   1071      5.67e+00    5.95e+00      1.25e-02    1.19e-02      1.79e-01    1.88e-01    1.0e-03
   1080      5.30e+00    5.50e+00      2.82e-02    2.74e-02      1.68e-01    1.74e-01    1.0e-03
   1089      5.22e+00    5.72e+00      1.50e-02    1.48e-02      1.65e-01    1.81e-01    1.0e-03
   1098      5.40e+00    5.68e+00      1.65e-02    1.75e-02      1.71e-01    1.80e-01    1.0e-03
   1107      5.50e+00    5.78e+00      1.94e-02    1.88e-02      1.74e-01    1.83e-01    1.0e-03
   1116      5.38e+00    5.61e+00      4.57e-02    4.57e-02      1.70e-01    1.77e-01    1.0e-03
   1125      5.27e+00    5.42e+00      1.25e-02    1.21e-02      1.67e-01    1.72e-01    1.0e-03
   1134      5.42e+00    5.70e+00      2.25e-02    2.29e-02      1.71e-01    1.80e-01    1.0e-03
   1143      5.14e+00    5.42e+00      2.59e-02    2.49e-02      1.63e-01    1.71e-01    1.0e-03
   1152      5.20e+00    5.35e+00      1.24e-02    1.26e-02      1.64e-01    1.69e-01    1.0e-03
   1161      5.23e+00    5.51e+00      3.82e-02    3.76e-02      1.65e-01    1.74e-01    1.0e-03
   1170      5.29e+00    5.32e+00      1.51e-02    1.51e-02      1.67e-01    1.68e-01    1.0e-03
   1179      5.13e+00    5.44e+00      3.80e-02    3.75e-02      1.62e-01    1.72e-01    1.0e-03
   1188      5.27e+00    5.68e+00      1.69e-02    1.63e-02      1.67e-01    1.80e-01    1.0e-03
   1197      5.67e+00    5.85e+00      8.15e-02    8.20e-02      1.79e-01    1.85e-01    1.0e-03
   1206      5.30e+00    5.77e+00      1.03e-01    1.03e-01      1.68e-01    1.82e-01    1.0e-03
   1215      5.36e+00    5.65e+00      6.72e-02    6.64e-02      1.69e-01    1.79e-01    1.0e-03
   1224      5.49e+00    5.69e+00      3.58e-02    3.55e-02      1.74e-01    1.80e-01    1.0e-03
   1233      5.08e+00    5.52e+00      4.73e-02    4.69e-02      1.61e-01    1.74e-01    1.0e-03
   1242      5.33e+00    5.49e+00      4.15e-02    4.13e-02      1.69e-01    1.74e-01    1.0e-03
   1251      5.11e+00    5.42e+00      1.26e-02    1.25e-02      1.61e-01    1.71e-01    1.0e-03
   1260      5.32e+00    5.42e+00      2.04e-02    2.06e-02      1.68e-01    1.71e-01    1.0e-03
   1269      5.36e+00    5.42e+00      3.26e-02    3.24e-02      1.69e-01    1.71e-01    1.0e-03
   1278      5.18e+00    5.34e+00      5.36e-03    4.82e-03      1.64e-01    1.69e-01    1.0e-03
   1287      5.24e+00    5.19e+00      1.88e-02    1.90e-02      1.66e-01    1.64e-01    1.0e-03
   1296      5.21e+00    5.45e+00      3.72e-02    3.70e-02      1.65e-01    1.72e-01    1.0e-03
   1305      5.20e+00    5.67e+00      2.48e-02    2.57e-02      1.64e-01    1.79e-01    1.0e-03
   1314      5.21e+00    5.39e+00      6.36e-03    5.56e-03      1.65e-01    1.70e-01    1.0e-03
   1323      5.26e+00    5.61e+00      5.20e-02    5.10e-02      1.66e-01    1.78e-01    1.0e-03
   1332      5.29e+00    5.57e+00      7.39e-03    7.77e-03      1.67e-01    1.76e-01    1.0e-03
   1341      5.40e+00    5.73e+00      4.87e-02    4.79e-02      1.71e-01    1.81e-01    1.0e-03
   1350      5.23e+00    5.45e+00      2.27e-02    2.26e-02      1.65e-01    1.72e-01    1.0e-03
   1359      5.20e+00    5.43e+00      2.03e-02    1.97e-02      1.64e-01    1.72e-01    1.0e-03
   1368      5.22e+00    5.60e+00      1.02e-02    1.02e-02      1.65e-01    1.77e-01    1.0e-03
   1377      5.12e+00    5.36e+00      1.38e-02    1.39e-02      1.62e-01    1.69e-01    1.0e-03
   1386      5.51e+00    5.86e+00      5.38e-03    4.91e-03      1.74e-01    1.85e-01    1.0e-03
   1395      5.07e+00    5.27e+00      5.42e-02    5.47e-02      1.60e-01    1.67e-01    1.0e-03
   1404      5.20e+00    5.37e+00      2.20e-02    2.20e-02      1.65e-01    1.70e-01    1.0e-03
   1413      5.06e+00    5.34e+00      2.07e-03    1.99e-03      1.60e-01    1.69e-01    1.0e-03
   1422      5.26e+00    5.47e+00      4.21e-02    4.19e-02      1.66e-01    1.73e-01    1.0e-03
   1431      5.24e+00    5.30e+00      1.23e-02    1.31e-02      1.66e-01    1.68e-01    1.0e-03
   1440      5.18e+00    5.49e+00      1.90e-02    1.89e-02      1.64e-01    1.74e-01    1.0e-03
   1449      5.01e+00    5.25e+00      1.37e-02    1.30e-02      1.58e-01    1.66e-01    1.0e-03
   1458      5.05e+00    5.24e+00      2.20e-02    2.21e-02      1.60e-01    1.66e-01    1.0e-03
   1467      5.03e+00    5.39e+00      4.89e-02    4.85e-02      1.59e-01    1.70e-01    1.0e-03
   1476      5.11e+00    5.55e+00      2.19e-02    2.19e-02      1.62e-01    1.75e-01    1.0e-03
   1485      5.01e+00    5.26e+00      2.31e-02    2.28e-02      1.58e-01    1.66e-01    1.0e-03
   1494      5.13e+00    5.54e+00      3.93e-02    3.90e-02      1.62e-01    1.75e-01    1.0e-03
   1503      5.03e+00    5.26e+00      1.22e-02    1.24e-02      1.59e-01    1.66e-01    1.0e-03
   1512      5.67e+00    5.97e+00      5.55e-02    5.56e-02      1.79e-01    1.89e-01    1.0e-03
   1521      4.88e+00    5.18e+00      4.01e-02    4.07e-02      1.54e-01    1.64e-01    1.0e-03
   1530      5.05e+00    5.25e+00      7.51e-03    7.41e-03      1.60e-01    1.66e-01    1.0e-03
   1539      5.04e+00    5.27e+00      2.57e-02    2.63e-02      1.59e-01    1.67e-01    1.0e-03
   1548      4.95e+00    5.17e+00      1.57e-02    1.57e-02      1.57e-01    1.64e-01    1.0e-03
   1557      5.09e+00    5.23e+00      3.66e-02    3.64e-02      1.61e-01    1.65e-01    1.0e-03
   1566      4.95e+00    5.42e+00      2.21e-02    2.18e-02      1.56e-01    1.71e-01    1.0e-03
   1575      5.09e+00    5.30e+00      8.20e-03    7.93e-03      1.61e-01    1.68e-01    1.0e-03
   1584      5.13e+00    5.11e+00      7.53e-03    7.56e-03      1.62e-01    1.62e-01    1.0e-03
   1593      4.99e+00    5.48e+00      2.98e-02    2.98e-02      1.58e-01    1.73e-01    1.0e-03
   1602      5.05e+00    5.34e+00      3.77e-03    3.68e-03      1.60e-01    1.69e-01    1.0e-03
   1611      5.27e+00    5.53e+00      2.99e-02    2.98e-02      1.67e-01    1.75e-01    1.0e-03
   1620      4.82e+00    5.32e+00      5.91e-02    5.94e-02      1.52e-01    1.68e-01    1.0e-03
   1629      5.13e+00    5.42e+00      1.35e-02    1.35e-02      1.62e-01    1.71e-01    1.0e-03
   1638      4.86e+00    5.14e+00      3.36e-02    3.38e-02      1.54e-01    1.63e-01    1.0e-03
   1647      5.09e+00    5.00e+00      5.22e-03    5.87e-03      1.61e-01    1.58e-01    1.0e-03
   1656      5.09e+00    5.33e+00      4.46e-02    4.43e-02      1.61e-01    1.69e-01    1.0e-03
   1665      5.01e+00    5.27e+00      1.47e-02    1.45e-02      1.58e-01    1.67e-01    1.0e-03
   1674      5.01e+00    5.40e+00      2.74e-03    2.29e-03      1.59e-01    1.71e-01    1.0e-03
   1683      4.98e+00    5.27e+00      9.88e-02    9.90e-02      1.57e-01    1.67e-01    1.0e-03
   1692      5.22e+00    5.69e+00      3.17e-02    3.20e-02      1.65e-01    1.80e-01    1.0e-03
   1701      4.99e+00    5.17e+00      4.00e-03    4.39e-03      1.58e-01    1.64e-01    1.0e-03
   1710      5.04e+00    5.24e+00      4.85e-02    4.86e-02      1.59e-01    1.66e-01    1.0e-03
   1719      4.89e+00    5.12e+00      1.44e-02    1.46e-02      1.55e-01    1.62e-01    1.0e-03
   1728      4.89e+00    5.23e+00      2.41e-02    2.39e-02      1.55e-01    1.65e-01    1.0e-03
   1737      4.90e+00    5.32e+00      2.00e-02    2.04e-02      1.55e-01    1.68e-01    1.0e-03
   1746      4.99e+00    5.04e+00      2.70e-03    2.17e-03      1.58e-01    1.60e-01    1.0e-03
   1755      4.83e+00    5.14e+00      4.02e-03    4.14e-03      1.53e-01    1.63e-01    1.0e-03
   1764      4.78e+00    5.24e+00      2.43e-02    2.43e-02      1.51e-01    1.66e-01    1.0e-03
   1773      4.98e+00    5.20e+00      3.91e-03    3.76e-03      1.58e-01    1.64e-01    1.0e-03
   1782      5.08e+00    5.37e+00      2.09e-02    2.16e-02      1.61e-01    1.70e-01    1.0e-03
   1791      5.04e+00    5.11e+00      1.16e-02    1.18e-02      1.59e-01    1.61e-01    1.0e-03
   1800      4.82e+00    5.07e+00      5.78e-03    6.13e-03      1.52e-01    1.60e-01    1.0e-03
   1809      4.86e+00    4.95e+00      3.37e-02    3.39e-02      1.54e-01    1.57e-01    1.0e-03
   1818      4.94e+00    5.27e+00      7.54e-03    7.63e-03      1.56e-01    1.67e-01    1.0e-03
   1827      4.78e+00    5.21e+00      2.11e-02    2.20e-02      1.51e-01    1.65e-01    1.0e-03
   1836      5.06e+00    5.29e+00      1.62e-03    1.85e-03      1.60e-01    1.67e-01    1.0e-03
   1845      5.16e+00    5.31e+00      1.07e-02    1.07e-02      1.63e-01    1.68e-01    1.0e-03
   1854      5.41e+00    5.72e+00      2.04e-02    2.04e-02      1.71e-01    1.81e-01    1.0e-03
   1863      4.92e+00    5.14e+00      1.70e-02    1.69e-02      1.56e-01    1.62e-01    1.0e-03
   1872      5.02e+00    5.10e+00      3.30e-02    3.28e-02      1.59e-01    1.61e-01    1.0e-03
   1881      5.75e+00    5.80e+00      3.15e-02    3.19e-02      1.82e-01    1.84e-01    1.0e-03
   1890      4.98e+00    5.04e+00      5.86e-02    5.80e-02      1.57e-01    1.60e-01    1.0e-03
   1899      4.82e+00    5.15e+00      5.93e-02    5.90e-02      1.52e-01    1.63e-01    1.0e-03
   1908      4.79e+00    5.08e+00      8.50e-03    8.89e-03      1.51e-01    1.61e-01    1.0e-03
   1917      4.86e+00    5.35e+00      4.65e-02    4.62e-02      1.54e-01    1.69e-01    1.0e-03
   1926      4.84e+00    5.29e+00      9.93e-03    9.31e-03      1.53e-01    1.67e-01    1.0e-03
   1935      4.83e+00    4.84e+00      8.03e-03    8.76e-03      1.53e-01    1.53e-01    1.0e-03
   1944      4.63e+00    5.12e+00      4.44e-03    4.90e-03      1.46e-01    1.62e-01    1.0e-03
   1953      4.98e+00    5.16e+00      4.13e-03    4.37e-03      1.57e-01    1.63e-01    1.0e-03
   1962      4.79e+00    5.12e+00      1.13e-02    1.10e-02      1.51e-01    1.62e-01    1.0e-03
   1971      4.99e+00    5.26e+00      3.45e-02    3.42e-02      1.58e-01    1.66e-01    1.0e-03
   1980      4.69e+00    4.99e+00      1.53e-02    1.52e-02      1.48e-01    1.58e-01    1.0e-03
   1989      5.04e+00    5.15e+00      1.79e-02    1.81e-02      1.59e-01    1.63e-01    1.0e-03
   1998      5.16e+00    5.19e+00      2.01e-02    2.03e-02      1.63e-01    1.64e-01    1.0e-03
   2007      4.91e+00    5.22e+00      5.94e-02    5.94e-02      1.55e-01    1.65e-01    1.0e-03
   2016      4.87e+00    5.19e+00      7.37e-02    7.35e-02      1.54e-01    1.64e-01    1.0e-03
   2025      4.72e+00    4.97e+00      2.69e-02    2.70e-02      1.49e-01    1.57e-01    1.0e-03
   2034      5.90e+00    6.05e+00      3.82e-02    3.84e-02      1.87e-01    1.91e-01    1.0e-03
   2043      4.71e+00    5.03e+00      5.89e-02    5.90e-02      1.49e-01    1.59e-01    1.0e-03
   2052      4.83e+00    5.10e+00      2.34e-02    2.36e-02      1.53e-01    1.61e-01    1.0e-03
   2061      4.90e+00    5.04e+00      2.69e-02    2.74e-02      1.55e-01    1.59e-01    1.0e-03
   2070      5.60e+00    5.74e+00      4.68e-02    4.71e-02      1.77e-01    1.81e-01    1.0e-03
   2079      4.89e+00    5.24e+00      3.53e-02    3.59e-02      1.55e-01    1.66e-01    1.0e-03
   2088      4.79e+00    4.92e+00      6.54e-03    6.48e-03      1.52e-01    1.55e-01    1.0e-03
   2097      5.21e+00    5.58e+00      8.09e-03    8.29e-03      1.65e-01    1.76e-01    1.0e-03
   2106      4.75e+00    5.01e+00      4.86e-02    4.86e-02      1.50e-01    1.59e-01    1.0e-03
   2115      4.73e+00    5.10e+00      3.45e-02    3.47e-02      1.50e-01    1.61e-01    1.0e-03
   2124      4.78e+00    5.19e+00      1.31e-02    1.27e-02      1.51e-01    1.64e-01    1.0e-03
   2133      4.68e+00    4.91e+00      7.15e-03    7.19e-03      1.48e-01    1.55e-01    1.0e-03
   2142      4.89e+00    5.11e+00      2.25e-02    2.20e-02      1.55e-01    1.62e-01    1.0e-03
   2151      5.21e+00    5.46e+00      2.37e-02    2.34e-02      1.65e-01    1.73e-01    1.0e-03
   2160      5.04e+00    5.31e+00      5.04e-02    5.03e-02      1.59e-01    1.68e-01    1.0e-03
   2169      4.76e+00    5.07e+00      2.88e-02    2.92e-02      1.50e-01    1.60e-01    1.0e-03
   2178      5.04e+00    4.97e+00      2.80e-02    2.73e-02      1.59e-01    1.57e-01    1.0e-03
   2187      4.74e+00    4.99e+00      8.11e-03    8.13e-03      1.50e-01    1.58e-01    1.0e-03
   2196      4.66e+00    4.77e+00      9.42e-03    9.56e-03      1.48e-01    1.51e-01    1.0e-03
   2205      4.79e+00    4.95e+00      1.32e-02    1.37e-02      1.51e-01    1.56e-01    1.0e-03
   2214      5.01e+00    5.16e+00      2.82e-02    2.89e-02      1.58e-01    1.63e-01    1.0e-03
   2223      4.73e+00    4.89e+00      3.08e-03    2.34e-03      1.50e-01    1.55e-01    1.0e-03
   2232      4.90e+00    5.12e+00      1.41e-02    1.40e-02      1.55e-01    1.62e-01    1.0e-03
   2241      4.64e+00    5.06e+00      2.99e-02    3.02e-02      1.47e-01    1.60e-01    1.0e-03
   2250      5.04e+00    5.35e+00      2.43e-02    2.45e-02      1.59e-01    1.69e-01    1.0e-03
   2259      5.83e+00    5.93e+00      6.29e-02    6.31e-02      1.84e-01    1.87e-01    1.0e-03
   2268      4.74e+00    5.01e+00      2.98e-02    2.97e-02      1.50e-01    1.58e-01    1.0e-03
   2277      4.90e+00    5.06e+00      1.48e-02    1.49e-02      1.55e-01    1.60e-01    1.0e-03
   2286      4.88e+00    4.97e+00      1.51e-02    1.48e-02      1.54e-01    1.57e-01    1.0e-03
   2295      4.66e+00    4.86e+00      3.58e-03    3.54e-03      1.47e-01    1.54e-01    1.0e-03
   2304      4.62e+00    4.89e+00      2.47e-03    2.11e-03      1.46e-01    1.55e-01    1.0e-03
   2313      4.69e+00    5.04e+00      6.93e-03    7.26e-03      1.48e-01    1.59e-01    1.0e-03
   2322      4.60e+00    4.88e+00      3.68e-03    3.55e-03      1.46e-01    1.54e-01    1.0e-03
   2331      4.66e+00    5.12e+00      1.58e-03    2.12e-03      1.47e-01    1.62e-01    1.0e-03
   2340      4.68e+00    5.05e+00      5.13e-03    4.87e-03      1.48e-01    1.60e-01    1.0e-03
   2349      4.75e+00    4.88e+00      1.13e-02    1.18e-02      1.50e-01    1.54e-01    1.0e-03
   2358      4.77e+00    4.82e+00      1.71e-02    1.70e-02      1.51e-01    1.53e-01    1.0e-03
   2367      4.57e+00    4.82e+00      3.46e-02    3.54e-02      1.44e-01    1.52e-01    1.0e-03
   2376      4.64e+00    4.85e+00      8.83e-03    8.92e-03      1.47e-01    1.53e-01    1.0e-03
   2385      4.71e+00    4.83e+00      1.70e-02    1.78e-02      1.49e-01    1.53e-01    1.0e-03
   2394      4.55e+00    5.06e+00      1.12e-02    1.16e-02      1.44e-01    1.60e-01    1.0e-03
   2403      4.82e+00    4.94e+00      1.74e-03    2.15e-03      1.53e-01    1.56e-01    1.0e-03
   2412      4.83e+00    5.35e+00      1.46e-02    1.42e-02      1.53e-01    1.69e-01    1.0e-03
   2421      4.67e+00    4.82e+00      3.15e-02    3.09e-02      1.48e-01    1.52e-01    1.0e-03
   2430      5.28e+00    5.38e+00      1.38e-02    1.42e-02      1.67e-01    1.70e-01    1.0e-03
   2439      5.12e+00    5.43e+00      1.50e-02    1.53e-02      1.62e-01    1.72e-01    1.0e-03
   2448      5.16e+00    5.27e+00      1.81e-02    1.78e-02      1.63e-01    1.67e-01    1.0e-03
   2457      4.85e+00    4.98e+00      8.03e-03    7.47e-03      1.53e-01    1.58e-01    1.0e-03
   2466      4.77e+00    4.71e+00      2.51e-03    2.98e-03      1.51e-01    1.49e-01    1.0e-03
   2475      4.54e+00    4.96e+00      1.00e-02    9.72e-03      1.44e-01    1.57e-01    1.0e-03
   2484      4.59e+00    4.75e+00      1.76e-02    1.73e-02      1.45e-01    1.50e-01    1.0e-03
   2493      4.66e+00    4.72e+00      1.79e-02    1.84e-02      1.47e-01    1.49e-01    1.0e-03
   2502      5.49e+00    5.43e+00      2.23e-02    2.21e-02      1.74e-01    1.72e-01    1.0e-03
   2511      5.04e+00    5.35e+00      3.58e-02    3.62e-02      1.60e-01    1.69e-01    1.0e-03
   2520      4.68e+00    4.91e+00      3.08e-02    3.13e-02      1.48e-01    1.55e-01    1.0e-03
   2529      4.57e+00    4.93e+00      2.03e-02    2.03e-02      1.45e-01    1.56e-01    1.0e-03
   2538      4.72e+00    4.93e+00      1.68e-02    1.68e-02      1.49e-01    1.56e-01    1.0e-03
   2547      5.00e+00    5.15e+00      1.91e-02    1.89e-02      1.58e-01    1.63e-01    1.0e-03
   2556      4.64e+00    4.88e+00      3.72e-02    3.71e-02      1.47e-01    1.54e-01    1.0e-03
   2565      4.65e+00    4.84e+00      1.67e-02    1.68e-02      1.47e-01    1.53e-01    1.0e-03
   2574      4.89e+00    5.30e+00      1.71e-03    1.63e-03      1.55e-01    1.68e-01    1.0e-03
   2583      4.56e+00    4.99e+00      2.54e-02    2.55e-02      1.44e-01    1.58e-01    1.0e-03
   2592      4.76e+00    4.84e+00      1.24e-02    1.16e-02      1.50e-01    1.53e-01    1.0e-03
   2601      4.67e+00    5.01e+00      3.39e-03    3.11e-03      1.48e-01    1.58e-01    1.0e-03
   2610      4.63e+00    4.92e+00      3.62e-03    3.51e-03      1.47e-01    1.56e-01    1.0e-03
   2619      4.63e+00    4.88e+00      4.10e-03    4.05e-03      1.47e-01    1.54e-01    1.0e-03
   2628      4.40e+00    4.85e+00      1.29e-02    1.28e-02      1.39e-01    1.53e-01    1.0e-03
   2637      4.87e+00    4.98e+00      5.49e-03    6.12e-03      1.54e-01    1.58e-01    1.0e-03
   2646      4.66e+00    4.93e+00      8.97e-03    9.18e-03      1.47e-01    1.56e-01    1.0e-03
   2655      4.92e+00    5.25e+00      3.39e-03    3.26e-03      1.56e-01    1.66e-01    1.0e-03
   2664      5.07e+00    5.22e+00      3.56e-02    3.52e-02      1.60e-01    1.65e-01    1.0e-03
   2673      5.54e+00    5.89e+00      2.64e-02    2.68e-02      1.75e-01    1.86e-01    1.0e-03
   2682      4.74e+00    4.82e+00      1.60e-02    1.58e-02      1.50e-01    1.52e-01    1.0e-03
   2691      4.61e+00    4.79e+00      3.95e-02    3.98e-02      1.46e-01    1.52e-01    1.0e-03
   2700      4.57e+00    4.86e+00      2.11e-03    1.93e-03      1.45e-01    1.54e-01    1.0e-03
   2709      4.61e+00    4.66e+00      1.21e-03    1.68e-03      1.46e-01    1.47e-01    1.0e-03
   2718      4.91e+00    5.01e+00      1.59e-02    1.61e-02      1.55e-01    1.58e-01    1.0e-03
   2727      4.36e+00    4.72e+00      1.52e-02    1.51e-02      1.38e-01    1.49e-01    1.0e-03
   2736      4.72e+00    5.03e+00      8.60e-03    8.81e-03      1.49e-01    1.59e-01    1.0e-03
   2745      4.59e+00    5.11e+00      4.24e-03    4.14e-03      1.45e-01    1.61e-01    1.0e-03
   2754      4.70e+00    4.84e+00      2.84e-02    2.85e-02      1.49e-01    1.53e-01    1.0e-03
   2763      4.62e+00    4.88e+00      9.34e-03    9.08e-03      1.46e-01    1.54e-01    1.0e-03
   2772      4.64e+00    4.92e+00      1.56e-02    1.61e-02      1.47e-01    1.56e-01    1.0e-03
   2781      4.52e+00    4.72e+00      4.81e-03    4.30e-03      1.43e-01    1.49e-01    1.0e-03
   2790      4.55e+00    4.66e+00      1.67e-02    1.56e-02      1.44e-01    1.47e-01    1.0e-03
   2799      4.57e+00    4.75e+00      1.30e-02    1.30e-02      1.45e-01    1.50e-01    1.0e-03
   2808      4.65e+00    4.64e+00      4.53e-02    4.56e-02      1.47e-01    1.47e-01    1.0e-03
   2817      4.50e+00    4.82e+00      4.58e-02    4.57e-02      1.42e-01    1.52e-01    1.0e-03
   2826      4.60e+00    5.05e+00      1.03e-02    1.06e-02      1.45e-01    1.60e-01    1.0e-03
   2835      4.57e+00    4.84e+00      2.94e-02    2.95e-02      1.44e-01    1.53e-01    1.0e-03
   2844      4.46e+00    4.62e+00      6.20e-03    6.49e-03      1.41e-01    1.46e-01    1.0e-03
   2853      4.57e+00    4.69e+00      1.08e-02    1.08e-02      1.44e-01    1.48e-01    1.0e-03
   2862      5.06e+00    5.21e+00      2.93e-02    2.93e-02      1.60e-01    1.65e-01    1.0e-03
   2871      4.74e+00    5.11e+00      2.12e-02    2.12e-02      1.50e-01    1.62e-01    1.0e-03
   2880      4.61e+00    4.84e+00      2.61e-02    2.65e-02      1.46e-01    1.53e-01    1.0e-03
   2889      4.49e+00    4.70e+00      1.78e-02    1.77e-02      1.42e-01    1.49e-01    1.0e-03
   2898      4.52e+00    4.74e+00      3.81e-03    3.94e-03      1.43e-01    1.50e-01    1.0e-03
   2907      4.55e+00    4.57e+00      2.13e-02    2.10e-02      1.44e-01    1.45e-01    1.0e-03
   2916      4.49e+00    4.89e+00      1.33e-02    1.31e-02      1.42e-01    1.55e-01    1.0e-03
   2925      4.58e+00    4.75e+00      2.17e-03    2.07e-03      1.45e-01    1.50e-01    1.0e-03
   2934      4.88e+00    5.10e+00      4.22e-03    4.18e-03      1.54e-01    1.61e-01    1.0e-03
   2943      4.59e+00    4.75e+00      2.35e-02    2.37e-02      1.45e-01    1.50e-01    1.0e-03
   2952      4.49e+00    4.61e+00      3.63e-03    4.40e-03      1.42e-01    1.46e-01    1.0e-03
   2961      4.54e+00    4.90e+00      1.99e-02    1.99e-02      1.44e-01    1.55e-01    1.0e-03
   2970      4.54e+00    4.86e+00      4.60e-02    4.59e-02      1.44e-01    1.54e-01    1.0e-03
   2979      4.66e+00    4.98e+00      5.12e-03    5.31e-03      1.47e-01    1.57e-01    1.0e-03
   2988      4.71e+00    4.81e+00      2.00e-02    2.05e-02      1.49e-01    1.52e-01    1.0e-03
   2997      4.41e+00    4.89e+00      3.28e-02    3.30e-02      1.39e-01    1.54e-01    1.0e-03
   3006      4.46e+00    4.73e+00      8.70e-03    9.14e-03      1.41e-01    1.49e-01    1.0e-03
   3015      4.67e+00    4.79e+00      8.50e-03    8.14e-03      1.48e-01    1.52e-01    1.0e-03
   3024      4.46e+00    4.86e+00      1.98e-02    1.95e-02      1.41e-01    1.54e-01    1.0e-03
   3033      4.45e+00    4.68e+00      2.24e-02    2.21e-02      1.41e-01    1.48e-01    1.0e-03
   3042      4.80e+00    4.77e+00      2.91e-03    3.34e-03      1.52e-01    1.51e-01    1.0e-03
   3051      4.42e+00    4.70e+00      1.44e-02    1.43e-02      1.40e-01    1.49e-01    1.0e-03
   3060      4.81e+00    4.99e+00      6.38e-03    6.00e-03      1.52e-01    1.58e-01    1.0e-03
   3069      4.55e+00    4.87e+00      1.66e-02    1.64e-02      1.44e-01    1.54e-01    1.0e-03
   3078      4.43e+00    4.65e+00      2.70e-02    2.75e-02      1.40e-01    1.47e-01    1.0e-03
   3087      4.57e+00    4.76e+00      1.07e-02    1.06e-02      1.44e-01    1.50e-01    1.0e-03
   3096      4.53e+00    4.73e+00      1.75e-02    1.76e-02      1.43e-01    1.50e-01    1.0e-03
   3105      4.49e+00    4.66e+00      1.41e-02    1.39e-02      1.42e-01    1.47e-01    1.0e-03
   3114      4.42e+00    4.48e+00      1.93e-02    1.89e-02      1.40e-01    1.42e-01    1.0e-03
   3123      4.74e+00    5.02e+00      2.96e-03    2.96e-03      1.50e-01    1.59e-01    1.0e-03
   3132      4.60e+00    4.75e+00      3.09e-03    3.13e-03      1.45e-01    1.50e-01    1.0e-03
   3141      4.44e+00    4.56e+00      1.25e-02    1.28e-02      1.40e-01    1.44e-01    1.0e-03
   3150      4.61e+00    4.70e+00      2.16e-02    2.16e-02      1.46e-01    1.48e-01    1.0e-03
   3159      4.59e+00    4.97e+00      1.36e-02    1.37e-02      1.45e-01    1.57e-01    1.0e-03
   3168      4.83e+00    4.95e+00      3.48e-02    3.48e-02      1.53e-01    1.56e-01    1.0e-03
   3177      4.72e+00    4.99e+00      7.93e-03    7.70e-03      1.49e-01    1.58e-01    1.0e-03
   3186      4.67e+00    4.89e+00      2.77e-02    2.77e-02      1.48e-01    1.54e-01    1.0e-03
   3195      4.35e+00    4.54e+00      2.38e-02    2.43e-02      1.38e-01    1.44e-01    1.0e-03
   3204      4.35e+00    4.62e+00      1.32e-02    1.27e-02      1.38e-01    1.46e-01    1.0e-03
   3213      4.60e+00    4.70e+00      4.75e-03    4.84e-03      1.45e-01    1.49e-01    1.0e-03
   3222      4.51e+00    4.52e+00      2.56e-02    2.55e-02      1.43e-01    1.43e-01    1.0e-03
   3231      4.76e+00    5.00e+00      7.20e-03    6.85e-03      1.51e-01    1.58e-01    1.0e-03
   3240      4.53e+00    4.71e+00      3.30e-02    3.29e-02      1.43e-01    1.49e-01    1.0e-03
   3249      4.50e+00    4.64e+00      1.01e-02    1.07e-02      1.42e-01    1.47e-01    1.0e-03
   3258      4.57e+00    4.82e+00      1.15e-02    1.17e-02      1.45e-01    1.52e-01    1.0e-03
   3267      4.78e+00    4.75e+00      4.08e-03    4.40e-03      1.51e-01    1.50e-01    1.0e-03
   3276      4.52e+00    4.61e+00      4.80e-03    4.42e-03      1.43e-01    1.46e-01    1.0e-03
   3285      4.37e+00    4.71e+00      1.56e-02    1.56e-02      1.38e-01    1.49e-01    1.0e-03
   3294      4.46e+00    4.80e+00      1.92e-02    1.93e-02      1.41e-01    1.52e-01    1.0e-03
   3303      4.57e+00    4.68e+00      1.85e-02    1.84e-02      1.44e-01    1.48e-01    1.0e-03
   3312      4.28e+00    4.80e+00      1.06e-02    1.07e-02      1.35e-01    1.52e-01    1.0e-03
   3321      4.77e+00    4.66e+00      1.93e-02    1.87e-02      1.51e-01    1.47e-01    1.0e-03
   3330      4.59e+00    4.79e+00      8.25e-03    8.36e-03      1.45e-01    1.51e-01    1.0e-03
   3339      4.77e+00    5.00e+00      3.39e-02    3.42e-02      1.51e-01    1.58e-01    1.0e-03
   3348      4.42e+00    4.59e+00      2.41e-03    2.10e-03      1.40e-01    1.45e-01    1.0e-03
   3357      4.49e+00    4.57e+00      2.10e-03    2.48e-03      1.42e-01    1.45e-01    1.0e-03
   3366      4.35e+00    4.60e+00      3.86e-03    4.49e-03      1.38e-01    1.45e-01    1.0e-03
   3375      4.70e+00    4.80e+00      2.33e-02    2.33e-02      1.49e-01    1.52e-01    1.0e-03
   3384      4.53e+00    4.89e+00      8.75e-03    8.61e-03      1.43e-01    1.55e-01    1.0e-03
   3393      4.36e+00    4.51e+00      8.70e-03    9.00e-03      1.38e-01    1.42e-01    1.0e-03
   3402      4.37e+00    4.66e+00      1.95e-02    1.92e-02      1.38e-01    1.47e-01    1.0e-03
   3411      4.68e+00    5.01e+00      3.06e-02    3.02e-02      1.48e-01    1.59e-01    1.0e-03
   3420      4.57e+00    4.75e+00      1.37e-02    1.38e-02      1.45e-01    1.50e-01    1.0e-03
   3429      4.42e+00    4.44e+00      3.62e-03    4.10e-03      1.40e-01    1.40e-01    1.0e-03
   3438      4.45e+00    4.83e+00      1.55e-02    1.56e-02      1.41e-01    1.53e-01    1.0e-03
   3447      4.59e+00    4.76e+00      1.63e-02    1.63e-02      1.45e-01    1.51e-01    1.0e-03
   3456      4.30e+00    4.55e+00      2.03e-02    2.01e-02      1.36e-01    1.44e-01    1.0e-03
   3465      4.48e+00    4.59e+00      1.95e-02    2.04e-02      1.42e-01    1.45e-01    1.0e-03
   3474      4.58e+00    4.89e+00      1.30e-02    1.28e-02      1.45e-01    1.55e-01    1.0e-03
   3483      4.76e+00    4.97e+00      3.01e-02    2.97e-02      1.50e-01    1.57e-01    1.0e-03
   3492      4.51e+00    4.63e+00      2.08e-03    2.24e-03      1.42e-01    1.47e-01    1.0e-03
   3501      4.39e+00    4.69e+00      1.95e-02    1.94e-02      1.39e-01    1.48e-01    1.0e-03
   3510      4.69e+00    4.75e+00      1.54e-03    1.84e-03      1.48e-01    1.50e-01    1.0e-03
   3519      4.26e+00    4.46e+00      1.73e-02    1.73e-02      1.35e-01    1.41e-01    1.0e-03
   3528      4.65e+00    4.84e+00      1.98e-02    1.97e-02      1.47e-01    1.53e-01    1.0e-03
   3537      4.42e+00    4.76e+00      8.82e-03    8.80e-03      1.40e-01    1.51e-01    1.0e-03
   3546      4.38e+00    4.73e+00      1.65e-02    1.68e-02      1.39e-01    1.49e-01    1.0e-03
   3555      4.59e+00    4.65e+00      8.19e-03    7.62e-03      1.45e-01    1.47e-01    1.0e-03
   3564      4.51e+00    4.59e+00      1.25e-02    1.23e-02      1.43e-01    1.45e-01    1.0e-03
   3573      4.30e+00    4.56e+00      1.59e-02    1.56e-02      1.36e-01    1.44e-01    1.0e-03
   3582      4.31e+00    4.72e+00      8.59e-03    8.97e-03      1.36e-01    1.49e-01    1.0e-03
   3591      4.50e+00    4.55e+00      1.51e-02    1.55e-02      1.42e-01    1.44e-01    1.0e-03
   3600      4.45e+00    4.69e+00      5.59e-02    5.58e-02      1.41e-01    1.48e-01    1.0e-03
   3609      4.77e+00    4.97e+00      1.20e-02    1.17e-02      1.51e-01    1.57e-01    1.0e-03
   3618      4.24e+00    4.60e+00      1.31e-03    1.50e-03      1.34e-01    1.45e-01    1.0e-03
   3627      4.51e+00    4.63e+00      8.09e-03    7.90e-03      1.43e-01    1.46e-01    1.0e-03
   3636      4.30e+00    4.43e+00      1.92e-02    1.94e-02      1.36e-01    1.40e-01    1.0e-03
   3645      4.44e+00    4.54e+00      7.27e-03    7.68e-03      1.41e-01    1.44e-01    1.0e-03
   3654      4.77e+00    4.92e+00      3.20e-02    3.20e-02      1.51e-01    1.56e-01    1.0e-03
   3663      4.76e+00    4.79e+00      3.06e-03    2.65e-03      1.51e-01    1.51e-01    1.0e-03
   3672      5.06e+00    5.25e+00      2.81e-02    2.80e-02      1.60e-01    1.66e-01    1.0e-03
   3681      4.31e+00    4.52e+00      4.04e-02    4.04e-02      1.36e-01    1.43e-01    1.0e-03
   3690      4.42e+00    4.67e+00      5.72e-02    5.73e-02      1.40e-01    1.48e-01    1.0e-03
   3699      4.34e+00    4.52e+00      2.47e-02    2.41e-02      1.37e-01    1.43e-01    1.0e-03
   3708      4.27e+00    4.61e+00      3.37e-02    3.38e-02      1.35e-01    1.46e-01    1.0e-03
   3717      4.37e+00    4.54e+00      5.55e-03    5.74e-03      1.38e-01    1.44e-01    1.0e-03
   3726      4.46e+00    4.68e+00      2.34e-03    2.11e-03      1.41e-01    1.48e-01    1.0e-03
   3735      4.40e+00    4.86e+00      2.18e-02    2.23e-02      1.39e-01    1.54e-01    1.0e-03
   3744      4.51e+00    4.62e+00      5.14e-03    5.30e-03      1.43e-01    1.46e-01    1.0e-03
   3753      4.80e+00    5.07e+00      3.81e-03    4.13e-03      1.52e-01    1.60e-01    1.0e-03
   3762      4.80e+00    4.97e+00      1.27e-02    1.26e-02      1.52e-01    1.57e-01    1.0e-03
   3771      4.50e+00    4.71e+00      3.65e-02    3.68e-02      1.42e-01    1.49e-01    1.0e-03
   3780      4.45e+00    4.87e+00      5.92e-03    5.65e-03      1.41e-01    1.54e-01    1.0e-03
   3789      4.65e+00    4.95e+00      7.54e-03    7.09e-03      1.47e-01    1.57e-01    1.0e-03
   3798      4.51e+00    4.74e+00      2.04e-03    2.39e-03      1.42e-01    1.50e-01    1.0e-03
   3807      4.66e+00    5.05e+00      3.86e-02    3.86e-02      1.48e-01    1.60e-01    1.0e-03
   3816      4.39e+00    4.57e+00      2.68e-02    2.63e-02      1.39e-01    1.44e-01    1.0e-03
   3825      4.23e+00    4.68e+00      1.87e-02    1.86e-02      1.34e-01    1.48e-01    1.0e-03
   3834      4.29e+00    4.50e+00      6.07e-03    6.11e-03      1.36e-01    1.42e-01    1.0e-03
   3843      4.39e+00    4.71e+00      8.12e-03    8.36e-03      1.39e-01    1.49e-01    1.0e-03
   3852      4.44e+00    4.70e+00      4.22e-02    4.21e-02      1.41e-01    1.49e-01    1.0e-03
   3861      4.40e+00    4.46e+00      4.08e-02    4.12e-02      1.39e-01    1.41e-01    1.0e-03
   3870      4.18e+00    4.70e+00      2.34e-02    2.37e-02      1.32e-01    1.49e-01    1.0e-03
   3879      4.51e+00    4.60e+00      1.66e-02    1.61e-02      1.43e-01    1.45e-01    1.0e-03
   3888      4.38e+00    4.57e+00      1.26e-02    1.26e-02      1.39e-01    1.45e-01    1.0e-03
   3897      4.42e+00    4.67e+00      6.81e-03    6.78e-03      1.40e-01    1.48e-01    1.0e-03
   3906      4.15e+00    4.66e+00      3.14e-02    3.12e-02      1.31e-01    1.47e-01    1.0e-03
   3915      4.52e+00    4.55e+00      1.34e-02    1.33e-02      1.43e-01    1.44e-01    1.0e-03
   3924      4.30e+00    4.50e+00      2.36e-03    2.37e-03      1.36e-01    1.42e-01    1.0e-03
   3933      4.36e+00    4.67e+00      1.60e-03    1.74e-03      1.38e-01    1.48e-01    1.0e-03
   3942      4.28e+00    4.45e+00      4.27e-02    4.29e-02      1.35e-01    1.41e-01    1.0e-03
   3951      4.58e+00    4.83e+00      9.47e-03    9.66e-03      1.45e-01    1.53e-01    1.0e-03
   3960      4.32e+00    4.65e+00      1.55e-02    1.55e-02      1.37e-01    1.47e-01    1.0e-03
   3969      4.37e+00    4.40e+00      2.09e-02    2.18e-02      1.38e-01    1.39e-01    1.0e-03
   3978      4.28e+00    4.45e+00      3.40e-03    3.53e-03      1.35e-01    1.41e-01    1.0e-03
   3987      4.78e+00    4.91e+00      2.35e-02    2.37e-02      1.51e-01    1.55e-01    1.0e-03
   3996      4.38e+00    4.75e+00      1.36e-02    1.36e-02      1.39e-01    1.50e-01    1.0e-03
   4005      4.72e+00    4.77e+00      1.29e-02    1.32e-02      1.49e-01    1.51e-01    1.0e-03
   4014      4.04e+00    4.49e+00      1.61e-02    1.60e-02      1.28e-01    1.42e-01    1.0e-03
   4023      4.56e+00    4.66e+00      2.40e-03    3.16e-03      1.44e-01    1.47e-01    1.0e-03
   4032      4.39e+00    4.58e+00      8.74e-03    8.64e-03      1.39e-01    1.45e-01    1.0e-03
   4041      4.25e+00    4.61e+00      2.91e-02    2.89e-02      1.34e-01    1.46e-01    1.0e-03
   4050      4.33e+00    4.41e+00      1.03e-02    1.00e-02      1.37e-01    1.39e-01    1.0e-03
   4059      4.31e+00    4.64e+00      1.12e-02    1.11e-02      1.36e-01    1.47e-01    1.0e-03
   4068      4.45e+00    4.64e+00      1.09e-02    1.12e-02      1.41e-01    1.47e-01    1.0e-03
   4077      4.20e+00    4.65e+00      1.55e-02    1.58e-02      1.33e-01    1.47e-01    1.0e-03
   4086      4.33e+00    4.55e+00      1.89e-02    1.83e-02      1.37e-01    1.44e-01    1.0e-03
   4095      4.43e+00    4.74e+00      5.93e-03    5.73e-03      1.40e-01    1.50e-01    1.0e-03
   4104      4.24e+00    4.63e+00      6.54e-03    6.61e-03      1.34e-01    1.47e-01    1.0e-03
   4113      4.59e+00    4.74e+00      3.98e-03    4.13e-03      1.45e-01    1.50e-01    1.0e-03
   4122      4.35e+00    4.36e+00      1.45e-02    1.48e-02      1.37e-01    1.38e-01    1.0e-03
   4131      4.21e+00    4.47e+00      8.78e-03    9.07e-03      1.33e-01    1.41e-01    1.0e-03
   4140      4.18e+00    4.47e+00      2.25e-02    2.26e-02      1.32e-01    1.41e-01    1.0e-03
   4149      4.28e+00    4.52e+00      1.86e-02    1.89e-02      1.35e-01    1.43e-01    1.0e-03
   4158      4.17e+00    4.58e+00      1.04e-02    9.77e-03      1.32e-01    1.45e-01    1.0e-03
   4167      4.45e+00    4.45e+00      1.57e-02    1.55e-02      1.41e-01    1.41e-01    1.0e-03
   4176      4.32e+00    4.45e+00      2.29e-02    2.31e-02      1.37e-01    1.41e-01    1.0e-03
   4185      4.23e+00    4.54e+00      1.91e-02    1.95e-02      1.34e-01    1.44e-01    1.0e-03
   4194      4.16e+00    4.48e+00      2.66e-02    2.65e-02      1.32e-01    1.42e-01    1.0e-03
   4203      4.30e+00    4.46e+00      1.66e-02    1.68e-02      1.36e-01    1.41e-01    1.0e-03
   4212      4.68e+00    4.87e+00      3.40e-02    3.42e-02      1.48e-01    1.54e-01    1.0e-03
   4221      4.43e+00    4.67e+00      2.65e-02    2.64e-02      1.40e-01    1.48e-01    1.0e-03
   4230      4.28e+00    4.56e+00      4.85e-02    4.89e-02      1.35e-01    1.44e-01    1.0e-03
   4239      4.70e+00    5.00e+00      1.43e-02    1.42e-02      1.48e-01    1.58e-01    1.0e-03
   4248      4.68e+00    4.83e+00      4.01e-03    3.99e-03      1.48e-01    1.53e-01    1.0e-03
   4257      4.09e+00    4.53e+00      5.59e-02    5.59e-02      1.29e-01    1.43e-01    1.0e-03
   4266      4.13e+00    4.45e+00      4.27e-02    4.30e-02      1.31e-01    1.41e-01    1.0e-03
   4275      4.35e+00    4.52e+00      2.31e-02    2.32e-02      1.37e-01    1.43e-01    1.0e-03
   4284      4.23e+00    4.56e+00      7.86e-03    8.21e-03      1.34e-01    1.44e-01    1.0e-03
   4293      4.19e+00    4.39e+00      2.52e-02    2.57e-02      1.32e-01    1.39e-01    1.0e-03
   4302      4.37e+00    4.59e+00      6.32e-03    6.49e-03      1.38e-01    1.45e-01    1.0e-03
   4311      4.34e+00    4.54e+00      4.54e-03    4.53e-03      1.37e-01    1.44e-01    1.0e-03
   4320      4.16e+00    4.49e+00      1.49e-03    1.55e-03      1.32e-01    1.42e-01    1.0e-03
   4329      4.21e+00    4.28e+00      2.05e-02    1.99e-02      1.33e-01    1.35e-01    1.0e-03
   4338      4.15e+00    4.59e+00      9.03e-03    8.92e-03      1.31e-01    1.45e-01    1.0e-03
   4347      4.31e+00    4.45e+00      1.77e-02    1.75e-02      1.36e-01    1.41e-01    1.0e-03
   4356      4.36e+00    4.81e+00      1.47e-02    1.48e-02      1.38e-01    1.52e-01    1.0e-03
   4365      4.35e+00    4.27e+00      2.00e-02    2.03e-02      1.38e-01    1.35e-01    1.0e-03
   4374      4.04e+00    4.47e+00      2.76e-02    2.74e-02      1.28e-01    1.41e-01    1.0e-03
   4383      4.40e+00    4.51e+00      1.56e-02    1.55e-02      1.39e-01    1.43e-01    1.0e-03
   4392      4.32e+00    4.59e+00      6.94e-02    6.98e-02      1.37e-01    1.45e-01    1.0e-03
   4401      4.27e+00    4.62e+00      1.27e-02    1.29e-02      1.35e-01    1.46e-01    1.0e-03
   4410      4.05e+00    4.42e+00      6.12e-02    6.10e-02      1.28e-01    1.40e-01    1.0e-03
   4419      4.77e+00    4.90e+00      3.64e-02    3.64e-02      1.51e-01    1.55e-01    1.0e-03
   4428      4.24e+00    4.51e+00      4.28e-02    4.30e-02      1.34e-01    1.43e-01    1.0e-03
   4437      4.67e+00    4.81e+00      3.38e-02    3.41e-02      1.48e-01    1.52e-01    1.0e-03
   4446      4.40e+00    4.60e+00      2.91e-02    2.87e-02      1.39e-01    1.45e-01    1.0e-03
   4455      4.26e+00    4.54e+00      1.38e-03    1.25e-03      1.35e-01    1.44e-01    1.0e-03
   4464      4.26e+00    4.73e+00      3.02e-03    3.37e-03      1.35e-01    1.49e-01    1.0e-03
   4473      4.42e+00    4.56e+00      1.73e-02    1.75e-02      1.40e-01    1.44e-01    1.0e-03
   4482      4.13e+00    4.39e+00      2.09e-03    2.21e-03      1.31e-01    1.39e-01    1.0e-03
   4491      4.19e+00    4.38e+00      1.14e-02    1.13e-02      1.32e-01    1.39e-01    1.0e-03
   4500      4.12e+00    4.49e+00      2.69e-02    2.64e-02      1.30e-01    1.42e-01    1.0e-03
   4509      4.21e+00    4.48e+00      4.43e-02    4.45e-02      1.33e-01    1.42e-01    1.0e-03
   4518      4.00e+00    4.55e+00      1.83e-02    1.79e-02      1.26e-01    1.44e-01    1.0e-03
   4527      4.30e+00    4.37e+00      7.34e-03    7.78e-03      1.36e-01    1.38e-01    1.0e-03
   4536      4.64e+00    4.82e+00      2.20e-02    2.25e-02      1.47e-01    1.52e-01    1.0e-03
   4545      4.59e+00    4.92e+00      2.70e-02    2.67e-02      1.45e-01    1.56e-01    1.0e-03
   4554      4.31e+00    4.50e+00      6.86e-03    7.03e-03      1.36e-01    1.42e-01    1.0e-03
   4563      4.25e+00    4.53e+00      8.82e-03    8.73e-03      1.34e-01    1.43e-01    1.0e-03
   4572      4.14e+00    4.40e+00      2.84e-03    2.71e-03      1.31e-01    1.39e-01    1.0e-03
   4581      4.17e+00    4.50e+00      4.00e-03    3.70e-03      1.32e-01    1.42e-01    1.0e-03
   4590      4.20e+00    4.75e+00      2.62e-02    2.62e-02      1.33e-01    1.50e-01    1.0e-03
   4599      4.33e+00    4.46e+00      6.07e-02    6.04e-02      1.37e-01    1.41e-01    1.0e-03
   4608      4.30e+00    4.46e+00      1.66e-02    1.68e-02      1.36e-01    1.41e-01    1.0e-03
   4617      4.65e+00    4.85e+00      1.04e-02    1.04e-02      1.47e-01    1.53e-01    1.0e-03
   4626      4.18e+00    4.56e+00      2.82e-02    2.80e-02      1.32e-01    1.44e-01    1.0e-03
   4635      4.18e+00    4.49e+00      5.00e-03    5.29e-03      1.32e-01    1.42e-01    1.0e-03
   4644      4.09e+00    4.38e+00      2.34e-03    2.44e-03      1.29e-01    1.38e-01    1.0e-03
   4653      4.11e+00    4.38e+00      1.23e-02    1.24e-02      1.30e-01    1.38e-01    1.0e-03
   4662      4.31e+00    4.32e+00      1.45e-02    1.44e-02      1.36e-01    1.37e-01    1.0e-03
   4671      4.17e+00    4.56e+00      1.15e-02    1.16e-02      1.32e-01    1.44e-01    1.0e-03
   4680      4.26e+00    4.28e+00      6.52e-03    6.45e-03      1.35e-01    1.35e-01    1.0e-03
   4689      3.98e+00    4.41e+00      3.56e-02    3.58e-02      1.26e-01    1.39e-01    1.0e-03
   4698      4.19e+00    4.36e+00      1.81e-02    1.80e-02      1.32e-01    1.38e-01    1.0e-03
   4707      4.40e+00    4.49e+00      1.36e-01    1.35e-01      1.39e-01    1.42e-01    1.0e-03
   4716      4.30e+00    4.65e+00      3.86e-02    3.83e-02      1.36e-01    1.47e-01    1.0e-03
   4725      4.27e+00    4.56e+00      1.06e-02    1.13e-02      1.35e-01    1.44e-01    1.0e-03
   4734      3.97e+00    4.38e+00      4.85e-03    4.60e-03      1.26e-01    1.39e-01    1.0e-03
   4743      4.24e+00    4.41e+00      5.58e-03    5.98e-03      1.34e-01    1.39e-01    1.0e-03
   4752      4.27e+00    4.57e+00      1.21e-02    1.19e-02      1.35e-01    1.45e-01    1.0e-03
   4761      4.24e+00    4.56e+00      3.46e-02    3.46e-02      1.34e-01    1.44e-01    1.0e-03
   4770      4.37e+00    4.67e+00      5.68e-03    5.81e-03      1.38e-01    1.48e-01    1.0e-03
   4779      4.29e+00    4.63e+00      2.14e-02    2.20e-02      1.36e-01    1.46e-01    1.0e-03
   4788      4.34e+00    4.57e+00      6.86e-02    6.86e-02      1.37e-01    1.45e-01    1.0e-03
   4797      4.49e+00    4.67e+00      5.72e-02    5.72e-02      1.42e-01    1.48e-01    1.0e-03
   4806      4.16e+00    4.36e+00      2.91e-02    2.93e-02      1.31e-01    1.38e-01    1.0e-03
   4815      4.03e+00    4.51e+00      1.02e-02    9.89e-03      1.27e-01    1.43e-01    1.0e-03
   4824      4.28e+00    4.51e+00      2.73e-02    2.76e-02      1.35e-01    1.42e-01    1.0e-03
   4833      4.14e+00    4.38e+00      7.39e-03    7.84e-03      1.31e-01    1.38e-01    1.0e-03
   4842      4.79e+00    4.97e+00      1.74e-02    1.78e-02      1.51e-01    1.57e-01    1.0e-03
   4851      4.25e+00    4.62e+00      4.56e-02    4.57e-02      1.34e-01    1.46e-01    1.0e-03
   4860      4.43e+00    4.65e+00      1.25e-02    1.28e-02      1.40e-01    1.47e-01    1.0e-03
   4869      4.18e+00    4.54e+00      3.42e-02    3.36e-02      1.32e-01    1.44e-01    1.0e-03
   4878      4.76e+00    4.74e+00      1.20e-02    1.21e-02      1.50e-01    1.50e-01    1.0e-03
   4887      4.04e+00    4.51e+00      3.70e-03    3.22e-03      1.28e-01    1.43e-01    1.0e-03
   4896      4.27e+00    4.66e+00      3.92e-03    4.29e-03      1.35e-01    1.47e-01    1.0e-03
   4905      4.09e+00    4.29e+00      1.96e-02    2.00e-02      1.29e-01    1.36e-01    1.0e-03
   4914      4.20e+00    4.43e+00      3.61e-02    3.63e-02      1.33e-01    1.40e-01    1.0e-03
   4923      4.26e+00    4.46e+00      5.11e-03    5.51e-03      1.35e-01    1.41e-01    1.0e-03
   4932      4.16e+00    4.54e+00      1.89e-02    1.86e-02      1.31e-01    1.44e-01    1.0e-03
   4941      4.27e+00    4.37e+00      1.35e-03    1.41e-03      1.35e-01    1.38e-01    1.0e-03
   4950      3.96e+00    4.41e+00      3.23e-02    3.26e-02      1.25e-01    1.39e-01    1.0e-03
   4959      4.17e+00    4.42e+00      1.65e-02    1.65e-02      1.32e-01    1.40e-01    1.0e-03
   4968      4.19e+00    4.33e+00      5.61e-02    5.61e-02      1.33e-01    1.37e-01    1.0e-03
   4977      4.13e+00    4.32e+00      3.00e-02    3.04e-02      1.31e-01    1.37e-01    1.0e-03
   4986      4.44e+00    4.75e+00      6.79e-03    7.55e-03      1.40e-01    1.50e-01    1.0e-03
   4995      4.40e+00    4.58e+00      2.94e-02    3.02e-02      1.39e-01    1.45e-01    1.0e-03
   5004      5.18e-01    5.26e-01      4.33e-02    4.33e-02      1.31e-01    1.37e-01    3.4e-06
   5013      2.62e-01    2.89e-01      1.78e-03    1.86e-03      1.25e-01    1.38e-01    3.4e-06
   5022      3.25e-01    3.33e-01      1.71e-02    1.72e-02      1.31e-01    1.36e-01    3.4e-06
   5031      2.68e-01    3.03e-01      5.65e-03    5.32e-03      1.26e-01    1.43e-01    3.4e-06
   5040      2.74e-01    2.90e-01      5.13e-03    4.94e-03      1.29e-01    1.37e-01    3.4e-06
   5049      2.66e-01    2.89e-01      3.60e-03    3.89e-03      1.27e-01    1.37e-01    3.4e-06
   5058      2.73e-01    2.89e-01      1.56e-03    1.26e-03      1.31e-01    1.39e-01    3.4e-06
   5067      2.64e-01    2.85e-01      2.13e-03    1.99e-03      1.26e-01    1.37e-01    3.4e-06
   5076      2.56e-01    2.88e-01      1.19e-03    1.38e-03      1.23e-01    1.38e-01    3.4e-06
   5085      2.77e-01    2.85e-01      1.40e-03    1.52e-03      1.33e-01    1.37e-01    3.4e-06
   5094      2.67e-01    2.93e-01      1.23e-03    1.24e-03      1.28e-01    1.41e-01    3.4e-06
   5103      2.69e-01    2.86e-01      1.17e-03    1.30e-03      1.29e-01    1.37e-01    3.4e-06
   5112      2.73e-01    2.74e-01      1.17e-03    1.11e-03      1.31e-01    1.31e-01    3.4e-06
   5121      2.62e-01    2.92e-01      1.17e-03    1.19e-03      1.25e-01    1.40e-01    3.4e-06
   5130      2.67e-01    2.77e-01      1.20e-03    1.17e-03      1.28e-01    1.33e-01    3.4e-06
   5139      2.72e-01    3.00e-01      1.15e-03    1.35e-03      1.30e-01    1.44e-01    3.4e-06
   5148      2.68e-01    2.94e-01      1.11e-03    1.32e-03      1.29e-01    1.41e-01    3.4e-06
   5157      2.67e-01    2.81e-01      1.23e-03    1.37e-03      1.28e-01    1.35e-01    3.4e-06
   5166      2.63e-01    2.88e-01      1.18e-03    1.36e-03      1.26e-01    1.38e-01    3.4e-06
   5175      2.71e-01    2.89e-01      1.09e-03    1.16e-03      1.30e-01    1.39e-01    3.4e-06
   5184      2.70e-01    2.85e-01      1.15e-03    1.23e-03      1.29e-01    1.37e-01    3.4e-06
   5193      2.62e-01    2.96e-01      1.19e-03    1.17e-03      1.26e-01    1.42e-01    3.4e-06
   5202      2.76e-01    2.77e-01      1.13e-03    1.28e-03      1.32e-01    1.33e-01    3.4e-06
   5211      2.59e-01    3.03e-01      1.22e-03    1.54e-03      1.24e-01    1.45e-01    3.4e-06
   5220      2.73e-01    2.85e-01      1.00e-03    1.14e-03      1.31e-01    1.36e-01    3.4e-06
   5229      2.63e-01    2.74e-01      1.35e-03    1.37e-03      1.26e-01    1.31e-01    3.4e-06
   5238      2.85e-01    2.94e-01      1.10e-03    1.03e-03      1.37e-01    1.41e-01    3.4e-06
   5247      2.53e-01    2.93e-01      1.21e-03    1.16e-03      1.21e-01    1.40e-01    3.4e-06
   5256      2.64e-01    2.74e-01      1.03e-03    1.22e-03      1.27e-01    1.31e-01    3.4e-06
   5265      2.70e-01    2.91e-01      1.26e-03    1.22e-03      1.29e-01    1.40e-01    3.4e-06
   5274      2.66e-01    2.88e-01      1.19e-03    1.51e-03      1.27e-01    1.38e-01    3.4e-06
   5283      2.70e-01    2.93e-01      1.10e-03    1.22e-03      1.29e-01    1.41e-01    3.4e-06
   5292      2.77e-01    2.97e-01      1.02e-03    1.18e-03      1.33e-01    1.43e-01    3.4e-06
   5301      2.59e-01    2.88e-01      1.16e-03    1.26e-03      1.24e-01    1.38e-01    3.4e-06
   5310      2.64e-01    2.77e-01      1.16e-03    1.20e-03      1.27e-01    1.33e-01    3.4e-06
   5319      2.71e-01    2.81e-01      1.18e-03    1.05e-03      1.30e-01    1.35e-01    3.4e-06
   5328      2.67e-01    2.90e-01      1.08e-03    1.16e-03      1.28e-01    1.39e-01    3.4e-06
   5337      2.68e-01    3.02e-01      1.07e-03    1.41e-03      1.29e-01    1.44e-01    3.4e-06
   5346      2.69e-01    2.83e-01      1.02e-03    1.20e-03      1.29e-01    1.36e-01    3.4e-06
   5355      2.64e-01    2.86e-01      1.23e-03    1.28e-03      1.26e-01    1.37e-01    3.4e-06
   5364      2.62e-01    2.86e-01      8.60e-04    1.23e-03      1.26e-01    1.37e-01    3.4e-06
   5373      2.72e-01    2.80e-01      1.44e-03    1.40e-03      1.30e-01    1.34e-01    3.4e-06
   5382      2.62e-01    2.96e-01      1.06e-03    1.17e-03      1.25e-01    1.42e-01    3.4e-06
   5391      2.72e-01    2.81e-01      1.23e-03    1.35e-03      1.31e-01    1.34e-01    3.4e-06
   5400      2.68e-01    2.93e-01      1.34e-03    1.19e-03      1.28e-01    1.40e-01    3.4e-06
   5409      2.65e-01    2.95e-01      1.02e-03    1.27e-03      1.27e-01    1.41e-01    3.4e-06
   5418      2.69e-01    2.91e-01      1.32e-03    1.55e-03      1.29e-01    1.39e-01    3.4e-06
   5427      2.63e-01    2.89e-01      1.04e-03    1.19e-03      1.26e-01    1.39e-01    3.4e-06
   5436      2.74e-01    2.96e-01      1.23e-03    1.04e-03      1.31e-01    1.42e-01    3.4e-06
   5445      2.63e-01    2.83e-01      1.13e-03    1.28e-03      1.26e-01    1.36e-01    3.4e-06
   5454      2.74e-01    2.91e-01      9.77e-04    1.32e-03      1.31e-01    1.40e-01    3.4e-06
   5463      2.61e-01    2.93e-01      1.31e-03    1.23e-03      1.25e-01    1.40e-01    3.4e-06
   5472      2.57e-01    2.85e-01      1.11e-03    1.22e-03      1.23e-01    1.37e-01    3.4e-06
   5481      2.73e-01    2.90e-01      1.27e-03    1.43e-03      1.31e-01    1.39e-01    3.4e-06
   5490      2.74e-01    2.91e-01      1.10e-03    1.39e-03      1.31e-01    1.39e-01    3.4e-06
   5499      2.63e-01    2.98e-01      1.18e-03    1.30e-03      1.26e-01    1.43e-01    3.4e-06
   5508      2.63e-01    2.91e-01      9.91e-04    1.21e-03      1.26e-01    1.39e-01    3.4e-06
   5517      2.69e-01    2.87e-01      1.23e-03    1.22e-03      1.29e-01    1.38e-01    3.4e-06
   5526      2.70e-01    2.78e-01      1.24e-03    1.29e-03      1.29e-01    1.33e-01    3.4e-06
   5535      2.60e-01    2.82e-01      1.03e-03    1.14e-03      1.25e-01    1.35e-01    3.4e-06
   5544      2.72e-01    2.75e-01      1.24e-03    1.22e-03      1.30e-01    1.32e-01    3.4e-06
   5553      2.59e-01    2.79e-01      1.12e-03    1.17e-03      1.24e-01    1.34e-01    3.4e-06
   5562      2.66e-01    2.92e-01      1.08e-03    1.50e-03      1.28e-01    1.40e-01    3.4e-06
   5571      2.66e-01    2.99e-01      1.25e-03    1.41e-03      1.27e-01    1.43e-01    3.4e-06
   5580      2.68e-01    2.96e-01      1.24e-03    1.16e-03      1.28e-01    1.42e-01    3.4e-06
   5589      2.69e-01    2.86e-01      1.10e-03    1.29e-03      1.29e-01    1.37e-01    3.4e-06
   5598      2.76e-01    2.82e-01      8.06e-04    1.38e-03      1.32e-01    1.35e-01    3.4e-06
   5607      2.58e-01    2.96e-01      1.34e-03    1.38e-03      1.24e-01    1.42e-01    3.4e-06
   5616      2.66e-01    2.80e-01      1.15e-03    1.25e-03      1.27e-01    1.34e-01    3.4e-06
   5625      2.71e-01    3.00e-01      1.15e-03    1.50e-03      1.30e-01    1.44e-01    3.4e-06
   5634      2.76e-01    2.93e-01      1.03e-03    1.08e-03      1.32e-01    1.40e-01    3.4e-06
   5643      2.55e-01    2.79e-01      1.29e-03    1.38e-03      1.22e-01    1.34e-01    3.4e-06
   5652      2.67e-01    2.82e-01      1.18e-03    1.47e-03      1.28e-01    1.35e-01    3.4e-06
   5661      2.68e-01    3.02e-01      1.04e-03    1.41e-03      1.28e-01    1.45e-01    3.4e-06
   5670      2.72e-01    2.79e-01      1.16e-03    1.26e-03      1.31e-01    1.34e-01    3.4e-06
   5679      2.59e-01    2.90e-01      1.19e-03    1.19e-03      1.24e-01    1.39e-01    3.4e-06
   5688      2.70e-01    2.88e-01      9.16e-04    1.31e-03      1.29e-01    1.38e-01    3.4e-06
   5697      2.65e-01    2.98e-01      1.33e-03    1.22e-03      1.27e-01    1.43e-01    3.4e-06
   5706      2.64e-01    2.78e-01      1.01e-03    1.39e-03      1.27e-01    1.33e-01    3.4e-06
   5715      2.65e-01    2.92e-01      1.28e-03    1.11e-03      1.27e-01    1.40e-01    3.4e-06
   5724      2.64e-01    2.85e-01      1.27e-03    1.09e-03      1.26e-01    1.36e-01    3.4e-06
   5733      2.70e-01    2.87e-01      1.09e-03    1.45e-03      1.30e-01    1.38e-01    3.4e-06
   5742      2.59e-01    2.91e-01      1.19e-03    1.27e-03      1.24e-01    1.39e-01    3.4e-06
   5751      2.70e-01    2.94e-01      1.13e-03    1.05e-03      1.30e-01    1.41e-01    3.4e-06
   5760      2.64e-01    2.76e-01      1.26e-03    1.32e-03      1.27e-01    1.32e-01    3.4e-06
   5769      2.66e-01    3.00e-01      1.02e-03    1.35e-03      1.28e-01    1.44e-01    3.4e-06
   5778      2.54e-01    2.85e-01      1.20e-03    1.23e-03      1.21e-01    1.36e-01    3.4e-06
   5787      2.77e-01    2.94e-01      1.16e-03    1.16e-03      1.33e-01    1.41e-01    3.4e-06
   5796      2.56e-01    2.93e-01      1.14e-03    1.30e-03      1.22e-01    1.40e-01    3.4e-06
   5805      2.75e-01    2.77e-01      1.21e-03    1.18e-03      1.32e-01    1.33e-01    3.4e-06
   5814      2.65e-01    2.91e-01      1.16e-03    1.56e-03      1.27e-01    1.40e-01    3.4e-06
   5823      2.72e-01    2.96e-01      1.08e-03    1.35e-03      1.30e-01    1.42e-01    3.4e-06
   5832      2.60e-01    2.77e-01      1.16e-03    1.24e-03      1.24e-01    1.33e-01    3.4e-06
   5841      2.74e-01    2.82e-01      1.12e-03    1.46e-03      1.31e-01    1.35e-01    3.4e-06
   5850      2.66e-01    2.75e-01      1.22e-03    1.29e-03      1.27e-01    1.32e-01    3.4e-06
   5859      2.67e-01    3.01e-01      1.11e-03    1.38e-03      1.28e-01    1.44e-01    3.4e-06
   5868      2.67e-01    2.84e-01      1.22e-03    1.19e-03      1.28e-01    1.36e-01    3.4e-06
   5877      2.67e-01    2.99e-01      1.10e-03    9.73e-04      1.28e-01    1.43e-01    3.4e-06
   5886      2.68e-01    2.73e-01      1.05e-03    1.47e-03      1.28e-01    1.31e-01    3.4e-06
   5895      2.66e-01    2.92e-01      1.31e-03    1.34e-03      1.27e-01    1.40e-01    3.4e-06
   5904      2.68e-01    2.95e-01      1.30e-03    1.39e-03      1.28e-01    1.41e-01    3.4e-06
   5913      2.59e-01    2.77e-01      1.07e-03    1.15e-03      1.24e-01    1.33e-01    3.4e-06
   5922      2.67e-01    2.89e-01      1.29e-03    1.04e-03      1.28e-01    1.39e-01    3.4e-06
   5931      2.66e-01    2.92e-01      1.06e-03    1.26e-03      1.27e-01    1.40e-01    3.4e-06
   5940      2.58e-01    2.80e-01      1.25e-03    1.27e-03      1.24e-01    1.34e-01    3.4e-06
   5949      2.71e-01    2.92e-01      1.10e-03    1.19e-03      1.30e-01    1.40e-01    3.4e-06
   5958      2.58e-01    2.79e-01      1.29e-03    1.11e-03      1.24e-01    1.34e-01    3.4e-06
   5967      2.73e-01    2.94e-01      1.03e-03    1.27e-03      1.31e-01    1.41e-01    3.4e-06
   5976      2.67e-01    2.76e-01      1.12e-03    1.25e-03      1.28e-01    1.32e-01    3.4e-06
   5985      2.62e-01    2.90e-01      1.24e-03    1.21e-03      1.26e-01    1.39e-01    3.4e-06
   5994      2.73e-01    2.97e-01      1.04e-03    1.27e-03      1.31e-01    1.42e-01    3.4e-06
   6003      2.61e-01    2.91e-01      1.29e-03    1.26e-03      1.25e-01    1.39e-01    3.4e-06
   6012      2.61e-01    2.90e-01      1.36e-03    1.48e-03      1.25e-01    1.39e-01    3.4e-06
   6021      2.71e-01    2.80e-01      9.73e-04    9.97e-04      1.30e-01    1.34e-01    3.4e-06
   6030      2.67e-01    2.88e-01      1.11e-03    1.49e-03      1.28e-01    1.38e-01    3.4e-06
   6039      2.61e-01    2.94e-01      1.25e-03    1.22e-03      1.25e-01    1.41e-01    3.4e-06
   6048      2.59e-01    2.76e-01      1.18e-03    1.07e-03      1.24e-01    1.33e-01    3.4e-06
   6057      2.73e-01    2.89e-01      1.18e-03    1.37e-03      1.31e-01    1.39e-01    3.4e-06
   6066      2.63e-01    2.95e-01      1.08e-03    1.48e-03      1.26e-01    1.41e-01    3.4e-06
   6075      2.69e-01    2.96e-01      1.25e-03    1.41e-03      1.29e-01    1.42e-01    3.4e-06
   6084      2.67e-01    2.86e-01      1.26e-03    1.20e-03      1.28e-01    1.37e-01    3.4e-06
   6093      2.66e-01    2.89e-01      1.09e-03    1.17e-03      1.27e-01    1.38e-01    3.4e-06
   6102      2.70e-01    2.90e-01      1.09e-03    1.21e-03      1.29e-01    1.39e-01    3.4e-06
   6111      2.65e-01    2.91e-01      1.22e-03    1.31e-03      1.27e-01    1.40e-01    3.4e-06
   6120      2.66e-01    2.91e-01      1.33e-03    1.31e-03      1.28e-01    1.40e-01    3.4e-06
   6129      2.65e-01    2.70e-01      1.01e-03    1.16e-03      1.27e-01    1.30e-01    3.4e-06
   6138      2.68e-01    2.89e-01      1.23e-03    1.19e-03      1.28e-01    1.39e-01    3.4e-06
   6147      2.56e-01    2.80e-01      1.12e-03    1.09e-03      1.23e-01    1.34e-01    3.4e-06
   6156      2.73e-01    2.92e-01      1.28e-03    1.32e-03      1.31e-01    1.40e-01    3.4e-06
   6165      2.61e-01    2.86e-01      1.03e-03    1.30e-03      1.25e-01    1.37e-01    3.4e-06
   6174      2.49e-01    2.95e-01      1.14e-03    1.16e-03      1.19e-01    1.41e-01    3.4e-06
   6183      2.82e-01    2.97e-01      1.13e-03    1.57e-03      1.35e-01    1.42e-01    3.4e-06
   6192      2.69e-01    2.88e-01      1.19e-03    1.31e-03      1.29e-01    1.38e-01    3.4e-06
   6201      2.65e-01    2.82e-01      1.09e-03    1.33e-03      1.27e-01    1.35e-01    3.4e-06
   6210      2.73e-01    2.92e-01      1.04e-03    1.18e-03      1.31e-01    1.40e-01    3.4e-06
   6219      2.57e-01    2.90e-01      1.21e-03    1.56e-03      1.23e-01    1.39e-01    3.4e-06
   6228      2.66e-01    2.82e-01      1.20e-03    1.21e-03      1.27e-01    1.35e-01    3.4e-06
   6237      2.65e-01    2.86e-01      1.09e-03    1.17e-03      1.27e-01    1.37e-01    3.4e-06
   6246      2.64e-01    2.68e-01      1.09e-03    1.03e-03      1.27e-01    1.28e-01    3.4e-06
   6255      2.70e-01    2.88e-01      1.23e-03    1.18e-03      1.29e-01    1.38e-01    3.4e-06
   6264      2.71e-01    2.85e-01      1.22e-03    1.48e-03      1.30e-01    1.36e-01    3.4e-06
   6273      2.62e-01    2.88e-01      1.08e-03    1.35e-03      1.26e-01    1.38e-01    3.4e-06
   6282      2.63e-01    2.78e-01      1.10e-03    1.07e-03      1.26e-01    1.33e-01    3.4e-06
   6291      2.68e-01    2.87e-01      1.26e-03    1.17e-03      1.28e-01    1.38e-01    3.4e-06
   6300      2.73e-01    2.85e-01      1.09e-03    1.21e-03      1.31e-01    1.37e-01    3.4e-06
   6309      2.59e-01    2.79e-01      1.23e-03    1.59e-03      1.24e-01    1.34e-01    3.4e-06
   6318      2.63e-01    3.00e-01      1.34e-03    1.04e-03      1.26e-01    1.44e-01    3.4e-06
   6327      2.72e-01    2.78e-01      9.51e-04    1.25e-03      1.30e-01    1.33e-01    3.4e-06
   6336      2.67e-01    2.78e-01      1.07e-03    1.15e-03      1.28e-01    1.33e-01    3.4e-06
   6345      2.63e-01    2.96e-01      1.16e-03    1.38e-03      1.26e-01    1.42e-01    3.4e-06
   6354      2.57e-01    2.84e-01      1.21e-03    1.10e-03      1.23e-01    1.36e-01    3.4e-06
   6363      2.72e-01    2.83e-01      1.16e-03    1.16e-03      1.30e-01    1.36e-01    3.4e-06
   6372      2.65e-01    2.94e-01      1.01e-03    1.23e-03      1.27e-01    1.41e-01    3.4e-06
   6381      2.68e-01    2.85e-01      1.21e-03    1.28e-03      1.28e-01    1.37e-01    3.4e-06
   6390      2.58e-01    2.89e-01      1.07e-03    8.85e-04      1.23e-01    1.39e-01    3.4e-06
   6399      2.73e-01    2.92e-01      1.19e-03    1.29e-03      1.31e-01    1.40e-01    3.4e-06
   6408      2.68e-01    2.86e-01      1.16e-03    1.21e-03      1.28e-01    1.37e-01    3.4e-06
   6417      2.60e-01    2.82e-01      1.08e-03    1.41e-03      1.25e-01    1.35e-01    3.4e-06
   6426      2.68e-01    2.96e-01      1.09e-03    1.33e-03      1.29e-01    1.42e-01    3.4e-06
   6435      2.64e-01    2.92e-01      1.27e-03    1.31e-03      1.27e-01    1.40e-01    3.4e-06
   6444      2.69e-01    2.86e-01      1.14e-03    1.18e-03      1.29e-01    1.37e-01    3.4e-06
   6453      2.65e-01    2.91e-01      1.18e-03    1.23e-03      1.27e-01    1.39e-01    3.4e-06
   6462      2.64e-01    2.79e-01      1.14e-03    1.13e-03      1.26e-01    1.34e-01    3.4e-06
   6471      2.69e-01    2.80e-01      1.04e-03    1.14e-03      1.29e-01    1.34e-01    3.4e-06
   6480      2.62e-01    2.82e-01      1.30e-03    1.47e-03      1.25e-01    1.35e-01    3.4e-06
   6489      2.70e-01    2.89e-01      1.01e-03    1.30e-03      1.30e-01    1.39e-01    3.4e-06
   6498      2.57e-01    2.81e-01      1.27e-03    1.29e-03      1.23e-01    1.35e-01    3.4e-06
   6507      2.74e-01    2.88e-01      1.08e-03    1.35e-03      1.31e-01    1.38e-01    3.4e-06
   6516      2.66e-01    2.92e-01      1.15e-03    1.31e-03      1.27e-01    1.40e-01    3.4e-06
   6525      2.66e-01    2.75e-01      1.22e-03    1.28e-03      1.27e-01    1.32e-01    3.4e-06
   6534      2.67e-01    2.87e-01      1.12e-03    1.31e-03      1.28e-01    1.37e-01    3.4e-06
   6543      2.66e-01    2.89e-01      1.25e-03    1.19e-03      1.27e-01    1.39e-01    3.4e-06
   6552      2.69e-01    2.95e-01      1.20e-03    1.25e-03      1.29e-01    1.41e-01    3.4e-06
   6561      2.62e-01    2.90e-01      1.13e-03    1.50e-03      1.25e-01    1.39e-01    3.4e-06
   6570      2.71e-01    2.92e-01      1.09e-03    1.19e-03      1.30e-01    1.40e-01    3.4e-06
   6579      2.60e-01    2.74e-01      1.28e-03    1.14e-03      1.25e-01    1.31e-01    3.4e-06
   6588      2.64e-01    2.79e-01      1.11e-03    1.33e-03      1.27e-01    1.33e-01    3.4e-06
   6597      2.65e-01    2.83e-01      1.18e-03    1.19e-03      1.27e-01    1.36e-01    3.4e-06
   6606      2.60e-01    2.85e-01      1.15e-03    9.76e-04      1.25e-01    1.37e-01    3.4e-06
   6615      2.73e-01    2.81e-01      1.19e-03    1.40e-03      1.31e-01    1.35e-01    3.4e-06
   6624      2.67e-01    2.84e-01      1.20e-03    1.10e-03      1.28e-01    1.36e-01    3.4e-06
   6633      2.65e-01    2.83e-01      1.18e-03    1.15e-03      1.27e-01    1.36e-01    3.4e-06
   6642      2.69e-01    2.98e-01      1.18e-03    1.29e-03      1.29e-01    1.43e-01    3.4e-06
   6651      2.64e-01    2.90e-01      1.20e-03    1.12e-03      1.27e-01    1.39e-01    3.4e-06
   6660      2.65e-01    2.82e-01      1.10e-03    1.22e-03      1.27e-01    1.35e-01    3.4e-06
   6669      2.63e-01    2.83e-01      1.23e-03    1.50e-03      1.26e-01    1.35e-01    3.4e-06
   6678      2.67e-01    2.84e-01      1.06e-03    1.34e-03      1.28e-01    1.36e-01    3.4e-06
   6687      2.66e-01    2.84e-01      1.29e-03    1.31e-03      1.28e-01    1.36e-01    3.4e-06
   6696      2.63e-01    2.84e-01      1.22e-03    1.09e-03      1.26e-01    1.36e-01    3.4e-06
   6705      2.70e-01    2.82e-01      1.14e-03    1.13e-03      1.29e-01    1.35e-01    3.4e-06
   6714      2.56e-01    2.92e-01      1.21e-03    1.29e-03      1.22e-01    1.40e-01    3.4e-06
   6723      2.74e-01    2.83e-01      1.17e-03    1.32e-03      1.31e-01    1.35e-01    3.4e-06
   6732      2.55e-01    2.84e-01      9.93e-04    1.26e-03      1.22e-01    1.36e-01    3.4e-06
   6741      2.70e-01    2.88e-01      1.31e-03    1.36e-03      1.29e-01    1.38e-01    3.4e-06
   6750      2.68e-01    2.92e-01      1.28e-03    1.24e-03      1.28e-01    1.40e-01    3.4e-06
   6759      2.59e-01    2.80e-01      1.09e-03    1.07e-03      1.24e-01    1.34e-01    3.4e-06
   6768      2.60e-01    2.78e-01      1.13e-03    1.14e-03      1.25e-01    1.33e-01    3.4e-06
   6777      2.69e-01    2.97e-01      1.18e-03    1.17e-03      1.29e-01    1.42e-01    3.4e-06
   6786      2.65e-01    2.83e-01      1.37e-03    1.19e-03      1.27e-01    1.36e-01    3.4e-06
   6795      2.64e-01    2.82e-01      8.76e-04    1.30e-03      1.27e-01    1.35e-01    3.4e-06
   6804      2.68e-01    2.81e-01      1.18e-03    1.39e-03      1.28e-01    1.35e-01    3.4e-06
   6813      2.63e-01    2.77e-01      1.14e-03    1.17e-03      1.26e-01    1.33e-01    3.4e-06
   6822      2.81e-01    2.84e-01      1.01e-03    1.22e-03      1.34e-01    1.36e-01    3.4e-06
   6831      2.50e-01    2.85e-01      1.31e-03    1.17e-03      1.20e-01    1.37e-01    3.4e-06
   6840      2.60e-01    2.85e-01      1.30e-03    1.26e-03      1.25e-01    1.36e-01    3.4e-06
   6849      2.70e-01    2.86e-01      1.02e-03    1.29e-03      1.29e-01    1.37e-01    3.4e-06
   6858      2.65e-01    2.83e-01      1.16e-03    1.25e-03      1.27e-01    1.36e-01    3.4e-06
   6867      2.70e-01    2.91e-01      1.17e-03    1.28e-03      1.29e-01    1.39e-01    3.4e-06
   6876      2.66e-01    2.95e-01      1.04e-03    1.26e-03      1.27e-01    1.41e-01    3.4e-06
   6885      2.63e-01    2.97e-01      1.18e-03    1.31e-03      1.26e-01    1.42e-01    3.4e-06
   6894      2.70e-01    2.85e-01      1.17e-03    1.48e-03      1.29e-01    1.36e-01    3.4e-06
   6903      2.61e-01    3.03e-01      1.21e-03    1.33e-03      1.25e-01    1.45e-01    3.4e-06
   6912      2.71e-01    2.87e-01      1.07e-03    1.43e-03      1.30e-01    1.38e-01    3.4e-06
   6921      2.59e-01    2.87e-01      1.27e-03    1.30e-03      1.24e-01    1.37e-01    3.4e-06
   6930      2.64e-01    2.68e-01      1.17e-03    1.22e-03      1.27e-01    1.28e-01    3.4e-06
   6939      2.67e-01    2.80e-01      1.20e-03    1.31e-03      1.28e-01    1.34e-01    3.4e-06
   6948      2.67e-01    2.89e-01      1.27e-03    1.16e-03      1.28e-01    1.39e-01    3.4e-06
   6957      2.65e-01    2.78e-01      1.08e-03    1.18e-03      1.27e-01    1.33e-01    3.4e-06
   6966      2.72e-01    2.83e-01      1.11e-03    1.36e-03      1.31e-01    1.35e-01    3.4e-06
   6975      2.60e-01    2.85e-01      1.24e-03    1.23e-03      1.25e-01    1.36e-01    3.4e-06
   6984      2.64e-01    2.83e-01      1.19e-03    1.16e-03      1.27e-01    1.36e-01    3.4e-06
   6993      2.66e-01    2.87e-01      1.16e-03    1.28e-03      1.27e-01    1.38e-01    3.4e-06
   7002      2.70e-01    3.00e-01      1.23e-03    1.50e-03      1.29e-01    1.44e-01    3.4e-06
   7011      2.60e-01    2.89e-01      1.10e-03    1.42e-03      1.25e-01    1.38e-01    3.4e-06
   7020      2.61e-01    2.92e-01      1.36e-03    1.28e-03      1.25e-01    1.40e-01    3.4e-06
   7029      2.70e-01    2.93e-01      9.31e-04    1.04e-03      1.29e-01    1.40e-01    3.4e-06
   7038      2.72e-01    2.82e-01      1.23e-03    1.21e-03      1.30e-01    1.35e-01    3.4e-06
   7047      2.59e-01    2.84e-01      1.09e-03    1.28e-03      1.24e-01    1.36e-01    3.4e-06
   7056      2.71e-01    2.91e-01      8.69e-04    1.42e-03      1.30e-01    1.39e-01    3.4e-06
   7065      2.61e-01    2.89e-01      1.38e-03    1.14e-03      1.25e-01    1.38e-01    3.4e-06
   7074      2.66e-01    2.83e-01      1.15e-03    1.28e-03      1.27e-01    1.36e-01    3.4e-06
   7083      2.63e-01    2.93e-01      1.15e-03    1.32e-03      1.26e-01    1.40e-01    3.4e-06
   7092      2.67e-01    2.83e-01      1.38e-03    1.18e-03      1.28e-01    1.36e-01    3.4e-06
   7101      2.63e-01    2.85e-01      9.42e-04    1.44e-03      1.26e-01    1.36e-01    3.4e-06
   7110      2.78e-01    2.84e-01      1.17e-03    1.37e-03      1.33e-01    1.36e-01    3.4e-06
   7119      2.52e-01    2.81e-01      1.20e-03    1.28e-03      1.21e-01    1.34e-01    3.4e-06
   7128      2.67e-01    2.95e-01      1.25e-03    1.32e-03      1.28e-01    1.42e-01    3.4e-06
   7137      2.66e-01    2.87e-01      1.07e-03    1.40e-03      1.28e-01    1.37e-01    3.4e-06
   7146      2.67e-01    2.86e-01      1.22e-03    1.28e-03      1.28e-01    1.37e-01    3.4e-06
   7155      2.66e-01    2.86e-01      1.08e-03    1.32e-03      1.27e-01    1.37e-01    3.4e-06
   7164      2.69e-01    2.91e-01      1.20e-03    1.22e-03      1.29e-01    1.40e-01    3.4e-06
   7173      2.59e-01    2.91e-01      1.13e-03    1.34e-03      1.24e-01    1.40e-01    3.4e-06
   7182      2.70e-01    2.82e-01      1.24e-03    1.26e-03      1.30e-01    1.35e-01    3.4e-06
   7191      2.58e-01    2.89e-01      1.05e-03    1.32e-03      1.24e-01    1.38e-01    3.4e-06
   7200      2.60e-01    2.86e-01      1.09e-03    1.27e-03      1.25e-01    1.37e-01    3.4e-06
   7209      2.71e-01    2.88e-01      1.25e-03    1.19e-03      1.30e-01    1.38e-01    3.4e-06
   7218      2.54e-01    2.89e-01      1.19e-03    1.28e-03      1.22e-01    1.39e-01    3.4e-06
   7227      2.76e-01    2.84e-01      1.14e-03    1.35e-03      1.32e-01    1.36e-01    3.4e-06
   7236      2.66e-01    2.90e-01      1.15e-03    1.23e-03      1.28e-01    1.39e-01    3.4e-06
   7245      2.63e-01    2.85e-01      1.22e-03    9.83e-04      1.26e-01    1.37e-01    3.4e-06
   7254      2.65e-01    2.88e-01      1.18e-03    1.07e-03      1.27e-01    1.38e-01    3.4e-06
   7263      2.64e-01    2.96e-01      1.19e-03    1.30e-03      1.27e-01    1.42e-01    3.4e-06
   7272      2.69e-01    2.80e-01      1.19e-03    1.16e-03      1.29e-01    1.34e-01    3.4e-06
   7281      2.64e-01    2.85e-01      1.15e-03    1.36e-03      1.26e-01    1.37e-01    3.4e-06
   7290      2.67e-01    2.94e-01      1.03e-03    1.38e-03      1.28e-01    1.41e-01    3.4e-06
   7299      2.65e-01    2.93e-01      1.24e-03    1.34e-03      1.27e-01    1.40e-01    3.4e-06
   7308      2.58e-01    2.88e-01      1.33e-03    1.43e-03      1.23e-01    1.38e-01    3.4e-06
   7317      2.66e-01    2.87e-01      9.03e-04    1.29e-03      1.27e-01    1.38e-01    3.4e-06
   7326      2.62e-01    2.82e-01      1.26e-03    1.15e-03      1.25e-01    1.35e-01    3.4e-06
   7335      2.67e-01    2.86e-01      1.08e-03    9.48e-04      1.28e-01    1.37e-01    3.4e-06
   7344      2.57e-01    2.82e-01      1.29e-03    1.27e-03      1.23e-01    1.35e-01    3.4e-06
   7353      2.75e-01    2.77e-01      1.04e-03    1.18e-03      1.32e-01    1.33e-01    3.4e-06
   7362      2.62e-01    2.92e-01      1.22e-03    1.44e-03      1.26e-01    1.40e-01    3.4e-06
   7371      2.71e-01    2.78e-01      1.16e-03    1.52e-03      1.30e-01    1.33e-01    3.4e-06
   7380      2.67e-01    2.80e-01      1.09e-03    1.44e-03      1.28e-01    1.34e-01    3.4e-06
   7389      2.66e-01    2.77e-01      1.26e-03    1.33e-03      1.27e-01    1.33e-01    3.4e-06
   7398      2.61e-01    2.79e-01      1.16e-03    1.31e-03      1.25e-01    1.34e-01    3.4e-06
   7407      2.70e-01    2.68e-01      1.14e-03    1.21e-03      1.30e-01    1.29e-01    3.4e-06
   7416      2.66e-01    2.79e-01      1.37e-03    1.50e-03      1.27e-01    1.34e-01    3.4e-06
   7425      2.67e-01    2.81e-01      9.52e-04    1.30e-03      1.28e-01    1.34e-01    3.4e-06
   7434      2.58e-01    2.87e-01      1.27e-03    1.29e-03      1.24e-01    1.38e-01    3.4e-06
   7443      2.71e-01    2.81e-01      1.06e-03    1.03e-03      1.30e-01    1.35e-01    3.4e-06
   7452      2.66e-01    2.79e-01      1.33e-03    1.13e-03      1.28e-01    1.34e-01    3.4e-06
   7461      2.64e-01    2.89e-01      9.13e-04    1.23e-03      1.27e-01    1.38e-01    3.4e-06
   7470      2.67e-01    2.84e-01      1.24e-03    1.29e-03      1.28e-01    1.36e-01    3.4e-06
   7479      2.63e-01    2.83e-01      1.12e-03    1.09e-03      1.26e-01    1.35e-01    3.4e-06
   7488      2.70e-01    2.85e-01      1.11e-03    1.28e-03      1.30e-01    1.37e-01    3.4e-06
   7497      2.59e-01    3.00e-01      1.26e-03    1.19e-03      1.24e-01    1.44e-01    3.4e-06
   7506      2.74e-01    2.78e-01      1.16e-03    1.30e-03      1.31e-01    1.33e-01    3.4e-06
   7515      2.59e-01    2.85e-01      1.11e-03    1.26e-03      1.24e-01    1.36e-01    3.4e-06
   7524      2.63e-01    2.85e-01      1.21e-03    1.10e-03      1.26e-01    1.36e-01    3.4e-06
   7533      2.69e-01    2.87e-01      1.07e-03    1.48e-03      1.29e-01    1.38e-01    3.4e-06
   7542      2.64e-01    2.85e-01      1.01e-03    1.18e-03      1.26e-01    1.36e-01    3.4e-06
   7551      2.70e-01    2.81e-01      1.31e-03    1.37e-03      1.29e-01    1.35e-01    3.4e-06
   7560      2.62e-01    2.91e-01      1.27e-03    1.18e-03      1.25e-01    1.39e-01    3.4e-06
   7569      2.69e-01    2.86e-01      9.84e-04    1.19e-03      1.29e-01    1.37e-01    3.4e-06
   7578      2.66e-01    2.85e-01      1.30e-03    1.43e-03      1.27e-01    1.36e-01    3.4e-06
   7587      2.65e-01    2.86e-01      1.04e-03    1.10e-03      1.27e-01    1.37e-01    3.4e-06
   7596      2.69e-01    2.91e-01      1.17e-03    1.18e-03      1.29e-01    1.40e-01    3.4e-06
   7605      2.61e-01    2.81e-01      1.04e-03    1.03e-03      1.25e-01    1.35e-01    3.4e-06
   7614      2.67e-01    2.97e-01      1.24e-03    1.38e-03      1.28e-01    1.42e-01    3.4e-06
   7623      2.58e-01    2.78e-01      1.13e-03    1.15e-03      1.24e-01    1.33e-01    3.4e-06
   7632      2.72e-01    2.90e-01      1.29e-03    1.21e-03      1.30e-01    1.39e-01    3.4e-06
   7641      2.58e-01    2.84e-01      1.11e-03    1.22e-03      1.24e-01    1.36e-01    3.4e-06
   7650      2.75e-01    2.83e-01      9.68e-04    1.11e-03      1.32e-01    1.36e-01    3.4e-06
   7659      2.57e-01    2.96e-01      1.31e-03    1.29e-03      1.23e-01    1.42e-01    3.4e-06
   7668      2.69e-01    2.90e-01      1.19e-03    1.26e-03      1.29e-01    1.39e-01    3.4e-06
   7677      2.62e-01    2.95e-01      1.18e-03    1.45e-03      1.25e-01    1.41e-01    3.4e-06
   7686      2.66e-01    2.83e-01      1.25e-03    1.28e-03      1.28e-01    1.35e-01    3.4e-06
   7695      2.65e-01    2.92e-01      1.08e-03    1.32e-03      1.27e-01    1.40e-01    3.4e-06
   7704      2.69e-01    2.78e-01      1.28e-03    1.48e-03      1.29e-01    1.33e-01    3.4e-06
   7713      2.60e-01    2.86e-01      1.10e-03    1.20e-03      1.25e-01    1.37e-01    3.4e-06
   7722      2.59e-01    2.82e-01      1.29e-03    1.16e-03      1.24e-01    1.35e-01    3.4e-06
   7731      2.70e-01    2.88e-01      9.83e-04    1.20e-03      1.29e-01    1.38e-01    3.4e-06
   7740      2.68e-01    2.94e-01      1.29e-03    1.38e-03      1.28e-01    1.41e-01    3.4e-06
   7749      2.62e-01    2.85e-01      1.08e-03    1.10e-03      1.25e-01    1.37e-01    3.4e-06
   7758      2.72e-01    2.90e-01      1.26e-03    1.34e-03      1.30e-01    1.39e-01    3.4e-06
   7767      2.58e-01    2.94e-01      1.08e-03    1.34e-03      1.24e-01    1.41e-01    3.4e-06
   7776      2.62e-01    2.90e-01      1.16e-03    1.18e-03      1.25e-01    1.39e-01    3.4e-06
   7785      2.68e-01    2.88e-01      1.17e-03    1.40e-03      1.29e-01    1.38e-01    3.4e-06
   7794      2.60e-01    2.81e-01      1.03e-03    1.29e-03      1.24e-01    1.35e-01    3.4e-06
   7803      2.68e-01    2.83e-01      1.21e-03    1.20e-03      1.28e-01    1.36e-01    3.4e-06
   7812      2.48e-01    2.87e-01      1.08e-03    1.33e-03      1.19e-01    1.38e-01    3.4e-06
   7821      2.81e-01    2.77e-01      1.14e-03    1.26e-03      1.35e-01    1.33e-01    3.4e-06
   7830      2.63e-01    2.82e-01      1.18e-03    1.28e-03      1.26e-01    1.35e-01    3.4e-06
   7839      2.68e-01    2.90e-01      1.18e-03    1.28e-03      1.29e-01    1.39e-01    3.4e-06
   7848      2.74e-01    2.90e-01      1.39e-03    1.15e-03      1.31e-01    1.39e-01    3.4e-06
   7857      2.58e-01    2.86e-01      9.62e-04    9.80e-04      1.24e-01    1.37e-01    3.4e-06
   7866      2.64e-01    2.75e-01      1.16e-03    1.08e-03      1.27e-01    1.32e-01    3.4e-06
   7875      2.65e-01    2.86e-01      1.12e-03    1.56e-03      1.27e-01    1.37e-01    3.4e-06
   7884      2.70e-01    2.83e-01      1.13e-03    1.09e-03      1.30e-01    1.36e-01    3.4e-06
   7893      2.61e-01    2.85e-01      1.14e-03    1.20e-03      1.25e-01    1.37e-01    3.4e-06
   7902      2.62e-01    2.82e-01      1.20e-03    1.26e-03      1.26e-01    1.35e-01    3.4e-06
   7911      2.69e-01    2.78e-01      1.13e-03    1.25e-03      1.29e-01    1.33e-01    3.4e-06
   7920      2.65e-01    2.83e-01      1.08e-03    1.08e-03      1.27e-01    1.36e-01    3.4e-06
   7929      2.65e-01    2.86e-01      1.22e-03    1.36e-03      1.27e-01    1.37e-01    3.4e-06
   7938      2.72e-01    2.92e-01      1.10e-03    1.31e-03      1.30e-01    1.40e-01    3.4e-06
   7947      2.52e-01    2.81e-01      1.26e-03    1.18e-03      1.21e-01    1.35e-01    3.4e-06
   7956      2.64e-01    2.72e-01      1.16e-03    1.26e-03      1.27e-01    1.31e-01    3.4e-06
   7965      2.61e-01    2.88e-01      1.20e-03    1.33e-03      1.25e-01    1.38e-01    3.4e-06
   7974      2.72e-01    2.87e-01      1.08e-03    1.09e-03      1.30e-01    1.37e-01    3.4e-06
   7983      2.58e-01    2.80e-01      1.23e-03    1.37e-03      1.24e-01    1.34e-01    3.4e-06
   7992      2.66e-01    2.84e-01      1.08e-03    1.29e-03      1.27e-01    1.36e-01    3.4e-06
   8001      2.65e-01    2.87e-01      1.26e-03    1.29e-03      1.27e-01    1.38e-01    3.4e-06
   8010      2.66e-01    2.91e-01      1.29e-03    1.37e-03      1.27e-01    1.39e-01    3.4e-06
   8019      2.67e-01    2.80e-01      1.06e-03    1.11e-03      1.28e-01    1.34e-01    3.4e-06
   8028      2.71e-01    2.91e-01      1.10e-03    1.63e-03      1.30e-01    1.39e-01    3.4e-06
   8037      2.58e-01    2.75e-01      1.24e-03    1.15e-03      1.24e-01    1.32e-01    3.4e-06
   8046      2.59e-01    2.89e-01      1.24e-03    1.26e-03      1.24e-01    1.39e-01    3.4e-06
   8055      2.72e-01    2.76e-01      1.10e-03    1.34e-03      1.30e-01    1.32e-01    3.4e-06
   8064      2.71e-01    2.91e-01      1.18e-03    1.32e-03      1.30e-01    1.40e-01    3.4e-06
   8073      2.59e-01    2.97e-01      1.19e-03    1.29e-03      1.24e-01    1.42e-01    3.4e-06
   8082      2.69e-01    2.90e-01      9.82e-04    1.22e-03      1.29e-01    1.39e-01    3.4e-06
   8091      2.58e-01    2.84e-01      1.30e-03    1.30e-03      1.23e-01    1.36e-01    3.4e-06
   8100      2.78e-01    2.94e-01      1.16e-03    1.28e-03      1.33e-01    1.41e-01    3.4e-06
   8109      2.51e-01    2.86e-01      1.21e-03    1.32e-03      1.20e-01    1.37e-01    3.4e-06
   8118      2.72e-01    2.82e-01      1.12e-03    1.33e-03      1.30e-01    1.35e-01    3.4e-06
   8127      2.57e-01    2.88e-01      1.13e-03    1.46e-03      1.23e-01    1.38e-01    3.4e-06
   8136      2.63e-01    2.80e-01      1.14e-03    1.24e-03      1.26e-01    1.34e-01    3.4e-06
   8145      2.67e-01    2.95e-01      1.13e-03    1.42e-03      1.28e-01    1.41e-01    3.4e-06
   8154      2.54e-01    2.92e-01      1.24e-03    1.24e-03      1.22e-01    1.40e-01    3.4e-06
   8163      2.79e-01    2.92e-01      1.03e-03    1.22e-03      1.34e-01    1.40e-01    3.4e-06
   8172      2.66e-01    2.76e-01      1.04e-03    1.26e-03      1.28e-01    1.32e-01    3.4e-06
   8181      2.65e-01    2.84e-01      1.32e-03    1.47e-03      1.27e-01    1.36e-01    3.4e-06
   8190      2.74e-01    2.85e-01      1.04e-03    1.27e-03      1.31e-01    1.36e-01    3.4e-06
   8199      2.58e-01    2.91e-01      1.32e-03    1.10e-03      1.24e-01    1.39e-01    3.4e-06
   8208      2.69e-01    2.89e-01      1.22e-03    1.25e-03      1.29e-01    1.38e-01    3.4e-06
   8217      2.57e-01    2.75e-01      1.18e-03    1.21e-03      1.23e-01    1.32e-01    3.4e-06
   8226      2.73e-01    2.83e-01      1.14e-03    1.26e-03      1.31e-01    1.35e-01    3.4e-06
   8235      2.58e-01    2.88e-01      1.18e-03    1.54e-03      1.23e-01    1.38e-01    3.4e-06
   8244      2.61e-01    2.89e-01      1.25e-03    1.42e-03      1.25e-01    1.39e-01    3.4e-06
   8253      2.69e-01    2.89e-01      1.11e-03    1.34e-03      1.29e-01    1.38e-01    3.4e-06
   8262      2.59e-01    2.82e-01      1.18e-03    1.27e-03      1.24e-01    1.35e-01    3.4e-06
   8271      2.71e-01    2.84e-01      1.20e-03    1.28e-03      1.30e-01    1.36e-01    3.4e-06
   8280      2.65e-01    2.76e-01      1.10e-03    1.16e-03      1.27e-01    1.32e-01    3.4e-06
   8289      2.63e-01    2.80e-01      1.19e-03    1.28e-03      1.26e-01    1.34e-01    3.4e-06
   8298      2.69e-01    2.77e-01      1.21e-03    1.21e-03      1.29e-01    1.33e-01    3.4e-06
   8307      2.59e-01    2.84e-01      1.16e-03    1.29e-03      1.24e-01    1.36e-01    3.4e-06
   8316      2.75e-01    2.84e-01      1.19e-03    1.16e-03      1.32e-01    1.36e-01    3.4e-06
   8325      2.53e-01    2.85e-01      1.22e-03    1.06e-03      1.21e-01    1.36e-01    3.4e-06
   8334      2.60e-01    2.81e-01      1.12e-03    1.09e-03      1.25e-01    1.34e-01    3.4e-06
   8343      2.72e-01    2.87e-01      1.16e-03    1.14e-03      1.30e-01    1.38e-01    3.4e-06
   8352      2.71e-01    2.76e-01      1.24e-03    1.25e-03      1.30e-01    1.32e-01    3.4e-06
   8361      2.61e-01    2.98e-01      1.01e-03    1.54e-03      1.25e-01    1.43e-01    3.4e-06
   8370      2.70e-01    2.82e-01      1.27e-03    1.22e-03      1.29e-01    1.35e-01    3.4e-06
   8379      2.59e-01    2.87e-01      1.05e-03    1.33e-03      1.24e-01    1.38e-01    3.4e-06
   8388      2.62e-01    2.81e-01      1.37e-03    1.07e-03      1.26e-01    1.35e-01    3.4e-06
   8397      2.65e-01    2.91e-01      9.36e-04    1.02e-03      1.27e-01    1.40e-01    3.4e-06
   8406      2.61e-01    2.79e-01      1.12e-03    1.12e-03      1.25e-01    1.34e-01    3.4e-06
   8415      2.68e-01    2.93e-01      1.27e-03    1.42e-03      1.28e-01    1.40e-01    3.4e-06
   8424      2.70e-01    2.81e-01      1.00e-03    1.25e-03      1.30e-01    1.34e-01    3.4e-06
   8433      2.57e-01    2.86e-01      1.41e-03    1.18e-03      1.23e-01    1.37e-01    3.4e-06
   8442      2.68e-01    2.87e-01      1.18e-03    1.29e-03      1.28e-01    1.38e-01    3.4e-06
   8451      2.66e-01    2.79e-01      1.13e-03    1.06e-03      1.27e-01    1.34e-01    3.4e-06
   8460      2.67e-01    2.85e-01      1.25e-03    1.18e-03      1.28e-01    1.36e-01    3.4e-06
   8469      2.66e-01    2.82e-01      1.09e-03    1.38e-03      1.27e-01    1.35e-01    3.4e-06
   8478      2.59e-01    2.77e-01      1.23e-03    1.43e-03      1.24e-01    1.33e-01    3.4e-06
   8487      2.71e-01    2.84e-01      1.14e-03    1.21e-03      1.30e-01    1.36e-01    3.4e-06
   8496      2.70e-01    2.73e-01      1.26e-03    1.28e-03      1.29e-01    1.31e-01    3.4e-06
   8505      2.60e-01    2.78e-01      1.07e-03    1.19e-03      1.25e-01    1.33e-01    3.4e-06
   8514      2.74e-01    2.73e-01      1.15e-03    1.17e-03      1.31e-01    1.31e-01    3.4e-06
   8523      2.57e-01    2.80e-01      1.21e-03    8.57e-04      1.23e-01    1.34e-01    3.4e-06
   8532      2.58e-01    2.81e-01      1.10e-03    1.17e-03      1.24e-01    1.34e-01    3.4e-06
   8541      2.73e-01    2.79e-01      1.30e-03    1.41e-03      1.31e-01    1.34e-01    3.4e-06
   8550      2.57e-01    2.92e-01      1.19e-03    1.19e-03      1.23e-01    1.40e-01    3.4e-06
   8559      2.73e-01    2.86e-01      1.19e-03    1.26e-03      1.31e-01    1.37e-01    3.4e-06
   8568      2.72e-01    2.87e-01      1.19e-03    1.12e-03      1.30e-01    1.38e-01    3.4e-06
   8577      2.57e-01    2.87e-01      1.17e-03    1.25e-03      1.23e-01    1.37e-01    3.4e-06
   8586      2.73e-01    2.82e-01      9.52e-04    1.33e-03      1.31e-01    1.35e-01    3.4e-06
   8595      2.57e-01    2.79e-01      1.36e-03    1.17e-03      1.23e-01    1.34e-01    3.4e-06
   8604      2.61e-01    2.90e-01      1.15e-03    1.29e-03      1.25e-01    1.39e-01    3.4e-06
   8613      2.70e-01    2.86e-01      1.23e-03    1.10e-03      1.30e-01    1.37e-01    3.4e-06
   8622      2.55e-01    2.87e-01      1.13e-03    1.20e-03      1.22e-01    1.38e-01    3.4e-06
   8631      2.77e-01    2.91e-01      1.14e-03    1.27e-03      1.33e-01    1.40e-01    3.4e-06
   8640      2.59e-01    2.81e-01      1.16e-03    1.21e-03      1.24e-01    1.34e-01    3.4e-06
   8649      2.69e-01    2.92e-01      1.13e-03    1.50e-03      1.29e-01    1.40e-01    3.4e-06
   8658      2.65e-01    2.90e-01      1.07e-03    1.26e-03      1.27e-01    1.39e-01    3.4e-06
   8667      2.64e-01    2.94e-01      1.24e-03    1.41e-03      1.26e-01    1.41e-01    3.4e-06
   8676      2.58e-01    2.91e-01      1.22e-03    1.24e-03      1.24e-01    1.40e-01    3.4e-06
   8685      2.71e-01    2.95e-01      1.16e-03    1.19e-03      1.30e-01    1.41e-01    3.4e-06
   8694      2.70e-01    2.81e-01      1.09e-03    1.25e-03      1.29e-01    1.34e-01    3.4e-06
   8703      2.63e-01    2.96e-01      1.20e-03    9.59e-04      1.26e-01    1.42e-01    3.4e-06
   8712      2.73e-01    2.88e-01      1.24e-03    1.13e-03      1.31e-01    1.38e-01    3.4e-06
   8721      2.58e-01    2.84e-01      1.00e-03    9.27e-04      1.24e-01    1.36e-01    3.4e-06
   8730      2.64e-01    3.03e-01      1.35e-03    1.18e-03      1.27e-01    1.45e-01    3.4e-06
   8739      2.66e-01    2.78e-01      8.93e-04    1.09e-03      1.28e-01    1.33e-01    3.4e-06
   8748      2.72e-01    2.88e-01      1.20e-03    1.27e-03      1.30e-01    1.38e-01    3.4e-06
   8757      2.56e-01    2.70e-01      1.06e-03    1.06e-03      1.23e-01    1.29e-01    3.4e-06
   8766      2.72e-01    2.87e-01      1.21e-03    1.38e-03      1.30e-01    1.38e-01    3.4e-06
   8775      2.56e-01    2.87e-01      1.16e-03    1.16e-03      1.23e-01    1.38e-01    3.4e-06
   8784      2.69e-01    2.87e-01      1.08e-03    1.09e-03      1.29e-01    1.37e-01    3.4e-06
   8793      2.62e-01    2.71e-01      1.22e-03    1.25e-03      1.26e-01    1.30e-01    3.4e-06
   8802      2.62e-01    2.85e-01      1.18e-03    1.45e-03      1.26e-01    1.36e-01    3.4e-06
   8811      2.71e-01    2.84e-01      1.23e-03    1.18e-03      1.30e-01    1.36e-01    3.4e-06
   8820      2.76e-01    2.70e-01      1.18e-03    1.35e-03      1.32e-01    1.29e-01    3.4e-06
   8829      2.56e-01    2.83e-01      1.15e-03    1.09e-03      1.23e-01    1.36e-01    3.4e-06
   8838      2.59e-01    2.88e-01      1.33e-03    1.14e-03      1.24e-01    1.38e-01    3.4e-06
   8847      2.70e-01    2.96e-01      9.96e-04    1.41e-03      1.29e-01    1.42e-01    3.4e-06
   8856      2.64e-01    3.00e-01      1.16e-03    1.37e-03      1.26e-01    1.43e-01    3.4e-06
   8865      2.67e-01    2.83e-01      1.15e-03    1.12e-03      1.28e-01    1.36e-01    3.4e-06
   8874      2.69e-01    2.93e-01      9.53e-04    1.29e-03      1.29e-01    1.40e-01    3.4e-06
   8883      2.62e-01    3.02e-01      1.30e-03    1.26e-03      1.25e-01    1.45e-01    3.4e-06
   8892      2.72e-01    2.96e-01      1.12e-03    1.23e-03      1.31e-01    1.42e-01    3.4e-06
   8901      2.58e-01    2.84e-01      1.22e-03    1.27e-03      1.23e-01    1.36e-01    3.4e-06
   8910      2.63e-01    2.87e-01      1.26e-03    1.24e-03      1.26e-01    1.38e-01    3.4e-06
   8919      2.69e-01    3.02e-01      1.11e-03    1.26e-03      1.29e-01    1.45e-01    3.4e-06
   8928      2.61e-01    2.93e-01      1.17e-03    1.29e-03      1.25e-01    1.40e-01    3.4e-06
   8937      2.66e-01    2.91e-01      1.19e-03    1.44e-03      1.27e-01    1.39e-01    3.4e-06
   8946      2.63e-01    2.94e-01      1.28e-03    1.22e-03      1.26e-01    1.41e-01    3.4e-06
   8955      2.68e-01    2.95e-01      1.19e-03    1.58e-03      1.28e-01    1.41e-01    3.4e-06
   8964      2.63e-01    2.94e-01      1.18e-03    1.42e-03      1.26e-01    1.41e-01    3.4e-06
   8973      2.70e-01    2.93e-01      1.17e-03    1.17e-03      1.29e-01    1.40e-01    3.4e-06
   8982      2.61e-01    2.97e-01      1.35e-03    1.37e-03      1.25e-01    1.43e-01    3.4e-06
   8991      2.67e-01    2.89e-01      1.03e-03    1.17e-03      1.28e-01    1.39e-01    3.4e-06
   9000      2.64e-01    2.80e-01      1.21e-03    1.13e-03      1.27e-01    1.34e-01    3.4e-06
