#  step      rmse_val    rmse_trn    rmse_e_val  rmse_e_trn    rmse_f_val  rmse_f_trn         lr
      0      3.55e+01    3.28e+01      2.53e-01    2.46e-01      1.12e+00    1.04e+00    1.0e-03
     19      2.76e+01    2.64e+01      1.58e-01    1.61e-01      8.72e-01    8.35e-01    1.0e-03
     38      2.10e+01    2.35e+01      1.68e-01    1.74e-01      6.65e-01    7.42e-01    1.0e-03
     57      2.41e+01    2.21e+01      3.15e-02    3.07e-02      7.63e-01    6.98e-01    1.0e-03
     76      2.10e+01    2.04e+01      1.36e-01    1.36e-01      6.64e-01    6.47e-01    1.0e-03
     95      2.07e+01    1.83e+01      2.53e-01    2.49e-01      6.56e-01    5.78e-01    1.0e-03
    114      1.34e+01    1.41e+01      2.00e-01    1.97e-01      4.25e-01    4.46e-01    1.0e-03
    133      1.12e+01    1.11e+01      9.12e-03    8.95e-03      3.55e-01    3.50e-01    1.0e-03
    152      9.62e+00    9.82e+00      1.04e-01    1.02e-01      3.04e-01    3.11e-01    1.0e-03
    171      9.78e+00    9.23e+00      5.39e-02    5.38e-02      3.09e-01    2.92e-01    1.0e-03
    190      9.17e+00    8.54e+00      5.86e-02    5.68e-02      2.90e-01    2.70e-01    1.0e-03
    209      8.61e+00    7.82e+00      2.05e-02    2.42e-02      2.72e-01    2.47e-01    1.0e-03
    228      7.21e+00    7.61e+00      6.93e-03    6.32e-03      2.28e-01    2.41e-01    1.0e-03
    247      6.78e+00    7.39e+00      1.26e-02    1.16e-02      2.14e-01    2.34e-01    1.0e-03
    266      7.12e+00    7.15e+00      4.39e-03    5.47e-03      2.25e-01    2.26e-01    1.0e-03
    285      6.40e+00    6.95e+00      1.54e-02    1.60e-02      2.02e-01    2.20e-01    1.0e-03
    304      6.27e+00    6.64e+00      7.21e-03    8.47e-03      1.98e-01    2.10e-01    1.0e-03
    323      6.21e+00    6.66e+00      1.47e-02    1.37e-02      1.96e-01    2.11e-01    1.0e-03
    342      6.64e+00    6.55e+00      2.60e-02    2.59e-02      2.10e-01    2.07e-01    1.0e-03
    361      6.77e+00    6.45e+00      1.10e-02    9.32e-03      2.14e-01    2.04e-01    1.0e-03
    380      5.91e+00    6.32e+00      3.35e-02    3.33e-02      1.87e-01    2.00e-01    1.0e-03
    399      5.88e+00    5.92e+00      3.67e-02    3.75e-02      1.86e-01    1.87e-01    1.0e-03
    418      6.25e+00    5.82e+00      2.41e-02    2.55e-02      1.98e-01    1.84e-01    1.0e-03
    437      5.16e+00    5.62e+00      1.53e-02    1.56e-02      1.63e-01    1.78e-01    1.0e-03
    456      5.13e+00    5.58e+00      4.19e-03    3.13e-03      1.62e-01    1.76e-01    1.0e-03
    475      5.35e+00    5.62e+00      3.58e-02    3.45e-02      1.69e-01    1.78e-01    1.0e-03
    494      4.95e+00    5.33e+00      2.16e-02    2.35e-02      1.56e-01    1.68e-01    1.0e-03
    513      5.74e+00    5.30e+00      2.17e-02    2.04e-02      1.82e-01    1.68e-01    1.0e-03
    532      4.79e+00    5.11e+00      3.46e-02    3.38e-02      1.51e-01    1.62e-01    1.0e-03
    551      5.11e+00    5.30e+00      1.77e-02    1.84e-02      1.62e-01    1.68e-01    1.0e-03
    570      4.48e+00    4.85e+00      3.75e-02    3.72e-02      1.42e-01    1.53e-01    1.0e-03
    589      4.75e+00    4.89e+00      3.06e-02    3.08e-02      1.50e-01    1.55e-01    1.0e-03
    608      4.45e+00    4.67e+00      9.09e-03    7.83e-03      1.41e-01    1.48e-01    1.0e-03
    627      4.57e+00    4.99e+00      4.92e-02    5.00e-02      1.44e-01    1.58e-01    1.0e-03
    646      5.38e+00    5.24e+00      4.02e-02    3.87e-02      1.70e-01    1.66e-01    1.0e-03
    665      4.43e+00    4.59e+00      1.05e-02    1.10e-02      1.40e-01    1.45e-01    1.0e-03
    684      4.30e+00    4.49e+00      7.67e-03    7.14e-03      1.36e-01    1.42e-01    1.0e-03
    703      4.49e+00    4.61e+00      2.68e-02    2.65e-02      1.42e-01    1.46e-01    1.0e-03
    722      4.57e+00    4.47e+00      2.24e-02    2.26e-02      1.45e-01    1.41e-01    1.0e-03
    741      4.58e+00    4.58e+00      2.57e-02    2.71e-02      1.45e-01    1.45e-01    1.0e-03
    760      4.25e+00    4.33e+00      8.10e-03    6.65e-03      1.34e-01    1.37e-01    1.0e-03
    779      3.88e+00    4.42e+00      4.75e-02    4.79e-02      1.23e-01    1.40e-01    1.0e-03
    798      4.02e+00    4.50e+00      5.07e-02    5.07e-02      1.27e-01    1.42e-01    1.0e-03
    817      4.66e+00    4.47e+00      5.65e-02    5.73e-02      1.47e-01    1.41e-01    1.0e-03
    836      4.38e+00    4.90e+00      6.35e-02    6.35e-02      1.38e-01    1.55e-01    1.0e-03
    855      4.65e+00    4.24e+00      2.61e-03    3.27e-03      1.47e-01    1.34e-01    1.0e-03
    874      3.91e+00    4.13e+00      2.79e-02    2.89e-02      1.24e-01    1.31e-01    1.0e-03
    893      4.49e+00    4.28e+00      8.16e-03    8.79e-03      1.42e-01    1.35e-01    1.0e-03
    912      4.27e+00    4.36e+00      1.35e-02    1.22e-02      1.35e-01    1.38e-01    1.0e-03
    931      3.50e+00    4.17e+00      7.15e-03    6.57e-03      1.11e-01    1.32e-01    1.0e-03
    950      3.86e+00    4.24e+00      1.25e-02    1.26e-02      1.22e-01    1.34e-01    1.0e-03
    969      4.58e+00    4.25e+00      3.18e-02    3.19e-02      1.45e-01    1.34e-01    1.0e-03
    988      3.78e+00    4.12e+00      4.48e-03    3.43e-03      1.20e-01    1.30e-01    1.0e-03
   1007      4.19e+00    4.03e+00      4.21e-02    4.32e-02      1.33e-01    1.27e-01    1.0e-03
   1026      3.70e+00    4.13e+00      1.15e-02    1.17e-02      1.17e-01    1.31e-01    1.0e-03
   1045      3.84e+00    4.10e+00      1.06e-03    1.63e-03      1.21e-01    1.30e-01    1.0e-03
   1064      3.83e+00    3.84e+00      1.70e-02    1.59e-02      1.21e-01    1.22e-01    1.0e-03
   1083      3.54e+00    4.09e+00      8.68e-03    8.32e-03      1.12e-01    1.29e-01    1.0e-03
   1102      4.55e+00    4.28e+00      4.00e-03    4.25e-03      1.44e-01    1.35e-01    1.0e-03
   1121      3.64e+00    3.86e+00      2.73e-02    2.64e-02      1.15e-01    1.22e-01    1.0e-03
   1140      4.78e+00    4.57e+00      2.56e-02    2.61e-02      1.51e-01    1.45e-01    1.0e-03
   1159      3.64e+00    3.91e+00      6.68e-02    6.75e-02      1.15e-01    1.23e-01    1.0e-03
   1178      3.75e+00    3.77e+00      4.76e-03    6.01e-03      1.19e-01    1.19e-01    1.0e-03
   1197      4.37e+00    3.72e+00      7.73e-03    8.80e-03      1.38e-01    1.18e-01    1.0e-03
   1216      3.77e+00    3.95e+00      1.96e-02    1.98e-02      1.19e-01    1.25e-01    1.0e-03
   1235      4.00e+00    4.21e+00      9.00e-03    9.23e-03      1.26e-01    1.33e-01    1.0e-03
   1254      3.47e+00    4.05e+00      7.31e-03    6.88e-03      1.10e-01    1.28e-01    1.0e-03
   1273      4.06e+00    4.02e+00      1.15e-02    1.22e-02      1.28e-01    1.27e-01    1.0e-03
   1292      3.65e+00    3.81e+00      1.80e-02    1.83e-02      1.15e-01    1.20e-01    1.0e-03
   1311      3.55e+00    4.06e+00      4.57e-02    4.60e-02      1.12e-01    1.28e-01    1.0e-03
   1330      3.30e+00    3.93e+00      6.45e-03    6.83e-03      1.04e-01    1.24e-01    1.0e-03
   1349      3.57e+00    3.74e+00      8.17e-03    8.84e-03      1.13e-01    1.18e-01    1.0e-03
   1368      3.90e+00    3.68e+00      1.37e-02    1.45e-02      1.23e-01    1.16e-01    1.0e-03
   1387      4.33e+00    4.42e+00      3.14e-02    3.30e-02      1.37e-01    1.40e-01    1.0e-03
   1406      3.26e+00    3.84e+00      2.21e-02    2.18e-02      1.03e-01    1.22e-01    1.0e-03
   1425      3.34e+00    3.80e+00      2.84e-02    2.82e-02      1.06e-01    1.20e-01    1.0e-03
   1444      3.43e+00    3.57e+00      1.48e-02    1.45e-02      1.09e-01    1.13e-01    1.0e-03
   1463      3.55e+00    3.89e+00      1.56e-02    1.61e-02      1.12e-01    1.23e-01    1.0e-03
   1482      3.62e+00    3.79e+00      2.62e-02    2.67e-02      1.15e-01    1.20e-01    1.0e-03
   1501      4.52e+00    4.65e+00      6.36e-03    5.34e-03      1.43e-01    1.47e-01    1.0e-03
   1520      3.52e+00    3.58e+00      2.88e-02    2.75e-02      1.11e-01    1.13e-01    1.0e-03
   1539      3.24e+00    3.47e+00      1.06e-02    1.01e-02      1.02e-01    1.10e-01    1.0e-03
   1558      3.97e+00    4.03e+00      3.00e-02    3.12e-02      1.26e-01    1.27e-01    1.0e-03
   1577      3.51e+00    3.86e+00      4.03e-03    4.21e-03      1.11e-01    1.22e-01    1.0e-03
   1596      3.30e+00    3.55e+00      1.02e-02    1.04e-02      1.05e-01    1.12e-01    1.0e-03
   1615      3.26e+00    3.57e+00      1.37e-02    1.35e-02      1.03e-01    1.13e-01    1.0e-03
   1634      3.91e+00    3.97e+00      4.18e-02    4.26e-02      1.24e-01    1.26e-01    1.0e-03
   1653      3.54e+00    3.60e+00      7.18e-03    7.14e-03      1.12e-01    1.14e-01    1.0e-03
   1672      3.15e+00    3.62e+00      7.97e-03    7.86e-03      9.97e-02    1.15e-01    1.0e-03
   1691      3.94e+00    4.27e+00      7.09e-02    7.11e-02      1.25e-01    1.35e-01    1.0e-03
   1710      3.45e+00    3.84e+00      1.42e-02    1.48e-02      1.09e-01    1.21e-01    1.0e-03
   1729      3.47e+00    3.77e+00      6.37e-03    7.49e-03      1.10e-01    1.19e-01    1.0e-03
   1748      3.68e+00    3.45e+00      2.89e-04    7.98e-04      1.16e-01    1.09e-01    1.0e-03
   1767      3.31e+00    3.63e+00      8.39e-03    8.68e-03      1.05e-01    1.15e-01    1.0e-03
   1786      2.98e+00    3.48e+00      2.45e-02    2.39e-02      9.43e-02    1.10e-01    1.0e-03
   1805      3.11e+00    3.62e+00      1.20e-03    8.20e-04      9.85e-02    1.14e-01    1.0e-03
   1824      4.33e+00    3.94e+00      1.80e-02    1.75e-02      1.37e-01    1.24e-01    1.0e-03
   1843      3.62e+00    3.64e+00      1.37e-02    1.41e-02      1.15e-01    1.15e-01    1.0e-03
   1862      3.97e+00    3.60e+00      1.97e-02    2.01e-02      1.26e-01    1.14e-01    1.0e-03
   1881      3.79e+00    3.61e+00      4.19e-03    4.12e-03      1.20e-01    1.14e-01    1.0e-03
   1900      3.89e+00    3.77e+00      3.89e-02    4.01e-02      1.23e-01    1.19e-01    1.0e-03
   1919      3.72e+00    3.54e+00      1.42e-02    1.46e-02      1.18e-01    1.12e-01    1.0e-03
   1938      2.96e+00    3.49e+00      1.89e-02    1.87e-02      9.36e-02    1.10e-01    1.0e-03
   1957      3.67e+00    3.49e+00      1.62e-02    1.67e-02      1.16e-01    1.10e-01    1.0e-03
   1976      3.21e+00    3.55e+00      8.32e-03    8.13e-03      1.01e-01    1.12e-01    1.0e-03
   1995      2.90e+00    3.50e+00      4.80e-03    4.60e-03      9.18e-02    1.11e-01    1.0e-03
   2014      3.35e+00    3.55e+00      3.39e-02    3.37e-02      1.06e-01    1.12e-01    1.0e-03
   2033      3.25e+00    3.54e+00      3.80e-02    3.75e-02      1.03e-01    1.12e-01    1.0e-03
   2052      3.77e+00    3.44e+00      2.49e-02    2.55e-02      1.19e-01    1.09e-01    1.0e-03
   2071      3.02e+00    3.41e+00      3.07e-03    3.55e-03      9.54e-02    1.08e-01    1.0e-03
   2090      3.46e+00    3.52e+00      6.15e-03    4.96e-03      1.10e-01    1.11e-01    1.0e-03
   2109      3.08e+00    3.39e+00      1.68e-02    1.64e-02      9.75e-02    1.07e-01    1.0e-03
   2128      3.06e+00    3.43e+00      1.28e-02    1.34e-02      9.67e-02    1.09e-01    1.0e-03
   2147      3.33e+00    3.59e+00      3.52e-02    3.47e-02      1.05e-01    1.13e-01    1.0e-03
   2166      3.39e+00    3.56e+00      1.54e-02    1.59e-02      1.07e-01    1.13e-01    1.0e-03
   2185      2.95e+00    3.45e+00      7.57e-03    7.08e-03      9.34e-02    1.09e-01    1.0e-03
   2204      3.74e+00    3.49e+00      3.98e-02    3.92e-02      1.18e-01    1.10e-01    1.0e-03
   2223      3.47e+00    3.47e+00      4.89e-02    4.99e-02      1.10e-01    1.10e-01    1.0e-03
   2242      3.74e+00    3.41e+00      4.56e-02    4.55e-02      1.18e-01    1.08e-01    1.0e-03
   2261      3.17e+00    3.38e+00      2.50e-02    2.49e-02      1.00e-01    1.07e-01    1.0e-03
   2280      3.96e+00    4.12e+00      3.34e-02    3.40e-02      1.25e-01    1.30e-01    1.0e-03
   2299      3.39e+00    3.69e+00      5.65e-02    5.65e-02      1.07e-01    1.17e-01    1.0e-03
   2318      3.74e+00    3.36e+00      4.97e-03    4.88e-03      1.18e-01    1.06e-01    1.0e-03
   2337      2.83e+00    3.38e+00      7.33e-03    7.82e-03      8.96e-02    1.07e-01    1.0e-03
   2356      3.34e+00    3.37e+00      5.89e-03    6.11e-03      1.06e-01    1.07e-01    1.0e-03
   2375      3.20e+00    3.78e+00      1.59e-02    1.54e-02      1.01e-01    1.20e-01    1.0e-03
   2394      3.64e+00    3.74e+00      2.82e-02    2.93e-02      1.15e-01    1.18e-01    1.0e-03
   2413      3.32e+00    3.43e+00      6.44e-03    5.49e-03      1.05e-01    1.08e-01    1.0e-03
   2432      3.04e+00    3.27e+00      1.73e-02    1.70e-02      9.63e-02    1.04e-01    1.0e-03
   2451      2.89e+00    3.29e+00      4.83e-03    5.17e-03      9.14e-02    1.04e-01    1.0e-03
   2470      3.17e+00    3.42e+00      1.44e-02    1.45e-02      1.00e-01    1.08e-01    1.0e-03
   2489      3.91e+00    3.62e+00      1.19e-02    1.21e-02      1.24e-01    1.14e-01    1.0e-03
   2508      2.98e+00    3.43e+00      9.13e-03    8.82e-03      9.42e-02    1.08e-01    1.0e-03
   2527      3.46e+00    3.36e+00      1.82e-03    1.83e-03      1.09e-01    1.06e-01    1.0e-03
   2546      3.71e+00    3.53e+00      1.68e-02    1.67e-02      1.17e-01    1.12e-01    1.0e-03
   2565      3.33e+00    3.74e+00      2.77e-02    2.83e-02      1.05e-01    1.18e-01    1.0e-03
   2584      2.93e+00    3.56e+00      4.60e-02    4.57e-02      9.25e-02    1.13e-01    1.0e-03
   2603      3.25e+00    3.39e+00      2.96e-02    2.92e-02      1.03e-01    1.07e-01    1.0e-03
   2622      2.97e+00    3.20e+00      8.10e-03    7.42e-03      9.41e-02    1.01e-01    1.0e-03
   2641      3.17e+00    3.45e+00      2.28e-02    2.29e-02      1.00e-01    1.09e-01    1.0e-03
   2660      3.73e+00    3.87e+00      4.41e-02    4.44e-02      1.18e-01    1.22e-01    1.0e-03
   2679      3.28e+00    3.31e+00      2.24e-03    3.43e-03      1.04e-01    1.05e-01    1.0e-03
   2698      2.85e+00    3.17e+00      9.85e-03    9.49e-03      9.01e-02    1.00e-01    1.0e-03
   2717      3.70e+00    3.53e+00      3.07e-02    3.15e-02      1.17e-01    1.12e-01    1.0e-03
   2736      3.06e+00    3.51e+00      2.34e-02    2.30e-02      9.66e-02    1.11e-01    1.0e-03
   2755      3.05e+00    3.25e+00      3.47e-03    3.44e-03      9.65e-02    1.03e-01    1.0e-03
   2774      3.80e+00    3.47e+00      3.15e-02    3.10e-02      1.20e-01    1.10e-01    1.0e-03
   2793      3.13e+00    3.44e+00      2.20e-02    2.14e-02      9.90e-02    1.09e-01    1.0e-03
   2812      3.38e+00    3.38e+00      3.36e-02    3.34e-02      1.07e-01    1.07e-01    1.0e-03
   2831      3.25e+00    3.25e+00      3.44e-02    3.41e-02      1.03e-01    1.03e-01    1.0e-03
   2850      3.20e+00    3.17e+00      2.97e-03    4.08e-03      1.01e-01    1.00e-01    1.0e-03
   2869      3.34e+00    3.45e+00      2.32e-02    2.23e-02      1.06e-01    1.09e-01    1.0e-03
   2888      2.88e+00    3.31e+00      2.91e-02    2.88e-02      9.10e-02    1.05e-01    1.0e-03
   2907      3.05e+00    3.26e+00      2.58e-03    2.96e-03      9.63e-02    1.03e-01    1.0e-03
   2926      2.90e+00    3.27e+00      8.52e-03    8.32e-03      9.16e-02    1.04e-01    1.0e-03
   2945      3.67e+00    3.20e+00      1.24e-02    1.20e-02      1.16e-01    1.01e-01    1.0e-03
   2964      3.08e+00    3.27e+00      1.10e-02    9.61e-03      9.74e-02    1.04e-01    1.0e-03
   2983      3.96e+00    3.79e+00      5.93e-02    5.99e-02      1.25e-01    1.20e-01    1.0e-03
   3002      2.96e+00    3.24e+00      3.85e-03    3.80e-03      9.35e-02    1.02e-01    1.0e-03
   3021      2.95e+00    3.26e+00      2.51e-02    2.47e-02      9.34e-02    1.03e-01    1.0e-03
   3040      3.86e+00    3.62e+00      3.23e-02    3.23e-02      1.22e-01    1.14e-01    1.0e-03
   3059      3.28e+00    3.44e+00      7.44e-04    7.02e-04      1.04e-01    1.09e-01    1.0e-03
   3078      3.25e+00    3.17e+00      1.40e-02    1.44e-02      1.03e-01    1.00e-01    1.0e-03
   3097      2.75e+00    3.15e+00      3.18e-03    3.15e-03      8.68e-02    9.96e-02    1.0e-03
   3116      3.27e+00    3.57e+00      1.64e-02    1.64e-02      1.03e-01    1.13e-01    1.0e-03
   3135      3.03e+00    3.20e+00      1.61e-02    1.57e-02      9.59e-02    1.01e-01    1.0e-03
   3154      3.34e+00    3.15e+00      6.60e-03    6.19e-03      1.06e-01    9.97e-02    1.0e-03
   3173      3.11e+00    3.33e+00      1.33e-02    1.34e-02      9.83e-02    1.05e-01    1.0e-03
   3192      3.46e+00    3.36e+00      3.18e-02    3.22e-02      1.09e-01    1.06e-01    1.0e-03
   3211      3.27e+00    3.65e+00      1.41e-02    1.36e-02      1.03e-01    1.15e-01    1.0e-03
   3230      2.97e+00    3.31e+00      5.53e-02    5.47e-02      9.38e-02    1.05e-01    1.0e-03
   3249      2.83e+00    3.28e+00      3.03e-03    3.60e-03      8.96e-02    1.04e-01    1.0e-03
   3268      3.72e+00    3.28e+00      5.73e-05    5.74e-04      1.18e-01    1.04e-01    1.0e-03
   3287      3.22e+00    3.44e+00      3.20e-02    3.19e-02      1.02e-01    1.09e-01    1.0e-03
   3306      2.94e+00    3.34e+00      2.23e-03    2.93e-03      9.29e-02    1.06e-01    1.0e-03
   3325      2.62e+00    3.08e+00      5.92e-03    6.15e-03      8.28e-02    9.73e-02    1.0e-03
   3344      3.23e+00    3.63e+00      8.21e-03    7.79e-03      1.02e-01    1.15e-01    1.0e-03
   3363      2.92e+00    3.26e+00      5.59e-03    5.72e-03      9.22e-02    1.03e-01    1.0e-03
   3382      3.47e+00    3.75e+00      5.42e-02    5.42e-02      1.10e-01    1.19e-01    1.0e-03
   3401      3.17e+00    3.15e+00      1.99e-02    2.02e-02      1.00e-01    9.96e-02    1.0e-03
   3420      3.75e+00    3.67e+00      8.66e-03    8.44e-03      1.19e-01    1.16e-01    1.0e-03
   3439      3.11e+00    3.39e+00      3.08e-03    2.86e-03      9.82e-02    1.07e-01    1.0e-03
   3458      2.89e+00    3.30e+00      3.95e-02    3.99e-02      9.15e-02    1.04e-01    1.0e-03
   3477      3.28e+00    3.29e+00      8.94e-03    9.09e-03      1.04e-01    1.04e-01    1.0e-03
   3496      2.86e+00    3.25e+00      7.03e-03    7.31e-03      9.06e-02    1.03e-01    1.0e-03
   3515      2.72e+00    3.18e+00      1.19e-03    8.34e-04      8.60e-02    1.01e-01    1.0e-03
   3534      3.08e+00    3.25e+00      1.61e-02    1.51e-02      9.74e-02    1.03e-01    1.0e-03
   3553      3.34e+00    3.37e+00      2.81e-02    2.89e-02      1.05e-01    1.06e-01    1.0e-03
   3572      3.52e+00    3.56e+00      1.86e-02    1.86e-02      1.11e-01    1.12e-01    1.0e-03
   3591      3.27e+00    3.15e+00      5.94e-04    5.14e-04      1.03e-01    9.97e-02    1.0e-03
   3610      2.97e+00    3.06e+00      1.83e-03    2.03e-03      9.40e-02    9.66e-02    1.0e-03
   3629      2.78e+00    3.11e+00      3.39e-03    3.91e-03      8.79e-02    9.84e-02    1.0e-03
   3648      3.18e+00    3.25e+00      4.58e-03    3.46e-03      1.00e-01    1.03e-01    1.0e-03
   3667      3.63e+00    3.13e+00      1.28e-02    1.29e-02      1.15e-01    9.89e-02    1.0e-03
   3686      2.95e+00    3.18e+00      1.84e-02    1.88e-02      9.34e-02    1.01e-01    1.0e-03
   3705      3.11e+00    3.29e+00      1.25e-03    1.62e-03      9.82e-02    1.04e-01    1.0e-03
   3724      3.61e+00    3.15e+00      1.09e-02    1.05e-02      1.14e-01    9.96e-02    1.0e-03
   3743      2.82e+00    3.16e+00      5.68e-03    5.31e-03      8.90e-02    1.00e-01    1.0e-03
   3762      3.51e+00    2.95e+00      1.07e-02    1.10e-02      1.11e-01    9.34e-02    1.0e-03
   3781      3.75e+00    4.11e+00      5.54e-03    4.93e-03      1.18e-01    1.30e-01    1.0e-03
   3800      3.33e+00    3.20e+00      1.06e-02    1.07e-02      1.05e-01    1.01e-01    1.0e-03
   3819      3.25e+00    3.17e+00      3.95e-03    4.23e-03      1.03e-01    1.00e-01    1.0e-03
   3838      3.03e+00    3.34e+00      3.17e-02    3.18e-02      9.58e-02    1.06e-01    1.0e-03
   3857      2.73e+00    3.06e+00      2.43e-03    2.25e-03      8.63e-02    9.68e-02    1.0e-03
   3876      3.50e+00    3.19e+00      2.07e-02    2.12e-02      1.11e-01    1.01e-01    1.0e-03
   3895      2.85e+00    3.17e+00      9.27e-03    9.69e-03      9.01e-02    1.00e-01    1.0e-03
   3914      2.78e+00    3.10e+00      8.92e-03    9.47e-03      8.80e-02    9.82e-02    1.0e-03
   3933      3.58e+00    3.33e+00      2.28e-02    2.33e-02      1.13e-01    1.05e-01    1.0e-03
   3952      3.18e+00    3.32e+00      2.11e-02    2.23e-02      1.01e-01    1.05e-01    1.0e-03
   3971      2.91e+00    3.24e+00      1.13e-02    1.11e-02      9.21e-02    1.02e-01    1.0e-03
   3990      2.81e+00    3.12e+00      1.30e-02    1.36e-02      8.87e-02    9.88e-02    1.0e-03
   4009      3.07e+00    3.08e+00      4.01e-02    3.99e-02      9.70e-02    9.75e-02    1.0e-03
   4028      3.19e+00    3.28e+00      9.62e-03    1.03e-02      1.01e-01    1.04e-01    1.0e-03
   4047      3.37e+00    3.66e+00      3.52e-02    3.50e-02      1.06e-01    1.16e-01    1.0e-03
   4066      3.17e+00    3.15e+00      5.59e-02    5.61e-02      1.00e-01    9.95e-02    1.0e-03
   4085      4.78e+00    4.52e+00      1.89e-02    1.90e-02      1.51e-01    1.43e-01    1.0e-03
   4104      4.26e+00    4.45e+00      1.22e-01    1.21e-01      1.35e-01    1.41e-01    1.0e-03
   4123      3.18e+00    3.37e+00      4.85e-03    4.63e-03      1.01e-01    1.07e-01    1.0e-03
   4142      3.13e+00    3.28e+00      1.33e-02    1.33e-02      9.89e-02    1.04e-01    1.0e-03
   4161      2.70e+00    3.19e+00      1.82e-03    2.07e-03      8.55e-02    1.01e-01    1.0e-03
   4180      2.57e+00    3.04e+00      2.30e-02    2.34e-02      8.13e-02    9.60e-02    1.0e-03
   4199      2.63e+00    3.14e+00      1.46e-03    2.00e-03      8.30e-02    9.93e-02    1.0e-03
   4218      2.97e+00    3.08e+00      4.34e-03    3.23e-03      9.38e-02    9.75e-02    1.0e-03
   4237      2.85e+00    3.09e+00      1.37e-02    1.35e-02      9.03e-02    9.78e-02    1.0e-03
   4256      2.82e+00    3.00e+00      1.37e-02    1.36e-02      8.92e-02    9.48e-02    1.0e-03
   4275      2.84e+00    3.19e+00      8.62e-03    8.04e-03      8.98e-02    1.01e-01    1.0e-03
   4294      2.72e+00    3.04e+00      1.34e-03    1.91e-03      8.60e-02    9.62e-02    1.0e-03
   4313      2.98e+00    3.10e+00      2.70e-02    2.68e-02      9.43e-02    9.81e-02    1.0e-03
   4332      3.16e+00    3.24e+00      2.83e-03    3.08e-03      9.99e-02    1.03e-01    1.0e-03
   4351      2.76e+00    3.10e+00      1.62e-02    1.62e-02      8.74e-02    9.80e-02    1.0e-03
   4370      3.45e+00    3.11e+00      4.02e-03    3.79e-03      1.09e-01    9.85e-02    1.0e-03
   4389      2.97e+00    3.11e+00      8.52e-03    8.80e-03      9.39e-02    9.83e-02    1.0e-03
   4408      3.05e+00    3.09e+00      4.09e-03    4.28e-03      9.65e-02    9.77e-02    1.0e-03
   4427      3.45e+00    3.07e+00      2.29e-02    2.33e-02      1.09e-01    9.72e-02    1.0e-03
   4446      2.59e+00    3.04e+00      1.51e-02    1.45e-02      8.18e-02    9.62e-02    1.0e-03
   4465      3.31e+00    3.12e+00      1.21e-02    1.22e-02      1.05e-01    9.87e-02    1.0e-03
   4484      2.70e+00    3.09e+00      1.70e-02    1.67e-02      8.54e-02    9.78e-02    1.0e-03
   4503      3.20e+00    3.20e+00      1.28e-02    1.40e-02      1.01e-01    1.01e-01    1.0e-03
   4522      3.55e+00    3.12e+00      2.24e-02    2.20e-02      1.12e-01    9.87e-02    1.0e-03
   4541      2.68e+00    3.17e+00      2.33e-02    2.33e-02      8.46e-02    1.00e-01    1.0e-03
   4560      3.22e+00    3.22e+00      1.48e-02    1.60e-02      1.02e-01    1.02e-01    1.0e-03
   4579      2.82e+00    3.09e+00      1.03e-02    1.01e-02      8.93e-02    9.78e-02    1.0e-03
   4598      2.84e+00    3.26e+00      1.58e-02    1.58e-02      8.99e-02    1.03e-01    1.0e-03
   4617      2.83e+00    3.10e+00      5.12e-03    4.99e-03      8.94e-02    9.80e-02    1.0e-03
   4636      3.06e+00    3.18e+00      5.28e-03    5.29e-03      9.67e-02    1.01e-01    1.0e-03
   4655      3.58e+00    3.53e+00      7.23e-04    1.16e-03      1.13e-01    1.12e-01    1.0e-03
   4674      2.97e+00    3.49e+00      4.71e-02    4.65e-02      9.39e-02    1.10e-01    1.0e-03
   4693      2.83e+00    3.00e+00      4.36e-03    4.67e-03      8.96e-02    9.49e-02    1.0e-03
   4712      3.06e+00    3.24e+00      3.22e-03    3.61e-03      9.69e-02    1.02e-01    1.0e-03
   4731      2.68e+00    3.09e+00      1.80e-02    1.78e-02      8.46e-02    9.77e-02    1.0e-03
   4750      3.02e+00    3.16e+00      1.61e-03    2.20e-03      9.54e-02    9.99e-02    1.0e-03
   4769      3.54e+00    3.23e+00      1.42e-02    1.42e-02      1.12e-01    1.02e-01    1.0e-03
   4788      3.11e+00    3.39e+00      3.72e-03    4.91e-03      9.84e-02    1.07e-01    1.0e-03
   4807      3.02e+00    3.10e+00      1.53e-02    1.53e-02      9.56e-02    9.80e-02    1.0e-03
   4826      2.73e+00    3.20e+00      1.74e-02    1.68e-02      8.63e-02    1.01e-01    1.0e-03
   4845      2.91e+00    3.18e+00      5.25e-03    4.65e-03      9.19e-02    1.01e-01    1.0e-03
   4864      2.53e+00    3.08e+00      2.52e-02    2.52e-02      8.00e-02    9.74e-02    1.0e-03
   4883      2.68e+00    3.16e+00      1.06e-02    1.03e-02      8.48e-02    9.98e-02    1.0e-03
   4902      2.50e+00    3.10e+00      6.74e-03    6.59e-03      7.90e-02    9.79e-02    1.0e-03
   4921      3.12e+00    3.21e+00      3.42e-02    3.40e-02      9.86e-02    1.02e-01    1.0e-03
   4940      3.20e+00    3.17e+00      2.04e-02    2.04e-02      1.01e-01    1.00e-01    1.0e-03
   4959      3.47e+00    3.11e+00      1.34e-02    1.33e-02      1.10e-01    9.84e-02    1.0e-03
   4978      3.57e+00    3.44e+00      9.81e-03    9.93e-03      1.13e-01    1.09e-01    1.0e-03
   4997      3.44e+00    3.13e+00      1.31e-02    1.28e-02      1.09e-01    9.88e-02    1.0e-03
   5016      8.13e-01    7.85e-01      4.53e-03    4.29e-03      9.83e-02    9.49e-02    6.7e-05
   5035      6.80e-01    7.55e-01      2.21e-03    1.78e-03      8.23e-02    9.14e-02    6.7e-05
   5054      7.04e-01    7.92e-01      4.15e-04    5.18e-04      8.53e-02    9.60e-02    6.7e-05
   5073      7.40e-01    7.78e-01      3.37e-04    6.47e-04      8.96e-02    9.43e-02    6.7e-05
   5092      7.20e-01    7.75e-01      4.45e-04    5.39e-04      8.72e-02    9.38e-02    6.7e-05
   5111      7.25e-01    8.16e-01      2.66e-04    5.35e-04      8.77e-02    9.88e-02    6.7e-05
   5130      7.14e-01    7.90e-01      5.72e-04    5.52e-04      8.64e-02    9.57e-02    6.7e-05
   5149      6.85e-01    8.28e-01      2.86e-04    5.08e-04      8.30e-02    1.00e-01    6.7e-05
   5168      6.90e-01    7.51e-01      2.26e-04    5.21e-04      8.36e-02    9.09e-02    6.7e-05
   5187      7.19e-01    7.51e-01      1.34e-04    4.28e-04      8.70e-02    9.09e-02    6.7e-05
   5206      7.81e-01    8.19e-01      6.98e-04    6.58e-04      9.45e-02    9.92e-02    6.7e-05
   5225      7.67e-01    7.85e-01      6.15e-04    5.86e-04      9.29e-02    9.51e-02    6.7e-05
   5244      7.04e-01    7.57e-01      3.07e-05    4.91e-04      8.52e-02    9.17e-02    6.7e-05
   5263      8.16e-01    8.03e-01      2.27e-04    6.78e-04      9.89e-02    9.73e-02    6.7e-05
   5282      6.48e-01    7.43e-01      4.86e-05    5.34e-04      7.85e-02    9.00e-02    6.7e-05
   5301      6.35e-01    7.93e-01      3.31e-04    5.79e-04      7.69e-02    9.60e-02    6.7e-05
   5320      6.80e-01    7.67e-01      4.99e-04    5.94e-04      8.24e-02    9.29e-02    6.7e-05
   5339      7.52e-01    8.00e-01      9.08e-04    4.29e-04      9.11e-02    9.69e-02    6.7e-05
   5358      6.57e-01    7.75e-01      1.77e-04    3.25e-04      7.96e-02    9.38e-02    6.7e-05
   5377      6.86e-01    7.79e-01      5.07e-04    5.10e-04      8.31e-02    9.43e-02    6.7e-05
   5396      7.13e-01    8.11e-01      6.51e-04    5.91e-04      8.63e-02    9.82e-02    6.7e-05
   5415      7.90e-01    7.78e-01      8.29e-05    4.17e-04      9.57e-02    9.43e-02    6.7e-05
   5434      6.85e-01    8.13e-01      3.13e-04    5.09e-04      8.29e-02    9.85e-02    6.7e-05
   5453      7.04e-01    8.01e-01      5.69e-04    4.32e-04      8.53e-02    9.70e-02    6.7e-05
   5472      8.84e-01    7.64e-01      3.73e-05    6.05e-04      1.07e-01    9.25e-02    6.7e-05
   5491      8.05e-01    8.25e-01      3.96e-04    6.30e-04      9.75e-02    9.99e-02    6.7e-05
   5510      6.90e-01    8.17e-01      1.67e-04    6.42e-04      8.36e-02    9.89e-02    6.7e-05
   5529      8.82e-01    7.73e-01      1.63e-04    5.90e-04      1.07e-01    9.36e-02    6.7e-05
   5548      7.71e-01    7.85e-01      1.46e-04    4.86e-04      9.34e-02    9.50e-02    6.7e-05
   5567      7.81e-01    7.89e-01      1.03e-03    4.04e-04      9.46e-02    9.56e-02    6.7e-05
   5586      7.68e-01    7.94e-01      2.00e-04    6.03e-04      9.30e-02    9.61e-02    6.7e-05
   5605      7.19e-01    7.78e-01      3.22e-04    5.94e-04      8.71e-02    9.42e-02    6.7e-05
   5624      8.86e-01    8.04e-01      4.44e-04    7.55e-04      1.07e-01    9.74e-02    6.7e-05
   5643      7.40e-01    7.91e-01      3.96e-04    5.42e-04      8.97e-02    9.58e-02    6.7e-05
   5662      7.20e-01    7.93e-01      2.95e-04    4.41e-04      8.72e-02    9.60e-02    6.7e-05
   5681      7.23e-01    7.68e-01      4.13e-05    5.21e-04      8.76e-02    9.30e-02    6.7e-05
   5700      8.05e-01    7.75e-01      7.14e-04    5.86e-04      9.75e-02    9.39e-02    6.7e-05
   5719      6.86e-01    7.90e-01      2.69e-04    5.34e-04      8.30e-02    9.57e-02    6.7e-05
   5738      6.35e-01    7.92e-01      4.82e-04    5.91e-04      7.69e-02    9.59e-02    6.7e-05
   5757      7.40e-01    7.94e-01      2.57e-04    4.62e-04      8.97e-02    9.62e-02    6.7e-05
   5776      7.90e-01    8.21e-01      1.31e-04    7.96e-04      9.57e-02    9.95e-02    6.7e-05
   5795      7.52e-01    7.68e-01      7.03e-04    5.69e-04      9.11e-02    9.30e-02    6.7e-05
   5814      6.85e-01    7.81e-01      3.76e-04    4.87e-04      8.30e-02    9.46e-02    6.7e-05
   5833      7.68e-01    7.83e-01      1.30e-04    5.47e-04      9.30e-02    9.48e-02    6.7e-05
   5852      8.82e-01    7.89e-01      2.60e-04    6.26e-04      1.07e-01    9.56e-02    6.7e-05
   5871      7.19e-01    8.12e-01      4.60e-04    5.17e-04      8.71e-02    9.83e-02    6.7e-05
   5890      7.20e-01    7.89e-01      5.31e-05    7.23e-04      8.72e-02    9.56e-02    6.7e-05
   5909      7.67e-01    7.87e-01      4.87e-04    5.30e-04      9.29e-02    9.53e-02    6.7e-05
   5928      8.83e-01    7.85e-01      5.21e-04    6.28e-04      1.07e-01    9.51e-02    6.7e-05
   5947      8.87e-01    7.90e-01      3.66e-04    4.75e-04      1.07e-01    9.56e-02    6.7e-05
   5966      7.04e-01    7.52e-01      4.53e-06    5.14e-04      8.52e-02    9.11e-02    6.7e-05
   5985      7.04e-01    7.96e-01      2.21e-04    6.58e-04      8.53e-02    9.64e-02    6.7e-05
   6004      6.80e-01    8.07e-01      1.86e-04    6.68e-04      8.23e-02    9.77e-02    6.7e-05
   6023      7.71e-01    7.90e-01      2.59e-04    4.75e-04      9.34e-02    9.56e-02    6.7e-05
   6042      6.90e-01    7.68e-01      1.73e-04    4.72e-04      8.36e-02    9.30e-02    6.7e-05
   6061      6.57e-01    8.00e-01      6.91e-04    8.05e-04      7.95e-02    9.68e-02    6.7e-05
   6080      7.80e-01    7.69e-01      1.10e-03    6.14e-04      9.44e-02    9.31e-02    6.7e-05
   6099      6.47e-01    8.02e-01      5.31e-05    5.78e-04      7.83e-02    9.71e-02    6.7e-05
   6118      8.16e-01    7.73e-01      6.06e-05    4.85e-04      9.89e-02    9.36e-02    6.7e-05
   6137      7.13e-01    7.64e-01      5.30e-04    6.26e-04      8.63e-02    9.25e-02    6.7e-05
   6156      7.23e-01    7.80e-01      3.38e-04    5.46e-04      8.75e-02    9.45e-02    6.7e-05
   6175      8.84e-01    7.76e-01      6.64e-04    6.55e-04      1.07e-01    9.40e-02    6.7e-05
   6194      7.67e-01    8.26e-01      3.76e-04    7.97e-04      9.29e-02    1.00e-01    6.7e-05
   6213      8.82e-01    7.80e-01      1.13e-04    6.90e-04      1.07e-01    9.44e-02    6.7e-05
   6232      7.90e-01    8.16e-01      6.20e-04    6.33e-04      9.56e-02    9.88e-02    6.7e-05
   6251      6.86e-01    7.68e-01      9.32e-05    5.38e-04      8.31e-02    9.31e-02    6.7e-05
   6270      8.86e-01    7.93e-01      2.57e-04    3.81e-04      1.07e-01    9.61e-02    6.7e-05
   6289      6.47e-01    7.88e-01      1.83e-04    6.05e-04      7.84e-02    9.54e-02    6.7e-05
   6308      7.81e-01    8.25e-01      7.02e-04    6.79e-04      9.46e-02    9.99e-02    6.7e-05
   6327      6.79e-01    7.93e-01      2.18e-04    5.28e-04      8.23e-02    9.60e-02    6.7e-05
   6346      8.05e-01    7.63e-01      7.54e-05    6.07e-04      9.75e-02    9.24e-02    6.7e-05
   6365      7.05e-01    8.00e-01      7.96e-04    6.80e-04      8.54e-02    9.69e-02    6.7e-05
   6384      7.40e-01    7.80e-01      2.97e-04    5.53e-04      8.96e-02    9.45e-02    6.7e-05
   6403      7.13e-01    7.96e-01      5.95e-04    5.27e-04      8.63e-02    9.64e-02    6.7e-05
   6422      6.90e-01    7.84e-01      8.59e-05    4.07e-04      8.36e-02    9.50e-02    6.7e-05
   6441      7.05e-01    7.83e-01      7.82e-04    6.34e-04      8.53e-02    9.48e-02    6.7e-05
   6460      6.35e-01    8.02e-01      1.49e-04    6.04e-04      7.69e-02    9.72e-02    6.7e-05
   6479      7.23e-01    7.89e-01      2.34e-04    5.14e-04      8.75e-02    9.55e-02    6.7e-05
   6498      7.69e-01    7.59e-01      2.23e-04    6.30e-04      9.31e-02    9.20e-02    6.7e-05
   6517      7.71e-01    7.72e-01      2.30e-04    5.63e-04      9.34e-02    9.35e-02    6.7e-05
   6536      6.57e-01    7.94e-01      6.13e-04    5.19e-04      7.95e-02    9.62e-02    6.7e-05
   6555      7.20e-01    8.18e-01      3.29e-04    5.13e-04      8.72e-02    9.91e-02    6.7e-05
   6574      7.19e-01    8.18e-01      3.67e-05    7.41e-04      8.71e-02    9.90e-02    6.7e-05
   6593      8.16e-01    7.83e-01      6.56e-04    7.61e-04      9.88e-02    9.48e-02    6.7e-05
   6612      6.85e-01    7.72e-01      2.62e-04    5.64e-04      8.30e-02    9.35e-02    6.7e-05
   6631      7.52e-01    7.83e-01      1.30e-03    4.89e-04      9.11e-02    9.48e-02    6.7e-05
   6650      6.80e-01    7.64e-01      1.89e-04    6.48e-04      8.23e-02    9.25e-02    6.7e-05
   6669      6.57e-01    7.79e-01      8.26e-04    5.46e-04      7.95e-02    9.43e-02    6.7e-05
   6688      6.86e-01    7.52e-01      1.90e-04    6.10e-04      8.30e-02    9.11e-02    6.7e-05
   6707      7.05e-01    8.25e-01      2.20e-04    8.14e-04      8.53e-02    1.00e-01    6.7e-05
   6726      7.23e-01    7.79e-01      1.69e-04    5.13e-04      8.75e-02    9.44e-02    6.7e-05
   6745      7.52e-01    7.69e-01      1.05e-03    6.48e-04      9.11e-02    9.32e-02    6.7e-05
   6764      6.47e-01    7.62e-01      6.96e-04    7.90e-04      7.83e-02    9.22e-02    6.7e-05
   6783      7.90e-01    7.56e-01      1.96e-04    3.84e-04      9.56e-02    9.15e-02    6.7e-05
   6802      7.68e-01    7.82e-01      3.06e-04    5.48e-04      9.30e-02    9.47e-02    6.7e-05
   6821      6.35e-01    7.78e-01      1.88e-04    4.53e-04      7.68e-02    9.43e-02    6.7e-05
   6840      7.21e-01    8.00e-01      2.82e-04    4.37e-04      8.74e-02    9.69e-02    6.7e-05
   6859      7.71e-01    8.11e-01      2.61e-04    7.54e-04      9.34e-02    9.83e-02    6.7e-05
   6878      8.83e-01    7.62e-01      4.79e-04    5.45e-04      1.07e-01    9.23e-02    6.7e-05
   6897      7.20e-01    8.01e-01      3.88e-04    4.47e-04      8.71e-02    9.71e-02    6.7e-05
   6916      7.12e-01    7.97e-01      4.08e-04    5.74e-04      8.63e-02    9.65e-02    6.7e-05
   6935      8.05e-01    8.08e-01      3.39e-04    5.98e-04      9.75e-02    9.78e-02    6.7e-05
   6954      8.86e-01    7.75e-01      1.82e-05    6.19e-04      1.07e-01    9.39e-02    6.7e-05
   6973      7.40e-01    8.07e-01      1.62e-04    5.80e-04      8.96e-02    9.77e-02    6.7e-05
   6992      7.66e-01    7.94e-01      1.03e-03    7.49e-04      9.28e-02    9.62e-02    6.7e-05
   7011      8.16e-01    7.44e-01      7.97e-04    7.21e-04      9.88e-02    9.02e-02    6.7e-05
   7030      8.84e-01    8.04e-01      6.75e-04    5.95e-04      1.07e-01    9.74e-02    6.7e-05
   7049      7.06e-01    8.38e-01      4.06e-04    6.31e-04      8.55e-02    1.02e-01    6.7e-05
   7068      6.87e-01    7.75e-01      1.27e-04    5.83e-04      8.32e-02    9.38e-02    6.7e-05
   7087      7.80e-01    7.74e-01      6.92e-04    6.96e-04      9.44e-02    9.37e-02    6.7e-05
   7106      6.90e-01    8.02e-01      6.85e-04    7.57e-04      8.35e-02    9.71e-02    6.7e-05
   7125      8.83e-01    7.78e-01      2.00e-04    7.68e-04      1.07e-01    9.42e-02    6.7e-05
   7144      8.06e-01    7.90e-01      4.64e-04    4.96e-04      9.76e-02    9.56e-02    6.7e-05
   7163      7.71e-01    7.83e-01      1.49e-04    6.15e-04      9.34e-02    9.49e-02    6.7e-05
   7182      7.68e-01    7.78e-01      9.07e-04    8.67e-04      9.30e-02    9.43e-02    6.7e-05
   7201      7.52e-01    7.82e-01      1.04e-03    5.70e-04      9.11e-02    9.47e-02    6.7e-05
   7220      7.12e-01    7.67e-01      3.95e-05    6.54e-04      8.62e-02    9.29e-02    6.7e-05
   7239      7.39e-01    7.70e-01      2.56e-04    4.90e-04      8.95e-02    9.33e-02    6.7e-05
   7258      7.90e-01    7.83e-01      1.87e-04    4.62e-04      9.57e-02    9.48e-02    6.7e-05
   7277      6.79e-01    7.83e-01      4.92e-04    6.11e-04      8.22e-02    9.48e-02    6.7e-05
   7296      7.66e-01    7.90e-01      6.92e-04    6.01e-04      9.28e-02    9.57e-02    6.7e-05
   7315      8.16e-01    7.66e-01      2.80e-04    5.56e-04      9.88e-02    9.28e-02    6.7e-05
   7334      7.23e-01    7.82e-01      3.52e-04    4.96e-04      8.75e-02    9.47e-02    6.7e-05
   7353      8.82e-01    7.47e-01      2.04e-05    4.17e-04      1.07e-01    9.05e-02    6.7e-05
   7372      7.05e-01    8.04e-01      6.16e-04    5.75e-04      8.54e-02    9.74e-02    6.7e-05
   7391      7.05e-01    7.86e-01      3.93e-04    5.64e-04      8.54e-02    9.51e-02    6.7e-05
   7410      6.87e-01    7.81e-01      3.84e-04    4.20e-04      8.32e-02    9.45e-02    6.7e-05
   7429      6.46e-01    7.95e-01      1.33e-04    3.72e-04      7.82e-02    9.62e-02    6.7e-05
   7448      7.79e-01    7.47e-01      1.43e-03    6.27e-04      9.44e-02    9.04e-02    6.7e-05
   7467      7.21e-01    7.35e-01      6.61e-04    6.52e-04      8.73e-02    8.90e-02    6.7e-05
   7486      8.85e-01    7.93e-01      4.43e-04    6.80e-04      1.07e-01    9.60e-02    6.7e-05
   7505      6.90e-01    7.75e-01      1.50e-05    6.08e-04      8.35e-02    9.38e-02    6.7e-05
   7524      6.84e-01    8.09e-01      4.73e-04    7.24e-04      8.29e-02    9.80e-02    6.7e-05
   7543      6.34e-01    7.87e-01      1.93e-04    5.47e-04      7.68e-02    9.53e-02    6.7e-05
   7562      7.20e-01    8.31e-01      8.27e-04    7.28e-04      8.71e-02    1.01e-01    6.7e-05
   7581      6.56e-01    7.57e-01      3.41e-04    4.28e-04      7.95e-02    9.17e-02    6.7e-05
   7600      7.19e-01    7.92e-01      5.62e-04    5.91e-04      8.71e-02    9.59e-02    6.7e-05
   7619      8.83e-01    8.14e-01      3.82e-04    6.35e-04      1.07e-01    9.86e-02    6.7e-05
   7638      7.52e-01    8.19e-01      1.34e-03    6.63e-04      9.11e-02    9.92e-02    6.7e-05
   7657      6.56e-01    7.46e-01      6.17e-04    4.31e-04      7.95e-02    9.04e-02    6.7e-05
   7676      8.16e-01    7.85e-01      7.88e-04    8.29e-04      9.88e-02    9.51e-02    6.7e-05
   7695      7.23e-01    8.05e-01      5.88e-04    6.28e-04      8.75e-02    9.75e-02    6.7e-05
   7714      6.34e-01    7.94e-01      2.20e-04    5.25e-04      7.68e-02    9.61e-02    6.7e-05
   7733      7.03e-01    7.45e-01      1.33e-04    7.68e-04      8.51e-02    9.02e-02    6.7e-05
   7752      6.86e-01    7.88e-01      2.76e-04    4.53e-04      8.31e-02    9.54e-02    6.7e-05
   7771      8.85e-01    8.04e-01      3.85e-04    5.65e-04      1.07e-01    9.74e-02    6.7e-05
   7790      7.19e-01    7.82e-01      5.63e-04    4.96e-04      8.71e-02    9.47e-02    6.7e-05
   7809      7.71e-01    7.85e-01      2.45e-04    4.34e-04      9.33e-02    9.51e-02    6.7e-05
   7828      7.79e-01    7.81e-01      9.72e-04    5.99e-04      9.43e-02    9.45e-02    6.7e-05
   7847      7.12e-01    7.99e-01      4.80e-04    4.99e-04      8.62e-02    9.67e-02    6.7e-05
   7866      6.90e-01    7.98e-01      2.94e-05    5.25e-04      8.35e-02    9.66e-02    6.7e-05
   7885      7.40e-01    7.98e-01      4.92e-04    5.23e-04      8.96e-02    9.67e-02    6.7e-05
   7904      6.48e-01    7.90e-01      4.49e-04    6.72e-04      7.84e-02    9.56e-02    6.7e-05
   7923      8.83e-01    7.81e-01      1.03e-04    5.91e-04      1.07e-01    9.46e-02    6.7e-05
   7942      8.05e-01    8.42e-01      8.19e-04    9.69e-04      9.74e-02    1.02e-01    6.7e-05
   7961      7.04e-01    8.06e-01      2.72e-04    5.68e-04      8.52e-02    9.76e-02    6.7e-05
   7980      7.69e-01    7.98e-01      4.97e-05    5.49e-04      9.31e-02    9.66e-02    6.7e-05
   7999      7.65e-01    7.95e-01      7.30e-04    4.45e-04      9.27e-02    9.63e-02    6.7e-05
   8018      6.78e-01    7.44e-01      1.93e-04    5.38e-04      8.21e-02    9.01e-02    6.7e-05
   8037      7.89e-01    7.71e-01      7.27e-04    8.81e-04      9.56e-02    9.33e-02    6.7e-05
   8056      6.85e-01    7.58e-01      6.69e-04    6.30e-04      8.29e-02    9.18e-02    6.7e-05
   8075      6.45e-01    7.86e-01      7.11e-04    9.01e-04      7.81e-02    9.52e-02    6.7e-05
   8094      8.82e-01    7.90e-01      1.15e-03    9.06e-04      1.07e-01    9.56e-02    6.7e-05
   8113      7.40e-01    7.58e-01      5.83e-04    8.09e-04      8.96e-02    9.18e-02    6.7e-05
   8132      7.05e-01    8.16e-01      9.45e-04    5.74e-04      8.54e-02    9.88e-02    6.7e-05
   8151      7.19e-01    7.99e-01      9.29e-04    7.52e-04      8.71e-02    9.67e-02    6.7e-05
   8170      7.22e-01    7.61e-01      1.31e-04    4.90e-04      8.75e-02    9.22e-02    6.7e-05
   8189      6.87e-01    7.75e-01      6.25e-04    5.36e-04      8.31e-02    9.38e-02    6.7e-05
   8208      7.89e-01    7.62e-01      2.52e-04    5.19e-04      9.56e-02    9.22e-02    6.7e-05
   8227      6.78e-01    8.10e-01      2.87e-04    6.78e-04      8.21e-02    9.81e-02    6.7e-05
   8246      7.68e-01    7.96e-01      6.38e-06    6.98e-04      9.30e-02    9.63e-02    6.7e-05
   8265      7.66e-01    8.02e-01      4.88e-04    4.83e-04      9.28e-02    9.71e-02    6.7e-05
   8284      8.84e-01    7.83e-01      7.07e-04    7.51e-04      1.07e-01    9.48e-02    6.7e-05
   8303      7.71e-01    7.68e-01      7.71e-06    4.82e-04      9.33e-02    9.30e-02    6.7e-05
   8322      7.11e-01    7.96e-01      3.34e-04    5.11e-04      8.61e-02    9.64e-02    6.7e-05
   8341      6.56e-01    7.72e-01      4.52e-04    5.41e-04      7.95e-02    9.35e-02    6.7e-05
   8360      7.04e-01    7.88e-01      7.47e-04    6.57e-04      8.53e-02    9.54e-02    6.7e-05
   8379      7.19e-01    7.95e-01      3.92e-04    4.63e-04      8.70e-02    9.63e-02    6.7e-05
   8398      7.79e-01    7.98e-01      1.50e-03    8.15e-04      9.43e-02    9.66e-02    6.7e-05
   8417      6.34e-01    7.74e-01      1.20e-04    5.54e-04      7.68e-02    9.37e-02    6.7e-05
   8436      6.86e-01    7.82e-01      1.30e-04    5.59e-04      8.31e-02    9.48e-02    6.7e-05
   8455      8.04e-01    7.61e-01      3.71e-04    5.72e-04      9.74e-02    9.22e-02    6.7e-05
   8474      8.82e-01    7.71e-01      3.01e-04    6.34e-04      1.07e-01    9.33e-02    6.7e-05
   8493      7.51e-01    7.79e-01      5.16e-04    6.60e-04      9.10e-02    9.44e-02    6.7e-05
   8512      8.16e-01    8.17e-01      5.35e-04    7.12e-04      9.88e-02    9.89e-02    6.7e-05
   8531      6.89e-01    7.78e-01      4.88e-04    7.98e-04      8.35e-02    9.42e-02    6.7e-05
   8550      7.39e-01    7.80e-01      2.90e-04    5.94e-04      8.95e-02    9.44e-02    6.7e-05
   8569      8.04e-01    8.08e-01      9.36e-04    9.60e-04      9.74e-02    9.79e-02    6.7e-05
   8588      6.34e-01    7.56e-01      6.86e-04    7.72e-04      7.68e-02    9.16e-02    6.7e-05
   8607      7.70e-01    8.09e-01      6.59e-04    9.93e-04      9.32e-02    9.80e-02    6.7e-05
   8626      7.11e-01    7.70e-01      5.98e-04    6.04e-04      8.61e-02    9.33e-02    6.7e-05
   8645      6.85e-01    7.94e-01      6.99e-05    5.59e-04      8.30e-02    9.62e-02    6.7e-05
   8664      6.77e-01    8.22e-01      4.81e-04    9.63e-04      8.20e-02    9.95e-02    6.7e-05
   8683      7.51e-01    7.86e-01      2.11e-03    9.68e-04      9.10e-02    9.52e-02    6.7e-05
   8702      6.87e-01    8.03e-01      4.41e-04    6.74e-04      8.31e-02    9.73e-02    6.7e-05
   8721      7.20e-01    7.76e-01      4.41e-04    6.91e-04      8.71e-02    9.39e-02    6.7e-05
   8740      7.04e-01    7.59e-01      1.36e-04    1.11e-03      8.52e-02    9.19e-02    6.7e-05
   8759      7.21e-01    7.78e-01      1.23e-04    5.48e-04      8.73e-02    9.42e-02    6.7e-05
   8778      8.81e-01    7.98e-01      3.20e-04    5.19e-04      1.07e-01    9.67e-02    6.7e-05
   8797      8.82e-01    7.39e-01      2.40e-04    5.47e-04      1.07e-01    8.94e-02    6.7e-05
   8816      7.79e-01    7.59e-01      4.53e-04    5.39e-04      9.44e-02    9.19e-02    6.7e-05
   8835      7.03e-01    7.73e-01      1.05e-04    6.54e-04      8.52e-02    9.36e-02    6.7e-05
   8854      7.21e-01    7.79e-01      1.08e-03    1.38e-03      8.73e-02    9.43e-02    6.7e-05
   8873      6.88e-01    7.87e-01      3.42e-04    6.72e-04      8.33e-02    9.54e-02    6.7e-05
   8892      6.44e-01    7.94e-01      3.21e-04    7.19e-04      7.80e-02    9.62e-02    6.7e-05
   8911      8.85e-01    7.70e-01      1.06e-03    9.20e-04      1.07e-01    9.32e-02    6.7e-05
   8930      7.66e-01    7.47e-01      7.73e-04    4.35e-04      9.27e-02    9.05e-02    6.7e-05
   8949      6.55e-01    7.73e-01      4.50e-04    1.05e-03      7.93e-02    9.36e-02    6.7e-05
   8968      8.15e-01    7.56e-01      4.91e-04    8.77e-04      9.87e-02    9.15e-02    6.7e-05
   8987      7.89e-01    7.61e-01      9.46e-04    1.13e-03      9.55e-02    9.22e-02    6.7e-05
   9006      7.68e-01    8.01e-01      1.10e-03    1.04e-03      9.30e-02    9.70e-02    6.7e-05
   9025      7.39e-01    8.26e-01      4.72e-04    7.43e-04      8.95e-02    1.00e-01    6.7e-05
   9044      7.05e-01    7.86e-01      9.79e-04    8.48e-04      8.53e-02    9.52e-02    6.7e-05
   9063      7.19e-01    7.88e-01      4.63e-04    4.01e-04      8.71e-02    9.54e-02    6.7e-05
   9082      7.77e-01    7.99e-01      1.00e-04    1.02e-03      9.41e-02    9.68e-02    6.7e-05
   9101      6.86e-01    7.79e-01      6.39e-04    6.67e-04      8.31e-02    9.43e-02    6.7e-05
   9120      7.70e-01    7.82e-01      2.94e-04    5.56e-04      9.32e-02    9.47e-02    6.7e-05
   9139      6.77e-01    7.85e-01      1.01e-03    1.37e-03      8.20e-02    9.50e-02    6.7e-05
   9158      7.70e-01    7.84e-01      2.19e-04    3.98e-04      9.32e-02    9.50e-02    6.7e-05
   9177      7.05e-01    7.81e-01      1.09e-03    5.30e-04      8.53e-02    9.46e-02    6.7e-05
   9196      7.19e-01    7.81e-01      1.93e-04    4.00e-04      8.71e-02    9.46e-02    6.7e-05
   9215      8.82e-01    7.78e-01      7.81e-04    7.76e-04      1.07e-01    9.42e-02    6.7e-05
   9234      7.10e-01    8.32e-01      1.01e-04    7.18e-04      8.60e-02    1.01e-01    6.7e-05
   9253      6.33e-01    7.93e-01      8.17e-04    1.00e-03      7.67e-02    9.60e-02    6.7e-05
   9272      8.85e-01    7.85e-01      2.02e-04    7.36e-04      1.07e-01    9.50e-02    6.7e-05
   9291      6.88e-01    7.85e-01      1.02e-03    9.90e-04      8.33e-02    9.50e-02    6.7e-05
   9310      8.04e-01    7.61e-01      1.45e-03    1.28e-03      9.73e-02    9.22e-02    6.7e-05
   9329      6.43e-01    7.73e-01      9.33e-04    1.11e-03      7.78e-02    9.36e-02    6.7e-05
   9348      7.89e-01    7.84e-01      1.09e-03    1.10e-03      9.56e-02    9.50e-02    6.7e-05
   9367      7.20e-01    7.66e-01      2.11e-04    6.52e-04      8.73e-02    9.27e-02    6.7e-05
   9386      6.83e-01    7.60e-01      1.25e-04    4.07e-04      8.27e-02    9.20e-02    6.7e-05
   9405      7.51e-01    8.24e-01      1.91e-03    8.59e-04      9.10e-02    9.97e-02    6.7e-05
   9424      6.55e-01    7.80e-01      1.99e-03    1.62e-03      7.92e-02    9.44e-02    6.7e-05
   9443      8.16e-01    7.63e-01      5.02e-04    4.20e-04      9.88e-02    9.25e-02    6.7e-05
   9462      7.64e-01    7.97e-01      7.08e-04    5.44e-04      9.25e-02    9.66e-02    6.7e-05
   9481      8.79e-01    8.00e-01      3.19e-04    4.46e-04      1.06e-01    9.69e-02    6.7e-05
   9500      7.20e-01    8.00e-01      1.15e-03    1.12e-03      8.72e-02    9.69e-02    6.7e-05
   9519      7.64e-01    8.11e-01      1.39e-04    6.13e-04      9.25e-02    9.83e-02    6.7e-05
   9538      6.83e-01    7.64e-01      1.63e-03    1.47e-03      8.27e-02    9.25e-02    6.7e-05
   9557      6.55e-01    7.84e-01      1.20e-03    9.04e-04      7.93e-02    9.49e-02    6.7e-05
   9576      6.76e-01    7.66e-01      8.14e-05    7.12e-04      8.19e-02    9.28e-02    6.7e-05
   9595      6.33e-01    7.72e-01      2.12e-03    2.17e-03      7.67e-02    9.35e-02    6.7e-05
   9614      8.81e-01    8.11e-01      4.30e-04    5.82e-04      1.07e-01    9.82e-02    6.7e-05
   9633      6.86e-01    7.84e-01      1.46e-03    1.24e-03      8.31e-02    9.50e-02    6.7e-05
   9652      7.69e-01    7.68e-01      3.90e-04    6.96e-04      9.31e-02    9.30e-02    6.7e-05
   9671      8.04e-01    7.66e-01      9.08e-04    1.21e-03      9.74e-02    9.27e-02    6.7e-05
   9690      7.40e-01    7.93e-01      1.03e-03    8.92e-04      8.96e-02    9.61e-02    6.7e-05
   9709      7.79e-01    7.88e-01      3.80e-04    1.43e-03      9.43e-02    9.54e-02    6.7e-05
   9728      7.69e-01    8.12e-01      4.01e-04    6.95e-04      9.31e-02    9.84e-02    6.7e-05
   9747      7.04e-01    7.85e-01      1.30e-03    7.96e-04      8.53e-02    9.51e-02    6.7e-05
   9766      8.82e-01    7.73e-01      1.14e-03    1.40e-03      1.07e-01    9.36e-02    6.7e-05
   9785      6.90e-01    8.01e-01      7.33e-05    4.60e-04      8.36e-02    9.70e-02    6.7e-05
   9804      7.87e-01    7.64e-01      1.36e-04    3.15e-04      9.53e-02    9.25e-02    6.7e-05
   9823      8.15e-01    8.17e-01      3.80e-04    6.21e-04      9.86e-02    9.90e-02    6.7e-05
   9842      7.10e-01    7.97e-01      1.57e-04    6.94e-04      8.60e-02    9.65e-02    6.7e-05
   9861      7.20e-01    7.93e-01      1.15e-03    1.34e-03      8.72e-02    9.61e-02    6.7e-05
   9880      6.45e-01    7.70e-01      1.92e-04    5.99e-04      7.81e-02    9.32e-02    6.7e-05
   9899      7.17e-01    8.28e-01      1.40e-04    6.39e-04      8.68e-02    1.00e-01    6.7e-05
   9918      8.85e-01    7.88e-01      6.50e-04    1.04e-03      1.07e-01    9.54e-02    6.7e-05
   9937      7.51e-01    7.61e-01      1.39e-03    5.03e-04      9.09e-02    9.21e-02    6.7e-05
   9956      7.04e-01    7.77e-01      2.10e-03    1.98e-03      8.52e-02    9.41e-02    6.7e-05
   9975      6.74e-01    7.67e-01      3.77e-04    6.12e-04      8.16e-02    9.29e-02    6.7e-05
   9994      6.84e-01    7.97e-01      6.47e-04    1.16e-03      8.29e-02    9.65e-02    6.7e-05
  10013      2.18e-01    2.11e-01      1.05e-03    5.58e-04      9.25e-02    8.98e-02    4.5e-06
  10032      1.95e-01    2.20e-01      9.45e-05    3.39e-04      8.32e-02    9.38e-02    4.5e-06
  10051      2.50e-01    2.26e-01      3.59e-04    3.82e-04      1.07e-01    9.60e-02    4.5e-06
  10070      2.00e-01    2.25e-01      5.51e-04    6.34e-04      8.51e-02    9.58e-02    4.5e-06
  10089      1.86e-01    2.27e-01      6.08e-04    4.09e-04      7.91e-02    9.65e-02    4.5e-06
  10108      1.94e-01    2.23e-01      1.34e-04    6.31e-04      8.27e-02    9.47e-02    4.5e-06
  10127      2.50e-01    2.18e-01      3.95e-04    6.06e-04      1.07e-01    9.29e-02    4.5e-06
  10146      2.19e-01    2.24e-01      1.08e-04    4.55e-04      9.31e-02    9.53e-02    4.5e-06
  10165      2.02e-01    2.24e-01      4.70e-04    4.33e-04      8.59e-02    9.53e-02    4.5e-06
  10184      2.05e-01    2.27e-01      2.41e-04    6.55e-04      8.71e-02    9.68e-02    4.5e-06
  10203      2.00e-01    2.22e-01      2.28e-04    5.11e-04      8.51e-02    9.45e-02    4.5e-06
  10222      2.24e-01    2.25e-01      1.01e-04    6.04e-04      9.55e-02    9.56e-02    4.5e-06
  10241      1.83e-01    2.33e-01      1.24e-04    8.09e-04      7.80e-02    9.91e-02    4.5e-06
  10260      2.29e-01    2.29e-01      4.09e-04    5.64e-04      9.73e-02    9.75e-02    4.5e-06
  10279      2.10e-01    2.19e-01      3.65e-04    6.88e-04      8.95e-02    9.30e-02    4.5e-06
  10298      2.51e-01    2.31e-01      2.06e-04    5.58e-04      1.07e-01    9.82e-02    4.5e-06
  10317      2.21e-01    2.35e-01      5.83e-04    5.81e-04      9.40e-02    1.00e-01    4.5e-06
  10336      2.04e-01    2.26e-01      7.78e-05    5.63e-04      8.69e-02    9.61e-02    4.5e-06
  10355      2.14e-01    2.25e-01      9.54e-04    4.86e-04      9.08e-02    9.56e-02    4.5e-06
  10374      2.04e-01    2.23e-01      2.62e-04    5.61e-04      8.70e-02    9.50e-02    4.5e-06
  10393      2.32e-01    2.20e-01      9.19e-05    4.21e-04      9.86e-02    9.38e-02    4.5e-06
  10412      2.18e-01    2.24e-01      8.04e-05    5.46e-04      9.30e-02    9.54e-02    4.5e-06
  10431      1.80e-01    2.37e-01      1.20e-05    5.11e-04      7.65e-02    1.01e-01    4.5e-06
  10450      2.00e-01    2.14e-01      5.13e-04    4.80e-04      8.51e-02    9.10e-02    4.5e-06
  10469      2.51e-01    2.23e-01      2.30e-04    4.74e-04      1.07e-01    9.48e-02    4.5e-06
  10488      2.24e-01    2.30e-01      3.59e-04    5.73e-04      9.54e-02    9.79e-02    4.5e-06
  10507      2.50e-01    2.13e-01      2.17e-04    6.08e-04      1.07e-01    9.07e-02    4.5e-06
  10526      1.80e-01    2.17e-01      2.44e-04    6.42e-04      7.65e-02    9.24e-02    4.5e-06
  10545      1.83e-01    2.27e-01      2.55e-04    6.82e-04      7.80e-02    9.66e-02    4.5e-06
  10564      2.50e-01    2.27e-01      3.90e-04    6.73e-04      1.06e-01    9.68e-02    4.5e-06
  10583      2.18e-01    2.32e-01      1.06e-04    5.72e-04      9.30e-02    9.86e-02    4.5e-06
  10602      2.10e-01    2.28e-01      4.68e-04    6.00e-04      8.95e-02    9.70e-02    4.5e-06
  10621      1.95e-01    2.23e-01      3.03e-04    4.89e-04      8.29e-02    9.49e-02    4.5e-06
  10640      1.86e-01    2.14e-01      5.09e-04    5.79e-04      7.92e-02    9.10e-02    4.5e-06
  10659      1.92e-01    2.21e-01      5.84e-04    7.51e-04      8.18e-02    9.39e-02    4.5e-06
  10678      2.02e-01    2.18e-01      5.15e-04    5.73e-04      8.59e-02    9.28e-02    4.5e-06
  10697      2.29e-01    2.26e-01      1.68e-04    4.98e-04      9.73e-02    9.60e-02    4.5e-06
  10716      2.21e-01    2.25e-01      9.42e-04    6.79e-04      9.40e-02    9.59e-02    4.5e-06
  10735      1.96e-01    2.30e-01      1.04e-05    5.74e-04      8.32e-02    9.78e-02    4.5e-06
  10754      2.04e-01    2.18e-01      3.16e-04    4.34e-04      8.70e-02    9.27e-02    4.5e-06
  10773      2.19e-01    2.24e-01      1.72e-05    5.19e-04      9.30e-02    9.51e-02    4.5e-06
  10792      2.05e-01    2.22e-01      1.86e-05    5.28e-04      8.71e-02    9.45e-02    4.5e-06
  10811      2.04e-01    2.25e-01      9.54e-05    5.78e-04      8.69e-02    9.57e-02    4.5e-06
  10830      2.14e-01    2.29e-01      8.96e-04    5.75e-04      9.08e-02    9.73e-02    4.5e-06
  10849      2.32e-01    2.31e-01      2.00e-04    5.16e-04      9.86e-02    9.83e-02    4.5e-06
  10868      2.17e-01    2.32e-01      3.35e-04    6.08e-04      9.24e-02    9.87e-02    4.5e-06
  10887      1.94e-01    2.20e-01      8.50e-05    5.08e-04      8.27e-02    9.36e-02    4.5e-06
  10906      2.00e-01    2.25e-01      2.69e-04    4.64e-04      8.51e-02    9.57e-02    4.5e-06
  10925      1.96e-01    2.19e-01      1.07e-04    4.29e-04      8.32e-02    9.32e-02    4.5e-06
  10944      2.51e-01    2.18e-01      3.19e-04    4.81e-04      1.07e-01    9.28e-02    4.5e-06
  10963      2.02e-01    2.30e-01      2.58e-04    5.80e-04      8.59e-02    9.78e-02    4.5e-06
  10982      1.95e-01    2.21e-01      4.41e-04    5.41e-04      8.30e-02    9.39e-02    4.5e-06
  11001      2.32e-01    2.30e-01      1.46e-04    3.35e-04      9.86e-02    9.79e-02    4.5e-06
  11020      2.00e-01    2.14e-01      8.02e-04    5.08e-04      8.51e-02    9.13e-02    4.5e-06
  11039      2.14e-01    2.22e-01      9.81e-04    5.83e-04      9.08e-02    9.45e-02    4.5e-06
  11058      2.10e-01    2.25e-01      5.39e-04    4.79e-04      8.95e-02    9.56e-02    4.5e-06
  11077      2.24e-01    2.24e-01      2.56e-04    6.90e-04      9.54e-02    9.51e-02    4.5e-06
  11096      2.19e-01    2.32e-01      3.26e-05    8.16e-04      9.30e-02    9.87e-02    4.5e-06
  11115      2.50e-01    2.26e-01      9.92e-05    6.31e-04      1.07e-01    9.60e-02    4.5e-06
  11134      1.83e-01    2.22e-01      3.36e-05    3.68e-04      7.80e-02    9.45e-02    4.5e-06
  11153      2.29e-01    2.22e-01      2.89e-04    5.23e-04      9.73e-02    9.46e-02    4.5e-06
  11172      2.05e-01    2.22e-01      3.39e-04    4.77e-04      8.71e-02    9.46e-02    4.5e-06
  11191      1.80e-01    2.25e-01      8.54e-05    5.21e-04      7.66e-02    9.57e-02    4.5e-06
  11210      2.50e-01    2.23e-01      4.24e-04    4.60e-04      1.06e-01    9.49e-02    4.5e-06
  11229      2.04e-01    2.16e-01      1.56e-04    5.70e-04      8.69e-02    9.21e-02    4.5e-06
  11248      2.17e-01    2.19e-01      4.46e-04    4.53e-04      9.24e-02    9.30e-02    4.5e-06
  11267      1.92e-01    2.25e-01      3.20e-04    4.48e-04      8.18e-02    9.59e-02    4.5e-06
  11286      2.18e-01    2.34e-01      9.32e-05    5.79e-04      9.30e-02    9.96e-02    4.5e-06
  11305      1.94e-01    2.20e-01      2.91e-04    4.85e-04      8.27e-02    9.37e-02    4.5e-06
  11324      1.86e-01    2.31e-01      4.78e-04    5.53e-04      7.92e-02    9.81e-02    4.5e-06
  11343      2.04e-01    2.26e-01      3.34e-04    4.94e-04      8.70e-02    9.62e-02    4.5e-06
  11362      2.21e-01    2.20e-01      6.06e-04    5.60e-04      9.40e-02    9.37e-02    4.5e-06
  11381      2.00e-01    2.32e-01      1.15e-04    4.38e-04      8.51e-02    9.86e-02    4.5e-06
  11400      2.32e-01    2.23e-01      2.49e-05    5.76e-04      9.86e-02    9.47e-02    4.5e-06
  11419      2.17e-01    2.19e-01      7.20e-04    4.72e-04      9.24e-02    9.33e-02    4.5e-06
  11438      2.21e-01    2.33e-01      8.36e-04    5.57e-04      9.40e-02    9.92e-02    4.5e-06
  11457      1.80e-01    2.22e-01      3.19e-04    6.11e-04      7.66e-02    9.43e-02    4.5e-06
  11476      1.86e-01    2.28e-01      5.04e-04    4.67e-04      7.92e-02    9.70e-02    4.5e-06
  11495      2.04e-01    2.33e-01      3.94e-04    6.95e-04      8.70e-02    9.92e-02    4.5e-06
  11514      2.28e-01    2.22e-01      2.18e-04    3.87e-04      9.73e-02    9.45e-02    4.5e-06
  11533      2.50e-01    2.19e-01      2.86e-05    3.94e-04      1.07e-01    9.33e-02    4.5e-06
  11552      1.95e-01    2.26e-01      4.90e-04    5.88e-04      8.30e-02    9.63e-02    4.5e-06
  11571      1.96e-01    2.17e-01      1.55e-04    4.55e-04      8.32e-02    9.24e-02    4.5e-06
  11590      2.50e-01    2.24e-01      2.20e-04    5.93e-04      1.06e-01    9.55e-02    4.5e-06
  11609      2.18e-01    2.20e-01      2.47e-05    5.30e-04      9.30e-02    9.35e-02    4.5e-06
  11628      2.00e-01    2.27e-01      1.16e-04    6.51e-04      8.51e-02    9.67e-02    4.5e-06
  11647      1.83e-01    2.29e-01      1.30e-04    4.86e-04      7.80e-02    9.74e-02    4.5e-06
  11666      2.04e-01    2.14e-01      3.87e-04    5.68e-04      8.69e-02    9.10e-02    4.5e-06
  11685      1.94e-01    2.19e-01      3.31e-05    4.39e-04      8.27e-02    9.33e-02    4.5e-06
  11704      2.19e-01    2.24e-01      2.21e-04    6.01e-04      9.30e-02    9.52e-02    4.5e-06
  11723      2.24e-01    2.16e-01      2.32e-04    5.00e-04      9.54e-02    9.20e-02    4.5e-06
  11742      1.92e-01    2.29e-01      5.57e-04    4.89e-04      8.18e-02    9.76e-02    4.5e-06
  11761      2.14e-01    2.21e-01      1.22e-03    4.77e-04      9.08e-02    9.41e-02    4.5e-06
  11780      2.00e-01    2.21e-01      2.69e-04    7.38e-04      8.51e-02    9.41e-02    4.5e-06
  11799      2.51e-01    2.24e-01      1.89e-04    5.31e-04      1.07e-01    9.52e-02    4.5e-06
  11818      2.05e-01    2.27e-01      4.40e-04    5.69e-04      8.71e-02    9.67e-02    4.5e-06
  11837      2.02e-01    2.23e-01      6.31e-04    7.24e-04      8.59e-02    9.50e-02    4.5e-06
  11856      2.10e-01    2.23e-01      3.04e-04    5.69e-04      8.95e-02    9.48e-02    4.5e-06
  11875      2.29e-01    2.17e-01      3.46e-04    5.02e-04      9.73e-02    9.25e-02    4.5e-06
  11894      1.95e-01    2.21e-01      1.92e-04    7.12e-04      8.30e-02    9.40e-02    4.5e-06
  11913      2.21e-01    2.31e-01      7.73e-04    6.29e-04      9.40e-02    9.83e-02    4.5e-06
  11932      2.14e-01    2.29e-01      9.64e-04    6.58e-04      9.08e-02    9.73e-02    4.5e-06
  11951      2.19e-01    2.22e-01      3.29e-04    4.95e-04      9.30e-02    9.43e-02    4.5e-06
  11970      2.17e-01    2.19e-01      3.67e-04    7.61e-04      9.24e-02    9.31e-02    4.5e-06
  11989      2.00e-01    2.33e-01      1.84e-04    6.37e-04      8.51e-02    9.91e-02    4.5e-06
  12008      1.83e-01    2.23e-01      1.01e-04    4.79e-04      7.80e-02    9.49e-02    4.5e-06
  12027      2.05e-01    2.20e-01      8.45e-05    3.46e-04      8.71e-02    9.36e-02    4.5e-06
  12046      2.32e-01    2.34e-01      1.33e-04    4.03e-04      9.86e-02    9.95e-02    4.5e-06
  12065      1.94e-01    2.18e-01      1.03e-04    5.25e-04      8.27e-02    9.27e-02    4.5e-06
  12084      2.04e-01    2.27e-01      2.73e-04    4.77e-04      8.70e-02    9.66e-02    4.5e-06
  12103      2.04e-01    2.23e-01      3.56e-04    6.96e-04      8.69e-02    9.48e-02    4.5e-06
  12122      2.02e-01    2.24e-01      4.74e-04    5.74e-04      8.59e-02    9.53e-02    4.5e-06
  12141      2.51e-01    2.27e-01      3.62e-04    6.12e-04      1.07e-01    9.65e-02    4.5e-06
  12160      2.50e-01    2.22e-01      2.47e-05    6.01e-04      1.07e-01    9.47e-02    4.5e-06
  12179      2.00e-01    2.30e-01      1.12e-03    5.55e-04      8.51e-02    9.79e-02    4.5e-06
  12198      1.92e-01    2.30e-01      3.35e-04    4.88e-04      8.18e-02    9.79e-02    4.5e-06
  12217      2.19e-01    2.23e-01      1.18e-04    6.89e-04      9.30e-02    9.51e-02    4.5e-06
  12236      2.50e-01    2.27e-01      6.38e-04    6.40e-04      1.06e-01    9.66e-02    4.5e-06
  12255      1.96e-01    2.21e-01      2.59e-05    7.50e-04      8.32e-02    9.39e-02    4.5e-06
  12274      2.24e-01    2.19e-01      3.17e-04    6.68e-04      9.54e-02    9.31e-02    4.5e-06
  12293      1.80e-01    2.24e-01      6.09e-05    4.14e-04      7.65e-02    9.53e-02    4.5e-06
  12312      1.86e-01    2.24e-01      4.56e-04    5.31e-04      7.92e-02    9.54e-02    4.5e-06
  12331      2.10e-01    2.14e-01      3.30e-05    5.82e-04      8.95e-02    9.09e-02    4.5e-06
  12350      2.17e-01    2.24e-01      8.84e-04    6.36e-04      9.24e-02    9.53e-02    4.5e-06
  12369      2.51e-01    2.32e-01      1.00e-04    4.50e-04      1.07e-01    9.89e-02    4.5e-06
  12388      1.95e-01    2.20e-01      1.63e-04    5.02e-04      8.30e-02    9.36e-02    4.5e-06
  12407      2.02e-01    2.27e-01      6.75e-04    6.13e-04      8.59e-02    9.67e-02    4.5e-06
  12426      2.14e-01    2.31e-01      1.10e-03    5.38e-04      9.08e-02    9.82e-02    4.5e-06
  12445      2.18e-01    2.25e-01      2.08e-04    5.50e-04      9.30e-02    9.59e-02    4.5e-06
  12464      1.86e-01    2.23e-01      6.35e-04    5.56e-04      7.92e-02    9.50e-02    4.5e-06
  12483      2.21e-01    2.16e-01      1.03e-03    4.32e-04      9.40e-02    9.19e-02    4.5e-06
  12502      1.96e-01    2.17e-01      5.56e-05    4.50e-04      8.32e-02    9.25e-02    4.5e-06
  12521      2.04e-01    2.24e-01      4.05e-04    4.94e-04      8.68e-02    9.52e-02    4.5e-06
  12540      2.19e-01    2.26e-01      1.35e-04    6.99e-04      9.30e-02    9.60e-02    4.5e-06
  12559      2.00e-01    2.24e-01      1.36e-04    4.23e-04      8.51e-02    9.54e-02    4.5e-06
  12578      2.50e-01    2.20e-01      1.09e-04    4.06e-04      1.07e-01    9.35e-02    4.5e-06
  12597      2.32e-01    2.26e-01      1.35e-04    5.06e-04      9.86e-02    9.62e-02    4.5e-06
  12616      2.05e-01    2.27e-01      2.60e-04    6.10e-04      8.71e-02    9.68e-02    4.5e-06
  12635      2.10e-01    2.20e-01      3.15e-04    5.72e-04      8.95e-02    9.36e-02    4.5e-06
  12654      1.92e-01    2.27e-01      3.72e-04    5.28e-04      8.18e-02    9.67e-02    4.5e-06
  12673      1.83e-01    2.16e-01      2.48e-04    6.30e-04      7.79e-02    9.17e-02    4.5e-06
  12692      1.80e-01    2.26e-01      2.26e-04    4.85e-04      7.65e-02    9.60e-02    4.5e-06
  12711      2.29e-01    2.22e-01      3.73e-04    6.66e-04      9.73e-02    9.45e-02    4.5e-06
  12730      2.04e-01    2.24e-01      4.55e-04    6.03e-04      8.70e-02    9.53e-02    4.5e-06
  12749      2.50e-01    2.22e-01      3.21e-04    5.17e-04      1.06e-01    9.44e-02    4.5e-06
  12768      1.94e-01    2.13e-01      2.04e-04    4.90e-04      8.27e-02    9.08e-02    4.5e-06
  12787      2.00e-01    2.21e-01      5.35e-04    5.30e-04      8.51e-02    9.41e-02    4.5e-06
  12806      2.24e-01    2.23e-01      3.71e-04    6.48e-04      9.54e-02    9.50e-02    4.5e-06
  12825      2.21e-01    2.25e-01      1.09e-03    6.62e-04      9.40e-02    9.56e-02    4.5e-06
  12844      2.19e-01    2.20e-01      4.89e-04    6.82e-04      9.30e-02    9.36e-02    4.5e-06
  12863      2.50e-01    2.26e-01      6.84e-04    7.74e-04      1.07e-01    9.63e-02    4.5e-06
  12882      1.83e-01    2.26e-01      3.33e-04    7.32e-04      7.79e-02    9.62e-02    4.5e-06
  12901      1.80e-01    2.30e-01      2.84e-04    7.36e-04      7.65e-02    9.79e-02    4.5e-06
  12920      2.02e-01    2.27e-01      4.01e-04    4.23e-04      8.59e-02    9.64e-02    4.5e-06
  12939      1.92e-01    2.16e-01      6.13e-04    6.45e-04      8.18e-02    9.21e-02    4.5e-06
  12958      2.19e-01    2.16e-01      2.98e-04    5.57e-04      9.30e-02    9.20e-02    4.5e-06
  12977      2.10e-01    2.21e-01      2.55e-04    4.53e-04      8.95e-02    9.42e-02    4.5e-06
  12996      1.86e-01    2.26e-01      6.13e-04    4.12e-04      7.92e-02    9.60e-02    4.5e-06
  13015      1.95e-01    2.27e-01      3.34e-04    5.14e-04      8.30e-02    9.66e-02    4.5e-06
  13034      2.24e-01    2.25e-01      2.07e-04    5.52e-04      9.54e-02    9.57e-02    4.5e-06
  13053      2.32e-01    2.21e-01      5.38e-04    6.14e-04      9.86e-02    9.40e-02    4.5e-06
  13072      2.00e-01    2.18e-01      6.85e-04    4.81e-04      8.52e-02    9.28e-02    4.5e-06
  13091      2.04e-01    2.23e-01      2.05e-04    5.67e-04      8.69e-02    9.49e-02    4.5e-06
  13110      2.05e-01    2.23e-01      5.89e-05    5.94e-04      8.71e-02    9.49e-02    4.5e-06
  13129      2.17e-01    2.19e-01      3.54e-04    5.85e-04      9.24e-02    9.30e-02    4.5e-06
  13148      2.04e-01    2.32e-01      5.00e-04    8.27e-04      8.70e-02    9.85e-02    4.5e-06
  13167      2.51e-01    2.15e-01      5.44e-04    4.64e-04      1.07e-01    9.17e-02    4.5e-06
  13186      2.50e-01    2.19e-01      2.17e-04    5.25e-04      1.06e-01    9.31e-02    4.5e-06
  13205      2.00e-01    2.23e-01      1.85e-04    7.02e-04      8.51e-02    9.49e-02    4.5e-06
  13224      1.94e-01    2.20e-01      2.26e-05    5.41e-04      8.27e-02    9.35e-02    4.5e-06
  13243      2.14e-01    2.18e-01      8.54e-04    5.40e-04      9.08e-02    9.26e-02    4.5e-06
  13262      2.29e-01    2.26e-01      5.41e-04    7.12e-04      9.73e-02    9.62e-02    4.5e-06
  13281      1.96e-01    2.26e-01      2.13e-04    4.95e-04      8.32e-02    9.61e-02    4.5e-06
  13300      2.32e-01    2.21e-01      2.04e-04    3.88e-04      9.86e-02    9.41e-02    4.5e-06
  13319      2.17e-01    2.19e-01      1.06e-03    4.68e-04      9.24e-02    9.34e-02    4.5e-06
  13338      2.19e-01    2.30e-01      5.75e-04    4.76e-04      9.30e-02    9.78e-02    4.5e-06
  13357      2.50e-01    2.25e-01      3.63e-04    3.92e-04      1.07e-01    9.57e-02    4.5e-06
  13376      2.24e-01    2.20e-01      3.73e-04    6.26e-04      9.54e-02    9.37e-02    4.5e-06
  13395      2.00e-01    2.23e-01      3.76e-04    4.85e-04      8.51e-02    9.48e-02    4.5e-06
  13414      1.94e-01    2.23e-01      6.75e-05    4.30e-04      8.27e-02    9.51e-02    4.5e-06
  13433      1.95e-01    2.25e-01      3.04e-04    7.57e-04      8.30e-02    9.56e-02    4.5e-06
  13452      2.10e-01    2.18e-01      3.20e-04    5.18e-04      8.95e-02    9.27e-02    4.5e-06
  13471      1.86e-01    2.24e-01      5.70e-04    4.85e-04      7.92e-02    9.55e-02    4.5e-06
  13490      2.50e-01    2.17e-01      4.24e-04    5.89e-04      1.06e-01    9.25e-02    4.5e-06
  13509      2.14e-01    2.33e-01      8.81e-04    8.01e-04      9.08e-02    9.89e-02    4.5e-06
  13528      2.04e-01    2.21e-01      3.89e-04    4.79e-04      8.69e-02    9.41e-02    4.5e-06
  13547      2.51e-01    2.24e-01      6.75e-06    5.18e-04      1.07e-01    9.55e-02    4.5e-06
  13566      1.83e-01    2.23e-01      9.91e-05    4.41e-04      7.80e-02    9.49e-02    4.5e-06
  13585      1.92e-01    2.17e-01      2.81e-05    6.73e-04      8.18e-02    9.24e-02    4.5e-06
  13604      1.80e-01    2.24e-01      2.28e-04    6.75e-04      7.65e-02    9.52e-02    4.5e-06
  13623      2.02e-01    2.35e-01      1.62e-04    5.69e-04      8.59e-02    1.00e-01    4.5e-06
  13642      2.04e-01    2.25e-01      1.03e-04    6.56e-04      8.70e-02    9.58e-02    4.5e-06
  13661      2.00e-01    2.19e-01      4.62e-04    5.60e-04      8.51e-02    9.33e-02    4.5e-06
  13680      2.18e-01    2.17e-01      1.25e-04    5.11e-04      9.30e-02    9.22e-02    4.5e-06
  13699      2.21e-01    2.24e-01      6.95e-04    4.15e-04      9.40e-02    9.55e-02    4.5e-06
  13718      2.29e-01    2.10e-01      4.01e-04    5.28e-04      9.73e-02    8.93e-02    4.5e-06
  13737      1.96e-01    2.15e-01      5.88e-05    6.07e-04      8.32e-02    9.15e-02    4.5e-06
  13756      2.05e-01    2.17e-01      5.68e-05    5.92e-04      8.71e-02    9.25e-02    4.5e-06
  13775      1.95e-01    2.24e-01      7.51e-05    4.81e-04      8.30e-02    9.53e-02    4.5e-06
  13794      2.04e-01    2.29e-01      3.60e-04    6.39e-04      8.68e-02    9.75e-02    4.5e-06
  13813      2.10e-01    2.24e-01      2.87e-04    7.03e-04      8.95e-02    9.55e-02    4.5e-06
  13832      2.32e-01    2.23e-01      5.46e-04    5.08e-04      9.86e-02    9.49e-02    4.5e-06
  13851      1.80e-01    2.31e-01      1.58e-04    6.28e-04      7.65e-02    9.82e-02    4.5e-06
  13870      2.51e-01    2.29e-01      1.28e-04    7.08e-04      1.07e-01    9.73e-02    4.5e-06
  13889      2.24e-01    2.31e-01      2.14e-05    4.41e-04      9.54e-02    9.84e-02    4.5e-06
  13908      2.00e-01    2.29e-01      4.08e-04    8.43e-04      8.51e-02    9.74e-02    4.5e-06
  13927      2.21e-01    2.26e-01      1.08e-03    6.35e-04      9.40e-02    9.61e-02    4.5e-06
  13946      1.94e-01    2.22e-01      4.14e-05    6.48e-04      8.27e-02    9.45e-02    4.5e-06
  13965      1.96e-01    2.15e-01      9.84e-05    5.30e-04      8.32e-02    9.15e-02    4.5e-06
  13984      2.17e-01    2.16e-01      8.71e-04    5.90e-04      9.24e-02    9.18e-02    4.5e-06
  14003      2.50e-01    2.25e-01      7.09e-04    6.56e-04      1.06e-01    9.55e-02    4.5e-06
  14022      2.02e-01    2.11e-01      2.25e-05    4.34e-04      8.59e-02    8.98e-02    4.5e-06
  14041      2.00e-01    2.19e-01      1.13e-03    6.58e-04      8.52e-02    9.33e-02    4.5e-06
  14060      1.83e-01    2.15e-01      3.58e-04    5.22e-04      7.79e-02    9.17e-02    4.5e-06
  14079      2.14e-01    2.20e-01      1.62e-03    6.79e-04      9.08e-02    9.38e-02    4.5e-06
  14098      2.04e-01    2.26e-01      1.36e-04    5.23e-04      8.70e-02    9.61e-02    4.5e-06
  14117      2.18e-01    2.27e-01      1.32e-04    6.05e-04      9.30e-02    9.65e-02    4.5e-06
  14136      2.05e-01    2.20e-01      2.49e-04    7.29e-04      8.71e-02    9.37e-02    4.5e-06
  14155      1.86e-01    2.23e-01      5.85e-04    4.54e-04      7.91e-02    9.49e-02    4.5e-06
  14174      2.50e-01    2.16e-01      9.46e-05    5.15e-04      1.07e-01    9.21e-02    4.5e-06
  14193      2.18e-01    2.26e-01      1.97e-04    4.89e-04      9.30e-02    9.63e-02    4.5e-06
  14212      1.92e-01    2.28e-01      4.72e-04    4.78e-04      8.18e-02    9.71e-02    4.5e-06
  14231      2.28e-01    2.19e-01      4.13e-05    5.57e-04      9.73e-02    9.33e-02    4.5e-06
  14250      2.51e-01    2.20e-01      7.53e-04    6.86e-04      1.07e-01    9.37e-02    4.5e-06
  14269      1.92e-01    2.23e-01      2.07e-04    4.71e-04      8.18e-02    9.48e-02    4.5e-06
  14288      2.04e-01    2.10e-01      1.07e-04    3.82e-04      8.69e-02    8.94e-02    4.5e-06
  14307      2.05e-01    2.28e-01      9.75e-05    6.36e-04      8.71e-02    9.68e-02    4.5e-06
  14326      1.96e-01    2.22e-01      4.97e-04    5.69e-04      8.32e-02    9.45e-02    4.5e-06
  14345      2.02e-01    2.12e-01      4.62e-04    4.87e-04      8.59e-02    9.03e-02    4.5e-06
  14364      2.32e-01    2.22e-01      3.10e-04    4.54e-04      9.86e-02    9.45e-02    4.5e-06
  14383      2.10e-01    2.16e-01      4.89e-04    4.34e-04      8.95e-02    9.18e-02    4.5e-06
  14402      2.00e-01    2.31e-01      3.77e-04    7.08e-04      8.51e-02    9.82e-02    4.5e-06
  14421      1.86e-01    2.21e-01      4.14e-04    4.87e-04      7.91e-02    9.40e-02    4.5e-06
  14440      2.50e-01    2.19e-01      3.29e-04    6.91e-04      1.07e-01    9.33e-02    4.5e-06
  14459      2.18e-01    2.21e-01      6.34e-05    5.70e-04      9.30e-02    9.39e-02    4.5e-06
  14478      2.28e-01    2.28e-01      7.50e-06    5.08e-04      9.73e-02    9.71e-02    4.5e-06
  14497      1.95e-01    2.18e-01      1.45e-05    5.72e-04      8.30e-02    9.26e-02    4.5e-06
  14516      2.21e-01    2.27e-01      1.02e-03    6.29e-04      9.40e-02    9.67e-02    4.5e-06
  14535      2.24e-01    2.13e-01      2.64e-04    6.05e-04      9.54e-02    9.08e-02    4.5e-06
  14554      1.83e-01    2.36e-01      4.90e-05    6.46e-04      7.79e-02    1.00e-01    4.5e-06
  14573      2.00e-01    2.35e-01      6.59e-04    6.58e-04      8.51e-02    1.00e-01    4.5e-06
  14592      1.80e-01    2.30e-01      1.07e-04    7.01e-04      7.65e-02    9.79e-02    4.5e-06
  14611      2.50e-01    2.25e-01      3.55e-05    6.19e-04      1.06e-01    9.59e-02    4.5e-06
  14630      2.04e-01    2.20e-01      5.65e-04    6.18e-04      8.70e-02    9.35e-02    4.5e-06
  14649      1.94e-01    2.28e-01      3.79e-04    6.42e-04      8.27e-02    9.70e-02    4.5e-06
  14668      2.17e-01    2.20e-01      5.95e-04    4.52e-04      9.24e-02    9.35e-02    4.5e-06
  14687      2.14e-01    2.30e-01      9.81e-04    4.96e-04      9.08e-02    9.79e-02    4.5e-06
  14706      2.18e-01    2.19e-01      6.81e-05    5.74e-04      9.30e-02    9.33e-02    4.5e-06
  14725      2.04e-01    2.28e-01      1.64e-04    4.99e-04      8.70e-02    9.70e-02    4.5e-06
  14744      2.50e-01    2.29e-01      1.58e-04    5.08e-04      1.06e-01    9.76e-02    4.5e-06
  14763      1.83e-01    2.24e-01      1.27e-04    6.36e-04      7.79e-02    9.54e-02    4.5e-06
  14782      1.95e-01    2.22e-01      9.05e-05    5.17e-04      8.32e-02    9.46e-02    4.5e-06
  14801      2.19e-01    2.17e-01      4.64e-05    5.44e-04      9.30e-02    9.24e-02    4.5e-06
  14820      2.50e-01    2.16e-01      1.27e-04    5.44e-04      1.07e-01    9.19e-02    4.5e-06
  14839      2.00e-01    2.24e-01      9.27e-04    8.08e-04      8.51e-02    9.52e-02    4.5e-06
  14858      1.80e-01    2.26e-01      2.18e-05    4.47e-04      7.65e-02    9.62e-02    4.5e-06
  14877      2.02e-01    2.15e-01      7.21e-04    5.00e-04      8.59e-02    9.16e-02    4.5e-06
  14896      2.51e-01    2.27e-01      6.68e-05    5.72e-04      1.07e-01    9.64e-02    4.5e-06
  14915      2.21e-01    2.24e-01      6.96e-04    5.02e-04      9.40e-02    9.52e-02    4.5e-06
  14934      1.95e-01    2.22e-01      1.14e-05    6.30e-04      8.30e-02    9.45e-02    4.5e-06
  14953      2.04e-01    2.29e-01      2.39e-04    7.14e-04      8.68e-02    9.73e-02    4.5e-06
  14972      2.00e-01    2.23e-01      7.56e-04    4.63e-04      8.52e-02    9.47e-02    4.5e-06
  14991      1.92e-01    2.21e-01      3.80e-04    4.48e-04      8.18e-02    9.39e-02    4.5e-06
  15010      1.06e-01    1.07e-01      4.33e-04    7.47e-04      9.24e-02    9.38e-02    3.0e-07
  15029      1.06e-01    1.08e-01      1.63e-04    5.62e-04      9.30e-02    9.45e-02    3.0e-07
  15048      1.02e-01    1.10e-01      2.09e-04    4.80e-04      8.95e-02    9.62e-02    3.0e-07
  15067      9.05e-02    1.08e-01      4.22e-04    5.92e-04      7.91e-02    9.43e-02    3.0e-07
  15086      1.04e-01    1.09e-01      9.98e-04    3.78e-04      9.08e-02    9.55e-02    3.0e-07
  15105      1.11e-01    1.09e-01      1.97e-04    8.09e-04      9.73e-02    9.52e-02    3.0e-07
  15124      1.09e-01    1.10e-01      2.19e-04    5.15e-04      9.54e-02    9.63e-02    3.0e-07
  15143      1.13e-01    1.08e-01      1.32e-04    5.09e-04      9.86e-02    9.46e-02    3.0e-07
  15162      9.95e-02    1.09e-01      2.09e-04    4.31e-04      8.71e-02    9.58e-02    3.0e-07
  15181      9.44e-02    1.13e-01      7.31e-05    4.46e-04      8.27e-02    9.85e-02    3.0e-07
  15200      1.22e-01    1.08e-01      2.16e-04    4.20e-04      1.07e-01    9.42e-02    3.0e-07
  15219      9.50e-02    1.04e-01      1.45e-04    5.19e-04      8.32e-02    9.08e-02    3.0e-07
  15238      8.74e-02    1.10e-01      4.59e-06    5.44e-04      7.65e-02    9.62e-02    3.0e-07
  15257      9.74e-02    1.10e-01      5.75e-04    4.17e-04      8.51e-02    9.63e-02    3.0e-07
  15276      1.08e-01    1.07e-01      7.81e-04    6.10e-04      9.40e-02    9.36e-02    3.0e-07
  15295      1.22e-01    1.14e-01      4.27e-04    6.93e-04      1.06e-01    9.95e-02    3.0e-07
  15314      1.22e-01    1.10e-01      3.22e-04    6.76e-04      1.07e-01    9.64e-02    3.0e-07
  15333      1.02e-01    1.14e-01      1.26e-04    6.43e-04      8.95e-02    9.93e-02    3.0e-07
  15352      1.13e-01    1.07e-01      1.32e-04    5.85e-04      9.86e-02    9.34e-02    3.0e-07
  15371      1.09e-01    1.07e-01      9.13e-05    4.82e-04      9.54e-02    9.38e-02    3.0e-07
  15390      1.04e-01    1.09e-01      1.11e-03    3.83e-04      9.08e-02    9.57e-02    3.0e-07
  15409      9.35e-02    1.11e-01      3.60e-04    5.55e-04      8.18e-02    9.73e-02    3.0e-07
  15428      1.11e-01    1.07e-01      1.67e-04    5.54e-04      9.73e-02    9.36e-02    3.0e-07
  15447      9.92e-02    1.07e-01      2.35e-04    5.79e-04      8.68e-02    9.38e-02    3.0e-07
  15466      9.94e-02    1.06e-01      3.67e-04    5.46e-04      8.70e-02    9.28e-02    3.0e-07
  15485      8.90e-02    1.06e-01      1.37e-04    4.07e-04      7.79e-02    9.24e-02    3.0e-07
  15504      9.72e-02    1.11e-01      1.73e-04    4.78e-04      8.51e-02    9.69e-02    3.0e-07
  15523      1.06e-01    1.09e-01      8.52e-05    6.15e-04      9.30e-02    9.54e-02    3.0e-07
  15542      9.96e-02    1.09e-01      4.10e-04    5.01e-04      8.71e-02    9.53e-02    3.0e-07
  15561      1.06e-01    1.07e-01      5.14e-04    6.35e-04      9.24e-02    9.35e-02    3.0e-07
  15580      1.06e-01    1.07e-01      1.84e-04    3.91e-04      9.30e-02    9.38e-02    3.0e-07
  15599      9.44e-02    1.07e-01      1.61e-04    5.01e-04      8.27e-02    9.34e-02    3.0e-07
  15618      9.06e-02    1.05e-01      5.23e-04    5.06e-04      7.91e-02    9.14e-02    3.0e-07
  15637      9.48e-02    1.07e-01      2.97e-04    6.79e-04      8.30e-02    9.37e-02    3.0e-07
  15656      9.82e-02    1.06e-01      3.26e-04    4.68e-04      8.59e-02    9.23e-02    3.0e-07
  15675      9.82e-02    1.09e-01      3.85e-04    4.13e-04      8.59e-02    9.57e-02    3.0e-07
  15694      1.02e-01    1.08e-01      1.41e-04    4.37e-04      8.95e-02    9.41e-02    3.0e-07
  15713      1.09e-01    1.10e-01      1.61e-04    5.90e-04      9.54e-02    9.65e-02    3.0e-07
  15732      1.13e-01    1.05e-01      1.93e-04    5.97e-04      9.86e-02    9.20e-02    3.0e-07
  15751      9.44e-02    1.10e-01      1.27e-04    5.29e-04      8.27e-02    9.61e-02    3.0e-07
  15770      8.90e-02    1.04e-01      1.23e-04    4.51e-04      7.79e-02    9.14e-02    3.0e-07
  15789      9.95e-02    1.08e-01      1.90e-04    5.49e-04      8.71e-02    9.44e-02    3.0e-07
  15808      1.08e-01    1.08e-01      8.95e-04    4.73e-04      9.40e-02    9.48e-02    3.0e-07
  15827      9.48e-02    1.05e-01      3.31e-04    4.08e-04      8.30e-02    9.16e-02    3.0e-07
  15846      1.22e-01    1.12e-01      2.86e-04    5.72e-04      1.06e-01    9.80e-02    3.0e-07
  15865      1.06e-01    1.15e-01      5.50e-04    6.07e-04      9.24e-02    1.00e-01    3.0e-07
  15884      9.94e-02    1.09e-01      2.84e-04    7.70e-04      8.70e-02    9.51e-02    3.0e-07
  15903      9.75e-02    1.11e-01      6.61e-04    6.55e-04      8.51e-02    9.67e-02    3.0e-07
  15922      9.50e-02    1.09e-01      1.04e-04    6.44e-04      8.32e-02    9.50e-02    3.0e-07
  15941      1.22e-01    1.06e-01      3.99e-04    4.83e-04      1.07e-01    9.31e-02    3.0e-07
  15960      9.07e-02    1.07e-01      6.79e-04    6.12e-04      7.91e-02    9.39e-02    3.0e-07
  15979      9.92e-02    1.07e-01      3.46e-04    4.91e-04      8.68e-02    9.40e-02    3.0e-07
  15998      1.11e-01    1.08e-01      3.16e-04    6.19e-04      9.73e-02    9.43e-02    3.0e-07
  16017      9.73e-02    1.10e-01      3.73e-04    5.76e-04      8.51e-02    9.65e-02    3.0e-07
  16036      1.06e-01    1.10e-01      1.24e-04    5.06e-04      9.30e-02    9.58e-02    3.0e-07
  16055      9.35e-02    1.05e-01      3.63e-04    4.55e-04      8.18e-02    9.17e-02    3.0e-07
  16074      1.06e-01    1.04e-01      1.34e-04    6.87e-04      9.30e-02    9.13e-02    3.0e-07
  16093      1.22e-01    1.10e-01      1.96e-04    4.84e-04      1.07e-01    9.66e-02    3.0e-07
  16112      1.04e-01    1.09e-01      1.19e-03    6.61e-04      9.08e-02    9.48e-02    3.0e-07
  16131      8.74e-02    1.09e-01      7.72e-05    6.26e-04      7.65e-02    9.54e-02    3.0e-07
  16150      9.44e-02    1.07e-01      1.75e-04    5.18e-04      8.27e-02    9.35e-02    3.0e-07
  16169      1.22e-01    1.12e-01      2.54e-04    6.10e-04      1.07e-01    9.81e-02    3.0e-07
  16188      9.95e-02    1.09e-01      3.23e-04    6.42e-04      8.71e-02    9.55e-02    3.0e-07
  16207      1.06e-01    1.08e-01      1.26e-04    6.97e-04      9.30e-02    9.44e-02    3.0e-07
  16226      1.08e-01    1.15e-01      9.65e-04    7.95e-04      9.40e-02    1.01e-01    3.0e-07
  16245      9.05e-02    1.10e-01      4.24e-04    5.28e-04      7.91e-02    9.60e-02    3.0e-07
  16264      1.04e-01    1.08e-01      1.10e-03    6.78e-04      9.08e-02    9.46e-02    3.0e-07
  16283      9.50e-02    1.10e-01      6.25e-05    4.21e-04      8.32e-02    9.59e-02    3.0e-07
  16302      1.06e-01    1.11e-01      6.65e-04    6.62e-04      9.24e-02    9.66e-02    3.0e-07
  16321      9.93e-02    1.11e-01      9.46e-05    4.55e-04      8.70e-02    9.67e-02    3.0e-07
  16340      9.73e-02    1.12e-01      3.77e-04    7.40e-04      8.51e-02    9.75e-02    3.0e-07
  16359      9.48e-02    1.14e-01      2.33e-04    5.30e-04      8.30e-02    9.95e-02    3.0e-07
  16378      1.22e-01    1.10e-01      3.03e-04    6.53e-04      1.07e-01    9.59e-02    3.0e-07
  16397      9.35e-02    1.07e-01      3.43e-04    4.35e-04      8.18e-02    9.38e-02    3.0e-07
  16416      9.75e-02    1.09e-01      6.89e-04    6.44e-04      8.51e-02    9.50e-02    3.0e-07
  16435      1.11e-01    1.06e-01      3.03e-04    5.48e-04      9.72e-02    9.31e-02    3.0e-07
  16454      1.02e-01    1.14e-01      1.96e-04    7.00e-04      8.95e-02    9.95e-02    3.0e-07
  16473      1.22e-01    1.07e-01      3.22e-04    4.25e-04      1.06e-01    9.38e-02    3.0e-07
  16492      1.09e-01    1.09e-01      1.23e-04    5.63e-04      9.54e-02    9.49e-02    3.0e-07
  16511      9.92e-02    1.06e-01      1.89e-04    5.75e-04      8.68e-02    9.30e-02    3.0e-07
  16530      8.90e-02    1.12e-01      4.74e-05    4.66e-04      7.79e-02    9.79e-02    3.0e-07
  16549      1.13e-01    1.03e-01      8.99e-05    5.94e-04      9.86e-02    9.01e-02    3.0e-07
  16568      8.74e-02    1.11e-01      3.97e-05    4.28e-04      7.65e-02    9.75e-02    3.0e-07
  16587      9.81e-02    1.10e-01      1.76e-04    5.73e-04      8.59e-02    9.63e-02    3.0e-07
  16606      1.06e-01    1.07e-01      3.40e-04    3.91e-04      9.30e-02    9.37e-02    3.0e-07
  16625      1.22e-01    1.09e-01      1.89e-04    6.91e-04      1.07e-01    9.50e-02    3.0e-07
  16644      9.50e-02    1.09e-01      5.96e-05    6.64e-04      8.32e-02    9.49e-02    3.0e-07
  16663      8.74e-02    1.12e-01      8.29e-05    4.38e-04      7.65e-02    9.76e-02    3.0e-07
  16682      8.90e-02    1.08e-01      1.74e-04    4.93e-04      7.79e-02    9.40e-02    3.0e-07
  16701      1.06e-01    1.11e-01      2.78e-04    4.91e-04      9.30e-02    9.71e-02    3.0e-07
  16720      9.05e-02    1.08e-01      4.21e-04    4.81e-04      7.91e-02    9.47e-02    3.0e-07
  16739      9.35e-02    1.06e-01      3.83e-04    5.75e-04      8.18e-02    9.26e-02    3.0e-07
  16758      1.06e-01    1.08e-01      4.11e-04    5.04e-04      9.30e-02    9.40e-02    3.0e-07
  16777      1.13e-01    1.08e-01      2.16e-04    6.22e-04      9.86e-02    9.43e-02    3.0e-07
  16796      9.94e-02    1.05e-01      4.32e-04    4.92e-04      8.70e-02    9.22e-02    3.0e-07
  16815      9.82e-02    1.09e-01      3.71e-04    4.79e-04      8.59e-02    9.53e-02    3.0e-07
  16834      9.74e-02    1.06e-01      5.49e-04    5.09e-04      8.51e-02    9.29e-02    3.0e-07
  16853      1.04e-01    1.05e-01      8.99e-04    5.33e-04      9.08e-02    9.22e-02    3.0e-07
  16872      1.09e-01    1.10e-01      1.40e-04    6.05e-04      9.54e-02    9.58e-02    3.0e-07
  16891      1.02e-01    1.07e-01      8.50e-05    3.94e-04      8.95e-02    9.40e-02    3.0e-07
  16910      1.08e-01    1.05e-01      1.00e-03    5.36e-04      9.40e-02    9.15e-02    3.0e-07
  16929      9.44e-02    1.07e-01      1.75e-04    4.89e-04      8.27e-02    9.37e-02    3.0e-07
  16948      9.72e-02    1.13e-01      8.78e-05    5.89e-04      8.51e-02    9.90e-02    3.0e-07
  16967      1.22e-01    1.09e-01      5.23e-04    6.06e-04      1.07e-01    9.56e-02    3.0e-07
  16986      1.06e-01    1.12e-01      5.53e-04    5.53e-04      9.24e-02    9.75e-02    3.0e-07
  17005      1.22e-01    1.06e-01      5.18e-04    5.19e-04      1.06e-01    9.30e-02    3.0e-07
  17024      9.95e-02    1.11e-01      1.34e-04    5.10e-04      8.71e-02    9.69e-02    3.0e-07
  17043      9.47e-02    1.08e-01      1.16e-04    5.72e-04      8.30e-02    9.46e-02    3.0e-07
  17062      9.92e-02    1.07e-01      2.53e-04    5.91e-04      8.68e-02    9.36e-02    3.0e-07
  17081      1.11e-01    1.12e-01      2.70e-04    6.65e-04      9.72e-02    9.78e-02    3.0e-07
  17100      1.08e-01    1.11e-01      9.95e-04    6.36e-04      9.40e-02    9.70e-02    3.0e-07
  17119      9.93e-02    1.13e-01      1.74e-04    5.58e-04      8.70e-02    9.88e-02    3.0e-07
  17138      9.48e-02    1.05e-01      2.49e-04    6.18e-04      8.30e-02    9.21e-02    3.0e-07
  17157      1.04e-01    1.10e-01      1.09e-03    6.03e-04      9.08e-02    9.66e-02    3.0e-07
  17176      9.05e-02    1.07e-01      4.82e-04    5.44e-04      7.91e-02    9.38e-02    3.0e-07
  17195      9.82e-02    1.06e-01      3.03e-04    4.15e-04      8.59e-02    9.24e-02    3.0e-07
  17214      1.09e-01    1.06e-01      1.08e-04    4.23e-04      9.54e-02    9.31e-02    3.0e-07
  17233      1.06e-01    1.07e-01      1.37e-04    4.84e-04      9.30e-02    9.39e-02    3.0e-07
  17252      9.35e-02    1.12e-01      4.24e-04    4.54e-04      8.18e-02    9.77e-02    3.0e-07
  17271      9.44e-02    1.06e-01      9.75e-05    4.21e-04      8.27e-02    9.27e-02    3.0e-07
  17290      1.22e-01    1.07e-01      1.75e-04    6.67e-04      1.06e-01    9.35e-02    3.0e-07
  17309      9.95e-02    1.08e-01      3.70e-04    5.44e-04      8.71e-02    9.43e-02    3.0e-07
  17328      9.72e-02    1.09e-01      1.28e-04    5.71e-04      8.51e-02    9.55e-02    3.0e-07
  17347      1.06e-01    1.11e-01      3.67e-04    5.78e-04      9.30e-02    9.69e-02    3.0e-07
  17366      1.06e-01    1.07e-01      6.89e-04    6.37e-04      9.24e-02    9.35e-02    3.0e-07
  17385      1.22e-01    1.09e-01      3.66e-04    4.92e-04      1.07e-01    9.53e-02    3.0e-07
  17404      1.02e-01    1.04e-01      1.71e-04    5.00e-04      8.95e-02    9.10e-02    3.0e-07
  17423      8.90e-02    1.10e-01      1.71e-04    4.47e-04      7.79e-02    9.66e-02    3.0e-07
  17442      1.22e-01    1.08e-01      2.44e-04    5.99e-04      1.07e-01    9.47e-02    3.0e-07
  17461      1.13e-01    1.07e-01      2.67e-04    4.80e-04      9.86e-02    9.39e-02    3.0e-07
  17480      9.75e-02    1.16e-01      7.04e-04    6.36e-04      8.51e-02    1.01e-01    3.0e-07
  17499      1.11e-01    1.07e-01      2.81e-04    5.45e-04      9.72e-02    9.32e-02    3.0e-07
  17518      8.74e-02    1.07e-01      1.50e-04    4.77e-04      7.65e-02    9.40e-02    3.0e-07
  17537      9.92e-02    1.09e-01      2.76e-04    5.67e-04      8.68e-02    9.51e-02    3.0e-07
  17556      9.50e-02    1.07e-01      1.52e-04    5.86e-04      8.32e-02    9.39e-02    3.0e-07
  17575      9.44e-02    1.08e-01      6.95e-05    4.59e-04      8.27e-02    9.41e-02    3.0e-07
  17594      1.08e-01    1.05e-01      8.05e-04    3.93e-04      9.40e-02    9.23e-02    3.0e-07
  17613      8.90e-02    1.07e-01      2.19e-04    5.32e-04      7.79e-02    9.39e-02    3.0e-07
  17632      9.94e-02    1.10e-01      4.11e-04    6.06e-04      8.70e-02    9.63e-02    3.0e-07
  17651      1.22e-01    1.08e-01      3.83e-04    7.14e-04      1.07e-01    9.41e-02    3.0e-07
  17670      9.92e-02    1.03e-01      9.94e-05    5.46e-04      8.68e-02    9.04e-02    3.0e-07
  17689      1.06e-01    1.08e-01      3.54e-05    4.20e-04      9.30e-02    9.46e-02    3.0e-07
  17708      1.11e-01    1.07e-01      2.24e-04    5.33e-04      9.72e-02    9.36e-02    3.0e-07
  17727      1.02e-01    1.09e-01      1.82e-04    6.30e-04      8.95e-02    9.53e-02    3.0e-07
  17746      1.06e-01    1.10e-01      6.11e-04    5.54e-04      9.24e-02    9.62e-02    3.0e-07
  17765      9.05e-02    1.06e-01      4.09e-04    5.17e-04      7.91e-02    9.30e-02    3.0e-07
  17784      9.95e-02    1.10e-01      1.79e-04    6.18e-04      8.71e-02    9.63e-02    3.0e-07
  17803      9.72e-02    1.06e-01      1.40e-04    5.53e-04      8.51e-02    9.31e-02    3.0e-07
  17822      1.06e-01    1.05e-01      7.53e-05    3.90e-04      9.30e-02    9.21e-02    3.0e-07
  17841      9.34e-02    1.06e-01      1.54e-04    6.60e-04      8.18e-02    9.25e-02    3.0e-07
  17860      1.09e-01    1.10e-01      1.02e-04    6.04e-04      9.54e-02    9.59e-02    3.0e-07
  17879      1.22e-01    1.06e-01      4.00e-04    5.97e-04      1.06e-01    9.30e-02    3.0e-07
  17898      1.13e-01    1.02e-01      1.41e-04    5.30e-04      9.86e-02    8.96e-02    3.0e-07
  17917      9.48e-02    1.11e-01      2.82e-04    6.33e-04      8.30e-02    9.71e-02    3.0e-07
  17936      8.74e-02    1.08e-01      1.12e-04    4.71e-04      7.65e-02    9.41e-02    3.0e-07
  17955      9.81e-02    1.09e-01      2.33e-04    5.71e-04      8.59e-02    9.53e-02    3.0e-07
  17974      9.75e-02    1.13e-01      6.80e-04    5.97e-04      8.51e-02    9.89e-02    3.0e-07
  17993      1.22e-01    1.12e-01      3.01e-04    6.31e-04      1.07e-01    9.80e-02    3.0e-07
  18012      9.50e-02    1.07e-01      5.24e-05    5.34e-04      8.32e-02    9.34e-02    3.0e-07
  18031      1.04e-01    1.11e-01      1.14e-03    5.38e-04      9.08e-02    9.69e-02    3.0e-07
  18050      1.22e-01    1.07e-01      3.36e-04    6.88e-04      1.07e-01    9.35e-02    3.0e-07
  18069      1.09e-01    1.11e-01      2.25e-04    7.27e-04      9.54e-02    9.71e-02    3.0e-07
  18088      9.37e-02    1.07e-01      6.69e-04    5.49e-04      8.18e-02    9.37e-02    3.0e-07
  18107      1.02e-01    1.02e-01      6.32e-05    5.59e-04      8.95e-02    8.96e-02    3.0e-07
  18126      9.92e-02    1.10e-01      1.32e-04    4.61e-04      8.68e-02    9.64e-02    3.0e-07
  18145      8.90e-02    1.11e-01      8.08e-05    6.07e-04      7.79e-02    9.69e-02    3.0e-07
  18164      1.04e-01    1.11e-01      1.10e-03    7.24e-04      9.08e-02    9.72e-02    3.0e-07
  18183      9.48e-02    1.07e-01      3.62e-04    4.26e-04      8.30e-02    9.38e-02    3.0e-07
  18202      1.06e-01    1.06e-01      5.03e-04    6.42e-04      9.24e-02    9.28e-02    3.0e-07
  18221      1.11e-01    1.07e-01      2.21e-04    4.74e-04      9.72e-02    9.39e-02    3.0e-07
  18240      9.94e-02    1.09e-01      2.31e-04    5.12e-04      8.70e-02    9.54e-02    3.0e-07
  18259      1.08e-01    1.07e-01      9.13e-04    4.38e-04      9.40e-02    9.38e-02    3.0e-07
  18278      9.05e-02    1.07e-01      5.12e-04    4.31e-04      7.91e-02    9.39e-02    3.0e-07
  18297      9.72e-02    1.09e-01      2.08e-04    5.11e-04      8.51e-02    9.55e-02    3.0e-07
  18316      1.06e-01    1.07e-01      5.50e-05    5.05e-04      9.30e-02    9.35e-02    3.0e-07
  18335      1.22e-01    1.12e-01      3.42e-04    6.17e-04      1.06e-01    9.76e-02    3.0e-07
  18354      1.06e-01    1.07e-01      2.50e-04    5.91e-04      9.30e-02    9.36e-02    3.0e-07
  18373      9.95e-02    1.10e-01      2.52e-04    6.72e-04      8.71e-02    9.60e-02    3.0e-07
  18392      9.82e-02    1.06e-01      4.15e-04    6.09e-04      8.59e-02    9.28e-02    3.0e-07
  18411      9.45e-02    1.08e-01      2.81e-04    6.24e-04      8.27e-02    9.47e-02    3.0e-07
  18430      9.50e-02    1.08e-01      1.71e-04    4.80e-04      8.32e-02    9.46e-02    3.0e-07
  18449      1.22e-01    1.07e-01      1.51e-04    6.58e-04      1.07e-01    9.33e-02    3.0e-07
  18468      8.74e-02    1.08e-01      5.97e-05    4.17e-04      7.65e-02    9.46e-02    3.0e-07
  18487      1.13e-01    1.06e-01      1.48e-04    5.08e-04      9.86e-02    9.26e-02    3.0e-07
  18506      9.74e-02    1.11e-01      5.42e-04    5.43e-04      8.51e-02    9.67e-02    3.0e-07
  18525      1.22e-01    1.09e-01      1.44e-04    5.48e-04      1.07e-01    9.49e-02    3.0e-07
  18544      1.06e-01    1.05e-01      5.09e-04    4.06e-04      9.24e-02    9.21e-02    3.0e-07
  18563      8.90e-02    1.07e-01      6.11e-05    5.43e-04      7.79e-02    9.35e-02    3.0e-07
  18582      9.76e-02    1.10e-01      7.55e-04    6.20e-04      8.51e-02    9.59e-02    3.0e-07
  18601      9.95e-02    1.08e-01      2.73e-04    5.52e-04      8.71e-02    9.46e-02    3.0e-07
  18620      1.06e-01    1.11e-01      1.43e-04    5.45e-04      9.30e-02    9.67e-02    3.0e-07
  18639      1.06e-01    1.05e-01      2.63e-04    5.73e-04      9.30e-02    9.16e-02    3.0e-07
  18658      1.02e-01    1.09e-01      3.26e-05    5.83e-04      8.95e-02    9.50e-02    3.0e-07
  18677      9.94e-02    1.08e-01      3.35e-04    4.42e-04      8.70e-02    9.45e-02    3.0e-07
  18696      8.74e-02    1.06e-01      1.40e-04    6.21e-04      7.65e-02    9.30e-02    3.0e-07
  18715      1.13e-01    1.05e-01      2.06e-04    3.79e-04      9.86e-02    9.22e-02    3.0e-07
  18734      1.11e-01    1.06e-01      1.99e-04    4.85e-04      9.72e-02    9.28e-02    3.0e-07
  18753      9.48e-02    1.08e-01      3.55e-04    5.16e-04      8.30e-02    9.43e-02    3.0e-07
  18772      9.05e-02    1.06e-01      4.71e-04    5.71e-04      7.91e-02    9.30e-02    3.0e-07
  18791      1.22e-01    1.07e-01      3.29e-04    5.22e-04      1.06e-01    9.38e-02    3.0e-07
  18810      1.09e-01    1.06e-01      1.28e-04    5.07e-04      9.54e-02    9.24e-02    3.0e-07
  18829      9.44e-02    1.12e-01      1.74e-04    5.49e-04      8.27e-02    9.80e-02    3.0e-07
  18848      9.35e-02    1.08e-01      4.37e-04    6.14e-04      8.18e-02    9.44e-02    3.0e-07
  18867      1.08e-01    1.08e-01      9.24e-04    5.00e-04      9.40e-02    9.48e-02    3.0e-07
  18886      1.04e-01    1.09e-01      1.17e-03    6.17e-04      9.08e-02    9.55e-02    3.0e-07
  18905      9.72e-02    1.09e-01      1.15e-04    5.00e-04      8.51e-02    9.56e-02    3.0e-07
  18924      9.92e-02    1.08e-01      3.27e-04    5.52e-04      8.68e-02    9.46e-02    3.0e-07
  18943      9.83e-02    1.07e-01      5.08e-04    5.04e-04      8.59e-02    9.37e-02    3.0e-07
  18962      1.22e-01    1.07e-01      9.40e-05    4.84e-04      1.07e-01    9.40e-02    3.0e-07
  18981      9.50e-02    1.09e-01      1.63e-04    6.30e-04      8.32e-02    9.56e-02    3.0e-07
  19000      9.48e-02    1.10e-01      2.62e-04    5.34e-04      8.30e-02    9.60e-02    3.0e-07
