#  step      rmse_val    rmse_trn    rmse_e_val  rmse_e_trn    rmse_f_val  rmse_f_trn         lr
      0      3.36e+01    3.50e+01      4.28e-01    4.30e-01      1.06e+00    1.11e+00    1.0e-03
      2      3.36e+01    3.45e+01      1.86e-01    1.84e-01      1.06e+00    1.09e+00    1.0e-03
      4      3.27e+01    3.36e+01      7.10e-03    1.53e-02      1.03e+00    1.06e+00    1.0e-03
      6      3.35e+01    3.31e+01      1.11e-01    1.14e-01      1.06e+00    1.05e+00    1.0e-03
      8      3.22e+01    3.38e+01      1.48e-01    1.47e-01      1.02e+00    1.07e+00    1.0e-03
     10      3.23e+01    3.33e+01      1.38e-01    1.40e-01      1.02e+00    1.05e+00    1.0e-03
     12      3.15e+01    3.30e+01      1.12e-01    1.12e-01      9.98e-01    1.05e+00    1.0e-03
     14      3.12e+01    3.23e+01      7.44e-02    7.44e-02      9.88e-01    1.02e+00    1.0e-03
     16      3.11e+01    3.21e+01      2.69e-02    3.06e-02      9.83e-01    1.01e+00    1.0e-03
     18      3.01e+01    3.22e+01      1.89e-02    2.50e-02      9.52e-01    1.02e+00    1.0e-03
     20      3.05e+01    3.18e+01      8.55e-02    8.77e-02      9.66e-01    1.00e+00    1.0e-03
     22      2.98e+01    3.13e+01      1.60e-01    1.63e-01      9.44e-01    9.90e-01    1.0e-03
     24      2.98e+01    3.04e+01      2.18e-01    2.16e-01      9.43e-01    9.63e-01    1.0e-03
     26      2.95e+01    3.16e+01      2.53e-01    2.56e-01      9.32e-01    1.00e+00    1.0e-03
     28      2.94e+01    3.05e+01      2.79e-01    2.80e-01      9.31e-01    9.66e-01    1.0e-03
     30      2.89e+01    2.96e+01      2.91e-01    2.89e-01      9.13e-01    9.36e-01    1.0e-03
     32      2.88e+01    2.99e+01      2.80e-01    2.80e-01      9.09e-01    9.47e-01    1.0e-03
     34      2.90e+01    3.01e+01      2.55e-01    2.57e-01      9.18e-01    9.52e-01    1.0e-03
     36      2.86e+01    2.93e+01      1.36e-01    1.35e-01      9.03e-01    9.26e-01    1.0e-03
     38      2.86e+01    2.93e+01      4.54e-02    4.69e-02      9.05e-01    9.26e-01    1.0e-03
     40      2.85e+01    3.04e+01      2.55e-01    2.54e-01      9.00e-01    9.62e-01    1.0e-03
     42      2.81e+01    2.90e+01      3.71e-01    3.73e-01      8.89e-01    9.15e-01    1.0e-03
     44      2.80e+01    2.87e+01      3.88e-01    3.90e-01      8.84e-01    9.07e-01    1.0e-03
     46      2.77e+01    2.84e+01      3.07e-01    3.08e-01      8.76e-01    8.98e-01    1.0e-03
     48      2.79e+01    2.81e+01      1.12e-01    1.15e-01      8.82e-01    8.89e-01    1.0e-03
     50      2.70e+01    2.83e+01      5.97e-02    6.13e-02      8.54e-01    8.96e-01    1.0e-03
     52      2.71e+01    2.80e+01      1.87e-01    1.87e-01      8.56e-01    8.84e-01    1.0e-03
     54      2.68e+01    2.84e+01      3.11e-01    3.13e-01      8.49e-01    8.99e-01    1.0e-03
     56      2.66e+01    2.77e+01      2.98e-01    2.98e-01      8.41e-01    8.76e-01    1.0e-03
     58      2.63e+01    2.74e+01      2.11e-01    2.12e-01      8.31e-01    8.67e-01    1.0e-03
     60      2.56e+01    2.67e+01      5.84e-02    5.86e-02      8.09e-01    8.44e-01    1.0e-03
     62      2.55e+01    2.69e+01      7.14e-02    7.14e-02      8.07e-01    8.51e-01    1.0e-03
     64      2.51e+01    2.61e+01      1.95e-01    1.97e-01      7.93e-01    8.25e-01    1.0e-03
     66      2.42e+01    2.49e+01      1.98e-01    1.98e-01      7.66e-01    7.86e-01    1.0e-03
     68      2.39e+01    2.46e+01      1.52e-01    1.54e-01      7.54e-01    7.77e-01    1.0e-03
     70      2.33e+01    2.48e+01      2.45e-02    2.55e-02      7.37e-01    7.83e-01    1.0e-03
     72      2.27e+01    2.35e+01      5.89e-02    6.11e-02      7.19e-01    7.42e-01    1.0e-03
     74      2.23e+01    2.29e+01      9.05e-02    9.17e-02      7.04e-01    7.23e-01    1.0e-03
     76      2.18e+01    2.20e+01      1.37e-01    1.37e-01      6.90e-01    6.96e-01    1.0e-03
     78      2.07e+01    2.15e+01      6.90e-02    6.97e-02      6.54e-01    6.81e-01    1.0e-03
     80      2.07e+01    2.12e+01      8.41e-02    8.50e-02      6.54e-01    6.70e-01    1.0e-03
     82      1.97e+01    2.03e+01      1.19e-01    1.20e-01      6.22e-01    6.42e-01    1.0e-03
     84      1.90e+01    1.97e+01      1.92e-01    1.90e-01      6.00e-01    6.22e-01    1.0e-03
     86      2.00e+01    2.05e+01      1.88e-01    1.86e-01      6.32e-01    6.48e-01    1.0e-03
     88      1.87e+01    1.88e+01      2.70e-01    2.67e-01      5.91e-01    5.95e-01    1.0e-03
     90      1.79e+01    1.86e+01      3.45e-02    3.35e-02      5.65e-01    5.88e-01    1.0e-03
     92      1.75e+01    1.78e+01      1.65e-01    1.65e-01      5.53e-01    5.63e-01    1.0e-03
     94      1.68e+01    1.71e+01      2.66e-01    2.64e-01      5.30e-01    5.42e-01    1.0e-03
     96      1.66e+01    1.70e+01      4.08e-01    4.05e-01      5.26e-01    5.38e-01    1.0e-03
     98      1.62e+01    1.64e+01      1.80e-01    1.80e-01      5.13e-01    5.20e-01    1.0e-03
    100      1.23e+01    1.26e+01      1.49e-01    1.48e-01      5.03e-01    5.13e-01    6.0e-04
    102      1.23e+01    1.24e+01      8.53e-02    8.58e-02      5.01e-01    5.07e-01    6.0e-04
    104      1.22e+01    1.22e+01      7.91e-02    7.88e-02      4.98e-01    5.00e-01    6.0e-04
    106      1.18e+01    1.20e+01      1.38e-01    1.34e-01      4.81e-01    4.91e-01    6.0e-04
    108      1.17e+01    1.19e+01      5.54e-02    5.57e-02      4.76e-01    4.86e-01    6.0e-04
    110      1.19e+01    1.17e+01      1.11e-01    1.14e-01      4.85e-01    4.77e-01    6.0e-04
    112      1.16e+01    1.17e+01      8.43e-03    9.52e-03      4.75e-01    4.79e-01    6.0e-04
    114      1.14e+01    1.15e+01      8.93e-02    8.63e-02      4.66e-01    4.69e-01    6.0e-04
    116      1.14e+01    1.14e+01      9.33e-03    1.23e-02      4.65e-01    4.64e-01    6.0e-04
    118      1.11e+01    1.12e+01      4.58e-02    4.59e-02      4.54e-01    4.56e-01    6.0e-04
    120      1.10e+01    1.11e+01      3.40e-02    3.57e-02      4.50e-01    4.53e-01    6.0e-04
    122      1.11e+01    1.12e+01      2.75e-02    2.54e-02      4.54e-01    4.56e-01    6.0e-04
    124      1.09e+01    1.09e+01      3.01e-02    3.10e-02      4.45e-01    4.44e-01    6.0e-04
    126      1.09e+01    1.08e+01      5.59e-03    5.56e-03      4.45e-01    4.39e-01    6.0e-04
    128      1.08e+01    1.06e+01      3.19e-02    2.90e-02      4.42e-01    4.33e-01    6.0e-04
    130      1.05e+01    1.06e+01      1.15e-02    1.08e-02      4.28e-01    4.34e-01    6.0e-04
    132      1.05e+01    1.04e+01      8.88e-03    1.09e-02      4.31e-01    4.26e-01    6.0e-04
    134      1.05e+01    1.04e+01      1.06e-02    1.07e-02      4.27e-01    4.24e-01    6.0e-04
    136      1.04e+01    1.03e+01      2.18e-02    2.03e-02      4.24e-01    4.21e-01    6.0e-04
    138      1.01e+01    1.02e+01      1.20e-02    1.03e-02      4.14e-01    4.17e-01    6.0e-04
    140      1.01e+01    1.03e+01      5.89e-03    5.63e-03      4.14e-01    4.19e-01    6.0e-04
    142      9.99e+00    9.90e+00      1.73e-02    1.55e-02      4.08e-01    4.05e-01    6.0e-04
    144      9.94e+00    9.80e+00      2.67e-02    2.45e-02      4.06e-01    4.00e-01    6.0e-04
    146      9.93e+00    9.79e+00      1.59e-02    1.65e-02      4.06e-01    4.00e-01    6.0e-04
    148      9.70e+00    9.82e+00      1.02e-02    9.62e-03      3.96e-01    4.01e-01    6.0e-04
    150      9.83e+00    9.66e+00      3.06e-02    2.72e-02      4.01e-01    3.94e-01    6.0e-04
    152      9.71e+00    9.47e+00      4.84e-03    4.07e-03      3.97e-01    3.87e-01    6.0e-04
    154      9.49e+00    9.66e+00      6.69e-03    7.82e-03      3.88e-01    3.95e-01    6.0e-04
    156      9.50e+00    9.42e+00      3.34e-02    3.13e-02      3.88e-01    3.85e-01    6.0e-04
    158      9.38e+00    9.29e+00      1.19e-02    1.45e-02      3.83e-01    3.80e-01    6.0e-04
    160      9.38e+00    9.09e+00      2.85e-02    2.44e-02      3.83e-01    3.71e-01    6.0e-04
    162      9.14e+00    9.09e+00      5.78e-03    8.64e-03      3.73e-01    3.71e-01    6.0e-04
    164      9.14e+00    9.04e+00      1.17e-02    7.79e-03      3.73e-01    3.69e-01    6.0e-04
    166      9.13e+00    8.90e+00      2.41e-02    2.12e-02      3.73e-01    3.64e-01    6.0e-04
    168      8.95e+00    8.97e+00      4.80e-03    6.03e-03      3.66e-01    3.66e-01    6.0e-04
    170      9.03e+00    8.78e+00      5.71e-03    4.38e-03      3.69e-01    3.59e-01    6.0e-04
    172      8.94e+00    8.88e+00      2.99e-02    2.78e-02      3.65e-01    3.63e-01    6.0e-04
    174      8.82e+00    8.71e+00      6.71e-03    5.35e-03      3.60e-01    3.56e-01    6.0e-04
    176      8.85e+00    8.64e+00      7.76e-03    1.03e-02      3.62e-01    3.53e-01    6.0e-04
    178      8.60e+00    8.53e+00      3.88e-02    3.57e-02      3.51e-01    3.48e-01    6.0e-04
    180      8.59e+00    8.39e+00      2.25e-02    2.58e-02      3.51e-01    3.43e-01    6.0e-04
    182      8.67e+00    8.48e+00      2.53e-02    2.20e-02      3.54e-01    3.46e-01    6.0e-04
    184      8.63e+00    8.28e+00      1.70e-02    1.47e-02      3.53e-01    3.38e-01    6.0e-04
    186      8.45e+00    8.48e+00      1.66e-02    2.18e-02      3.45e-01    3.46e-01    6.0e-04
    188      8.47e+00    8.34e+00      2.23e-02    1.92e-02      3.46e-01    3.41e-01    6.0e-04
    190      8.42e+00    8.21e+00      3.05e-02    2.62e-02      3.44e-01    3.35e-01    6.0e-04
    192      8.43e+00    8.12e+00      2.67e-02    3.05e-02      3.44e-01    3.32e-01    6.0e-04
    194      8.22e+00    8.04e+00      3.17e-02    2.75e-02      3.36e-01    3.28e-01    6.0e-04
    196      8.29e+00    8.08e+00      4.81e-03    4.85e-03      3.39e-01    3.30e-01    6.0e-04
    198      8.20e+00    8.07e+00      1.08e-02    7.62e-03      3.35e-01    3.30e-01    6.0e-04
    200      6.36e+00    6.19e+00      1.11e-02    7.52e-03      3.35e-01    3.27e-01    3.6e-04
    202      6.24e+00    6.16e+00      1.44e-02    1.86e-02      3.29e-01    3.25e-01    3.6e-04
    204      6.24e+00    6.12e+00      3.02e-02    2.61e-02      3.29e-01    3.23e-01    3.6e-04
    206      6.34e+00    6.10e+00      8.56e-03    1.13e-02      3.35e-01    3.22e-01    3.6e-04
    208      6.17e+00    6.09e+00      5.63e-03    3.70e-03      3.26e-01    3.21e-01    3.6e-04
    210      6.31e+00    6.04e+00      2.49e-02    2.00e-02      3.33e-01    3.18e-01    3.6e-04
    212      6.24e+00    6.08e+00      1.71e-02    2.19e-02      3.29e-01    3.21e-01    3.6e-04
    214      6.17e+00    6.17e+00      1.68e-02    1.36e-02      3.25e-01    3.25e-01    3.6e-04
    216      6.14e+00    6.05e+00      1.18e-02    7.97e-03      3.24e-01    3.19e-01    3.6e-04
    218      6.24e+00    6.06e+00      1.38e-02    1.68e-02      3.29e-01    3.20e-01    3.6e-04
    220      6.15e+00    6.10e+00      2.48e-02    2.12e-02      3.24e-01    3.22e-01    3.6e-04
    222      6.21e+00    6.09e+00      4.46e-03    6.42e-03      3.28e-01    3.21e-01    3.6e-04
    224      6.27e+00    6.01e+00      4.75e-03    7.04e-03      3.31e-01    3.17e-01    3.6e-04
    226      6.04e+00    5.97e+00      1.87e-02    1.37e-02      3.19e-01    3.15e-01    3.6e-04
    228      6.03e+00    6.06e+00      6.01e-03    9.54e-03      3.18e-01    3.20e-01    3.6e-04
    230      6.24e+00    5.96e+00      8.51e-03    5.77e-03      3.29e-01    3.14e-01    3.6e-04
    232      6.10e+00    6.02e+00      7.71e-03    5.42e-03      3.22e-01    3.18e-01    3.6e-04
    234      6.13e+00    6.00e+00      1.12e-02    7.43e-03      3.23e-01    3.16e-01    3.6e-04
    236      6.07e+00    5.98e+00      5.14e-03    4.08e-03      3.20e-01    3.15e-01    3.6e-04
    238      6.11e+00    5.89e+00      5.60e-03    4.30e-03      3.22e-01    3.11e-01    3.6e-04
    240      6.10e+00    5.94e+00      1.41e-02    1.10e-02      3.22e-01    3.14e-01    3.6e-04
    242      6.05e+00    5.89e+00      5.72e-03    7.69e-03      3.19e-01    3.11e-01    3.6e-04
    244      6.08e+00    5.92e+00      1.21e-02    8.04e-03      3.21e-01    3.12e-01    3.6e-04
    246      6.02e+00    5.88e+00      6.74e-03    4.28e-03      3.18e-01    3.10e-01    3.6e-04
    248      5.99e+00    5.86e+00      8.26e-03    5.64e-03      3.16e-01    3.09e-01    3.6e-04
    250      6.08e+00    5.90e+00      4.60e-03    5.30e-03      3.21e-01    3.11e-01    3.6e-04
    252      6.12e+00    5.85e+00      1.25e-02    7.82e-03      3.23e-01    3.09e-01    3.6e-04
    254      5.85e+00    5.95e+00      3.98e-03    6.39e-03      3.08e-01    3.14e-01    3.6e-04
    256      5.94e+00    5.81e+00      1.32e-02    9.58e-03      3.14e-01    3.07e-01    3.6e-04
    258      6.00e+00    5.83e+00      5.26e-03    4.24e-03      3.17e-01    3.07e-01    3.6e-04
    260      6.05e+00    5.80e+00      4.05e-03    4.29e-03      3.19e-01    3.06e-01    3.6e-04
    262      5.88e+00    5.77e+00      1.08e-02    6.91e-03      3.10e-01    3.05e-01    3.6e-04
    264      5.90e+00    5.80e+00      7.11e-03    9.24e-03      3.11e-01    3.06e-01    3.6e-04
    266      6.01e+00    5.78e+00      1.36e-02    9.29e-03      3.17e-01    3.05e-01    3.6e-04
    268      5.94e+00    5.82e+00      8.71e-03    5.84e-03      3.13e-01    3.07e-01    3.6e-04
    270      5.90e+00    5.70e+00      4.26e-03    8.39e-03      3.12e-01    3.01e-01    3.6e-04
    272      5.90e+00    5.81e+00      1.64e-02    1.33e-02      3.11e-01    3.07e-01    3.6e-04
    274      5.95e+00    5.75e+00      6.76e-03    1.05e-02      3.14e-01    3.03e-01    3.6e-04
    276      5.96e+00    5.74e+00      1.40e-02    9.90e-03      3.14e-01    3.03e-01    3.6e-04
    278      5.79e+00    5.76e+00      4.35e-03    6.08e-03      3.06e-01    3.04e-01    3.6e-04
    280      5.80e+00    5.74e+00      7.35e-03    4.39e-03      3.06e-01    3.03e-01    3.6e-04
    282      5.97e+00    5.77e+00      6.26e-03    4.30e-03      3.15e-01    3.04e-01    3.6e-04
    284      5.80e+00    5.74e+00      9.24e-03    6.35e-03      3.06e-01    3.03e-01    3.6e-04
    286      5.94e+00    5.67e+00      6.40e-03    4.60e-03      3.13e-01    2.99e-01    3.6e-04
    288      5.83e+00    5.66e+00      7.09e-03    4.34e-03      3.08e-01    2.99e-01    3.6e-04
    290      5.83e+00    5.71e+00      1.50e-02    1.11e-02      3.08e-01    3.01e-01    3.6e-04
    292      5.87e+00    5.68e+00      7.11e-03    1.03e-02      3.10e-01    3.00e-01    3.6e-04
    294      5.78e+00    5.63e+00      1.36e-02    9.26e-03      3.05e-01    2.97e-01    3.6e-04
    296      5.76e+00    5.71e+00      5.81e-03    4.50e-03      3.04e-01    3.01e-01    3.6e-04
    298      5.85e+00    5.62e+00      5.52e-03    4.29e-03      3.09e-01    2.96e-01    3.6e-04
    300      4.52e+00    4.36e+00      1.27e-02    8.72e-03      3.08e-01    2.97e-01    2.1e-04
    302      4.43e+00    4.39e+00      4.72e-03    5.82e-03      3.02e-01    2.99e-01    2.1e-04
    304      4.52e+00    4.40e+00      5.61e-03    4.09e-03      3.08e-01    3.00e-01    2.1e-04
    306      4.43e+00    4.35e+00      8.81e-03    5.96e-03      3.01e-01    2.97e-01    2.1e-04
    308      4.46e+00    4.33e+00      4.94e-03    4.26e-03      3.04e-01    2.95e-01    2.1e-04
    310      4.49e+00    4.37e+00      6.29e-03    4.58e-03      3.06e-01    2.98e-01    2.1e-04
    312      4.47e+00    4.34e+00      6.24e-03    5.00e-03      3.04e-01    2.96e-01    2.1e-04
    314      4.44e+00    4.32e+00      4.93e-03    4.38e-03      3.03e-01    2.94e-01    2.1e-04
    316      4.47e+00    4.35e+00      5.77e-03    4.37e-03      3.05e-01    2.96e-01    2.1e-04
    318      4.47e+00    4.29e+00      7.41e-03    4.79e-03      3.04e-01    2.92e-01    2.1e-04
    320      4.46e+00    4.40e+00      5.12e-03    4.36e-03      3.04e-01    3.00e-01    2.1e-04
    322      4.48e+00    4.32e+00      7.01e-03    4.11e-03      3.05e-01    2.94e-01    2.1e-04
    324      4.43e+00    4.38e+00      6.55e-03    4.28e-03      3.02e-01    2.99e-01    2.1e-04
    326      4.49e+00    4.32e+00      4.85e-03    3.84e-03      3.06e-01    2.94e-01    2.1e-04
    328      4.40e+00    4.32e+00      6.90e-03    4.57e-03      2.99e-01    2.94e-01    2.1e-04
    330      4.50e+00    4.27e+00      8.02e-03    4.65e-03      3.06e-01    2.91e-01    2.1e-04
    332      4.39e+00    4.33e+00      4.62e-03    4.57e-03      2.99e-01    2.95e-01    2.1e-04
    334      4.43e+00    4.33e+00      6.69e-03    4.28e-03      3.02e-01    2.95e-01    2.1e-04
    336      4.46e+00    4.34e+00      8.65e-03    4.88e-03      3.04e-01    2.96e-01    2.1e-04
    338      4.42e+00    4.33e+00      4.61e-03    5.14e-03      3.01e-01    2.95e-01    2.1e-04
    340      4.49e+00    4.27e+00      9.48e-03    5.18e-03      3.06e-01    2.91e-01    2.1e-04
    342      4.40e+00    4.30e+00      6.78e-03    3.86e-03      2.99e-01    2.93e-01    2.1e-04
    344      4.37e+00    4.33e+00      4.61e-03    6.10e-03      2.98e-01    2.95e-01    2.1e-04
    346      4.49e+00    4.32e+00      1.22e-02    9.26e-03      3.05e-01    2.94e-01    2.1e-04
    348      4.46e+00    4.27e+00      4.78e-03    4.39e-03      3.04e-01    2.91e-01    2.1e-04
    350      4.40e+00    4.32e+00      4.21e-03    4.50e-03      3.00e-01    2.94e-01    2.1e-04
    352      4.46e+00    4.35e+00      1.16e-02    7.46e-03      3.04e-01    2.96e-01    2.1e-04
    354      4.39e+00    4.32e+00      4.13e-03    4.71e-03      2.99e-01    2.94e-01    2.1e-04
    356      4.46e+00    4.27e+00      5.46e-03    3.06e-03      3.04e-01    2.91e-01    2.1e-04
    358      4.37e+00    4.31e+00      7.66e-03    5.32e-03      2.97e-01    2.93e-01    2.1e-04
    360      4.31e+00    4.31e+00      5.32e-03    3.81e-03      2.93e-01    2.93e-01    2.1e-04
    362      4.49e+00    4.26e+00      7.14e-03    4.91e-03      3.06e-01    2.90e-01    2.1e-04
    364      4.42e+00    4.34e+00      4.67e-03    4.70e-03      3.01e-01    2.96e-01    2.1e-04
    366      4.41e+00    4.25e+00      6.53e-03    4.47e-03      3.00e-01    2.90e-01    2.1e-04
    368      4.32e+00    4.33e+00      8.24e-03    5.01e-03      2.94e-01    2.95e-01    2.1e-04
    370      4.47e+00    4.27e+00      4.72e-03    4.59e-03      3.04e-01    2.91e-01    2.1e-04
    372      4.44e+00    4.31e+00      6.17e-03    4.18e-03      3.02e-01    2.93e-01    2.1e-04
    374      4.36e+00    4.27e+00      7.90e-03    4.52e-03      2.97e-01    2.91e-01    2.1e-04
    376      4.36e+00    4.32e+00      4.85e-03    4.38e-03      2.97e-01    2.94e-01    2.1e-04
    378      4.42e+00    4.28e+00      7.34e-03    4.46e-03      3.01e-01    2.92e-01    2.1e-04
    380      4.30e+00    4.32e+00      9.55e-03    6.31e-03      2.93e-01    2.94e-01    2.1e-04
    382      4.49e+00    4.27e+00      4.02e-03    5.09e-03      3.06e-01    2.91e-01    2.1e-04
    384      4.35e+00    4.30e+00      5.85e-03    3.85e-03      2.96e-01    2.93e-01    2.1e-04
    386      4.39e+00    4.26e+00      1.08e-02    6.82e-03      2.99e-01    2.90e-01    2.1e-04
    388      4.33e+00    4.26e+00      4.55e-03    5.27e-03      2.95e-01    2.90e-01    2.1e-04
    390      4.44e+00    4.28e+00      6.26e-03    4.02e-03      3.02e-01    2.92e-01    2.1e-04
    392      4.24e+00    4.21e+00      1.02e-02    7.34e-03      2.89e-01    2.87e-01    2.1e-04
    394      4.51e+00    4.26e+00      3.92e-03    5.08e-03      3.07e-01    2.90e-01    2.1e-04
    396      4.36e+00    4.21e+00      6.54e-03    3.62e-03      2.97e-01    2.87e-01    2.1e-04
    398      4.39e+00    4.20e+00      7.59e-03    5.03e-03      2.99e-01    2.86e-01    2.1e-04
    400      3.38e+00    3.27e+00      4.88e-03    3.71e-03      2.97e-01    2.87e-01    1.3e-04
    402      3.37e+00    3.29e+00      5.32e-03    4.16e-03      2.96e-01    2.90e-01    1.3e-04
    404      3.41e+00    3.26e+00      7.86e-03    4.39e-03      3.00e-01    2.86e-01    1.3e-04
    406      3.36e+00    3.29e+00      5.42e-03    4.25e-03      2.96e-01    2.89e-01    1.3e-04
    408      3.38e+00    3.29e+00      5.26e-03    4.46e-03      2.97e-01    2.89e-01    1.3e-04
    410      3.37e+00    3.26e+00      6.72e-03    4.04e-03      2.96e-01    2.86e-01    1.3e-04
    412      3.35e+00    3.33e+00      5.01e-03    4.13e-03      2.94e-01    2.93e-01    1.3e-04
    414      3.42e+00    3.26e+00      5.01e-03    4.11e-03      3.00e-01    2.86e-01    1.3e-04
    416      3.48e+00    3.28e+00      6.34e-03    4.32e-03      3.06e-01    2.89e-01    1.3e-04
    418      3.29e+00    3.28e+00      7.60e-03    4.28e-03      2.89e-01    2.88e-01    1.3e-04
    420      3.36e+00    3.27e+00      4.50e-03    4.26e-03      2.96e-01    2.87e-01    1.3e-04
    422      3.40e+00    3.25e+00      6.15e-03    3.96e-03      2.98e-01    2.85e-01    1.3e-04
    424      3.35e+00    3.20e+00      7.47e-03    4.20e-03      2.95e-01    2.81e-01    1.3e-04
    426      3.39e+00    3.25e+00      4.50e-03    4.26e-03      2.98e-01    2.85e-01    1.3e-04
    428      3.41e+00    3.34e+00      5.04e-03    4.43e-03      2.99e-01    2.94e-01    1.3e-04
    430      3.33e+00    3.25e+00      6.94e-03    5.05e-03      2.93e-01    2.86e-01    1.3e-04
    432      3.40e+00    3.23e+00      6.33e-03    3.71e-03      2.99e-01    2.84e-01    1.3e-04
    434      3.33e+00    3.32e+00      3.93e-03    4.75e-03      2.93e-01    2.92e-01    1.3e-04
    436      3.38e+00    3.29e+00      6.55e-03    4.55e-03      2.97e-01    2.89e-01    1.3e-04
    438      3.37e+00    3.28e+00      7.43e-03    3.76e-03      2.96e-01    2.88e-01    1.3e-04
    440      3.39e+00    3.25e+00      5.39e-03    4.13e-03      2.98e-01    2.85e-01    1.3e-04
    442      3.33e+00    3.29e+00      4.18e-03    4.18e-03      2.93e-01    2.89e-01    1.3e-04
    444      3.36e+00    3.22e+00      7.07e-03    4.94e-03      2.96e-01    2.83e-01    1.3e-04
    446      3.38e+00    3.25e+00      6.07e-03    3.95e-03      2.97e-01    2.86e-01    1.3e-04
    448      3.30e+00    3.26e+00      4.70e-03    3.82e-03      2.90e-01    2.86e-01    1.3e-04
    450      3.39e+00    3.31e+00      5.62e-03    4.30e-03      2.98e-01    2.91e-01    1.3e-04
    452      3.38e+00    3.26e+00      6.33e-03    4.53e-03      2.97e-01    2.86e-01    1.3e-04
    454      3.35e+00    3.25e+00      5.30e-03    4.03e-03      2.94e-01    2.86e-01    1.3e-04
    456      3.38e+00    3.27e+00      5.83e-03    3.26e-03      2.97e-01    2.87e-01    1.3e-04
    458      3.36e+00    3.26e+00      5.90e-03    4.44e-03      2.95e-01    2.87e-01    1.3e-04
    460      3.38e+00    3.27e+00      5.93e-03    4.33e-03      2.97e-01    2.88e-01    1.3e-04
    462      3.34e+00    3.25e+00      6.30e-03    3.71e-03      2.94e-01    2.85e-01    1.3e-04
    464      3.32e+00    3.24e+00      4.89e-03    4.35e-03      2.92e-01    2.85e-01    1.3e-04
    466      3.38e+00    3.30e+00      6.52e-03    4.19e-03      2.97e-01    2.90e-01    1.3e-04
    468      3.35e+00    3.25e+00      5.81e-03    3.96e-03      2.94e-01    2.85e-01    1.3e-04
    470      3.37e+00    3.25e+00      5.91e-03    3.76e-03      2.96e-01    2.85e-01    1.3e-04
    472      3.33e+00    3.30e+00      5.25e-03    4.38e-03      2.93e-01    2.90e-01    1.3e-04
    474      3.37e+00    3.27e+00      6.29e-03    3.73e-03      2.96e-01    2.87e-01    1.3e-04
    476      3.37e+00    3.21e+00      5.53e-03    4.35e-03      2.96e-01    2.83e-01    1.3e-04
    478      3.36e+00    3.24e+00      6.75e-03    3.58e-03      2.96e-01    2.85e-01    1.3e-04
    480      3.34e+00    3.21e+00      5.00e-03    3.85e-03      2.94e-01    2.82e-01    1.3e-04
    482      3.38e+00    3.25e+00      5.92e-03    3.98e-03      2.97e-01    2.86e-01    1.3e-04
    484      3.30e+00    3.24e+00      6.41e-03    4.45e-03      2.90e-01    2.85e-01    1.3e-04
    486      3.41e+00    3.27e+00      5.55e-03    4.11e-03      3.00e-01    2.88e-01    1.3e-04
    488      3.36e+00    3.23e+00      4.60e-03    4.17e-03      2.95e-01    2.84e-01    1.3e-04
    490      3.35e+00    3.22e+00      7.24e-03    4.29e-03      2.95e-01    2.83e-01    1.3e-04
    492      3.37e+00    3.29e+00      6.30e-03    3.89e-03      2.96e-01    2.89e-01    1.3e-04
    494      3.34e+00    3.25e+00      5.17e-03    4.20e-03      2.93e-01    2.86e-01    1.3e-04
    496      3.35e+00    3.26e+00      5.20e-03    4.33e-03      2.95e-01    2.86e-01    1.3e-04
    498      3.36e+00    3.26e+00      6.38e-03    4.41e-03      2.96e-01    2.87e-01    1.3e-04
    500      2.61e+00    2.48e+00      5.16e-03    4.08e-03      2.96e-01    2.81e-01    7.7e-05
    502      2.58e+00    2.52e+00      6.14e-03    3.63e-03      2.93e-01    2.86e-01    7.7e-05
    504      2.58e+00    2.49e+00      5.89e-03    3.87e-03      2.93e-01    2.82e-01    7.7e-05
    506      2.60e+00    2.53e+00      5.32e-03    3.55e-03      2.95e-01    2.86e-01    7.7e-05
    508      2.60e+00    2.50e+00      5.66e-03    4.06e-03      2.95e-01    2.83e-01    7.7e-05
    510      2.59e+00    2.52e+00      6.13e-03    4.26e-03      2.94e-01    2.85e-01    7.7e-05
    512      2.55e+00    2.50e+00      4.86e-03    3.71e-03      2.89e-01    2.83e-01    7.7e-05
    514      2.64e+00    2.52e+00      6.08e-03    4.41e-03      3.00e-01    2.85e-01    7.7e-05
    516      2.62e+00    2.51e+00      5.12e-03    3.44e-03      2.96e-01    2.84e-01    7.7e-05
    518      2.58e+00    2.52e+00      6.52e-03    4.04e-03      2.92e-01    2.85e-01    7.7e-05
    520      2.60e+00    2.52e+00      5.32e-03    4.06e-03      2.94e-01    2.85e-01    7.7e-05
    522      2.61e+00    2.49e+00      5.47e-03    4.20e-03      2.96e-01    2.82e-01    7.7e-05
    524      2.54e+00    2.52e+00      5.86e-03    4.17e-03      2.88e-01    2.85e-01    7.7e-05
    526      2.65e+00    2.52e+00      5.65e-03    3.97e-03      3.00e-01    2.86e-01    7.7e-05
    528      2.57e+00    2.52e+00      5.98e-03    3.71e-03      2.92e-01    2.85e-01    7.7e-05
    530      2.60e+00    2.53e+00      4.98e-03    3.90e-03      2.95e-01    2.87e-01    7.7e-05
    532      2.62e+00    2.51e+00      5.95e-03    3.85e-03      2.97e-01    2.84e-01    7.7e-05
    534      2.56e+00    2.47e+00      5.34e-03    3.49e-03      2.90e-01    2.80e-01    7.7e-05
    536      2.60e+00    2.51e+00      6.01e-03    4.32e-03      2.94e-01    2.84e-01    7.7e-05
    538      2.60e+00    2.54e+00      5.43e-03    4.18e-03      2.94e-01    2.88e-01    7.7e-05
    540      2.61e+00    2.53e+00      6.42e-03    3.94e-03      2.96e-01    2.86e-01    7.7e-05
    542      2.59e+00    2.52e+00      5.05e-03    4.00e-03      2.93e-01    2.86e-01    7.7e-05
    544      2.56e+00    2.51e+00      6.48e-03    3.64e-03      2.90e-01    2.85e-01    7.7e-05
    546      2.60e+00    2.51e+00      5.21e-03    4.16e-03      2.95e-01    2.85e-01    7.7e-05
    548      2.57e+00    2.47e+00      5.40e-03    4.05e-03      2.91e-01    2.80e-01    7.7e-05
    550      2.60e+00    2.49e+00      5.47e-03    4.33e-03      2.94e-01    2.82e-01    7.7e-05
    552      2.59e+00    2.50e+00      5.44e-03    4.10e-03      2.93e-01    2.83e-01    7.7e-05
    554      2.60e+00    2.49e+00      6.18e-03    3.90e-03      2.94e-01    2.82e-01    7.7e-05
    556      2.58e+00    2.53e+00      5.51e-03    4.13e-03      2.92e-01    2.86e-01    7.7e-05
    558      2.59e+00    2.48e+00      5.56e-03    3.62e-03      2.94e-01    2.81e-01    7.7e-05
    560      2.55e+00    2.52e+00      5.48e-03    4.31e-03      2.88e-01    2.86e-01    7.7e-05
    562      2.64e+00    2.49e+00      6.17e-03    3.88e-03      2.99e-01    2.82e-01    7.7e-05
    564      2.57e+00    2.54e+00      5.32e-03    3.71e-03      2.92e-01    2.87e-01    7.7e-05
    566      2.61e+00    2.50e+00      5.57e-03    3.57e-03      2.96e-01    2.83e-01    7.7e-05
    568      2.60e+00    2.48e+00      6.61e-03    3.68e-03      2.95e-01    2.81e-01    7.7e-05
    570      2.58e+00    2.50e+00      4.54e-03    4.09e-03      2.92e-01    2.84e-01    7.7e-05
    572      2.61e+00    2.52e+00      4.55e-03    3.88e-03      2.96e-01    2.86e-01    7.7e-05
    574      2.57e+00    2.52e+00      6.85e-03    3.42e-03      2.91e-01    2.86e-01    7.7e-05
    576      2.58e+00    2.54e+00      5.55e-03    4.20e-03      2.92e-01    2.88e-01    7.7e-05
    578      2.60e+00    2.53e+00      5.52e-03    4.29e-03      2.95e-01    2.87e-01    7.7e-05
    580      2.59e+00    2.52e+00      6.71e-03    3.92e-03      2.94e-01    2.85e-01    7.7e-05
    582      2.58e+00    2.50e+00      4.73e-03    3.75e-03      2.93e-01    2.83e-01    7.7e-05
    584      2.59e+00    2.52e+00      5.28e-03    3.70e-03      2.94e-01    2.85e-01    7.7e-05
    586      2.59e+00    2.49e+00      6.01e-03    3.85e-03      2.94e-01    2.82e-01    7.7e-05
    588      2.60e+00    2.48e+00      6.06e-03    3.85e-03      2.95e-01    2.81e-01    7.7e-05
    590      2.57e+00    2.53e+00      5.15e-03    3.93e-03      2.91e-01    2.86e-01    7.7e-05
    592      2.64e+00    2.50e+00      6.40e-03    3.32e-03      2.99e-01    2.83e-01    7.7e-05
    594      2.54e+00    2.49e+00      5.28e-03    4.33e-03      2.88e-01    2.82e-01    7.7e-05
    596      2.59e+00    2.50e+00      5.01e-03    4.09e-03      2.94e-01    2.83e-01    7.7e-05
    598      2.56e+00    2.52e+00      5.96e-03    4.14e-03      2.90e-01    2.86e-01    7.7e-05
    600      1.97e+00    1.94e+00      6.17e-03    4.16e-03      2.88e-01    2.83e-01    4.6e-05
    602      2.04e+00    1.96e+00      4.63e-03    4.09e-03      2.98e-01    2.85e-01    4.6e-05
    604      1.97e+00    1.95e+00      5.81e-03    4.11e-03      2.88e-01    2.84e-01    4.6e-05
    606      2.03e+00    1.95e+00      5.62e-03    3.79e-03      2.97e-01    2.84e-01    4.6e-05
    608      1.99e+00    1.96e+00      5.14e-03    3.91e-03      2.90e-01    2.85e-01    4.6e-05
    610      2.03e+00    1.94e+00      5.55e-03    4.04e-03      2.96e-01    2.83e-01    4.6e-05
    612      2.02e+00    1.95e+00      6.02e-03    4.16e-03      2.95e-01    2.84e-01    4.6e-05
    614      2.00e+00    1.96e+00      5.61e-03    3.47e-03      2.91e-01    2.86e-01    4.6e-05
    616      2.01e+00    1.95e+00      5.29e-03    3.65e-03      2.93e-01    2.84e-01    4.6e-05
    618      2.01e+00    1.96e+00      5.41e-03    4.30e-03      2.93e-01    2.86e-01    4.6e-05
    620      2.03e+00    1.93e+00      4.64e-03    4.07e-03      2.96e-01    2.81e-01    4.6e-05
    622      2.00e+00    1.94e+00      6.08e-03    4.00e-03      2.92e-01    2.82e-01    4.6e-05
    624      2.01e+00    1.95e+00      6.21e-03    4.12e-03      2.93e-01    2.84e-01    4.6e-05
    626      2.00e+00    1.92e+00      5.23e-03    4.14e-03      2.92e-01    2.80e-01    4.6e-05
    628      2.00e+00    1.97e+00      5.24e-03    3.71e-03      2.92e-01    2.87e-01    4.6e-05
    630      2.03e+00    1.95e+00      5.81e-03    4.48e-03      2.95e-01    2.84e-01    4.6e-05
    632      1.96e+00    1.95e+00      5.99e-03    3.92e-03      2.86e-01    2.84e-01    4.6e-05
    634      2.05e+00    1.99e+00      5.18e-03    4.36e-03      2.99e-01    2.90e-01    4.6e-05
    636      1.99e+00    1.95e+00      4.94e-03    4.11e-03      2.91e-01    2.84e-01    4.6e-05
    638      2.02e+00    1.97e+00      6.14e-03    3.64e-03      2.95e-01    2.87e-01    4.6e-05
    640      2.02e+00    1.96e+00      4.68e-03    4.27e-03      2.95e-01    2.86e-01    4.6e-05
    642      2.00e+00    1.96e+00      6.20e-03    3.90e-03      2.92e-01    2.86e-01    4.6e-05
    644      1.99e+00    1.95e+00      6.11e-03    3.40e-03      2.90e-01    2.84e-01    4.6e-05
    646      2.02e+00    1.96e+00      5.52e-03    4.29e-03      2.94e-01    2.86e-01    4.6e-05
    648      2.05e+00    1.95e+00      5.28e-03    4.30e-03      2.99e-01    2.84e-01    4.6e-05
    650      1.97e+00    1.94e+00      5.07e-03    3.87e-03      2.87e-01    2.83e-01    4.6e-05
    652      1.97e+00    1.96e+00      6.52e-03    4.16e-03      2.88e-01    2.86e-01    4.6e-05
    654      2.05e+00    1.97e+00      5.26e-03    4.43e-03      2.99e-01    2.87e-01    4.6e-05
    656      2.00e+00    1.93e+00      5.27e-03    3.43e-03      2.92e-01    2.81e-01    4.6e-05
    658      2.01e+00    1.97e+00      5.50e-03    4.29e-03      2.93e-01    2.86e-01    4.6e-05
    660      1.99e+00    1.94e+00      5.41e-03    4.33e-03      2.90e-01    2.82e-01    4.6e-05
    662      2.03e+00    1.96e+00      6.10e-03    4.22e-03      2.96e-01    2.85e-01    4.6e-05
    664      2.00e+00    1.95e+00      5.76e-03    4.07e-03      2.92e-01    2.85e-01    4.6e-05
    666      2.01e+00    1.94e+00      5.18e-03    4.19e-03      2.92e-01    2.83e-01    4.6e-05
    668      2.04e+00    1.96e+00      5.84e-03    4.20e-03      2.97e-01    2.86e-01    4.6e-05
    670      1.97e+00    1.94e+00      5.44e-03    3.98e-03      2.87e-01    2.82e-01    4.6e-05
    672      2.02e+00    1.97e+00      5.27e-03    4.27e-03      2.94e-01    2.87e-01    4.6e-05
    674      2.00e+00    1.98e+00      5.76e-03    4.29e-03      2.91e-01    2.89e-01    4.6e-05
    676      2.01e+00    1.93e+00      5.24e-03    4.02e-03      2.93e-01    2.81e-01    4.6e-05
    678      2.00e+00    1.93e+00      6.38e-03    3.87e-03      2.92e-01    2.81e-01    4.6e-05
    680      2.01e+00    1.96e+00      5.07e-03    3.79e-03      2.94e-01    2.86e-01    4.6e-05
    682      2.01e+00    1.96e+00      5.56e-03    4.04e-03      2.92e-01    2.86e-01    4.6e-05
    684      2.05e+00    1.95e+00      6.02e-03    4.31e-03      2.99e-01    2.85e-01    4.6e-05
    686      1.97e+00    1.93e+00      5.23e-03    3.80e-03      2.88e-01    2.81e-01    4.6e-05
    688      2.01e+00    1.95e+00      6.12e-03    3.93e-03      2.93e-01    2.85e-01    4.6e-05
    690      2.02e+00    1.95e+00      4.78e-03    4.08e-03      2.94e-01    2.85e-01    4.6e-05
    692      1.99e+00    1.94e+00      5.71e-03    4.19e-03      2.90e-01    2.83e-01    4.6e-05
    694      2.02e+00    1.98e+00      5.29e-03    4.31e-03      2.95e-01    2.88e-01    4.6e-05
    696      2.03e+00    1.95e+00      6.12e-03    3.93e-03      2.96e-01    2.84e-01    4.6e-05
    698      1.99e+00    1.98e+00      5.06e-03    4.14e-03      2.90e-01    2.88e-01    4.6e-05
    700      1.56e+00    1.50e+00      5.69e-03    4.13e-03      2.92e-01    2.80e-01    2.8e-05
    702      1.56e+00    1.49e+00      5.44e-03    3.69e-03      2.92e-01    2.79e-01    2.8e-05
    704      1.57e+00    1.50e+00      5.96e-03    3.89e-03      2.94e-01    2.81e-01    2.8e-05
    706      1.56e+00    1.52e+00      5.25e-03    3.71e-03      2.92e-01    2.84e-01    2.8e-05
    708      1.59e+00    1.52e+00      5.75e-03    3.88e-03      2.98e-01    2.85e-01    2.8e-05
    710      1.54e+00    1.51e+00      5.58e-03    3.79e-03      2.87e-01    2.83e-01    2.8e-05
    712      1.57e+00    1.50e+00      5.62e-03    3.77e-03      2.93e-01    2.80e-01    2.8e-05
    714      1.56e+00    1.53e+00      5.37e-03    4.19e-03      2.91e-01    2.86e-01    2.8e-05
    716      1.57e+00    1.50e+00      5.20e-03    3.96e-03      2.94e-01    2.80e-01    2.8e-05
    718      1.56e+00    1.52e+00      6.00e-03    3.98e-03      2.92e-01    2.84e-01    2.8e-05
    720      1.55e+00    1.52e+00      5.40e-03    3.82e-03      2.90e-01    2.85e-01    2.8e-05
    722      1.58e+00    1.51e+00      5.49e-03    3.82e-03      2.96e-01    2.83e-01    2.8e-05
    724      1.56e+00    1.51e+00      5.47e-03    3.98e-03      2.92e-01    2.83e-01    2.8e-05
    726      1.56e+00    1.49e+00      5.43e-03    3.70e-03      2.92e-01    2.79e-01    2.8e-05
    728      1.54e+00    1.51e+00      5.97e-03    4.11e-03      2.89e-01    2.83e-01    2.8e-05
    730      1.58e+00    1.50e+00      4.89e-03    4.04e-03      2.96e-01    2.80e-01    2.8e-05
    732      1.61e+00    1.53e+00      5.60e-03    4.37e-03      3.00e-01    2.85e-01    2.8e-05
    734      1.53e+00    1.51e+00      5.66e-03    3.72e-03      2.85e-01    2.82e-01    2.8e-05
    736      1.59e+00    1.50e+00      5.61e-03    3.99e-03      2.97e-01    2.81e-01    2.8e-05
    738      1.55e+00    1.54e+00      5.11e-03    4.13e-03      2.89e-01    2.88e-01    2.8e-05
    740      1.53e+00    1.53e+00      5.01e-03    4.08e-03      2.86e-01    2.87e-01    2.8e-05
    742      1.59e+00    1.53e+00      5.50e-03    4.02e-03      2.97e-01    2.86e-01    2.8e-05
    744      1.56e+00    1.51e+00      6.54e-03    4.01e-03      2.92e-01    2.82e-01    2.8e-05
    746      1.57e+00    1.53e+00      4.88e-03    4.12e-03      2.95e-01    2.86e-01    2.8e-05
    748      1.56e+00    1.52e+00      5.28e-03    4.21e-03      2.92e-01    2.84e-01    2.8e-05
    750      1.56e+00    1.52e+00      5.70e-03    3.76e-03      2.92e-01    2.84e-01    2.8e-05
    752      1.56e+00    1.52e+00      5.09e-03    3.92e-03      2.92e-01    2.85e-01    2.8e-05
    754      1.57e+00    1.49e+00      5.60e-03    3.72e-03      2.93e-01    2.79e-01    2.8e-05
    756      1.56e+00    1.53e+00      5.69e-03    4.01e-03      2.91e-01    2.86e-01    2.8e-05
    758      1.57e+00    1.51e+00      5.08e-03    4.18e-03      2.93e-01    2.82e-01    2.8e-05
    760      1.60e+00    1.54e+00      5.96e-03    3.83e-03      2.99e-01    2.88e-01    2.8e-05
    762      1.53e+00    1.54e+00      5.00e-03    4.13e-03      2.86e-01    2.88e-01    2.8e-05
    764      1.56e+00    1.54e+00      5.73e-03    4.23e-03      2.91e-01    2.88e-01    2.8e-05
    766      1.57e+00    1.53e+00      5.31e-03    3.85e-03      2.94e-01    2.87e-01    2.8e-05
    768      1.57e+00    1.50e+00      5.53e-03    3.68e-03      2.93e-01    2.80e-01    2.8e-05
    770      1.55e+00    1.54e+00      5.37e-03    4.25e-03      2.90e-01    2.88e-01    2.8e-05
    772      1.55e+00    1.52e+00      5.02e-03    4.19e-03      2.90e-01    2.84e-01    2.8e-05
    774      1.57e+00    1.51e+00      5.55e-03    4.06e-03      2.94e-01    2.83e-01    2.8e-05
    776      1.55e+00    1.53e+00      4.84e-03    4.36e-03      2.91e-01    2.86e-01    2.8e-05
    778      1.56e+00    1.51e+00      5.94e-03    3.44e-03      2.92e-01    2.82e-01    2.8e-05
    780      1.58e+00    1.51e+00      5.27e-03    3.73e-03      2.95e-01    2.82e-01    2.8e-05
    782      1.54e+00    1.52e+00      6.01e-03    4.34e-03      2.88e-01    2.83e-01    2.8e-05
    784      1.56e+00    1.51e+00      5.35e-03    3.98e-03      2.91e-01    2.83e-01    2.8e-05
    786      1.57e+00    1.52e+00      5.94e-03    3.64e-03      2.94e-01    2.84e-01    2.8e-05
    788      1.56e+00    1.52e+00      4.56e-03    4.21e-03      2.91e-01    2.84e-01    2.8e-05
    790      1.57e+00    1.54e+00      6.32e-03    3.90e-03      2.94e-01    2.87e-01    2.8e-05
    792      1.58e+00    1.51e+00      5.99e-03    3.54e-03      2.95e-01    2.83e-01    2.8e-05
    794      1.54e+00    1.52e+00      5.24e-03    3.81e-03      2.88e-01    2.84e-01    2.8e-05
    796      1.58e+00    1.54e+00      5.53e-03    3.63e-03      2.95e-01    2.88e-01    2.8e-05
    798      1.56e+00    1.52e+00      5.01e-03    4.13e-03      2.91e-01    2.85e-01    2.8e-05
    800      1.21e+00    1.19e+00      5.38e-03    4.03e-03      2.90e-01    2.85e-01    1.7e-05
    802      1.24e+00    1.16e+00      5.83e-03    3.63e-03      2.96e-01    2.78e-01    1.7e-05
    804      1.22e+00    1.19e+00      5.83e-03    4.37e-03      2.92e-01    2.85e-01    1.7e-05
    806      1.23e+00    1.18e+00      5.47e-03    3.26e-03      2.93e-01    2.82e-01    1.7e-05
    808      1.21e+00    1.19e+00      4.76e-03    4.05e-03      2.89e-01    2.84e-01    1.7e-05
    810      1.24e+00    1.16e+00      5.82e-03    3.95e-03      2.95e-01    2.78e-01    1.7e-05
    812      1.24e+00    1.19e+00      5.37e-03    3.90e-03      2.96e-01    2.84e-01    1.7e-05
    814      1.21e+00    1.18e+00      5.63e-03    3.79e-03      2.90e-01    2.82e-01    1.7e-05
    816      1.24e+00    1.18e+00      5.82e-03    3.48e-03      2.95e-01    2.82e-01    1.7e-05
    818      1.21e+00    1.17e+00      5.53e-03    3.48e-03      2.89e-01    2.79e-01    1.7e-05
    820      1.23e+00    1.18e+00      5.93e-03    3.65e-03      2.93e-01    2.81e-01    1.7e-05
    822      1.22e+00    1.18e+00      4.97e-03    4.07e-03      2.91e-01    2.81e-01    1.7e-05
    824      1.23e+00    1.18e+00      5.68e-03    3.72e-03      2.94e-01    2.83e-01    1.7e-05
    826      1.22e+00    1.19e+00      5.25e-03    4.12e-03      2.91e-01    2.84e-01    1.7e-05
    828      1.22e+00    1.18e+00      5.75e-03    3.97e-03      2.92e-01    2.82e-01    1.7e-05
    830      1.22e+00    1.18e+00      5.35e-03    3.61e-03      2.91e-01    2.82e-01    1.7e-05
    832      1.23e+00    1.19e+00      6.44e-03    4.40e-03      2.94e-01    2.83e-01    1.7e-05
    834      1.22e+00    1.18e+00      4.46e-03    4.07e-03      2.90e-01    2.81e-01    1.7e-05
    836      1.21e+00    1.19e+00      5.11e-03    3.84e-03      2.89e-01    2.85e-01    1.7e-05
    838      1.23e+00    1.17e+00      5.49e-03    3.98e-03      2.94e-01    2.80e-01    1.7e-05
    840      1.22e+00    1.20e+00      5.44e-03    3.43e-03      2.92e-01    2.87e-01    1.7e-05
    842      1.23e+00    1.19e+00      5.65e-03    3.81e-03      2.93e-01    2.85e-01    1.7e-05
    844      1.23e+00    1.19e+00      5.36e-03    3.67e-03      2.93e-01    2.84e-01    1.7e-05
    846      1.21e+00    1.17e+00      6.08e-03    3.54e-03      2.90e-01    2.78e-01    1.7e-05
    848      1.22e+00    1.17e+00      4.68e-03    3.96e-03      2.92e-01    2.80e-01    1.7e-05
    850      1.22e+00    1.19e+00      6.09e-03    3.76e-03      2.92e-01    2.84e-01    1.7e-05
    852      1.23e+00    1.19e+00      5.52e-03    4.04e-03      2.94e-01    2.85e-01    1.7e-05
    854      1.21e+00    1.17e+00      5.22e-03    3.74e-03      2.89e-01    2.80e-01    1.7e-05
    856      1.21e+00    1.18e+00      5.49e-03    3.67e-03      2.90e-01    2.83e-01    1.7e-05
    858      1.24e+00    1.17e+00      5.90e-03    3.68e-03      2.95e-01    2.80e-01    1.7e-05
    860      1.23e+00    1.19e+00      4.56e-03    4.32e-03      2.94e-01    2.84e-01    1.7e-05
    862      1.22e+00    1.19e+00      6.30e-03    3.84e-03      2.91e-01    2.83e-01    1.7e-05
    864      1.24e+00    1.17e+00      4.97e-03    3.55e-03      2.95e-01    2.79e-01    1.7e-05
    866      1.22e+00    1.19e+00      6.10e-03    4.02e-03      2.91e-01    2.83e-01    1.7e-05
    868      1.22e+00    1.19e+00      5.28e-03    4.06e-03      2.92e-01    2.84e-01    1.7e-05
    870      1.23e+00    1.20e+00      5.32e-03    3.99e-03      2.93e-01    2.86e-01    1.7e-05
    872      1.20e+00    1.19e+00      4.24e-03    4.06e-03      2.88e-01    2.83e-01    1.7e-05
    874      1.24e+00    1.17e+00      6.68e-03    3.59e-03      2.97e-01    2.81e-01    1.7e-05
    876      1.19e+00    1.18e+00      4.66e-03    3.97e-03      2.84e-01    2.82e-01    1.7e-05
    878      1.25e+00    1.19e+00      6.47e-03    4.19e-03      3.00e-01    2.85e-01    1.7e-05
    880      1.23e+00    1.19e+00      5.90e-03    3.71e-03      2.93e-01    2.85e-01    1.7e-05
    882      1.23e+00    1.19e+00      5.11e-03    3.49e-03      2.93e-01    2.85e-01    1.7e-05
    884      1.22e+00    1.17e+00      5.64e-03    3.78e-03      2.92e-01    2.78e-01    1.7e-05
    886      1.22e+00    1.17e+00      5.36e-03    4.34e-03      2.92e-01    2.80e-01    1.7e-05
    888      1.23e+00    1.18e+00      6.14e-03    3.97e-03      2.94e-01    2.82e-01    1.7e-05
    890      1.22e+00    1.20e+00      4.81e-03    4.12e-03      2.92e-01    2.86e-01    1.7e-05
    892      1.22e+00    1.20e+00      5.36e-03    4.23e-03      2.91e-01    2.87e-01    1.7e-05
    894      1.23e+00    1.19e+00      5.49e-03    4.18e-03      2.93e-01    2.85e-01    1.7e-05
    896      1.22e+00    1.19e+00      5.12e-03    4.09e-03      2.92e-01    2.83e-01    1.7e-05
    898      1.23e+00    1.18e+00      5.97e-03    3.67e-03      2.93e-01    2.82e-01    1.7e-05
    900      9.83e-01    9.23e-01      4.82e-03    4.07e-03      2.98e-01    2.80e-01    9.9e-06
    902      9.44e-01    9.19e-01      5.95e-03    3.65e-03      2.85e-01    2.78e-01    9.9e-06
    904      9.58e-01    9.32e-01      5.74e-03    3.58e-03      2.90e-01    2.82e-01    9.9e-06
    906      9.71e-01    9.30e-01      5.19e-03    3.95e-03      2.94e-01    2.82e-01    9.9e-06
    908      9.60e-01    9.27e-01      4.80e-03    4.10e-03      2.91e-01    2.81e-01    9.9e-06
    910      9.67e-01    9.43e-01      5.73e-03    4.28e-03      2.93e-01    2.86e-01    9.9e-06
    912      9.83e-01    9.37e-01      4.98e-03    3.54e-03      2.98e-01    2.84e-01    9.9e-06
    914      9.50e-01    9.24e-01      5.96e-03    3.74e-03      2.87e-01    2.80e-01    9.9e-06
    916      9.54e-01    9.30e-01      5.98e-03    3.93e-03      2.89e-01    2.82e-01    9.9e-06
    918      9.74e-01    9.30e-01      5.20e-03    3.71e-03      2.95e-01    2.82e-01    9.9e-06
    920      9.70e-01    9.22e-01      5.21e-03    3.80e-03      2.94e-01    2.79e-01    9.9e-06
    922      9.57e-01    9.28e-01      5.48e-03    4.00e-03      2.90e-01    2.81e-01    9.9e-06
    924      9.47e-01    9.23e-01      5.42e-03    3.68e-03      2.87e-01    2.80e-01    9.9e-06
    926      9.89e-01    9.36e-01      5.49e-03    3.80e-03      2.99e-01    2.84e-01    9.9e-06
    928      9.73e-01    9.28e-01      5.03e-03    3.87e-03      2.95e-01    2.81e-01    9.9e-06
    930      9.62e-01    9.31e-01      5.88e-03    3.58e-03      2.91e-01    2.82e-01    9.9e-06
    932      9.63e-01    9.37e-01      5.73e-03    3.83e-03      2.92e-01    2.84e-01    9.9e-06
    934      9.73e-01    9.41e-01      5.35e-03    3.98e-03      2.94e-01    2.85e-01    9.9e-06
    936      9.68e-01    9.30e-01      5.47e-03    3.46e-03      2.93e-01    2.82e-01    9.9e-06
    938      9.61e-01    9.27e-01      5.57e-03    4.03e-03      2.91e-01    2.81e-01    9.9e-06
    940      9.78e-01    9.43e-01      5.74e-03    4.00e-03      2.96e-01    2.86e-01    9.9e-06
    942      9.56e-01    9.30e-01      5.40e-03    3.19e-03      2.90e-01    2.82e-01    9.9e-06
    944      9.52e-01    9.29e-01      5.53e-03    3.88e-03      2.88e-01    2.81e-01    9.9e-06
    946      9.82e-01    9.33e-01      5.62e-03    4.18e-03      2.97e-01    2.83e-01    9.9e-06
    948      9.57e-01    9.31e-01      5.10e-03    3.97e-03      2.90e-01    2.82e-01    9.9e-06
    950      9.79e-01    9.40e-01      6.05e-03    3.83e-03      2.96e-01    2.85e-01    9.9e-06
    952      9.56e-01    9.38e-01      5.89e-03    3.77e-03      2.89e-01    2.84e-01    9.9e-06
    954      9.75e-01    9.46e-01      5.19e-03    4.21e-03      2.95e-01    2.87e-01    9.9e-06
    956      9.60e-01    9.35e-01      5.37e-03    3.82e-03      2.91e-01    2.83e-01    9.9e-06
    958      9.65e-01    9.26e-01      5.57e-03    3.87e-03      2.92e-01    2.81e-01    9.9e-06
    960      9.75e-01    9.45e-01      6.26e-03    4.39e-03      2.95e-01    2.86e-01    9.9e-06
    962      9.52e-01    9.29e-01      4.76e-03    3.96e-03      2.88e-01    2.81e-01    9.9e-06
    964      9.81e-01    9.26e-01      5.42e-03    3.41e-03      2.97e-01    2.81e-01    9.9e-06
    966      9.51e-01    9.20e-01      5.62e-03    3.53e-03      2.88e-01    2.79e-01    9.9e-06
    968      9.69e-01    9.19e-01      5.42e-03    3.65e-03      2.93e-01    2.78e-01    9.9e-06
    970      9.59e-01    9.30e-01      5.51e-03    4.30e-03      2.90e-01    2.82e-01    9.9e-06
    972      9.62e-01    9.41e-01      5.35e-03    3.67e-03      2.91e-01    2.85e-01    9.9e-06
    974      9.68e-01    9.40e-01      5.35e-03    4.03e-03      2.93e-01    2.85e-01    9.9e-06
    976      9.69e-01    9.38e-01      5.11e-03    3.65e-03      2.93e-01    2.84e-01    9.9e-06
    978      9.58e-01    9.50e-01      5.60e-03    4.28e-03      2.90e-01    2.88e-01    9.9e-06
    980      9.65e-01    9.33e-01      5.47e-03    4.16e-03      2.92e-01    2.83e-01    9.9e-06
    982      9.62e-01    9.21e-01      5.47e-03    4.01e-03      2.91e-01    2.79e-01    9.9e-06
    984      9.58e-01    9.46e-01      4.95e-03    4.12e-03      2.90e-01    2.86e-01    9.9e-06
    986      9.71e-01    9.36e-01      5.97e-03    3.48e-03      2.94e-01    2.83e-01    9.9e-06
    988      9.64e-01    9.25e-01      5.65e-03    3.68e-03      2.92e-01    2.80e-01    9.9e-06
    990      9.62e-01    9.36e-01      5.33e-03    4.06e-03      2.91e-01    2.84e-01    9.9e-06
    992      9.56e-01    9.38e-01      5.26e-03    3.94e-03      2.90e-01    2.84e-01    9.9e-06
    994      9.75e-01    9.35e-01      5.84e-03    3.85e-03      2.95e-01    2.83e-01    9.9e-06
    996      9.79e-01    9.38e-01      5.49e-03    4.03e-03      2.96e-01    2.84e-01    9.9e-06
    998      9.56e-01    9.29e-01      5.45e-03    4.00e-03      2.89e-01    2.81e-01    9.9e-06
   1000      7.63e-01    7.29e-01      5.33e-03    3.79e-03      2.90e-01    2.77e-01    5.9e-06
   1002      7.75e-01    7.40e-01      5.59e-03    3.57e-03      2.94e-01    2.81e-01    5.9e-06
   1004      7.81e-01    7.38e-01      4.99e-03    3.70e-03      2.96e-01    2.80e-01    5.9e-06
   1006      7.66e-01    7.40e-01      5.96e-03    4.08e-03      2.90e-01    2.81e-01    5.9e-06
   1008      7.73e-01    7.54e-01      4.94e-03    4.35e-03      2.93e-01    2.86e-01    5.9e-06
   1010      7.71e-01    7.46e-01      5.94e-03    3.97e-03      2.92e-01    2.83e-01    5.9e-06
   1012      7.73e-01    7.52e-01      5.01e-03    4.12e-03      2.93e-01    2.86e-01    5.9e-06
   1014      7.71e-01    7.52e-01      5.95e-03    4.21e-03      2.92e-01    2.85e-01    5.9e-06
   1016      7.87e-01    7.63e-01      6.15e-03    4.04e-03      2.98e-01    2.90e-01    5.9e-06
   1018      7.50e-01    7.48e-01      4.87e-03    3.68e-03      2.85e-01    2.84e-01    5.9e-06
   1020      7.74e-01    7.41e-01      5.74e-03    3.39e-03      2.94e-01    2.81e-01    5.9e-06
   1022      7.69e-01    7.46e-01      5.29e-03    3.54e-03      2.92e-01    2.83e-01    5.9e-06
   1024      7.83e-01    7.41e-01      5.63e-03    3.93e-03      2.97e-01    2.81e-01    5.9e-06
   1026      7.57e-01    7.55e-01      5.28e-03    4.14e-03      2.87e-01    2.87e-01    5.9e-06
   1028      7.82e-01    7.31e-01      4.63e-03    3.75e-03      2.97e-01    2.77e-01    5.9e-06
   1030      7.62e-01    7.38e-01      6.44e-03    3.82e-03      2.89e-01    2.80e-01    5.9e-06
   1032      7.65e-01    7.35e-01      5.63e-03    4.15e-03      2.90e-01    2.79e-01    5.9e-06
   1034      7.79e-01    7.37e-01      5.55e-03    4.13e-03      2.96e-01    2.80e-01    5.9e-06
   1036      7.60e-01    7.33e-01      5.21e-03    3.84e-03      2.89e-01    2.78e-01    5.9e-06
   1038      7.75e-01    7.45e-01      5.84e-03    3.89e-03      2.94e-01    2.83e-01    5.9e-06
   1040      7.66e-01    7.45e-01      5.61e-03    3.89e-03      2.90e-01    2.83e-01    5.9e-06
   1042      7.73e-01    7.53e-01      5.41e-03    3.72e-03      2.93e-01    2.86e-01    5.9e-06
   1044      7.72e-01    7.41e-01      5.55e-03    3.87e-03      2.93e-01    2.82e-01    5.9e-06
   1046      7.71e-01    7.48e-01      5.46e-03    3.53e-03      2.92e-01    2.84e-01    5.9e-06
   1048      7.69e-01    7.44e-01      6.21e-03    3.57e-03      2.91e-01    2.83e-01    5.9e-06
   1050      7.61e-01    7.39e-01      4.69e-03    3.49e-03      2.89e-01    2.81e-01    5.9e-06
   1052      7.67e-01    7.59e-01      5.52e-03    3.92e-03      2.91e-01    2.88e-01    5.9e-06
   1054      7.68e-01    7.44e-01      5.32e-03    4.01e-03      2.91e-01    2.83e-01    5.9e-06
   1056      7.69e-01    7.44e-01      5.43e-03    4.02e-03      2.92e-01    2.83e-01    5.9e-06
   1058      7.75e-01    7.41e-01      5.76e-03    3.93e-03      2.94e-01    2.81e-01    5.9e-06
   1060      7.73e-01    7.53e-01      5.96e-03    3.47e-03      2.93e-01    2.86e-01    5.9e-06
   1062      7.69e-01    7.48e-01      5.11e-03    3.76e-03      2.92e-01    2.84e-01    5.9e-06
   1064      7.55e-01    7.45e-01      4.82e-03    3.50e-03      2.87e-01    2.83e-01    5.9e-06
   1066      7.88e-01    7.50e-01      5.92e-03    4.18e-03      2.99e-01    2.85e-01    5.9e-06
   1068      7.83e-01    7.51e-01      5.63e-03    3.85e-03      2.97e-01    2.85e-01    5.9e-06
   1070      7.56e-01    7.47e-01      5.12e-03    3.88e-03      2.87e-01    2.84e-01    5.9e-06
   1072      7.67e-01    7.35e-01      5.42e-03    3.92e-03      2.91e-01    2.79e-01    5.9e-06
   1074      7.74e-01    7.42e-01      5.44e-03    4.02e-03      2.93e-01    2.82e-01    5.9e-06
   1076      7.87e-01    7.52e-01      5.05e-03    4.17e-03      2.99e-01    2.85e-01    5.9e-06
   1078      7.56e-01    7.57e-01      5.92e-03    4.39e-03      2.87e-01    2.88e-01    5.9e-06
   1080      7.71e-01    7.38e-01      5.65e-03    3.87e-03      2.92e-01    2.80e-01    5.9e-06
   1082      7.71e-01    7.50e-01      5.36e-03    3.87e-03      2.92e-01    2.85e-01    5.9e-06
   1084      7.63e-01    7.41e-01      4.96e-03    3.83e-03      2.89e-01    2.81e-01    5.9e-06
   1086      7.81e-01    7.57e-01      5.95e-03    3.80e-03      2.96e-01    2.87e-01    5.9e-06
   1088      7.75e-01    7.34e-01      5.49e-03    3.70e-03      2.94e-01    2.79e-01    5.9e-06
   1090      7.68e-01    7.43e-01      5.69e-03    4.11e-03      2.91e-01    2.82e-01    5.9e-06
   1092      7.68e-01    7.57e-01      5.60e-03    3.75e-03      2.91e-01    2.87e-01    5.9e-06
   1094      7.68e-01    7.39e-01      5.12e-03    3.78e-03      2.91e-01    2.81e-01    5.9e-06
   1096      7.57e-01    7.49e-01      5.17e-03    3.54e-03      2.87e-01    2.85e-01    5.9e-06
   1098      7.79e-01    7.51e-01      5.84e-03    3.31e-03      2.95e-01    2.85e-01    5.9e-06
   1100      6.19e-01    6.07e-01      4.92e-03    4.18e-03      2.90e-01    2.84e-01    3.5e-06
   1102      6.32e-01    6.00e-01      5.96e-03    3.71e-03      2.95e-01    2.81e-01    3.5e-06
   1104      6.27e-01    5.97e-01      5.56e-03    3.86e-03      2.93e-01    2.80e-01    3.5e-06
   1106      6.23e-01    6.03e-01      5.42e-03    4.06e-03      2.91e-01    2.82e-01    3.5e-06
   1108      6.23e-01    5.99e-01      5.30e-03    3.84e-03      2.91e-01    2.80e-01    3.5e-06
   1110      6.31e-01    6.05e-01      5.79e-03    3.75e-03      2.95e-01    2.83e-01    3.5e-06
   1112      6.28e-01    6.09e-01      5.81e-03    3.69e-03      2.94e-01    2.85e-01    3.5e-06
   1114      6.19e-01    6.09e-01      5.06e-03    4.06e-03      2.90e-01    2.85e-01    3.5e-06
   1116      6.26e-01    6.02e-01      5.35e-03    3.41e-03      2.93e-01    2.82e-01    3.5e-06
   1118      6.24e-01    6.11e-01      5.75e-03    4.03e-03      2.92e-01    2.86e-01    3.5e-06
   1120      6.25e-01    5.98e-01      4.90e-03    3.87e-03      2.92e-01    2.80e-01    3.5e-06
   1122      6.26e-01    6.09e-01      6.05e-03    4.17e-03      2.92e-01    2.85e-01    3.5e-06
   1124      6.23e-01    5.96e-01      5.02e-03    3.66e-03      2.91e-01    2.79e-01    3.5e-06
   1126      6.31e-01    6.02e-01      6.08e-03    4.10e-03      2.95e-01    2.82e-01    3.5e-06
   1128      6.24e-01    5.93e-01      6.33e-03    3.35e-03      2.91e-01    2.78e-01    3.5e-06
   1130      6.28e-01    6.11e-01      4.74e-03    3.68e-03      2.94e-01    2.86e-01    3.5e-06
   1132      6.34e-01    6.01e-01      6.00e-03    4.01e-03      2.96e-01    2.82e-01    3.5e-06
   1134      6.19e-01    6.02e-01      5.22e-03    3.95e-03      2.90e-01    2.82e-01    3.5e-06
   1136      6.35e-01    6.02e-01      4.94e-03    3.87e-03      2.97e-01    2.82e-01    3.5e-06
   1138      6.17e-01    6.01e-01      5.79e-03    3.75e-03      2.88e-01    2.82e-01    3.5e-06
   1140      6.24e-01    6.11e-01      5.42e-03    3.92e-03      2.92e-01    2.86e-01    3.5e-06
   1142      6.23e-01    6.00e-01      5.07e-03    3.82e-03      2.92e-01    2.81e-01    3.5e-06
   1144      6.34e-01    6.08e-01      5.78e-03    3.83e-03      2.96e-01    2.85e-01    3.5e-06
   1146      6.13e-01    6.12e-01      5.29e-03    4.04e-03      2.87e-01    2.87e-01    3.5e-06
   1148      6.32e-01    6.04e-01      6.03e-03    4.06e-03      2.95e-01    2.83e-01    3.5e-06
   1150      6.20e-01    6.08e-01      5.04e-03    4.06e-03      2.90e-01    2.84e-01    3.5e-06
   1152      6.29e-01    5.95e-01      5.80e-03    3.84e-03      2.94e-01    2.78e-01    3.5e-06
   1154      6.23e-01    5.95e-01      4.88e-03    4.10e-03      2.91e-01    2.79e-01    3.5e-06
   1156      6.33e-01    6.04e-01      5.74e-03    4.26e-03      2.96e-01    2.82e-01    3.5e-06
   1158      6.17e-01    5.98e-01      5.42e-03    3.79e-03      2.89e-01    2.80e-01    3.5e-06
   1160      6.24e-01    6.10e-01      6.01e-03    3.87e-03      2.92e-01    2.86e-01    3.5e-06
   1162      6.29e-01    6.03e-01      5.15e-03    4.03e-03      2.94e-01    2.82e-01    3.5e-06
   1164      6.30e-01    5.96e-01      5.77e-03    3.82e-03      2.94e-01    2.79e-01    3.5e-06
   1166      6.21e-01    5.99e-01      5.13e-03    3.87e-03      2.90e-01    2.81e-01    3.5e-06
   1168      6.26e-01    6.04e-01      5.23e-03    4.14e-03      2.93e-01    2.83e-01    3.5e-06
   1170      6.28e-01    6.03e-01      5.76e-03    3.79e-03      2.93e-01    2.82e-01    3.5e-06
   1172      6.18e-01    6.02e-01      5.61e-03    4.13e-03      2.89e-01    2.82e-01    3.5e-06
   1174      6.31e-01    6.03e-01      5.31e-03    3.87e-03      2.95e-01    2.82e-01    3.5e-06
   1176      6.27e-01    6.06e-01      5.96e-03    4.20e-03      2.93e-01    2.84e-01    3.5e-06
   1178      6.21e-01    6.06e-01      4.85e-03    3.98e-03      2.91e-01    2.84e-01    3.5e-06
   1180      6.21e-01    5.96e-01      5.64e-03    3.43e-03      2.90e-01    2.79e-01    3.5e-06
   1182      6.24e-01    6.03e-01      5.17e-03    3.79e-03      2.92e-01    2.82e-01    3.5e-06
   1184      6.32e-01    6.12e-01      5.30e-03    4.19e-03      2.96e-01    2.86e-01    3.5e-06
   1186      6.20e-01    6.02e-01      5.74e-03    4.14e-03      2.90e-01    2.82e-01    3.5e-06
   1188      6.27e-01    6.14e-01      5.59e-03    4.28e-03      2.93e-01    2.87e-01    3.5e-06
   1190      6.22e-01    6.03e-01      5.57e-03    4.21e-03      2.91e-01    2.82e-01    3.5e-06
   1192      6.29e-01    6.02e-01      5.63e-03    3.78e-03      2.94e-01    2.82e-01    3.5e-06
   1194      6.21e-01    5.95e-01      5.48e-03    3.80e-03      2.90e-01    2.79e-01    3.5e-06
   1196      6.28e-01    6.00e-01      5.58e-03    4.12e-03      2.94e-01    2.81e-01    3.5e-06
   1198      6.23e-01    5.97e-01      5.58e-03    4.52e-03      2.91e-01    2.79e-01    3.5e-06
   1200      5.18e-01    5.07e-01      5.66e-03    3.93e-03      2.92e-01    2.86e-01    2.1e-06
   1202      5.20e-01    5.07e-01      5.45e-03    4.10e-03      2.93e-01    2.86e-01    2.1e-06
   1204      5.29e-01    5.05e-01      5.73e-03    3.69e-03      2.98e-01    2.85e-01    2.1e-06
   1206      5.10e-01    4.92e-01      5.35e-03    3.52e-03      2.87e-01    2.78e-01    2.1e-06
   1208      5.12e-01    5.05e-01      5.37e-03    3.75e-03      2.88e-01    2.85e-01    2.1e-06
   1210      5.26e-01    5.00e-01      5.61e-03    3.91e-03      2.96e-01    2.82e-01    2.1e-06
   1212      5.19e-01    5.05e-01      5.34e-03    4.20e-03      2.92e-01    2.85e-01    2.1e-06
   1214      5.21e-01    5.00e-01      5.69e-03    3.76e-03      2.94e-01    2.82e-01    2.1e-06
   1216      5.16e-01    4.99e-01      5.76e-03    3.99e-03      2.90e-01    2.82e-01    2.1e-06
   1218      5.21e-01    5.00e-01      5.25e-03    3.60e-03      2.93e-01    2.82e-01    2.1e-06
   1220      5.16e-01    4.99e-01      5.90e-03    4.20e-03      2.91e-01    2.81e-01    2.1e-06
   1222      5.22e-01    5.06e-01      5.26e-03    4.16e-03      2.94e-01    2.85e-01    2.1e-06
   1224      5.22e-01    5.00e-01      4.99e-03    3.94e-03      2.94e-01    2.82e-01    2.1e-06
   1226      5.17e-01    5.07e-01      6.00e-03    3.89e-03      2.91e-01    2.86e-01    2.1e-06
   1228      5.18e-01    4.98e-01      5.81e-03    3.78e-03      2.92e-01    2.81e-01    2.1e-06
   1230      5.18e-01    4.94e-01      5.18e-03    4.02e-03      2.92e-01    2.79e-01    2.1e-06
   1232      5.18e-01    5.02e-01      6.25e-03    4.06e-03      2.91e-01    2.84e-01    2.1e-06
   1234      5.24e-01    5.03e-01      4.54e-03    4.00e-03      2.96e-01    2.84e-01    2.1e-06
   1236      5.16e-01    4.99e-01      5.53e-03    3.51e-03      2.91e-01    2.82e-01    2.1e-06
   1238      5.21e-01    5.06e-01      5.60e-03    4.01e-03      2.94e-01    2.86e-01    2.1e-06
   1240      5.21e-01    5.05e-01      5.56e-03    4.37e-03      2.93e-01    2.85e-01    2.1e-06
   1242      5.20e-01    4.96e-01      5.63e-03    3.27e-03      2.93e-01    2.80e-01    2.1e-06
   1244      5.24e-01    5.00e-01      6.63e-03    3.82e-03      2.95e-01    2.82e-01    2.1e-06
   1246      5.11e-01    5.05e-01      3.98e-03    3.94e-03      2.89e-01    2.85e-01    2.1e-06
   1248      5.15e-01    5.08e-01      5.11e-03    4.26e-03      2.90e-01    2.87e-01    2.1e-06
   1250      5.24e-01    5.07e-01      5.98e-03    3.69e-03      2.95e-01    2.86e-01    2.1e-06
   1252      5.20e-01    5.02e-01      5.68e-03    4.00e-03      2.93e-01    2.83e-01    2.1e-06
   1254      5.19e-01    5.02e-01      5.48e-03    4.03e-03      2.93e-01    2.83e-01    2.1e-06
   1256      5.23e-01    5.03e-01      5.75e-03    4.24e-03      2.95e-01    2.84e-01    2.1e-06
   1258      5.17e-01    5.02e-01      5.29e-03    4.21e-03      2.91e-01    2.84e-01    2.1e-06
   1260      5.18e-01    4.98e-01      4.82e-03    4.14e-03      2.92e-01    2.81e-01    2.1e-06
   1262      5.16e-01    4.98e-01      5.81e-03    3.59e-03      2.91e-01    2.81e-01    2.1e-06
   1264      5.27e-01    5.04e-01      5.77e-03    4.33e-03      2.97e-01    2.84e-01    2.1e-06
   1266      5.12e-01    4.99e-01      5.39e-03    4.09e-03      2.89e-01    2.82e-01    2.1e-06
   1268      5.18e-01    5.04e-01      5.69e-03    3.77e-03      2.92e-01    2.85e-01    2.1e-06
   1270      5.22e-01    5.02e-01      5.14e-03    4.21e-03      2.94e-01    2.83e-01    2.1e-06
   1272      5.28e-01    4.98e-01      5.49e-03    3.36e-03      2.97e-01    2.81e-01    2.1e-06
   1274      5.10e-01    5.00e-01      5.35e-03    3.82e-03      2.87e-01    2.83e-01    2.1e-06
   1276      5.13e-01    5.01e-01      4.40e-03    4.11e-03      2.89e-01    2.83e-01    2.1e-06
   1278      5.27e-01    5.10e-01      6.04e-03    4.10e-03      2.96e-01    2.88e-01    2.1e-06
   1280      5.20e-01    4.97e-01      6.03e-03    3.79e-03      2.92e-01    2.81e-01    2.1e-06
   1282      5.19e-01    4.95e-01      4.99e-03    3.87e-03      2.92e-01    2.79e-01    2.1e-06
   1284      5.12e-01    4.98e-01      5.12e-03    4.00e-03      2.88e-01    2.81e-01    2.1e-06
   1286      5.25e-01    5.07e-01      5.80e-03    4.32e-03      2.96e-01    2.86e-01    2.1e-06
   1288      5.19e-01    4.99e-01      5.10e-03    4.15e-03      2.93e-01    2.81e-01    2.1e-06
   1290      5.17e-01    5.02e-01      5.69e-03    3.71e-03      2.91e-01    2.84e-01    2.1e-06
   1292      5.23e-01    5.01e-01      5.54e-03    3.76e-03      2.94e-01    2.83e-01    2.1e-06
   1294      5.13e-01    4.98e-01      5.27e-03    3.79e-03      2.89e-01    2.81e-01    2.1e-06
   1296      5.21e-01    5.03e-01      5.39e-03    3.88e-03      2.93e-01    2.84e-01    2.1e-06
   1298      5.15e-01    5.00e-01      5.78e-03    3.68e-03      2.90e-01    2.82e-01    2.1e-06
   1300      4.43e-01    4.28e-01      5.77e-03    4.24e-03      2.92e-01    2.83e-01    1.3e-06
   1302      4.37e-01    4.35e-01      5.03e-03    3.88e-03      2.88e-01    2.88e-01    1.3e-06
   1304      4.38e-01    4.35e-01      5.45e-03    4.25e-03      2.89e-01    2.87e-01    1.3e-06
   1306      4.50e-01    4.28e-01      5.61e-03    3.81e-03      2.97e-01    2.83e-01    1.3e-06
   1308      4.38e-01    4.27e-01      5.17e-03    4.22e-03      2.89e-01    2.82e-01    1.3e-06
   1310      4.49e-01    4.30e-01      5.94e-03    4.15e-03      2.95e-01    2.84e-01    1.3e-06
   1312      4.38e-01    4.23e-01      5.25e-03    3.75e-03      2.89e-01    2.80e-01    1.3e-06
   1314      4.49e-01    4.36e-01      5.75e-03    3.98e-03      2.96e-01    2.88e-01    1.3e-06
   1316      4.37e-01    4.28e-01      5.13e-03    3.82e-03      2.88e-01    2.83e-01    1.3e-06
   1318      4.49e-01    4.25e-01      5.96e-03    4.02e-03      2.96e-01    2.81e-01    1.3e-06
   1320      4.42e-01    4.26e-01      4.99e-03    4.03e-03      2.92e-01    2.82e-01    1.3e-06
   1322      4.42e-01    4.25e-01      5.79e-03    3.68e-03      2.91e-01    2.81e-01    1.3e-06
   1324      4.47e-01    4.28e-01      5.34e-03    4.07e-03      2.95e-01    2.83e-01    1.3e-06
   1326      4.38e-01    4.28e-01      5.37e-03    4.01e-03      2.89e-01    2.83e-01    1.3e-06
   1328      4.43e-01    4.29e-01      5.36e-03    4.17e-03      2.92e-01    2.84e-01    1.3e-06
   1330      4.45e-01    4.23e-01      5.75e-03    3.91e-03      2.93e-01    2.80e-01    1.3e-06
   1332      4.44e-01    4.33e-01      5.71e-03    3.79e-03      2.93e-01    2.86e-01    1.3e-06
   1334      4.43e-01    4.34e-01      5.38e-03    4.17e-03      2.92e-01    2.87e-01    1.3e-06
   1336      4.40e-01    4.28e-01      5.83e-03    3.59e-03      2.90e-01    2.83e-01    1.3e-06
   1338      4.44e-01    4.30e-01      4.97e-03    4.28e-03      2.93e-01    2.84e-01    1.3e-06
   1340      4.49e-01    4.30e-01      5.42e-03    4.08e-03      2.96e-01    2.84e-01    1.3e-06
   1342      4.37e-01    4.29e-01      5.39e-03    3.93e-03      2.88e-01    2.84e-01    1.3e-06
   1344      4.41e-01    4.32e-01      6.03e-03    4.06e-03      2.90e-01    2.86e-01    1.3e-06
   1346      4.45e-01    4.32e-01      5.08e-03    4.26e-03      2.94e-01    2.86e-01    1.3e-06
   1348      4.31e-01    4.30e-01      5.13e-03    3.97e-03      2.85e-01    2.84e-01    1.3e-06
   1350      4.52e-01    4.32e-01      5.42e-03    4.04e-03      2.98e-01    2.86e-01    1.3e-06
   1352      4.50e-01    4.28e-01      5.87e-03    4.40e-03      2.96e-01    2.83e-01    1.3e-06
   1354      4.39e-01    4.36e-01      4.99e-03    4.16e-03      2.90e-01    2.88e-01    1.3e-06
   1356      4.37e-01    4.33e-01      5.34e-03    4.15e-03      2.88e-01    2.86e-01    1.3e-06
   1358      4.49e-01    4.34e-01      5.76e-03    4.15e-03      2.96e-01    2.87e-01    1.3e-06
   1360      4.45e-01    4.28e-01      6.08e-03    3.79e-03      2.93e-01    2.83e-01    1.3e-06
   1362      4.40e-01    4.39e-01      4.72e-03    4.09e-03      2.90e-01    2.90e-01    1.3e-06
   1364      4.43e-01    4.25e-01      5.67e-03    3.48e-03      2.92e-01    2.82e-01    1.3e-06
   1366      4.42e-01    4.33e-01      4.97e-03    4.49e-03      2.92e-01    2.86e-01    1.3e-06
   1368      4.40e-01    4.34e-01      5.92e-03    4.15e-03      2.90e-01    2.87e-01    1.3e-06
   1370      4.47e-01    4.26e-01      5.27e-03    3.94e-03      2.95e-01    2.82e-01    1.3e-06
   1372      4.42e-01    4.26e-01      5.78e-03    4.29e-03      2.91e-01    2.82e-01    1.3e-06
   1374      4.47e-01    4.29e-01      5.38e-03    3.85e-03      2.95e-01    2.83e-01    1.3e-06
   1376      4.42e-01    4.27e-01      4.73e-03    3.98e-03      2.92e-01    2.82e-01    1.3e-06
   1378      4.43e-01    4.29e-01      6.17e-03    3.88e-03      2.92e-01    2.84e-01    1.3e-06
   1380      4.43e-01    4.28e-01      5.26e-03    4.03e-03      2.92e-01    2.83e-01    1.3e-06
   1382      4.45e-01    4.30e-01      5.85e-03    4.28e-03      2.93e-01    2.84e-01    1.3e-06
   1384      4.41e-01    4.31e-01      6.20e-03    3.99e-03      2.90e-01    2.85e-01    1.3e-06
   1386      4.44e-01    4.32e-01      4.52e-03    4.19e-03      2.93e-01    2.85e-01    1.3e-06
   1388      4.39e-01    4.25e-01      5.75e-03    3.90e-03      2.89e-01    2.81e-01    1.3e-06
   1390      4.49e-01    4.24e-01      5.20e-03    3.67e-03      2.96e-01    2.80e-01    1.3e-06
   1392      4.44e-01    4.24e-01      5.14e-03    4.16e-03      2.93e-01    2.80e-01    1.3e-06
   1394      4.44e-01    4.26e-01      5.97e-03    3.86e-03      2.92e-01    2.82e-01    1.3e-06
   1396      4.45e-01    4.21e-01      6.06e-03    3.45e-03      2.93e-01    2.79e-01    1.3e-06
   1398      4.43e-01    4.33e-01      4.92e-03    4.24e-03      2.92e-01    2.86e-01    1.3e-06
   1400      3.93e-01    3.79e-01      6.11e-03    3.78e-03      2.93e-01    2.84e-01    7.6e-07
   1402      3.87e-01    3.79e-01      4.84e-03    4.10e-03      2.89e-01    2.84e-01    7.6e-07
   1404      3.85e-01    3.74e-01      5.55e-03    3.69e-03      2.87e-01    2.81e-01    7.6e-07
   1406      3.98e-01    3.77e-01      5.33e-03    3.92e-03      2.98e-01    2.82e-01    7.6e-07
   1408      3.86e-01    3.79e-01      5.44e-03    4.15e-03      2.89e-01    2.84e-01    7.6e-07
   1410      3.93e-01    3.82e-01      5.72e-03    4.03e-03      2.94e-01    2.86e-01    7.6e-07
   1412      3.98e-01    3.76e-01      5.94e-03    4.05e-03      2.97e-01    2.82e-01    7.6e-07
   1414      3.85e-01    3.78e-01      5.15e-03    3.96e-03      2.88e-01    2.84e-01    7.6e-07
   1416      3.89e-01    3.83e-01      4.44e-03    4.06e-03      2.92e-01    2.87e-01    7.6e-07
   1418      3.96e-01    3.77e-01      6.43e-03    4.18e-03      2.95e-01    2.83e-01    7.6e-07
   1420      3.95e-01    3.72e-01      5.30e-03    3.81e-03      2.95e-01    2.79e-01    7.6e-07
   1422      3.89e-01    3.80e-01      5.81e-03    4.16e-03      2.91e-01    2.85e-01    7.6e-07
   1424      3.93e-01    3.75e-01      5.58e-03    3.81e-03      2.93e-01    2.82e-01    7.6e-07
   1426      3.88e-01    3.76e-01      5.22e-03    3.86e-03      2.90e-01    2.82e-01    7.6e-07
   1428      3.87e-01    3.79e-01      5.34e-03    4.11e-03      2.89e-01    2.84e-01    7.6e-07
   1430      3.94e-01    3.76e-01      5.49e-03    4.04e-03      2.94e-01    2.82e-01    7.6e-07
   1432      3.97e-01    3.79e-01      6.20e-03    3.80e-03      2.96e-01    2.84e-01    7.6e-07
   1434      3.87e-01    3.78e-01      4.84e-03    3.72e-03      2.89e-01    2.83e-01    7.6e-07
   1436      3.94e-01    3.77e-01      5.23e-03    3.83e-03      2.95e-01    2.83e-01    7.6e-07
   1438      3.89e-01    3.81e-01      5.55e-03    3.85e-03      2.90e-01    2.86e-01    7.6e-07
   1440      3.97e-01    3.80e-01      5.46e-03    3.76e-03      2.97e-01    2.85e-01    7.6e-07
   1442      3.87e-01    3.83e-01      5.14e-03    4.13e-03      2.89e-01    2.87e-01    7.6e-07
   1444      3.92e-01    3.71e-01      5.28e-03    3.96e-03      2.93e-01    2.78e-01    7.6e-07
   1446      3.91e-01    3.77e-01      5.76e-03    3.93e-03      2.92e-01    2.83e-01    7.6e-07
   1448      3.91e-01    3.80e-01      5.30e-03    4.17e-03      2.92e-01    2.85e-01    7.6e-07
   1450      3.93e-01    3.72e-01      5.63e-03    3.17e-03      2.93e-01    2.79e-01    7.6e-07
   1452      3.91e-01    3.75e-01      4.90e-03    3.82e-03      2.93e-01    2.82e-01    7.6e-07
   1454      3.92e-01    3.81e-01      5.92e-03    4.36e-03      2.92e-01    2.85e-01    7.6e-07
   1456      3.95e-01    3.81e-01      5.58e-03    3.92e-03      2.95e-01    2.85e-01    7.6e-07
   1458      3.90e-01    3.75e-01      5.47e-03    3.98e-03      2.91e-01    2.81e-01    7.6e-07
   1460      3.93e-01    3.77e-01      4.86e-03    3.71e-03      2.94e-01    2.83e-01    7.6e-07
   1462      3.90e-01    3.82e-01      6.16e-03    3.72e-03      2.91e-01    2.87e-01    7.6e-07
   1464      3.90e-01    3.76e-01      5.53e-03    4.39e-03      2.92e-01    2.82e-01    7.6e-07
   1466      3.94e-01    3.76e-01      5.64e-03    3.77e-03      2.94e-01    2.82e-01    7.6e-07
   1468      3.94e-01    3.77e-01      6.16e-03    4.03e-03      2.94e-01    2.82e-01    7.6e-07
   1470      3.90e-01    3.74e-01      4.73e-03    3.88e-03      2.92e-01    2.81e-01    7.6e-07
   1472      3.92e-01    3.79e-01      5.82e-03    4.09e-03      2.93e-01    2.84e-01    7.6e-07
   1474      3.90e-01    3.79e-01      5.20e-03    3.80e-03      2.91e-01    2.84e-01    7.6e-07
   1476      3.93e-01    3.79e-01      5.93e-03    4.21e-03      2.93e-01    2.84e-01    7.6e-07
   1478      3.90e-01    3.77e-01      4.69e-03    3.96e-03      2.92e-01    2.83e-01    7.6e-07
   1480      3.88e-01    3.76e-01      5.00e-03    3.53e-03      2.90e-01    2.82e-01    7.6e-07
   1482      3.94e-01    3.82e-01      5.98e-03    3.84e-03      2.94e-01    2.87e-01    7.6e-07
   1484      3.95e-01    3.79e-01      4.95e-03    3.76e-03      2.95e-01    2.85e-01    7.6e-07
   1486      3.88e-01    3.76e-01      5.81e-03    3.82e-03      2.89e-01    2.82e-01    7.6e-07
   1488      3.86e-01    3.76e-01      4.73e-03    4.09e-03      2.89e-01    2.82e-01    7.6e-07
   1490      3.96e-01    3.78e-01      6.13e-03    4.06e-03      2.95e-01    2.83e-01    7.6e-07
   1492      3.96e-01    3.82e-01      5.39e-03    4.19e-03      2.96e-01    2.86e-01    7.6e-07
   1494      3.88e-01    3.78e-01      5.41e-03    3.97e-03      2.90e-01    2.84e-01    7.6e-07
   1496      3.88e-01    3.78e-01      5.67e-03    3.71e-03      2.90e-01    2.83e-01    7.6e-07
   1498      3.93e-01    3.78e-01      5.12e-03    3.99e-03      2.94e-01    2.83e-01    7.6e-07
   1500      3.58e-01    3.47e-01      5.63e-03    3.88e-03      2.93e-01    2.86e-01    4.6e-07
   1502      3.56e-01    3.43e-01      5.40e-03    3.84e-03      2.92e-01    2.82e-01    4.6e-07
   1504      3.57e-01    3.43e-01      5.33e-03    4.10e-03      2.93e-01    2.83e-01    4.6e-07
   1506      3.56e-01    3.42e-01      5.54e-03    3.52e-03      2.92e-01    2.82e-01    4.6e-07
   1508      3.60e-01    3.41e-01      5.89e-03    3.80e-03      2.95e-01    2.81e-01    4.6e-07
   1510      3.54e-01    3.48e-01      5.18e-03    4.12e-03      2.91e-01    2.86e-01    4.6e-07
   1512      3.51e-01    3.43e-01      5.46e-03    4.07e-03      2.88e-01    2.83e-01    4.6e-07
   1514      3.62e-01    3.39e-01      5.52e-03    4.09e-03      2.97e-01    2.79e-01    4.6e-07
   1516      3.58e-01    3.42e-01      5.88e-03    4.17e-03      2.93e-01    2.82e-01    4.6e-07
   1518      3.54e-01    3.37e-01      5.28e-03    3.67e-03      2.91e-01    2.78e-01    4.6e-07
   1520      3.62e-01    3.43e-01      5.83e-03    3.78e-03      2.97e-01    2.83e-01    4.6e-07
   1522      3.51e-01    3.48e-01      5.19e-03    3.92e-03      2.88e-01    2.87e-01    4.6e-07
   1524      3.59e-01    3.43e-01      5.71e-03    3.90e-03      2.94e-01    2.83e-01    4.6e-07
   1526      3.54e-01    3.45e-01      5.11e-03    3.82e-03      2.91e-01    2.84e-01    4.6e-07
   1528      3.51e-01    3.40e-01      5.35e-03    3.79e-03      2.88e-01    2.81e-01    4.6e-07
   1530      3.60e-01    3.39e-01      5.33e-03    3.98e-03      2.96e-01    2.79e-01    4.6e-07
   1532      3.56e-01    3.45e-01      4.68e-03    3.54e-03      2.93e-01    2.85e-01    4.6e-07
   1534      3.57e-01    3.44e-01      6.26e-03    3.92e-03      2.92e-01    2.83e-01    4.6e-07
   1536      3.58e-01    3.46e-01      4.95e-03    3.91e-03      2.94e-01    2.85e-01    4.6e-07
   1538      3.54e-01    3.44e-01      5.82e-03    3.61e-03      2.90e-01    2.83e-01    4.6e-07
   1540      3.52e-01    3.43e-01      4.99e-03    3.42e-03      2.89e-01    2.83e-01    4.6e-07
   1542      3.61e-01    3.44e-01      5.99e-03    3.87e-03      2.96e-01    2.83e-01    4.6e-07
   1544      3.48e-01    3.43e-01      5.08e-03    3.63e-03      2.85e-01    2.83e-01    4.6e-07
   1546      3.64e-01    3.40e-01      5.79e-03    3.60e-03      2.98e-01    2.80e-01    4.6e-07
   1548      3.63e-01    3.44e-01      5.82e-03    4.38e-03      2.98e-01    2.83e-01    4.6e-07
   1550      3.50e-01    3.42e-01      5.31e-03    3.53e-03      2.87e-01    2.82e-01    4.6e-07
   1552      3.52e-01    3.44e-01      5.22e-03    3.79e-03      2.89e-01    2.84e-01    4.6e-07
   1554      3.59e-01    3.43e-01      5.47e-03    3.87e-03      2.95e-01    2.83e-01    4.6e-07
   1556      3.57e-01    3.43e-01      5.48e-03    4.05e-03      2.93e-01    2.83e-01    4.6e-07
   1558      3.56e-01    3.43e-01      5.29e-03    3.99e-03      2.92e-01    2.82e-01    4.6e-07
   1560      3.48e-01    3.41e-01      4.96e-03    4.00e-03      2.86e-01    2.81e-01    4.6e-07
   1562      3.63e-01    3.44e-01      5.94e-03    4.20e-03      2.97e-01    2.83e-01    4.6e-07
   1564      3.58e-01    3.42e-01      5.39e-03    3.90e-03      2.93e-01    2.82e-01    4.6e-07
   1566      3.50e-01    3.41e-01      5.35e-03    3.73e-03      2.87e-01    2.81e-01    4.6e-07
   1568      3.60e-01    3.39e-01      5.88e-03    3.72e-03      2.95e-01    2.80e-01    4.6e-07
   1570      3.53e-01    3.43e-01      5.10e-03    4.00e-03      2.90e-01    2.82e-01    4.6e-07
   1572      3.56e-01    3.45e-01      5.02e-03    4.12e-03      2.93e-01    2.84e-01    4.6e-07
   1574      3.58e-01    3.46e-01      5.97e-03    3.92e-03      2.93e-01    2.85e-01    4.6e-07
   1576      3.52e-01    3.42e-01      5.24e-03    3.64e-03      2.89e-01    2.82e-01    4.6e-07
   1578      3.58e-01    3.43e-01      5.75e-03    4.07e-03      2.94e-01    2.82e-01    4.6e-07
   1580      3.63e-01    3.45e-01      5.48e-03    4.42e-03      2.97e-01    2.84e-01    4.6e-07
   1582      3.49e-01    3.44e-01      5.42e-03    3.89e-03      2.86e-01    2.84e-01    4.6e-07
   1584      3.56e-01    3.38e-01      5.62e-03    3.82e-03      2.92e-01    2.78e-01    4.6e-07
   1586      3.55e-01    3.38e-01      5.44e-03    3.89e-03      2.91e-01    2.79e-01    4.6e-07
   1588      3.56e-01    3.48e-01      5.77e-03    3.92e-03      2.91e-01    2.87e-01    4.6e-07
   1590      3.57e-01    3.42e-01      5.36e-03    3.79e-03      2.93e-01    2.82e-01    4.6e-07
   1592      3.59e-01    3.49e-01      5.15e-03    3.77e-03      2.95e-01    2.88e-01    4.6e-07
   1594      3.55e-01    3.39e-01      5.66e-03    3.84e-03      2.91e-01    2.79e-01    4.6e-07
   1596      3.55e-01    3.43e-01      5.30e-03    4.28e-03      2.91e-01    2.82e-01    4.6e-07
   1598      3.56e-01    3.42e-01      5.69e-03    3.88e-03      2.92e-01    2.82e-01    4.6e-07
   1600      3.36e-01    3.17e-01      5.10e-03    3.62e-03      2.95e-01    2.80e-01    2.7e-07
   1602      3.33e-01    3.21e-01      6.03e-03    3.57e-03      2.91e-01    2.83e-01    2.7e-07
   1604      3.31e-01    3.17e-01      5.88e-03    3.97e-03      2.89e-01    2.79e-01    2.7e-07
   1606      3.37e-01    3.20e-01      5.21e-03    4.09e-03      2.96e-01    2.82e-01    2.7e-07
   1608      3.37e-01    3.22e-01      5.37e-03    4.07e-03      2.95e-01    2.83e-01    2.7e-07
   1610      3.30e-01    3.21e-01      5.52e-03    3.99e-03      2.89e-01    2.83e-01    2.7e-07
   1612      3.29e-01    3.12e-01      4.99e-03    3.66e-03      2.89e-01    2.75e-01    2.7e-07
   1614      3.39e-01    3.22e-01      6.03e-03    3.85e-03      2.96e-01    2.84e-01    2.7e-07
   1616      3.34e-01    3.24e-01      5.87e-03    4.42e-03      2.92e-01    2.85e-01    2.7e-07
   1618      3.33e-01    3.21e-01      5.08e-03    3.90e-03      2.92e-01    2.83e-01    2.7e-07
   1620      3.32e-01    3.27e-01      4.92e-03    4.19e-03      2.91e-01    2.87e-01    2.7e-07
   1622      3.36e-01    3.21e-01      6.10e-03    3.81e-03      2.94e-01    2.83e-01    2.7e-07
   1624      3.36e-01    3.22e-01      5.51e-03    3.55e-03      2.94e-01    2.84e-01    2.7e-07
   1626      3.31e-01    3.20e-01      5.39e-03    4.25e-03      2.90e-01    2.82e-01    2.7e-07
   1628      3.29e-01    3.25e-01      4.76e-03    3.97e-03      2.89e-01    2.86e-01    2.7e-07
   1630      3.34e-01    3.18e-01      5.96e-03    3.86e-03      2.92e-01    2.80e-01    2.7e-07
   1632      3.35e-01    3.27e-01      5.56e-03    4.16e-03      2.93e-01    2.87e-01    2.7e-07
   1634      3.32e-01    3.23e-01      5.35e-03    3.97e-03      2.91e-01    2.84e-01    2.7e-07
   1636      3.33e-01    3.23e-01      5.17e-03    3.67e-03      2.92e-01    2.85e-01    2.7e-07
   1638      3.36e-01    3.25e-01      5.97e-03    4.01e-03      2.93e-01    2.86e-01    2.7e-07
   1640      3.30e-01    3.22e-01      5.61e-03    4.09e-03      2.89e-01    2.84e-01    2.7e-07
   1642      3.37e-01    3.21e-01      5.25e-03    3.65e-03      2.96e-01    2.83e-01    2.7e-07
   1644      3.37e-01    3.23e-01      5.96e-03    3.52e-03      2.94e-01    2.85e-01    2.7e-07
   1646      3.31e-01    3.23e-01      5.02e-03    3.84e-03      2.91e-01    2.85e-01    2.7e-07
   1648      3.33e-01    3.24e-01      4.75e-03    4.14e-03      2.93e-01    2.85e-01    2.7e-07
   1650      3.34e-01    3.24e-01      6.06e-03    4.06e-03      2.92e-01    2.85e-01    2.7e-07
   1652      3.35e-01    3.24e-01      5.13e-03    4.01e-03      2.94e-01    2.85e-01    2.7e-07
   1654      3.31e-01    3.17e-01      5.56e-03    3.45e-03      2.90e-01    2.79e-01    2.7e-07
   1656      3.35e-01    3.23e-01      5.66e-03    4.04e-03      2.93e-01    2.84e-01    2.7e-07
   1658      3.33e-01    3.18e-01      5.04e-03    4.10e-03      2.93e-01    2.80e-01    2.7e-07
   1660      3.36e-01    3.16e-01      5.44e-03    4.05e-03      2.95e-01    2.78e-01    2.7e-07
   1662      3.30e-01    3.23e-01      5.39e-03    4.05e-03      2.89e-01    2.84e-01    2.7e-07
   1664      3.36e-01    3.20e-01      5.17e-03    4.02e-03      2.95e-01    2.82e-01    2.7e-07
   1666      3.33e-01    3.27e-01      5.88e-03    4.06e-03      2.91e-01    2.88e-01    2.7e-07
   1668      3.34e-01    3.18e-01      5.22e-03    3.50e-03      2.93e-01    2.80e-01    2.7e-07
   1670      3.33e-01    3.22e-01      5.82e-03    3.99e-03      2.92e-01    2.84e-01    2.7e-07
   1672      3.31e-01    3.23e-01      5.24e-03    4.04e-03      2.90e-01    2.84e-01    2.7e-07
   1674      3.37e-01    3.20e-01      5.56e-03    3.27e-03      2.95e-01    2.82e-01    2.7e-07
   1676      3.29e-01    3.22e-01      4.94e-03    3.91e-03      2.89e-01    2.83e-01    2.7e-07
   1678      3.39e-01    3.17e-01      6.15e-03    3.66e-03      2.96e-01    2.79e-01    2.7e-07
   1680      3.34e-01    3.18e-01      5.54e-03    3.93e-03      2.93e-01    2.80e-01    2.7e-07
   1682      3.33e-01    3.21e-01      5.29e-03    3.99e-03      2.92e-01    2.82e-01    2.7e-07
   1684      3.30e-01    3.27e-01      5.44e-03    4.38e-03      2.89e-01    2.87e-01    2.7e-07
   1686      3.39e-01    3.22e-01      5.66e-03    4.10e-03      2.96e-01    2.83e-01    2.7e-07
   1688      3.36e-01    3.23e-01      5.65e-03    3.76e-03      2.94e-01    2.84e-01    2.7e-07
   1690      3.32e-01    3.24e-01      5.15e-03    4.35e-03      2.91e-01    2.85e-01    2.7e-07
   1692      3.31e-01    3.26e-01      5.67e-03    4.20e-03      2.90e-01    2.87e-01    2.7e-07
   1694      3.37e-01    3.20e-01      5.38e-03    4.01e-03      2.95e-01    2.82e-01    2.7e-07
   1696      3.29e-01    3.19e-01      4.70e-03    4.38e-03      2.89e-01    2.81e-01    2.7e-07
   1698      3.36e-01    3.21e-01      6.19e-03    3.49e-03      2.93e-01    2.83e-01    2.7e-07
   1700      3.17e-01    3.12e-01      5.24e-03    4.08e-03      2.91e-01    2.87e-01    1.6e-07
   1702      3.21e-01    3.07e-01      5.70e-03    3.65e-03      2.94e-01    2.83e-01    1.6e-07
   1704      3.19e-01    3.06e-01      6.02e-03    3.74e-03      2.91e-01    2.82e-01    1.6e-07
   1706      3.21e-01    3.07e-01      5.03e-03    4.13e-03      2.94e-01    2.82e-01    1.6e-07
   1708      3.18e-01    3.09e-01      6.08e-03    3.88e-03      2.90e-01    2.84e-01    1.6e-07
   1710      3.20e-01    3.07e-01      4.83e-03    3.61e-03      2.93e-01    2.83e-01    1.6e-07
   1712      3.14e-01    3.09e-01      5.39e-03    4.11e-03      2.88e-01    2.84e-01    1.6e-07
   1714      3.23e-01    3.08e-01      5.56e-03    3.69e-03      2.95e-01    2.83e-01    1.6e-07
   1716      3.23e-01    3.10e-01      5.58e-03    4.24e-03      2.95e-01    2.85e-01    1.6e-07
   1718      3.17e-01    3.04e-01      5.51e-03    4.04e-03      2.90e-01    2.80e-01    1.6e-07
   1720      3.15e-01    3.08e-01      5.80e-03    4.21e-03      2.87e-01    2.83e-01    1.6e-07
   1722      3.24e-01    3.10e-01      5.19e-03    3.90e-03      2.97e-01    2.86e-01    1.6e-07
   1724      3.15e-01    3.07e-01      4.64e-03    3.70e-03      2.90e-01    2.82e-01    1.6e-07
   1726      3.25e-01    3.10e-01      6.35e-03    3.85e-03      2.96e-01    2.86e-01    1.6e-07
   1728      3.20e-01    3.06e-01      5.67e-03    3.94e-03      2.92e-01    2.81e-01    1.6e-07
   1730      3.20e-01    3.07e-01      5.38e-03    3.55e-03      2.93e-01    2.83e-01    1.6e-07
   1732      3.19e-01    3.08e-01      5.22e-03    3.59e-03      2.92e-01    2.84e-01    1.6e-07
   1734      3.19e-01    3.09e-01      5.62e-03    4.13e-03      2.92e-01    2.85e-01    1.6e-07
   1736      3.16e-01    3.10e-01      5.05e-03    3.80e-03      2.90e-01    2.86e-01    1.6e-07
   1738      3.25e-01    3.11e-01      5.87e-03    4.39e-03      2.97e-01    2.86e-01    1.6e-07
   1740      3.27e-01    3.07e-01      5.99e-03    3.80e-03      2.99e-01    2.82e-01    1.6e-07
   1742      3.13e-01    3.06e-01      5.04e-03    4.07e-03      2.87e-01    2.82e-01    1.6e-07
   1744      3.20e-01    3.09e-01      5.84e-03    3.85e-03      2.92e-01    2.84e-01    1.6e-07
   1746      3.18e-01    3.12e-01      5.32e-03    3.96e-03      2.91e-01    2.87e-01    1.6e-07
   1748      3.26e-01    3.08e-01      6.10e-03    4.17e-03      2.98e-01    2.83e-01    1.6e-07
   1750      3.11e-01    3.06e-01      4.73e-03    3.89e-03      2.86e-01    2.81e-01    1.6e-07
   1752      3.15e-01    3.07e-01      4.93e-03    4.09e-03      2.89e-01    2.82e-01    1.6e-07
   1754      3.22e-01    3.08e-01      5.98e-03    4.01e-03      2.94e-01    2.83e-01    1.6e-07
   1756      3.19e-01    3.11e-01      4.42e-03    3.79e-03      2.93e-01    2.86e-01    1.6e-07
   1758      3.20e-01    3.06e-01      6.41e-03    3.55e-03      2.91e-01    2.82e-01    1.6e-07
   1760      3.22e-01    3.08e-01      6.09e-03    4.12e-03      2.94e-01    2.83e-01    1.6e-07
   1762      3.17e-01    3.14e-01      4.91e-03    4.39e-03      2.90e-01    2.88e-01    1.6e-07
   1764      3.21e-01    3.07e-01      5.69e-03    3.49e-03      2.94e-01    2.83e-01    1.6e-07
   1766      3.16e-01    3.08e-01      5.18e-03    3.63e-03      2.89e-01    2.84e-01    1.6e-07
   1768      3.15e-01    3.07e-01      5.42e-03    3.76e-03      2.88e-01    2.83e-01    1.6e-07
   1770      3.23e-01    3.04e-01      5.53e-03    4.14e-03      2.96e-01    2.79e-01    1.6e-07
   1772      3.16e-01    3.08e-01      4.89e-03    3.92e-03      2.90e-01    2.84e-01    1.6e-07
   1774      3.22e-01    3.09e-01      6.02e-03    4.13e-03      2.94e-01    2.84e-01    1.6e-07
   1776      3.16e-01    3.05e-01      5.52e-03    4.39e-03      2.89e-01    2.81e-01    1.6e-07
   1778      3.21e-01    3.12e-01      5.55e-03    4.09e-03      2.94e-01    2.87e-01    1.6e-07
   1780      3.18e-01    3.08e-01      5.96e-03    3.85e-03      2.90e-01    2.83e-01    1.6e-07
   1782      3.21e-01    3.12e-01      4.91e-03    4.32e-03      2.95e-01    2.87e-01    1.6e-07
   1784      3.18e-01    3.01e-01      5.90e-03    3.61e-03      2.91e-01    2.78e-01    1.6e-07
   1786      3.21e-01    3.05e-01      5.11e-03    4.02e-03      2.95e-01    2.80e-01    1.6e-07
   1788      3.24e-01    3.11e-01      6.00e-03    3.67e-03      2.96e-01    2.87e-01    1.6e-07
   1790      3.16e-01    3.10e-01      5.09e-03    4.17e-03      2.90e-01    2.85e-01    1.6e-07
   1792      3.21e-01    3.08e-01      5.33e-03    4.01e-03      2.94e-01    2.83e-01    1.6e-07
   1794      3.18e-01    3.06e-01      5.74e-03    3.83e-03      2.91e-01    2.82e-01    1.6e-07
   1796      3.21e-01    3.07e-01      5.57e-03    3.71e-03      2.94e-01    2.83e-01    1.6e-07
   1798      3.19e-01    3.12e-01      5.45e-03    4.15e-03      2.92e-01    2.87e-01    1.6e-07
   1800      3.09e-01    2.99e-01      5.32e-03    4.20e-03      2.91e-01    2.83e-01    9.8e-08
   1802      3.12e-01    2.98e-01      5.60e-03    4.37e-03      2.93e-01    2.82e-01    9.8e-08
   1804      3.15e-01    2.98e-01      5.50e-03    3.78e-03      2.96e-01    2.83e-01    9.8e-08
   1806      3.07e-01    2.97e-01      5.62e-03    3.96e-03      2.89e-01    2.81e-01    9.8e-08
   1808      3.14e-01    3.01e-01      5.71e-03    4.22e-03      2.95e-01    2.85e-01    9.8e-08
   1810      3.09e-01    2.94e-01      5.33e-03    4.08e-03      2.91e-01    2.79e-01    9.8e-08
   1812      3.10e-01    2.99e-01      5.62e-03    3.74e-03      2.92e-01    2.83e-01    9.8e-08
   1814      3.12e-01    3.03e-01      5.42e-03    3.86e-03      2.94e-01    2.87e-01    9.8e-08
   1816      3.10e-01    2.96e-01      5.78e-03    3.53e-03      2.92e-01    2.81e-01    9.8e-08
   1818      3.11e-01    2.97e-01      5.29e-03    3.86e-03      2.93e-01    2.81e-01    9.8e-08
   1820      3.10e-01    3.00e-01      5.79e-03    3.97e-03      2.92e-01    2.84e-01    9.8e-08
   1822      3.11e-01    2.94e-01      5.35e-03    3.42e-03      2.93e-01    2.79e-01    9.8e-08
   1824      3.05e-01    3.03e-01      4.93e-03    4.10e-03      2.88e-01    2.87e-01    9.8e-08
   1826      3.17e-01    2.99e-01      5.84e-03    3.87e-03      2.98e-01    2.83e-01    9.8e-08
   1828      3.12e-01    2.97e-01      5.62e-03    3.73e-03      2.93e-01    2.82e-01    9.8e-08
   1830      3.09e-01    3.01e-01      5.47e-03    4.34e-03      2.91e-01    2.85e-01    9.8e-08
   1832      3.13e-01    2.99e-01      5.57e-03    4.02e-03      2.94e-01    2.83e-01    9.8e-08
   1834      3.06e-01    2.98e-01      5.55e-03    3.84e-03      2.88e-01    2.82e-01    9.8e-08
   1836      3.09e-01    2.98e-01      5.26e-03    4.25e-03      2.91e-01    2.82e-01    9.8e-08
   1838      3.12e-01    3.02e-01      5.88e-03    4.45e-03      2.93e-01    2.86e-01    9.8e-08
   1840      3.12e-01    2.96e-01      5.48e-03    3.84e-03      2.94e-01    2.80e-01    9.8e-08
   1842      3.09e-01    2.98e-01      5.36e-03    4.61e-03      2.91e-01    2.82e-01    9.8e-08
   1844      3.09e-01    3.01e-01      5.52e-03    4.05e-03      2.91e-01    2.85e-01    9.8e-08
   1846      3.12e-01    2.98e-01      5.29e-03    3.80e-03      2.94e-01    2.82e-01    9.8e-08
   1848      3.08e-01    2.97e-01      5.07e-03    3.79e-03      2.90e-01    2.81e-01    9.8e-08
   1850      3.14e-01    2.98e-01      5.82e-03    4.04e-03      2.95e-01    2.82e-01    9.8e-08
   1852      3.14e-01    3.00e-01      6.01e-03    4.21e-03      2.95e-01    2.84e-01    9.8e-08
   1854      3.06e-01    2.96e-01      4.84e-03    4.05e-03      2.89e-01    2.80e-01    9.8e-08
   1856      3.03e-01    3.00e-01      4.91e-03    3.56e-03      2.86e-01    2.85e-01    9.8e-08
   1858      3.16e-01    2.99e-01      5.97e-03    4.34e-03      2.96e-01    2.82e-01    9.8e-08
   1860      3.12e-01    3.02e-01      4.87e-03    4.43e-03      2.95e-01    2.86e-01    9.8e-08
   1862      3.07e-01    2.99e-01      5.53e-03    3.40e-03      2.89e-01    2.84e-01    9.8e-08
   1864      3.05e-01    2.98e-01      5.98e-03    4.11e-03      2.86e-01    2.82e-01    9.8e-08
   1866      3.15e-01    3.03e-01      4.75e-03    4.22e-03      2.97e-01    2.87e-01    9.8e-08
   1868      3.09e-01    2.97e-01      5.42e-03    3.83e-03      2.91e-01    2.81e-01    9.8e-08
   1870      3.13e-01    3.00e-01      5.74e-03    4.14e-03      2.94e-01    2.84e-01    9.8e-08
   1872      3.14e-01    2.93e-01      5.51e-03    3.76e-03      2.95e-01    2.78e-01    9.8e-08
   1874      3.09e-01    2.98e-01      5.37e-03    3.85e-03      2.91e-01    2.83e-01    9.8e-08
   1876      3.13e-01    2.97e-01      4.91e-03    3.73e-03      2.96e-01    2.81e-01    9.8e-08
   1878      3.09e-01    3.02e-01      5.85e-03    4.10e-03      2.91e-01    2.85e-01    9.8e-08
   1880      3.12e-01    3.01e-01      5.98e-03    4.48e-03      2.93e-01    2.85e-01    9.8e-08
   1882      3.08e-01    2.98e-01      4.95e-03    3.75e-03      2.91e-01    2.82e-01    9.8e-08
   1884      3.06e-01    2.98e-01      5.51e-03    3.70e-03      2.88e-01    2.82e-01    9.8e-08
   1886      3.14e-01    2.95e-01      5.49e-03    3.60e-03      2.95e-01    2.80e-01    9.8e-08
   1888      3.09e-01    3.00e-01      4.35e-03    4.18e-03      2.93e-01    2.84e-01    9.8e-08
   1890      3.10e-01    2.94e-01      6.45e-03    3.83e-03      2.90e-01    2.79e-01    9.8e-08
   1892      3.06e-01    3.02e-01      5.57e-03    3.69e-03      2.87e-01    2.87e-01    9.8e-08
   1894      3.13e-01    2.97e-01      5.33e-03    3.81e-03      2.95e-01    2.82e-01    9.8e-08
   1896      3.13e-01    3.00e-01      5.04e-03    4.09e-03      2.96e-01    2.84e-01    9.8e-08
   1898      3.08e-01    2.97e-01      5.89e-03    3.54e-03      2.89e-01    2.82e-01    9.8e-08
   1900      3.06e-01    2.94e-01      5.10e-03    3.97e-03      2.93e-01    2.84e-01    5.9e-08
   1902      3.03e-01    2.96e-01      5.94e-03    3.72e-03      2.90e-01    2.86e-01    5.9e-08
   1904      3.04e-01    2.97e-01      4.97e-03    4.18e-03      2.92e-01    2.86e-01    5.9e-08
   1906      3.07e-01    2.96e-01      5.97e-03    4.22e-03      2.94e-01    2.85e-01    5.9e-08
   1908      3.04e-01    2.93e-01      5.55e-03    4.06e-03      2.91e-01    2.82e-01    5.9e-08
   1910      3.04e-01    2.96e-01      5.34e-03    3.65e-03      2.92e-01    2.86e-01    5.9e-08
   1912      3.04e-01    2.99e-01      6.09e-03    4.13e-03      2.90e-01    2.88e-01    5.9e-08
   1914      3.08e-01    2.95e-01      5.01e-03    3.88e-03      2.96e-01    2.85e-01    5.9e-08
   1916      3.12e-01    2.93e-01      5.99e-03    3.90e-03      2.98e-01    2.82e-01    5.9e-08
   1918      2.98e-01    2.95e-01      4.83e-03    4.29e-03      2.86e-01    2.84e-01    5.9e-08
   1920      3.05e-01    2.98e-01      5.87e-03    3.96e-03      2.91e-01    2.87e-01    5.9e-08
   1922      3.05e-01    2.93e-01      5.22e-03    4.23e-03      2.92e-01    2.82e-01    5.9e-08
   1924      3.07e-01    2.97e-01      5.73e-03    3.92e-03      2.93e-01    2.87e-01    5.9e-08
   1926      3.05e-01    2.91e-01      5.30e-03    3.48e-03      2.92e-01    2.81e-01    5.9e-08
   1928      3.03e-01    2.98e-01      5.63e-03    4.50e-03      2.90e-01    2.87e-01    5.9e-08
   1930      3.09e-01    2.97e-01      5.50e-03    4.29e-03      2.96e-01    2.86e-01    5.9e-08
   1932      3.02e-01    2.96e-01      5.24e-03    3.81e-03      2.90e-01    2.85e-01    5.9e-08
   1934      3.08e-01    2.93e-01      5.68e-03    3.61e-03      2.95e-01    2.83e-01    5.9e-08
   1936      3.06e-01    2.90e-01      5.03e-03    3.77e-03      2.94e-01    2.80e-01    5.9e-08
   1938      3.05e-01    2.93e-01      5.86e-03    4.54e-03      2.91e-01    2.82e-01    5.9e-08
   1940      3.08e-01    2.94e-01      5.69e-03    4.32e-03      2.95e-01    2.84e-01    5.9e-08
   1942      3.02e-01    2.98e-01      5.10e-03    4.35e-03      2.90e-01    2.87e-01    5.9e-08
   1944      3.03e-01    2.93e-01      5.72e-03    3.84e-03      2.90e-01    2.82e-01    5.9e-08
   1946      3.09e-01    2.93e-01      5.32e-03    3.83e-03      2.96e-01    2.83e-01    5.9e-08
   1948      3.07e-01    2.93e-01      5.76e-03    3.58e-03      2.94e-01    2.83e-01    5.9e-08
   1950      3.03e-01    2.93e-01      5.37e-03    4.04e-03      2.90e-01    2.83e-01    5.9e-08
   1952      2.96e-01    2.93e-01      5.00e-03    3.55e-03      2.84e-01    2.82e-01    5.9e-08
   1954      3.13e-01    2.91e-01      5.77e-03    3.34e-03      3.00e-01    2.81e-01    5.9e-08
   1956      3.06e-01    2.94e-01      5.46e-03    3.72e-03      2.93e-01    2.83e-01    5.9e-08
   1958      3.05e-01    2.93e-01      5.47e-03    3.87e-03      2.92e-01    2.82e-01    5.9e-08
   1960      3.07e-01    2.93e-01      5.52e-03    3.67e-03      2.94e-01    2.83e-01    5.9e-08
   1962      3.03e-01    2.91e-01      5.27e-03    4.19e-03      2.90e-01    2.80e-01    5.9e-08
   1964      3.03e-01    2.97e-01      5.43e-03    4.14e-03      2.91e-01    2.86e-01    5.9e-08
   1966      3.08e-01    2.91e-01      5.46e-03    3.96e-03      2.95e-01    2.80e-01    5.9e-08
   1968      3.10e-01    2.96e-01      6.00e-03    4.05e-03      2.96e-01    2.86e-01    5.9e-08
   1970      3.01e-01    2.98e-01      4.86e-03    4.21e-03      2.89e-01    2.87e-01    5.9e-08
   1972      3.01e-01    2.96e-01      5.84e-03    3.78e-03      2.88e-01    2.86e-01    5.9e-08
   1974      3.07e-01    2.89e-01      5.19e-03    3.72e-03      2.94e-01    2.79e-01    5.9e-08
   1976      3.10e-01    2.91e-01      5.67e-03    3.71e-03      2.96e-01    2.81e-01    5.9e-08
   1978      3.00e-01    2.93e-01      5.21e-03    3.80e-03      2.87e-01    2.82e-01    5.9e-08
   1980      3.05e-01    2.91e-01      5.66e-03    3.51e-03      2.92e-01    2.81e-01    5.9e-08
   1982      3.03e-01    2.97e-01      5.38e-03    3.71e-03      2.91e-01    2.86e-01    5.9e-08
   1984      3.06e-01    2.94e-01      4.83e-03    4.11e-03      2.94e-01    2.84e-01    5.9e-08
   1986      3.02e-01    2.95e-01      6.05e-03    4.03e-03      2.88e-01    2.85e-01    5.9e-08
   1988      3.07e-01    2.93e-01      5.73e-03    3.97e-03      2.93e-01    2.82e-01    5.9e-08
   1990      3.03e-01    2.92e-01      5.29e-03    4.08e-03      2.90e-01    2.82e-01    5.9e-08
   1992      3.02e-01    2.93e-01      5.44e-03    4.11e-03      2.89e-01    2.83e-01    5.9e-08
   1994      3.07e-01    2.96e-01      5.25e-03    3.93e-03      2.95e-01    2.86e-01    5.9e-08
   1996      3.09e-01    2.91e-01      5.62e-03    3.98e-03      2.96e-01    2.80e-01    5.9e-08
   1998      3.03e-01    2.94e-01      5.23e-03    3.89e-03      2.91e-01    2.84e-01    5.9e-08
   2000      3.04e-01    2.93e-01      5.35e-03    3.72e-03      2.94e-01    2.86e-01    3.5e-08
