#  step      rmse_val    rmse_trn    rmse_e_val  rmse_e_trn    rmse_f_val  rmse_f_trn         lr
      0      3.33e+01    3.39e+01      4.27e-01    4.28e-01      1.05e+00    1.07e+00    1.0e-03
     19      2.92e+01    3.04e+01      4.15e-02    4.16e-02      9.25e-01    9.62e-01    1.0e-03
     38      2.71e+01    2.91e+01      4.62e-02    4.91e-02      8.57e-01    9.21e-01    1.0e-03
     57      2.57e+01    2.69e+01      2.83e-01    2.82e-01      8.11e-01    8.51e-01    1.0e-03
     76      2.28e+01    2.36e+01      6.82e-02    7.16e-02      7.22e-01    7.45e-01    1.0e-03
     95      1.83e+01    1.92e+01      3.09e-01    3.09e-01      5.80e-01    6.07e-01    1.0e-03
    114      1.44e+01    1.45e+01      2.06e-01    2.06e-01      4.54e-01    4.58e-01    1.0e-03
    133      1.13e+01    1.15e+01      2.15e-01    2.14e-01      3.57e-01    3.63e-01    1.0e-03
    152      9.82e+00    1.03e+01      1.08e-01    1.08e-01      3.10e-01    3.24e-01    1.0e-03
    171      9.41e+00    9.53e+00      8.51e-02    8.65e-02      2.97e-01    3.01e-01    1.0e-03
    190      9.29e+00    9.68e+00      1.95e-02    1.90e-02      2.94e-01    3.06e-01    1.0e-03
    209      8.60e+00    8.80e+00      8.25e-02    8.26e-02      2.72e-01    2.78e-01    1.0e-03
    228      8.67e+00    8.77e+00      5.38e-02    5.33e-02      2.74e-01    2.77e-01    1.0e-03
    247      7.92e+00    8.22e+00      7.79e-02    7.87e-02      2.50e-01    2.60e-01    1.0e-03
    266      7.75e+00    7.84e+00      3.90e-03    4.54e-03      2.45e-01    2.48e-01    1.0e-03
    285      7.73e+00    7.66e+00      5.04e-02    4.99e-02      2.44e-01    2.42e-01    1.0e-03
    304      7.33e+00    7.52e+00      4.34e-02    4.35e-02      2.32e-01    2.38e-01    1.0e-03
    323      7.40e+00    7.59e+00      3.97e-03    5.30e-03      2.34e-01    2.40e-01    1.0e-03
    342      7.01e+00    7.15e+00      4.10e-02    3.98e-02      2.22e-01    2.26e-01    1.0e-03
    361      7.08e+00    7.09e+00      6.29e-02    6.26e-02      2.24e-01    2.24e-01    1.0e-03
    380      6.54e+00    6.81e+00      4.90e-03    6.57e-03      2.07e-01    2.15e-01    1.0e-03
    399      6.91e+00    7.15e+00      5.15e-02    5.13e-02      2.19e-01    2.26e-01    1.0e-03
    418      6.78e+00    6.80e+00      3.31e-02    3.36e-02      2.14e-01    2.15e-01    1.0e-03
    437      6.12e+00    6.32e+00      5.36e-02    5.31e-02      1.93e-01    2.00e-01    1.0e-03
    456      5.98e+00    6.21e+00      3.59e-02    3.61e-02      1.89e-01    1.96e-01    1.0e-03
    475      6.42e+00    6.46e+00      5.97e-02    5.95e-02      2.03e-01    2.04e-01    1.0e-03
    494      5.94e+00    6.07e+00      1.58e-02    1.61e-02      1.88e-01    1.92e-01    1.0e-03
    513      6.50e+00    6.48e+00      7.43e-02    7.38e-02      2.05e-01    2.05e-01    1.0e-03
    532      5.80e+00    6.08e+00      1.29e-02    1.34e-02      1.83e-01    1.92e-01    1.0e-03
    551      5.51e+00    5.71e+00      6.33e-03    6.30e-03      1.74e-01    1.81e-01    1.0e-03
    570      5.75e+00    5.83e+00      1.17e-02    1.21e-02      1.82e-01    1.84e-01    1.0e-03
    589      5.35e+00    5.63e+00      4.45e-02    4.44e-02      1.69e-01    1.78e-01    1.0e-03
    608      5.61e+00    5.75e+00      2.10e-02    2.01e-02      1.77e-01    1.82e-01    1.0e-03
    627      5.65e+00    5.64e+00      4.45e-02    4.41e-02      1.79e-01    1.78e-01    1.0e-03
    646      5.30e+00    5.47e+00      1.75e-03    2.59e-03      1.68e-01    1.73e-01    1.0e-03
    665      5.23e+00    5.46e+00      7.58e-03    7.84e-03      1.65e-01    1.73e-01    1.0e-03
    684      5.77e+00    5.98e+00      1.20e-01    1.19e-01      1.83e-01    1.89e-01    1.0e-03
    703      5.74e+00    5.70e+00      7.22e-02    7.23e-02      1.82e-01    1.80e-01    1.0e-03
    722      5.57e+00    5.63e+00      7.92e-02    7.86e-02      1.76e-01    1.78e-01    1.0e-03
    741      5.08e+00    5.34e+00      5.72e-02    5.63e-02      1.60e-01    1.69e-01    1.0e-03
    760      5.61e+00    5.59e+00      3.93e-03    3.26e-03      1.77e-01    1.77e-01    1.0e-03
    779      5.28e+00    5.42e+00      1.88e-03    2.17e-03      1.67e-01    1.71e-01    1.0e-03
    798      5.16e+00    5.29e+00      6.38e-02    6.41e-02      1.63e-01    1.67e-01    1.0e-03
    817      5.20e+00    5.13e+00      2.63e-02    2.65e-02      1.65e-01    1.62e-01    1.0e-03
    836      4.98e+00    5.00e+00      7.23e-02    7.21e-02      1.57e-01    1.58e-01    1.0e-03
    855      4.99e+00    4.90e+00      5.34e-02    5.32e-02      1.58e-01    1.55e-01    1.0e-03
    874      5.28e+00    5.33e+00      4.63e-02    4.62e-02      1.67e-01    1.68e-01    1.0e-03
    893      5.15e+00    5.30e+00      7.03e-02    7.01e-02      1.63e-01    1.68e-01    1.0e-03
    912      4.98e+00    5.06e+00      1.91e-03    2.05e-03      1.57e-01    1.60e-01    1.0e-03
    931      5.32e+00    5.37e+00      5.84e-03    6.16e-03      1.68e-01    1.70e-01    1.0e-03
    950      4.99e+00    5.14e+00      7.74e-02    7.73e-02      1.58e-01    1.62e-01    1.0e-03
    969      4.84e+00    5.07e+00      2.08e-02    2.06e-02      1.53e-01    1.60e-01    1.0e-03
    988      4.84e+00    4.85e+00      4.06e-03    3.43e-03      1.53e-01    1.53e-01    1.0e-03
   1007      4.86e+00    5.06e+00      4.00e-02    3.98e-02      1.54e-01    1.60e-01    1.0e-03
   1026      4.83e+00    5.09e+00      1.40e-01    1.41e-01      1.53e-01    1.61e-01    1.0e-03
   1045      4.79e+00    4.83e+00      1.56e-02    1.56e-02      1.51e-01    1.53e-01    1.0e-03
   1064      5.46e+00    5.64e+00      5.31e-02    5.27e-02      1.73e-01    1.78e-01    1.0e-03
   1083      5.80e+00    5.74e+00      6.14e-02    6.17e-02      1.83e-01    1.81e-01    1.0e-03
   1102      4.88e+00    4.89e+00      2.38e-02    2.40e-02      1.54e-01    1.54e-01    1.0e-03
   1121      4.50e+00    4.77e+00      5.36e-03    5.48e-03      1.42e-01    1.51e-01    1.0e-03
   1140      4.64e+00    4.80e+00      1.94e-02    1.94e-02      1.47e-01    1.52e-01    1.0e-03
   1159      4.73e+00    4.91e+00      9.65e-03    9.91e-03      1.50e-01    1.55e-01    1.0e-03
   1178      4.70e+00    4.89e+00      1.63e-02    1.59e-02      1.49e-01    1.55e-01    1.0e-03
   1197      4.64e+00    4.77e+00      9.65e-03    1.01e-02      1.47e-01    1.51e-01    1.0e-03
   1216      4.78e+00    4.90e+00      4.34e-02    4.34e-02      1.51e-01    1.55e-01    1.0e-03
   1235      4.78e+00    4.92e+00      4.71e-02    4.78e-02      1.51e-01    1.56e-01    1.0e-03
   1254      5.03e+00    5.26e+00      4.69e-03    4.76e-03      1.59e-01    1.66e-01    1.0e-03
   1273      4.86e+00    4.99e+00      2.22e-02    2.21e-02      1.54e-01    1.58e-01    1.0e-03
   1292      4.51e+00    4.66e+00      7.02e-02    6.99e-02      1.43e-01    1.47e-01    1.0e-03
   1311      4.57e+00    4.65e+00      1.28e-02    1.33e-02      1.44e-01    1.47e-01    1.0e-03
   1330      4.40e+00    4.79e+00      5.26e-03    5.84e-03      1.39e-01    1.52e-01    1.0e-03
   1349      4.84e+00    4.74e+00      2.07e-03    1.83e-03      1.53e-01    1.50e-01    1.0e-03
   1368      4.68e+00    4.91e+00      2.19e-02    2.25e-02      1.48e-01    1.55e-01    1.0e-03
   1387      4.28e+00    4.61e+00      8.18e-02    8.13e-02      1.35e-01    1.46e-01    1.0e-03
   1406      5.25e+00    5.15e+00      1.30e-02    1.26e-02      1.66e-01    1.63e-01    1.0e-03
   1425      4.60e+00    4.70e+00      4.09e-02    4.10e-02      1.46e-01    1.49e-01    1.0e-03
   1444      4.48e+00    4.68e+00      1.58e-02    1.57e-02      1.42e-01    1.48e-01    1.0e-03
   1463      4.55e+00    4.81e+00      9.54e-03    1.01e-02      1.44e-01    1.52e-01    1.0e-03
   1482      4.46e+00    4.51e+00      2.55e-02    2.49e-02      1.41e-01    1.43e-01    1.0e-03
   1501      4.82e+00    4.94e+00      7.96e-02    7.94e-02      1.52e-01    1.56e-01    1.0e-03
   1520      4.42e+00    4.48e+00      1.73e-03    1.25e-03      1.40e-01    1.42e-01    1.0e-03
   1539      4.52e+00    4.64e+00      2.15e-02    2.22e-02      1.43e-01    1.47e-01    1.0e-03
   1558      4.38e+00    4.63e+00      2.68e-02    2.61e-02      1.38e-01    1.46e-01    1.0e-03
   1577      4.72e+00    4.95e+00      3.45e-02    3.46e-02      1.49e-01    1.56e-01    1.0e-03
   1596      4.43e+00    4.55e+00      5.49e-02    5.47e-02      1.40e-01    1.44e-01    1.0e-03
   1615      4.49e+00    4.45e+00      5.71e-03    5.46e-03      1.42e-01    1.41e-01    1.0e-03
   1634      4.37e+00    4.48e+00      2.23e-02    2.22e-02      1.38e-01    1.42e-01    1.0e-03
   1653      4.42e+00    4.79e+00      4.86e-02    4.89e-02      1.40e-01    1.51e-01    1.0e-03
   1672      4.62e+00    4.47e+00      1.01e-02    9.78e-03      1.46e-01    1.41e-01    1.0e-03
   1691      4.29e+00    4.53e+00      1.21e-02    1.21e-02      1.36e-01    1.43e-01    1.0e-03
   1710      4.30e+00    4.45e+00      2.97e-02    2.94e-02      1.36e-01    1.41e-01    1.0e-03
   1729      4.70e+00    4.64e+00      4.46e-02    4.43e-02      1.49e-01    1.47e-01    1.0e-03
   1748      4.42e+00    4.57e+00      3.56e-02    3.52e-02      1.40e-01    1.45e-01    1.0e-03
   1767      4.75e+00    4.71e+00      2.54e-02    2.54e-02      1.50e-01    1.49e-01    1.0e-03
   1786      4.27e+00    4.50e+00      6.90e-03    7.24e-03      1.35e-01    1.42e-01    1.0e-03
   1805      4.28e+00    4.57e+00      3.13e-03    2.90e-03      1.35e-01    1.44e-01    1.0e-03
   1824      4.41e+00    4.56e+00      6.69e-03    6.91e-03      1.39e-01    1.44e-01    1.0e-03
   1843      4.38e+00    4.53e+00      2.07e-02    2.07e-02      1.38e-01    1.43e-01    1.0e-03
   1862      5.16e+00    5.15e+00      4.14e-02    4.14e-02      1.63e-01    1.63e-01    1.0e-03
   1881      4.35e+00    4.33e+00      1.46e-02    1.50e-02      1.38e-01    1.37e-01    1.0e-03
   1900      4.37e+00    4.41e+00      6.95e-02    6.99e-02      1.38e-01    1.39e-01    1.0e-03
   1919      4.40e+00    4.31e+00      1.29e-02    1.31e-02      1.39e-01    1.36e-01    1.0e-03
   1938      4.63e+00    4.72e+00      8.38e-02    8.37e-02      1.46e-01    1.49e-01    1.0e-03
   1957      4.10e+00    4.24e+00      5.75e-03    5.98e-03      1.30e-01    1.34e-01    1.0e-03
   1976      4.38e+00    4.41e+00      2.33e-03    1.96e-03      1.38e-01    1.39e-01    1.0e-03
   1995      4.45e+00    4.56e+00      4.90e-03    5.81e-03      1.41e-01    1.44e-01    1.0e-03
   2014      4.33e+00    4.52e+00      1.61e-02    1.66e-02      1.37e-01    1.43e-01    1.0e-03
   2033      4.50e+00    4.80e+00      5.00e-02    4.99e-02      1.42e-01    1.52e-01    1.0e-03
   2052      4.91e+00    4.97e+00      3.82e-03    3.97e-03      1.55e-01    1.57e-01    1.0e-03
   2071      4.54e+00    4.71e+00      2.85e-03    2.83e-03      1.43e-01    1.49e-01    1.0e-03
   2090      4.61e+00    4.59e+00      2.52e-02    2.61e-02      1.46e-01    1.45e-01    1.0e-03
   2109      4.13e+00    4.24e+00      2.01e-03    2.28e-03      1.31e-01    1.34e-01    1.0e-03
   2128      4.31e+00    4.27e+00      2.15e-03    2.33e-03      1.36e-01    1.35e-01    1.0e-03
   2147      4.18e+00    4.27e+00      1.89e-03    2.51e-03      1.32e-01    1.35e-01    1.0e-03
   2166      4.05e+00    4.24e+00      2.62e-03    2.67e-03      1.28e-01    1.34e-01    1.0e-03
   2185      4.35e+00    4.28e+00      1.61e-02    1.62e-02      1.38e-01    1.35e-01    1.0e-03
   2204      4.91e+00    5.14e+00      2.95e-03    3.03e-03      1.55e-01    1.63e-01    1.0e-03
   2223      4.20e+00    4.36e+00      6.01e-02    6.03e-02      1.33e-01    1.38e-01    1.0e-03
   2242      4.33e+00    4.38e+00      4.51e-03    5.35e-03      1.37e-01    1.39e-01    1.0e-03
   2261      4.09e+00    4.25e+00      1.38e-02    1.41e-02      1.29e-01    1.34e-01    1.0e-03
   2280      4.26e+00    4.36e+00      2.97e-02    2.94e-02      1.35e-01    1.38e-01    1.0e-03
   2299      4.28e+00    4.30e+00      7.03e-02    7.07e-02      1.35e-01    1.36e-01    1.0e-03
   2318      4.28e+00    4.53e+00      2.66e-02    2.58e-02      1.35e-01    1.43e-01    1.0e-03
   2337      4.25e+00    4.38e+00      1.80e-03    1.47e-03      1.34e-01    1.38e-01    1.0e-03
   2356      4.11e+00    4.48e+00      5.23e-04    1.60e-03      1.30e-01    1.42e-01    1.0e-03
   2375      4.36e+00    4.43e+00      4.71e-03    4.46e-03      1.38e-01    1.40e-01    1.0e-03
   2394      4.20e+00    4.35e+00      2.88e-02    2.87e-02      1.33e-01    1.37e-01    1.0e-03
   2413      4.09e+00    4.21e+00      7.69e-03    8.14e-03      1.29e-01    1.33e-01    1.0e-03
   2432      4.41e+00    4.54e+00      1.43e-02    1.44e-02      1.40e-01    1.44e-01    1.0e-03
   2451      4.29e+00    4.33e+00      2.66e-02    2.68e-02      1.36e-01    1.37e-01    1.0e-03
   2470      4.08e+00    4.33e+00      3.58e-02    3.56e-02      1.29e-01    1.37e-01    1.0e-03
   2489      4.15e+00    4.25e+00      1.86e-03    2.11e-03      1.31e-01    1.34e-01    1.0e-03
   2508      4.90e+00    5.31e+00      6.84e-02    6.82e-02      1.55e-01    1.68e-01    1.0e-03
   2527      4.03e+00    4.30e+00      3.88e-02    3.81e-02      1.27e-01    1.36e-01    1.0e-03
   2546      4.23e+00    4.16e+00      5.29e-02    5.32e-02      1.34e-01    1.32e-01    1.0e-03
   2565      3.98e+00    4.15e+00      1.72e-02    1.71e-02      1.26e-01    1.31e-01    1.0e-03
   2584      4.27e+00    4.26e+00      1.80e-02    1.76e-02      1.35e-01    1.35e-01    1.0e-03
   2603      3.89e+00    4.20e+00      2.21e-02    2.24e-02      1.23e-01    1.33e-01    1.0e-03
   2622      4.54e+00    4.69e+00      7.74e-02    7.71e-02      1.44e-01    1.48e-01    1.0e-03
   2641      4.04e+00    4.15e+00      1.09e-03    1.46e-03      1.28e-01    1.31e-01    1.0e-03
   2660      3.97e+00    4.34e+00      5.23e-02    5.27e-02      1.26e-01    1.37e-01    1.0e-03
   2679      4.18e+00    4.20e+00      3.02e-03    3.14e-03      1.32e-01    1.33e-01    1.0e-03
   2698      4.00e+00    4.03e+00      3.67e-03    3.99e-03      1.27e-01    1.27e-01    1.0e-03
   2717      4.56e+00    4.61e+00      2.80e-02    2.79e-02      1.44e-01    1.46e-01    1.0e-03
   2736      3.97e+00    4.28e+00      5.12e-03    5.28e-03      1.25e-01    1.35e-01    1.0e-03
   2755      4.09e+00    4.23e+00      5.42e-03    5.73e-03      1.29e-01    1.34e-01    1.0e-03
   2774      4.11e+00    4.06e+00      2.16e-03    1.89e-03      1.30e-01    1.29e-01    1.0e-03
   2793      4.90e+00    4.94e+00      5.87e-02    5.81e-02      1.55e-01    1.56e-01    1.0e-03
   2812      4.38e+00    4.44e+00      2.00e-02    2.01e-02      1.38e-01    1.40e-01    1.0e-03
   2831      3.97e+00    4.39e+00      5.29e-03    5.20e-03      1.25e-01    1.39e-01    1.0e-03
   2850      3.85e+00    4.02e+00      2.64e-02    2.67e-02      1.22e-01    1.27e-01    1.0e-03
   2869      4.31e+00    4.25e+00      1.30e-02    1.33e-02      1.36e-01    1.34e-01    1.0e-03
   2888      3.88e+00    4.01e+00      3.98e-02    4.05e-02      1.23e-01    1.27e-01    1.0e-03
   2907      4.27e+00    4.36e+00      2.62e-02    2.63e-02      1.35e-01    1.38e-01    1.0e-03
   2926      4.23e+00    4.46e+00      4.15e-02    4.13e-02      1.34e-01    1.41e-01    1.0e-03
   2945      4.13e+00    4.08e+00      3.72e-03    4.18e-03      1.31e-01    1.29e-01    1.0e-03
   2964      4.07e+00    4.30e+00      8.10e-03    8.67e-03      1.29e-01    1.36e-01    1.0e-03
   2983      3.91e+00    4.31e+00      2.06e-02    2.07e-02      1.24e-01    1.36e-01    1.0e-03
   3002      4.51e+00    4.52e+00      2.70e-02    2.69e-02      1.43e-01    1.43e-01    1.0e-03
   3021      4.05e+00    4.04e+00      1.50e-02    1.50e-02      1.28e-01    1.28e-01    1.0e-03
   3040      4.06e+00    4.25e+00      2.25e-02    2.29e-02      1.28e-01    1.34e-01    1.0e-03
   3059      3.92e+00    4.19e+00      3.57e-03    3.95e-03      1.24e-01    1.32e-01    1.0e-03
   3078      3.72e+00    4.08e+00      4.16e-02    4.16e-02      1.18e-01    1.29e-01    1.0e-03
   3097      4.18e+00    4.21e+00      2.18e-02    2.19e-02      1.32e-01    1.33e-01    1.0e-03
   3116      4.02e+00    4.21e+00      3.53e-03    3.26e-03      1.27e-01    1.33e-01    1.0e-03
   3135      3.72e+00    3.96e+00      2.70e-03    3.07e-03      1.18e-01    1.25e-01    1.0e-03
   3154      3.84e+00    3.99e+00      9.05e-03    9.06e-03      1.22e-01    1.26e-01    1.0e-03
   3173      4.15e+00    4.20e+00      6.41e-03    6.53e-03      1.31e-01    1.33e-01    1.0e-03
   3192      3.96e+00    4.13e+00      2.30e-02    2.29e-02      1.25e-01    1.31e-01    1.0e-03
   3211      4.19e+00    4.42e+00      1.27e-02    1.30e-02      1.33e-01    1.40e-01    1.0e-03
   3230      4.05e+00    4.04e+00      1.28e-02    1.27e-02      1.28e-01    1.28e-01    1.0e-03
   3249      3.93e+00    3.86e+00      5.69e-03    6.20e-03      1.24e-01    1.22e-01    1.0e-03
   3268      4.30e+00    4.49e+00      1.16e-02    1.20e-02      1.36e-01    1.42e-01    1.0e-03
   3287      3.82e+00    4.03e+00      1.37e-02    1.43e-02      1.21e-01    1.27e-01    1.0e-03
   3306      3.99e+00    3.78e+00      3.34e-03    3.25e-03      1.26e-01    1.20e-01    1.0e-03
   3325      3.84e+00    4.02e+00      2.06e-02    2.05e-02      1.21e-01    1.27e-01    1.0e-03
   3344      3.75e+00    3.90e+00      4.33e-03    4.53e-03      1.18e-01    1.23e-01    1.0e-03
   3363      3.83e+00    3.84e+00      8.33e-03    8.51e-03      1.21e-01    1.21e-01    1.0e-03
   3382      3.85e+00    3.94e+00      4.82e-02    4.85e-02      1.22e-01    1.24e-01    1.0e-03
   3401      3.80e+00    4.07e+00      2.67e-02    2.67e-02      1.20e-01    1.29e-01    1.0e-03
   3420      3.81e+00    4.04e+00      5.20e-02    5.18e-02      1.21e-01    1.28e-01    1.0e-03
   3439      4.05e+00    4.12e+00      1.37e-02    1.38e-02      1.28e-01    1.30e-01    1.0e-03
   3458      4.44e+00    4.32e+00      1.11e-02    1.13e-02      1.40e-01    1.37e-01    1.0e-03
   3477      4.22e+00    4.13e+00      1.85e-02    1.85e-02      1.33e-01    1.31e-01    1.0e-03
   3496      3.99e+00    4.24e+00      6.54e-03    6.84e-03      1.26e-01    1.34e-01    1.0e-03
   3515      3.93e+00    4.20e+00      2.42e-02    2.48e-02      1.24e-01    1.33e-01    1.0e-03
   3534      4.08e+00    4.14e+00      1.39e-02    1.33e-02      1.29e-01    1.31e-01    1.0e-03
   3553      4.06e+00    4.01e+00      1.97e-02    2.01e-02      1.28e-01    1.27e-01    1.0e-03
   3572      3.92e+00    4.41e+00      1.25e-02    1.26e-02      1.24e-01    1.39e-01    1.0e-03
   3591      4.06e+00    4.07e+00      1.57e-02    1.59e-02      1.28e-01    1.29e-01    1.0e-03
   3610      4.10e+00    4.31e+00      1.85e-02    1.81e-02      1.30e-01    1.36e-01    1.0e-03
   3629      3.87e+00    3.94e+00      2.84e-02    2.87e-02      1.22e-01    1.25e-01    1.0e-03
   3648      3.65e+00    4.11e+00      3.88e-02    3.84e-02      1.15e-01    1.30e-01    1.0e-03
   3667      3.91e+00    3.88e+00      1.56e-02    1.57e-02      1.24e-01    1.23e-01    1.0e-03
   3686      4.07e+00    4.16e+00      9.42e-03    9.54e-03      1.29e-01    1.32e-01    1.0e-03
   3705      3.88e+00    4.07e+00      4.72e-02    4.73e-02      1.23e-01    1.29e-01    1.0e-03
   3724      3.78e+00    3.91e+00      6.35e-03    6.46e-03      1.19e-01    1.23e-01    1.0e-03
   3743      3.91e+00    4.20e+00      2.01e-02    2.09e-02      1.24e-01    1.33e-01    1.0e-03
   3762      3.80e+00    4.01e+00      2.94e-02    2.93e-02      1.20e-01    1.27e-01    1.0e-03
   3781      3.77e+00    3.92e+00      1.10e-02    1.13e-02      1.19e-01    1.24e-01    1.0e-03
   3800      3.97e+00    4.05e+00      2.51e-02    2.51e-02      1.26e-01    1.28e-01    1.0e-03
   3819      3.87e+00    4.12e+00      2.18e-02    2.21e-02      1.22e-01    1.30e-01    1.0e-03
   3838      3.94e+00    4.02e+00      1.00e-02    9.91e-03      1.25e-01    1.27e-01    1.0e-03
   3857      3.90e+00    3.97e+00      3.18e-02    3.19e-02      1.23e-01    1.26e-01    1.0e-03
   3876      3.84e+00    4.04e+00      5.28e-03    5.28e-03      1.22e-01    1.28e-01    1.0e-03
   3895      3.97e+00    3.90e+00      1.90e-03    1.77e-03      1.26e-01    1.23e-01    1.0e-03
   3914      4.65e+00    4.82e+00      3.46e-02    3.41e-02      1.47e-01    1.52e-01    1.0e-03
   3933      3.83e+00    3.86e+00      5.78e-02    5.77e-02      1.21e-01    1.22e-01    1.0e-03
   3952      3.77e+00    3.93e+00      3.29e-02    3.23e-02      1.19e-01    1.24e-01    1.0e-03
   3971      3.69e+00    3.82e+00      5.85e-03    5.94e-03      1.17e-01    1.21e-01    1.0e-03
   3990      3.87e+00    3.91e+00      4.40e-02    4.38e-02      1.22e-01    1.24e-01    1.0e-03
   4009      3.86e+00    3.94e+00      1.05e-02    1.05e-02      1.22e-01    1.25e-01    1.0e-03
   4028      3.67e+00    3.94e+00      9.35e-03    9.47e-03      1.16e-01    1.25e-01    1.0e-03
   4047      4.10e+00    4.20e+00      1.71e-03    1.63e-03      1.30e-01    1.33e-01    1.0e-03
   4066      3.73e+00    3.97e+00      2.03e-02    2.04e-02      1.18e-01    1.25e-01    1.0e-03
   4085      3.99e+00    4.11e+00      1.78e-02    1.80e-02      1.26e-01    1.30e-01    1.0e-03
   4104      4.36e+00    4.42e+00      2.43e-02    2.41e-02      1.38e-01    1.40e-01    1.0e-03
   4123      3.77e+00    3.93e+00      2.26e-02    2.24e-02      1.19e-01    1.24e-01    1.0e-03
   4142      4.02e+00    4.05e+00      1.75e-03    1.99e-03      1.27e-01    1.28e-01    1.0e-03
   4161      3.80e+00    3.95e+00      1.53e-02    1.55e-02      1.20e-01    1.25e-01    1.0e-03
   4180      3.58e+00    3.64e+00      2.02e-02    2.06e-02      1.13e-01    1.15e-01    1.0e-03
   4199      3.94e+00    3.94e+00      1.10e-02    1.09e-02      1.25e-01    1.25e-01    1.0e-03
   4218      3.73e+00    3.90e+00      1.61e-02    1.61e-02      1.18e-01    1.23e-01    1.0e-03
   4237      3.81e+00    3.92e+00      3.57e-02    3.55e-02      1.20e-01    1.24e-01    1.0e-03
   4256      3.86e+00    4.02e+00      2.25e-02    2.21e-02      1.22e-01    1.27e-01    1.0e-03
   4275      3.72e+00    4.04e+00      2.71e-02    2.73e-02      1.18e-01    1.28e-01    1.0e-03
   4294      3.95e+00    4.09e+00      9.64e-03    9.85e-03      1.25e-01    1.29e-01    1.0e-03
   4313      4.04e+00    4.13e+00      6.19e-02    6.20e-02      1.28e-01    1.30e-01    1.0e-03
   4332      3.94e+00    3.94e+00      1.04e-02    1.07e-02      1.25e-01    1.25e-01    1.0e-03
   4351      3.78e+00    3.86e+00      7.95e-03    7.62e-03      1.19e-01    1.22e-01    1.0e-03
   4370      3.69e+00    3.96e+00      1.47e-03    1.43e-03      1.17e-01    1.25e-01    1.0e-03
   4389      3.74e+00    3.90e+00      1.44e-02    1.44e-02      1.18e-01    1.23e-01    1.0e-03
   4408      3.67e+00    3.96e+00      2.35e-03    2.24e-03      1.16e-01    1.25e-01    1.0e-03
   4427      3.79e+00    3.64e+00      9.53e-03    9.43e-03      1.20e-01    1.15e-01    1.0e-03
   4446      3.72e+00    3.79e+00      1.77e-02    1.79e-02      1.18e-01    1.20e-01    1.0e-03
   4465      3.81e+00    3.79e+00      6.57e-03    6.92e-03      1.21e-01    1.20e-01    1.0e-03
   4484      4.25e+00    4.37e+00      7.77e-03    8.00e-03      1.35e-01    1.38e-01    1.0e-03
   4503      4.00e+00    4.26e+00      4.07e-02    4.10e-02      1.26e-01    1.35e-01    1.0e-03
   4522      3.69e+00    3.67e+00      1.08e-02    1.09e-02      1.17e-01    1.16e-01    1.0e-03
   4541      3.72e+00    3.77e+00      4.10e-02    4.11e-02      1.18e-01    1.19e-01    1.0e-03
   4560      3.75e+00    3.90e+00      6.98e-02    6.98e-02      1.19e-01    1.23e-01    1.0e-03
   4579      4.67e+00    4.85e+00      2.97e-02    2.95e-02      1.48e-01    1.53e-01    1.0e-03
   4598      4.05e+00    4.16e+00      7.74e-03    8.05e-03      1.28e-01    1.31e-01    1.0e-03
   4617      3.55e+00    3.88e+00      2.71e-02    2.75e-02      1.12e-01    1.23e-01    1.0e-03
   4636      3.80e+00    4.12e+00      4.02e-02    4.00e-02      1.20e-01    1.30e-01    1.0e-03
   4655      3.77e+00    3.94e+00      2.42e-02    2.41e-02      1.19e-01    1.25e-01    1.0e-03
   4674      3.96e+00    4.22e+00      6.75e-03    7.47e-03      1.25e-01    1.33e-01    1.0e-03
   4693      3.91e+00    4.05e+00      1.56e-02    1.55e-02      1.24e-01    1.28e-01    1.0e-03
   4712      3.73e+00    3.78e+00      3.27e-03    3.49e-03      1.18e-01    1.20e-01    1.0e-03
   4731      3.77e+00    3.89e+00      2.02e-02    2.07e-02      1.19e-01    1.23e-01    1.0e-03
   4750      3.70e+00    3.75e+00      6.29e-02    6.32e-02      1.17e-01    1.19e-01    1.0e-03
   4769      3.94e+00    4.17e+00      3.51e-02    3.50e-02      1.25e-01    1.32e-01    1.0e-03
   4788      3.87e+00    3.88e+00      1.90e-02    1.90e-02      1.23e-01    1.23e-01    1.0e-03
   4807      4.01e+00    3.93e+00      1.04e-02    1.02e-02      1.27e-01    1.24e-01    1.0e-03
   4826      3.53e+00    3.74e+00      1.26e-02    1.28e-02      1.12e-01    1.18e-01    1.0e-03
   4845      3.65e+00    3.73e+00      1.02e-02    1.10e-02      1.15e-01    1.18e-01    1.0e-03
   4864      4.03e+00    4.14e+00      2.22e-02    2.24e-02      1.28e-01    1.31e-01    1.0e-03
   4883      3.62e+00    3.75e+00      2.64e-02    2.63e-02      1.14e-01    1.19e-01    1.0e-03
   4902      3.51e+00    3.84e+00      1.06e-02    1.03e-02      1.11e-01    1.22e-01    1.0e-03
   4921      3.82e+00    4.09e+00      1.44e-02    1.50e-02      1.21e-01    1.29e-01    1.0e-03
   4940      3.79e+00    3.89e+00      1.76e-02    1.75e-02      1.20e-01    1.23e-01    1.0e-03
   4959      3.70e+00    3.82e+00      2.54e-02    2.55e-02      1.17e-01    1.21e-01    1.0e-03
   4978      3.56e+00    3.83e+00      1.34e-02    1.29e-02      1.13e-01    1.21e-01    1.0e-03
   4997      4.03e+00    4.08e+00      2.81e-02    2.84e-02      1.27e-01    1.29e-01    1.0e-03
   5016      9.70e-01    9.75e-01      4.69e-03    5.09e-03      1.17e-01    1.18e-01    6.7e-05
   5035      9.20e-01    9.90e-01      3.44e-03    3.12e-03      1.11e-01    1.20e-01    6.7e-05
   5054      9.32e-01    9.42e-01      1.36e-03    1.30e-03      1.13e-01    1.14e-01    6.7e-05
   5073      9.55e-01    9.70e-01      1.28e-03    1.25e-03      1.16e-01    1.17e-01    6.7e-05
   5092      8.92e-01    9.70e-01      1.40e-03    1.20e-03      1.08e-01    1.17e-01    6.7e-05
   5111      9.25e-01    9.97e-01      6.28e-04    1.18e-03      1.12e-01    1.21e-01    6.7e-05
   5130      8.87e-01    9.52e-01      9.87e-04    1.50e-03      1.07e-01    1.15e-01    6.7e-05
   5149      9.44e-01    9.72e-01      1.18e-03    1.31e-03      1.14e-01    1.18e-01    6.7e-05
   5168      9.50e-01    9.37e-01      1.43e-03    1.27e-03      1.15e-01    1.13e-01    6.7e-05
   5187      9.22e-01    9.94e-01      1.30e-03    1.23e-03      1.12e-01    1.20e-01    6.7e-05
   5206      9.24e-01    9.91e-01      7.36e-04    1.46e-03      1.12e-01    1.20e-01    6.7e-05
   5225      9.25e-01    9.31e-01      1.26e-03    1.20e-03      1.12e-01    1.13e-01    6.7e-05
   5244      9.65e-01    1.00e+00      5.61e-04    1.27e-03      1.17e-01    1.21e-01    6.7e-05
   5263      9.32e-01    1.01e+00      1.67e-03    1.44e-03      1.13e-01    1.23e-01    6.7e-05
   5282      8.94e-01    9.66e-01      9.21e-04    1.47e-03      1.08e-01    1.17e-01    6.7e-05
   5301      9.65e-01    9.69e-01      9.62e-04    1.11e-03      1.17e-01    1.17e-01    6.7e-05
   5320      9.49e-01    9.64e-01      1.14e-03    1.35e-03      1.15e-01    1.17e-01    6.7e-05
   5339      8.58e-01    9.69e-01      1.32e-03    1.37e-03      1.04e-01    1.17e-01    6.7e-05
   5358      8.90e-01    9.74e-01      1.07e-03    1.40e-03      1.08e-01    1.18e-01    6.7e-05
   5377      9.20e-01    1.05e+00      1.04e-03    1.47e-03      1.11e-01    1.28e-01    6.7e-05
   5396      9.54e-01    9.49e-01      1.28e-03    1.29e-03      1.16e-01    1.15e-01    6.7e-05
   5415      8.91e-01    1.00e+00      8.65e-04    1.42e-03      1.08e-01    1.21e-01    6.7e-05
   5434      9.48e-01    9.69e-01      1.20e-03    1.17e-03      1.15e-01    1.17e-01    6.7e-05
   5453      9.44e-01    9.80e-01      1.34e-03    1.26e-03      1.14e-01    1.19e-01    6.7e-05
   5472      9.40e-01    9.54e-01      6.37e-04    1.32e-03      1.14e-01    1.16e-01    6.7e-05
   5491      9.14e-01    9.56e-01      1.27e-03    1.03e-03      1.11e-01    1.16e-01    6.7e-05
   5510      9.09e-01    9.55e-01      1.24e-03    1.26e-03      1.10e-01    1.16e-01    6.7e-05
   5529      9.46e-01    9.99e-01      1.37e-03    1.32e-03      1.14e-01    1.21e-01    6.7e-05
   5548      9.58e-01    9.45e-01      1.29e-03    1.29e-03      1.16e-01    1.14e-01    6.7e-05
   5567      8.89e-01    9.08e-01      5.76e-04    1.25e-03      1.08e-01    1.10e-01    6.7e-05
   5586      8.88e-01    9.53e-01      9.96e-04    1.15e-03      1.08e-01    1.15e-01    6.7e-05
   5605      9.72e-01    9.86e-01      1.30e-03    1.40e-03      1.18e-01    1.19e-01    6.7e-05
   5624      9.30e-01    9.82e-01      1.24e-03    1.09e-03      1.13e-01    1.19e-01    6.7e-05
   5643      9.27e-01    9.35e-01      1.43e-03    1.25e-03      1.12e-01    1.13e-01    6.7e-05
   5662      8.76e-01    9.54e-01      7.74e-04    1.43e-03      1.06e-01    1.15e-01    6.7e-05
   5681      9.89e-01    9.60e-01      1.15e-03    1.27e-03      1.20e-01    1.16e-01    6.7e-05
   5700      8.97e-01    9.67e-01      1.49e-03    1.66e-03      1.09e-01    1.17e-01    6.7e-05
   5719      9.17e-01    9.57e-01      1.37e-03    1.26e-03      1.11e-01    1.16e-01    6.7e-05
   5738      9.62e-01    9.73e-01      9.69e-04    1.29e-03      1.17e-01    1.18e-01    6.7e-05
   5757      9.46e-01    9.73e-01      1.17e-03    1.06e-03      1.15e-01    1.18e-01    6.7e-05
   5776      9.36e-01    9.79e-01      1.50e-03    1.21e-03      1.13e-01    1.19e-01    6.7e-05
   5795      9.17e-01    9.35e-01      1.02e-03    1.25e-03      1.11e-01    1.13e-01    6.7e-05
   5814      9.73e-01    9.58e-01      1.22e-03    1.37e-03      1.18e-01    1.16e-01    6.7e-05
   5833      8.91e-01    9.82e-01      1.33e-03    1.35e-03      1.08e-01    1.19e-01    6.7e-05
   5852      9.19e-01    9.89e-01      1.23e-03    1.03e-03      1.11e-01    1.20e-01    6.7e-05
   5871      9.50e-01    9.24e-01      1.51e-03    1.30e-03      1.15e-01    1.12e-01    6.7e-05
   5890      8.98e-01    9.71e-01      8.24e-04    1.26e-03      1.09e-01    1.18e-01    6.7e-05
   5909      9.30e-01    9.30e-01      1.65e-03    1.40e-03      1.13e-01    1.13e-01    6.7e-05
   5928      8.95e-01    9.76e-01      1.19e-03    1.49e-03      1.08e-01    1.18e-01    6.7e-05
   5947      9.35e-01    9.97e-01      1.41e-03    1.28e-03      1.13e-01    1.21e-01    6.7e-05
   5966      9.52e-01    9.55e-01      7.47e-04    1.25e-03      1.15e-01    1.16e-01    6.7e-05
   5985      9.39e-01    9.28e-01      1.38e-03    1.24e-03      1.14e-01    1.12e-01    6.7e-05
   6004      9.13e-01    1.01e+00      5.45e-04    1.20e-03      1.11e-01    1.23e-01    6.7e-05
   6023      9.32e-01    9.51e-01      8.99e-04    1.18e-03      1.13e-01    1.15e-01    6.7e-05
   6042      9.11e-01    9.76e-01      1.22e-03    1.43e-03      1.10e-01    1.18e-01    6.7e-05
   6061      9.36e-01    9.94e-01      1.26e-03    1.47e-03      1.13e-01    1.20e-01    6.7e-05
   6080      9.40e-01    9.57e-01      1.00e-03    1.48e-03      1.14e-01    1.16e-01    6.7e-05
   6099      9.15e-01    9.60e-01      1.07e-03    1.16e-03      1.11e-01    1.16e-01    6.7e-05
   6118      9.76e-01    9.96e-01      1.18e-03    1.52e-03      1.18e-01    1.21e-01    6.7e-05
   6137      9.00e-01    9.95e-01      1.27e-03    1.23e-03      1.09e-01    1.21e-01    6.7e-05
   6156      9.41e-01    9.90e-01      1.38e-03    1.42e-03      1.14e-01    1.20e-01    6.7e-05
   6175      9.05e-01    9.97e-01      6.57e-04    1.26e-03      1.10e-01    1.21e-01    6.7e-05
   6194      9.26e-01    9.64e-01      1.40e-03    1.21e-03      1.12e-01    1.17e-01    6.7e-05
   6213      9.37e-01    9.91e-01      8.54e-04    1.26e-03      1.13e-01    1.20e-01    6.7e-05
   6232      9.35e-01    9.88e-01      1.61e-03    1.34e-03      1.13e-01    1.20e-01    6.7e-05
   6251      9.10e-01    9.80e-01      1.05e-03    1.26e-03      1.10e-01    1.19e-01    6.7e-05
   6270      9.63e-01    9.72e-01      9.17e-04    1.31e-03      1.17e-01    1.18e-01    6.7e-05
   6289      9.32e-01    9.95e-01      1.60e-03    1.42e-03      1.13e-01    1.21e-01    6.7e-05
   6308      8.98e-01    9.78e-01      1.59e-03    1.43e-03      1.09e-01    1.18e-01    6.7e-05
   6327      9.04e-01    9.62e-01      9.76e-04    1.41e-03      1.09e-01    1.17e-01    6.7e-05
   6346      9.31e-01    9.57e-01      9.91e-04    1.48e-03      1.13e-01    1.16e-01    6.7e-05
   6365      9.43e-01    9.91e-01      1.19e-03    1.53e-03      1.14e-01    1.20e-01    6.7e-05
   6384      9.05e-01    9.78e-01      1.02e-03    1.50e-03      1.10e-01    1.18e-01    6.7e-05
   6403      9.21e-01    9.46e-01      1.13e-03    1.42e-03      1.12e-01    1.15e-01    6.7e-05
   6422      9.46e-01    9.92e-01      1.41e-03    1.38e-03      1.15e-01    1.20e-01    6.7e-05
   6441      9.21e-01    9.61e-01      1.11e-03    1.05e-03      1.12e-01    1.16e-01    6.7e-05
   6460      9.58e-01    9.63e-01      1.39e-03    1.32e-03      1.16e-01    1.17e-01    6.7e-05
   6479      8.99e-01    1.01e+00      8.71e-04    1.14e-03      1.09e-01    1.22e-01    6.7e-05
   6498      9.06e-01    9.96e-01      1.07e-03    1.51e-03      1.10e-01    1.21e-01    6.7e-05
   6517      9.41e-01    9.98e-01      1.40e-03    1.18e-03      1.14e-01    1.21e-01    6.7e-05
   6536      9.42e-01    9.92e-01      1.06e-03    1.48e-03      1.14e-01    1.20e-01    6.7e-05
   6555      9.06e-01    9.61e-01      9.88e-04    1.19e-03      1.10e-01    1.16e-01    6.7e-05
   6574      9.21e-01    9.89e-01      1.16e-03    1.43e-03      1.12e-01    1.20e-01    6.7e-05
   6593      9.37e-01    9.69e-01      1.39e-03    1.31e-03      1.13e-01    1.17e-01    6.7e-05
   6612      9.24e-01    9.87e-01      1.17e-03    1.41e-03      1.12e-01    1.20e-01    6.7e-05
   6631      9.37e-01    9.59e-01      9.03e-04    1.12e-03      1.13e-01    1.16e-01    6.7e-05
   6650      9.25e-01    9.77e-01      1.11e-03    1.33e-03      1.12e-01    1.18e-01    6.7e-05
   6669      9.58e-01    9.50e-01      8.04e-04    1.04e-03      1.16e-01    1.15e-01    6.7e-05
   6688      9.44e-01    9.52e-01      1.30e-03    1.25e-03      1.14e-01    1.15e-01    6.7e-05
   6707      8.96e-01    9.80e-01      1.38e-03    1.20e-03      1.09e-01    1.19e-01    6.7e-05
   6726      9.37e-01    9.88e-01      1.46e-03    1.21e-03      1.13e-01    1.20e-01    6.7e-05
   6745      9.50e-01    9.78e-01      1.04e-03    1.23e-03      1.15e-01    1.18e-01    6.7e-05
   6764      8.99e-01    9.79e-01      8.02e-04    1.14e-03      1.09e-01    1.18e-01    6.7e-05
   6783      9.08e-01    9.63e-01      1.36e-03    1.27e-03      1.10e-01    1.17e-01    6.7e-05
   6802      9.04e-01    9.53e-01      1.35e-03    1.16e-03      1.09e-01    1.15e-01    6.7e-05
   6821      9.65e-01    9.36e-01      9.48e-04    1.42e-03      1.17e-01    1.13e-01    6.7e-05
   6840      9.27e-01    9.58e-01      1.19e-03    1.30e-03      1.12e-01    1.16e-01    6.7e-05
   6859      9.31e-01    9.30e-01      8.89e-04    1.45e-03      1.13e-01    1.13e-01    6.7e-05
   6878      9.39e-01    9.65e-01      1.18e-03    1.20e-03      1.14e-01    1.17e-01    6.7e-05
   6897      9.68e-01    9.22e-01      6.74e-04    1.14e-03      1.17e-01    1.12e-01    6.7e-05
   6916      8.77e-01    9.81e-01      1.45e-03    1.19e-03      1.06e-01    1.19e-01    6.7e-05
   6935      9.39e-01    9.74e-01      9.86e-04    1.32e-03      1.14e-01    1.18e-01    6.7e-05
   6954      9.20e-01    9.85e-01      1.32e-03    1.33e-03      1.11e-01    1.19e-01    6.7e-05
   6973      9.50e-01    1.01e+00      1.32e-03    1.59e-03      1.15e-01    1.22e-01    6.7e-05
   6992      9.22e-01    9.30e-01      1.58e-03    1.86e-03      1.12e-01    1.13e-01    6.7e-05
   7011      9.56e-01    9.74e-01      1.80e-03    1.37e-03      1.16e-01    1.18e-01    6.7e-05
   7030      8.83e-01    9.84e-01      1.19e-03    1.60e-03      1.07e-01    1.19e-01    6.7e-05
   7049      9.45e-01    9.60e-01      8.03e-04    1.30e-03      1.14e-01    1.16e-01    6.7e-05
   7068      9.20e-01    9.70e-01      6.89e-04    1.29e-03      1.11e-01    1.18e-01    6.7e-05
   7087      9.24e-01    9.75e-01      1.96e-03    1.83e-03      1.12e-01    1.18e-01    6.7e-05
   7106      9.33e-01    9.37e-01      1.80e-03    1.52e-03      1.13e-01    1.13e-01    6.7e-05
   7125      9.21e-01    9.65e-01      6.42e-04    1.42e-03      1.12e-01    1.17e-01    6.7e-05
   7144      9.21e-01    9.83e-01      1.67e-03    1.42e-03      1.12e-01    1.19e-01    6.7e-05
   7163      9.38e-01    9.63e-01      1.23e-03    1.37e-03      1.14e-01    1.17e-01    6.7e-05
   7182      9.45e-01    9.72e-01      1.26e-03    1.23e-03      1.14e-01    1.18e-01    6.7e-05
   7201      8.96e-01    9.85e-01      1.15e-03    1.45e-03      1.09e-01    1.19e-01    6.7e-05
   7220      9.55e-01    9.49e-01      1.28e-03    1.13e-03      1.16e-01    1.15e-01    6.7e-05
   7239      9.38e-01    1.00e+00      1.64e-03    1.37e-03      1.14e-01    1.21e-01    6.7e-05
   7258      9.20e-01    1.00e+00      1.31e-03    1.63e-03      1.11e-01    1.21e-01    6.7e-05
   7277      9.29e-01    9.73e-01      9.09e-04    1.35e-03      1.13e-01    1.18e-01    6.7e-05
   7296      9.63e-01    9.81e-01      9.65e-04    1.30e-03      1.17e-01    1.19e-01    6.7e-05
   7315      9.03e-01    9.63e-01      1.61e-03    1.43e-03      1.09e-01    1.17e-01    6.7e-05
   7334      9.29e-01    9.93e-01      1.31e-03    1.31e-03      1.13e-01    1.20e-01    6.7e-05
   7353      9.13e-01    9.83e-01      7.97e-04    1.41e-03      1.11e-01    1.19e-01    6.7e-05
   7372      9.58e-01    9.57e-01      1.12e-03    1.63e-03      1.16e-01    1.16e-01    6.7e-05
   7391      8.97e-01    9.47e-01      1.59e-03    1.25e-03      1.09e-01    1.15e-01    6.7e-05
   7410      9.31e-01    9.61e-01      1.21e-03    1.22e-03      1.13e-01    1.16e-01    6.7e-05
   7429      9.03e-01    9.45e-01      9.22e-04    1.20e-03      1.09e-01    1.14e-01    6.7e-05
   7448      9.58e-01    9.63e-01      1.41e-03    1.24e-03      1.16e-01    1.17e-01    6.7e-05
   7467      9.25e-01    9.79e-01      1.06e-03    1.54e-03      1.12e-01    1.19e-01    6.7e-05
   7486      9.21e-01    9.99e-01      1.66e-03    1.74e-03      1.12e-01    1.21e-01    6.7e-05
   7505      9.13e-01    9.40e-01      1.83e-03    1.61e-03      1.11e-01    1.14e-01    6.7e-05
   7524      9.32e-01    9.77e-01      1.41e-03    1.83e-03      1.13e-01    1.18e-01    6.7e-05
   7543      9.24e-01    9.75e-01      1.41e-03    1.40e-03      1.12e-01    1.18e-01    6.7e-05
   7562      9.28e-01    9.49e-01      1.32e-03    1.18e-03      1.12e-01    1.15e-01    6.7e-05
   7581      9.32e-01    9.95e-01      1.10e-03    1.47e-03      1.13e-01    1.20e-01    6.7e-05
   7600      9.28e-01    9.51e-01      1.33e-03    1.17e-03      1.12e-01    1.15e-01    6.7e-05
   7619      9.29e-01    9.64e-01      8.44e-04    1.44e-03      1.13e-01    1.17e-01    6.7e-05
   7638      9.37e-01    9.59e-01      1.45e-03    1.51e-03      1.14e-01    1.16e-01    6.7e-05
   7657      9.20e-01    9.63e-01      1.18e-03    1.40e-03      1.11e-01    1.17e-01    6.7e-05
   7676      9.42e-01    9.75e-01      6.66e-04    1.69e-03      1.14e-01    1.18e-01    6.7e-05
   7695      9.17e-01    9.61e-01      1.45e-03    1.35e-03      1.11e-01    1.16e-01    6.7e-05
   7714      9.15e-01    9.34e-01      1.43e-03    1.04e-03      1.11e-01    1.13e-01    6.7e-05
   7733      9.55e-01    9.86e-01      7.01e-04    1.35e-03      1.16e-01    1.19e-01    6.7e-05
   7752      9.24e-01    9.76e-01      1.21e-03    1.91e-03      1.12e-01    1.18e-01    6.7e-05
   7771      8.90e-01    9.53e-01      7.89e-04    1.15e-03      1.08e-01    1.15e-01    6.7e-05
   7790      9.60e-01    9.70e-01      1.61e-03    1.11e-03      1.16e-01    1.17e-01    6.7e-05
   7809      9.12e-01    9.74e-01      1.22e-03    1.15e-03      1.10e-01    1.18e-01    6.7e-05
   7828      9.04e-01    9.49e-01      8.49e-04    1.10e-03      1.09e-01    1.15e-01    6.7e-05
   7847      9.54e-01    9.73e-01      1.60e-03    1.29e-03      1.16e-01    1.18e-01    6.7e-05
   7866      9.28e-01    9.78e-01      1.25e-03    1.44e-03      1.12e-01    1.18e-01    6.7e-05
   7885      9.39e-01    1.01e+00      1.21e-03    1.74e-03      1.14e-01    1.23e-01    6.7e-05
   7904      9.20e-01    9.60e-01      1.22e-03    1.36e-03      1.11e-01    1.16e-01    6.7e-05
   7923      9.79e-01    9.48e-01      8.93e-04    9.68e-04      1.19e-01    1.15e-01    6.7e-05
   7942      8.99e-01    9.71e-01      1.07e-03    1.28e-03      1.09e-01    1.18e-01    6.7e-05
   7961      9.11e-01    9.93e-01      1.65e-03    1.38e-03      1.10e-01    1.20e-01    6.7e-05
   7980      9.56e-01    9.58e-01      1.62e-03    1.29e-03      1.16e-01    1.16e-01    6.7e-05
   7999      8.79e-01    9.52e-01      1.85e-03    2.31e-03      1.06e-01    1.15e-01    6.7e-05
   8018      9.49e-01    1.00e+00      1.56e-03    1.55e-03      1.15e-01    1.22e-01    6.7e-05
   8037      9.30e-01    9.74e-01      1.39e-03    1.39e-03      1.13e-01    1.18e-01    6.7e-05
   8056      9.26e-01    9.65e-01      9.14e-04    1.25e-03      1.12e-01    1.17e-01    6.7e-05
   8075      9.34e-01    9.63e-01      1.12e-03    1.16e-03      1.13e-01    1.17e-01    6.7e-05
   8094      9.40e-01    1.01e+00      1.37e-03    1.35e-03      1.14e-01    1.22e-01    6.7e-05
   8113      9.15e-01    9.57e-01      1.63e-03    1.72e-03      1.11e-01    1.16e-01    6.7e-05
   8132      9.43e-01    9.65e-01      1.53e-03    1.39e-03      1.14e-01    1.17e-01    6.7e-05
   8151      9.26e-01    9.59e-01      1.47e-03    1.33e-03      1.12e-01    1.16e-01    6.7e-05
   8170      9.33e-01    9.85e-01      1.35e-03    1.63e-03      1.13e-01    1.19e-01    6.7e-05
   8189      9.07e-01    9.70e-01      1.18e-03    1.18e-03      1.10e-01    1.17e-01    6.7e-05
   8208      9.58e-01    9.63e-01      1.18e-03    1.27e-03      1.16e-01    1.17e-01    6.7e-05
   8227      8.78e-01    9.59e-01      1.51e-03    1.25e-03      1.06e-01    1.16e-01    6.7e-05
   8246      9.19e-01    9.62e-01      2.72e-03    2.76e-03      1.11e-01    1.16e-01    6.7e-05
   8265      9.25e-01    9.52e-01      1.92e-03    1.56e-03      1.12e-01    1.15e-01    6.7e-05
   8284      9.24e-01    9.49e-01      1.48e-03    1.14e-03      1.12e-01    1.15e-01    6.7e-05
   8303      9.42e-01    9.66e-01      1.21e-03    1.50e-03      1.14e-01    1.17e-01    6.7e-05
   8322      9.60e-01    9.47e-01      1.48e-03    1.61e-03      1.16e-01    1.15e-01    6.7e-05
   8341      9.43e-01    9.53e-01      1.13e-03    1.30e-03      1.14e-01    1.15e-01    6.7e-05
   8360      8.86e-01    1.02e+00      1.12e-03    1.32e-03      1.07e-01    1.23e-01    6.7e-05
   8379      9.27e-01    9.74e-01      1.23e-03    1.38e-03      1.12e-01    1.18e-01    6.7e-05
   8398      9.42e-01    9.58e-01      1.21e-03    1.33e-03      1.14e-01    1.16e-01    6.7e-05
   8417      9.13e-01    9.88e-01      1.29e-03    1.49e-03      1.11e-01    1.20e-01    6.7e-05
   8436      9.33e-01    9.48e-01      6.93e-04    1.25e-03      1.13e-01    1.15e-01    6.7e-05
   8455      9.34e-01    9.51e-01      1.22e-03    1.17e-03      1.13e-01    1.15e-01    6.7e-05
   8474      9.12e-01    9.98e-01      1.48e-03    1.64e-03      1.10e-01    1.21e-01    6.7e-05
   8493      8.99e-01    1.02e+00      1.63e-03    1.82e-03      1.09e-01    1.23e-01    6.7e-05
   8512      9.95e-01    9.64e-01      1.19e-03    1.26e-03      1.20e-01    1.17e-01    6.7e-05
   8531      8.79e-01    9.52e-01      1.19e-03    1.50e-03      1.06e-01    1.15e-01    6.7e-05
   8550      9.40e-01    1.00e+00      9.84e-04    1.37e-03      1.14e-01    1.21e-01    6.7e-05
   8569      8.71e-01    9.98e-01      2.06e-03    2.34e-03      1.05e-01    1.21e-01    6.7e-05
   8588      9.71e-01    9.45e-01      1.49e-03    1.16e-03      1.18e-01    1.14e-01    6.7e-05
   8607      9.19e-01    9.56e-01      8.64e-04    1.24e-03      1.11e-01    1.16e-01    6.7e-05
   8626      9.13e-01    9.48e-01      1.20e-03    1.76e-03      1.11e-01    1.15e-01    6.7e-05
   8645      9.49e-01    9.74e-01      1.65e-03    1.47e-03      1.15e-01    1.18e-01    6.7e-05
   8664      9.14e-01    9.65e-01      1.72e-03    1.36e-03      1.11e-01    1.17e-01    6.7e-05
   8683      9.09e-01    9.50e-01      1.52e-03    1.81e-03      1.10e-01    1.15e-01    6.7e-05
   8702      9.62e-01    1.01e+00      1.20e-03    1.46e-03      1.16e-01    1.22e-01    6.7e-05
   8721      9.80e-01    9.98e-01      1.04e-03    1.20e-03      1.19e-01    1.21e-01    6.7e-05
   8740      8.91e-01    9.65e-01      1.57e-03    1.46e-03      1.08e-01    1.17e-01    6.7e-05
   8759      9.11e-01    9.50e-01      2.73e-03    2.94e-03      1.10e-01    1.15e-01    6.7e-05
   8778      9.25e-01    9.41e-01      1.31e-03    1.33e-03      1.12e-01    1.14e-01    6.7e-05
   8797      9.02e-01    9.91e-01      1.28e-03    1.37e-03      1.09e-01    1.20e-01    6.7e-05
   8816      9.49e-01    9.90e-01      1.13e-03    1.52e-03      1.15e-01    1.20e-01    6.7e-05
   8835      9.37e-01    9.49e-01      1.18e-03    1.26e-03      1.14e-01    1.15e-01    6.7e-05
   8854      9.54e-01    9.59e-01      1.96e-03    1.41e-03      1.16e-01    1.16e-01    6.7e-05
   8873      8.89e-01    9.75e-01      1.95e-03    2.32e-03      1.08e-01    1.18e-01    6.7e-05
   8892      9.34e-01    1.00e+00      1.25e-03    1.72e-03      1.13e-01    1.21e-01    6.7e-05
   8911      9.25e-01    9.84e-01      3.01e-03    2.85e-03      1.12e-01    1.19e-01    6.7e-05
   8930      9.25e-01    9.82e-01      2.20e-03    2.07e-03      1.12e-01    1.19e-01    6.7e-05
   8949      9.06e-01    9.50e-01      1.28e-03    1.37e-03      1.10e-01    1.15e-01    6.7e-05
   8968      9.47e-01    9.91e-01      1.48e-03    1.69e-03      1.15e-01    1.20e-01    6.7e-05
   8987      9.28e-01    9.58e-01      1.04e-03    1.45e-03      1.12e-01    1.16e-01    6.7e-05
   9006      8.96e-01    9.95e-01      8.66e-04    1.26e-03      1.09e-01    1.21e-01    6.7e-05
   9025      9.57e-01    9.47e-01      1.82e-03    1.73e-03      1.16e-01    1.15e-01    6.7e-05
   9044      9.29e-01    9.81e-01      1.69e-03    1.68e-03      1.12e-01    1.19e-01    6.7e-05
   9063      8.54e-01    9.86e-01      1.61e-03    1.83e-03      1.03e-01    1.19e-01    6.7e-05
   9082      9.23e-01    9.42e-01      2.65e-03    2.47e-03      1.12e-01    1.14e-01    6.7e-05
   9101      1.00e+00    9.54e-01      1.34e-03    1.81e-03      1.21e-01    1.16e-01    6.7e-05
   9120      9.58e-01    9.53e-01      1.80e-03    2.06e-03      1.16e-01    1.15e-01    6.7e-05
   9139      9.21e-01    9.45e-01      1.56e-03    1.41e-03      1.11e-01    1.14e-01    6.7e-05
   9158      8.98e-01    9.84e-01      1.80e-03    2.21e-03      1.09e-01    1.19e-01    6.7e-05
   9177      8.83e-01    9.78e-01      1.51e-03    1.71e-03      1.07e-01    1.18e-01    6.7e-05
   9196      9.41e-01    9.98e-01      1.83e-03    1.92e-03      1.14e-01    1.21e-01    6.7e-05
   9215      9.40e-01    9.51e-01      1.14e-03    1.68e-03      1.14e-01    1.15e-01    6.7e-05
   9234      9.29e-01    9.75e-01      1.02e-03    1.12e-03      1.12e-01    1.18e-01    6.7e-05
   9253      9.10e-01    9.76e-01      2.37e-03    2.48e-03      1.10e-01    1.18e-01    6.7e-05
   9272      9.26e-01    9.71e-01      1.23e-03    1.23e-03      1.12e-01    1.18e-01    6.7e-05
   9291      9.20e-01    1.00e+00      1.28e-03    1.34e-03      1.11e-01    1.22e-01    6.7e-05
   9310      9.50e-01    9.62e-01      1.66e-03    1.72e-03      1.15e-01    1.16e-01    6.7e-05
   9329      8.98e-01    9.75e-01      1.09e-03    1.41e-03      1.09e-01    1.18e-01    6.7e-05
   9348      9.11e-01    9.43e-01      1.27e-03    1.14e-03      1.10e-01    1.14e-01    6.7e-05
   9367      8.98e-01    9.81e-01      1.11e-03    1.29e-03      1.09e-01    1.19e-01    6.7e-05
   9386      9.62e-01    9.74e-01      1.81e-03    1.77e-03      1.16e-01    1.18e-01    6.7e-05
   9405      9.41e-01    9.57e-01      1.29e-03    1.48e-03      1.14e-01    1.16e-01    6.7e-05
   9424      9.27e-01    9.48e-01      1.93e-03    2.03e-03      1.12e-01    1.15e-01    6.7e-05
   9443      9.03e-01    9.42e-01      8.85e-04    1.19e-03      1.09e-01    1.14e-01    6.7e-05
   9462      9.43e-01    9.34e-01      1.57e-03    1.41e-03      1.14e-01    1.13e-01    6.7e-05
   9481      9.53e-01    9.25e-01      2.37e-03    2.16e-03      1.15e-01    1.12e-01    6.7e-05
   9500      8.79e-01    9.49e-01      7.97e-04    1.04e-03      1.06e-01    1.15e-01    6.7e-05
   9519      9.30e-01    9.17e-01      1.15e-03    1.17e-03      1.13e-01    1.11e-01    6.7e-05
   9538      9.22e-01    9.45e-01      1.64e-03    1.78e-03      1.12e-01    1.14e-01    6.7e-05
   9557      8.99e-01    9.58e-01      4.83e-03    4.79e-03      1.09e-01    1.16e-01    6.7e-05
   9576      8.73e-01    1.00e+00      1.18e-03    1.54e-03      1.06e-01    1.21e-01    6.7e-05
   9595      9.63e-01    9.84e-01      3.95e-03    3.84e-03      1.17e-01    1.19e-01    6.7e-05
   9614      9.41e-01    9.51e-01      1.61e-03    1.32e-03      1.14e-01    1.15e-01    6.7e-05
   9633      9.70e-01    9.57e-01      1.43e-03    1.31e-03      1.17e-01    1.16e-01    6.7e-05
   9652      8.97e-01    9.66e-01      9.79e-04    1.05e-03      1.09e-01    1.17e-01    6.7e-05
   9671      8.82e-01    9.76e-01      1.26e-03    1.42e-03      1.07e-01    1.18e-01    6.7e-05
   9690      9.33e-01    9.54e-01      1.28e-03    1.42e-03      1.13e-01    1.16e-01    6.7e-05
   9709      9.29e-01    9.28e-01      1.53e-03    1.41e-03      1.13e-01    1.12e-01    6.7e-05
   9728      9.06e-01    9.52e-01      1.49e-03    1.60e-03      1.10e-01    1.15e-01    6.7e-05
   9747      9.58e-01    9.47e-01      1.98e-03    2.20e-03      1.16e-01    1.15e-01    6.7e-05
   9766      9.06e-01    9.83e-01      1.47e-03    2.09e-03      1.10e-01    1.19e-01    6.7e-05
   9785      9.05e-01    9.63e-01      1.24e-03    1.30e-03      1.10e-01    1.17e-01    6.7e-05
   9804      8.88e-01    9.94e-01      1.67e-03    1.70e-03      1.07e-01    1.20e-01    6.7e-05
   9823      9.11e-01    9.52e-01      1.24e-03    1.56e-03      1.10e-01    1.15e-01    6.7e-05
   9842      9.71e-01    9.31e-01      2.87e-03    2.85e-03      1.17e-01    1.13e-01    6.7e-05
   9861      9.36e-01    9.65e-01      9.51e-04    1.42e-03      1.13e-01    1.17e-01    6.7e-05
   9880      9.26e-01    9.51e-01      1.70e-03    1.68e-03      1.12e-01    1.15e-01    6.7e-05
   9899      9.15e-01    1.01e+00      3.52e-03    3.46e-03      1.11e-01    1.22e-01    6.7e-05
   9918      8.94e-01    9.50e-01      1.12e-03    1.59e-03      1.08e-01    1.15e-01    6.7e-05
   9937      9.28e-01    9.44e-01      1.56e-03    1.38e-03      1.12e-01    1.14e-01    6.7e-05
   9956      9.46e-01    1.02e+00      5.63e-03    5.48e-03      1.14e-01    1.24e-01    6.7e-05
   9975      9.28e-01    9.61e-01      1.56e-03    1.71e-03      1.12e-01    1.16e-01    6.7e-05
   9994      9.63e-01    1.00e+00      2.79e-03    2.50e-03      1.17e-01    1.21e-01    6.7e-05
  10013      2.53e-01    2.66e-01      7.99e-04    1.59e-03      1.08e-01    1.13e-01    4.5e-06
  10032      2.65e-01    2.64e-01      1.25e-03    1.10e-03      1.13e-01    1.12e-01    4.5e-06
  10051      2.65e-01    2.73e-01      1.05e-03    1.17e-03      1.13e-01    1.16e-01    4.5e-06
  10070      2.64e-01    2.75e-01      1.11e-03    1.35e-03      1.12e-01    1.17e-01    4.5e-06
  10089      2.59e-01    2.66e-01      1.19e-03    1.43e-03      1.10e-01    1.13e-01    4.5e-06
  10108      2.60e-01    2.75e-01      1.22e-03    1.42e-03      1.11e-01    1.17e-01    4.5e-06
  10127      2.74e-01    2.70e-01      9.42e-04    1.11e-03      1.17e-01    1.15e-01    4.5e-06
  10146      2.61e-01    2.78e-01      1.24e-03    1.20e-03      1.11e-01    1.18e-01    4.5e-06
  10165      2.70e-01    2.63e-01      1.05e-03    1.09e-03      1.15e-01    1.12e-01    4.5e-06
  10184      2.53e-01    2.70e-01      1.07e-03    1.21e-03      1.07e-01    1.15e-01    4.5e-06
  10203      2.67e-01    2.75e-01      1.29e-03    1.13e-03      1.14e-01    1.17e-01    4.5e-06
  10222      2.53e-01    2.76e-01      1.26e-03    1.13e-03      1.07e-01    1.17e-01    4.5e-06
  10241      2.68e-01    2.74e-01      8.03e-04    1.19e-03      1.14e-01    1.17e-01    4.5e-06
  10260      2.70e-01    2.79e-01      1.41e-03    1.50e-03      1.15e-01    1.19e-01    4.5e-06
  10279      2.63e-01    2.80e-01      8.83e-04    1.41e-03      1.12e-01    1.19e-01    4.5e-06
  10298      2.54e-01    2.76e-01      1.27e-03    1.35e-03      1.08e-01    1.18e-01    4.5e-06
  10317      2.57e-01    2.59e-01      1.51e-03    1.15e-03      1.09e-01    1.10e-01    4.5e-06
  10336      2.63e-01    2.75e-01      1.03e-03    1.29e-03      1.12e-01    1.17e-01    4.5e-06
  10355      2.69e-01    2.70e-01      7.39e-04    1.32e-03      1.15e-01    1.15e-01    4.5e-06
  10374      2.63e-01    2.66e-01      1.03e-03    1.20e-03      1.12e-01    1.13e-01    4.5e-06
  10393      2.70e-01    2.75e-01      1.00e-03    1.40e-03      1.15e-01    1.17e-01    4.5e-06
  10412      2.54e-01    2.79e-01      1.26e-03    1.21e-03      1.08e-01    1.18e-01    4.5e-06
  10431      2.66e-01    2.69e-01      1.19e-03    1.22e-03      1.13e-01    1.14e-01    4.5e-06
  10450      2.53e-01    2.68e-01      8.22e-04    1.17e-03      1.08e-01    1.14e-01    4.5e-06
  10469      2.69e-01    2.71e-01      1.33e-03    1.24e-03      1.14e-01    1.15e-01    4.5e-06
  10488      2.63e-01    2.72e-01      1.16e-03    1.24e-03      1.12e-01    1.16e-01    4.5e-06
  10507      2.60e-01    2.82e-01      1.35e-03    1.23e-03      1.11e-01    1.20e-01    4.5e-06
  10526      2.69e-01    2.72e-01      8.17e-04    1.31e-03      1.14e-01    1.16e-01    4.5e-06
  10545      2.45e-01    2.72e-01      1.48e-03    1.18e-03      1.04e-01    1.16e-01    4.5e-06
  10564      2.82e-01    2.83e-01      9.68e-04    1.54e-03      1.20e-01    1.20e-01    4.5e-06
  10583      2.60e-01    2.75e-01      5.73e-04    1.28e-03      1.11e-01    1.17e-01    4.5e-06
  10602      2.62e-01    2.89e-01      1.21e-03    1.52e-03      1.11e-01    1.23e-01    4.5e-06
  10621      2.59e-01    2.70e-01      1.11e-03    1.15e-03      1.10e-01    1.15e-01    4.5e-06
  10640      2.68e-01    2.79e-01      1.34e-03    1.16e-03      1.14e-01    1.18e-01    4.5e-06
  10659      2.57e-01    2.82e-01      1.19e-03    1.19e-03      1.09e-01    1.20e-01    4.5e-06
  10678      2.57e-01    2.83e-01      1.23e-03    1.34e-03      1.09e-01    1.20e-01    4.5e-06
  10697      2.74e-01    2.75e-01      8.26e-04    1.29e-03      1.17e-01    1.17e-01    4.5e-06
  10716      2.66e-01    2.84e-01      1.00e-03    1.45e-03      1.13e-01    1.21e-01    4.5e-06
  10735      2.61e-01    2.75e-01      1.06e-03    1.35e-03      1.11e-01    1.17e-01    4.5e-06
  10754      2.62e-01    2.71e-01      1.36e-03    1.34e-03      1.11e-01    1.15e-01    4.5e-06
  10773      2.49e-01    2.66e-01      1.34e-03    1.24e-03      1.06e-01    1.13e-01    4.5e-06
  10792      2.68e-01    2.77e-01      1.23e-03    1.43e-03      1.14e-01    1.18e-01    4.5e-06
  10811      2.71e-01    2.79e-01      7.28e-04    1.33e-03      1.15e-01    1.19e-01    4.5e-06
  10830      2.65e-01    2.68e-01      9.25e-04    1.23e-03      1.13e-01    1.14e-01    4.5e-06
  10849      2.63e-01    2.75e-01      1.52e-03    1.46e-03      1.12e-01    1.17e-01    4.5e-06
  10868      2.59e-01    2.80e-01      6.80e-04    1.30e-03      1.10e-01    1.19e-01    4.5e-06
  10887      2.59e-01    2.67e-01      1.10e-03    1.21e-03      1.10e-01    1.14e-01    4.5e-06
  10906      2.67e-01    2.64e-01      1.27e-03    1.31e-03      1.14e-01    1.12e-01    4.5e-06
  10925      2.65e-01    2.60e-01      1.03e-03    1.30e-03      1.13e-01    1.11e-01    4.5e-06
  10944      2.62e-01    2.71e-01      1.07e-03    9.51e-04      1.11e-01    1.15e-01    4.5e-06
  10963      2.70e-01    2.86e-01      1.05e-03    1.33e-03      1.15e-01    1.22e-01    4.5e-06
  10982      2.58e-01    2.70e-01      1.27e-03    1.20e-03      1.10e-01    1.15e-01    4.5e-06
  11001      2.60e-01    2.75e-01      1.15e-03    1.22e-03      1.11e-01    1.17e-01    4.5e-06
  11020      2.47e-01    2.82e-01      1.13e-03    1.17e-03      1.05e-01    1.20e-01    4.5e-06
  11039      2.79e-01    2.62e-01      1.17e-03    1.36e-03      1.19e-01    1.11e-01    4.5e-06
  11058      2.53e-01    2.88e-01      1.01e-03    1.49e-03      1.07e-01    1.22e-01    4.5e-06
  11077      2.72e-01    2.65e-01      1.44e-03    1.44e-03      1.16e-01    1.12e-01    4.5e-06
  11096      2.68e-01    2.67e-01      8.97e-04    1.19e-03      1.14e-01    1.14e-01    4.5e-06
  11115      2.61e-01    2.74e-01      9.49e-04    1.39e-03      1.11e-01    1.16e-01    4.5e-06
  11134      2.63e-01    2.79e-01      1.03e-03    1.05e-03      1.12e-01    1.19e-01    4.5e-06
  11153      2.67e-01    2.69e-01      1.39e-03    1.34e-03      1.13e-01    1.14e-01    4.5e-06
  11172      2.54e-01    2.82e-01      1.19e-03    1.34e-03      1.08e-01    1.20e-01    4.5e-06
  11191      2.71e-01    2.82e-01      1.10e-03    1.53e-03      1.15e-01    1.20e-01    4.5e-06
  11210      2.65e-01    2.71e-01      1.02e-03    1.23e-03      1.13e-01    1.15e-01    4.5e-06
  11229      2.74e-01    2.74e-01      9.05e-04    1.56e-03      1.17e-01    1.16e-01    4.5e-06
  11248      2.54e-01    2.69e-01      9.92e-04    1.06e-03      1.08e-01    1.15e-01    4.5e-06
  11267      2.62e-01    2.75e-01      1.34e-03    1.25e-03      1.11e-01    1.17e-01    4.5e-06
  11286      2.60e-01    2.67e-01      8.69e-04    1.34e-03      1.11e-01    1.14e-01    4.5e-06
  11305      2.70e-01    2.78e-01      1.50e-03    1.21e-03      1.15e-01    1.18e-01    4.5e-06
  11324      2.55e-01    2.77e-01      1.04e-03    1.18e-03      1.09e-01    1.18e-01    4.5e-06
  11343      2.70e-01    2.82e-01      9.57e-04    1.41e-03      1.15e-01    1.20e-01    4.5e-06
  11362      2.66e-01    2.70e-01      1.31e-03    1.24e-03      1.13e-01    1.15e-01    4.5e-06
  11381      2.53e-01    2.70e-01      9.42e-04    1.11e-03      1.08e-01    1.15e-01    4.5e-06
  11400      2.72e-01    2.72e-01      1.59e-03    1.30e-03      1.16e-01    1.16e-01    4.5e-06
  11419      2.52e-01    2.67e-01      8.82e-04    1.32e-03      1.07e-01    1.13e-01    4.5e-06
  11438      2.63e-01    2.71e-01      8.90e-04    1.21e-03      1.12e-01    1.15e-01    4.5e-06
  11457      2.56e-01    2.79e-01      8.71e-04    1.22e-03      1.09e-01    1.19e-01    4.5e-06
  11476      2.63e-01    2.81e-01      7.75e-04    1.25e-03      1.12e-01    1.19e-01    4.5e-06
  11495      2.67e-01    2.68e-01      1.47e-03    1.39e-03      1.13e-01    1.14e-01    4.5e-06
  11514      2.59e-01    2.60e-01      8.67e-04    1.11e-03      1.10e-01    1.11e-01    4.5e-06
  11533      2.67e-01    2.70e-01      1.39e-03    1.53e-03      1.13e-01    1.15e-01    4.5e-06
  11552      2.65e-01    2.69e-01      1.16e-03    1.49e-03      1.13e-01    1.15e-01    4.5e-06
  11571      2.54e-01    2.69e-01      1.26e-03    1.28e-03      1.08e-01    1.15e-01    4.5e-06
  11590      2.62e-01    2.76e-01      1.07e-03    1.51e-03      1.11e-01    1.17e-01    4.5e-06
  11609      2.71e-01    2.73e-01      1.02e-03    1.26e-03      1.15e-01    1.16e-01    4.5e-06
  11628      2.56e-01    2.79e-01      1.31e-03    1.24e-03      1.09e-01    1.19e-01    4.5e-06
  11647      2.70e-01    2.61e-01      1.31e-03    1.47e-03      1.15e-01    1.11e-01    4.5e-06
  11666      2.63e-01    2.64e-01      8.42e-04    1.35e-03      1.12e-01    1.12e-01    4.5e-06
  11685      2.62e-01    2.68e-01      1.35e-03    1.29e-03      1.12e-01    1.14e-01    4.5e-06
  11704      2.70e-01    2.72e-01      1.35e-03    1.36e-03      1.15e-01    1.16e-01    4.5e-06
  11723      2.56e-01    2.73e-01      9.34e-04    1.15e-03      1.09e-01    1.16e-01    4.5e-06
  11742      2.62e-01    2.75e-01      1.03e-03    1.17e-03      1.11e-01    1.17e-01    4.5e-06
  11761      2.63e-01    2.73e-01      9.94e-04    1.31e-03      1.12e-01    1.16e-01    4.5e-06
  11780      2.59e-01    2.84e-01      1.34e-03    1.44e-03      1.10e-01    1.21e-01    4.5e-06
  11799      2.52e-01    2.88e-01      5.36e-04    1.47e-03      1.07e-01    1.22e-01    4.5e-06
  11818      2.69e-01    2.76e-01      1.31e-03    1.34e-03      1.14e-01    1.17e-01    4.5e-06
  11837      2.69e-01    2.69e-01      1.31e-03    1.33e-03      1.14e-01    1.14e-01    4.5e-06
  11856      2.54e-01    2.70e-01      1.53e-03    1.36e-03      1.08e-01    1.15e-01    4.5e-06
  11875      2.65e-01    2.80e-01      7.88e-04    1.42e-03      1.13e-01    1.19e-01    4.5e-06
  11894      2.65e-01    2.72e-01      7.29e-04    1.03e-03      1.13e-01    1.16e-01    4.5e-06
  11913      2.66e-01    2.81e-01      1.29e-03    1.12e-03      1.13e-01    1.19e-01    4.5e-06
  11932      2.62e-01    2.74e-01      1.35e-03    1.25e-03      1.12e-01    1.17e-01    4.5e-06
  11951      2.62e-01    2.88e-01      8.44e-04    1.27e-03      1.12e-01    1.22e-01    4.5e-06
  11970      2.70e-01    2.83e-01      1.30e-03    1.14e-03      1.15e-01    1.20e-01    4.5e-06
  11989      2.57e-01    2.73e-01      1.18e-03    1.21e-03      1.09e-01    1.16e-01    4.5e-06
  12008      2.63e-01    2.80e-01      8.45e-04    1.26e-03      1.12e-01    1.19e-01    4.5e-06
  12027      2.69e-01    2.67e-01      1.50e-03    1.36e-03      1.14e-01    1.14e-01    4.5e-06
  12046      2.44e-01    2.76e-01      7.54e-04    1.15e-03      1.04e-01    1.18e-01    4.5e-06
  12065      2.75e-01    2.75e-01      1.28e-03    1.40e-03      1.17e-01    1.17e-01    4.5e-06
  12084      2.57e-01    2.75e-01      1.34e-03    1.20e-03      1.09e-01    1.17e-01    4.5e-06
  12103      2.57e-01    2.85e-01      6.44e-04    1.39e-03      1.09e-01    1.21e-01    4.5e-06
  12122      2.76e-01    2.70e-01      1.34e-03    1.27e-03      1.18e-01    1.15e-01    4.5e-06
  12141      2.71e-01    2.70e-01      9.37e-04    1.30e-03      1.15e-01    1.15e-01    4.5e-06
  12160      2.52e-01    2.73e-01      1.49e-03    1.33e-03      1.07e-01    1.16e-01    4.5e-06
  12179      2.64e-01    2.81e-01      1.21e-03    1.20e-03      1.12e-01    1.19e-01    4.5e-06
  12198      2.61e-01    2.78e-01      1.14e-03    1.24e-03      1.11e-01    1.18e-01    4.5e-06
  12217      2.58e-01    2.69e-01      1.40e-03    1.19e-03      1.10e-01    1.14e-01    4.5e-06
  12236      2.72e-01    2.76e-01      7.97e-04    1.24e-03      1.16e-01    1.17e-01    4.5e-06
  12255      2.49e-01    2.77e-01      1.22e-03    1.62e-03      1.06e-01    1.18e-01    4.5e-06
  12274      2.64e-01    2.63e-01      1.31e-03    1.20e-03      1.12e-01    1.12e-01    4.5e-06
  12293      2.77e-01    2.63e-01      8.74e-04    1.44e-03      1.18e-01    1.12e-01    4.5e-06
  12312      2.71e-01    2.79e-01      1.19e-03    1.29e-03      1.15e-01    1.18e-01    4.5e-06
  12331      2.56e-01    2.68e-01      1.15e-03    1.22e-03      1.09e-01    1.14e-01    4.5e-06
  12350      2.62e-01    2.85e-01      1.15e-03    1.58e-03      1.11e-01    1.21e-01    4.5e-06
  12369      2.60e-01    2.81e-01      6.22e-04    1.49e-03      1.10e-01    1.19e-01    4.5e-06
  12388      2.61e-01    2.74e-01      1.29e-03    1.14e-03      1.11e-01    1.17e-01    4.5e-06
  12407      2.72e-01    2.81e-01      1.27e-03    1.30e-03      1.16e-01    1.20e-01    4.5e-06
  12426      2.57e-01    2.64e-01      1.40e-03    1.06e-03      1.09e-01    1.12e-01    4.5e-06
  12445      2.72e-01    2.71e-01      1.09e-03    1.19e-03      1.16e-01    1.15e-01    4.5e-06
  12464      2.63e-01    2.74e-01      9.69e-04    1.17e-03      1.12e-01    1.17e-01    4.5e-06
  12483      2.56e-01    2.79e-01      1.31e-03    1.16e-03      1.09e-01    1.19e-01    4.5e-06
  12502      2.67e-01    2.72e-01      1.11e-03    1.14e-03      1.14e-01    1.16e-01    4.5e-06
  12521      2.59e-01    2.77e-01      9.08e-04    1.18e-03      1.10e-01    1.18e-01    4.5e-06
  12540      2.56e-01    2.68e-01      9.54e-04    1.26e-03      1.09e-01    1.14e-01    4.5e-06
  12559      2.66e-01    2.66e-01      1.38e-03    1.39e-03      1.13e-01    1.13e-01    4.5e-06
  12578      2.63e-01    2.73e-01      1.14e-03    1.32e-03      1.12e-01    1.16e-01    4.5e-06
  12597      2.65e-01    2.72e-01      9.76e-04    1.07e-03      1.13e-01    1.16e-01    4.5e-06
  12616      2.70e-01    2.61e-01      1.36e-03    1.13e-03      1.15e-01    1.11e-01    4.5e-06
  12635      2.55e-01    2.65e-01      1.04e-03    1.19e-03      1.09e-01    1.13e-01    4.5e-06
  12654      2.66e-01    2.68e-01      1.19e-03    1.10e-03      1.13e-01    1.14e-01    4.5e-06
  12673      2.64e-01    2.67e-01      9.77e-04    1.19e-03      1.12e-01    1.14e-01    4.5e-06
  12692      2.64e-01    2.77e-01      1.23e-03    1.34e-03      1.12e-01    1.18e-01    4.5e-06
  12711      2.70e-01    2.71e-01      1.37e-03    1.41e-03      1.15e-01    1.15e-01    4.5e-06
  12730      2.61e-01    2.72e-01      1.08e-03    1.40e-03      1.11e-01    1.16e-01    4.5e-06
  12749      2.60e-01    2.73e-01      8.14e-04    1.29e-03      1.11e-01    1.16e-01    4.5e-06
  12768      2.55e-01    2.75e-01      7.26e-04    1.68e-03      1.09e-01    1.17e-01    4.5e-06
  12787      2.50e-01    2.73e-01      9.54e-04    1.34e-03      1.06e-01    1.16e-01    4.5e-06
  12806      2.82e-01    2.88e-01      1.46e-03    1.34e-03      1.20e-01    1.22e-01    4.5e-06
  12825      2.63e-01    2.85e-01      1.07e-03    1.68e-03      1.12e-01    1.21e-01    4.5e-06
  12844      2.53e-01    2.73e-01      1.40e-03    1.18e-03      1.07e-01    1.16e-01    4.5e-06
  12863      2.72e-01    2.73e-01      1.28e-03    1.31e-03      1.16e-01    1.16e-01    4.5e-06
  12882      2.61e-01    2.74e-01      1.26e-03    1.45e-03      1.11e-01    1.16e-01    4.5e-06
  12901      2.65e-01    2.81e-01      1.14e-03    1.51e-03      1.13e-01    1.19e-01    4.5e-06
  12920      2.64e-01    2.69e-01      1.23e-03    1.38e-03      1.12e-01    1.14e-01    4.5e-06
  12939      2.60e-01    2.69e-01      9.64e-04    1.30e-03      1.11e-01    1.14e-01    4.5e-06
  12958      2.61e-01    2.74e-01      1.38e-03    1.26e-03      1.11e-01    1.16e-01    4.5e-06
  12977      2.69e-01    2.71e-01      1.02e-03    1.15e-03      1.14e-01    1.15e-01    4.5e-06
  12996      2.58e-01    2.73e-01      8.94e-04    1.34e-03      1.10e-01    1.16e-01    4.5e-06
  13015      2.55e-01    2.81e-01      1.42e-03    1.90e-03      1.08e-01    1.19e-01    4.5e-06
  13034      2.78e-01    2.77e-01      1.30e-03    1.33e-03      1.18e-01    1.18e-01    4.5e-06
  13053      2.64e-01    2.84e-01      1.26e-03    1.48e-03      1.12e-01    1.21e-01    4.5e-06
  13072      2.52e-01    2.91e-01      1.03e-03    1.24e-03      1.07e-01    1.24e-01    4.5e-06
  13091      2.75e-01    2.75e-01      1.11e-03    1.36e-03      1.17e-01    1.17e-01    4.5e-06
  13110      2.65e-01    2.74e-01      1.10e-03    1.08e-03      1.13e-01    1.17e-01    4.5e-06
  13129      2.61e-01    2.80e-01      1.19e-03    1.28e-03      1.11e-01    1.19e-01    4.5e-06
  13148      2.64e-01    2.75e-01      1.17e-03    1.22e-03      1.12e-01    1.17e-01    4.5e-06
  13167      2.57e-01    2.76e-01      1.44e-03    1.62e-03      1.09e-01    1.18e-01    4.5e-06
  13186      2.72e-01    2.78e-01      1.07e-03    1.35e-03      1.16e-01    1.18e-01    4.5e-06
  13205      2.62e-01    2.80e-01      1.12e-03    1.23e-03      1.11e-01    1.19e-01    4.5e-06
  13224      2.47e-01    2.81e-01      1.32e-03    1.29e-03      1.05e-01    1.20e-01    4.5e-06
  13243      2.65e-01    2.88e-01      1.30e-03    1.18e-03      1.13e-01    1.23e-01    4.5e-06
  13262      2.78e-01    2.83e-01      1.37e-03    1.68e-03      1.18e-01    1.20e-01    4.5e-06
  13281      2.52e-01    2.79e-01      1.31e-03    1.55e-03      1.07e-01    1.19e-01    4.5e-06
  13300      2.68e-01    2.90e-01      1.42e-03    1.55e-03      1.14e-01    1.23e-01    4.5e-06
  13319      2.63e-01    2.87e-01      9.09e-04    1.58e-03      1.12e-01    1.22e-01    4.5e-06
  13338      2.59e-01    2.69e-01      1.05e-03    1.45e-03      1.10e-01    1.14e-01    4.5e-06
  13357      2.63e-01    2.80e-01      1.06e-03    1.49e-03      1.12e-01    1.19e-01    4.5e-06
  13376      2.68e-01    2.82e-01      1.36e-03    1.25e-03      1.14e-01    1.20e-01    4.5e-06
  13395      2.70e-01    2.73e-01      1.11e-03    1.16e-03      1.15e-01    1.16e-01    4.5e-06
  13414      2.62e-01    2.72e-01      1.21e-03    1.44e-03      1.11e-01    1.16e-01    4.5e-06
  13433      2.56e-01    2.80e-01      1.38e-03    1.29e-03      1.09e-01    1.19e-01    4.5e-06
  13452      2.56e-01    2.75e-01      7.86e-04    1.54e-03      1.09e-01    1.17e-01    4.5e-06
  13471      2.76e-01    2.83e-01      1.23e-03    1.43e-03      1.17e-01    1.20e-01    4.5e-06
  13490      2.56e-01    2.69e-01      1.06e-03    1.48e-03      1.09e-01    1.14e-01    4.5e-06
  13509      2.70e-01    2.82e-01      9.57e-04    1.30e-03      1.15e-01    1.20e-01    4.5e-06
  13528      2.67e-01    2.65e-01      9.44e-04    1.14e-03      1.14e-01    1.13e-01    4.5e-06
  13547      2.53e-01    2.78e-01      1.47e-03    1.78e-03      1.08e-01    1.18e-01    4.5e-06
  13566      2.75e-01    2.80e-01      1.28e-03    1.36e-03      1.17e-01    1.19e-01    4.5e-06
  13585      2.55e-01    2.78e-01      7.06e-04    1.40e-03      1.08e-01    1.18e-01    4.5e-06
  13604      2.53e-01    2.68e-01      1.18e-03    1.19e-03      1.07e-01    1.14e-01    4.5e-06
  13623      2.61e-01    2.81e-01      1.08e-03    1.17e-03      1.11e-01    1.20e-01    4.5e-06
  13642      2.62e-01    2.71e-01      8.48e-04    1.43e-03      1.12e-01    1.15e-01    4.5e-06
  13661      2.64e-01    2.73e-01      1.12e-03    1.20e-03      1.12e-01    1.16e-01    4.5e-06
  13680      2.59e-01    2.76e-01      5.73e-04    1.23e-03      1.10e-01    1.17e-01    4.5e-06
  13699      2.66e-01    2.82e-01      1.04e-03    1.41e-03      1.13e-01    1.20e-01    4.5e-06
  13718      2.64e-01    2.81e-01      1.58e-03    1.25e-03      1.12e-01    1.19e-01    4.5e-06
  13737      2.74e-01    2.72e-01      1.36e-03    1.37e-03      1.16e-01    1.16e-01    4.5e-06
  13756      2.66e-01    2.64e-01      1.48e-03    1.47e-03      1.13e-01    1.12e-01    4.5e-06
  13775      2.51e-01    2.67e-01      1.05e-03    1.16e-03      1.07e-01    1.14e-01    4.5e-06
  13794      2.55e-01    2.79e-01      7.48e-04    1.36e-03      1.09e-01    1.19e-01    4.5e-06
  13813      2.62e-01    2.72e-01      1.46e-03    1.43e-03      1.11e-01    1.16e-01    4.5e-06
  13832      2.66e-01    2.69e-01      1.30e-03    1.28e-03      1.13e-01    1.14e-01    4.5e-06
  13851      2.66e-01    2.70e-01      1.39e-03    1.22e-03      1.13e-01    1.15e-01    4.5e-06
  13870      2.59e-01    2.77e-01      1.23e-03    1.28e-03      1.10e-01    1.18e-01    4.5e-06
  13889      2.58e-01    2.87e-01      4.56e-04    1.38e-03      1.10e-01    1.22e-01    4.5e-06
  13908      2.82e-01    2.69e-01      1.36e-03    1.32e-03      1.20e-01    1.14e-01    4.5e-06
  13927      2.55e-01    2.74e-01      9.76e-04    1.38e-03      1.09e-01    1.17e-01    4.5e-06
  13946      2.51e-01    2.71e-01      9.24e-04    1.24e-03      1.07e-01    1.15e-01    4.5e-06
  13965      2.56e-01    2.76e-01      1.35e-03    1.35e-03      1.09e-01    1.17e-01    4.5e-06
  13984      2.73e-01    2.72e-01      1.25e-03    1.44e-03      1.16e-01    1.15e-01    4.5e-06
  14003      2.52e-01    2.72e-01      9.18e-04    1.30e-03      1.07e-01    1.16e-01    4.5e-06
  14022      2.63e-01    2.84e-01      1.16e-03    1.58e-03      1.12e-01    1.21e-01    4.5e-06
  14041      2.64e-01    2.74e-01      1.30e-03    1.54e-03      1.12e-01    1.17e-01    4.5e-06
  14060      2.63e-01    2.89e-01      8.46e-04    1.39e-03      1.12e-01    1.23e-01    4.5e-06
  14079      2.64e-01    2.76e-01      8.81e-04    1.21e-03      1.12e-01    1.17e-01    4.5e-06
  14098      2.77e-01    2.76e-01      1.69e-03    1.24e-03      1.18e-01    1.17e-01    4.5e-06
  14117      2.48e-01    2.71e-01      1.59e-03    1.82e-03      1.05e-01    1.15e-01    4.5e-06
  14136      2.65e-01    2.80e-01      1.28e-03    1.34e-03      1.13e-01    1.19e-01    4.5e-06
  14155      2.69e-01    2.67e-01      1.03e-03    1.15e-03      1.14e-01    1.13e-01    4.5e-06
  14174      2.51e-01    2.74e-01      1.13e-03    1.40e-03      1.07e-01    1.17e-01    4.5e-06
  14193      2.68e-01    2.78e-01      1.13e-03    1.23e-03      1.14e-01    1.18e-01    4.5e-06
  14212      2.60e-01    2.87e-01      1.23e-03    1.35e-03      1.10e-01    1.22e-01    4.5e-06
  14231      2.62e-01    2.72e-01      1.03e-03    1.23e-03      1.11e-01    1.16e-01    4.5e-06
  14250      2.61e-01    2.61e-01      1.21e-03    1.34e-03      1.11e-01    1.11e-01    4.5e-06
  14269      2.70e-01    2.83e-01      1.40e-03    1.41e-03      1.15e-01    1.20e-01    4.5e-06
  14288      2.57e-01    2.83e-01      8.62e-04    1.34e-03      1.09e-01    1.20e-01    4.5e-06
  14307      2.68e-01    2.71e-01      1.43e-03    1.23e-03      1.14e-01    1.15e-01    4.5e-06
  14326      2.58e-01    2.80e-01      8.36e-04    1.53e-03      1.10e-01    1.19e-01    4.5e-06
  14345      2.64e-01    2.62e-01      1.15e-03    1.27e-03      1.12e-01    1.11e-01    4.5e-06
  14364      2.65e-01    2.68e-01      1.03e-03    1.26e-03      1.13e-01    1.14e-01    4.5e-06
  14383      2.63e-01    2.76e-01      1.27e-03    1.36e-03      1.12e-01    1.17e-01    4.5e-06
  14402      2.65e-01    2.83e-01      1.56e-03    1.70e-03      1.12e-01    1.20e-01    4.5e-06
  14421      2.69e-01    2.75e-01      9.89e-04    1.27e-03      1.14e-01    1.17e-01    4.5e-06
  14440      2.67e-01    2.72e-01      1.35e-03    1.22e-03      1.13e-01    1.16e-01    4.5e-06
  14459      2.56e-01    2.82e-01      1.06e-03    1.27e-03      1.09e-01    1.20e-01    4.5e-06
  14478      2.66e-01    2.83e-01      1.28e-03    1.41e-03      1.13e-01    1.20e-01    4.5e-06
  14497      2.66e-01    2.72e-01      1.09e-03    1.30e-03      1.13e-01    1.16e-01    4.5e-06
  14516      2.58e-01    2.75e-01      1.10e-03    1.32e-03      1.10e-01    1.17e-01    4.5e-06
  14535      2.67e-01    2.69e-01      1.32e-03    1.22e-03      1.14e-01    1.15e-01    4.5e-06
  14554      2.67e-01    2.68e-01      1.09e-03    1.10e-03      1.13e-01    1.14e-01    4.5e-06
  14573      2.56e-01    2.78e-01      9.98e-04    1.69e-03      1.09e-01    1.18e-01    4.5e-06
  14592      2.69e-01    2.78e-01      1.35e-03    1.36e-03      1.14e-01    1.18e-01    4.5e-06
  14611      2.57e-01    2.72e-01      1.38e-03    1.51e-03      1.09e-01    1.16e-01    4.5e-06
  14630      2.64e-01    2.79e-01      1.23e-03    1.38e-03      1.12e-01    1.19e-01    4.5e-06
  14649      2.71e-01    2.84e-01      1.44e-03    1.55e-03      1.15e-01    1.21e-01    4.5e-06
  14668      2.63e-01    2.85e-01      1.04e-03    1.43e-03      1.12e-01    1.21e-01    4.5e-06
  14687      2.58e-01    2.69e-01      1.32e-03    1.33e-03      1.10e-01    1.14e-01    4.5e-06
  14706      2.69e-01    2.78e-01      1.33e-03    1.41e-03      1.15e-01    1.18e-01    4.5e-06
  14725      2.61e-01    2.85e-01      7.18e-04    1.35e-03      1.11e-01    1.21e-01    4.5e-06
  14744      2.61e-01    2.72e-01      1.48e-03    1.25e-03      1.11e-01    1.16e-01    4.5e-06
  14763      2.73e-01    2.81e-01      9.16e-04    1.32e-03      1.16e-01    1.20e-01    4.5e-06
  14782      2.52e-01    2.73e-01      1.04e-03    1.26e-03      1.07e-01    1.16e-01    4.5e-06
  14801      2.60e-01    2.70e-01      1.36e-03    1.40e-03      1.10e-01    1.15e-01    4.5e-06
  14820      2.55e-01    2.89e-01      1.87e-03    1.57e-03      1.08e-01    1.23e-01    4.5e-06
  14839      2.59e-01    2.71e-01      9.06e-04    1.54e-03      1.10e-01    1.15e-01    4.5e-06
  14858      2.70e-01    2.76e-01      1.25e-03    1.49e-03      1.15e-01    1.17e-01    4.5e-06
  14877      2.64e-01    2.76e-01      9.12e-04    1.21e-03      1.12e-01    1.17e-01    4.5e-06
  14896      2.65e-01    2.82e-01      1.43e-03    1.32e-03      1.13e-01    1.20e-01    4.5e-06
  14915      2.63e-01    2.75e-01      1.05e-03    1.48e-03      1.12e-01    1.17e-01    4.5e-06
  14934      2.57e-01    2.79e-01      1.25e-03    1.35e-03      1.09e-01    1.19e-01    4.5e-06
  14953      2.62e-01    2.86e-01      1.37e-03    1.48e-03      1.11e-01    1.22e-01    4.5e-06
  14972      2.69e-01    2.71e-01      6.07e-04    1.44e-03      1.14e-01    1.15e-01    4.5e-06
  14991      2.51e-01    2.74e-01      1.50e-03    1.34e-03      1.07e-01    1.17e-01    4.5e-06
  15010      1.31e-01    1.33e-01      1.07e-03    1.33e-03      1.14e-01    1.16e-01    3.0e-07
  15029      1.30e-01    1.33e-01      9.76e-04    1.20e-03      1.14e-01    1.16e-01    3.0e-07
  15048      1.32e-01    1.37e-01      1.22e-03    1.57e-03      1.15e-01    1.19e-01    3.0e-07
  15067      1.27e-01    1.33e-01      1.28e-03    1.58e-03      1.10e-01    1.16e-01    3.0e-07
  15086      1.26e-01    1.27e-01      7.65e-04    1.22e-03      1.10e-01    1.11e-01    3.0e-07
  15105      1.29e-01    1.35e-01      1.40e-03    1.48e-03      1.12e-01    1.18e-01    3.0e-07
  15124      1.25e-01    1.30e-01      8.15e-04    1.02e-03      1.09e-01    1.14e-01    3.0e-07
  15143      1.30e-01    1.30e-01      1.03e-03    1.28e-03      1.13e-01    1.14e-01    3.0e-07
  15162      1.32e-01    1.30e-01      1.16e-03    1.12e-03      1.15e-01    1.14e-01    3.0e-07
  15181      1.28e-01    1.33e-01      9.75e-04    1.49e-03      1.12e-01    1.16e-01    3.0e-07
  15200      1.26e-01    1.39e-01      1.09e-03    1.35e-03      1.10e-01    1.21e-01    3.0e-07
  15219      1.22e-01    1.26e-01      9.32e-04    1.31e-03      1.06e-01    1.10e-01    3.0e-07
  15238      1.33e-01    1.30e-01      8.35e-04    1.27e-03      1.16e-01    1.13e-01    3.0e-07
  15257      1.32e-01    1.37e-01      1.50e-03    1.27e-03      1.15e-01    1.19e-01    3.0e-07
  15276      1.25e-01    1.32e-01      9.40e-04    1.10e-03      1.09e-01    1.15e-01    3.0e-07
  15295      1.29e-01    1.34e-01      1.23e-03    1.30e-03      1.13e-01    1.17e-01    3.0e-07
  15314      1.29e-01    1.37e-01      1.16e-03    1.11e-03      1.13e-01    1.20e-01    3.0e-07
  15333      1.32e-01    1.38e-01      9.17e-04    1.23e-03      1.15e-01    1.21e-01    3.0e-07
  15352      1.28e-01    1.30e-01      1.14e-03    1.26e-03      1.12e-01    1.13e-01    3.0e-07
  15371      1.26e-01    1.33e-01      1.28e-03    1.34e-03      1.10e-01    1.16e-01    3.0e-07
  15390      1.28e-01    1.29e-01      8.57e-04    1.24e-03      1.12e-01    1.13e-01    3.0e-07
  15409      1.25e-01    1.33e-01      1.24e-03    1.16e-03      1.09e-01    1.16e-01    3.0e-07
  15428      1.30e-01    1.33e-01      1.19e-03    1.07e-03      1.14e-01    1.16e-01    3.0e-07
  15447      1.32e-01    1.31e-01      1.13e-03    1.30e-03      1.15e-01    1.14e-01    3.0e-07
  15466      1.25e-01    1.36e-01      8.66e-04    1.24e-03      1.09e-01    1.19e-01    3.0e-07
  15485      1.28e-01    1.31e-01      1.33e-03    1.25e-03      1.12e-01    1.15e-01    3.0e-07
  15504      1.26e-01    1.31e-01      1.28e-03    1.13e-03      1.10e-01    1.14e-01    3.0e-07
  15523      1.27e-01    1.34e-01      9.84e-04    1.15e-03      1.11e-01    1.17e-01    3.0e-07
  15542      1.32e-01    1.38e-01      1.11e-03    1.36e-03      1.15e-01    1.20e-01    3.0e-07
  15561      1.28e-01    1.27e-01      1.07e-03    1.09e-03      1.12e-01    1.11e-01    3.0e-07
  15580      1.28e-01    1.34e-01      1.23e-03    1.20e-03      1.11e-01    1.17e-01    3.0e-07
  15599      1.30e-01    1.35e-01      1.06e-03    1.30e-03      1.14e-01    1.18e-01    3.0e-07
  15618      1.27e-01    1.34e-01      1.34e-03    1.50e-03      1.11e-01    1.17e-01    3.0e-07
  15637      1.28e-01    1.36e-01      6.76e-04    1.24e-03      1.12e-01    1.18e-01    3.0e-07
  15656      1.30e-01    1.32e-01      1.18e-03    1.24e-03      1.13e-01    1.15e-01    3.0e-07
  15675      1.29e-01    1.30e-01      9.18e-04    1.21e-03      1.12e-01    1.14e-01    3.0e-07
  15694      1.22e-01    1.39e-01      9.74e-04    1.21e-03      1.07e-01    1.21e-01    3.0e-07
  15713      1.32e-01    1.35e-01      1.37e-03    1.37e-03      1.15e-01    1.18e-01    3.0e-07
  15732      1.27e-01    1.32e-01      7.47e-04    1.16e-03      1.11e-01    1.15e-01    3.0e-07
  15751      1.33e-01    1.43e-01      1.00e-03    1.70e-03      1.17e-01    1.24e-01    3.0e-07
  15770      1.24e-01    1.40e-01      1.52e-03    1.35e-03      1.08e-01    1.22e-01    3.0e-07
  15789      1.26e-01    1.29e-01      1.04e-03    1.32e-03      1.10e-01    1.13e-01    3.0e-07
  15808      1.28e-01    1.35e-01      1.01e-03    1.24e-03      1.12e-01    1.18e-01    3.0e-07
  15827      1.32e-01    1.32e-01      1.30e-03    1.26e-03      1.15e-01    1.15e-01    3.0e-07
  15846      1.31e-01    1.33e-01      1.19e-03    1.25e-03      1.14e-01    1.16e-01    3.0e-07
  15865      1.26e-01    1.31e-01      5.79e-04    1.32e-03      1.10e-01    1.14e-01    3.0e-07
  15884      1.27e-01    1.32e-01      1.13e-03    1.09e-03      1.11e-01    1.15e-01    3.0e-07
  15903      1.35e-01    1.38e-01      1.10e-03    1.44e-03      1.18e-01    1.20e-01    3.0e-07
  15922      1.28e-01    1.38e-01      1.25e-03    9.97e-04      1.12e-01    1.21e-01    3.0e-07
  15941      1.21e-01    1.37e-01      9.68e-04    1.74e-03      1.06e-01    1.19e-01    3.0e-07
  15960      1.22e-01    1.36e-01      1.28e-03    1.42e-03      1.06e-01    1.19e-01    3.0e-07
  15979      1.31e-01    1.34e-01      1.03e-03    1.30e-03      1.15e-01    1.17e-01    3.0e-07
  15998      1.31e-01    1.33e-01      9.91e-04    1.22e-03      1.14e-01    1.16e-01    3.0e-07
  16017      1.25e-01    1.33e-01      8.30e-04    1.21e-03      1.09e-01    1.16e-01    3.0e-07
  16036      1.34e-01    1.35e-01      1.35e-03    1.41e-03      1.17e-01    1.18e-01    3.0e-07
  16055      1.27e-01    1.34e-01      1.13e-03    1.31e-03      1.11e-01    1.17e-01    3.0e-07
  16074      1.26e-01    1.34e-01      1.50e-03    1.17e-03      1.10e-01    1.17e-01    3.0e-07
  16093      1.27e-01    1.34e-01      9.38e-04    1.29e-03      1.11e-01    1.17e-01    3.0e-07
  16112      1.32e-01    1.31e-01      8.23e-04    1.34e-03      1.16e-01    1.14e-01    3.0e-07
  16131      1.24e-01    1.34e-01      7.76e-04    1.11e-03      1.08e-01    1.17e-01    3.0e-07
  16150      1.31e-01    1.36e-01      1.01e-03    1.51e-03      1.15e-01    1.19e-01    3.0e-07
  16169      1.28e-01    1.35e-01      1.31e-03    1.32e-03      1.11e-01    1.17e-01    3.0e-07
  16188      1.26e-01    1.37e-01      8.99e-04    1.27e-03      1.10e-01    1.19e-01    3.0e-07
  16207      1.32e-01    1.35e-01      1.51e-03    1.29e-03      1.15e-01    1.18e-01    3.0e-07
  16226      1.25e-01    1.28e-01      7.13e-04    1.25e-03      1.10e-01    1.11e-01    3.0e-07
  16245      1.22e-01    1.37e-01      9.04e-04    1.45e-03      1.07e-01    1.20e-01    3.0e-07
  16264      1.35e-01    1.33e-01      9.12e-04    1.11e-03      1.18e-01    1.16e-01    3.0e-07
  16283      1.27e-01    1.32e-01      1.45e-03    1.31e-03      1.11e-01    1.15e-01    3.0e-07
  16302      1.29e-01    1.40e-01      6.73e-04    1.21e-03      1.13e-01    1.22e-01    3.0e-07
  16321      1.26e-01    1.40e-01      9.09e-04    1.39e-03      1.10e-01    1.22e-01    3.0e-07
  16340      1.29e-01    1.34e-01      1.49e-03    1.25e-03      1.12e-01    1.17e-01    3.0e-07
  16359      1.24e-01    1.28e-01      7.50e-04    1.10e-03      1.08e-01    1.12e-01    3.0e-07
  16378      1.33e-01    1.30e-01      1.36e-03    1.27e-03      1.16e-01    1.13e-01    3.0e-07
  16397      1.28e-01    1.38e-01      7.22e-04    1.23e-03      1.12e-01    1.20e-01    3.0e-07
  16416      1.29e-01    1.33e-01      6.85e-04    1.19e-03      1.13e-01    1.16e-01    3.0e-07
  16435      1.28e-01    1.35e-01      1.08e-03    1.42e-03      1.11e-01    1.18e-01    3.0e-07
  16454      1.26e-01    1.32e-01      1.41e-03    1.22e-03      1.10e-01    1.15e-01    3.0e-07
  16473      1.29e-01    1.33e-01      7.90e-04    1.30e-03      1.13e-01    1.16e-01    3.0e-07
  16492      1.26e-01    1.35e-01      1.45e-03    1.31e-03      1.09e-01    1.18e-01    3.0e-07
  16511      1.29e-01    1.37e-01      9.90e-04    1.20e-03      1.13e-01    1.20e-01    3.0e-07
  16530      1.30e-01    1.36e-01      1.02e-03    1.20e-03      1.13e-01    1.18e-01    3.0e-07
  16549      1.27e-01    1.43e-01      1.42e-03    1.49e-03      1.10e-01    1.25e-01    3.0e-07
  16568      1.28e-01    1.35e-01      9.63e-04    1.41e-03      1.12e-01    1.17e-01    3.0e-07
  16587      1.26e-01    1.32e-01      1.14e-03    1.13e-03      1.10e-01    1.15e-01    3.0e-07
  16606      1.32e-01    1.33e-01      1.40e-03    1.34e-03      1.15e-01    1.16e-01    3.0e-07
  16625      1.28e-01    1.36e-01      7.68e-04    1.24e-03      1.12e-01    1.19e-01    3.0e-07
  16644      1.30e-01    1.31e-01      9.51e-04    1.17e-03      1.13e-01    1.14e-01    3.0e-07
  16663      1.20e-01    1.33e-01      1.09e-03    1.16e-03      1.05e-01    1.16e-01    3.0e-07
  16682      1.35e-01    1.33e-01      1.22e-03    1.21e-03      1.17e-01    1.16e-01    3.0e-07
  16701      1.32e-01    1.32e-01      9.70e-04    1.23e-03      1.15e-01    1.15e-01    3.0e-07
  16720      1.21e-01    1.30e-01      9.83e-04    1.15e-03      1.06e-01    1.13e-01    3.0e-07
  16739      1.33e-01    1.36e-01      1.34e-03    1.15e-03      1.16e-01    1.19e-01    3.0e-07
  16758      1.20e-01    1.35e-01      1.07e-03    1.32e-03      1.05e-01    1.18e-01    3.0e-07
  16777      1.37e-01    1.37e-01      1.23e-03    1.10e-03      1.19e-01    1.20e-01    3.0e-07
  16796      1.28e-01    1.45e-01      1.06e-03    1.39e-03      1.12e-01    1.26e-01    3.0e-07
  16815      1.29e-01    1.32e-01      1.30e-03    1.11e-03      1.12e-01    1.15e-01    3.0e-07
  16834      1.28e-01    1.36e-01      1.12e-03    1.73e-03      1.12e-01    1.18e-01    3.0e-07
  16853      1.25e-01    1.29e-01      8.82e-04    1.27e-03      1.09e-01    1.13e-01    3.0e-07
  16872      1.26e-01    1.34e-01      1.05e-03    1.40e-03      1.10e-01    1.17e-01    3.0e-07
  16891      1.27e-01    1.38e-01      1.26e-03    1.31e-03      1.11e-01    1.20e-01    3.0e-07
  16910      1.32e-01    1.34e-01      1.05e-03    1.29e-03      1.15e-01    1.17e-01    3.0e-07
  16929      1.30e-01    1.34e-01      1.58e-03    1.20e-03      1.13e-01    1.17e-01    3.0e-07
  16948      1.30e-01    1.37e-01      8.66e-04    1.44e-03      1.14e-01    1.19e-01    3.0e-07
  16967      1.24e-01    1.30e-01      8.48e-04    1.27e-03      1.08e-01    1.13e-01    3.0e-07
  16986      1.28e-01    1.26e-01      7.50e-04    1.48e-03      1.12e-01    1.10e-01    3.0e-07
  17005      1.30e-01    1.29e-01      9.25e-04    1.16e-03      1.14e-01    1.13e-01    3.0e-07
  17024      1.26e-01    1.31e-01      1.26e-03    1.18e-03      1.10e-01    1.15e-01    3.0e-07
  17043      1.22e-01    1.36e-01      9.68e-04    1.44e-03      1.06e-01    1.18e-01    3.0e-07
  17062      1.32e-01    1.34e-01      1.33e-03    1.17e-03      1.15e-01    1.17e-01    3.0e-07
  17081      1.30e-01    1.34e-01      1.05e-03    1.44e-03      1.13e-01    1.17e-01    3.0e-07
  17100      1.30e-01    1.32e-01      1.20e-03    1.20e-03      1.14e-01    1.15e-01    3.0e-07
  17119      1.23e-01    1.39e-01      8.70e-04    1.31e-03      1.07e-01    1.21e-01    3.0e-07
  17138      1.28e-01    1.32e-01      1.15e-03    1.43e-03      1.12e-01    1.15e-01    3.0e-07
  17157      1.23e-01    1.34e-01      1.06e-03    1.23e-03      1.07e-01    1.17e-01    3.0e-07
  17176      1.26e-01    1.32e-01      1.13e-03    1.14e-03      1.10e-01    1.15e-01    3.0e-07
  17195      1.35e-01    1.33e-01      1.17e-03    1.26e-03      1.18e-01    1.16e-01    3.0e-07
  17214      1.36e-01    1.40e-01      1.13e-03    1.40e-03      1.19e-01    1.22e-01    3.0e-07
  17233      1.24e-01    1.34e-01      8.46e-04    1.28e-03      1.08e-01    1.17e-01    3.0e-07
  17252      1.24e-01    1.33e-01      1.35e-03    1.10e-03      1.08e-01    1.17e-01    3.0e-07
  17271      1.26e-01    1.33e-01      8.46e-04    1.55e-03      1.10e-01    1.16e-01    3.0e-07
  17290      1.29e-01    1.37e-01      1.15e-03    1.42e-03      1.12e-01    1.19e-01    3.0e-07
  17309      1.30e-01    1.34e-01      1.29e-03    1.35e-03      1.13e-01    1.16e-01    3.0e-07
  17328      1.24e-01    1.40e-01      1.11e-03    1.63e-03      1.08e-01    1.22e-01    3.0e-07
  17347      1.30e-01    1.34e-01      1.23e-03    1.52e-03      1.14e-01    1.16e-01    3.0e-07
  17366      1.26e-01    1.31e-01      8.80e-04    1.25e-03      1.11e-01    1.14e-01    3.0e-07
  17385      1.31e-01    1.33e-01      9.85e-04    1.37e-03      1.14e-01    1.16e-01    3.0e-07
  17404      1.27e-01    1.34e-01      1.06e-03    1.04e-03      1.11e-01    1.17e-01    3.0e-07
  17423      1.28e-01    1.35e-01      1.42e-03    1.26e-03      1.12e-01    1.18e-01    3.0e-07
  17442      1.27e-01    1.35e-01      7.62e-04    1.19e-03      1.11e-01    1.18e-01    3.0e-07
  17461      1.26e-01    1.36e-01      1.41e-03    1.32e-03      1.10e-01    1.19e-01    3.0e-07
  17480      1.28e-01    1.32e-01      8.65e-04    1.16e-03      1.12e-01    1.15e-01    3.0e-07
  17499      1.24e-01    1.34e-01      7.43e-04    1.43e-03      1.08e-01    1.16e-01    3.0e-07
  17518      1.35e-01    1.32e-01      9.06e-04    1.18e-03      1.18e-01    1.15e-01    3.0e-07
  17537      1.26e-01    1.32e-01      1.54e-03    1.25e-03      1.10e-01    1.15e-01    3.0e-07
  17556      1.27e-01    1.32e-01      8.01e-04    1.22e-03      1.11e-01    1.15e-01    3.0e-07
  17575      1.30e-01    1.32e-01      1.36e-03    1.19e-03      1.13e-01    1.15e-01    3.0e-07
  17594      1.27e-01    1.40e-01      8.25e-04    1.34e-03      1.11e-01    1.22e-01    3.0e-07
  17613      1.23e-01    1.35e-01      1.13e-03    1.32e-03      1.07e-01    1.18e-01    3.0e-07
  17632      1.31e-01    1.37e-01      1.03e-03    1.23e-03      1.14e-01    1.20e-01    3.0e-07
  17651      1.28e-01    1.36e-01      1.10e-03    1.36e-03      1.12e-01    1.19e-01    3.0e-07
  17670      1.28e-01    1.32e-01      1.28e-03    1.29e-03      1.11e-01    1.15e-01    3.0e-07
  17689      1.24e-01    1.33e-01      7.26e-04    1.40e-03      1.08e-01    1.16e-01    3.0e-07
  17708      1.32e-01    1.31e-01      1.42e-03    1.36e-03      1.15e-01    1.14e-01    3.0e-07
  17727      1.28e-01    1.33e-01      1.40e-03    1.15e-03      1.12e-01    1.16e-01    3.0e-07
  17746      1.30e-01    1.35e-01      1.06e-03    1.36e-03      1.13e-01    1.17e-01    3.0e-07
  17765      1.26e-01    1.35e-01      7.59e-04    1.14e-03      1.10e-01    1.18e-01    3.0e-07
  17784      1.28e-01    1.39e-01      8.94e-04    1.21e-03      1.12e-01    1.21e-01    3.0e-07
  17803      1.27e-01    1.33e-01      1.07e-03    1.28e-03      1.11e-01    1.16e-01    3.0e-07
  17822      1.30e-01    1.32e-01      1.39e-03    1.11e-03      1.13e-01    1.15e-01    3.0e-07
  17841      1.29e-01    1.41e-01      9.60e-04    1.50e-03      1.13e-01    1.23e-01    3.0e-07
  17860      1.28e-01    1.33e-01      1.16e-03    1.46e-03      1.12e-01    1.16e-01    3.0e-07
  17879      1.24e-01    1.39e-01      1.21e-03    1.49e-03      1.08e-01    1.21e-01    3.0e-07
  17898      1.32e-01    1.35e-01      1.10e-03    1.13e-03      1.15e-01    1.18e-01    3.0e-07
  17917      1.30e-01    1.37e-01      1.08e-03    1.32e-03      1.13e-01    1.20e-01    3.0e-07
  17936      1.23e-01    1.38e-01      1.01e-03    1.41e-03      1.07e-01    1.20e-01    3.0e-07
  17955      1.27e-01    1.39e-01      8.03e-04    1.21e-03      1.11e-01    1.21e-01    3.0e-07
  17974      1.27e-01    1.28e-01      1.10e-03    1.22e-03      1.11e-01    1.12e-01    3.0e-07
  17993      1.29e-01    1.40e-01      1.06e-03    1.57e-03      1.12e-01    1.22e-01    3.0e-07
  18012      1.25e-01    1.35e-01      8.45e-04    1.31e-03      1.09e-01    1.18e-01    3.0e-07
  18031      1.31e-01    1.34e-01      9.59e-04    1.36e-03      1.14e-01    1.17e-01    3.0e-07
  18050      1.29e-01    1.36e-01      1.40e-03    1.35e-03      1.12e-01    1.19e-01    3.0e-07
  18069      1.25e-01    1.36e-01      9.52e-04    1.19e-03      1.09e-01    1.19e-01    3.0e-07
  18088      1.29e-01    1.35e-01      1.31e-03    1.09e-03      1.13e-01    1.18e-01    3.0e-07
  18107      1.30e-01    1.37e-01      1.10e-03    1.18e-03      1.14e-01    1.19e-01    3.0e-07
  18126      1.37e-01    1.33e-01      1.01e-03    1.29e-03      1.20e-01    1.16e-01    3.0e-07
  18145      1.24e-01    1.35e-01      1.19e-03    1.21e-03      1.08e-01    1.18e-01    3.0e-07
  18164      1.25e-01    1.38e-01      1.14e-03    1.23e-03      1.09e-01    1.20e-01    3.0e-07
  18183      1.24e-01    1.29e-01      1.36e-03    1.02e-03      1.08e-01    1.12e-01    3.0e-07
  18202      1.33e-01    1.32e-01      9.74e-04    1.32e-03      1.16e-01    1.15e-01    3.0e-07
  18221      1.29e-01    1.37e-01      9.51e-04    1.19e-03      1.13e-01    1.19e-01    3.0e-07
  18240      1.27e-01    1.28e-01      1.17e-03    1.23e-03      1.10e-01    1.12e-01    3.0e-07
  18259      1.26e-01    1.32e-01      6.03e-04    1.52e-03      1.10e-01    1.15e-01    3.0e-07
  18278      1.28e-01    1.35e-01      1.30e-03    1.37e-03      1.12e-01    1.17e-01    3.0e-07
  18297      1.28e-01    1.34e-01      1.29e-03    1.13e-03      1.11e-01    1.17e-01    3.0e-07
  18316      1.31e-01    1.35e-01      1.03e-03    1.23e-03      1.15e-01    1.17e-01    3.0e-07
  18335      1.26e-01    1.37e-01      9.50e-04    1.22e-03      1.10e-01    1.19e-01    3.0e-07
  18354      1.26e-01    1.30e-01      1.02e-03    9.88e-04      1.10e-01    1.13e-01    3.0e-07
  18373      1.25e-01    1.36e-01      1.38e-03    1.45e-03      1.09e-01    1.19e-01    3.0e-07
  18392      1.28e-01    1.36e-01      9.89e-04    1.53e-03      1.12e-01    1.19e-01    3.0e-07
  18411      1.32e-01    1.39e-01      9.91e-04    1.30e-03      1.15e-01    1.21e-01    3.0e-07
  18430      1.28e-01    1.29e-01      1.31e-03    1.23e-03      1.11e-01    1.13e-01    3.0e-07
  18449      1.25e-01    1.29e-01      1.01e-03    1.19e-03      1.09e-01    1.13e-01    3.0e-07
  18468      1.20e-01    1.38e-01      1.04e-03    1.39e-03      1.05e-01    1.20e-01    3.0e-07
  18487      1.36e-01    1.31e-01      9.68e-04    1.48e-03      1.19e-01    1.14e-01    3.0e-07
  18506      1.27e-01    1.35e-01      9.86e-04    1.18e-03      1.11e-01    1.18e-01    3.0e-07
  18525      1.26e-01    1.38e-01      1.28e-03    1.31e-03      1.10e-01    1.20e-01    3.0e-07
  18544      1.32e-01    1.37e-01      1.17e-03    1.07e-03      1.15e-01    1.19e-01    3.0e-07
  18563      1.23e-01    1.30e-01      9.01e-04    1.18e-03      1.08e-01    1.13e-01    3.0e-07
  18582      1.27e-01    1.28e-01      1.31e-03    9.12e-04      1.11e-01    1.12e-01    3.0e-07
  18601      1.31e-01    1.36e-01      1.03e-03    1.30e-03      1.14e-01    1.19e-01    3.0e-07
  18620      1.25e-01    1.30e-01      9.77e-04    1.19e-03      1.09e-01    1.14e-01    3.0e-07
  18639      1.34e-01    1.35e-01      1.05e-03    1.13e-03      1.17e-01    1.17e-01    3.0e-07
  18658      1.24e-01    1.37e-01      1.39e-03    1.56e-03      1.08e-01    1.19e-01    3.0e-07
  18677      1.27e-01    1.35e-01      8.16e-04    1.10e-03      1.11e-01    1.18e-01    3.0e-07
  18696      1.26e-01    1.36e-01      1.10e-03    1.25e-03      1.10e-01    1.18e-01    3.0e-07
  18715      1.26e-01    1.34e-01      8.90e-04    1.34e-03      1.10e-01    1.17e-01    3.0e-07
  18734      1.31e-01    1.34e-01      1.38e-03    1.28e-03      1.14e-01    1.17e-01    3.0e-07
  18753      1.28e-01    1.31e-01      1.21e-03    1.20e-03      1.11e-01    1.14e-01    3.0e-07
  18772      1.33e-01    1.34e-01      8.27e-04    1.20e-03      1.16e-01    1.17e-01    3.0e-07
  18791      1.25e-01    1.39e-01      1.25e-03    1.52e-03      1.09e-01    1.21e-01    3.0e-07
  18810      1.24e-01    1.38e-01      7.91e-04    1.33e-03      1.08e-01    1.21e-01    3.0e-07
  18829      1.31e-01    1.34e-01      1.10e-03    1.21e-03      1.14e-01    1.17e-01    3.0e-07
  18848      1.30e-01    1.35e-01      1.22e-03    1.45e-03      1.14e-01    1.18e-01    3.0e-07
  18867      1.31e-01    1.42e-01      1.05e-03    1.42e-03      1.14e-01    1.24e-01    3.0e-07
  18886      1.25e-01    1.36e-01      1.40e-03    1.63e-03      1.09e-01    1.18e-01    3.0e-07
  18905      1.29e-01    1.29e-01      9.34e-04    1.03e-03      1.13e-01    1.13e-01    3.0e-07
  18924      1.25e-01    1.36e-01      1.17e-03    1.12e-03      1.09e-01    1.19e-01    3.0e-07
  18943      1.31e-01    1.34e-01      1.29e-03    1.21e-03      1.14e-01    1.17e-01    3.0e-07
  18962      1.28e-01    1.31e-01      7.71e-04    1.29e-03      1.12e-01    1.15e-01    3.0e-07
  18981      1.27e-01    1.31e-01      1.41e-03    1.22e-03      1.11e-01    1.14e-01    3.0e-07
  19000      1.19e-01    1.35e-01      9.21e-04    1.32e-03      1.04e-01    1.18e-01    3.0e-07
