#  step      rmse_val    rmse_trn    rmse_e_val  rmse_e_trn    rmse_f_val  rmse_f_trn         lr
      0      3.10e+01    3.17e+01      4.42e-01    4.47e-01      9.81e-01    1.00e+00    1.0e-03
      2      3.11e+01    3.15e+01      8.44e-02    8.70e-02      9.85e-01    9.95e-01    1.0e-03
      4      3.07e+01    3.10e+01      1.47e-01    1.44e-01      9.72e-01    9.82e-01    1.0e-03
      6      3.02e+01    3.09e+01      2.09e-01    2.07e-01      9.55e-01    9.76e-01    1.0e-03
      8      2.99e+01    3.04e+01      1.72e-01    1.69e-01      9.47e-01    9.61e-01    1.0e-03
     10      3.02e+01    3.03e+01      9.73e-02    9.59e-02      9.54e-01    9.59e-01    1.0e-03
     12      2.92e+01    3.03e+01      2.82e-02    2.52e-02      9.23e-01    9.58e-01    1.0e-03
     14      2.99e+01    2.98e+01      2.83e-02    3.16e-02      9.45e-01    9.43e-01    1.0e-03
     16      2.91e+01    2.92e+01      6.11e-02    6.22e-02      9.21e-01    9.23e-01    1.0e-03
     18      2.85e+01    2.95e+01      6.44e-02    6.81e-02      9.01e-01    9.34e-01    1.0e-03
     20      2.79e+01    2.90e+01      4.59e-02    4.88e-02      8.82e-01    9.16e-01    1.0e-03
     22      2.90e+01    2.87e+01      2.80e-02    2.95e-02      9.17e-01    9.07e-01    1.0e-03
     24      2.83e+01    2.86e+01      2.89e-02    3.13e-02      8.95e-01    9.04e-01    1.0e-03
     26      2.79e+01    2.85e+01      5.52e-02    5.79e-02      8.84e-01    9.01e-01    1.0e-03
     28      2.81e+01    2.84e+01      9.40e-02    9.59e-02      8.89e-01    9.00e-01    1.0e-03
     30      2.74e+01    2.82e+01      1.27e-01    1.31e-01      8.67e-01    8.91e-01    1.0e-03
     32      2.74e+01    2.80e+01      1.27e-01    1.29e-01      8.67e-01    8.86e-01    1.0e-03
     34      2.72e+01    2.76e+01      8.59e-02    8.77e-02      8.61e-01    8.74e-01    1.0e-03
     36      2.72e+01    2.74e+01      8.08e-02    8.22e-02      8.62e-01    8.65e-01    1.0e-03
     38      2.62e+01    2.73e+01      5.65e-02    6.07e-02      8.30e-01    8.62e-01    1.0e-03
     40      2.69e+01    2.71e+01      6.05e-02    6.38e-02      8.51e-01    8.58e-01    1.0e-03
     42      2.58e+01    2.64e+01      4.27e-02    4.53e-02      8.16e-01    8.36e-01    1.0e-03
     44      2.58e+01    2.62e+01      9.57e-02    9.82e-02      8.15e-01    8.30e-01    1.0e-03
     46      2.55e+01    2.59e+01      5.37e-02    5.62e-02      8.06e-01    8.18e-01    1.0e-03
     48      2.52e+01    2.58e+01      6.94e-02    7.11e-02      7.97e-01    8.16e-01    1.0e-03
     50      2.47e+01    2.53e+01      3.25e-02    2.88e-02      7.80e-01    8.00e-01    1.0e-03
     52      2.43e+01    2.46e+01      2.21e-02    2.03e-02      7.69e-01    7.78e-01    1.0e-03
     54      2.37e+01    2.41e+01      2.89e-02    3.14e-02      7.50e-01    7.63e-01    1.0e-03
     56      2.38e+01    2.38e+01      5.12e-02    5.30e-02      7.54e-01    7.53e-01    1.0e-03
     58      2.22e+01    2.36e+01      6.17e-02    6.64e-02      7.01e-01    7.46e-01    1.0e-03
     60      2.23e+01    2.25e+01      2.50e-02    2.30e-02      7.06e-01    7.12e-01    1.0e-03
     62      2.11e+01    2.18e+01      2.89e-02    2.72e-02      6.67e-01    6.90e-01    1.0e-03
     64      2.17e+01    2.22e+01      3.43e-02    3.58e-02      6.87e-01    7.01e-01    1.0e-03
     66      2.01e+01    2.11e+01      2.56e-01    2.60e-01      6.36e-01    6.68e-01    1.0e-03
     68      2.01e+01    2.10e+01      3.85e-01    3.87e-01      6.36e-01    6.64e-01    1.0e-03
     70      2.01e+01    2.08e+01      3.40e-01    3.44e-01      6.36e-01    6.59e-01    1.0e-03
     72      1.89e+01    1.96e+01      4.94e-01    4.97e-01      5.97e-01    6.20e-01    1.0e-03
     74      1.88e+01    1.94e+01      4.93e-01    4.97e-01      5.93e-01    6.13e-01    1.0e-03
     76      1.85e+01    1.93e+01      4.28e-01    4.31e-01      5.84e-01    6.11e-01    1.0e-03
     78      1.80e+01    1.89e+01      4.57e-01    4.60e-01      5.70e-01    5.97e-01    1.0e-03
     80      1.81e+01    1.85e+01      3.55e-01    3.58e-01      5.71e-01    5.86e-01    1.0e-03
     82      1.70e+01    1.81e+01      2.55e-01    2.58e-01      5.39e-01    5.71e-01    1.0e-03
     84      1.69e+01    1.78e+01      1.55e-01    1.57e-01      5.35e-01    5.63e-01    1.0e-03
     86      1.66e+01    1.74e+01      9.73e-02    1.00e-01      5.26e-01    5.49e-01    1.0e-03
     88      1.58e+01    1.65e+01      1.85e-01    1.87e-01      5.01e-01    5.23e-01    1.0e-03
     90      1.59e+01    1.67e+01      1.49e-01    1.51e-01      5.02e-01    5.27e-01    1.0e-03
     92      1.48e+01    1.57e+01      2.02e-01    2.04e-01      4.68e-01    4.96e-01    1.0e-03
     94      1.52e+01    1.57e+01      2.88e-01    2.89e-01      4.80e-01    4.95e-01    1.0e-03
     96      1.46e+01    1.54e+01      2.15e-01    2.19e-01      4.62e-01    4.87e-01    1.0e-03
     98      1.38e+01    1.45e+01      1.50e-01    1.53e-01      4.36e-01    4.59e-01    1.0e-03
    100      1.04e+01    1.09e+01      2.10e-01    2.13e-01      4.21e-01    4.41e-01    6.0e-04
    102      1.02e+01    1.06e+01      1.44e-01    1.42e-01      4.14e-01    4.31e-01    6.0e-04
    104      9.97e+00    1.05e+01      6.62e-02    7.02e-02      4.07e-01    4.30e-01    6.0e-04
    106      1.01e+01    1.03e+01      4.17e-02    4.28e-02      4.11e-01    4.21e-01    6.0e-04
    108      9.59e+00    1.02e+01      4.58e-02    4.30e-02      3.92e-01    4.17e-01    6.0e-04
    110      9.61e+00    9.88e+00      9.24e-03    7.91e-03      3.92e-01    4.04e-01    6.0e-04
    112      9.32e+00    9.64e+00      1.20e-01    1.23e-01      3.79e-01    3.92e-01    6.0e-04
    114      9.32e+00    9.51e+00      8.77e-02    8.56e-02      3.80e-01    3.88e-01    6.0e-04
    116      9.21e+00    9.50e+00      3.59e-02    3.87e-02      3.76e-01    3.88e-01    6.0e-04
    118      8.82e+00    9.35e+00      8.88e-02    9.09e-02      3.59e-01    3.81e-01    6.0e-04
    120      8.68e+00    9.31e+00      8.01e-02    7.73e-02      3.54e-01    3.80e-01    6.0e-04
    122      9.00e+00    9.18e+00      5.65e-02    5.84e-02      3.68e-01    3.75e-01    6.0e-04
    124      8.73e+00    9.16e+00      4.87e-03    7.17e-03      3.57e-01    3.74e-01    6.0e-04
    126      8.69e+00    8.88e+00      4.91e-03    4.65e-03      3.55e-01    3.63e-01    6.0e-04
    128      8.63e+00    8.85e+00      3.56e-02    3.31e-02      3.53e-01    3.61e-01    6.0e-04
    130      8.37e+00    8.77e+00      5.89e-02    6.26e-02      3.42e-01    3.58e-01    6.0e-04
    132      8.30e+00    8.69e+00      3.00e-03    5.38e-03      3.39e-01    3.55e-01    6.0e-04
    134      8.34e+00    8.59e+00      3.31e-02    2.92e-02      3.41e-01    3.51e-01    6.0e-04
    136      8.39e+00    8.55e+00      6.64e-02    6.91e-02      3.42e-01    3.49e-01    6.0e-04
    138      8.00e+00    8.43e+00      3.19e-02    2.90e-02      3.27e-01    3.44e-01    6.0e-04
    140      8.16e+00    8.41e+00      2.39e-02    2.12e-02      3.33e-01    3.44e-01    6.0e-04
    142      8.01e+00    8.39e+00      6.08e-02    6.26e-02      3.27e-01    3.42e-01    6.0e-04
    144      8.18e+00    8.16e+00      3.31e-02    3.23e-02      3.34e-01    3.33e-01    6.0e-04
    146      7.76e+00    8.30e+00      6.25e-03    5.22e-03      3.17e-01    3.39e-01    6.0e-04
    148      7.96e+00    8.22e+00      5.97e-02    6.29e-02      3.25e-01    3.35e-01    6.0e-04
    150      7.92e+00    8.10e+00      4.92e-02    4.72e-02      3.23e-01    3.30e-01    6.0e-04
    152      7.76e+00    8.01e+00      8.44e-03    8.06e-03      3.17e-01    3.27e-01    6.0e-04
    154      7.80e+00    8.17e+00      3.50e-02    3.88e-02      3.19e-01    3.34e-01    6.0e-04
    156      7.78e+00    8.07e+00      3.31e-02    3.00e-02      3.18e-01    3.29e-01    6.0e-04
    158      7.69e+00    7.98e+00      2.96e-03    4.56e-03      3.14e-01    3.26e-01    6.0e-04
    160      7.58e+00    7.99e+00      1.93e-02    2.16e-02      3.10e-01    3.26e-01    6.0e-04
    162      7.72e+00    7.88e+00      2.65e-02    2.51e-02      3.15e-01    3.22e-01    6.0e-04
    164      7.56e+00    7.86e+00      8.70e-03    1.15e-02      3.09e-01    3.21e-01    6.0e-04
    166      7.45e+00    7.85e+00      1.14e-02    1.48e-02      3.04e-01    3.20e-01    6.0e-04
    168      7.43e+00    7.87e+00      1.29e-02    1.12e-02      3.04e-01    3.21e-01    6.0e-04
    170      7.60e+00    7.72e+00      2.09e-02    2.24e-02      3.10e-01    3.15e-01    6.0e-04
    172      7.37e+00    7.69e+00      9.97e-03    7.28e-03      3.01e-01    3.14e-01    6.0e-04
    174      7.46e+00    7.69e+00      8.04e-03    1.06e-02      3.05e-01    3.14e-01    6.0e-04
    176      7.38e+00    7.57e+00      1.36e-02    1.60e-02      3.02e-01    3.09e-01    6.0e-04
    178      7.30e+00    7.60e+00      1.17e-02    9.75e-03      2.98e-01    3.11e-01    6.0e-04
    180      7.35e+00    7.52e+00      5.00e-03    7.49e-03      3.00e-01    3.07e-01    6.0e-04
    182      7.29e+00    7.58e+00      8.38e-03    1.12e-02      2.98e-01    3.10e-01    6.0e-04
    184      7.20e+00    7.41e+00      1.24e-02    1.07e-02      2.94e-01    3.03e-01    6.0e-04
    186      7.33e+00    7.59e+00      9.60e-03    8.36e-03      3.00e-01    3.10e-01    6.0e-04
    188      7.27e+00    7.48e+00      1.95e-02    2.22e-02      2.97e-01    3.05e-01    6.0e-04
    190      7.13e+00    7.37e+00      1.43e-02    1.78e-02      2.91e-01    3.01e-01    6.0e-04
    192      7.06e+00    7.41e+00      6.74e-03    5.59e-03      2.89e-01    3.03e-01    6.0e-04
    194      7.22e+00    7.30e+00      3.99e-03    4.53e-03      2.95e-01    2.98e-01    6.0e-04
    196      7.17e+00    7.42e+00      1.91e-02    2.28e-02      2.93e-01    3.03e-01    6.0e-04
    198      7.03e+00    7.29e+00      5.69e-03    4.70e-03      2.87e-01    2.98e-01    6.0e-04
    200      5.44e+00    5.66e+00      3.25e-03    5.66e-03      2.87e-01    2.99e-01    3.6e-04
    202      5.45e+00    5.68e+00      3.16e-03    5.61e-03      2.88e-01    3.00e-01    3.6e-04
    204      5.30e+00    5.60e+00      1.18e-02    9.35e-03      2.79e-01    2.95e-01    3.6e-04
    206      5.57e+00    5.61e+00      1.46e-02    1.65e-02      2.94e-01    2.96e-01    3.6e-04
    208      5.42e+00    5.64e+00      1.64e-02    1.35e-02      2.86e-01    2.97e-01    3.6e-04
    210      5.39e+00    5.66e+00      4.08e-03    6.29e-03      2.85e-01    2.98e-01    3.6e-04
    212      5.44e+00    5.59e+00      5.41e-03    7.70e-03      2.87e-01    2.95e-01    3.6e-04
    214      5.35e+00    5.60e+00      6.40e-03    4.66e-03      2.82e-01    2.95e-01    3.6e-04
    216      5.38e+00    5.54e+00      6.93e-03    6.53e-03      2.84e-01    2.92e-01    3.6e-04
    218      5.36e+00    5.54e+00      7.17e-03    9.45e-03      2.83e-01    2.93e-01    3.6e-04
    220      5.45e+00    5.61e+00      2.85e-03    4.44e-03      2.87e-01    2.96e-01    3.6e-04
    222      5.34e+00    5.59e+00      1.56e-02    1.27e-02      2.82e-01    2.95e-01    3.6e-04
    224      5.34e+00    5.58e+00      1.57e-02    1.90e-02      2.81e-01    2.94e-01    3.6e-04
    226      5.42e+00    5.55e+00      1.03e-02    9.81e-03      2.86e-01    2.93e-01    3.6e-04
    228      5.34e+00    5.57e+00      4.31e-03    6.92e-03      2.82e-01    2.94e-01    3.6e-04
    230      5.33e+00    5.53e+00      6.04e-03    5.43e-03      2.81e-01    2.92e-01    3.6e-04
    232      5.25e+00    5.56e+00      7.69e-03    1.08e-02      2.77e-01    2.93e-01    3.6e-04
    234      5.38e+00    5.44e+00      5.46e-03    5.25e-03      2.84e-01    2.87e-01    3.6e-04
    236      5.31e+00    5.53e+00      8.19e-03    5.98e-03      2.80e-01    2.92e-01    3.6e-04
    238      5.34e+00    5.53e+00      1.24e-02    1.39e-02      2.82e-01    2.92e-01    3.6e-04
    240      5.30e+00    5.53e+00      9.59e-03    6.98e-03      2.80e-01    2.92e-01    3.6e-04
    242      5.29e+00    5.52e+00      3.68e-03    4.22e-03      2.79e-01    2.91e-01    3.6e-04
    244      5.37e+00    5.53e+00      5.02e-03    7.28e-03      2.83e-01    2.92e-01    3.6e-04
    246      5.22e+00    5.51e+00      2.98e-03    4.04e-03      2.76e-01    2.91e-01    3.6e-04
    248      5.25e+00    5.49e+00      5.09e-03    5.45e-03      2.77e-01    2.90e-01    3.6e-04
    250      5.34e+00    5.47e+00      3.25e-03    4.45e-03      2.82e-01    2.89e-01    3.6e-04
    252      5.32e+00    5.42e+00      6.07e-03    4.60e-03      2.81e-01    2.86e-01    3.6e-04
    254      5.25e+00    5.47e+00      3.63e-03    5.79e-03      2.77e-01    2.88e-01    3.6e-04
    256      5.33e+00    5.45e+00      1.23e-02    1.07e-02      2.81e-01    2.88e-01    3.6e-04
    258      5.23e+00    5.53e+00      1.93e-02    2.10e-02      2.76e-01    2.92e-01    3.6e-04
    260      5.25e+00    5.44e+00      3.05e-02    2.78e-02      2.77e-01    2.87e-01    3.6e-04
    262      5.29e+00    5.46e+00      2.29e-02    2.47e-02      2.79e-01    2.88e-01    3.6e-04
    264      5.31e+00    5.48e+00      1.36e-02    1.19e-02      2.80e-01    2.89e-01    3.6e-04
    266      5.17e+00    5.45e+00      3.41e-03    5.43e-03      2.73e-01    2.87e-01    3.6e-04
    268      5.16e+00    5.39e+00      5.41e-03    5.60e-03      2.72e-01    2.84e-01    3.6e-04
    270      5.31e+00    5.41e+00      7.49e-03    1.04e-02      2.80e-01    2.85e-01    3.6e-04
    272      5.28e+00    5.49e+00      1.08e-02    9.19e-03      2.79e-01    2.90e-01    3.6e-04
    274      5.20e+00    5.40e+00      4.90e-03    7.33e-03      2.75e-01    2.85e-01    3.6e-04
    276      5.22e+00    5.43e+00      6.25e-03    8.16e-03      2.76e-01    2.86e-01    3.6e-04
    278      5.18e+00    5.42e+00      1.15e-02    9.62e-03      2.73e-01    2.86e-01    3.6e-04
    280      5.24e+00    5.36e+00      9.51e-03    1.23e-02      2.76e-01    2.83e-01    3.6e-04
    282      5.20e+00    5.37e+00      8.79e-03    7.91e-03      2.74e-01    2.83e-01    3.6e-04
    284      5.21e+00    5.36e+00      5.61e-03    8.09e-03      2.75e-01    2.83e-01    3.6e-04
    286      5.16e+00    5.30e+00      1.23e-02    1.12e-02      2.72e-01    2.80e-01    3.6e-04
    288      5.17e+00    5.40e+00      1.04e-02    1.31e-02      2.73e-01    2.85e-01    3.6e-04
    290      5.19e+00    5.39e+00      1.40e-02    1.29e-02      2.74e-01    2.84e-01    3.6e-04
    292      5.21e+00    5.34e+00      1.12e-02    1.35e-02      2.75e-01    2.81e-01    3.6e-04
    294      5.12e+00    5.30e+00      1.11e-02    1.02e-02      2.70e-01    2.80e-01    3.6e-04
    296      5.20e+00    5.37e+00      6.80e-03    9.66e-03      2.75e-01    2.83e-01    3.6e-04
    298      5.11e+00    5.27e+00      6.96e-03    5.93e-03      2.70e-01    2.78e-01    3.6e-04
    300      4.00e+00    4.13e+00      3.12e-03    5.69e-03      2.72e-01    2.81e-01    2.1e-04
    302      3.96e+00    4.13e+00      2.32e-03    4.91e-03      2.70e-01    2.82e-01    2.1e-04
    304      3.92e+00    4.15e+00      7.85e-03    7.26e-03      2.67e-01    2.83e-01    2.1e-04
    306      4.04e+00    4.13e+00      3.70e-03    6.22e-03      2.76e-01    2.81e-01    2.1e-04
    308      4.02e+00    4.08e+00      3.08e-03    4.25e-03      2.74e-01    2.78e-01    2.1e-04
    310      3.94e+00    4.13e+00      5.39e-03    4.36e-03      2.68e-01    2.81e-01    2.1e-04
    312      3.93e+00    4.11e+00      2.87e-03    5.60e-03      2.68e-01    2.80e-01    2.1e-04
    314      4.01e+00    4.09e+00      3.87e-03    4.19e-03      2.73e-01    2.79e-01    2.1e-04
    316      4.04e+00    4.09e+00      4.47e-03    4.75e-03      2.75e-01    2.79e-01    2.1e-04
    318      3.92e+00    4.16e+00      3.19e-03    5.02e-03      2.67e-01    2.83e-01    2.1e-04
    320      3.88e+00    4.14e+00      2.79e-03    4.17e-03      2.64e-01    2.82e-01    2.1e-04
    322      4.05e+00    4.10e+00      5.62e-03    4.36e-03      2.76e-01    2.79e-01    2.1e-04
    324      3.97e+00    4.13e+00      2.80e-03    3.94e-03      2.71e-01    2.81e-01    2.1e-04
    326      3.98e+00    4.16e+00      3.01e-03    4.99e-03      2.71e-01    2.83e-01    2.1e-04
    328      3.99e+00    4.14e+00      4.90e-03    4.80e-03      2.72e-01    2.82e-01    2.1e-04
    330      3.94e+00    4.10e+00      3.32e-03    4.28e-03      2.68e-01    2.79e-01    2.1e-04
    332      3.96e+00    4.08e+00      3.45e-03    4.08e-03      2.70e-01    2.78e-01    2.1e-04
    334      3.96e+00    4.08e+00      3.68e-03    4.23e-03      2.70e-01    2.78e-01    2.1e-04
    336      3.96e+00    4.14e+00      2.81e-03    4.71e-03      2.70e-01    2.82e-01    2.1e-04
    338      3.94e+00    4.07e+00      5.68e-03    5.48e-03      2.69e-01    2.77e-01    2.1e-04
    340      3.92e+00    4.08e+00      2.82e-03    4.49e-03      2.67e-01    2.78e-01    2.1e-04
    342      3.99e+00    4.08e+00      3.56e-03    3.60e-03      2.72e-01    2.78e-01    2.1e-04
    344      4.01e+00    4.10e+00      4.53e-03    4.41e-03      2.73e-01    2.80e-01    2.1e-04
    346      3.87e+00    4.08e+00      3.62e-03    5.73e-03      2.63e-01    2.78e-01    2.1e-04
    348      3.90e+00    4.12e+00      5.33e-03    4.54e-03      2.66e-01    2.80e-01    2.1e-04
    350      3.97e+00    4.06e+00      4.02e-03    3.89e-03      2.70e-01    2.77e-01    2.1e-04
    352      3.82e+00    4.08e+00      2.63e-03    5.17e-03      2.60e-01    2.78e-01    2.1e-04
    354      4.07e+00    4.08e+00      3.24e-03    4.14e-03      2.77e-01    2.78e-01    2.1e-04
    356      3.90e+00    4.11e+00      4.14e-03    4.20e-03      2.65e-01    2.80e-01    2.1e-04
    358      3.98e+00    4.14e+00      3.37e-03    3.99e-03      2.71e-01    2.82e-01    2.1e-04
    360      4.00e+00    4.05e+00      3.36e-03    4.00e-03      2.73e-01    2.76e-01    2.1e-04
    362      3.88e+00    4.04e+00      2.93e-03    4.00e-03      2.64e-01    2.75e-01    2.1e-04
    364      4.00e+00    4.09e+00      2.62e-03    4.13e-03      2.72e-01    2.79e-01    2.1e-04
    366      3.89e+00    4.07e+00      3.57e-03    3.90e-03      2.65e-01    2.77e-01    2.1e-04
    368      3.95e+00    4.09e+00      5.14e-03    4.42e-03      2.69e-01    2.78e-01    2.1e-04
    370      3.91e+00    4.06e+00      2.72e-03    4.72e-03      2.66e-01    2.77e-01    2.1e-04
    372      3.92e+00    4.02e+00      3.03e-03    4.48e-03      2.67e-01    2.74e-01    2.1e-04
    374      3.92e+00    4.07e+00      5.37e-03    4.99e-03      2.67e-01    2.77e-01    2.1e-04
    376      3.88e+00    4.08e+00      2.79e-03    4.43e-03      2.64e-01    2.78e-01    2.1e-04
    378      3.98e+00    4.07e+00      3.35e-03    3.87e-03      2.71e-01    2.77e-01    2.1e-04
    380      3.90e+00    4.07e+00      3.06e-03    3.85e-03      2.66e-01    2.77e-01    2.1e-04
    382      3.97e+00    4.04e+00      2.77e-03    4.78e-03      2.70e-01    2.75e-01    2.1e-04
    384      3.94e+00    4.04e+00      5.77e-03    5.49e-03      2.69e-01    2.75e-01    2.1e-04
    386      3.90e+00    4.05e+00      3.09e-03    5.32e-03      2.66e-01    2.76e-01    2.1e-04
    388      3.87e+00    4.09e+00      2.68e-03    4.05e-03      2.64e-01    2.78e-01    2.1e-04
    390      3.95e+00    4.08e+00      5.63e-03    4.64e-03      2.69e-01    2.78e-01    2.1e-04
    392      3.98e+00    3.99e+00      4.86e-03    6.39e-03      2.71e-01    2.72e-01    2.1e-04
    394      3.86e+00    4.06e+00      5.77e-03    6.08e-03      2.63e-01    2.76e-01    2.1e-04
    396      4.00e+00    4.04e+00      2.85e-03    3.85e-03      2.72e-01    2.75e-01    2.1e-04
    398      3.82e+00    4.07e+00      2.85e-03    4.49e-03      2.60e-01    2.77e-01    2.1e-04
    400      3.05e+00    3.15e+00      6.49e-03    5.84e-03      2.68e-01    2.77e-01    1.3e-04
    402      3.01e+00    3.13e+00      2.96e-03    5.26e-03      2.64e-01    2.75e-01    1.3e-04
    404      2.97e+00    3.12e+00      2.13e-03    4.36e-03      2.61e-01    2.74e-01    1.3e-04
    406      3.08e+00    3.13e+00      6.60e-03    4.92e-03      2.70e-01    2.75e-01    1.3e-04
    408      3.02e+00    3.16e+00      3.70e-03    4.22e-03      2.65e-01    2.78e-01    1.3e-04
    410      3.04e+00    3.16e+00      2.46e-03    4.66e-03      2.67e-01    2.77e-01    1.3e-04
    412      3.01e+00    3.13e+00      5.74e-03    3.92e-03      2.64e-01    2.75e-01    1.3e-04
    414      3.01e+00    3.14e+00      3.18e-03    3.69e-03      2.65e-01    2.76e-01    1.3e-04
    416      3.01e+00    3.20e+00      2.73e-03    4.71e-03      2.65e-01    2.81e-01    1.3e-04
    418      3.02e+00    3.16e+00      4.17e-03    4.33e-03      2.66e-01    2.78e-01    1.3e-04
    420      3.01e+00    3.09e+00      3.72e-03    3.83e-03      2.65e-01    2.71e-01    1.3e-04
    422      3.04e+00    3.10e+00      2.64e-03    4.00e-03      2.67e-01    2.73e-01    1.3e-04
    424      3.08e+00    3.16e+00      3.79e-03    4.38e-03      2.71e-01    2.78e-01    1.3e-04
    426      2.98e+00    3.14e+00      3.57e-03    4.16e-03      2.62e-01    2.76e-01    1.3e-04
    428      3.02e+00    3.12e+00      3.15e-03    4.02e-03      2.65e-01    2.74e-01    1.3e-04
    430      3.02e+00    3.10e+00      3.56e-03    4.15e-03      2.65e-01    2.72e-01    1.3e-04
    432      3.05e+00    3.13e+00      3.59e-03    4.30e-03      2.68e-01    2.75e-01    1.3e-04
    434      2.99e+00    3.13e+00      2.87e-03    3.72e-03      2.63e-01    2.75e-01    1.3e-04
    436      3.04e+00    3.10e+00      3.52e-03    3.52e-03      2.67e-01    2.73e-01    1.3e-04
    438      2.98e+00    3.08e+00      2.97e-03    3.57e-03      2.62e-01    2.71e-01    1.3e-04
    440      3.09e+00    3.13e+00      3.29e-03    3.60e-03      2.72e-01    2.75e-01    1.3e-04
    442      2.93e+00    3.12e+00      3.12e-03    4.11e-03      2.58e-01    2.74e-01    1.3e-04
    444      3.06e+00    3.13e+00      2.56e-03    4.05e-03      2.69e-01    2.75e-01    1.3e-04
    446      2.97e+00    3.13e+00      3.83e-03    3.87e-03      2.61e-01    2.75e-01    1.3e-04
    448      2.99e+00    3.12e+00      2.61e-03    4.39e-03      2.63e-01    2.74e-01    1.3e-04
    450      3.04e+00    3.16e+00      4.48e-03    4.38e-03      2.67e-01    2.78e-01    1.3e-04
    452      3.01e+00    3.11e+00      2.87e-03    4.24e-03      2.65e-01    2.74e-01    1.3e-04
    454      3.01e+00    3.17e+00      3.41e-03    4.28e-03      2.64e-01    2.79e-01    1.3e-04
    456      3.04e+00    3.15e+00      2.78e-03    4.17e-03      2.67e-01    2.77e-01    1.3e-04
    458      2.98e+00    3.12e+00      3.80e-03    3.93e-03      2.62e-01    2.74e-01    1.3e-04
    460      3.03e+00    3.14e+00      3.32e-03    4.15e-03      2.66e-01    2.76e-01    1.3e-04
    462      2.99e+00    3.13e+00      3.32e-03    4.05e-03      2.63e-01    2.75e-01    1.3e-04
    464      3.02e+00    3.09e+00      3.10e-03    3.88e-03      2.66e-01    2.71e-01    1.3e-04
    466      3.01e+00    3.11e+00      3.43e-03    3.81e-03      2.65e-01    2.74e-01    1.3e-04
    468      2.99e+00    3.11e+00      3.67e-03    3.89e-03      2.63e-01    2.73e-01    1.3e-04
    470      3.02e+00    3.11e+00      3.21e-03    3.84e-03      2.66e-01    2.73e-01    1.3e-04
    472      2.95e+00    3.08e+00      3.53e-03    3.90e-03      2.59e-01    2.71e-01    1.3e-04
    474      3.08e+00    3.12e+00      3.17e-03    4.14e-03      2.71e-01    2.74e-01    1.3e-04
    476      2.99e+00    3.10e+00      3.92e-03    4.26e-03      2.62e-01    2.73e-01    1.3e-04
    478      3.04e+00    3.13e+00      2.16e-03    3.89e-03      2.67e-01    2.75e-01    1.3e-04
    480      2.96e+00    3.11e+00      3.21e-03    4.14e-03      2.60e-01    2.74e-01    1.3e-04
    482      3.04e+00    3.16e+00      4.16e-03    4.13e-03      2.67e-01    2.78e-01    1.3e-04
    484      2.96e+00    3.10e+00      3.13e-03    3.91e-03      2.60e-01    2.72e-01    1.3e-04
    486      3.05e+00    3.16e+00      3.34e-03    3.78e-03      2.68e-01    2.78e-01    1.3e-04
    488      2.97e+00    3.09e+00      3.71e-03    3.98e-03      2.61e-01    2.72e-01    1.3e-04
    490      3.04e+00    3.12e+00      2.90e-03    4.13e-03      2.68e-01    2.75e-01    1.3e-04
    492      3.05e+00    3.12e+00      3.10e-03    3.72e-03      2.68e-01    2.74e-01    1.3e-04
    494      2.98e+00    3.15e+00      3.88e-03    4.35e-03      2.62e-01    2.77e-01    1.3e-04
    496      2.98e+00    3.11e+00      2.88e-03    4.28e-03      2.62e-01    2.73e-01    1.3e-04
    498      3.03e+00    3.12e+00      3.32e-03    3.77e-03      2.66e-01    2.74e-01    1.3e-04
    500      2.36e+00    2.42e+00      3.57e-03    4.23e-03      2.68e-01    2.74e-01    7.7e-05
    502      2.30e+00    2.42e+00      3.89e-03    4.29e-03      2.60e-01    2.74e-01    7.7e-05
    504      2.34e+00    2.41e+00      2.49e-03    3.97e-03      2.66e-01    2.73e-01    7.7e-05
    506      2.30e+00    2.39e+00      3.83e-03    3.93e-03      2.61e-01    2.70e-01    7.7e-05
    508      2.36e+00    2.42e+00      3.20e-03    4.18e-03      2.68e-01    2.74e-01    7.7e-05
    510      2.30e+00    2.42e+00      3.62e-03    4.17e-03      2.61e-01    2.74e-01    7.7e-05
    512      2.30e+00    2.40e+00      3.47e-03    4.07e-03      2.60e-01    2.72e-01    7.7e-05
    514      2.36e+00    2.39e+00      3.39e-03    3.99e-03      2.68e-01    2.71e-01    7.7e-05
    516      2.34e+00    2.45e+00      3.84e-03    4.03e-03      2.66e-01    2.78e-01    7.7e-05
    518      2.31e+00    2.39e+00      2.62e-03    3.45e-03      2.62e-01    2.71e-01    7.7e-05
    520      2.34e+00    2.42e+00      3.46e-03    3.65e-03      2.66e-01    2.74e-01    7.7e-05
    522      2.30e+00    2.42e+00      3.80e-03    3.43e-03      2.60e-01    2.74e-01    7.7e-05
    524      2.39e+00    2.41e+00      2.90e-03    4.01e-03      2.71e-01    2.73e-01    7.7e-05
    526      2.28e+00    2.42e+00      3.21e-03    3.56e-03      2.59e-01    2.74e-01    7.7e-05
    528      2.30e+00    2.38e+00      3.48e-03    3.75e-03      2.61e-01    2.69e-01    7.7e-05
    530      2.34e+00    2.42e+00      3.75e-03    3.86e-03      2.65e-01    2.75e-01    7.7e-05
    532      2.33e+00    2.43e+00      3.69e-03    4.03e-03      2.64e-01    2.75e-01    7.7e-05
    534      2.32e+00    2.40e+00      2.22e-03    3.31e-03      2.62e-01    2.71e-01    7.7e-05
    536      2.35e+00    2.40e+00      4.14e-03    4.17e-03      2.66e-01    2.71e-01    7.7e-05
    538      2.32e+00    2.42e+00      3.74e-03    3.60e-03      2.63e-01    2.74e-01    7.7e-05
    540      2.40e+00    2.40e+00      2.69e-03    4.18e-03      2.71e-01    2.72e-01    7.7e-05
    542      2.24e+00    2.40e+00      3.42e-03    4.02e-03      2.54e-01    2.72e-01    7.7e-05
    544      2.36e+00    2.39e+00      3.77e-03    4.10e-03      2.68e-01    2.71e-01    7.7e-05
    546      2.30e+00    2.40e+00      3.29e-03    4.01e-03      2.61e-01    2.72e-01    7.7e-05
    548      2.34e+00    2.44e+00      2.84e-03    4.19e-03      2.65e-01    2.77e-01    7.7e-05
    550      2.32e+00    2.39e+00      3.42e-03    4.19e-03      2.62e-01    2.70e-01    7.7e-05
    552      2.31e+00    2.40e+00      3.80e-03    3.73e-03      2.62e-01    2.72e-01    7.7e-05
    554      2.34e+00    2.42e+00      3.47e-03    4.06e-03      2.65e-01    2.74e-01    7.7e-05
    556      2.36e+00    2.43e+00      2.14e-03    4.21e-03      2.68e-01    2.75e-01    7.7e-05
    558      2.27e+00    2.42e+00      4.01e-03    4.04e-03      2.58e-01    2.74e-01    7.7e-05
    560      2.30e+00    2.42e+00      2.71e-03    4.09e-03      2.60e-01    2.74e-01    7.7e-05
    562      2.35e+00    2.39e+00      3.58e-03    4.26e-03      2.66e-01    2.70e-01    7.7e-05
    564      2.35e+00    2.43e+00      3.67e-03    4.09e-03      2.66e-01    2.75e-01    7.7e-05
    566      2.30e+00    2.40e+00      2.82e-03    3.39e-03      2.60e-01    2.72e-01    7.7e-05
    568      2.32e+00    2.40e+00      3.23e-03    4.20e-03      2.63e-01    2.72e-01    7.7e-05
    570      2.31e+00    2.40e+00      3.60e-03    4.01e-03      2.62e-01    2.72e-01    7.7e-05
    572      2.27e+00    2.46e+00      2.76e-03    3.97e-03      2.57e-01    2.78e-01    7.7e-05
    574      2.37e+00    2.40e+00      3.53e-03    3.90e-03      2.69e-01    2.72e-01    7.7e-05
    576      2.31e+00    2.38e+00      3.59e-03    3.98e-03      2.61e-01    2.70e-01    7.7e-05
    578      2.35e+00    2.37e+00      3.26e-03    3.57e-03      2.66e-01    2.69e-01    7.7e-05
    580      2.35e+00    2.40e+00      3.02e-03    4.14e-03      2.66e-01    2.72e-01    7.7e-05
    582      2.29e+00    2.42e+00      3.47e-03    3.84e-03      2.59e-01    2.74e-01    7.7e-05
    584      2.31e+00    2.38e+00      3.20e-03    3.70e-03      2.62e-01    2.70e-01    7.7e-05
    586      2.35e+00    2.42e+00      4.07e-03    3.47e-03      2.67e-01    2.75e-01    7.7e-05
    588      2.30e+00    2.40e+00      2.23e-03    3.81e-03      2.61e-01    2.72e-01    7.7e-05
    590      2.34e+00    2.43e+00      3.89e-03    4.37e-03      2.66e-01    2.76e-01    7.7e-05
    592      2.37e+00    2.35e+00      2.93e-03    3.67e-03      2.68e-01    2.66e-01    7.7e-05
    594      2.28e+00    2.41e+00      3.87e-03    3.60e-03      2.58e-01    2.73e-01    7.7e-05
    596      2.33e+00    2.38e+00      3.39e-03    3.97e-03      2.64e-01    2.69e-01    7.7e-05
    598      2.31e+00    2.38e+00      2.96e-03    4.26e-03      2.62e-01    2.70e-01    7.7e-05
    600      1.82e+00    1.86e+00      3.70e-03    4.19e-03      2.65e-01    2.71e-01    4.6e-05
    602      1.79e+00    1.84e+00      3.29e-03    4.06e-03      2.61e-01    2.69e-01    4.6e-05
    604      1.79e+00    1.85e+00      3.43e-03    3.63e-03      2.61e-01    2.70e-01    4.6e-05
    606      1.82e+00    1.88e+00      3.21e-03    3.95e-03      2.66e-01    2.74e-01    4.6e-05
    608      1.83e+00    1.87e+00      3.40e-03    3.98e-03      2.67e-01    2.72e-01    4.6e-05
    610      1.79e+00    1.88e+00      3.25e-03    4.02e-03      2.61e-01    2.75e-01    4.6e-05
    612      1.75e+00    1.88e+00      3.79e-03    3.88e-03      2.55e-01    2.73e-01    4.6e-05
    614      1.86e+00    1.86e+00      3.14e-03    3.98e-03      2.71e-01    2.71e-01    4.6e-05
    616      1.78e+00    1.87e+00      2.34e-03    4.08e-03      2.59e-01    2.73e-01    4.6e-05
    618      1.83e+00    1.87e+00      3.85e-03    3.70e-03      2.67e-01    2.72e-01    4.6e-05
    620      1.80e+00    1.89e+00      3.26e-03    4.48e-03      2.62e-01    2.75e-01    4.6e-05
    622      1.80e+00    1.85e+00      3.71e-03    3.89e-03      2.62e-01    2.70e-01    4.6e-05
    624      1.82e+00    1.88e+00      2.59e-03    3.93e-03      2.66e-01    2.73e-01    4.6e-05
    626      1.78e+00    1.88e+00      3.98e-03    4.24e-03      2.59e-01    2.74e-01    4.6e-05
    628      1.76e+00    1.86e+00      2.59e-03    3.82e-03      2.57e-01    2.72e-01    4.6e-05
    630      1.84e+00    1.88e+00      3.94e-03    3.88e-03      2.69e-01    2.74e-01    4.6e-05
    632      1.81e+00    1.87e+00      3.80e-03    3.99e-03      2.63e-01    2.73e-01    4.6e-05
    634      1.80e+00    1.86e+00      2.93e-03    3.89e-03      2.62e-01    2.72e-01    4.6e-05
    636      1.81e+00    1.86e+00      3.16e-03    4.24e-03      2.63e-01    2.72e-01    4.6e-05
    638      1.79e+00    1.86e+00      3.53e-03    3.67e-03      2.61e-01    2.72e-01    4.6e-05
    640      1.80e+00    1.88e+00      3.44e-03    4.26e-03      2.63e-01    2.74e-01    4.6e-05
    642      1.80e+00    1.86e+00      3.15e-03    3.85e-03      2.62e-01    2.71e-01    4.6e-05
    644      1.82e+00    1.86e+00      3.42e-03    4.01e-03      2.66e-01    2.71e-01    4.6e-05
    646      1.80e+00    1.90e+00      3.39e-03    4.33e-03      2.62e-01    2.77e-01    4.6e-05
    648      1.79e+00    1.89e+00      4.33e-03    4.19e-03      2.61e-01    2.75e-01    4.6e-05
    650      1.82e+00    1.87e+00      2.11e-03    3.93e-03      2.66e-01    2.72e-01    4.6e-05
    652      1.82e+00    1.87e+00      3.50e-03    3.88e-03      2.65e-01    2.73e-01    4.6e-05
    654      1.81e+00    1.88e+00      3.36e-03    4.18e-03      2.63e-01    2.74e-01    4.6e-05
    656      1.81e+00    1.86e+00      3.79e-03    4.10e-03      2.63e-01    2.71e-01    4.6e-05
    658      1.79e+00    1.89e+00      2.82e-03    4.17e-03      2.62e-01    2.75e-01    4.6e-05
    660      1.79e+00    1.86e+00      3.30e-03    4.14e-03      2.61e-01    2.72e-01    4.6e-05
    662      1.82e+00    1.87e+00      2.88e-03    4.19e-03      2.65e-01    2.73e-01    4.6e-05
    664      1.80e+00    1.87e+00      3.84e-03    4.05e-03      2.63e-01    2.72e-01    4.6e-05
    666      1.80e+00    1.86e+00      3.61e-03    3.79e-03      2.63e-01    2.71e-01    4.6e-05
    668      1.81e+00    1.85e+00      2.71e-03    3.81e-03      2.64e-01    2.70e-01    4.6e-05
    670      1.80e+00    1.88e+00      3.40e-03    4.07e-03      2.62e-01    2.74e-01    4.6e-05
    672      1.80e+00    1.86e+00      3.40e-03    3.99e-03      2.63e-01    2.72e-01    4.6e-05
    674      1.81e+00    1.88e+00      4.10e-03    4.04e-03      2.63e-01    2.74e-01    4.6e-05
    676      1.77e+00    1.86e+00      3.25e-03    3.93e-03      2.59e-01    2.72e-01    4.6e-05
    678      1.84e+00    1.86e+00      2.94e-03    4.00e-03      2.68e-01    2.71e-01    4.6e-05
    680      1.81e+00    1.89e+00      3.76e-03    3.91e-03      2.65e-01    2.75e-01    4.6e-05
    682      1.80e+00    1.87e+00      3.47e-03    4.30e-03      2.63e-01    2.73e-01    4.6e-05
    684      1.83e+00    1.87e+00      3.51e-03    4.25e-03      2.67e-01    2.72e-01    4.6e-05
    686      1.79e+00    1.88e+00      2.93e-03    4.15e-03      2.61e-01    2.74e-01    4.6e-05
    688      1.83e+00    1.87e+00      2.90e-03    3.78e-03      2.66e-01    2.73e-01    4.6e-05
    690      1.77e+00    1.87e+00      3.69e-03    4.11e-03      2.58e-01    2.72e-01    4.6e-05
    692      1.79e+00    1.86e+00      3.70e-03    3.91e-03      2.61e-01    2.72e-01    4.6e-05
    694      1.83e+00    1.84e+00      3.42e-03    4.12e-03      2.66e-01    2.68e-01    4.6e-05
    696      1.80e+00    1.86e+00      3.38e-03    4.27e-03      2.62e-01    2.72e-01    4.6e-05
    698      1.81e+00    1.89e+00      3.18e-03    3.87e-03      2.63e-01    2.75e-01    4.6e-05
    700      1.43e+00    1.46e+00      3.76e-03    4.36e-03      2.67e-01    2.73e-01    2.8e-05
    702      1.38e+00    1.45e+00      3.49e-03    4.17e-03      2.57e-01    2.71e-01    2.8e-05
    704      1.39e+00    1.44e+00      3.00e-03    3.96e-03      2.61e-01    2.69e-01    2.8e-05
    706      1.41e+00    1.45e+00      3.30e-03    4.14e-03      2.64e-01    2.72e-01    2.8e-05
    708      1.41e+00    1.46e+00      2.70e-03    3.95e-03      2.63e-01    2.73e-01    2.8e-05
    710      1.41e+00    1.46e+00      4.23e-03    3.65e-03      2.63e-01    2.72e-01    2.8e-05
    712      1.40e+00    1.45e+00      3.78e-03    4.13e-03      2.61e-01    2.71e-01    2.8e-05
    714      1.42e+00    1.44e+00      2.53e-03    3.80e-03      2.65e-01    2.69e-01    2.8e-05
    716      1.39e+00    1.45e+00      2.55e-03    3.91e-03      2.59e-01    2.72e-01    2.8e-05
    718      1.43e+00    1.45e+00      3.88e-03    4.23e-03      2.67e-01    2.71e-01    2.8e-05
    720      1.39e+00    1.48e+00      3.56e-03    4.17e-03      2.60e-01    2.76e-01    2.8e-05
    722      1.42e+00    1.48e+00      2.75e-03    3.71e-03      2.66e-01    2.76e-01    2.8e-05
    724      1.38e+00    1.45e+00      3.16e-03    3.51e-03      2.58e-01    2.72e-01    2.8e-05
    726      1.42e+00    1.46e+00      3.46e-03    4.08e-03      2.66e-01    2.73e-01    2.8e-05
    728      1.42e+00    1.47e+00      3.21e-03    3.71e-03      2.65e-01    2.74e-01    2.8e-05
    730      1.40e+00    1.47e+00      3.65e-03    4.05e-03      2.62e-01    2.75e-01    2.8e-05
    732      1.39e+00    1.45e+00      3.33e-03    3.96e-03      2.61e-01    2.71e-01    2.8e-05
    734      1.43e+00    1.42e+00      3.25e-03    3.51e-03      2.67e-01    2.66e-01    2.8e-05
    736      1.41e+00    1.45e+00      3.42e-03    4.11e-03      2.65e-01    2.72e-01    2.8e-05
    738      1.39e+00    1.47e+00      3.48e-03    3.97e-03      2.60e-01    2.74e-01    2.8e-05
    740      1.40e+00    1.45e+00      3.42e-03    3.83e-03      2.62e-01    2.72e-01    2.8e-05
    742      1.41e+00    1.47e+00      3.34e-03    4.31e-03      2.64e-01    2.74e-01    2.8e-05
    744      1.41e+00    1.46e+00      2.83e-03    4.34e-03      2.63e-01    2.72e-01    2.8e-05
    746      1.40e+00    1.47e+00      3.36e-03    4.07e-03      2.62e-01    2.75e-01    2.8e-05
    748      1.40e+00    1.44e+00      3.35e-03    3.95e-03      2.61e-01    2.69e-01    2.8e-05
    750      1.40e+00    1.47e+00      3.92e-03    3.79e-03      2.63e-01    2.75e-01    2.8e-05
    752      1.42e+00    1.46e+00      3.48e-03    3.72e-03      2.66e-01    2.73e-01    2.8e-05
    754      1.38e+00    1.45e+00      3.16e-03    3.76e-03      2.59e-01    2.71e-01    2.8e-05
    756      1.39e+00    1.46e+00      2.93e-03    4.03e-03      2.59e-01    2.73e-01    2.8e-05
    758      1.42e+00    1.46e+00      3.47e-03    4.23e-03      2.65e-01    2.72e-01    2.8e-05
    760      1.40e+00    1.45e+00      3.68e-03    3.63e-03      2.62e-01    2.71e-01    2.8e-05
    762      1.40e+00    1.45e+00      3.35e-03    4.12e-03      2.62e-01    2.72e-01    2.8e-05
    764      1.41e+00    1.45e+00      3.32e-03    3.87e-03      2.64e-01    2.71e-01    2.8e-05
    766      1.40e+00    1.45e+00      3.48e-03    4.00e-03      2.62e-01    2.71e-01    2.8e-05
    768      1.42e+00    1.46e+00      3.45e-03    3.98e-03      2.66e-01    2.72e-01    2.8e-05
    770      1.39e+00    1.46e+00      2.93e-03    3.66e-03      2.60e-01    2.74e-01    2.8e-05
    772      1.42e+00    1.43e+00      2.75e-03    3.97e-03      2.66e-01    2.68e-01    2.8e-05
    774      1.39e+00    1.47e+00      3.83e-03    4.15e-03      2.59e-01    2.75e-01    2.8e-05
    776      1.42e+00    1.45e+00      3.50e-03    3.97e-03      2.65e-01    2.72e-01    2.8e-05
    778      1.39e+00    1.46e+00      3.64e-03    3.74e-03      2.60e-01    2.72e-01    2.8e-05
    780      1.42e+00    1.45e+00      2.72e-03    3.77e-03      2.65e-01    2.71e-01    2.8e-05
    782      1.39e+00    1.46e+00      3.51e-03    4.30e-03      2.60e-01    2.72e-01    2.8e-05
    784      1.42e+00    1.45e+00      3.52e-03    3.98e-03      2.65e-01    2.70e-01    2.8e-05
    786      1.40e+00    1.46e+00      3.36e-03    3.91e-03      2.62e-01    2.73e-01    2.8e-05
    788      1.36e+00    1.44e+00      3.06e-03    4.14e-03      2.54e-01    2.69e-01    2.8e-05
    790      1.44e+00    1.46e+00      3.57e-03    4.12e-03      2.69e-01    2.72e-01    2.8e-05
    792      1.40e+00    1.44e+00      3.13e-03    3.55e-03      2.62e-01    2.70e-01    2.8e-05
    794      1.40e+00    1.48e+00      3.65e-03    3.80e-03      2.62e-01    2.76e-01    2.8e-05
    796      1.42e+00    1.45e+00      3.16e-03    4.16e-03      2.65e-01    2.72e-01    2.8e-05
    798      1.40e+00    1.46e+00      3.66e-03    4.04e-03      2.61e-01    2.72e-01    2.8e-05
    800      1.12e+00    1.14e+00      3.61e-03    3.95e-03      2.67e-01    2.73e-01    1.7e-05
    802      1.08e+00    1.13e+00      3.31e-03    3.89e-03      2.58e-01    2.70e-01    1.7e-05
    804      1.11e+00    1.13e+00      3.13e-03    4.18e-03      2.66e-01    2.70e-01    1.7e-05
    806      1.09e+00    1.13e+00      3.31e-03    3.74e-03      2.60e-01    2.70e-01    1.7e-05
    808      1.10e+00    1.14e+00      3.38e-03    3.99e-03      2.64e-01    2.73e-01    1.7e-05
    810      1.10e+00    1.13e+00      3.37e-03    4.06e-03      2.63e-01    2.70e-01    1.7e-05
    812      1.08e+00    1.15e+00      3.77e-03    4.01e-03      2.58e-01    2.75e-01    1.7e-05
    814      1.11e+00    1.14e+00      3.36e-03    4.00e-03      2.66e-01    2.73e-01    1.7e-05
    816      1.09e+00    1.13e+00      3.04e-03    3.99e-03      2.61e-01    2.71e-01    1.7e-05
    818      1.11e+00    1.14e+00      3.42e-03    3.41e-03      2.65e-01    2.73e-01    1.7e-05
    820      1.13e+00    1.12e+00      3.35e-03    3.40e-03      2.70e-01    2.68e-01    1.7e-05
    822      1.07e+00    1.14e+00      3.06e-03    4.31e-03      2.57e-01    2.73e-01    1.7e-05
    824      1.12e+00    1.15e+00      3.20e-03    3.90e-03      2.67e-01    2.75e-01    1.7e-05
    826      1.08e+00    1.15e+00      3.86e-03    4.03e-03      2.58e-01    2.74e-01    1.7e-05
    828      1.10e+00    1.14e+00      3.20e-03    3.58e-03      2.63e-01    2.71e-01    1.7e-05
    830      1.10e+00    1.15e+00      3.72e-03    3.74e-03      2.63e-01    2.75e-01    1.7e-05
    832      1.11e+00    1.14e+00      3.33e-03    3.74e-03      2.65e-01    2.71e-01    1.7e-05
    834      1.09e+00    1.14e+00      3.39e-03    4.25e-03      2.60e-01    2.73e-01    1.7e-05
    836      1.12e+00    1.14e+00      2.82e-03    4.08e-03      2.67e-01    2.73e-01    1.7e-05
    838      1.08e+00    1.14e+00      3.75e-03    3.95e-03      2.58e-01    2.73e-01    1.7e-05
    840      1.11e+00    1.15e+00      2.67e-03    3.77e-03      2.66e-01    2.75e-01    1.7e-05
    842      1.09e+00    1.14e+00      3.62e-03    3.59e-03      2.60e-01    2.71e-01    1.7e-05
    844      1.09e+00    1.14e+00      3.48e-03    4.15e-03      2.61e-01    2.72e-01    1.7e-05
    846      1.10e+00    1.13e+00      3.09e-03    3.75e-03      2.63e-01    2.70e-01    1.7e-05
    848      1.10e+00    1.16e+00      3.87e-03    4.07e-03      2.62e-01    2.76e-01    1.7e-05
    850      1.11e+00    1.13e+00      2.97e-03    4.11e-03      2.65e-01    2.69e-01    1.7e-05
    852      1.09e+00    1.14e+00      3.14e-03    3.95e-03      2.61e-01    2.73e-01    1.7e-05
    854      1.11e+00    1.15e+00      3.65e-03    4.05e-03      2.64e-01    2.74e-01    1.7e-05
    856      1.09e+00    1.13e+00      3.01e-03    4.19e-03      2.60e-01    2.71e-01    1.7e-05
    858      1.12e+00    1.14e+00      3.68e-03    4.00e-03      2.67e-01    2.73e-01    1.7e-05
    860      1.06e+00    1.14e+00      3.82e-03    4.00e-03      2.53e-01    2.72e-01    1.7e-05
    862      1.14e+00    1.13e+00      2.97e-03    4.38e-03      2.73e-01    2.70e-01    1.7e-05
    864      1.08e+00    1.14e+00      3.48e-03    4.13e-03      2.58e-01    2.72e-01    1.7e-05
    866      1.12e+00    1.15e+00      3.24e-03    3.88e-03      2.67e-01    2.74e-01    1.7e-05
    868      1.12e+00    1.14e+00      3.59e-03    3.83e-03      2.67e-01    2.71e-01    1.7e-05
    870      1.07e+00    1.14e+00      3.19e-03    3.84e-03      2.57e-01    2.72e-01    1.7e-05
    872      1.11e+00    1.15e+00      2.24e-03    4.35e-03      2.64e-01    2.74e-01    1.7e-05
    874      1.10e+00    1.13e+00      3.99e-03    3.50e-03      2.62e-01    2.71e-01    1.7e-05
    876      1.10e+00    1.14e+00      3.02e-03    4.17e-03      2.62e-01    2.71e-01    1.7e-05
    878      1.11e+00    1.14e+00      3.61e-03    4.20e-03      2.64e-01    2.73e-01    1.7e-05
    880      1.11e+00    1.13e+00      3.45e-03    3.97e-03      2.64e-01    2.71e-01    1.7e-05
    882      1.10e+00    1.13e+00      3.49e-03    3.70e-03      2.62e-01    2.70e-01    1.7e-05
    884      1.10e+00    1.15e+00      3.87e-03    3.75e-03      2.63e-01    2.74e-01    1.7e-05
    886      1.10e+00    1.15e+00      2.64e-03    4.24e-03      2.63e-01    2.74e-01    1.7e-05
    888      1.11e+00    1.13e+00      3.40e-03    3.92e-03      2.64e-01    2.69e-01    1.7e-05
    890      1.09e+00    1.13e+00      3.39e-03    4.13e-03      2.60e-01    2.69e-01    1.7e-05
    892      1.11e+00    1.15e+00      3.36e-03    4.24e-03      2.66e-01    2.74e-01    1.7e-05
    894      1.09e+00    1.14e+00      3.55e-03    4.23e-03      2.61e-01    2.72e-01    1.7e-05
    896      1.09e+00    1.13e+00      3.36e-03    4.09e-03      2.61e-01    2.70e-01    1.7e-05
    898      1.11e+00    1.13e+00      3.35e-03    3.67e-03      2.65e-01    2.70e-01    1.7e-05
    900      8.75e-01    8.91e-01      3.45e-03    4.02e-03      2.65e-01    2.70e-01    9.9e-06
    902      8.63e-01    8.94e-01      3.18e-03    3.81e-03      2.61e-01    2.71e-01    9.9e-06
    904      8.70e-01    9.03e-01      2.99e-03    3.63e-03      2.63e-01    2.73e-01    9.9e-06
    906      8.65e-01    8.90e-01      3.60e-03    3.94e-03      2.62e-01    2.70e-01    9.9e-06
    908      8.61e-01    8.89e-01      3.37e-03    4.03e-03      2.61e-01    2.69e-01    9.9e-06
    910      8.64e-01    9.10e-01      3.48e-03    3.95e-03      2.62e-01    2.76e-01    9.9e-06
    912      8.58e-01    9.01e-01      3.30e-03    3.83e-03      2.60e-01    2.73e-01    9.9e-06
    914      8.71e-01    8.88e-01      3.48e-03    3.67e-03      2.64e-01    2.69e-01    9.9e-06
    916      8.70e-01    8.96e-01      2.83e-03    4.11e-03      2.64e-01    2.71e-01    9.9e-06
    918      8.65e-01    9.09e-01      3.39e-03    3.76e-03      2.62e-01    2.75e-01    9.9e-06
    920      8.64e-01    8.90e-01      3.76e-03    4.03e-03      2.62e-01    2.69e-01    9.9e-06
    922      8.61e-01    8.88e-01      2.89e-03    3.88e-03      2.61e-01    2.69e-01    9.9e-06
    924      8.61e-01    8.87e-01      3.89e-03    3.96e-03      2.61e-01    2.68e-01    9.9e-06
    926      8.73e-01    8.85e-01      2.63e-03    3.74e-03      2.64e-01    2.68e-01    9.9e-06
    928      8.55e-01    9.02e-01      3.62e-03    4.25e-03      2.59e-01    2.73e-01    9.9e-06
    930      8.82e-01    9.06e-01      3.15e-03    3.62e-03      2.67e-01    2.74e-01    9.9e-06
    932      8.66e-01    8.98e-01      3.97e-03    3.92e-03      2.62e-01    2.72e-01    9.9e-06
    934      8.70e-01    8.99e-01      2.76e-03    3.95e-03      2.63e-01    2.72e-01    9.9e-06
    936      8.67e-01    8.90e-01      3.24e-03    3.84e-03      2.62e-01    2.69e-01    9.9e-06
    938      8.70e-01    9.01e-01      2.92e-03    3.82e-03      2.64e-01    2.73e-01    9.9e-06
    940      8.50e-01    8.97e-01      3.65e-03    3.95e-03      2.57e-01    2.72e-01    9.9e-06
    942      8.84e-01    9.01e-01      2.94e-03    3.66e-03      2.68e-01    2.73e-01    9.9e-06
    944      8.60e-01    8.93e-01      3.44e-03    3.66e-03      2.61e-01    2.71e-01    9.9e-06
    946      8.81e-01    9.04e-01      3.41e-03    3.95e-03      2.67e-01    2.74e-01    9.9e-06
    948      8.60e-01    9.09e-01      3.08e-03    3.74e-03      2.60e-01    2.75e-01    9.9e-06
    950      8.77e-01    9.03e-01      3.77e-03    3.88e-03      2.66e-01    2.74e-01    9.9e-06
    952      8.71e-01    8.92e-01      3.64e-03    4.13e-03      2.64e-01    2.70e-01    9.9e-06
    954      8.64e-01    9.03e-01      2.94e-03    4.18e-03      2.62e-01    2.74e-01    9.9e-06
    956      8.76e-01    9.04e-01      3.60e-03    3.78e-03      2.65e-01    2.74e-01    9.9e-06
    958      8.59e-01    8.98e-01      3.14e-03    3.92e-03      2.60e-01    2.72e-01    9.9e-06
    960      8.53e-01    9.01e-01      3.64e-03    4.05e-03      2.58e-01    2.73e-01    9.9e-06
    962      8.79e-01    9.00e-01      3.22e-03    4.03e-03      2.66e-01    2.72e-01    9.9e-06
    964      8.64e-01    9.07e-01      3.13e-03    4.03e-03      2.62e-01    2.75e-01    9.9e-06
    966      8.69e-01    8.90e-01      3.16e-03    4.00e-03      2.63e-01    2.70e-01    9.9e-06
    968      8.60e-01    8.98e-01      3.02e-03    3.79e-03      2.61e-01    2.72e-01    9.9e-06
    970      8.70e-01    9.07e-01      3.76e-03    4.14e-03      2.63e-01    2.75e-01    9.9e-06
    972      8.70e-01    8.96e-01      3.26e-03    3.78e-03      2.64e-01    2.71e-01    9.9e-06
    974      8.70e-01    8.86e-01      3.54e-03    3.84e-03      2.64e-01    2.68e-01    9.9e-06
    976      8.75e-01    9.01e-01      3.15e-03    4.24e-03      2.65e-01    2.73e-01    9.9e-06
    978      8.64e-01    9.00e-01      3.42e-03    3.84e-03      2.62e-01    2.73e-01    9.9e-06
    980      8.70e-01    9.06e-01      3.48e-03    3.73e-03      2.63e-01    2.74e-01    9.9e-06
    982      8.66e-01    8.95e-01      3.29e-03    4.10e-03      2.62e-01    2.71e-01    9.9e-06
    984      8.57e-01    8.98e-01      2.98e-03    3.75e-03      2.60e-01    2.72e-01    9.9e-06
    986      8.74e-01    8.91e-01      3.85e-03    3.82e-03      2.65e-01    2.70e-01    9.9e-06
    988      8.73e-01    8.89e-01      2.99e-03    3.85e-03      2.64e-01    2.69e-01    9.9e-06
    990      8.64e-01    8.92e-01      3.30e-03    3.73e-03      2.62e-01    2.70e-01    9.9e-06
    992      8.80e-01    9.01e-01      2.23e-03    4.14e-03      2.67e-01    2.73e-01    9.9e-06
    994      8.56e-01    9.02e-01      4.26e-03    4.11e-03      2.59e-01    2.73e-01    9.9e-06
    996      8.58e-01    9.03e-01      2.97e-03    4.08e-03      2.60e-01    2.74e-01    9.9e-06
    998      8.79e-01    8.96e-01      3.80e-03    3.87e-03      2.66e-01    2.71e-01    9.9e-06
   1000      6.96e-01    7.19e-01      3.23e-03    3.86e-03      2.64e-01    2.73e-01    5.9e-06
   1002      6.88e-01    7.16e-01      3.61e-03    4.09e-03      2.61e-01    2.72e-01    5.9e-06
   1004      6.83e-01    7.16e-01      2.66e-03    4.07e-03      2.59e-01    2.72e-01    5.9e-06
   1006      6.92e-01    7.07e-01      3.97e-03    3.85e-03      2.63e-01    2.68e-01    5.9e-06
   1008      7.03e-01    7.16e-01      3.19e-03    4.01e-03      2.67e-01    2.72e-01    5.9e-06
   1010      6.76e-01    7.22e-01      3.11e-03    4.19e-03      2.57e-01    2.74e-01    5.9e-06
   1012      6.93e-01    7.20e-01      3.61e-03    3.64e-03      2.63e-01    2.73e-01    5.9e-06
   1014      6.96e-01    7.28e-01      3.22e-03    4.16e-03      2.64e-01    2.76e-01    5.9e-06
   1016      6.94e-01    7.17e-01      3.92e-03    4.05e-03      2.63e-01    2.72e-01    5.9e-06
   1018      6.85e-01    7.16e-01      2.86e-03    3.45e-03      2.60e-01    2.72e-01    5.9e-06
   1020      6.88e-01    7.15e-01      3.18e-03    3.79e-03      2.61e-01    2.71e-01    5.9e-06
   1022      6.92e-01    7.17e-01      3.52e-03    3.87e-03      2.63e-01    2.72e-01    5.9e-06
   1024      6.95e-01    7.11e-01      2.76e-03    3.76e-03      2.64e-01    2.70e-01    5.9e-06
   1026      6.93e-01    7.12e-01      3.96e-03    3.80e-03      2.63e-01    2.70e-01    5.9e-06
   1028      6.80e-01    7.14e-01      3.55e-03    3.78e-03      2.58e-01    2.71e-01    5.9e-06
   1030      7.04e-01    7.17e-01      2.88e-03    4.22e-03      2.67e-01    2.72e-01    5.9e-06
   1032      6.87e-01    7.15e-01      3.22e-03    4.09e-03      2.61e-01    2.71e-01    5.9e-06
   1034      6.96e-01    7.23e-01      3.50e-03    3.76e-03      2.64e-01    2.75e-01    5.9e-06
   1036      6.86e-01    7.22e-01      3.11e-03    3.65e-03      2.61e-01    2.74e-01    5.9e-06
   1038      6.99e-01    7.12e-01      3.79e-03    4.25e-03      2.65e-01    2.70e-01    5.9e-06
   1040      6.90e-01    7.24e-01      3.55e-03    4.03e-03      2.62e-01    2.75e-01    5.9e-06
   1042      6.96e-01    7.18e-01      3.44e-03    3.95e-03      2.64e-01    2.72e-01    5.9e-06
   1044      6.96e-01    7.18e-01      2.75e-03    4.22e-03      2.64e-01    2.73e-01    5.9e-06
   1046      6.89e-01    7.25e-01      3.83e-03    3.90e-03      2.61e-01    2.75e-01    5.9e-06
   1048      7.03e-01    7.10e-01      3.25e-03    3.54e-03      2.67e-01    2.70e-01    5.9e-06
   1050      6.78e-01    7.19e-01      3.19e-03    4.05e-03      2.57e-01    2.73e-01    5.9e-06
   1052      6.88e-01    7.10e-01      3.63e-03    3.85e-03      2.61e-01    2.69e-01    5.9e-06
   1054      6.93e-01    7.11e-01      2.83e-03    3.83e-03      2.63e-01    2.70e-01    5.9e-06
   1056      7.11e-01    7.27e-01      3.02e-03    4.08e-03      2.70e-01    2.76e-01    5.9e-06
   1058      6.75e-01    7.10e-01      3.62e-03    4.04e-03      2.56e-01    2.70e-01    5.9e-06
   1060      6.86e-01    7.15e-01      3.53e-03    3.65e-03      2.60e-01    2.72e-01    5.9e-06
   1062      6.94e-01    7.11e-01      3.38e-03    4.13e-03      2.63e-01    2.70e-01    5.9e-06
   1064      6.85e-01    7.12e-01      2.59e-03    3.71e-03      2.60e-01    2.70e-01    5.9e-06
   1066      7.02e-01    7.24e-01      3.97e-03    3.87e-03      2.67e-01    2.75e-01    5.9e-06
   1068      6.97e-01    7.15e-01      3.51e-03    4.03e-03      2.65e-01    2.71e-01    5.9e-06
   1070      6.86e-01    7.20e-01      3.27e-03    4.29e-03      2.61e-01    2.73e-01    5.9e-06
   1072      7.16e-01    7.13e-01      2.98e-03    4.11e-03      2.72e-01    2.71e-01    5.9e-06
   1074      6.64e-01    7.09e-01      3.52e-03    3.96e-03      2.52e-01    2.69e-01    5.9e-06
   1076      6.84e-01    7.00e-01      4.00e-03    3.85e-03      2.60e-01    2.66e-01    5.9e-06
   1078      7.03e-01    7.13e-01      2.57e-03    4.02e-03      2.67e-01    2.71e-01    5.9e-06
   1080      7.08e-01    7.16e-01      3.46e-03    3.83e-03      2.69e-01    2.72e-01    5.9e-06
   1082      6.79e-01    7.11e-01      3.26e-03    3.86e-03      2.58e-01    2.70e-01    5.9e-06
   1084      6.94e-01    7.07e-01      3.41e-03    4.24e-03      2.63e-01    2.68e-01    5.9e-06
   1086      6.89e-01    7.15e-01      3.36e-03    3.83e-03      2.62e-01    2.72e-01    5.9e-06
   1088      6.93e-01    7.14e-01      3.68e-03    3.87e-03      2.63e-01    2.71e-01    5.9e-06
   1090      6.85e-01    7.15e-01      2.96e-03    3.97e-03      2.60e-01    2.71e-01    5.9e-06
   1092      6.89e-01    7.19e-01      3.54e-03    4.03e-03      2.61e-01    2.73e-01    5.9e-06
   1094      6.96e-01    7.10e-01      3.30e-03    3.61e-03      2.64e-01    2.70e-01    5.9e-06
   1096      6.90e-01    7.16e-01      2.71e-03    3.62e-03      2.62e-01    2.72e-01    5.9e-06
   1098      6.93e-01    7.09e-01      4.01e-03    3.68e-03      2.63e-01    2.69e-01    5.9e-06
   1100      5.60e-01    5.88e-01      3.79e-03    4.14e-03      2.62e-01    2.75e-01    3.5e-06
   1102      5.59e-01    5.85e-01      2.91e-03    3.98e-03      2.62e-01    2.74e-01    3.5e-06
   1104      5.67e-01    5.85e-01      2.52e-03    3.90e-03      2.66e-01    2.74e-01    3.5e-06
   1106      5.55e-01    5.83e-01      4.10e-03    4.05e-03      2.60e-01    2.73e-01    3.5e-06
   1108      5.62e-01    5.75e-01      3.73e-03    3.81e-03      2.63e-01    2.69e-01    3.5e-06
   1110      5.60e-01    5.75e-01      3.02e-03    3.88e-03      2.62e-01    2.69e-01    3.5e-06
   1112      5.67e-01    5.74e-01      3.51e-03    4.42e-03      2.65e-01    2.68e-01    3.5e-06
   1114      5.53e-01    5.85e-01      2.87e-03    3.76e-03      2.59e-01    2.74e-01    3.5e-06
   1116      5.64e-01    5.76e-01      3.84e-03    3.81e-03      2.64e-01    2.70e-01    3.5e-06
   1118      5.63e-01    5.75e-01      2.83e-03    3.92e-03      2.64e-01    2.69e-01    3.5e-06
   1120      5.67e-01    5.83e-01      3.90e-03    3.71e-03      2.65e-01    2.73e-01    3.5e-06
   1122      5.58e-01    5.77e-01      2.83e-03    3.99e-03      2.61e-01    2.70e-01    3.5e-06
   1124      5.45e-01    5.86e-01      3.85e-03    3.97e-03      2.55e-01    2.74e-01    3.5e-06
   1126      5.75e-01    5.78e-01      2.86e-03    3.87e-03      2.69e-01    2.70e-01    3.5e-06
   1128      5.62e-01    5.76e-01      3.14e-03    4.05e-03      2.63e-01    2.70e-01    3.5e-06
   1130      5.62e-01    5.87e-01      3.70e-03    3.85e-03      2.63e-01    2.75e-01    3.5e-06
   1132      5.55e-01    5.80e-01      3.62e-03    3.59e-03      2.60e-01    2.72e-01    3.5e-06
   1134      5.68e-01    5.79e-01      3.15e-03    3.78e-03      2.66e-01    2.71e-01    3.5e-06
   1136      5.62e-01    5.75e-01      2.81e-03    3.59e-03      2.63e-01    2.69e-01    3.5e-06
   1138      5.58e-01    5.82e-01      3.40e-03    4.11e-03      2.61e-01    2.72e-01    3.5e-06
   1140      5.67e-01    5.75e-01      3.66e-03    3.77e-03      2.65e-01    2.69e-01    3.5e-06
   1142      5.53e-01    5.88e-01      3.02e-03    4.09e-03      2.59e-01    2.75e-01    3.5e-06
   1144      5.63e-01    5.78e-01      3.38e-03    3.52e-03      2.64e-01    2.70e-01    3.5e-06
   1146      5.58e-01    5.79e-01      3.48e-03    3.86e-03      2.61e-01    2.71e-01    3.5e-06
   1148      5.59e-01    5.83e-01      3.54e-03    4.13e-03      2.62e-01    2.73e-01    3.5e-06
   1150      5.66e-01    5.82e-01      3.21e-03    3.97e-03      2.65e-01    2.72e-01    3.5e-06
   1152      5.72e-01    5.79e-01      3.86e-03    3.97e-03      2.68e-01    2.71e-01    3.5e-06
   1154      5.51e-01    5.78e-01      2.78e-03    3.86e-03      2.58e-01    2.70e-01    3.5e-06
   1156      5.53e-01    5.84e-01      3.74e-03    4.04e-03      2.59e-01    2.73e-01    3.5e-06
   1158      5.72e-01    5.86e-01      3.11e-03    4.08e-03      2.68e-01    2.74e-01    3.5e-06
   1160      5.71e-01    5.74e-01      3.16e-03    3.91e-03      2.67e-01    2.68e-01    3.5e-06
   1162      5.52e-01    5.80e-01      3.65e-03    4.08e-03      2.59e-01    2.72e-01    3.5e-06
   1164      5.64e-01    5.77e-01      3.93e-03    3.77e-03      2.64e-01    2.70e-01    3.5e-06
   1166      5.55e-01    5.86e-01      2.77e-03    3.88e-03      2.60e-01    2.74e-01    3.5e-06
   1168      5.54e-01    5.91e-01      3.49e-03    3.91e-03      2.59e-01    2.77e-01    3.5e-06
   1170      5.64e-01    5.82e-01      3.28e-03    3.98e-03      2.64e-01    2.73e-01    3.5e-06
   1172      5.53e-01    5.80e-01      2.66e-03    3.91e-03      2.59e-01    2.71e-01    3.5e-06
   1174      5.63e-01    5.87e-01      4.04e-03    4.22e-03      2.64e-01    2.75e-01    3.5e-06
   1176      5.63e-01    5.85e-01      3.02e-03    3.94e-03      2.64e-01    2.74e-01    3.5e-06
   1178      5.60e-01    5.81e-01      3.76e-03    4.07e-03      2.62e-01    2.72e-01    3.5e-06
   1180      5.65e-01    5.84e-01      4.07e-03    3.45e-03      2.65e-01    2.74e-01    3.5e-06
   1182      5.60e-01    5.79e-01      2.30e-03    4.17e-03      2.62e-01    2.71e-01    3.5e-06
   1184      5.60e-01    5.79e-01      3.06e-03    3.52e-03      2.62e-01    2.71e-01    3.5e-06
   1186      5.61e-01    5.77e-01      3.32e-03    3.98e-03      2.63e-01    2.70e-01    3.5e-06
   1188      5.51e-01    5.82e-01      3.59e-03    4.09e-03      2.58e-01    2.73e-01    3.5e-06
   1190      5.73e-01    5.83e-01      3.19e-03    3.73e-03      2.68e-01    2.73e-01    3.5e-06
   1192      5.47e-01    5.78e-01      3.61e-03    3.94e-03      2.56e-01    2.70e-01    3.5e-06
   1194      5.77e-01    5.83e-01      3.09e-03    4.12e-03      2.70e-01    2.73e-01    3.5e-06
   1196      5.57e-01    5.77e-01      3.27e-03    3.96e-03      2.61e-01    2.70e-01    3.5e-06
   1198      5.68e-01    5.83e-01      3.55e-03    4.14e-03      2.66e-01    2.73e-01    3.5e-06
   1200      4.59e-01    4.85e-01      3.01e-03    3.80e-03      2.59e-01    2.73e-01    2.1e-06
   1202      4.74e-01    4.84e-01      3.34e-03    3.89e-03      2.67e-01    2.73e-01    2.1e-06
   1204      4.72e-01    4.83e-01      3.17e-03    3.65e-03      2.66e-01    2.73e-01    2.1e-06
   1206      4.60e-01    4.81e-01      3.65e-03    4.04e-03      2.60e-01    2.71e-01    2.1e-06
   1208      4.69e-01    4.85e-01      3.08e-03    3.99e-03      2.65e-01    2.73e-01    2.1e-06
   1210      4.61e-01    4.85e-01      3.73e-03    3.49e-03      2.60e-01    2.74e-01    2.1e-06
   1212      4.69e-01    4.81e-01      3.26e-03    3.93e-03      2.65e-01    2.71e-01    2.1e-06
   1214      4.64e-01    4.85e-01      3.52e-03    4.01e-03      2.62e-01    2.74e-01    2.1e-06
   1216      4.63e-01    4.86e-01      3.17e-03    3.46e-03      2.61e-01    2.74e-01    2.1e-06
   1218      4.68e-01    4.79e-01      3.63e-03    3.94e-03      2.64e-01    2.70e-01    2.1e-06
   1220      4.64e-01    4.78e-01      3.56e-03    3.75e-03      2.62e-01    2.69e-01    2.1e-06
   1222      4.65e-01    4.83e-01      3.18e-03    3.82e-03      2.63e-01    2.73e-01    2.1e-06
   1224      4.73e-01    4.77e-01      3.55e-03    3.77e-03      2.67e-01    2.69e-01    2.1e-06
   1226      4.57e-01    4.87e-01      3.17e-03    3.77e-03      2.58e-01    2.75e-01    2.1e-06
   1228      4.67e-01    4.81e-01      3.34e-03    3.95e-03      2.64e-01    2.71e-01    2.1e-06
   1230      4.65e-01    4.83e-01      3.47e-03    4.21e-03      2.62e-01    2.72e-01    2.1e-06
   1232      4.60e-01    4.83e-01      3.25e-03    3.71e-03      2.59e-01    2.73e-01    2.1e-06
   1234      4.68e-01    4.83e-01      3.58e-03    3.95e-03      2.64e-01    2.72e-01    2.1e-06
   1236      4.66e-01    4.82e-01      4.05e-03    4.20e-03      2.63e-01    2.72e-01    2.1e-06
   1238      4.64e-01    4.83e-01      2.51e-03    3.83e-03      2.62e-01    2.72e-01    2.1e-06
   1240      4.60e-01    4.87e-01      3.44e-03    3.73e-03      2.60e-01    2.75e-01    2.1e-06
   1242      4.72e-01    4.87e-01      3.42e-03    3.74e-03      2.66e-01    2.75e-01    2.1e-06
   1244      4.64e-01    4.79e-01      3.29e-03    4.11e-03      2.62e-01    2.70e-01    2.1e-06
   1246      4.67e-01    4.87e-01      3.35e-03    3.79e-03      2.63e-01    2.75e-01    2.1e-06
   1248      4.60e-01    4.79e-01      3.86e-03    3.97e-03      2.59e-01    2.70e-01    2.1e-06
   1250      4.69e-01    4.76e-01      2.89e-03    3.39e-03      2.65e-01    2.69e-01    2.1e-06
   1252      4.53e-01    4.83e-01      3.78e-03    3.87e-03      2.56e-01    2.73e-01    2.1e-06
   1254      4.78e-01    4.85e-01      2.77e-03    4.08e-03      2.70e-01    2.74e-01    2.1e-06
   1256      4.58e-01    4.83e-01      3.58e-03    4.10e-03      2.58e-01    2.72e-01    2.1e-06
   1258      4.75e-01    4.76e-01      3.17e-03    3.95e-03      2.68e-01    2.69e-01    2.1e-06
   1260      4.69e-01    4.86e-01      2.04e-03    3.92e-03      2.65e-01    2.74e-01    2.1e-06
   1262      4.62e-01    4.85e-01      4.18e-03    4.30e-03      2.61e-01    2.73e-01    2.1e-06
   1264      4.63e-01    4.79e-01      3.32e-03    4.16e-03      2.62e-01    2.70e-01    2.1e-06
   1266      4.69e-01    4.86e-01      3.57e-03    4.15e-03      2.64e-01    2.74e-01    2.1e-06
   1268      4.70e-01    4.85e-01      3.53e-03    3.95e-03      2.65e-01    2.73e-01    2.1e-06
   1270      4.62e-01    4.77e-01      3.24e-03    3.70e-03      2.61e-01    2.69e-01    2.1e-06
   1272      4.69e-01    4.79e-01      3.23e-03    3.86e-03      2.65e-01    2.70e-01    2.1e-06
   1274      4.61e-01    4.79e-01      3.28e-03    3.78e-03      2.60e-01    2.70e-01    2.1e-06
   1276      4.59e-01    4.80e-01      3.48e-03    4.18e-03      2.59e-01    2.71e-01    2.1e-06
   1278      4.73e-01    4.86e-01      3.07e-03    4.00e-03      2.67e-01    2.74e-01    2.1e-06
   1280      4.71e-01    4.82e-01      3.58e-03    3.96e-03      2.66e-01    2.72e-01    2.1e-06
   1282      4.61e-01    4.80e-01      2.64e-03    4.00e-03      2.60e-01    2.71e-01    2.1e-06
   1284      4.56e-01    4.84e-01      3.29e-03    3.91e-03      2.58e-01    2.73e-01    2.1e-06
   1286      4.77e-01    4.81e-01      3.53e-03    3.76e-03      2.69e-01    2.71e-01    2.1e-06
   1288      4.64e-01    4.85e-01      3.66e-03    4.17e-03      2.62e-01    2.74e-01    2.1e-06
   1290      4.65e-01    4.80e-01      3.15e-03    3.92e-03      2.62e-01    2.71e-01    2.1e-06
   1292      4.70e-01    4.78e-01      3.58e-03    3.74e-03      2.65e-01    2.70e-01    2.1e-06
   1294      4.63e-01    4.80e-01      3.19e-03    3.65e-03      2.62e-01    2.71e-01    2.1e-06
   1296      4.61e-01    4.81e-01      3.28e-03    4.04e-03      2.60e-01    2.71e-01    2.1e-06
   1298      4.67e-01    4.80e-01      3.47e-03    3.89e-03      2.64e-01    2.71e-01    2.1e-06
   1300      3.98e-01    4.14e-01      3.13e-03    4.27e-03      2.63e-01    2.73e-01    1.3e-06
   1302      3.98e-01    4.05e-01      3.28e-03    4.04e-03      2.63e-01    2.67e-01    1.3e-06
   1304      3.96e-01    4.12e-01      2.31e-03    3.99e-03      2.63e-01    2.72e-01    1.3e-06
   1306      4.00e-01    4.10e-01      4.25e-03    3.64e-03      2.64e-01    2.71e-01    1.3e-06
   1308      3.96e-01    4.13e-01      2.88e-03    4.01e-03      2.62e-01    2.73e-01    1.3e-06
   1310      4.00e-01    4.12e-01      3.38e-03    4.18e-03      2.65e-01    2.72e-01    1.3e-06
   1312      3.99e-01    4.15e-01      3.34e-03    4.21e-03      2.64e-01    2.74e-01    1.3e-06
   1314      3.97e-01    4.13e-01      3.30e-03    4.01e-03      2.63e-01    2.73e-01    1.3e-06
   1316      3.98e-01    4.12e-01      3.59e-03    4.21e-03      2.63e-01    2.72e-01    1.3e-06
   1318      3.97e-01    4.11e-01      3.24e-03    3.83e-03      2.63e-01    2.72e-01    1.3e-06
   1320      3.97e-01    4.13e-01      3.80e-03    3.88e-03      2.62e-01    2.73e-01    1.3e-06
   1322      3.99e-01    4.12e-01      2.85e-03    3.97e-03      2.64e-01    2.72e-01    1.3e-06
   1324      3.95e-01    4.07e-01      3.83e-03    3.85e-03      2.61e-01    2.69e-01    1.3e-06
   1326      4.01e-01    4.08e-01      2.76e-03    3.91e-03      2.65e-01    2.69e-01    1.3e-06
   1328      4.00e-01    4.09e-01      3.44e-03    4.24e-03      2.65e-01    2.70e-01    1.3e-06
   1330      3.93e-01    4.10e-01      3.32e-03    3.87e-03      2.60e-01    2.71e-01    1.3e-06
   1332      4.01e-01    4.11e-01      4.05e-03    3.46e-03      2.64e-01    2.72e-01    1.3e-06
   1334      3.97e-01    4.12e-01      2.35e-03    3.96e-03      2.63e-01    2.72e-01    1.3e-06
   1336      4.02e-01    4.07e-01      3.28e-03    3.84e-03      2.66e-01    2.69e-01    1.3e-06
   1338      3.92e-01    4.10e-01      3.56e-03    3.72e-03      2.59e-01    2.71e-01    1.3e-06
   1340      3.93e-01    4.19e-01      3.74e-03    4.23e-03      2.59e-01    2.76e-01    1.3e-06
   1342      3.99e-01    4.10e-01      3.08e-03    3.65e-03      2.64e-01    2.71e-01    1.3e-06
   1344      4.02e-01    4.12e-01      3.68e-03    4.07e-03      2.66e-01    2.72e-01    1.3e-06
   1346      3.91e-01    4.10e-01      3.02e-03    3.74e-03      2.59e-01    2.71e-01    1.3e-06
   1348      3.98e-01    4.16e-01      2.94e-03    3.78e-03      2.64e-01    2.75e-01    1.3e-06
   1350      3.95e-01    4.11e-01      3.81e-03    4.12e-03      2.61e-01    2.71e-01    1.3e-06
   1352      3.95e-01    4.11e-01      3.77e-03    3.90e-03      2.61e-01    2.71e-01    1.3e-06
   1354      3.99e-01    4.06e-01      2.82e-03    3.67e-03      2.64e-01    2.68e-01    1.3e-06
   1356      4.01e-01    4.17e-01      3.71e-03    3.82e-03      2.65e-01    2.75e-01    1.3e-06
   1358      3.96e-01    4.13e-01      3.13e-03    3.99e-03      2.62e-01    2.73e-01    1.3e-06
   1360      3.89e-01    4.14e-01      3.35e-03    3.88e-03      2.57e-01    2.74e-01    1.3e-06
   1362      4.04e-01    4.10e-01      3.47e-03    3.94e-03      2.67e-01    2.71e-01    1.3e-06
   1364      3.96e-01    4.13e-01      3.55e-03    3.59e-03      2.62e-01    2.73e-01    1.3e-06
   1366      3.98e-01    4.14e-01      3.25e-03    4.06e-03      2.63e-01    2.74e-01    1.3e-06
   1368      3.97e-01    4.11e-01      2.77e-03    3.77e-03      2.63e-01    2.72e-01    1.3e-06
   1370      3.99e-01    4.14e-01      3.91e-03    3.97e-03      2.64e-01    2.73e-01    1.3e-06
   1372      3.98e-01    4.10e-01      3.55e-03    4.02e-03      2.63e-01    2.71e-01    1.3e-06
   1374      3.96e-01    4.06e-01      3.27e-03    3.80e-03      2.62e-01    2.68e-01    1.3e-06
   1376      3.93e-01    4.12e-01      3.81e-03    3.67e-03      2.59e-01    2.72e-01    1.3e-06
   1378      4.02e-01    4.18e-01      2.76e-03    4.15e-03      2.66e-01    2.76e-01    1.3e-06
   1380      3.95e-01    4.10e-01      2.70e-03    3.65e-03      2.62e-01    2.71e-01    1.3e-06
   1382      4.00e-01    4.14e-01      3.62e-03    3.88e-03      2.64e-01    2.73e-01    1.3e-06
   1384      3.97e-01    4.15e-01      3.68e-03    4.09e-03      2.62e-01    2.74e-01    1.3e-06
   1386      3.97e-01    4.17e-01      3.12e-03    4.24e-03      2.62e-01    2.75e-01    1.3e-06
   1388      3.87e-01    4.10e-01      3.80e-03    4.14e-03      2.56e-01    2.71e-01    1.3e-06
   1390      4.11e-01    4.18e-01      2.80e-03    4.11e-03      2.72e-01    2.76e-01    1.3e-06
   1392      3.96e-01    4.11e-01      3.81e-03    4.20e-03      2.61e-01    2.71e-01    1.3e-06
   1394      3.99e-01    4.14e-01      2.94e-03    3.90e-03      2.64e-01    2.73e-01    1.3e-06
   1396      4.01e-01    4.10e-01      3.28e-03    3.77e-03      2.65e-01    2.71e-01    1.3e-06
   1398      3.94e-01    4.14e-01      3.34e-03    3.96e-03      2.61e-01    2.73e-01    1.3e-06
   1400      3.47e-01    3.58e-01      3.21e-03    3.72e-03      2.60e-01    2.68e-01    7.6e-07
   1402      3.56e-01    3.61e-01      3.37e-03    3.83e-03      2.67e-01    2.70e-01    7.6e-07
   1404      3.56e-01    3.58e-01      3.65e-03    3.62e-03      2.67e-01    2.68e-01    7.6e-07
   1406      3.48e-01    3.65e-01      3.18e-03    4.24e-03      2.61e-01    2.73e-01    7.6e-07
   1408      3.54e-01    3.61e-01      3.57e-03    4.04e-03      2.65e-01    2.70e-01    7.6e-07
   1410      3.46e-01    3.65e-01      3.19e-03    3.65e-03      2.60e-01    2.74e-01    7.6e-07
   1412      3.54e-01    3.62e-01      3.29e-03    4.19e-03      2.66e-01    2.71e-01    7.6e-07
   1414      3.49e-01    3.63e-01      3.48e-03    4.04e-03      2.62e-01    2.72e-01    7.6e-07
   1416      3.45e-01    3.64e-01      4.07e-03    3.92e-03      2.58e-01    2.73e-01    7.6e-07
   1418      3.56e-01    3.69e-01      2.34e-03    4.04e-03      2.68e-01    2.76e-01    7.6e-07
   1420      3.54e-01    3.63e-01      3.34e-03    3.94e-03      2.66e-01    2.72e-01    7.6e-07
   1422      3.48e-01    3.65e-01      3.35e-03    4.16e-03      2.61e-01    2.73e-01    7.6e-07
   1424      3.48e-01    3.61e-01      3.47e-03    3.62e-03      2.61e-01    2.70e-01    7.6e-07
   1426      3.53e-01    3.66e-01      3.03e-03    3.84e-03      2.65e-01    2.74e-01    7.6e-07
   1428      3.49e-01    3.62e-01      3.46e-03    3.98e-03      2.61e-01    2.71e-01    7.6e-07
   1430      3.54e-01    3.64e-01      3.39e-03    4.03e-03      2.65e-01    2.73e-01    7.6e-07
   1432      3.56e-01    3.62e-01      2.87e-03    3.77e-03      2.67e-01    2.71e-01    7.6e-07
   1434      3.47e-01    3.62e-01      3.81e-03    3.91e-03      2.60e-01    2.71e-01    7.6e-07
   1436      3.54e-01    3.64e-01      3.25e-03    3.99e-03      2.65e-01    2.72e-01    7.6e-07
   1438      3.48e-01    3.61e-01      3.51e-03    3.78e-03      2.61e-01    2.70e-01    7.6e-07
   1440      3.51e-01    3.59e-01      3.26e-03    3.82e-03      2.63e-01    2.69e-01    7.6e-07
   1442      3.47e-01    3.60e-01      3.50e-03    3.90e-03      2.60e-01    2.69e-01    7.6e-07
   1444      3.43e-01    3.59e-01      2.93e-03    4.09e-03      2.57e-01    2.69e-01    7.6e-07
   1446      3.58e-01    3.68e-01      3.82e-03    3.78e-03      2.68e-01    2.76e-01    7.6e-07
   1448      3.52e-01    3.69e-01      3.62e-03    3.85e-03      2.64e-01    2.76e-01    7.6e-07
   1450      3.48e-01    3.63e-01      3.11e-03    3.61e-03      2.61e-01    2.72e-01    7.6e-07
   1452      3.41e-01    3.59e-01      2.79e-03    3.78e-03      2.56e-01    2.69e-01    7.6e-07
   1454      3.61e-01    3.67e-01      3.88e-03    3.91e-03      2.70e-01    2.75e-01    7.6e-07
   1456      3.51e-01    3.64e-01      3.49e-03    3.95e-03      2.63e-01    2.72e-01    7.6e-07
   1458      3.51e-01    3.67e-01      3.30e-03    4.22e-03      2.63e-01    2.75e-01    7.6e-07
   1460      3.54e-01    3.66e-01      3.15e-03    3.95e-03      2.66e-01    2.74e-01    7.6e-07
   1462      3.47e-01    3.63e-01      3.69e-03    3.98e-03      2.60e-01    2.72e-01    7.6e-07
   1464      3.58e-01    3.64e-01      3.16e-03    4.02e-03      2.68e-01    2.72e-01    7.6e-07
   1466      3.45e-01    3.61e-01      3.49e-03    4.18e-03      2.58e-01    2.70e-01    7.6e-07
   1468      3.46e-01    3.61e-01      3.78e-03    4.17e-03      2.59e-01    2.70e-01    7.6e-07
   1470      3.52e-01    3.57e-01      2.97e-03    3.35e-03      2.64e-01    2.68e-01    7.6e-07
   1472      3.51e-01    3.67e-01      2.48e-03    3.75e-03      2.64e-01    2.75e-01    7.6e-07
   1474      3.51e-01    3.57e-01      4.00e-03    3.60e-03      2.63e-01    2.68e-01    7.6e-07
   1476      3.51e-01    3.61e-01      3.19e-03    3.70e-03      2.63e-01    2.71e-01    7.6e-07
   1478      3.49e-01    3.59e-01      3.50e-03    4.30e-03      2.61e-01    2.69e-01    7.6e-07
   1480      3.53e-01    3.68e-01      3.63e-03    4.05e-03      2.65e-01    2.76e-01    7.6e-07
   1482      3.49e-01    3.64e-01      3.08e-03    3.99e-03      2.62e-01    2.72e-01    7.6e-07
   1484      3.47e-01    3.68e-01      3.32e-03    4.04e-03      2.60e-01    2.76e-01    7.6e-07
   1486      3.53e-01    3.65e-01      3.43e-03    3.98e-03      2.65e-01    2.74e-01    7.6e-07
   1488      3.49e-01    3.61e-01      3.13e-03    3.93e-03      2.62e-01    2.70e-01    7.6e-07
   1490      3.52e-01    3.64e-01      3.64e-03    4.01e-03      2.64e-01    2.73e-01    7.6e-07
   1492      3.54e-01    3.68e-01      2.58e-03    4.25e-03      2.66e-01    2.76e-01    7.6e-07
   1494      3.48e-01    3.64e-01      4.03e-03    3.92e-03      2.60e-01    2.73e-01    7.6e-07
   1496      3.52e-01    3.61e-01      3.02e-03    4.26e-03      2.65e-01    2.70e-01    7.6e-07
   1498      3.49e-01    3.60e-01      3.71e-03    3.82e-03      2.62e-01    2.70e-01    7.6e-07
   1500      3.18e-01    3.29e-01      4.04e-03    4.00e-03      2.61e-01    2.70e-01    4.6e-07
   1502      3.21e-01    3.31e-01      2.63e-03    3.63e-03      2.65e-01    2.72e-01    4.6e-07
   1504      3.13e-01    3.33e-01      3.65e-03    4.37e-03      2.58e-01    2.73e-01    4.6e-07
   1506      3.23e-01    3.31e-01      3.01e-03    3.59e-03      2.67e-01    2.73e-01    4.6e-07
   1508      3.22e-01    3.30e-01      3.07e-03    3.82e-03      2.65e-01    2.72e-01    4.6e-07
   1510      3.17e-01    3.31e-01      3.72e-03    3.70e-03      2.61e-01    2.72e-01    4.6e-07
   1512      3.23e-01    3.33e-01      3.64e-03    4.13e-03      2.66e-01    2.74e-01    4.6e-07
   1514      3.15e-01    3.31e-01      3.18e-03    3.90e-03      2.60e-01    2.72e-01    4.6e-07
   1516      3.23e-01    3.34e-01      3.73e-03    3.81e-03      2.66e-01    2.75e-01    4.6e-07
   1518      3.17e-01    3.24e-01      2.95e-03    3.73e-03      2.61e-01    2.67e-01    4.6e-07
   1520      3.25e-01    3.30e-01      3.65e-03    3.76e-03      2.68e-01    2.72e-01    4.6e-07
   1522      3.11e-01    3.28e-01      3.20e-03    3.65e-03      2.56e-01    2.70e-01    4.6e-07
   1524      3.22e-01    3.28e-01      3.79e-03    3.95e-03      2.65e-01    2.70e-01    4.6e-07
   1526      3.15e-01    3.31e-01      2.74e-03    4.21e-03      2.60e-01    2.72e-01    4.6e-07
   1528      3.19e-01    3.26e-01      3.33e-03    3.97e-03      2.63e-01    2.68e-01    4.6e-07
   1530      3.19e-01    3.34e-01      3.42e-03    4.13e-03      2.63e-01    2.75e-01    4.6e-07
   1532      3.20e-01    3.31e-01      3.36e-03    3.93e-03      2.64e-01    2.73e-01    4.6e-07
   1534      3.18e-01    3.25e-01      3.44e-03    3.51e-03      2.62e-01    2.68e-01    4.6e-07
   1536      3.22e-01    3.35e-01      3.12e-03    4.09e-03      2.65e-01    2.75e-01    4.6e-07
   1538      3.16e-01    3.30e-01      3.55e-03    3.80e-03      2.60e-01    2.72e-01    4.6e-07
   1540      3.17e-01    3.32e-01      2.63e-03    3.66e-03      2.62e-01    2.73e-01    4.6e-07
   1542      3.22e-01    3.35e-01      3.95e-03    3.97e-03      2.65e-01    2.75e-01    4.6e-07
   1544      3.16e-01    3.32e-01      3.63e-03    3.91e-03      2.60e-01    2.74e-01    4.6e-07
   1546      3.23e-01    3.30e-01      3.12e-03    4.03e-03      2.66e-01    2.72e-01    4.6e-07
   1548      3.19e-01    3.30e-01      3.75e-03    3.94e-03      2.63e-01    2.71e-01    4.6e-07
   1550      3.19e-01    3.30e-01      2.42e-03    3.65e-03      2.64e-01    2.72e-01    4.6e-07
   1552      3.22e-01    3.31e-01      2.91e-03    4.00e-03      2.65e-01    2.72e-01    4.6e-07
   1554      3.16e-01    3.24e-01      3.74e-03    3.75e-03      2.60e-01    2.67e-01    4.6e-07
   1556      3.14e-01    3.33e-01      3.85e-03    4.26e-03      2.58e-01    2.73e-01    4.6e-07
   1558      3.24e-01    3.33e-01      2.84e-03    3.73e-03      2.67e-01    2.74e-01    4.6e-07
   1560      3.27e-01    3.29e-01      3.60e-03    4.25e-03      2.70e-01    2.71e-01    4.6e-07
   1562      3.09e-01    3.29e-01      3.23e-03    4.13e-03      2.55e-01    2.70e-01    4.6e-07
   1564      3.20e-01    3.30e-01      3.05e-03    3.93e-03      2.64e-01    2.72e-01    4.6e-07
   1566      3.16e-01    3.34e-01      3.53e-03    4.17e-03      2.60e-01    2.74e-01    4.6e-07
   1568      3.23e-01    3.26e-01      3.65e-03    3.59e-03      2.66e-01    2.69e-01    4.6e-07
   1570      3.16e-01    3.34e-01      2.50e-03    4.12e-03      2.61e-01    2.74e-01    4.6e-07
   1572      3.23e-01    3.31e-01      3.48e-03    3.95e-03      2.66e-01    2.72e-01    4.6e-07
   1574      3.14e-01    3.30e-01      3.38e-03    3.77e-03      2.58e-01    2.72e-01    4.6e-07
   1576      3.16e-01    3.31e-01      2.76e-03    4.07e-03      2.61e-01    2.72e-01    4.6e-07
   1578      3.21e-01    3.30e-01      3.99e-03    3.87e-03      2.64e-01    2.71e-01    4.6e-07
   1580      3.19e-01    3.31e-01      3.69e-03    4.15e-03      2.62e-01    2.72e-01    4.6e-07
   1582      3.19e-01    3.32e-01      3.12e-03    3.80e-03      2.63e-01    2.73e-01    4.6e-07
   1584      3.20e-01    3.31e-01      3.10e-03    4.11e-03      2.64e-01    2.72e-01    4.6e-07
   1586      3.20e-01    3.27e-01      3.49e-03    3.75e-03      2.63e-01    2.69e-01    4.6e-07
   1588      3.23e-01    3.26e-01      3.41e-03    4.16e-03      2.66e-01    2.68e-01    4.6e-07
   1590      3.15e-01    3.31e-01      2.89e-03    3.79e-03      2.60e-01    2.72e-01    4.6e-07
   1592      3.24e-01    3.31e-01      3.74e-03    3.81e-03      2.67e-01    2.73e-01    4.6e-07
   1594      3.11e-01    3.31e-01      2.90e-03    3.91e-03      2.57e-01    2.72e-01    4.6e-07
   1596      3.24e-01    3.33e-01      2.54e-03    3.84e-03      2.68e-01    2.74e-01    4.6e-07
   1598      3.13e-01    3.31e-01      3.98e-03    3.54e-03      2.58e-01    2.72e-01    4.6e-07
   1600      2.98e-01    3.07e-01      4.05e-03    3.89e-03      2.61e-01    2.70e-01    2.7e-07
   1602      2.99e-01    3.06e-01      2.62e-03    3.73e-03      2.64e-01    2.69e-01    2.7e-07
   1604      2.95e-01    3.13e-01      3.55e-03    3.97e-03      2.59e-01    2.75e-01    2.7e-07
   1606      3.04e-01    3.09e-01      3.31e-03    4.04e-03      2.68e-01    2.72e-01    2.7e-07
   1608      2.97e-01    3.10e-01      2.75e-03    3.85e-03      2.62e-01    2.73e-01    2.7e-07
   1610      2.99e-01    3.11e-01      3.96e-03    3.76e-03      2.62e-01    2.74e-01    2.7e-07
   1612      2.97e-01    3.12e-01      2.92e-03    3.98e-03      2.62e-01    2.75e-01    2.7e-07
   1614      2.97e-01    3.11e-01      3.81e-03    4.24e-03      2.61e-01    2.73e-01    2.7e-07
   1616      3.01e-01    3.09e-01      3.10e-03    3.90e-03      2.65e-01    2.71e-01    2.7e-07
   1618      2.97e-01    3.11e-01      3.10e-03    4.05e-03      2.61e-01    2.73e-01    2.7e-07
   1620      2.96e-01    3.11e-01      3.62e-03    4.00e-03      2.60e-01    2.73e-01    2.7e-07
   1622      3.02e-01    3.11e-01      3.23e-03    4.14e-03      2.66e-01    2.73e-01    2.7e-07
   1624      2.96e-01    3.08e-01      3.00e-03    3.45e-03      2.61e-01    2.71e-01    2.7e-07
   1626      3.01e-01    3.07e-01      3.65e-03    3.73e-03      2.64e-01    2.70e-01    2.7e-07
   1628      3.03e-01    3.08e-01      3.54e-03    4.26e-03      2.66e-01    2.71e-01    2.7e-07
   1630      2.94e-01    3.09e-01      3.12e-03    4.08e-03      2.59e-01    2.72e-01    2.7e-07
   1632      3.02e-01    3.10e-01      3.75e-03    4.15e-03      2.66e-01    2.72e-01    2.7e-07
   1634      2.92e-01    3.10e-01      2.84e-03    4.10e-03      2.57e-01    2.72e-01    2.7e-07
   1636      2.96e-01    3.08e-01      3.14e-03    3.99e-03      2.60e-01    2.71e-01    2.7e-07
   1638      3.00e-01    3.12e-01      3.68e-03    3.72e-03      2.64e-01    2.75e-01    2.7e-07
   1640      2.97e-01    3.09e-01      2.91e-03    3.38e-03      2.62e-01    2.72e-01    2.7e-07
   1642      2.98e-01    3.08e-01      3.88e-03    4.14e-03      2.62e-01    2.70e-01    2.7e-07
   1644      2.97e-01    3.09e-01      3.60e-03    3.48e-03      2.61e-01    2.72e-01    2.7e-07
   1646      3.01e-01    3.09e-01      3.18e-03    3.80e-03      2.65e-01    2.72e-01    2.7e-07
   1648      3.00e-01    3.07e-01      3.41e-03    4.24e-03      2.64e-01    2.70e-01    2.7e-07
   1650      2.96e-01    3.08e-01      2.69e-03    4.01e-03      2.61e-01    2.70e-01    2.7e-07
   1652      2.95e-01    3.12e-01      4.04e-03    3.90e-03      2.59e-01    2.75e-01    2.7e-07
   1654      3.02e-01    3.07e-01      2.60e-03    3.55e-03      2.66e-01    2.71e-01    2.7e-07
   1656      2.95e-01    3.11e-01      2.67e-03    4.09e-03      2.61e-01    2.73e-01    2.7e-07
   1658      3.00e-01    3.07e-01      3.90e-03    4.14e-03      2.64e-01    2.70e-01    2.7e-07
   1660      2.97e-01    3.08e-01      2.76e-03    4.02e-03      2.62e-01    2.71e-01    2.7e-07
   1662      2.97e-01    3.11e-01      3.95e-03    3.70e-03      2.61e-01    2.74e-01    2.7e-07
   1664      2.97e-01    3.11e-01      3.94e-03    4.25e-03      2.61e-01    2.73e-01    2.7e-07
   1666      3.02e-01    3.08e-01      2.78e-03    3.61e-03      2.66e-01    2.71e-01    2.7e-07
   1668      2.98e-01    3.11e-01      2.69e-03    3.69e-03      2.63e-01    2.73e-01    2.7e-07
   1670      3.00e-01    3.07e-01      3.57e-03    4.10e-03      2.64e-01    2.70e-01    2.7e-07
   1672      2.96e-01    3.06e-01      3.55e-03    3.09e-03      2.61e-01    2.70e-01    2.7e-07
   1674      2.99e-01    3.08e-01      3.29e-03    3.82e-03      2.63e-01    2.71e-01    2.7e-07
   1676      2.96e-01    3.11e-01      3.23e-03    4.25e-03      2.61e-01    2.73e-01    2.7e-07
   1678      2.99e-01    3.10e-01      3.01e-03    3.67e-03      2.64e-01    2.73e-01    2.7e-07
   1680      3.00e-01    3.09e-01      2.71e-03    3.90e-03      2.65e-01    2.72e-01    2.7e-07
   1682      2.98e-01    3.05e-01      3.71e-03    3.99e-03      2.62e-01    2.68e-01    2.7e-07
   1684      3.03e-01    3.11e-01      3.57e-03    4.21e-03      2.66e-01    2.73e-01    2.7e-07
   1686      2.94e-01    3.11e-01      3.28e-03    3.92e-03      2.59e-01    2.73e-01    2.7e-07
   1688      2.93e-01    3.08e-01      3.85e-03    4.03e-03      2.58e-01    2.71e-01    2.7e-07
   1690      3.05e-01    3.06e-01      2.85e-03    4.03e-03      2.69e-01    2.69e-01    2.7e-07
   1692      3.04e-01    3.10e-01      3.52e-03    3.86e-03      2.68e-01    2.73e-01    2.7e-07
   1694      2.95e-01    3.10e-01      3.27e-03    4.04e-03      2.60e-01    2.73e-01    2.7e-07
   1696      2.99e-01    3.07e-01      3.05e-03    4.48e-03      2.64e-01    2.69e-01    2.7e-07
   1698      2.98e-01    3.09e-01      3.46e-03    3.79e-03      2.62e-01    2.71e-01    2.7e-07
   1700      2.84e-01    2.95e-01      2.90e-03    3.80e-03      2.62e-01    2.71e-01    1.6e-07
   1702      2.85e-01    2.96e-01      3.88e-03    4.01e-03      2.62e-01    2.72e-01    1.6e-07
   1704      2.82e-01    2.96e-01      3.57e-03    3.94e-03      2.59e-01    2.72e-01    1.6e-07
   1706      2.91e-01    2.95e-01      3.28e-03    3.91e-03      2.68e-01    2.71e-01    1.6e-07
   1708      2.90e-01    2.95e-01      3.57e-03    4.17e-03      2.67e-01    2.71e-01    1.6e-07
   1710      2.81e-01    2.94e-01      3.01e-03    4.21e-03      2.59e-01    2.70e-01    1.6e-07
   1712      2.86e-01    2.93e-01      3.41e-03    4.02e-03      2.63e-01    2.69e-01    1.6e-07
   1714      2.86e-01    2.96e-01      3.33e-03    4.25e-03      2.63e-01    2.72e-01    1.6e-07
   1716      2.87e-01    2.94e-01      2.60e-03    3.84e-03      2.65e-01    2.70e-01    1.6e-07
   1718      2.86e-01    2.95e-01      3.94e-03    3.90e-03      2.62e-01    2.71e-01    1.6e-07
   1720      2.83e-01    2.94e-01      4.04e-03    3.52e-03      2.59e-01    2.70e-01    1.6e-07
   1722      2.89e-01    2.97e-01      2.63e-03    3.86e-03      2.67e-01    2.73e-01    1.6e-07
   1724      2.88e-01    2.96e-01      3.93e-03    4.05e-03      2.64e-01    2.71e-01    1.6e-07
   1726      2.84e-01    2.96e-01      2.80e-03    3.92e-03      2.62e-01    2.72e-01    1.6e-07
   1728      2.89e-01    2.98e-01      2.73e-03    3.90e-03      2.67e-01    2.74e-01    1.6e-07
   1730      2.83e-01    2.92e-01      3.57e-03    3.85e-03      2.60e-01    2.68e-01    1.6e-07
   1732      2.80e-01    2.98e-01      2.62e-03    4.05e-03      2.59e-01    2.73e-01    1.6e-07
   1734      2.92e-01    2.96e-01      3.93e-03    3.95e-03      2.68e-01    2.72e-01    1.6e-07
   1736      2.81e-01    3.00e-01      3.76e-03    4.13e-03      2.58e-01    2.75e-01    1.6e-07
   1738      2.89e-01    2.97e-01      3.03e-03    4.04e-03      2.66e-01    2.73e-01    1.6e-07
   1740      2.83e-01    2.96e-01      3.47e-03    3.84e-03      2.60e-01    2.72e-01    1.6e-07
   1742      2.88e-01    2.96e-01      3.34e-03    4.02e-03      2.65e-01    2.71e-01    1.6e-07
   1744      2.82e-01    2.93e-01      3.46e-03    3.89e-03      2.60e-01    2.69e-01    1.6e-07
   1746      2.88e-01    2.97e-01      3.38e-03    3.64e-03      2.65e-01    2.73e-01    1.6e-07
   1748      2.86e-01    2.96e-01      3.49e-03    3.74e-03      2.63e-01    2.72e-01    1.6e-07
   1750      2.85e-01    2.93e-01      3.30e-03    3.83e-03      2.63e-01    2.69e-01    1.6e-07
   1752      2.87e-01    2.96e-01      2.22e-03    4.13e-03      2.66e-01    2.72e-01    1.6e-07
   1754      2.85e-01    2.93e-01      4.17e-03    4.01e-03      2.61e-01    2.69e-01    1.6e-07
   1756      2.87e-01    2.92e-01      3.44e-03    3.83e-03      2.64e-01    2.69e-01    1.6e-07
   1758      2.86e-01    2.98e-01      3.29e-03    3.95e-03      2.63e-01    2.73e-01    1.6e-07
   1760      2.87e-01    2.97e-01      3.37e-03    3.65e-03      2.64e-01    2.73e-01    1.6e-07
   1762      2.83e-01    2.92e-01      3.47e-03    3.80e-03      2.61e-01    2.69e-01    1.6e-07
   1764      2.79e-01    2.95e-01      3.02e-03    3.68e-03      2.57e-01    2.71e-01    1.6e-07
   1766      2.91e-01    2.93e-01      3.28e-03    3.73e-03      2.68e-01    2.69e-01    1.6e-07
   1768      2.94e-01    2.98e-01      3.00e-03    3.71e-03      2.71e-01    2.74e-01    1.6e-07
   1770      2.76e-01    2.97e-01      3.36e-03    4.24e-03      2.54e-01    2.72e-01    1.6e-07
   1772      2.83e-01    2.89e-01      3.63e-03    3.71e-03      2.60e-01    2.66e-01    1.6e-07
   1774      2.88e-01    2.94e-01      3.16e-03    4.00e-03      2.65e-01    2.70e-01    1.6e-07
   1776      2.78e-01    2.93e-01      3.27e-03    3.82e-03      2.56e-01    2.69e-01    1.6e-07
   1778      2.91e-01    2.91e-01      3.57e-03    3.69e-03      2.68e-01    2.68e-01    1.6e-07
   1780      2.83e-01    2.95e-01      2.80e-03    3.66e-03      2.61e-01    2.72e-01    1.6e-07
   1782      2.86e-01    2.94e-01      3.88e-03    3.73e-03      2.63e-01    2.71e-01    1.6e-07
   1784      2.88e-01    2.94e-01      3.08e-03    3.92e-03      2.66e-01    2.70e-01    1.6e-07
   1786      2.82e-01    2.98e-01      3.74e-03    3.98e-03      2.60e-01    2.73e-01    1.6e-07
   1788      2.85e-01    2.94e-01      2.63e-03    4.11e-03      2.63e-01    2.69e-01    1.6e-07
   1790      2.87e-01    2.97e-01      4.05e-03    4.05e-03      2.64e-01    2.72e-01    1.6e-07
   1792      2.87e-01    2.99e-01      3.72e-03    4.05e-03      2.64e-01    2.74e-01    1.6e-07
   1794      2.83e-01    2.96e-01      3.02e-03    3.86e-03      2.61e-01    2.72e-01    1.6e-07
   1796      2.83e-01    2.94e-01      3.65e-03    3.90e-03      2.60e-01    2.70e-01    1.6e-07
   1798      2.85e-01    2.98e-01      3.19e-03    3.74e-03      2.63e-01    2.74e-01    1.6e-07
   1800      2.78e-01    2.87e-01      4.27e-03    3.67e-03      2.62e-01    2.71e-01    9.8e-08
   1802      2.78e-01    2.90e-01      2.09e-03    4.00e-03      2.65e-01    2.74e-01    9.8e-08
   1804      2.79e-01    2.85e-01      3.70e-03    3.91e-03      2.64e-01    2.70e-01    9.8e-08
   1806      2.76e-01    2.90e-01      2.59e-03    4.01e-03      2.63e-01    2.74e-01    9.8e-08
   1808      2.82e-01    2.91e-01      2.93e-03    3.95e-03      2.68e-01    2.75e-01    9.8e-08
   1810      2.74e-01    2.86e-01      3.81e-03    3.83e-03      2.59e-01    2.70e-01    9.8e-08
   1812      2.80e-01    2.87e-01      3.40e-03    3.70e-03      2.66e-01    2.71e-01    9.8e-08
   1814      2.74e-01    2.88e-01      3.43e-03    3.64e-03      2.60e-01    2.73e-01    9.8e-08
   1816      2.78e-01    2.90e-01      2.83e-03    4.11e-03      2.63e-01    2.74e-01    9.8e-08
   1818      2.79e-01    2.89e-01      3.92e-03    3.97e-03      2.64e-01    2.73e-01    9.8e-08
   1820      2.80e-01    2.88e-01      3.58e-03    3.70e-03      2.65e-01    2.72e-01    9.8e-08
   1822      2.76e-01    2.86e-01      3.27e-03    3.90e-03      2.61e-01    2.71e-01    9.8e-08
   1824      2.84e-01    2.89e-01      3.44e-03    4.01e-03      2.69e-01    2.73e-01    9.8e-08
   1826      2.72e-01    2.90e-01      3.19e-03    3.83e-03      2.58e-01    2.74e-01    9.8e-08
   1828      2.80e-01    2.86e-01      3.64e-03    3.61e-03      2.65e-01    2.71e-01    9.8e-08
   1830      2.76e-01    2.90e-01      3.16e-03    4.06e-03      2.61e-01    2.74e-01    9.8e-08
   1832      2.70e-01    2.84e-01      2.81e-03    3.57e-03      2.56e-01    2.69e-01    9.8e-08
   1834      2.83e-01    2.88e-01      3.47e-03    4.02e-03      2.68e-01    2.72e-01    9.8e-08
   1836      2.75e-01    2.90e-01      3.47e-03    4.00e-03      2.60e-01    2.74e-01    9.8e-08
   1838      2.80e-01    2.88e-01      3.15e-03    4.36e-03      2.65e-01    2.72e-01    9.8e-08
   1840      2.82e-01    2.88e-01      2.41e-03    4.10e-03      2.68e-01    2.72e-01    9.8e-08
   1842      2.74e-01    2.88e-01      4.07e-03    4.44e-03      2.58e-01    2.71e-01    9.8e-08
   1844      2.83e-01    2.87e-01      3.30e-03    4.09e-03      2.68e-01    2.71e-01    9.8e-08
   1846      2.74e-01    2.83e-01      3.52e-03    3.86e-03      2.59e-01    2.67e-01    9.8e-08
   1848      2.74e-01    2.85e-01      3.40e-03    3.95e-03      2.59e-01    2.70e-01    9.8e-08
   1850      2.82e-01    2.90e-01      3.46e-03    4.22e-03      2.67e-01    2.74e-01    9.8e-08
   1852      2.81e-01    2.88e-01      3.52e-03    3.88e-03      2.66e-01    2.72e-01    9.8e-08
   1854      2.72e-01    2.87e-01      3.12e-03    4.22e-03      2.58e-01    2.71e-01    9.8e-08
   1856      2.76e-01    2.89e-01      2.06e-03    3.94e-03      2.62e-01    2.73e-01    9.8e-08
   1858      2.79e-01    2.87e-01      4.29e-03    4.06e-03      2.63e-01    2.71e-01    9.8e-08
   1860      2.78e-01    2.86e-01      3.12e-03    3.67e-03      2.63e-01    2.71e-01    9.8e-08
   1862      2.78e-01    2.88e-01      3.58e-03    3.89e-03      2.63e-01    2.72e-01    9.8e-08
   1864      2.80e-01    2.91e-01      2.98e-03    4.05e-03      2.65e-01    2.75e-01    9.8e-08
   1866      2.75e-01    2.89e-01      3.36e-03    3.88e-03      2.61e-01    2.73e-01    9.8e-08
   1868      2.78e-01    2.89e-01      2.98e-03    3.98e-03      2.63e-01    2.73e-01    9.8e-08
   1870      2.76e-01    2.90e-01      3.80e-03    3.99e-03      2.61e-01    2.74e-01    9.8e-08
   1872      2.80e-01    2.87e-01      3.66e-03    3.88e-03      2.65e-01    2.71e-01    9.8e-08
   1874      2.74e-01    2.87e-01      3.17e-03    3.78e-03      2.60e-01    2.71e-01    9.8e-08
   1876      2.77e-01    2.86e-01      4.02e-03    3.48e-03      2.61e-01    2.70e-01    9.8e-08
   1878      2.77e-01    2.87e-01      2.55e-03    3.90e-03      2.63e-01    2.72e-01    9.8e-08
   1880      2.74e-01    2.87e-01      3.62e-03    4.17e-03      2.59e-01    2.71e-01    9.8e-08
   1882      2.81e-01    2.86e-01      2.63e-03    3.64e-03      2.67e-01    2.71e-01    9.8e-08
   1884      2.76e-01    2.87e-01      2.58e-03    3.92e-03      2.62e-01    2.72e-01    9.8e-08
   1886      2.78e-01    2.86e-01      3.89e-03    3.79e-03      2.62e-01    2.70e-01    9.8e-08
   1888      2.78e-01    2.87e-01      3.30e-03    4.01e-03      2.63e-01    2.72e-01    9.8e-08
   1890      2.77e-01    2.87e-01      3.55e-03    4.17e-03      2.62e-01    2.71e-01    9.8e-08
   1892      2.81e-01    2.84e-01      2.98e-03    3.42e-03      2.67e-01    2.69e-01    9.8e-08
   1894      2.74e-01    2.85e-01      3.65e-03    4.17e-03      2.59e-01    2.69e-01    9.8e-08
   1896      2.81e-01    2.90e-01      3.02e-03    4.21e-03      2.67e-01    2.74e-01    9.8e-08
   1898      2.74e-01    2.92e-01      3.73e-03    4.01e-03      2.59e-01    2.76e-01    9.8e-08
   1900      2.71e-01    2.77e-01      3.38e-03    4.01e-03      2.61e-01    2.67e-01    5.9e-08
   1902      2.73e-01    2.85e-01      3.47e-03    3.63e-03      2.63e-01    2.74e-01    5.9e-08
   1904      2.72e-01    2.82e-01      3.25e-03    4.36e-03      2.62e-01    2.71e-01    5.9e-08
   1906      2.72e-01    2.81e-01      3.51e-03    3.84e-03      2.62e-01    2.71e-01    5.9e-08
   1908      2.76e-01    2.79e-01      2.67e-03    4.07e-03      2.67e-01    2.68e-01    5.9e-08
   1910      2.70e-01    2.83e-01      3.71e-03    3.62e-03      2.60e-01    2.72e-01    5.9e-08
   1912      2.75e-01    2.86e-01      3.89e-03    3.69e-03      2.65e-01    2.76e-01    5.9e-08
   1914      2.70e-01    2.79e-01      2.80e-03    3.56e-03      2.61e-01    2.69e-01    5.9e-08
   1916      2.74e-01    2.81e-01      3.16e-03    3.92e-03      2.65e-01    2.70e-01    5.9e-08
   1918      2.70e-01    2.83e-01      3.63e-03    4.09e-03      2.60e-01    2.72e-01    5.9e-08
   1920      2.71e-01    2.80e-01      3.64e-03    3.84e-03      2.61e-01    2.69e-01    5.9e-08
   1922      2.75e-01    2.83e-01      3.19e-03    3.74e-03      2.66e-01    2.73e-01    5.9e-08
   1924      2.71e-01    2.84e-01      3.12e-03    3.82e-03      2.62e-01    2.73e-01    5.9e-08
   1926      2.74e-01    2.80e-01      3.71e-03    3.41e-03      2.64e-01    2.70e-01    5.9e-08
   1928      2.78e-01    2.84e-01      3.77e-03    3.90e-03      2.68e-01    2.73e-01    5.9e-08
   1930      2.67e-01    2.84e-01      2.97e-03    3.68e-03      2.58e-01    2.73e-01    5.9e-08
   1932      2.77e-01    2.83e-01      3.41e-03    3.85e-03      2.67e-01    2.72e-01    5.9e-08
   1934      2.69e-01    2.82e-01      3.28e-03    4.25e-03      2.59e-01    2.70e-01    5.9e-08
   1936      2.71e-01    2.82e-01      3.53e-03    3.89e-03      2.61e-01    2.72e-01    5.9e-08
   1938      2.72e-01    2.85e-01      3.31e-03    4.20e-03      2.63e-01    2.74e-01    5.9e-08
   1940      2.75e-01    2.84e-01      3.44e-03    4.18e-03      2.65e-01    2.73e-01    5.9e-08
   1942      2.71e-01    2.83e-01      3.24e-03    4.03e-03      2.62e-01    2.72e-01    5.9e-08
   1944      2.76e-01    2.83e-01      3.88e-03    3.80e-03      2.66e-01    2.72e-01    5.9e-08
   1946      2.69e-01    2.82e-01      2.86e-03    3.66e-03      2.60e-01    2.72e-01    5.9e-08
   1948      2.73e-01    2.84e-01      2.46e-03    3.89e-03      2.64e-01    2.73e-01    5.9e-08
   1950      2.73e-01    2.86e-01      4.11e-03    4.24e-03      2.62e-01    2.75e-01    5.9e-08
   1952      2.73e-01    2.83e-01      2.88e-03    4.09e-03      2.63e-01    2.72e-01    5.9e-08
   1954      2.72e-01    2.79e-01      3.24e-03    4.00e-03      2.63e-01    2.69e-01    5.9e-08
   1956      2.72e-01    2.84e-01      3.90e-03    4.25e-03      2.61e-01    2.73e-01    5.9e-08
   1958      2.73e-01    2.79e-01      2.82e-03    3.51e-03      2.64e-01    2.69e-01    5.9e-08
   1960      2.76e-01    2.82e-01      3.47e-03    3.51e-03      2.66e-01    2.72e-01    5.9e-08
   1962      2.69e-01    2.82e-01      3.20e-03    4.13e-03      2.59e-01    2.71e-01    5.9e-08
   1964      2.78e-01    2.81e-01      2.92e-03    3.86e-03      2.68e-01    2.70e-01    5.9e-08
   1966      2.67e-01    2.80e-01      3.70e-03    4.15e-03      2.57e-01    2.69e-01    5.9e-08
   1968      2.71e-01    2.83e-01      3.60e-03    3.83e-03      2.61e-01    2.73e-01    5.9e-08
   1970      2.75e-01    2.85e-01      3.23e-03    3.96e-03      2.65e-01    2.75e-01    5.9e-08
   1972      2.74e-01    2.82e-01      2.99e-03    3.61e-03      2.64e-01    2.72e-01    5.9e-08
   1974      2.73e-01    2.80e-01      3.58e-03    3.88e-03      2.63e-01    2.69e-01    5.9e-08
   1976      2.76e-01    2.84e-01      3.55e-03    4.00e-03      2.66e-01    2.73e-01    5.9e-08
   1978      2.70e-01    2.83e-01      3.22e-03    4.01e-03      2.60e-01    2.72e-01    5.9e-08
   1980      2.70e-01    2.78e-01      3.26e-03    3.49e-03      2.61e-01    2.68e-01    5.9e-08
   1982      2.76e-01    2.83e-01      3.58e-03    3.81e-03      2.66e-01    2.72e-01    5.9e-08
   1984      2.67e-01    2.83e-01      3.57e-03    3.83e-03      2.57e-01    2.73e-01    5.9e-08
   1986      2.78e-01    2.81e-01      2.98e-03    3.50e-03      2.69e-01    2.71e-01    5.9e-08
   1988      2.73e-01    2.80e-01      3.71e-03    3.61e-03      2.63e-01    2.69e-01    5.9e-08
   1990      2.72e-01    2.79e-01      3.11e-03    3.52e-03      2.62e-01    2.69e-01    5.9e-08
   1992      2.75e-01    2.82e-01      3.64e-03    3.97e-03      2.65e-01    2.72e-01    5.9e-08
   1994      2.72e-01    2.83e-01      2.99e-03    3.71e-03      2.62e-01    2.72e-01    5.9e-08
   1996      2.69e-01    2.82e-01      3.82e-03    4.22e-03      2.58e-01    2.71e-01    5.9e-08
   1998      2.75e-01    2.83e-01      2.82e-03    3.74e-03      2.66e-01    2.73e-01    5.9e-08
   2000      2.68e-01    2.78e-01      3.10e-03    3.90e-03      2.62e-01    2.70e-01    3.5e-08
