Time[ps]      Etot[eV]     Epot[eV]     Ekin[eV]    T[K]
0.0000        -454.3330    -456.4971       2.1641   270.0
0.0500        -453.7867    -455.0231       1.2364   154.3
0.1000        -453.0982    -454.6793       1.5811   197.3
0.1500        -452.3927    -454.5081       2.1154   264.0
0.2000        -451.7699    -453.9474       2.1775   271.7
0.2500        -451.7013    -453.8671       2.1657   270.2
0.3000        -451.7955    -454.2668       2.4713   308.4
0.3500        -451.7773    -454.2857       2.5084   313.0
0.4000        -452.1477    -454.6001       2.4525   306.0
0.4500        -452.3363    -454.4535       2.1172   264.2
0.5000        -451.8132    -454.0732       2.2601   282.0
0.5500        -451.8790    -454.1351       2.2561   281.5
0.6000        -452.0731    -454.4372       2.3641   295.0
0.6500        -451.6286    -453.6304       2.0019   249.8
0.7000        -451.5681    -453.9117       2.3436   292.4
0.7500        -451.6540    -454.0386       2.3846   297.6
0.8000        -451.5610    -453.9540       2.3931   298.6
0.8500        -451.5055    -453.9846       2.4791   309.3
0.9000        -451.3492    -453.7889       2.4398   304.4
0.9500        -451.4225    -453.8577       2.4352   303.9
1.0000        -451.7334    -453.7293       1.9959   249.1
1.0500        -451.1067    -453.6350       2.5283   315.5
1.1000        -451.7240    -454.2407       2.5167   314.0
1.1500        -451.8073    -454.0888       2.2816   284.7
1.2000        -451.5597    -454.0917       2.5320   315.9
1.2500        -451.8186    -454.3047       2.4861   310.2
1.3000        -451.9519    -453.7772       1.8253   227.8
1.3500        -451.3917    -454.2339       2.8422   354.6
1.4000        -451.3240    -453.8582       2.5342   316.2
1.4500        -451.4969    -453.9165       2.4196   301.9
1.5000        -451.7858    -453.9429       2.1570   269.2
1.5500        -451.5723    -454.0841       2.5118   313.4
1.6000        -451.6378    -454.2326       2.5948   323.8
1.6500        -452.2170    -454.0262       1.8092   225.7
1.7000        -451.8389    -454.1954       2.3565   294.0
1.7500        -451.5751    -454.0019       2.4269   302.8
1.8000        -451.4868    -454.4056       2.9188   364.2
1.8500        -451.6916    -454.1096       2.4180   301.7
1.9000        -451.3852    -453.7409       2.3557   293.9
1.9500        -451.8331    -454.2504       2.4173   301.6
2.0000        -451.9034    -454.2176       2.3142   288.8
2.0500        -451.8828    -454.2759       2.3931   298.6
2.1000        -451.5502    -453.8794       2.3292   290.6
2.1500        -451.4249    -453.6739       2.2490   280.6
2.2000        -451.8530    -454.0985       2.2455   280.2
2.2500        -452.2289    -454.1469       1.9179   239.3
2.3000        -451.9624    -454.2628       2.3004   287.0
2.3500        -451.6440    -454.0913       2.4473   305.4
2.4000        -452.1202    -454.1674       2.0472   255.4
2.4500        -452.4448    -454.6297       2.1849   272.6
2.5000        -452.1083    -454.2329       2.1246   265.1
2.5500        -451.8219    -454.1977       2.3758   296.5
2.6000        -451.6351    -454.2362       2.6012   324.6
2.6500        -451.8970    -453.9839       2.0870   260.4
2.7000        -451.5716    -454.1081       2.5365   316.5
2.7500        -451.8379    -454.0079       2.1700   270.8
2.8000        -451.8664    -454.2666       2.4002   299.5
2.8500        -452.1543    -454.1981       2.0437   255.0
2.9000        -451.7596    -454.4252       2.6656   332.6
2.9500        -451.5325    -453.8879       2.3554   293.9
3.0000        -451.0548    -453.5991       2.5444   317.5
3.0500        -450.6152    -453.9357       3.3205   414.3
3.1000        -450.8395    -453.7432       2.9038   362.3
3.1500        -451.4830    -453.9362       2.4532   306.1
3.2000        -451.5976    -453.8498       2.2522   281.0
3.2500        -451.9428    -454.2665       2.3237   290.0
3.3000        -451.8447    -454.2711       2.4263   302.8
3.3500        -451.5580    -453.8024       2.2444   280.0
3.4000        -451.2360    -453.8562       2.6203   327.0
3.4500        -451.5684    -454.3620       2.7936   348.6
3.5000        -451.4516    -454.2270       2.7754   346.3
3.5500        -451.6733    -454.1595       2.4862   310.2
3.6000        -451.6671    -453.9852       2.3181   289.2
3.6500        -452.0039    -454.3882       2.3842   297.5
3.7000        -452.0178    -454.2651       2.2473   280.4
3.7500        -452.0482    -454.2719       2.2238   277.5
3.8000        -451.6932    -454.2572       2.5641   319.9
3.8500        -452.0341    -454.3841       2.3500   293.2
3.9000        -451.7923    -453.9039       2.1116   263.5
3.9500        -451.7988    -454.1036       2.3048   287.6
4.0000        -451.8926    -454.5338       2.6412   329.6
4.0500        -451.8873    -454.1114       2.2241   277.5
4.1000        -451.8861    -454.1524       2.2663   282.8
4.1500        -451.5116    -453.9930       2.4815   309.6
4.2000        -451.5587    -453.9867       2.4280   303.0
4.2500        -451.3873    -453.9161       2.5288   315.5
4.3000        -451.4810    -453.7659       2.2849   285.1
4.3500        -451.4937    -454.0900       2.5963   324.0
4.4000        -451.9260    -454.2640       2.3379   291.7
4.4500        -451.8215    -453.9936       2.1721   271.0
4.5000        -452.0255    -454.4025       2.3770   296.6
4.5500        -452.0256    -454.1710       2.1454   267.7
4.6000        -451.6381    -454.1529       2.5148   313.8
4.6500        -451.3823    -453.7613       2.3790   296.9
4.7000        -451.0738    -453.7719       2.6981   336.7
4.7500        -450.9175    -453.6393       2.7218   339.6
4.8000        -451.5754    -453.8776       2.3022   287.3
4.8500        -451.1297    -453.8769       2.7473   342.8
4.9000        -451.4260    -453.7423       2.3163   289.0
4.9500        -451.8110    -454.1653       2.3544   293.8
5.0000        -451.8518    -454.3540       2.5022   312.2
5.0500        -451.7604    -454.2263       2.4659   307.7
5.1000        -451.4290    -453.4382       2.0092   250.7
5.1500        -451.4183    -453.5296       2.1113   263.4
5.2000        -451.4472    -453.9137       2.4665   307.8
5.2500        -451.6072    -454.4127       2.8055   350.1
5.3000        -451.7125    -454.0188       2.3063   287.8
5.3500        -451.7821    -454.3110       2.5288   315.5
5.4000        -451.2369    -453.8350       2.5980   324.2
5.4500        -451.6278    -453.9810       2.3532   293.6
5.5000        -451.8262    -454.3163       2.4901   310.7
5.5500        -451.7459    -453.9102       2.1643   270.1
5.6000        -451.2822    -454.2105       2.9283   365.4
5.6500        -451.5194    -453.8999       2.3804   297.0
5.7000        -451.7516    -454.1828       2.4312   303.4
5.7500        -451.6767    -453.8855       2.2088   275.6
5.8000        -452.1531    -454.1300       1.9769   246.7
5.8500        -452.2839    -454.5190       2.2351   278.9
5.9000        -452.1143    -454.3482       2.2339   278.8
5.9500        -452.0235    -454.4980       2.4746   308.8
6.0000        -452.2917    -454.3547       2.0631   257.4
6.0500        -452.0243    -454.3914       2.3671   295.4
6.1000        -452.1381    -454.4217       2.2836   284.9
6.1500        -451.8245    -454.3841       2.5597   319.4
6.2000        -452.1067    -454.1371       2.0304   253.3
6.2500        -451.9255    -454.2872       2.3617   294.7
6.3000        -451.4049    -453.9047       2.4998   311.9
6.3500        -450.8589    -453.4614       2.6025   324.7
6.4000        -451.7954    -454.0615       2.2662   282.8
6.4500        -451.6386    -454.1491       2.5105   313.3
6.5000        -451.4295    -453.8261       2.3966   299.1
6.5500        -451.4602    -454.0275       2.5673   320.3
6.6000        -451.8310    -454.2024       2.3714   295.9
6.6500        -451.3919    -453.8108       2.4190   301.8
6.7000        -451.6139    -453.9712       2.3573   294.1
6.7500        -451.5050    -454.1980       2.6929   336.0
6.8000        -451.4848    -453.7944       2.3096   288.2
6.8500        -451.8195    -454.0978       2.2783   284.3
6.9000        -451.4502    -453.6335       2.1833   272.4
6.9500        -451.2891    -454.1723       2.8832   359.8
7.0000        -451.5007    -454.2072       2.7066   337.7
7.0500        -451.6547    -453.8601       2.2054   275.2
7.1000        -451.6013    -454.0627       2.4614   307.1
7.1500        -451.5198    -454.2385       2.7186   339.2
7.2000        -451.8840    -454.2870       2.4030   299.8
7.2500        -451.7961    -454.0762       2.2801   284.5
7.3000        -451.4757    -454.0343       2.5586   319.3
7.3500        -451.7261    -454.0630       2.3369   291.6
7.4000        -451.6373    -454.0667       2.4294   303.1
7.4500        -451.3341    -453.9528       2.6187   326.8
7.5000        -451.1668    -453.7262       2.5595   319.4
7.5500        -451.5789    -454.0460       2.4670   307.8
7.6000        -451.9095    -454.1998       2.2903   285.8
7.6500        -451.7535    -454.6079       2.8544   356.2
7.7000        -452.1426    -453.9780       1.8355   229.0
7.7500        -452.1556    -454.2307       2.0752   258.9
7.8000        -451.9460    -454.2859       2.3399   292.0
7.8500        -452.1155    -454.3489       2.2334   278.7
7.9000        -451.7621    -454.0682       2.3061   287.8
7.9500        -451.8632    -453.9711       2.1079   263.0
8.0000        -451.8474    -454.0417       2.1943   273.8
8.0500        -451.4956    -454.0044       2.5088   313.0
8.1000        -451.9061    -454.0629       2.1568   269.1
8.1500        -451.9106    -453.9925       2.0819   259.8
8.2000        -452.3714    -454.3952       2.0238   252.5
8.2500        -452.2909    -454.4096       2.1188   264.4
8.3000        -452.0338    -454.2893       2.2554   281.4
8.3500        -451.7127    -453.8404       2.1277   265.5
8.4000        -451.7048    -454.1873       2.4824   309.8
8.4500        -451.3882    -453.9151       2.5268   315.3
8.5000        -451.8578    -454.1136       2.2559   281.5
8.5500        -451.9251    -453.8163       1.8912   236.0
8.6000        -452.1098    -454.3323       2.2225   277.3
8.6500        -451.4227    -453.6414       2.2188   276.9
8.7000        -451.5738    -454.0233       2.4494   305.6
8.7500        -451.9227    -454.1467       2.2241   277.5
8.8000        -451.8905    -454.1621       2.2716   283.5
8.8500        -451.5414    -453.7345       2.1931   273.7
8.9000        -451.7731    -453.9765       2.2034   274.9
8.9500        -451.4052    -454.1203       2.7152   338.8
9.0000        -451.5172    -453.7792       2.2620   282.2
9.0500        -451.2328    -453.8904       2.6576   331.6
9.1000        -450.9419    -453.5474       2.6055   325.1
9.1500        -451.2083    -453.7616       2.5533   318.6
9.2000        -451.1375    -453.6003       2.4628   307.3
9.2500        -451.1338    -453.6180       2.4842   310.0
9.3000        -451.5307    -454.0584       2.5276   315.4
9.3500        -451.3523    -453.4736       2.1213   264.7
9.4000        -451.5136    -453.9243       2.4108   300.8
9.4500        -451.6872    -454.0627       2.3755   296.4
9.5000        -451.8912    -453.9101       2.0189   251.9
9.5500        -451.5953    -453.8246       2.2294   278.2
9.6000        -451.7172    -453.9832       2.2660   282.7
9.6500        -451.9576    -454.0377       2.0801   259.6
9.7000        -451.7080    -453.9805       2.2725   283.6
9.7500        -451.4005    -453.8136       2.4132   301.1
9.8000        -451.7217    -454.3285       2.6068   325.3
9.8500        -451.4012    -453.7567       2.3555   293.9
9.9000        -451.4944    -454.0735       2.5791   321.8
9.9500        -451.6569    -453.8359       2.1790   271.9
10.0000       -451.6397    -453.9786       2.3388   291.8
10.0500       -451.6969    -454.0247       2.3278   290.5
10.1000       -451.7583    -454.2198       2.4615   307.1
10.1500       -451.1528    -453.4083       2.2555   281.4
10.2000       -451.0445    -453.3548       2.3103   288.3
10.2500       -451.2480    -453.6894       2.4414   304.6
10.3000       -451.2065    -453.9620       2.7554   343.8
10.3500       -451.2217    -453.3288       2.1071   262.9
10.4000       -450.8833    -453.7221       2.8388   354.2
10.4500       -450.9836    -453.7660       2.7824   347.2
10.5000       -450.9267    -453.2204       2.2937   286.2
10.5500       -451.3510    -453.9545       2.6036   324.9
10.6000       -451.8846    -454.1234       2.2388   279.4
10.6500       -452.0499    -454.2539       2.2040   275.0
10.7000       -451.4409    -453.4970       2.0561   256.6
10.7500       -451.0415    -453.8731       2.8316   353.3
10.8000       -451.2868    -453.5909       2.3041   287.5
10.8500       -451.3731    -454.0193       2.6462   330.2
10.9000       -451.7476    -454.1700       2.4224   302.3
10.9500       -451.5056    -454.0024       2.4968   311.5
11.0000       -451.1930    -453.7855       2.5925   323.5
11.0500       -451.6187    -453.8719       2.2532   281.2
11.1000       -451.6605    -454.0352       2.3747   296.3
11.1500       -451.8895    -454.0614       2.1719   271.0
11.2000       -451.9792    -454.4000       2.4208   302.1
11.2500       -452.2218    -454.2243       2.0025   249.9
11.3000       -451.8736    -454.3033       2.4296   303.2
11.3500       -451.6504    -454.0330       2.3826   297.3
11.4000       -451.8046    -454.2242       2.4196   301.9
11.4500       -451.3958    -453.8854       2.4896   310.7
11.5000       -451.4734    -454.1648       2.6914   335.8
11.5500       -451.7600    -453.9059       2.1459   267.8
11.6000       -451.9802    -454.4053       2.4252   302.6
11.6500       -452.0743    -454.2494       2.1751   271.4
11.7000       -452.5688    -454.6352       2.0664   257.8
11.7500       -452.0539    -454.2873       2.2334   278.7
11.8000       -451.8497    -453.8955       2.0458   255.3
11.8500       -452.2662    -454.3596       2.0934   261.2
11.9000       -451.5112    -453.7343       2.2231   277.4
11.9500       -451.6159    -453.7718       2.1560   269.0
12.0000       -452.1241    -454.0917       1.9676   245.5
12.0500       -451.5295    -453.7502       2.2206   277.1
12.1000       -451.8718    -453.8112       1.9394   242.0
12.1500       -451.7195    -453.8708       2.1512   268.4
12.2000       -451.8551    -454.2269       2.3718   296.0
12.2500       -451.9075    -454.4401       2.5327   316.0
12.3000       -452.0296    -454.4499       2.4203   302.0
12.3500       -452.1404    -454.2924       2.1520   268.5
12.4000       -452.0748    -454.1533       2.0785   259.4
12.4500       -452.1037    -454.5447       2.4410   304.6
12.5000       -451.8724    -454.2650       2.3926   298.5
12.5500       -451.7864    -454.4001       2.6137   326.1
12.6000       -451.5447    -454.0430       2.4983   311.7
12.6500       -451.6480    -454.0762       2.4282   303.0
12.7000       -451.4914    -453.8397       2.3483   293.0
12.7500       -451.2740    -453.8262       2.5522   318.5
12.8000       -451.3569    -453.8690       2.5121   313.5
12.8500       -451.1888    -453.6630       2.4742   308.7
12.9000       -450.9193    -454.0759       3.1566   393.9
12.9500       -450.6596    -453.4125       2.7529   343.5
13.0000       -450.8268    -453.4755       2.6487   330.5
13.0500       -450.9566    -453.5233       2.5667   320.3
13.1000       -450.8336    -453.3563       2.5227   314.8
13.1500       -451.3698    -454.0371       2.6673   332.8
13.2000       -451.2460    -453.8830       2.6370   329.0
13.2500       -451.5071    -454.1090       2.6019   324.7
13.3000       -452.0124    -454.0669       2.0545   256.4
13.3500       -451.6044    -454.2390       2.6346   328.7
13.4000       -451.8869    -453.9637       2.0768   259.1
13.4500       -451.7698    -454.1509       2.3811   297.1
13.5000       -451.6696    -454.0731       2.4035   299.9
13.5500       -451.1382    -453.8375       2.6993   336.8
13.6000       -451.0079    -453.4710       2.4631   307.3
13.6500       -451.0723    -453.8908       2.8184   351.7
13.7000       -451.3676    -453.6693       2.3016   287.2
13.7500       -451.2242    -453.9895       2.7654   345.1
13.8000       -451.7761    -454.0950       2.3189   289.3
13.8500       -451.9657    -454.0789       2.1133   263.7
13.9000       -451.8349    -454.0421       2.2072   275.4
13.9500       -451.7320    -454.1278       2.3958   298.9
14.0000       -451.8625    -454.2782       2.4158   301.4
14.0500       -451.6717    -453.9447       2.2730   283.6
14.1000       -451.6502    -453.9864       2.3361   291.5
14.1500       -451.3655    -453.9281       2.5627   319.8
14.2000       -451.5173    -454.0003       2.4830   309.8
14.2500       -451.3300    -454.1217       2.7918   348.4
14.3000       -451.5255    -454.1975       2.6720   333.4
14.3500       -451.3301    -453.6414       2.3113   288.4
14.4000       -451.4720    -453.7659       2.2940   286.2
14.4500       -451.3987    -453.7804       2.3818   297.2
14.5000       -451.9385    -454.2228       2.2842   285.0
14.5500       -451.5778    -453.6982       2.1204   264.6
14.6000       -451.2563    -454.0393       2.7830   347.3
14.6500       -451.6637    -454.0814       2.4177   301.7
14.7000       -451.3231    -454.1303       2.8071   350.3
14.7500       -451.8652    -454.3042       2.4390   304.3
14.8000       -451.7754    -454.0830       2.3076   287.9
14.8500       -451.6678    -454.0221       2.3542   293.8
14.9000       -451.4650    -453.9382       2.4731   308.6
14.9500       -451.4944    -453.9316       2.4372   304.1
15.0000       -451.7719    -454.1927       2.4208   302.1
15.0500       -452.1288    -454.5500       2.4212   302.1
15.1000       -452.0163    -454.3366       2.3203   289.5
15.1500       -451.9887    -454.5563       2.5676   320.4
15.2000       -452.0763    -454.1928       2.1164   264.1
15.2500       -452.0384    -454.3585       2.3202   289.5
15.3000       -451.9716    -454.2743       2.3026   287.3
15.3500       -452.1671    -454.0501       1.8830   235.0
15.4000       -452.3362    -454.5576       2.2215   277.2
15.4500       -452.5533    -454.5781       2.0248   252.7
15.5000       -452.3454    -454.1318       1.7864   222.9
15.5500       -451.8939    -454.0634       2.1695   270.7
15.6000       -451.9764    -454.2141       2.2378   279.2
15.6500       -452.2730    -454.1342       1.8612   232.2
15.7000       -452.0172    -454.2780       2.2609   282.1
15.7500       -451.7844    -454.0657       2.2813   284.7
15.8000       -451.5511    -454.0080       2.4569   306.6
15.8500       -451.5832    -453.8856       2.3024   287.3
15.9000       -451.5515    -454.2498       2.6983   336.7
15.9500       -451.7604    -453.9875       2.2271   277.9
16.0000       -452.2930    -454.5950       2.3020   287.2
16.0500       -452.2470    -454.2130       1.9660   245.3
16.1000       -452.0770    -454.4581       2.3811   297.1
16.1500       -451.7770    -453.9296       2.1526   268.6
16.2000       -451.7021    -453.9116       2.2095   275.7
16.2500       -452.1204    -454.4341       2.3137   288.7
16.3000       -452.2637    -454.3226       2.0590   256.9
16.3500       -452.5499    -454.5221       1.9722   246.1
16.4000       -452.4956    -454.3007       1.8052   225.2
16.4500       -451.8767    -454.0709       2.1942   273.8
16.5000       -451.9405    -454.3327       2.3922   298.5
16.5500       -452.3015    -454.4241       2.1226   264.9
16.6000       -452.4641    -454.3446       1.8805   234.6
16.6500       -452.1735    -454.2341       2.0606   257.1
16.7000       -452.4613    -454.2350       1.7736   221.3
16.7500       -452.2252    -454.1932       1.9679   245.6
16.8000       -452.1989    -454.1908       1.9920   248.6
16.8500       -452.4161    -454.4997       2.0837   260.0
16.9000       -452.1660    -454.3408       2.1748   271.4
16.9500       -451.6479    -454.1365       2.4886   310.5
17.0000       -451.2384    -453.8996       2.6611   332.1
17.0500       -451.4079    -454.1842       2.7763   346.4
17.1000       -451.2841    -453.5108       2.2267   277.8
17.1500       -451.0713    -453.8349       2.7636   344.8
17.2000       -451.5035    -454.0249       2.5213   314.6
17.2500       -451.1467    -453.8057       2.6590   331.8
17.3000       -451.6687    -454.1751       2.5064   312.7
17.3500       -452.0579    -453.9881       1.9302   240.8
17.4000       -451.8061    -454.0080       2.2019   274.8
17.4500       -451.7403    -453.7826       2.0423   254.8
17.5000       -451.2287    -453.9000       2.6712   333.3
17.5500       -451.4845    -454.3538       2.8694   358.0
17.6000       -451.3160    -453.8879       2.5719   320.9
17.6500       -451.9441    -454.2613       2.3172   289.1
17.7000       -451.9331    -454.0938       2.1607   269.6
17.7500       -451.3467    -453.7630       2.4163   301.5
17.8000       -451.2659    -453.8099       2.5441   317.4
17.8500       -451.2558    -453.9950       2.7393   341.8
17.9000       -451.1781    -453.7917       2.6136   326.1
17.9500       -451.7806    -453.9542       2.1736   271.2
18.0000       -451.6094    -453.9508       2.3414   292.2
18.0500       -451.9212    -453.9220       2.0008   249.7
18.1000       -451.6803    -454.1715       2.4912   310.8
18.1500       -452.0214    -453.9881       1.9667   245.4
18.2000       -452.0908    -454.1951       2.1042   262.6
18.2500       -452.0547    -454.0250       1.9702   245.8
18.3000       -452.4909    -454.4584       1.9675   245.5
18.3500       -452.2569    -454.2231       1.9662   245.3
18.4000       -451.9623    -454.3546       2.3924   298.5
18.4500       -450.8695    -453.5821       2.7126   338.5
18.5000       -451.2276    -454.0551       2.8274   352.8
18.5500       -451.4076    -454.0209       2.6133   326.1
18.6000       -451.7371    -453.8398       2.1027   262.4
18.6500       -451.4301    -453.6730       2.2428   279.9
18.7000       -451.8047    -453.9945       2.1898   273.2
18.7500       -451.5813    -454.0714       2.4902   310.7
18.8000       -451.7132    -454.0988       2.3856   297.7
18.8500       -451.6546    -454.0714       2.4168   301.6
18.9000       -451.8995    -454.0580       2.1585   269.3
18.9500       -451.5678    -454.0631       2.4953   311.4
19.0000       -451.5334    -453.8826       2.3493   293.1
19.0500       -451.4988    -454.3757       2.8769   359.0
19.1000       -451.6610    -454.0057       2.3447   292.6
19.1500       -451.6776    -454.3734       2.6958   336.4
19.2000       -451.6553    -453.9796       2.3242   290.0
19.2500       -451.8496    -454.2331       2.3835   297.4
19.3000       -451.8276    -453.9590       2.1315   266.0
19.3500       -452.1523    -454.2539       2.1016   262.2
19.4000       -451.6167    -454.0028       2.3861   297.7
19.4500       -451.9367    -453.8278       1.8912   236.0
19.5000       -451.7056    -454.1883       2.4827   309.8
19.5500       -451.5107    -453.9568       2.4461   305.2
19.6000       -451.3865    -453.8593       2.4728   308.6
19.6500       -451.5087    -454.0300       2.5214   314.6
19.7000       -451.3914    -453.6697       2.2784   284.3
19.7500       -450.9055    -453.8180       2.9125   363.4
19.8000       -451.2669    -454.2311       2.9643   369.9
19.8500       -451.6288    -454.3610       2.7321   340.9
19.9000       -452.0028    -454.4484       2.4456   305.2
19.9500       -452.2273    -454.2119       1.9847   247.6
20.0000       -451.8971    -454.3194       2.4222   302.2
20.0500       -451.9602    -454.1866       2.2264   277.8
20.1000       -452.1482    -454.3281       2.1798   272.0
20.1500       -451.7906    -454.0951       2.3045   287.6
20.2000       -451.9365    -454.1254       2.1889   273.1
20.2500       -451.8528    -454.4991       2.6463   330.2
20.3000       -451.8864    -454.1873       2.3009   287.1
20.3500       -451.9505    -454.4573       2.5068   312.8
20.4000       -451.5642    -453.9881       2.4239   302.4
20.4500       -452.0238    -454.2988       2.2750   283.9
20.5000       -451.8646    -453.9589       2.0943   261.3
20.5500       -452.1471    -454.1873       2.0402   254.6
20.6000       -451.9265    -453.8055       1.8791   234.5
20.6500       -452.1924    -454.4783       2.2859   285.2
20.7000       -452.2569    -454.3821       2.1253   265.2
20.7500       -452.2302    -454.3548       2.1245   265.1
20.8000       -452.1265    -454.1140       1.9875   248.0
20.8500       -452.3577    -454.0110       1.6533   206.3
20.9000       -451.9089    -454.0142       2.1053   262.7
20.9500       -451.9318    -454.2002       2.2684   283.1
21.0000       -451.7653    -454.0272       2.2619   282.2
21.0500       -451.5087    -453.9919       2.4832   309.9
21.1000       -451.5632    -453.9787       2.4155   301.4
21.1500       -451.8296    -454.0573       2.2276   278.0
21.2000       -452.1345    -454.2512       2.1167   264.1
21.2500       -451.8367    -454.5907       2.7540   343.6
21.3000       -451.3743    -454.1377       2.7635   344.8
21.3500       -451.0071    -453.6536       2.6465   330.2
21.4000       -451.3133    -453.9940       2.6807   334.5
21.4500       -451.3867    -454.2033       2.8166   351.5
21.5000       -451.5272    -454.1216       2.5944   323.7
21.5500       -451.3687    -454.0567       2.6880   335.4
21.6000       -451.6406    -453.7466       2.1061   262.8
21.6500       -451.3887    -454.1292       2.7405   342.0
21.7000       -451.2651    -453.7041       2.4390   304.3
21.7500       -451.5371    -453.5929       2.0558   256.5
21.8000       -451.5841    -454.0322       2.4481   305.5
21.8500       -451.5344    -453.8076       2.2732   283.6
21.9000       -451.6932    -454.1876       2.4944   311.2
21.9500       -451.8829    -454.0097       2.1268   265.4
22.0000       -452.3756    -454.4944       2.1188   264.4
22.0500       -452.4286    -454.4040       1.9755   246.5
22.1000       -451.9087    -454.2265       2.3178   289.2
22.1500       -451.9926    -454.1661       2.1736   271.2
22.2000       -451.5203    -453.8292       2.3089   288.1
22.2500       -451.2662    -453.7460       2.4798   309.4
22.3000       -451.0889    -453.9045       2.8155   351.3
22.3500       -451.4903    -453.9480       2.4577   306.7
22.4000       -451.1935    -453.9671       2.7736   346.1
22.4500       -451.9995    -454.1315       2.1320   266.0
22.5000       -452.2521    -454.1221       1.8700   233.3
22.5500       -451.9185    -453.9461       2.0276   253.0
22.6000       -452.0944    -454.2775       2.1831   272.4
22.6500       -451.8227    -454.0143       2.1916   273.5
22.7000       -452.3437    -454.2223       1.8786   234.4
22.7500       -452.2965    -454.4326       2.1361   266.5
22.8000       -452.0118    -453.9690       1.9572   244.2
22.8500       -451.7444    -453.7803       2.0359   254.0
22.9000       -451.7692    -454.3758       2.6065   325.2
22.9500       -451.5646    -453.8747       2.3100   288.2
23.0000       -451.3951    -453.8296       2.4344   303.8
23.0500       -451.4647    -453.9669       2.5022   312.2
23.1000       -451.4561    -453.8795       2.4234   302.4
23.1500       -451.8669    -454.2704       2.4036   299.9
23.2000       -452.2537    -454.4743       2.2206   277.1
23.2500       -452.2851    -454.4452       2.1601   269.5
23.3000       -452.2514    -454.3848       2.1334   266.2
23.3500       -451.8206    -453.9685       2.1478   268.0
23.4000       -451.3898    -453.7126       2.3228   289.8
23.4500       -451.5163    -453.9652       2.4489   305.6
23.5000       -451.5587    -453.7741       2.2155   276.4
23.5500       -451.7276    -454.1362       2.4086   300.6
23.6000       -451.8409    -454.3851       2.5442   317.5
23.6500       -451.9773    -454.3048       2.3275   290.4
23.7000       -451.9149    -454.2780       2.3632   294.9
23.7500       -451.9605    -454.3597       2.3993   299.4
23.8000       -451.6100    -454.0301       2.4201   302.0
23.8500       -451.3116    -453.7546       2.4429   304.8
23.9000       -450.8971    -453.4606       2.5635   319.9
23.9500       -451.3620    -453.7730       2.4111   300.9
24.0000       -451.5240    -454.1784       2.6543   331.2
24.0500       -451.7178    -454.1099       2.3921   298.5
24.1000       -451.1437    -453.8415       2.6978   336.6
24.1500       -451.2757    -453.5739       2.2982   286.8
24.2000       -451.4604    -454.0693       2.6089   325.5
24.2500       -451.6583    -454.2116       2.5533   318.6
24.3000       -451.6145    -454.1213       2.5068   312.8
24.3500       -451.6782    -454.1480       2.4697   308.2
24.4000       -452.1886    -454.1625       1.9738   246.3
24.4500       -451.8606    -454.0956       2.2351   278.9
24.5000       -451.9354    -453.9634       2.0280   253.0
24.5500       -451.9087    -454.2598       2.3510   293.4
24.6000       -451.6036    -453.8910       2.2874   285.4
24.6500       -451.7055    -454.1137       2.4082   300.5
24.7000       -451.4997    -453.8902       2.3905   298.3
24.7500       -451.9354    -454.3196       2.3841   297.5
24.8000       -451.8319    -454.4168       2.5849   322.5
24.8500       -451.5757    -454.1138       2.5381   316.7
24.9000       -451.2421    -453.9711       2.7290   340.5
24.9500       -451.6961    -454.1941       2.4980   311.7
25.0000       -451.3847    -453.7489       2.3641   295.0
25.0500       -450.8433    -453.6446       2.8013   349.5
25.1000       -451.1661    -453.8189       2.6528   331.0
25.1500       -451.4800    -453.7111       2.2311   278.4
25.2000       -451.0046    -453.8343       2.8297   353.1
25.2500       -451.4686    -453.8057       2.3371   291.6
25.3000       -451.3189    -453.7868       2.4679   307.9
25.3500       -451.3755    -454.0992       2.7236   339.9
25.4000       -451.4264    -453.9360       2.5096   313.1
25.4500       -451.5172    -453.8085       2.2912   285.9
25.5000       -451.2176    -453.5434       2.3258   290.2
25.5500       -451.4432    -454.2330       2.7898   348.1
25.6000       -451.3356    -453.7420       2.4064   300.3
25.6500       -451.3033    -453.7751       2.4717   308.4
25.7000       -450.8476    -453.5538       2.7063   337.7
25.7500       -451.3652    -454.2014       2.8362   353.9
25.8000       -451.8027    -453.6909       1.8882   235.6
25.8500       -451.7902    -454.1597       2.3695   295.7
25.9000       -451.7619    -454.2719       2.5100   313.2
25.9500       -451.7101    -454.0974       2.3873   297.9
26.0000       -451.4581    -454.1329       2.6749   333.8
26.0500       -450.9597    -453.6354       2.6757   333.9
26.1000       -451.0847    -453.8478       2.7630   344.8
26.1500       -451.0651    -453.5387       2.4736   308.7
26.2000       -451.4522    -454.0071       2.5550   318.8
26.2500       -451.6813    -454.1424       2.4610   307.1
26.3000       -451.9011    -454.1424       2.2413   279.7
26.3500       -451.7539    -454.0564       2.3024   287.3
26.4000       -452.2647    -454.0514       1.7867   222.9
26.4500       -451.7043    -454.2969       2.5926   323.5
26.5000       -450.9391    -453.5005       2.5614   319.6
26.5500       -451.5408    -453.9513       2.4104   300.8
26.6000       -451.4257    -454.0158       2.5902   323.2
26.6500       -451.0273    -453.5131       2.4858   310.2
26.7000       -451.1658    -453.8702       2.7044   337.5
26.7500       -451.4082    -454.0612       2.6530   331.0
26.8000       -451.4014    -454.1049       2.7035   337.3
26.8500       -452.0222    -454.5051       2.4829   309.8
26.9000       -451.6773    -453.9579       2.2806   284.6
26.9500       -451.4905    -453.8332       2.3427   292.3
27.0000       -451.3362    -453.9808       2.6446   330.0
27.0500       -451.4647    -453.7297       2.2650   282.6
27.1000       -451.6892    -453.9997       2.3105   288.3
27.1500       -451.5966    -454.0877       2.4911   310.8
27.2000       -450.9760    -453.5258       2.5498   318.2
27.2500       -451.8298    -453.7870       1.9572   244.2
27.3000       -451.6788    -453.9375       2.2588   281.8
27.3500       -451.4086    -453.8925       2.4839   309.9
27.4000       -451.6923    -454.0152       2.3230   289.9
27.4500       -451.8524    -454.1936       2.3412   292.1
27.5000       -451.5444    -454.0613       2.5169   314.1
27.5500       -451.3861    -453.8378       2.4517   305.9
27.6000       -451.5712    -453.8803       2.3091   288.1
27.6500       -451.9334    -454.3089       2.3755   296.4
27.7000       -451.9658    -454.2625       2.2967   286.6
27.7500       -452.1205    -454.4061       2.2856   285.2
27.8000       -451.9251    -454.1600       2.2348   278.9
27.8500       -452.3015    -454.3576       2.0561   256.6
27.9000       -452.2400    -454.6817       2.4418   304.7
27.9500       -451.8596    -454.0767       2.2170   276.6
28.0000       -451.4626    -454.0854       2.6228   327.3
28.0500       -451.5035    -453.9224       2.4189   301.8
28.1000       -451.2341    -453.8837       2.6495   330.6
28.1500       -451.3518    -453.7338       2.3820   297.2
28.2000       -451.0106    -453.6444       2.6338   328.6
28.2500       -451.2494    -453.5853       2.3360   291.5
28.3000       -451.2921    -454.0167       2.7246   340.0
28.3500       -451.4993    -453.9590       2.4597   306.9
28.4000       -451.8529    -454.2415       2.3886   298.0
28.4500       -451.7336    -454.3404       2.6068   325.3
28.5000       -451.4802    -453.9937       2.5135   313.6
28.5500       -451.9961    -453.9663       1.9702   245.8
28.6000       -452.2839    -454.1774       1.8935   236.3
28.6500       -451.7762    -453.8781       2.1019   262.3
28.7000       -451.4439    -453.9825       2.5386   316.8
28.7500       -451.5119    -454.3700       2.8581   356.6
28.8000       -451.6378    -453.6642       2.0263   252.8
28.8500       -451.6492    -454.1729       2.5237   314.9
28.9000       -451.6268    -453.6751       2.0484   255.6
28.9500       -451.3059    -454.0536       2.7476   342.8
29.0000       -451.2067    -454.0319       2.8252   352.5
29.0500       -451.6198    -454.0331       2.4133   301.1
29.1000       -451.6858    -454.2242       2.5384   316.7
29.1500       -451.5582    -453.6325       2.0743   258.8
29.2000       -451.1667    -453.8726       2.7059   337.6
29.2500       -451.1935    -453.3831       2.1896   273.2
29.3000       -451.5314    -453.9490       2.4176   301.7
29.3500       -451.5890    -454.0495       2.4605   307.0
29.4000       -452.1013    -454.2718       2.1705   270.8
29.4500       -452.0101    -454.0424       2.0324   253.6
29.5000       -451.7003    -454.0340       2.3337   291.2
29.5500       -451.8615    -454.1427       2.2813   284.7
29.6000       -451.6476    -454.1071       2.4595   306.9
29.6500       -452.1516    -454.2836       2.1320   266.0
29.7000       -451.9836    -454.3189       2.3353   291.4
29.7500       -451.8772    -453.9969       2.1198   264.5
29.8000       -451.9692    -454.0402       2.0710   258.4
29.8500       -452.0175    -454.0872       2.0697   258.3
29.9000       -451.9383    -454.3783       2.4400   304.5
29.9500       -451.3002    -454.0537       2.7535   343.6
30.0000       -450.9315    -453.2771       2.3456   292.7
30.0500       -451.2878    -453.7886       2.5008   312.0
30.1000       -451.3205    -453.9067       2.5861   322.7
30.1500       -451.1192    -453.9065       2.7873   347.8
30.2000       -451.0696    -453.7890       2.7194   339.3
30.2500       -451.1649    -453.7662       2.6013   324.6
30.3000       -451.9398    -454.3268       2.3870   297.8
30.3500       -451.2846    -453.9002       2.6156   326.4
30.4000       -451.5589    -454.1520       2.5931   323.6
30.4500       -451.4178    -454.2115       2.7937   348.6
30.5000       -451.8199    -454.0439       2.2240   277.5
30.5500       -451.6770    -454.3603       2.6834   334.8
30.6000       -451.8907    -453.8513       1.9606   244.6
30.6500       -451.6318    -453.9417       2.3098   288.2
30.7000       -451.4727    -454.0935       2.6208   327.0
30.7500       -451.8813    -454.5692       2.6879   335.4
30.8000       -451.7070    -454.2508       2.5438   317.4
30.8500       -452.0781    -454.1995       2.1214   264.7
30.9000       -451.6725    -454.1184       2.4459   305.2
30.9500       -451.3950    -454.0214       2.6264   327.7
31.0000       -451.7008    -454.2619       2.5610   319.6
31.0500       -451.1734    -453.9887       2.8153   351.3
31.1000       -451.0961    -453.8295       2.7334   341.1
31.1500       -451.8042    -453.8591       2.0549   256.4
31.2000       -452.0592    -454.0563       1.9971   249.2
31.2500       -452.0336    -454.1119       2.0783   259.3
31.3000       -452.0347    -454.3569       2.3222   289.8
31.3500       -451.5573    -453.9411       2.3838   297.5
31.4000       -451.6385    -453.7938       2.1553   268.9
31.4500       -451.5516    -454.2828       2.7312   340.8
31.5000       -451.4014    -454.3014       2.9000   361.9
31.5500       -451.5083    -453.9016       2.3932   298.6
31.6000       -451.0423    -453.7978       2.7554   343.8
31.6500       -450.9639    -453.9221       2.9581   369.1
31.7000       -451.1854    -454.0766       2.8912   360.8
31.7500       -451.6360    -454.1637       2.5277   315.4
31.8000       -451.7248    -454.3730       2.6482   330.4
31.8500       -451.4099    -453.8056       2.3957   298.9
31.9000       -451.4884    -453.9053       2.4169   301.6
31.9500       -451.8467    -454.0547       2.2079   275.5
32.0000       -451.9506    -453.9552       2.0046   250.1
32.0500       -451.6248    -453.8290       2.2042   275.0
32.1000       -452.2517    -454.3406       2.0889   260.7
32.1500       -451.9141    -453.9786       2.0646   257.6
32.2000       -451.9552    -454.0219       2.0667   257.9
32.2500       -451.5906    -454.0377       2.4471   305.3
32.3000       -451.6712    -454.3120       2.6408   329.5
32.3500       -451.6561    -454.4847       2.8286   352.9
32.4000       -451.6610    -453.8348       2.1738   271.2
32.4500       -451.4125    -453.5298       2.1173   264.2
32.5000       -451.8108    -454.1827       2.3719   296.0
32.5500       -451.8402    -453.9323       2.0921   261.1
32.6000       -451.6462    -454.1814       2.5352   316.3
32.6500       -451.8887    -454.4606       2.5719   320.9
32.7000       -452.0460    -454.3589       2.3129   288.6
32.7500       -451.9750    -454.6112       2.6361   328.9
32.8000       -451.7809    -454.2643       2.4834   309.9
32.8500       -451.5278    -454.0198       2.4920   311.0
32.9000       -451.0811    -453.7665       2.6854   335.1
32.9500       -450.9956    -453.6060       2.6104   325.7
33.0000       -451.2160    -453.8142       2.5982   324.2
33.0500       -451.4601    -454.2036       2.7435   342.3
33.1000       -451.6206    -454.0044       2.3838   297.5
33.1500       -451.5722    -453.7949       2.2227   277.3
33.2000       -451.4168    -454.0792       2.6624   332.2
33.2500       -451.4498    -453.9392       2.4894   310.6
33.3000       -451.9319    -454.2248       2.2928   286.1
33.3500       -451.9149    -454.0498       2.1350   266.4
33.4000       -452.1342    -454.3001       2.1660   270.3
33.4500       -451.7557    -454.0313       2.2756   284.0
33.5000       -451.9776    -454.5043       2.5267   315.3
33.5500       -452.0987    -454.4492       2.3504   293.3
33.6000       -452.1322    -454.3074       2.1752   271.4
33.6500       -452.2688    -454.4227       2.1539   268.8
33.7000       -451.9136    -454.0948       2.1813   272.2
33.7500       -451.6774    -454.0641       2.3867   297.8
33.8000       -451.7219    -453.9101       2.1883   273.1
33.8500       -451.5606    -453.9745       2.4139   301.2
33.9000       -451.6900    -453.9035       2.2135   276.2
33.9500       -451.6727    -454.0623       2.3895   298.2
34.0000       -451.6896    -454.2151       2.5254   315.1
34.0500       -451.5959    -454.2956       2.6996   336.9
34.1000       -451.2977    -453.7023       2.4046   300.0
34.1500       -451.0919    -453.8234       2.7314   340.8
34.2000       -451.7250    -453.9952       2.2702   283.3
34.2500       -451.2150    -454.2334       3.0184   376.6
34.3000       -451.1970    -453.8831       2.6861   335.2
34.3500       -451.3686    -453.9616       2.5930   323.6
34.4000       -451.1812    -454.0292       2.8480   355.4
34.4500       -451.6993    -454.0145       2.3152   288.9
34.5000       -451.7402    -453.7517       2.0114   251.0
34.5500       -451.2939    -453.7127       2.4188   301.8
34.6000       -451.5206    -454.0670       2.5464   317.7
34.6500       -451.7171    -454.0879       2.3708   295.8
34.7000       -451.4588    -454.2960       2.8372   354.0
34.7500       -451.4620    -454.1290       2.6670   332.8
34.8000       -451.6325    -453.9552       2.3227   289.8
34.8500       -451.2931    -453.7715       2.4783   309.2
34.9000       -451.1213    -453.6098       2.4884   310.5
34.9500       -451.5660    -454.2261       2.6601   331.9
35.0000       -451.7177    -454.0135       2.2958   286.5
35.0500       -451.5130    -454.2825       2.7695   345.6
35.1000       -451.5481    -453.8398       2.2917   286.0
35.1500       -451.8615    -453.8425       1.9810   247.2
35.2000       -451.5027    -453.9478       2.4450   305.1
35.2500       -451.4346    -453.8161       2.3815   297.2
35.3000       -451.3405    -453.7442       2.4037   299.9
35.3500       -451.5303    -453.8277       2.2974   286.7
35.4000       -452.0079    -454.3784       2.3705   295.8
35.4500       -452.1398    -454.4138       2.2741   283.8
35.5000       -451.5202    -454.1207       2.6004   324.5
35.5500       -451.6222    -454.2732       2.6511   330.8
35.6000       -451.5631    -453.9080       2.3449   292.6
35.6500       -452.2548    -454.2145       1.9597   244.5
35.7000       -452.6683    -454.3409       1.6727   208.7
35.7500       -452.3520    -454.5429       2.1909   273.4
35.8000       -451.7561    -453.9559       2.1997   274.5
35.8500       -451.8595    -454.2250       2.3655   295.2
35.9000       -452.0987    -454.1861       2.0874   260.5
35.9500       -452.0503    -454.1720       2.1217   264.7
36.0000       -451.7844    -454.0899       2.3055   287.7
36.0500       -452.0202    -454.4611       2.4408   304.6
36.1000       -451.9487    -454.1950       2.2462   280.3
36.1500       -451.8535    -454.1747       2.3212   289.6
36.2000       -452.2470    -454.3909       2.1440   267.5
36.2500       -451.7536    -454.2375       2.4839   309.9
36.3000       -451.9042    -454.0166       2.1125   263.6
36.3500       -451.9637    -454.0673       2.1036   262.5
36.4000       -452.6438    -454.5266       1.8828   234.9
36.4500       -452.0830    -454.1264       2.0434   255.0
36.5000       -451.5038    -453.9922       2.4884   310.5
36.5500       -451.2867    -453.9349       2.6482   330.4
36.6000       -451.8830    -454.3178       2.4348   303.8
36.6500       -452.2159    -454.4420       2.2260   277.8
36.7000       -452.0058    -454.3975       2.3917   298.4
36.7500       -452.3297    -454.3312       2.0014   249.7
36.8000       -452.2112    -454.1364       1.9252   240.2
36.8500       -452.3308    -454.1768       1.8460   230.3
36.9000       -451.7870    -453.9961       2.2091   275.7
36.9500       -451.7763    -454.3810       2.6047   325.0
37.0000       -451.5050    -453.8187       2.3137   288.7
37.0500       -451.4576    -454.0633       2.6057   325.1
37.1000       -451.9097    -453.9894       2.0797   259.5
37.1500       -451.7768    -454.0182       2.2414   279.7
37.2000       -451.9964    -454.1537       2.1573   269.2
37.2500       -451.7549    -453.9423       2.1874   272.9
37.3000       -452.1604    -454.1141       1.9537   243.8
37.3500       -452.0234    -454.3323       2.3088   288.1
37.4000       -451.7831    -454.1371       2.3540   293.7
37.4500       -451.4785    -453.7903       2.3118   288.5
37.5000       -451.3944    -453.9177       2.5233   314.9
37.5500       -451.5748    -453.9201       2.3453   292.6
37.6000       -451.7099    -454.2226       2.5127   313.5
37.6500       -451.8644    -454.1818       2.3174   289.2
37.7000       -451.5273    -454.1053       2.5780   321.7
37.7500       -451.9552    -454.4955       2.5403   317.0
37.8000       -451.7736    -454.1443       2.3707   295.8
37.8500       -451.9994    -453.8919       1.8925   236.1
37.9000       -451.9271    -453.5438       1.6167   201.7
37.9500       -452.4571    -454.5772       2.1201   264.5
38.0000       -452.0723    -454.1319       2.0596   257.0
38.0500       -451.7805    -454.0365       2.2560   281.5
38.1000       -451.5365    -454.1550       2.6185   326.7
38.1500       -451.7994    -454.0538       2.2544   281.3
38.2000       -451.8717    -454.3780       2.5063   312.7
38.2500       -452.0911    -454.2008       2.1097   263.2
38.3000       -451.9437    -454.0394       2.0957   261.5
38.3500       -451.4725    -453.8713       2.3988   299.3
38.4000       -451.8280    -454.0057       2.1777   271.7
38.4500       -452.1334    -454.2757       2.1423   267.3
38.5000       -451.9700    -454.0796       2.1096   263.2
38.5500       -451.8151    -454.2839       2.4688   308.1
38.6000       -451.8483    -454.3006       2.4523   306.0
38.6500       -451.8640    -454.2967       2.4327   303.6
38.7000       -452.1541    -454.3012       2.1471   267.9
38.7500       -451.9731    -454.1946       2.2216   277.2
38.8000       -452.0693    -454.3484       2.2791   284.4
38.8500       -451.5137    -454.0249       2.5113   313.4
38.9000       -451.5294    -454.1523       2.6229   327.3
38.9500       -451.8497    -454.2612       2.4115   300.9
39.0000       -452.1196    -454.3082       2.1885   273.1
39.0500       -451.9728    -454.4522       2.4794   309.4
39.1000       -452.0371    -454.2105       2.1734   271.2
39.1500       -452.0357    -454.2667       2.2310   278.4
39.2000       -452.1669    -454.1755       2.0085   250.6
39.2500       -451.6858    -453.9990       2.3133   288.6
39.3000       -452.0030    -454.0576       2.0547   256.4
39.3500       -451.6323    -454.1234       2.4911   310.8
39.4000       -452.0562    -454.0982       2.0421   254.8
39.4500       -451.9344    -454.0592       2.1248   265.1
39.5000       -451.5036    -453.9071       2.4035   299.9
39.5500       -451.2837    -453.8121       2.5284   315.5
39.6000       -451.3913    -453.8310       2.4397   304.4
39.6500       -451.5844    -454.0089       2.4245   302.5
39.7000       -451.9853    -454.3741       2.3888   298.1
39.7500       -451.9901    -454.1742       2.1841   272.5
39.8000       -451.9225    -454.3151       2.3926   298.5
39.8500       -451.4407    -453.8449       2.4042   300.0
39.9000       -451.5737    -453.8440       2.2703   283.3
39.9500       -451.7708    -453.8947       2.1239   265.0
40.0000       -452.0284    -454.1107       2.0823   259.8
40.0500       -452.1239    -454.3227       2.1988   274.4
40.1000       -451.3695    -453.8993       2.5298   315.7
40.1500       -451.2890    -454.1148       2.8258   352.6
40.2000       -451.5299    -453.8685       2.3386   291.8
40.2500       -451.8622    -454.2376       2.3755   296.4
40.3000       -451.4702    -454.1282       2.6581   331.7
40.3500       -451.2694    -453.8144       2.5450   317.6
40.4000       -451.6272    -454.1538       2.5266   315.3
40.4500       -451.8261    -454.1859       2.3598   294.5
40.5000       -451.5209    -454.1780       2.6571   331.6
40.5500       -451.4836    -453.9069       2.4233   302.4
40.6000       -451.6199    -453.9485       2.3286   290.6
40.6500       -451.4273    -454.1396       2.7123   338.4
40.7000       -451.4424    -453.8220       2.3796   296.9
40.7500       -451.7366    -453.8275       2.0909   260.9
40.8000       -451.7246    -454.2539       2.5293   315.6
40.8500       -451.8097    -454.0018       2.1921   273.5
40.9000       -451.6777    -453.9390       2.2613   282.2
40.9500       -452.0831    -454.1879       2.1049   262.6
41.0000       -451.5769    -454.1330       2.5561   318.9
41.0500       -451.7883    -453.8652       2.0770   259.2
41.1000       -451.8388    -454.2721       2.4333   303.6
41.1500       -451.4376    -454.1399       2.7023   337.2
41.2000       -451.4947    -454.1723       2.6776   334.1
41.2500       -451.7395    -454.2239       2.4845   310.0
41.3000       -451.5157    -454.0084       2.4927   311.0
41.3500       -451.4698    -453.8633       2.3935   298.7
41.4000       -451.4910    -453.9781       2.4871   310.3
41.4500       -451.6511    -454.1452       2.4941   311.2
41.5000       -451.9443    -454.0533       2.1090   263.2
41.5500       -451.6574    -453.8540       2.1966   274.1
41.6000       -451.7201    -453.9488       2.2286   278.1
41.6500       -451.8198    -454.3061       2.4862   310.2
41.7000       -452.1012    -453.9744       1.8731   233.7
41.7500       -451.5091    -453.8532       2.3440   292.5
41.8000       -451.4652    -454.2354       2.7702   345.7
41.8500       -451.8231    -454.3109       2.4878   310.4
41.9000       -451.6329    -454.4396       2.8067   350.2
41.9500       -451.7316    -454.1654       2.4338   303.7
42.0000       -451.5045    -453.9432       2.4387   304.3
42.0500       -451.8679    -453.9197       2.0518   256.0
42.1000       -451.0274    -453.6870       2.6595   331.9
42.1500       -451.6751    -453.8917       2.2166   276.6
42.2000       -451.8545    -454.1926       2.3381   291.7
42.2500       -452.0489    -454.4013       2.3524   293.5
42.3000       -451.4970    -453.6231       2.1261   265.3
42.3500       -451.3287    -454.1756       2.8470   355.2
42.4000       -451.1702    -453.8296       2.6593   331.8
42.4500       -451.4771    -454.1421       2.6650   332.5
42.5000       -451.8764    -454.2749       2.3985   299.3
42.5500       -451.9564    -454.1148       2.1584   269.3
42.6000       -451.9775    -454.5085       2.5310   315.8
42.6500       -452.4993    -454.2837       1.7845   222.7
42.7000       -452.3381    -454.3050       1.9669   245.4
42.7500       -452.0294    -454.3263       2.2969   286.6
42.8000       -451.9693    -454.0967       2.1273   265.4
42.8500       -452.4797    -454.3132       1.8335   228.8
42.9000       -452.1609    -454.0113       1.8504   230.9
42.9500       -452.0709    -454.3721       2.3012   287.1
43.0000       -451.9745    -454.1521       2.1776   271.7
43.0500       -451.9027    -454.2720       2.3693   295.6
43.1000       -451.3670    -453.8757       2.5087   313.0
43.1500       -451.8976    -454.3780       2.4804   309.5
43.2000       -451.7343    -454.1664       2.4321   303.5
43.2500       -451.6622    -454.1471       2.4849   310.1
43.3000       -452.0157    -454.3401       2.3245   290.0
43.3500       -451.8213    -454.4041       2.5828   322.3
43.4000       -451.9639    -453.9270       1.9630   244.9
43.4500       -451.5791    -454.1219       2.5428   317.3
43.5000       -451.5592    -454.1511       2.5919   323.4
43.5500       -451.5142    -453.8321       2.3179   289.2
43.6000       -451.4071    -453.8571       2.4500   305.7
43.6500       -451.5771    -454.1811       2.6040   324.9
43.7000       -451.8829    -453.9760       2.0932   261.2
43.7500       -451.5499    -454.2411       2.6912   335.8
43.8000       -451.3899    -454.2408       2.8508   355.7
43.8500       -452.1112    -454.5808       2.4696   308.2
43.9000       -451.9642    -454.0821       2.1179   264.3
43.9500       -451.9729    -454.0414       2.0684   258.1
44.0000       -451.3720    -453.9119       2.5399   316.9
44.0500       -452.1400    -454.1104       1.9704   245.9
44.1000       -452.0625    -454.4696       2.4071   300.4
44.1500       -451.3731    -453.7609       2.3878   297.9
44.2000       -451.1073    -453.4189       2.3116   288.4
44.2500       -451.7914    -454.2623       2.4709   308.3
44.3000       -451.5754    -454.1891       2.6137   326.1
44.3500       -451.9511    -454.2603       2.3092   288.1
44.4000       -451.5772    -453.8763       2.2991   286.9
44.4500       -451.8544    -454.1540       2.2996   286.9
44.5000       -451.4698    -453.8441       2.3743   296.3
44.5500       -451.4222    -453.8281       2.4059   300.2
44.6000       -451.9218    -454.2635       2.3417   292.2
44.6500       -452.3080    -454.3555       2.0475   255.5
44.7000       -452.4448    -454.5021       2.0573   256.7
44.7500       -451.9762    -453.9935       2.0173   251.7
44.8000       -452.0605    -454.1708       2.1103   263.3
44.8500       -452.1663    -454.1304       1.9640   245.1
44.9000       -452.2921    -454.3762       2.0841   260.1
44.9500       -452.2389    -454.3968       2.1580   269.3
45.0000       -451.8214    -453.9444       2.1230   264.9
45.0500       -451.7337    -453.7836       2.0498   255.8
45.1000       -451.5393    -454.3904       2.8512   355.8
45.1500       -452.0613    -454.2377       2.1764   271.6
45.2000       -451.8756    -453.9091       2.0336   253.7
45.2500       -452.1941    -454.6558       2.4617   307.2
45.3000       -452.0629    -454.2089       2.1461   267.8
45.3500       -451.9566    -454.2443       2.2876   285.5
45.4000       -451.5325    -453.9718       2.4393   304.4
45.4500       -452.0602    -454.4051       2.3448   292.6
45.5000       -451.8927    -454.0166       2.1238   265.0
45.5500       -452.1428    -454.4697       2.3269   290.3
45.6000       -451.9791    -454.3034       2.3243   290.0
45.6500       -451.7530    -454.1338       2.3807   297.1
45.7000       -451.5795    -453.9214       2.3419   292.2
45.7500       -451.9902    -454.3882       2.3980   299.2
45.8000       -452.0158    -454.3416       2.3258   290.2
45.8500       -451.4082    -454.2330       2.8249   352.5
45.9000       -451.8362    -454.0083       2.1721   271.0
45.9500       -451.8925    -454.2518       2.3594   294.4
46.0000       -451.6184    -453.7600       2.1416   267.2
46.0500       -451.1101    -453.6371       2.5270   315.3
46.1000       -451.5658    -454.0725       2.5067   312.8
46.1500       -451.4289    -453.9630       2.5341   316.2
46.2000       -451.7656    -453.9243       2.1587   269.4
46.2500       -452.1491    -454.3118       2.1627   269.9
46.3000       -452.2313    -454.2605       2.0291   253.2
46.3500       -452.1869    -454.1023       1.9154   239.0
46.4000       -452.1325    -454.2150       2.0825   259.9
46.4500       -452.3102    -454.3265       2.0163   251.6
46.5000       -452.1146    -454.4563       2.3417   292.2
46.5500       -452.2123    -454.2674       2.0551   256.4
46.6000       -451.6665    -454.0690       2.4025   299.8
46.6500       -451.6729    -454.1293       2.4565   306.5
46.7000       -451.9176    -454.1402       2.2226   277.3
46.7500       -452.2610    -454.4209       2.1599   269.5
46.8000       -452.1355    -454.2111       2.0757   259.0
46.8500       -451.4096    -453.8869       2.4773   309.1
46.9000       -451.5157    -454.1004       2.5847   322.5
46.9500       -451.1340    -453.5952       2.4612   307.1
47.0000       -451.2471    -453.9859       2.7388   341.7
47.0500       -451.3068    -454.1466       2.8398   354.3
47.1000       -451.7237    -454.0078       2.2841   285.0
47.1500       -451.6624    -453.8613       2.1990   274.4
47.2000       -451.7227    -453.8153       2.0925   261.1
47.2500       -451.3499    -453.9440       2.5940   323.7
47.3000       -451.3222    -453.7095       2.3873   297.9
47.3500       -451.4715    -453.5852       2.1138   263.8
47.4000       -451.6585    -453.8418       2.1833   272.4
47.4500       -451.8633    -453.9208       2.0575   256.7
47.5000       -451.9802    -454.0700       2.0898   260.8
47.5500       -451.4259    -454.0005       2.5747   321.3
47.6000       -451.2367    -453.9141       2.6774   334.1
47.6500       -451.4983    -453.8083       2.3100   288.2
47.7000       -451.7373    -454.1025       2.3652   295.1
47.7500       -451.7512    -453.9725       2.2213   277.2
47.8000       -451.5435    -454.0400       2.4965   311.5
47.8500       -451.8206    -454.1925       2.3719   296.0
47.9000       -451.8659    -454.3570       2.4912   310.8
47.9500       -451.9558    -454.2261       2.2703   283.3
48.0000       -451.2937    -454.3102       3.0165   376.4
48.0500       -451.5493    -454.2763       2.7271   340.3
48.1000       -451.5737    -454.0052       2.4315   303.4
48.1500       -452.5300    -454.6479       2.1179   264.3
48.2000       -452.3987    -454.4729       2.0743   258.8
48.2500       -451.8764    -454.4255       2.5491   318.1
48.3000       -452.3485    -454.4054       2.0569   256.7
48.3500       -451.9434    -453.7985       1.8551   231.5
48.4000       -452.0893    -454.1108       2.0215   252.2
48.4500       -451.9151    -454.1371       2.2220   277.3
48.5000       -451.7831    -454.2172       2.4341   303.7
48.5500       -451.6365    -453.8913       2.2549   281.4
48.6000       -451.4054    -453.9040       2.4986   311.8
48.6500       -451.7053    -454.0637       2.3584   294.3
48.7000       -451.8539    -454.5827       2.7288   340.5
48.7500       -451.8222    -453.9798       2.1576   269.2
48.8000       -451.8117    -454.0172       2.2055   275.2
48.8500       -451.7441    -454.1696       2.4255   302.7
48.9000       -451.4258    -453.5833       2.1575   269.2
48.9500       -451.5631    -453.6283       2.0652   257.7
49.0000       -451.7380    -454.0371       2.2991   286.9
49.0500       -451.9094    -454.2246       2.3152   288.9
49.1000       -452.1886    -454.4595       2.2708   283.4
49.1500       -451.8907    -454.1299       2.2392   279.4
49.2000       -451.6369    -454.0948       2.4579   306.7
49.2500       -451.3609    -453.6949       2.3340   291.2
49.3000       -451.5608    -454.2447       2.6838   334.9
49.3500       -451.6924    -453.8483       2.1559   269.0
49.4000       -451.6219    -454.1542       2.5323   316.0
49.4500       -451.8220    -453.6008       1.7789   222.0
49.5000       -451.3862    -453.6594       2.2732   283.6
49.5500       -452.4367    -454.5956       2.1589   269.4
49.6000       -451.8823    -454.3499       2.4677   307.9
49.6500       -451.9348    -454.1559       2.2211   277.1
49.7000       -451.8195    -454.1048       2.2853   285.2
49.7500       -452.0149    -454.2874       2.2725   283.6
49.8000       -452.2637    -454.2682       2.0045   250.1
49.8500       -452.5308    -454.3912       1.8604   232.1
49.9000       -451.8800    -454.1606       2.2805   284.6
49.9500       -451.8894    -454.1914       2.3020   287.2
50.0000       -452.1833    -454.3916       2.2084   275.6
50.0500       -452.1604    -454.1403       1.9798   247.0
50.1000       -451.6959    -454.0349       2.3390   291.9
50.1500       -451.5766    -454.1168       2.5402   317.0
50.2000       -451.4342    -453.7713       2.3371   291.6
50.2500       -451.6254    -454.0215       2.3961   299.0
50.3000       -451.2707    -454.1069       2.8363   353.9
50.3500       -451.4996    -454.1807       2.6812   334.6
50.4000       -451.4898    -453.8070       2.3172   289.1
50.4500       -451.5180    -454.0497       2.5317   315.9
50.5000       -451.7513    -454.1036       2.3523   293.5
50.5500       -452.1706    -453.9012       1.7306   215.9
50.6000       -452.1366    -454.1500       2.0134   251.2
50.6500       -452.3813    -454.4024       2.0211   252.2
50.7000       -452.1507    -454.3064       2.1557   269.0
50.7500       -452.3568    -454.4358       2.0790   259.4
50.8000       -451.8125    -454.2181       2.4055   300.2
50.8500       -451.4553    -454.0303       2.5751   321.3
50.9000       -451.3711    -454.0822       2.7112   338.3
50.9500       -451.7949    -453.9908       2.1959   274.0
51.0000       -451.4848    -454.0881       2.6033   324.8
51.0500       -451.7875    -454.2072       2.4198   301.9
51.1000       -451.8725    -454.3873       2.5148   313.8
51.1500       -451.6098    -453.9582       2.3484   293.0
51.2000       -451.7139    -453.9235       2.2096   275.7
51.2500       -451.9173    -454.5935       2.6762   333.9
51.3000       -451.9170    -454.0115       2.0944   261.3
51.3500       -451.7928    -454.2036       2.4108   300.8
51.4000       -452.2182    -454.4653       2.2471   280.4
51.4500       -452.3593    -454.5584       2.1991   274.4
51.5000       -452.4428    -454.3399       1.8970   236.7
51.5500       -452.3368    -454.1012       1.7644   220.2
51.6000       -452.2101    -454.1998       1.9898   248.3
51.6500       -452.0601    -454.3356       2.2756   283.9
51.7000       -452.3537    -454.5643       2.2106   275.8
51.7500       -452.2027    -454.5895       2.3868   297.8
51.8000       -451.8060    -454.3155       2.5095   313.1
51.8500       -451.9124    -454.1921       2.2796   284.5
51.9000       -452.1866    -454.2292       2.0426   254.9
51.9500       -452.1064    -454.2160       2.1096   263.2
52.0000       -451.8041    -454.0230       2.2189   276.9
52.0500       -452.2035    -454.2454       2.0419   254.8
52.1000       -451.8708    -453.9069       2.0361   254.1
52.1500       -451.9572    -454.0560       2.0988   261.9
52.2000       -452.0555    -454.2371       2.1816   272.2
52.2500       -452.2612    -454.8061       2.5449   317.6
52.3000       -452.1206    -454.4019       2.2814   284.7
52.3500       -451.7594    -454.1114       2.3521   293.5
52.4000       -451.6856    -453.9900       2.3044   287.5
52.4500       -450.9227    -454.1162       3.1935   398.5
52.5000       -451.4735    -453.7873       2.3138   288.7
52.5500       -451.5695    -454.0781       2.5086   313.0
52.6000       -451.5373    -453.9308       2.3935   298.7
52.6500       -451.3674    -453.5535       2.1861   272.8
52.7000       -451.6212    -453.7546       2.1334   266.2
52.7500       -451.7516    -453.9621       2.2106   275.8
52.8000       -451.4282    -453.9486       2.5204   314.5
52.8500       -452.1543    -454.4867       2.3324   291.0
52.9000       -451.9994    -454.0840       2.0846   260.1
52.9500       -452.1114    -454.3027       2.1914   273.4
53.0000       -451.5329    -454.1188       2.5859   322.7
53.0500       -451.8901    -454.3230       2.4328   303.6
53.1000       -451.5295    -453.6909       2.1613   269.7
53.1500       -451.6813    -454.1344       2.4531   306.1
53.2000       -451.4856    -454.0353       2.5498   318.2
53.2500       -451.5079    -453.7146       2.2068   275.4
53.3000       -451.5603    -453.9018       2.3415   292.2
53.3500       -451.8367    -453.8371       2.0004   249.6
53.4000       -451.9175    -454.0654       2.1478   268.0
53.4500       -451.1237    -453.7642       2.6405   329.5
53.5000       -451.5793    -454.1035       2.5242   315.0
53.5500       -451.8175    -454.2174       2.3999   299.5
53.6000       -451.5083    -454.1164       2.6081   325.4
53.6500       -451.4651    -453.9438       2.4787   309.3
53.7000       -451.3722    -453.5461       2.1739   271.3
53.7500       -451.4168    -454.0335       2.6167   326.5
53.8000       -451.6049    -454.2025       2.5975   324.1
53.8500       -451.7065    -453.9487       2.2422   279.8
53.9000       -451.7524    -454.2783       2.5259   315.2
53.9500       -451.8223    -454.3049       2.4826   309.8
54.0000       -451.4327    -453.9648       2.5321   316.0
54.0500       -451.2662    -454.1265       2.8604   356.9
54.1000       -451.1848    -453.9605       2.7758   346.4
54.1500       -451.5323    -453.9342       2.4019   299.7
54.2000       -451.3007    -453.5422       2.2415   279.7
54.2500       -451.5207    -453.9792       2.4585   306.8
54.3000       -451.5386    -453.9658       2.4272   302.9
54.3500       -451.8249    -454.3401       2.5152   313.8
54.4000       -451.9528    -454.1605       2.2077   275.5
54.4500       -451.3630    -453.9644       2.6014   324.6
54.5000       -451.2206    -453.6039       2.3833   297.4
54.5500       -451.8089    -454.0968       2.2878   285.5
54.6000       -451.8329    -454.1641       2.3313   290.9
54.6500       -451.7860    -454.3339       2.5479   317.9
54.7000       -451.6803    -453.6240       1.9437   242.5
54.7500       -451.5697    -453.9720       2.4023   299.8
54.8000       -451.8662    -453.9869       2.1207   264.6
54.8500       -451.2381    -453.8820       2.6440   329.9
54.9000       -451.6167    -453.8521       2.2355   278.9
54.9500       -451.4536    -453.9026       2.4490   305.6
55.0000       -451.2466    -453.8255       2.5790   321.8
55.0500       -451.5013    -453.7791       2.2778   284.2
55.1000       -451.6399    -454.4096       2.7697   345.6
55.1500       -451.7524    -454.1357       2.3833   297.4
55.2000       -451.7626    -454.1509       2.3882   298.0
55.2500       -451.6004    -454.0235       2.4231   302.4
55.3000       -451.9031    -454.3160       2.4130   301.1
55.3500       -451.3799    -453.8068       2.4269   302.8
55.4000       -451.4475    -453.8144       2.3670   295.3
55.4500       -451.9236    -454.3052       2.3816   297.2
55.5000       -452.2660    -454.3083       2.0423   254.8
55.5500       -452.1287    -454.3507       2.2220   277.3
55.6000       -452.0256    -453.9543       1.9287   240.7
55.6500       -451.7185    -453.8358       2.1174   264.2
55.7000       -451.7645    -454.0668       2.3023   287.3
55.7500       -451.8948    -453.9799       2.0852   260.2
55.8000       -451.7278    -454.0012       2.2734   283.7
55.8500       -451.5275    -454.1041       2.5766   321.5
55.9000       -451.0811    -453.8858       2.8047   350.0
55.9500       -451.0665    -453.4838       2.4172   301.6
56.0000       -451.3343    -453.6420       2.3077   287.9
56.0500       -451.8346    -454.1162       2.2816   284.7
56.1000       -451.6710    -454.0600       2.3890   298.1
56.1500       -451.8834    -454.1056       2.2222   277.3
56.2000       -451.4782    -454.0405       2.5623   319.7
56.2500       -451.8213    -453.9321       2.1108   263.4
56.3000       -451.7740    -454.2850       2.5110   313.3
56.3500       -451.6445    -454.1764       2.5319   315.9
56.4000       -451.6878    -453.9749       2.2871   285.4
56.4500       -451.3104    -453.4656       2.1552   268.9
56.5000       -450.9918    -453.7896       2.7978   349.1
56.5500       -451.5843    -453.9916       2.4073   300.4
56.6000       -451.7860    -454.2135       2.4275   302.9
56.6500       -451.5088    -454.0894       2.5806   322.0
56.7000       -451.1855    -453.8474       2.6619   332.1
56.7500       -451.3795    -454.0484       2.6689   333.0
56.8000       -451.4552    -454.1218       2.6666   332.7
56.8500       -451.4819    -453.6658       2.1839   272.5
56.9000       -451.8532    -454.1148       2.2615   282.2
56.9500       -451.8720    -454.0767       2.2047   275.1
57.0000       -452.4297    -454.3268       1.8972   236.7
57.0500       -452.3521    -454.2384       1.8863   235.4
57.1000       -451.5357    -454.0573       2.5216   314.6
57.1500       -451.5618    -454.0142       2.4524   306.0
57.2000       -451.8775    -454.1836       2.3062   287.8
57.2500       -451.6213    -454.0898       2.4686   308.0
57.3000       -451.6923    -453.9871       2.2947   286.3
57.3500       -452.0196    -454.2898       2.2703   283.3
57.4000       -451.2979    -453.5282       2.2302   278.3
57.4500       -451.5213    -453.7402       2.2189   276.9
57.5000       -451.2649    -453.8711       2.6062   325.2
57.5500       -451.5848    -454.2635       2.6787   334.2
57.6000       -451.7938    -454.2796       2.4859   310.2
57.6500       -451.8479    -453.9409       2.0930   261.2
57.7000       -451.7877    -453.9667       2.1790   271.9
57.7500       -451.8161    -454.0926       2.2765   284.1
57.8000       -451.6058    -453.9035       2.2977   286.7
57.8500       -451.5375    -454.1498       2.6123   326.0
57.9000       -451.3650    -454.0572       2.6923   335.9
57.9500       -451.7194    -454.1675       2.4481   305.5
58.0000       -451.7568    -454.1635       2.4067   300.3
58.0500       -451.6721    -454.1981       2.5260   315.2
58.1000       -451.9710    -454.2834       2.3124   288.5
58.1500       -451.6924    -454.1239       2.4315   303.4
58.2000       -451.4293    -454.0598       2.6305   328.2
58.2500       -451.4260    -453.9218       2.4958   311.4
58.3000       -451.4621    -453.8397       2.3776   296.7
58.3500       -451.7698    -454.2561       2.4863   310.2
58.4000       -451.8199    -454.0499       2.2300   278.3
58.4500       -451.3361    -453.8826       2.5465   317.8
58.5000       -452.1303    -453.9392       1.8089   225.7
58.5500       -452.1322    -454.2287       2.0965   261.6
58.6000       -452.3877    -454.1758       1.7882   223.1
58.6500       -452.4667    -454.3184       1.8516   231.0
58.7000       -452.0067    -454.2396       2.2330   278.6
58.7500       -451.7681    -454.1805       2.4124   301.0
58.8000       -451.9868    -454.2539       2.2671   282.9
58.8500       -452.1811    -454.4614       2.2803   284.5
58.9000       -451.8805    -454.3800       2.4996   311.9
58.9500       -451.5713    -454.0639       2.4927   311.0
59.0000       -451.6703    -454.0856       2.4152   301.4
59.0500       -451.6715    -453.6005       1.9290   240.7
59.1000       -451.8481    -454.0858       2.2377   279.2
59.1500       -451.9228    -454.1377       2.2149   276.4
59.2000       -452.0245    -454.3671       2.3427   292.3
59.2500       -451.8340    -453.9295       2.0955   261.5
59.3000       -451.6370    -454.1288       2.4918   310.9
59.3500       -451.2695    -453.9332       2.6638   332.4
59.4000       -451.6677    -454.4232       2.7554   343.8
59.4500       -451.7566    -453.9283       2.1718   271.0
59.5000       -451.9803    -454.3363       2.3559   294.0
59.5500       -451.4350    -453.7831       2.3481   293.0
59.6000       -451.4758    -454.0082       2.5324   316.0
59.6500       -451.7604    -454.2385       2.4781   309.2
59.7000       -451.9809    -454.3722       2.3912   298.4
59.7500       -451.7798    -454.3278       2.5480   317.9
59.8000       -451.8880    -454.1121       2.2241   277.5
59.8500       -451.8040    -453.7957       1.9917   248.5
59.9000       -451.6734    -453.9638       2.2904   285.8
59.9500       -451.7735    -454.1540       2.3805   297.0
60.0000       -451.8704    -454.0765       2.2060   275.3
60.0500       -451.3425    -454.0168       2.6743   333.7
60.1000       -451.7184    -453.9222       2.2038   275.0
60.1500       -451.6193    -454.1009       2.4817   309.7
60.2000       -451.7612    -454.0878       2.3266   290.3
60.2500       -451.9099    -454.3283       2.4185   301.8
60.3000       -451.8506    -454.1951       2.3445   292.5
60.3500       -451.6121    -453.9849       2.3728   296.1
60.4000       -451.2230    -453.5276       2.3047   287.6
60.4500       -451.5103    -454.0782       2.5679   320.4
60.5000       -451.1858    -454.1446       2.9588   369.2
60.5500       -451.8020    -454.0432       2.2412   279.7
60.6000       -451.3805    -454.1558       2.7753   346.3
60.6500       -451.6100    -453.8224       2.2124   276.1
60.7000       -451.2488    -454.4482       3.1994   399.2
60.7500       -451.3274    -453.9210       2.5937   323.6
60.8000       -451.5071    -453.6233       2.1162   264.1
60.8500       -451.4015    -453.8507       2.4491   305.6
60.9000       -451.2992    -453.8984       2.5992   324.3
60.9500       -451.2329    -453.6194       2.3865   297.8
61.0000       -450.5976    -453.5288       2.9312   365.8
61.0500       -451.3297    -453.9670       2.6373   329.1
61.1000       -451.6284    -453.8550       2.2266   277.8
61.1500       -451.3050    -453.5800       2.2750   283.9
61.2000       -451.4377    -453.8373       2.3996   299.4
61.2500       -451.6575    -454.2014       2.5438   317.4
61.3000       -451.8288    -454.2384       2.4096   300.7
61.3500       -452.1341    -454.3110       2.1769   271.6
61.4000       -451.6712    -454.1175       2.4463   305.2
61.4500       -451.3183    -453.8800       2.5617   319.7
61.5000       -451.6754    -453.9972       2.3218   289.7
61.5500       -451.2245    -454.2139       2.9895   373.0
61.6000       -451.5757    -453.8269       2.2512   280.9
61.6500       -451.5877    -453.8505       2.2629   282.4
61.7000       -451.2531    -453.8682       2.6151   326.3
61.7500       -451.1859    -453.7774       2.5915   323.4
61.8000       -451.0631    -453.5476       2.4845   310.0
61.8500       -451.4307    -453.9249       2.4942   311.2
61.9000       -450.9128    -453.5945       2.6816   334.6
61.9500       -451.1013    -453.8302       2.7289   340.5
62.0000       -450.9735    -453.8514       2.8779   359.1
62.0500       -451.3956    -453.9831       2.5875   322.9
62.1000       -451.4743    -454.1691       2.6948   336.3
62.1500       -451.0769    -453.3625       2.2857   285.2
62.2000       -451.8374    -454.2160       2.3786   296.8
62.2500       -452.1693    -454.3339       2.1646   270.1
62.3000       -452.1836    -454.4686       2.2850   285.1
62.3500       -451.8473    -453.9078       2.0605   257.1
62.4000       -451.2849    -453.7114       2.4266   302.8
62.4500       -451.6354    -453.9303       2.2949   286.4
62.5000       -451.6648    -454.0503       2.3855   297.7
62.5500       -451.2163    -453.9050       2.6887   335.5
62.6000       -450.6767    -453.2493       2.5727   321.0
62.6500       -451.0773    -453.4505       2.3732   296.1
62.7000       -451.7365    -454.2797       2.5431   317.3
62.7500       -451.4196    -453.7926       2.3730   296.1
62.8000       -452.1177    -454.0315       1.9139   238.8
62.8500       -451.7836    -454.3527       2.5691   320.6
62.9000       -451.5114    -453.9723       2.4609   307.1
62.9500       -451.5308    -454.1886       2.6578   331.6
63.0000       -451.4687    -454.1201       2.6515   330.8
63.0500       -451.5672    -454.2014       2.6343   328.7
63.1000       -451.8619    -454.1639       2.3020   287.2
63.1500       -451.6393    -453.9399       2.3006   287.1
63.2000       -452.1074    -454.4070       2.2996   286.9
63.2500       -452.0797    -454.1064       2.0266   252.9
63.3000       -451.6694    -454.1141       2.4448   305.1
63.3500       -451.5364    -453.7774       2.2410   279.6
63.4000       -451.6952    -454.0500       2.3549   293.8
63.4500       -451.7036    -454.1628       2.4592   306.9
63.5000       -451.7130    -454.1525       2.4395   304.4
63.5500       -451.8273    -453.9891       2.1618   269.8
63.6000       -451.6911    -453.8812       2.1901   273.3
63.6500       -451.9149    -454.3215       2.4065   300.3
63.7000       -451.6955    -454.1235       2.4280   303.0
63.7500       -451.7554    -454.2856       2.5302   315.7
63.8000       -451.2312    -453.9137       2.6825   334.7
63.8500       -451.3305    -453.9354       2.6050   325.0
63.9000       -450.9866    -454.0302       3.0435   379.8
63.9500       -451.5134    -453.9124       2.3990   299.4
64.0000       -451.3101    -453.8515       2.5414   317.1
64.0500       -451.2711    -453.7583       2.4872   310.4
64.1000       -451.3708    -453.7242       2.3534   293.7
64.1500       -451.5369    -454.4049       2.8680   357.9
64.2000       -451.5676    -453.9903       2.4227   302.3
64.2500       -451.6896    -453.9345       2.2449   280.1
64.3000       -451.3901    -453.7788       2.3887   298.1
64.3500       -451.5807    -454.0850       2.5043   312.5
