#  step      rmse_val    rmse_trn    rmse_e_val  rmse_e_trn    rmse_f_val  rmse_f_trn         lr
      0      3.64e+01    3.46e+01      4.36e-01    4.28e-01      1.15e+00    1.09e+00    1.0e-03
     19      2.94e+01    3.07e+01      1.46e-02    1.33e-02      9.30e-01    9.70e-01    1.0e-03
     38      2.45e+01    2.89e+01      1.04e-01    1.12e-01      7.75e-01    9.15e-01    1.0e-03
     57      2.61e+01    2.70e+01      2.01e-01    2.07e-01      8.25e-01    8.54e-01    1.0e-03
     76      2.18e+01    2.49e+01      1.02e-01    9.70e-02      6.88e-01    7.89e-01    1.0e-03
     95      2.17e+01    2.18e+01      1.24e-01    1.11e-01      6.85e-01    6.90e-01    1.0e-03
    114      1.71e+01    1.64e+01      1.15e-02    2.04e-02      5.40e-01    5.19e-01    1.0e-03
    133      1.21e+01    1.35e+01      2.98e-01    3.05e-01      3.82e-01    4.26e-01    1.0e-03
    152      1.12e+01    1.10e+01      4.97e-02    5.71e-02      3.54e-01    3.49e-01    1.0e-03
    171      1.11e+01    1.06e+01      1.20e-01    1.18e-01      3.52e-01    3.35e-01    1.0e-03
    190      8.61e+00    9.19e+00      1.59e-01    1.58e-01      2.72e-01    2.91e-01    1.0e-03
    209      8.88e+00    9.04e+00      9.02e-02    8.69e-02      2.81e-01    2.86e-01    1.0e-03
    228      8.11e+00    8.55e+00      1.11e-01    1.16e-01      2.57e-01    2.70e-01    1.0e-03
    247      8.64e+00    8.67e+00      1.14e-01    1.17e-01      2.73e-01    2.74e-01    1.0e-03
    266      8.36e+00    8.36e+00      6.13e-02    5.52e-02      2.64e-01    2.64e-01    1.0e-03
    285      7.71e+00    8.19e+00      1.23e-01    1.25e-01      2.44e-01    2.59e-01    1.0e-03
    304      7.96e+00    8.03e+00      4.86e-04    4.46e-03      2.52e-01    2.54e-01    1.0e-03
    323      7.35e+00    7.33e+00      1.38e-02    9.61e-03      2.33e-01    2.32e-01    1.0e-03
    342      6.25e+00    7.32e+00      8.63e-03    1.28e-02      1.98e-01    2.32e-01    1.0e-03
    361      6.60e+00    6.98e+00      2.34e-03    4.44e-03      2.09e-01    2.21e-01    1.0e-03
    380      7.02e+00    7.20e+00      2.53e-02    2.54e-02      2.22e-01    2.28e-01    1.0e-03
    399      7.57e+00    6.90e+00      1.80e-02    1.45e-02      2.39e-01    2.18e-01    1.0e-03
    418      6.88e+00    6.79e+00      3.67e-02    3.75e-02      2.17e-01    2.15e-01    1.0e-03
    437      6.60e+00    6.70e+00      6.08e-02    6.68e-02      2.09e-01    2.12e-01    1.0e-03
    456      6.08e+00    6.43e+00      1.62e-03    2.84e-03      1.92e-01    2.03e-01    1.0e-03
    475      5.75e+00    6.37e+00      3.85e-02    3.86e-02      1.82e-01    2.01e-01    1.0e-03
    494      5.77e+00    6.24e+00      2.01e-02    1.68e-02      1.83e-01    1.97e-01    1.0e-03
    513      6.45e+00    6.34e+00      3.68e-02    3.75e-02      2.04e-01    2.01e-01    1.0e-03
    532      5.22e+00    5.91e+00      4.16e-02    4.19e-02      1.65e-01    1.87e-01    1.0e-03
    551      6.52e+00    5.97e+00      7.19e-02    7.05e-02      2.06e-01    1.89e-01    1.0e-03
    570      5.69e+00    5.57e+00      1.66e-02    1.56e-02      1.80e-01    1.76e-01    1.0e-03
    589      5.44e+00    5.85e+00      1.37e-02    1.35e-02      1.72e-01    1.85e-01    1.0e-03
    608      5.53e+00    6.04e+00      3.03e-03    2.43e-03      1.75e-01    1.91e-01    1.0e-03
    627      6.14e+00    5.94e+00      6.00e-02    6.00e-02      1.94e-01    1.88e-01    1.0e-03
    646      6.12e+00    5.92e+00      2.47e-02    2.28e-02      1.94e-01    1.87e-01    1.0e-03
    665      5.45e+00    5.59e+00      4.09e-02    4.11e-02      1.72e-01    1.77e-01    1.0e-03
    684      6.01e+00    6.07e+00      5.84e-02    5.61e-02      1.90e-01    1.92e-01    1.0e-03
    703      5.57e+00    5.64e+00      3.00e-03    5.11e-03      1.76e-01    1.78e-01    1.0e-03
    722      4.83e+00    5.64e+00      1.40e-02    1.44e-02      1.53e-01    1.78e-01    1.0e-03
    741      5.35e+00    5.42e+00      1.13e-02    1.09e-02      1.69e-01    1.71e-01    1.0e-03
    760      4.86e+00    5.53e+00      3.52e-02    3.54e-02      1.54e-01    1.75e-01    1.0e-03
    779      6.15e+00    5.12e+00      3.09e-02    3.06e-02      1.94e-01    1.62e-01    1.0e-03
    798      5.19e+00    5.28e+00      6.69e-03    7.62e-03      1.64e-01    1.67e-01    1.0e-03
    817      5.31e+00    5.08e+00      3.22e-02    3.25e-02      1.68e-01    1.61e-01    1.0e-03
    836      4.86e+00    5.19e+00      5.76e-02    5.73e-02      1.54e-01    1.64e-01    1.0e-03
    855      5.05e+00    5.53e+00      4.79e-02    4.63e-02      1.60e-01    1.75e-01    1.0e-03
    874      4.93e+00    5.15e+00      2.02e-02    2.07e-02      1.56e-01    1.63e-01    1.0e-03
    893      5.13e+00    5.59e+00      1.97e-02    1.92e-02      1.62e-01    1.77e-01    1.0e-03
    912      4.86e+00    5.28e+00      5.54e-02    5.54e-02      1.54e-01    1.67e-01    1.0e-03
    931      5.54e+00    5.19e+00      3.41e-02    3.39e-02      1.75e-01    1.64e-01    1.0e-03
    950      5.11e+00    5.34e+00      9.32e-02    9.43e-02      1.61e-01    1.69e-01    1.0e-03
    969      4.78e+00    5.20e+00      8.98e-03    1.05e-02      1.51e-01    1.64e-01    1.0e-03
    988      5.54e+00    5.86e+00      5.46e-02    5.53e-02      1.75e-01    1.85e-01    1.0e-03
   1007      4.89e+00    5.01e+00      1.33e-03    3.59e-03      1.55e-01    1.58e-01    1.0e-03
   1026      4.83e+00    5.04e+00      1.77e-02    1.68e-02      1.53e-01    1.59e-01    1.0e-03
   1045      5.06e+00    4.92e+00      1.22e-02    9.15e-03      1.60e-01    1.56e-01    1.0e-03
   1064      4.83e+00    5.11e+00      3.27e-03    3.79e-03      1.53e-01    1.62e-01    1.0e-03
   1083      4.47e+00    4.90e+00      1.19e-02    1.27e-02      1.41e-01    1.55e-01    1.0e-03
   1102      5.36e+00    4.90e+00      2.11e-02    2.00e-02      1.69e-01    1.55e-01    1.0e-03
   1121      5.24e+00    5.03e+00      2.41e-02    2.30e-02      1.66e-01    1.59e-01    1.0e-03
   1140      5.08e+00    5.39e+00      2.32e-02    2.11e-02      1.61e-01    1.70e-01    1.0e-03
   1159      6.03e+00    5.24e+00      5.86e-02    5.75e-02      1.91e-01    1.66e-01    1.0e-03
   1178      4.21e+00    4.71e+00      1.43e-02    1.39e-02      1.33e-01    1.49e-01    1.0e-03
   1197      5.00e+00    5.48e+00      3.18e-03    3.59e-03      1.58e-01    1.73e-01    1.0e-03
   1216      3.88e+00    4.91e+00      2.30e-02    2.28e-02      1.23e-01    1.55e-01    1.0e-03
   1235      4.70e+00    5.32e+00      4.11e-03    3.13e-03      1.49e-01    1.68e-01    1.0e-03
   1254      5.24e+00    5.13e+00      1.14e-02    9.03e-03      1.66e-01    1.62e-01    1.0e-03
   1273      4.47e+00    4.82e+00      5.18e-02    5.02e-02      1.41e-01    1.52e-01    1.0e-03
   1292      4.94e+00    5.24e+00      1.04e-01    1.02e-01      1.56e-01    1.66e-01    1.0e-03
   1311      4.65e+00    5.10e+00      3.87e-02    3.87e-02      1.47e-01    1.61e-01    1.0e-03
   1330      5.05e+00    5.31e+00      2.37e-02    2.31e-02      1.60e-01    1.68e-01    1.0e-03
   1349      4.77e+00    4.96e+00      1.02e-03    2.21e-03      1.51e-01    1.57e-01    1.0e-03
   1368      5.01e+00    4.50e+00      5.94e-02    5.70e-02      1.58e-01    1.42e-01    1.0e-03
   1387      5.24e+00    4.83e+00      8.84e-03    8.37e-03      1.66e-01    1.53e-01    1.0e-03
   1406      5.08e+00    5.19e+00      2.41e-02    2.34e-02      1.60e-01    1.64e-01    1.0e-03
   1425      4.74e+00    5.06e+00      2.20e-02    2.28e-02      1.50e-01    1.60e-01    1.0e-03
   1444      5.54e+00    5.12e+00      7.84e-02    8.04e-02      1.75e-01    1.62e-01    1.0e-03
   1463      4.04e+00    4.77e+00      4.81e-02    4.49e-02      1.28e-01    1.51e-01    1.0e-03
   1482      4.44e+00    4.70e+00      4.25e-02    4.20e-02      1.40e-01    1.49e-01    1.0e-03
   1501      4.74e+00    4.58e+00      1.27e-02    1.49e-02      1.50e-01    1.45e-01    1.0e-03
   1520      5.27e+00    4.58e+00      2.34e-03    2.87e-03      1.67e-01    1.45e-01    1.0e-03
   1539      4.78e+00    4.37e+00      3.76e-02    3.66e-02      1.51e-01    1.38e-01    1.0e-03
   1558      4.17e+00    4.77e+00      2.17e-02    2.13e-02      1.32e-01    1.51e-01    1.0e-03
   1577      4.30e+00    4.46e+00      5.25e-03    5.44e-03      1.36e-01    1.41e-01    1.0e-03
   1596      4.36e+00    4.70e+00      2.57e-02    2.30e-02      1.38e-01    1.49e-01    1.0e-03
   1615      4.39e+00    4.86e+00      4.26e-02    4.25e-02      1.39e-01    1.54e-01    1.0e-03
   1634      4.66e+00    4.97e+00      2.52e-02    2.61e-02      1.47e-01    1.57e-01    1.0e-03
   1653      5.06e+00    4.47e+00      2.30e-02    2.18e-02      1.60e-01    1.41e-01    1.0e-03
   1672      4.79e+00    4.44e+00      1.82e-03    2.07e-03      1.51e-01    1.40e-01    1.0e-03
   1691      4.17e+00    4.83e+00      2.42e-02    2.33e-02      1.32e-01    1.53e-01    1.0e-03
   1710      3.87e+00    4.51e+00      3.71e-02    3.61e-02      1.22e-01    1.43e-01    1.0e-03
   1729      6.27e+00    4.95e+00      5.23e-02    5.18e-02      1.98e-01    1.57e-01    1.0e-03
   1748      4.26e+00    4.62e+00      6.60e-02    6.76e-02      1.35e-01    1.46e-01    1.0e-03
   1767      4.27e+00    4.43e+00      2.65e-02    2.80e-02      1.35e-01    1.40e-01    1.0e-03
   1786      3.92e+00    4.71e+00      1.10e-03    2.31e-03      1.24e-01    1.49e-01    1.0e-03
   1805      4.29e+00    4.46e+00      9.92e-03    1.08e-02      1.36e-01    1.41e-01    1.0e-03
   1824      4.45e+00    4.37e+00      2.40e-02    2.46e-02      1.41e-01    1.38e-01    1.0e-03
   1843      4.22e+00    4.45e+00      2.43e-03    4.05e-03      1.34e-01    1.41e-01    1.0e-03
   1862      4.48e+00    4.58e+00      1.73e-02    1.70e-02      1.42e-01    1.45e-01    1.0e-03
   1881      4.95e+00    5.31e+00      2.55e-02    2.56e-02      1.56e-01    1.68e-01    1.0e-03
   1900      4.47e+00    4.55e+00      6.15e-02    6.15e-02      1.41e-01    1.44e-01    1.0e-03
   1919      4.66e+00    4.48e+00      3.66e-02    3.62e-02      1.47e-01    1.42e-01    1.0e-03
   1938      3.66e+00    4.22e+00      2.57e-02    2.55e-02      1.16e-01    1.33e-01    1.0e-03
   1957      4.23e+00    4.41e+00      2.20e-02    2.16e-02      1.34e-01    1.39e-01    1.0e-03
   1976      3.92e+00    4.46e+00      3.73e-03    3.21e-03      1.24e-01    1.41e-01    1.0e-03
   1995      4.67e+00    4.58e+00      3.29e-02    3.15e-02      1.48e-01    1.45e-01    1.0e-03
   2014      4.95e+00    4.69e+00      1.05e-02    1.16e-02      1.57e-01    1.48e-01    1.0e-03
   2033      5.27e+00    4.51e+00      8.25e-02    8.15e-02      1.67e-01    1.43e-01    1.0e-03
   2052      3.65e+00    4.40e+00      4.52e-02    4.57e-02      1.15e-01    1.39e-01    1.0e-03
   2071      3.82e+00    4.49e+00      1.84e-02    1.73e-02      1.21e-01    1.42e-01    1.0e-03
   2090      4.26e+00    4.50e+00      2.03e-02    2.00e-02      1.35e-01    1.42e-01    1.0e-03
   2109      4.29e+00    4.29e+00      1.12e-02    7.33e-03      1.36e-01    1.36e-01    1.0e-03
   2128      5.05e+00    4.75e+00      6.93e-02    6.87e-02      1.60e-01    1.50e-01    1.0e-03
   2147      3.93e+00    4.51e+00      2.14e-02    2.09e-02      1.24e-01    1.43e-01    1.0e-03
   2166      4.91e+00    4.33e+00      1.83e-03    2.89e-03      1.55e-01    1.37e-01    1.0e-03
   2185      4.30e+00    4.66e+00      2.71e-02    2.56e-02      1.36e-01    1.47e-01    1.0e-03
   2204      3.92e+00    4.49e+00      3.41e-02    3.36e-02      1.24e-01    1.42e-01    1.0e-03
   2223      4.46e+00    4.23e+00      3.31e-02    3.10e-02      1.41e-01    1.34e-01    1.0e-03
   2242      4.93e+00    4.46e+00      4.25e-02    4.50e-02      1.56e-01    1.41e-01    1.0e-03
   2261      4.15e+00    4.56e+00      4.28e-02    4.23e-02      1.31e-01    1.44e-01    1.0e-03
   2280      4.19e+00    4.63e+00      1.90e-02    1.94e-02      1.33e-01    1.46e-01    1.0e-03
   2299      3.92e+00    4.17e+00      1.89e-02    1.85e-02      1.24e-01    1.32e-01    1.0e-03
   2318      3.76e+00    4.30e+00      3.69e-02    3.96e-02      1.19e-01    1.36e-01    1.0e-03
   2337      4.57e+00    4.88e+00      2.46e-02    2.48e-02      1.45e-01    1.54e-01    1.0e-03
   2356      4.11e+00    4.11e+00      2.20e-02    1.94e-02      1.30e-01    1.30e-01    1.0e-03
   2375      4.33e+00    4.36e+00      3.89e-02    4.19e-02      1.37e-01    1.38e-01    1.0e-03
   2394      4.45e+00    4.88e+00      8.51e-02    8.53e-02      1.41e-01    1.54e-01    1.0e-03
   2413      4.27e+00    4.46e+00      2.19e-03    2.48e-03      1.35e-01    1.41e-01    1.0e-03
   2432      4.14e+00    4.34e+00      3.30e-02    3.40e-02      1.31e-01    1.37e-01    1.0e-03
   2451      4.36e+00    4.43e+00      2.09e-02    2.18e-02      1.38e-01    1.40e-01    1.0e-03
   2470      4.44e+00    4.37e+00      6.37e-03    6.18e-03      1.40e-01    1.38e-01    1.0e-03
   2489      4.47e+00    4.24e+00      2.24e-02    2.28e-02      1.41e-01    1.34e-01    1.0e-03
   2508      4.82e+00    4.44e+00      3.14e-03    2.89e-03      1.52e-01    1.40e-01    1.0e-03
   2527      3.90e+00    4.16e+00      5.00e-02    4.88e-02      1.23e-01    1.32e-01    1.0e-03
   2546      4.99e+00    4.28e+00      9.78e-03    1.03e-02      1.58e-01    1.35e-01    1.0e-03
   2565      3.51e+00    4.57e+00      1.69e-02    1.64e-02      1.11e-01    1.45e-01    1.0e-03
   2584      4.34e+00    4.64e+00      1.84e-02    1.89e-02      1.37e-01    1.47e-01    1.0e-03
   2603      3.75e+00    4.28e+00      1.73e-02    1.75e-02      1.19e-01    1.35e-01    1.0e-03
   2622      3.78e+00    4.17e+00      1.25e-02    1.29e-02      1.20e-01    1.32e-01    1.0e-03
   2641      3.90e+00    4.35e+00      5.31e-03    5.06e-03      1.23e-01    1.38e-01    1.0e-03
   2660      3.78e+00    4.18e+00      2.21e-02    2.24e-02      1.20e-01    1.32e-01    1.0e-03
   2679      4.54e+00    4.09e+00      2.37e-02    2.50e-02      1.43e-01    1.29e-01    1.0e-03
   2698      4.19e+00    4.36e+00      5.10e-02    5.06e-02      1.33e-01    1.38e-01    1.0e-03
   2717      4.72e+00    4.71e+00      5.65e-03    6.53e-03      1.49e-01    1.49e-01    1.0e-03
   2736      3.89e+00    4.14e+00      1.03e-03    2.64e-03      1.23e-01    1.31e-01    1.0e-03
   2755      4.03e+00    4.30e+00      1.55e-02    1.63e-02      1.27e-01    1.36e-01    1.0e-03
   2774      4.65e+00    4.30e+00      4.48e-02    4.43e-02      1.47e-01    1.36e-01    1.0e-03
   2793      4.22e+00    4.51e+00      1.71e-02    1.65e-02      1.34e-01    1.43e-01    1.0e-03
   2812      5.51e+00    4.35e+00      4.98e-02    4.87e-02      1.74e-01    1.38e-01    1.0e-03
   2831      3.64e+00    4.11e+00      3.86e-02    4.00e-02      1.15e-01    1.30e-01    1.0e-03
   2850      4.64e+00    4.74e+00      2.85e-02    2.78e-02      1.47e-01    1.50e-01    1.0e-03
   2869      3.17e+00    3.94e+00      3.23e-02    3.27e-02      1.00e-01    1.25e-01    1.0e-03
   2888      4.13e+00    4.15e+00      1.09e-02    1.05e-02      1.30e-01    1.31e-01    1.0e-03
   2907      4.20e+00    4.54e+00      4.65e-02    4.48e-02      1.33e-01    1.44e-01    1.0e-03
   2926      4.02e+00    4.36e+00      1.30e-02    1.29e-02      1.27e-01    1.38e-01    1.0e-03
   2945      3.41e+00    4.27e+00      1.36e-02    1.41e-02      1.08e-01    1.35e-01    1.0e-03
   2964      5.26e+00    4.14e+00      2.13e-02    1.96e-02      1.66e-01    1.31e-01    1.0e-03
   2983      4.42e+00    3.97e+00      4.90e-03    3.56e-03      1.40e-01    1.26e-01    1.0e-03
   3002      3.70e+00    4.09e+00      3.85e-02    3.92e-02      1.17e-01    1.29e-01    1.0e-03
   3021      4.46e+00    4.12e+00      2.17e-02    2.18e-02      1.41e-01    1.30e-01    1.0e-03
   3040      4.14e+00    4.54e+00      1.38e-02    1.45e-02      1.31e-01    1.43e-01    1.0e-03
   3059      4.41e+00    4.32e+00      1.70e-03    2.89e-03      1.39e-01    1.37e-01    1.0e-03
   3078      3.78e+00    4.15e+00      1.98e-02    2.14e-02      1.20e-01    1.31e-01    1.0e-03
   3097      4.04e+00    4.27e+00      2.58e-02    2.44e-02      1.28e-01    1.35e-01    1.0e-03
   3116      4.49e+00    3.88e+00      3.06e-02    3.00e-02      1.42e-01    1.23e-01    1.0e-03
   3135      4.39e+00    4.72e+00      2.53e-02    2.48e-02      1.39e-01    1.49e-01    1.0e-03
   3154      3.58e+00    4.15e+00      2.45e-03    3.52e-03      1.13e-01    1.31e-01    1.0e-03
   3173      3.78e+00    4.26e+00      1.56e-02    1.59e-02      1.19e-01    1.35e-01    1.0e-03
   3192      3.87e+00    4.20e+00      3.20e-02    3.22e-02      1.22e-01    1.33e-01    1.0e-03
   3211      4.07e+00    4.31e+00      4.59e-02    4.45e-02      1.29e-01    1.36e-01    1.0e-03
   3230      3.89e+00    3.91e+00      2.61e-02    2.65e-02      1.23e-01    1.24e-01    1.0e-03
   3249      3.56e+00    4.04e+00      3.75e-03    1.82e-03      1.13e-01    1.28e-01    1.0e-03
   3268      3.45e+00    4.14e+00      1.04e-02    9.73e-03      1.09e-01    1.31e-01    1.0e-03
   3287      3.43e+00    4.08e+00      1.32e-02    1.32e-02      1.09e-01    1.29e-01    1.0e-03
   3306      4.70e+00    4.13e+00      1.83e-03    2.11e-03      1.49e-01    1.31e-01    1.0e-03
   3325      3.74e+00    4.11e+00      3.34e-02    3.20e-02      1.18e-01    1.30e-01    1.0e-03
   3344      4.32e+00    4.80e+00      7.23e-03    1.05e-02      1.37e-01    1.52e-01    1.0e-03
   3363      4.10e+00    3.99e+00      1.03e-02    1.10e-02      1.30e-01    1.26e-01    1.0e-03
   3382      3.54e+00    4.04e+00      1.22e-02    1.37e-02      1.12e-01    1.28e-01    1.0e-03
   3401      3.94e+00    4.35e+00      6.94e-03    8.75e-03      1.25e-01    1.38e-01    1.0e-03
   3420      3.83e+00    4.14e+00      5.29e-02    5.28e-02      1.21e-01    1.31e-01    1.0e-03
   3439      4.58e+00    3.88e+00      1.55e-02    1.55e-02      1.45e-01    1.23e-01    1.0e-03
   3458      3.85e+00    3.93e+00      2.31e-02    2.36e-02      1.22e-01    1.24e-01    1.0e-03
   3477      3.71e+00    4.23e+00      4.02e-02    4.05e-02      1.17e-01    1.34e-01    1.0e-03
   3496      3.85e+00    4.46e+00      1.12e-02    1.14e-02      1.22e-01    1.41e-01    1.0e-03
   3515      3.87e+00    3.95e+00      1.86e-03    1.65e-03      1.22e-01    1.25e-01    1.0e-03
   3534      4.58e+00    3.73e+00      3.79e-03    3.82e-03      1.45e-01    1.18e-01    1.0e-03
   3553      3.94e+00    4.01e+00      3.26e-03    1.41e-03      1.25e-01    1.27e-01    1.0e-03
   3572      3.39e+00    4.16e+00      7.20e-03    7.49e-03      1.07e-01    1.32e-01    1.0e-03
   3591      3.61e+00    4.26e+00      3.81e-03    4.21e-03      1.14e-01    1.35e-01    1.0e-03
   3610      3.60e+00    3.97e+00      4.59e-02    4.55e-02      1.14e-01    1.25e-01    1.0e-03
   3629      3.79e+00    4.10e+00      4.79e-02    4.80e-02      1.20e-01    1.30e-01    1.0e-03
   3648      3.26e+00    4.16e+00      6.07e-02    6.11e-02      1.03e-01    1.32e-01    1.0e-03
   3667      3.91e+00    4.08e+00      5.52e-02    5.57e-02      1.24e-01    1.29e-01    1.0e-03
   3686      5.32e+00    4.93e+00      7.22e-02    7.20e-02      1.68e-01    1.56e-01    1.0e-03
   3705      4.01e+00    4.06e+00      2.40e-02    2.18e-02      1.27e-01    1.28e-01    1.0e-03
   3724      4.21e+00    3.91e+00      4.08e-02    4.29e-02      1.33e-01    1.24e-01    1.0e-03
   3743      4.94e+00    4.02e+00      1.32e-02    1.14e-02      1.56e-01    1.27e-01    1.0e-03
   3762      3.99e+00    4.05e+00      3.40e-03    5.22e-03      1.26e-01    1.28e-01    1.0e-03
   3781      4.12e+00    4.25e+00      2.32e-02    2.39e-02      1.30e-01    1.35e-01    1.0e-03
   3800      4.52e+00    4.05e+00      2.36e-02    2.23e-02      1.43e-01    1.28e-01    1.0e-03
   3819      3.86e+00    3.95e+00      3.08e-02    3.13e-02      1.22e-01    1.25e-01    1.0e-03
   3838      4.16e+00    3.81e+00      5.65e-02    5.44e-02      1.32e-01    1.20e-01    1.0e-03
   3857      4.77e+00    3.87e+00      4.08e-02    4.01e-02      1.51e-01    1.22e-01    1.0e-03
   3876      4.77e+00    4.12e+00      3.51e-03    3.52e-03      1.51e-01    1.30e-01    1.0e-03
   3895      3.57e+00    4.13e+00      4.70e-03    4.99e-03      1.13e-01    1.31e-01    1.0e-03
   3914      3.84e+00    4.04e+00      1.36e-02    1.36e-02      1.21e-01    1.28e-01    1.0e-03
   3933      4.43e+00    4.34e+00      5.23e-02    5.27e-02      1.40e-01    1.37e-01    1.0e-03
   3952      3.71e+00    3.84e+00      3.86e-02    3.68e-02      1.17e-01    1.22e-01    1.0e-03
   3971      3.87e+00    4.13e+00      2.03e-02    1.93e-02      1.22e-01    1.31e-01    1.0e-03
   3990      3.48e+00    3.58e+00      4.57e-02    4.64e-02      1.10e-01    1.13e-01    1.0e-03
   4009      4.27e+00    4.04e+00      1.12e-02    1.21e-02      1.35e-01    1.28e-01    1.0e-03
   4028      3.22e+00    3.86e+00      2.18e-02    2.27e-02      1.02e-01    1.22e-01    1.0e-03
   4047      3.63e+00    4.17e+00      2.18e-03    2.17e-03      1.15e-01    1.32e-01    1.0e-03
   4066      3.78e+00    4.32e+00      3.70e-03    3.69e-03      1.20e-01    1.36e-01    1.0e-03
   4085      4.05e+00    4.02e+00      8.39e-03    6.65e-03      1.28e-01    1.27e-01    1.0e-03
   4104      3.58e+00    3.81e+00      9.62e-04    1.70e-03      1.13e-01    1.20e-01    1.0e-03
   4123      4.28e+00    4.31e+00      1.59e-02    1.49e-02      1.35e-01    1.36e-01    1.0e-03
   4142      3.55e+00    4.03e+00      7.90e-03    5.69e-03      1.12e-01    1.27e-01    1.0e-03
   4161      3.30e+00    3.74e+00      1.56e-01    1.55e-01      1.04e-01    1.18e-01    1.0e-03
   4180      3.47e+00    3.91e+00      3.36e-02    3.46e-02      1.10e-01    1.24e-01    1.0e-03
   4199      3.52e+00    4.39e+00      9.64e-03    8.64e-03      1.11e-01    1.39e-01    1.0e-03
   4218      4.03e+00    4.34e+00      1.99e-02    1.83e-02      1.27e-01    1.37e-01    1.0e-03
   4237      3.34e+00    4.16e+00      3.46e-02    3.47e-02      1.05e-01    1.32e-01    1.0e-03
   4256      3.42e+00    4.01e+00      7.15e-03    5.69e-03      1.08e-01    1.27e-01    1.0e-03
   4275      3.74e+00    4.03e+00      1.79e-02    1.73e-02      1.18e-01    1.27e-01    1.0e-03
   4294      4.29e+00    3.69e+00      3.53e-02    3.50e-02      1.36e-01    1.17e-01    1.0e-03
   4313      3.28e+00    4.10e+00      2.38e-02    2.47e-02      1.04e-01    1.30e-01    1.0e-03
   4332      4.75e+00    4.69e+00      4.99e-02    5.08e-02      1.50e-01    1.48e-01    1.0e-03
   4351      3.61e+00    4.26e+00      1.56e-02    1.54e-02      1.14e-01    1.35e-01    1.0e-03
   4370      4.31e+00    3.83e+00      1.64e-02    1.57e-02      1.36e-01    1.21e-01    1.0e-03
   4389      3.66e+00    4.09e+00      5.63e-02    5.63e-02      1.16e-01    1.29e-01    1.0e-03
   4408      3.38e+00    3.66e+00      1.18e-02    1.23e-02      1.07e-01    1.16e-01    1.0e-03
   4427      3.76e+00    3.69e+00      1.40e-02    1.55e-02      1.19e-01    1.17e-01    1.0e-03
   4446      3.72e+00    3.94e+00      1.74e-02    1.43e-02      1.17e-01    1.25e-01    1.0e-03
   4465      5.02e+00    3.99e+00      3.72e-02    3.48e-02      1.59e-01    1.26e-01    1.0e-03
   4484      4.01e+00    4.17e+00      1.95e-02    1.97e-02      1.27e-01    1.32e-01    1.0e-03
   4503      4.04e+00    4.43e+00      3.28e-02    3.35e-02      1.28e-01    1.40e-01    1.0e-03
   4522      3.41e+00    3.93e+00      3.26e-02    3.14e-02      1.08e-01    1.24e-01    1.0e-03
   4541      3.20e+00    3.97e+00      3.99e-02    3.95e-02      1.01e-01    1.25e-01    1.0e-03
   4560      3.55e+00    4.13e+00      3.95e-02    4.07e-02      1.12e-01    1.31e-01    1.0e-03
   4579      4.30e+00    4.11e+00      1.71e-02    1.65e-02      1.36e-01    1.30e-01    1.0e-03
   4598      4.76e+00    4.26e+00      4.76e-02    4.81e-02      1.51e-01    1.35e-01    1.0e-03
   4617      3.66e+00    3.87e+00      2.70e-02    2.61e-02      1.16e-01    1.22e-01    1.0e-03
   4636      3.00e+00    4.07e+00      2.35e-02    2.28e-02      9.49e-02    1.29e-01    1.0e-03
   4655      3.42e+00    4.10e+00      2.14e-03    2.08e-03      1.08e-01    1.30e-01    1.0e-03
   4674      4.29e+00    3.92e+00      4.20e-02    4.22e-02      1.36e-01    1.24e-01    1.0e-03
   4693      3.81e+00    3.95e+00      2.99e-02    2.74e-02      1.21e-01    1.25e-01    1.0e-03
   4712      4.31e+00    4.08e+00      2.84e-03    4.56e-03      1.36e-01    1.29e-01    1.0e-03
   4731      4.13e+00    4.33e+00      2.52e-02    2.45e-02      1.31e-01    1.37e-01    1.0e-03
   4750      4.07e+00    4.30e+00      2.63e-02    2.51e-02      1.29e-01    1.36e-01    1.0e-03
   4769      4.06e+00    3.96e+00      3.76e-03    4.47e-03      1.28e-01    1.25e-01    1.0e-03
   4788      4.40e+00    3.58e+00      6.15e-03    5.52e-03      1.39e-01    1.13e-01    1.0e-03
   4807      4.21e+00    3.78e+00      2.88e-02    2.78e-02      1.33e-01    1.20e-01    1.0e-03
   4826      2.82e+00    3.85e+00      3.32e-02    3.33e-02      8.93e-02    1.22e-01    1.0e-03
   4845      3.60e+00    3.68e+00      1.93e-02    1.90e-02      1.14e-01    1.16e-01    1.0e-03
   4864      3.88e+00    3.65e+00      7.95e-03    8.46e-03      1.23e-01    1.15e-01    1.0e-03
   4883      3.90e+00    4.13e+00      4.32e-03    7.12e-03      1.23e-01    1.31e-01    1.0e-03
   4902      3.86e+00    3.82e+00      1.14e-02    1.04e-02      1.22e-01    1.21e-01    1.0e-03
   4921      4.01e+00    4.04e+00      2.10e-02    1.93e-02      1.27e-01    1.28e-01    1.0e-03
   4940      3.89e+00    3.82e+00      1.57e-02    1.63e-02      1.23e-01    1.21e-01    1.0e-03
   4959      3.56e+00    3.72e+00      2.19e-02    2.28e-02      1.12e-01    1.18e-01    1.0e-03
   4978      3.67e+00    4.02e+00      9.58e-03    1.00e-02      1.16e-01    1.27e-01    1.0e-03
   4997      3.18e+00    3.86e+00      2.80e-02    2.96e-02      1.00e-01    1.22e-01    1.0e-03
   5016      1.13e+00    1.03e+00      1.06e-04    1.24e-03      1.37e-01    1.25e-01    6.7e-05
   5035      9.54e-01    9.88e-01      3.65e-03    2.76e-03      1.16e-01    1.20e-01    6.7e-05
   5054      9.91e-01    1.01e+00      1.07e-04    1.16e-03      1.20e-01    1.22e-01    6.7e-05
   5073      7.41e-01    9.87e-01      2.80e-04    1.31e-03      8.97e-02    1.20e-01    6.7e-05
   5092      8.65e-01    9.79e-01      1.36e-03    1.86e-03      1.05e-01    1.19e-01    6.7e-05
   5111      7.86e-01    1.05e+00      1.57e-03    1.28e-03      9.51e-02    1.27e-01    6.7e-05
   5130      8.39e-01    9.63e-01      1.15e-03    1.27e-03      1.02e-01    1.17e-01    6.7e-05
   5149      8.71e-01    9.43e-01      8.87e-04    1.34e-03      1.06e-01    1.14e-01    6.7e-05
   5168      8.27e-01    9.41e-01      4.57e-04    1.13e-03      1.00e-01    1.14e-01    6.7e-05
   5187      7.89e-01    9.54e-01      7.28e-04    1.38e-03      9.56e-02    1.15e-01    6.7e-05
   5206      1.08e+00    9.57e-01      1.57e-03    1.73e-03      1.31e-01    1.16e-01    6.7e-05
   5225      9.30e-01    9.53e-01      1.37e-03    1.17e-03      1.13e-01    1.15e-01    6.7e-05
   5244      9.72e-01    9.86e-01      1.99e-04    1.13e-03      1.18e-01    1.19e-01    6.7e-05
   5263      9.48e-01    9.55e-01      1.16e-04    1.48e-03      1.15e-01    1.16e-01    6.7e-05
   5282      9.40e-01    1.01e+00      2.15e-03    1.38e-03      1.14e-01    1.23e-01    6.7e-05
   5301      7.68e-01    9.81e-01      4.59e-04    1.25e-03      9.30e-02    1.19e-01    6.7e-05
   5320      8.63e-01    9.81e-01      5.04e-04    1.21e-03      1.05e-01    1.19e-01    6.7e-05
   5339      8.52e-01    1.05e+00      1.58e-04    1.02e-03      1.03e-01    1.27e-01    6.7e-05
   5358      8.83e-01    9.88e-01      5.27e-04    1.49e-03      1.07e-01    1.20e-01    6.7e-05
   5377      8.87e-01    9.43e-01      5.68e-05    1.19e-03      1.07e-01    1.14e-01    6.7e-05
   5396      1.27e+00    1.01e+00      2.38e-03    1.40e-03      1.54e-01    1.22e-01    6.7e-05
   5415      7.82e-01    9.57e-01      4.58e-04    1.28e-03      9.47e-02    1.16e-01    6.7e-05
   5434      7.97e-01    1.01e+00      8.38e-04    1.76e-03      9.65e-02    1.23e-01    6.7e-05
   5453      1.06e+00    1.07e+00      8.24e-04    1.35e-03      1.28e-01    1.29e-01    6.7e-05
   5472      9.28e-01    9.81e-01      2.49e-03    1.38e-03      1.12e-01    1.19e-01    6.7e-05
   5491      1.01e+00    9.68e-01      1.41e-03    1.24e-03      1.22e-01    1.17e-01    6.7e-05
   5510      9.32e-01    9.62e-01      1.66e-04    9.67e-04      1.13e-01    1.16e-01    6.7e-05
   5529      9.29e-01    9.57e-01      1.20e-03    1.40e-03      1.13e-01    1.16e-01    6.7e-05
   5548      8.75e-01    9.58e-01      1.11e-03    1.02e-03      1.06e-01    1.16e-01    6.7e-05
   5567      9.06e-01    9.89e-01      4.57e-05    1.56e-03      1.10e-01    1.20e-01    6.7e-05
   5586      8.99e-01    9.94e-01      1.30e-03    1.67e-03      1.09e-01    1.20e-01    6.7e-05
   5605      1.20e+00    9.98e-01      1.10e-03    1.62e-03      1.45e-01    1.21e-01    6.7e-05
   5624      9.13e-01    1.01e+00      1.36e-05    1.41e-03      1.11e-01    1.22e-01    6.7e-05
   5643      9.71e-01    1.01e+00      3.12e-03    1.47e-03      1.18e-01    1.22e-01    6.7e-05
   5662      8.42e-01    1.02e+00      2.39e-05    9.98e-04      1.02e-01    1.23e-01    6.7e-05
   5681      1.07e+00    9.75e-01      2.00e-04    1.16e-03      1.30e-01    1.18e-01    6.7e-05
   5700      8.20e-01    1.02e+00      8.82e-04    1.59e-03      9.93e-02    1.24e-01    6.7e-05
   5719      8.73e-01    9.79e-01      3.26e-04    1.27e-03      1.06e-01    1.19e-01    6.7e-05
   5738      1.20e+00    1.00e+00      1.24e-03    1.49e-03      1.45e-01    1.21e-01    6.7e-05
   5757      8.83e-01    9.44e-01      5.33e-04    1.35e-03      1.07e-01    1.14e-01    6.7e-05
   5776      9.27e-01    1.03e+00      1.17e-03    1.65e-03      1.12e-01    1.25e-01    6.7e-05
   5795      9.30e-01    9.17e-01      3.22e-03    1.14e-03      1.13e-01    1.11e-01    6.7e-05
   5814      8.27e-01    1.03e+00      3.08e-04    1.47e-03      1.00e-01    1.24e-01    6.7e-05
   5833      1.06e+00    9.43e-01      1.70e-03    1.08e-03      1.28e-01    1.14e-01    6.7e-05
   5852      9.39e-01    9.85e-01      2.15e-04    1.51e-03      1.14e-01    1.19e-01    6.7e-05
   5871      8.63e-01    9.76e-01      3.45e-05    1.76e-03      1.05e-01    1.18e-01    6.7e-05
   5890      9.72e-01    9.88e-01      1.49e-04    1.52e-03      1.18e-01    1.20e-01    6.7e-05
   5909      9.13e-01    9.54e-01      4.52e-04    1.34e-03      1.11e-01    1.16e-01    6.7e-05
   5928      8.99e-01    9.94e-01      2.35e-04    1.44e-03      1.09e-01    1.20e-01    6.7e-05
   5947      1.02e+00    9.80e-01      2.04e-03    1.62e-03      1.24e-01    1.19e-01    6.7e-05
   5966      7.64e-01    9.40e-01      5.64e-04    1.45e-03      9.26e-02    1.14e-01    6.7e-05
   5985      8.52e-01    9.94e-01      3.42e-04    1.25e-03      1.03e-01    1.20e-01    6.7e-05
   6004      1.00e+00    9.53e-01      4.18e-04    1.24e-03      1.22e-01    1.15e-01    6.7e-05
   6023      8.39e-01    9.90e-01      1.03e-03    1.58e-03      1.02e-01    1.20e-01    6.7e-05
   6042      9.70e-01    1.06e+00      3.15e-03    1.89e-03      1.17e-01    1.28e-01    6.7e-05
   6061      9.48e-01    1.00e+00      3.10e-04    1.73e-03      1.15e-01    1.22e-01    6.7e-05
   6080      7.03e-01    1.03e+00      7.74e-04    1.54e-03      8.52e-02    1.24e-01    6.7e-05
   6099      7.95e-01    9.99e-01      6.68e-04    1.62e-03      9.63e-02    1.21e-01    6.7e-05
   6118      8.71e-01    1.02e+00      4.67e-04    1.87e-03      1.06e-01    1.23e-01    6.7e-05
   6137      8.63e-01    9.93e-01      3.00e-04    1.32e-03      1.04e-01    1.20e-01    6.7e-05
   6156      9.48e-01    9.50e-01      1.18e-03    1.10e-03      1.15e-01    1.15e-01    6.7e-05
   6175      8.45e-01    9.88e-01      1.11e-03    1.09e-03      1.02e-01    1.20e-01    6.7e-05
   6194      1.13e+00    9.64e-01      6.99e-05    1.20e-03      1.36e-01    1.17e-01    6.7e-05
   6213      1.07e+00    9.54e-01      5.41e-04    1.10e-03      1.30e-01    1.16e-01    6.7e-05
   6232      9.40e-01    9.88e-01      1.17e-03    9.47e-04      1.14e-01    1.20e-01    6.7e-05
   6251      1.08e+00    1.01e+00      7.58e-06    1.14e-03      1.31e-01    1.23e-01    6.7e-05
   6270      7.36e-01    9.82e-01      8.48e-05    1.21e-03      8.92e-02    1.19e-01    6.7e-05
   6289      8.44e-01    9.17e-01      5.13e-04    1.22e-03      1.02e-01    1.11e-01    6.7e-05
   6308      9.59e-01    9.35e-01      2.60e-03    1.82e-03      1.16e-01    1.13e-01    6.7e-05
   6327      9.84e-01    9.88e-01      1.70e-04    1.30e-03      1.19e-01    1.20e-01    6.7e-05
   6346      1.27e+00    9.92e-01      1.27e-03    1.30e-03      1.54e-01    1.20e-01    6.7e-05
   6365      7.92e-01    9.90e-01      9.45e-04    1.80e-03      9.59e-02    1.20e-01    6.7e-05
   6384      1.04e+00    9.65e-01      2.24e-03    1.44e-03      1.26e-01    1.17e-01    6.7e-05
   6403      9.31e-01    9.74e-01      5.74e-04    1.40e-03      1.13e-01    1.18e-01    6.7e-05
   6422      1.09e+00    9.67e-01      7.00e-04    1.41e-03      1.33e-01    1.17e-01    6.7e-05
   6441      9.07e-01    9.74e-01      6.20e-04    1.63e-03      1.10e-01    1.18e-01    6.7e-05
   6460      9.29e-01    1.02e+00      1.89e-04    9.81e-04      1.12e-01    1.24e-01    6.7e-05
   6479      8.85e-01    9.41e-01      5.25e-04    1.21e-03      1.07e-01    1.14e-01    6.7e-05
   6498      7.81e-01    9.50e-01      9.24e-04    1.63e-03      9.45e-02    1.15e-01    6.7e-05
   6517      9.08e-01    9.71e-01      1.10e-03    1.42e-03      1.10e-01    1.18e-01    6.7e-05
   6536      1.12e+00    9.83e-01      1.38e-03    1.84e-03      1.35e-01    1.19e-01    6.7e-05
   6555      8.74e-01    9.66e-01      7.48e-04    1.15e-03      1.06e-01    1.17e-01    6.7e-05
   6574      9.70e-01    9.97e-01      6.00e-04    1.28e-03      1.17e-01    1.21e-01    6.7e-05
   6593      8.86e-01    9.45e-01      2.48e-03    1.12e-03      1.07e-01    1.14e-01    6.7e-05
   6612      1.01e+00    9.76e-01      9.81e-04    1.28e-03      1.22e-01    1.18e-01    6.7e-05
   6631      7.87e-01    9.37e-01      2.55e-04    1.58e-03      9.53e-02    1.13e-01    6.7e-05
   6650      8.42e-01    9.79e-01      8.96e-05    1.47e-03      1.02e-01    1.19e-01    6.7e-05
   6669      7.82e-01    9.32e-01      1.56e-03    1.42e-03      9.47e-02    1.13e-01    6.7e-05
   6688      7.88e-01    9.51e-01      5.14e-05    1.33e-03      9.54e-02    1.15e-01    6.7e-05
   6707      9.09e-01    1.03e+00      1.41e-03    1.55e-03      1.10e-01    1.24e-01    6.7e-05
   6726      8.48e-01    9.80e-01      1.48e-03    9.60e-04      1.03e-01    1.19e-01    6.7e-05
   6745      7.02e-01    9.82e-01      1.01e-03    1.71e-03      8.50e-02    1.19e-01    6.7e-05
   6764      7.94e-01    9.86e-01      8.41e-04    1.24e-03      9.62e-02    1.19e-01    6.7e-05
   6783      8.98e-01    9.55e-01      1.63e-03    1.29e-03      1.09e-01    1.16e-01    6.7e-05
   6802      8.53e-01    9.99e-01      2.24e-05    1.15e-03      1.03e-01    1.21e-01    6.7e-05
   6821      8.85e-01    9.56e-01      2.35e-04    1.28e-03      1.07e-01    1.16e-01    6.7e-05
   6840      1.13e+00    9.81e-01      9.11e-04    1.14e-03      1.36e-01    1.19e-01    6.7e-05
   6859      7.84e-01    9.91e-01      1.42e-03    1.40e-03      9.49e-02    1.20e-01    6.7e-05
   6878      8.40e-01    1.02e+00      7.70e-04    1.60e-03      1.02e-01    1.23e-01    6.7e-05
   6897      8.18e-01    9.45e-01      1.11e-03    1.51e-03      9.91e-02    1.14e-01    6.7e-05
   6916      9.84e-01    1.00e+00      1.91e-04    1.72e-03      1.19e-01    1.21e-01    6.7e-05
   6935      7.68e-01    9.87e-01      2.64e-04    1.40e-03      9.31e-02    1.20e-01    6.7e-05
   6954      9.56e-01    9.59e-01      1.72e-03    1.09e-03      1.16e-01    1.16e-01    6.7e-05
   6973      8.65e-01    9.73e-01      1.08e-03    1.65e-03      1.05e-01    1.18e-01    6.7e-05
   6992      9.32e-01    9.79e-01      4.54e-04    1.52e-03      1.13e-01    1.19e-01    6.7e-05
   7011      8.63e-01    9.87e-01      1.40e-03    1.09e-03      1.04e-01    1.20e-01    6.7e-05
   7030      8.85e-01    9.60e-01      3.55e-04    1.39e-03      1.07e-01    1.16e-01    6.7e-05
   7049      8.26e-01    9.48e-01      2.77e-04    1.27e-03      1.00e-01    1.15e-01    6.7e-05
   7068      9.39e-01    1.02e+00      1.70e-03    9.74e-04      1.14e-01    1.23e-01    6.7e-05
   7087      1.08e+00    9.81e-01      1.08e-03    1.07e-03      1.31e-01    1.19e-01    6.7e-05
   7106      1.06e+00    9.97e-01      7.66e-04    1.26e-03      1.28e-01    1.21e-01    6.7e-05
   7125      1.00e+00    9.61e-01      5.19e-04    1.37e-03      1.22e-01    1.16e-01    6.7e-05
   7144      8.71e-01    1.03e+00      1.29e-03    8.04e-04      1.05e-01    1.25e-01    6.7e-05
   7163      1.02e+00    1.02e+00      1.50e-03    1.38e-03      1.24e-01    1.23e-01    6.7e-05
   7182      9.26e-01    1.00e+00      3.67e-03    1.36e-03      1.12e-01    1.22e-01    6.7e-05
   7201      9.08e-01    9.38e-01      7.82e-04    1.65e-03      1.10e-01    1.14e-01    6.7e-05
   7220      9.13e-01    9.71e-01      4.02e-04    1.40e-03      1.11e-01    1.18e-01    6.7e-05
   7239      9.69e-01    1.04e+00      1.27e-03    1.38e-03      1.17e-01    1.25e-01    6.7e-05
   7258      8.85e-01    9.20e-01      2.23e-03    1.30e-03      1.07e-01    1.11e-01    6.7e-05
   7277      1.04e+00    9.99e-01      1.40e-03    1.41e-03      1.26e-01    1.21e-01    6.7e-05
   7296      8.71e-01    9.45e-01      1.40e-03    1.41e-03      1.05e-01    1.14e-01    6.7e-05
   7315      1.11e+00    1.01e+00      6.59e-05    1.67e-03      1.35e-01    1.22e-01    6.7e-05
   7334      9.25e-01    9.96e-01      8.42e-04    1.55e-03      1.12e-01    1.21e-01    6.7e-05
   7353      1.27e+00    9.50e-01      1.31e-03    1.16e-03      1.54e-01    1.15e-01    6.7e-05
   7372      9.70e-01    9.79e-01      1.20e-03    1.22e-03      1.17e-01    1.19e-01    6.7e-05
   7391      9.70e-01    9.81e-01      3.79e-03    1.70e-03      1.17e-01    1.19e-01    6.7e-05
   7410      9.45e-01    9.49e-01      1.90e-03    2.17e-03      1.14e-01    1.15e-01    6.7e-05
   7429      1.07e+00    9.81e-01      7.25e-04    2.00e-03      1.30e-01    1.19e-01    6.7e-05
   7448      1.00e+00    9.79e-01      1.17e-03    1.09e-03      1.22e-01    1.19e-01    6.7e-05
   7467      1.20e+00    9.43e-01      3.38e-04    1.63e-03      1.45e-01    1.14e-01    6.7e-05
   7486      8.72e-01    1.00e+00      2.15e-04    1.43e-03      1.06e-01    1.22e-01    6.7e-05
   7505      7.35e-01    9.34e-01      1.95e-03    2.03e-03      8.89e-02    1.13e-01    6.7e-05
   7524      9.26e-01    9.12e-01      1.60e-03    1.10e-03      1.12e-01    1.10e-01    6.7e-05
   7543      1.09e+00    9.50e-01      1.44e-03    1.57e-03      1.32e-01    1.15e-01    6.7e-05
   7562      9.44e-01    9.37e-01      1.85e-03    1.22e-03      1.14e-01    1.13e-01    6.7e-05
   7581      9.38e-01    9.91e-01      4.49e-04    1.32e-03      1.14e-01    1.20e-01    6.7e-05
   7600      7.86e-01    9.88e-01      6.47e-04    1.40e-03      9.52e-02    1.20e-01    6.7e-05
   7619      1.20e+00    9.72e-01      1.47e-03    1.27e-03      1.45e-01    1.18e-01    6.7e-05
   7638      8.40e-01    9.90e-01      8.18e-04    1.75e-03      1.02e-01    1.20e-01    6.7e-05
   7657      1.01e+00    9.33e-01      1.60e-03    1.74e-03      1.22e-01    1.13e-01    6.7e-05
   7676      9.13e-01    9.99e-01      5.19e-04    1.27e-03      1.11e-01    1.21e-01    6.7e-05
   7695      8.22e-01    1.01e+00      5.03e-04    1.20e-03      9.96e-02    1.23e-01    6.7e-05
   7714      9.09e-01    9.99e-01      3.57e-04    1.28e-03      1.10e-01    1.21e-01    6.7e-05
   7733      9.69e-01    9.73e-01      2.46e-03    1.59e-03      1.17e-01    1.18e-01    6.7e-05
   7752      8.44e-01    9.90e-01      1.23e-03    1.36e-03      1.02e-01    1.20e-01    6.7e-05
   7771      9.83e-01    9.65e-01      2.89e-03    2.87e-03      1.19e-01    1.17e-01    6.7e-05
   7790      9.31e-01    9.53e-01      1.21e-03    1.61e-03      1.13e-01    1.15e-01    6.7e-05
   7809      7.80e-01    9.66e-01      3.36e-04    1.51e-03      9.45e-02    1.17e-01    6.7e-05
   7828      1.12e+00    9.94e-01      7.89e-05    1.28e-03      1.35e-01    1.20e-01    6.7e-05
   7847      7.69e-01    9.59e-01      1.04e-03    1.62e-03      9.32e-02    1.16e-01    6.7e-05
   7866      8.74e-01    9.93e-01      1.16e-03    2.01e-03      1.06e-01    1.20e-01    6.7e-05
   7885      7.38e-01    1.00e+00      4.98e-04    1.20e-03      8.94e-02    1.22e-01    6.7e-05
   7904      1.12e+00    9.75e-01      3.02e-04    8.64e-04      1.36e-01    1.18e-01    6.7e-05
   7923      8.87e-01    9.34e-01      1.24e-03    1.92e-03      1.07e-01    1.13e-01    6.7e-05
   7942      8.83e-01    1.01e+00      1.67e-04    1.60e-03      1.07e-01    1.23e-01    6.7e-05
   7961      9.45e-01    9.61e-01      1.29e-03    1.27e-03      1.14e-01    1.16e-01    6.7e-05
   7980      7.84e-01    9.67e-01      1.42e-03    1.15e-03      9.50e-02    1.17e-01    6.7e-05
   7999      1.27e+00    9.36e-01      1.95e-03    1.05e-03      1.54e-01    1.13e-01    6.7e-05
   8018      8.15e-01    9.19e-01      3.78e-04    1.55e-03      9.87e-02    1.11e-01    6.7e-05
   8037      8.53e-01    9.21e-01      3.84e-04    1.06e-03      1.03e-01    1.12e-01    6.7e-05
   8056      1.07e+00    1.03e+00      6.46e-04    2.32e-03      1.30e-01    1.25e-01    6.7e-05
   8075      8.98e-01    9.44e-01      7.33e-04    1.08e-03      1.09e-01    1.14e-01    6.7e-05
   8094      9.67e-01    9.69e-01      7.79e-04    1.47e-03      1.17e-01    1.17e-01    6.7e-05
   8113      9.07e-01    9.51e-01      4.80e-04    1.52e-03      1.10e-01    1.15e-01    6.7e-05
   8132      1.02e+00    1.00e+00      6.32e-04    1.66e-03      1.24e-01    1.21e-01    6.7e-05
   8151      8.71e-01    9.77e-01      1.53e-03    1.17e-03      1.05e-01    1.18e-01    6.7e-05
   8170      8.45e-01    9.67e-01      3.56e-04    1.56e-03      1.02e-01    1.17e-01    6.7e-05
   8189      1.06e+00    1.00e+00      1.75e-04    1.38e-03      1.28e-01    1.21e-01    6.7e-05
   8208      9.26e-01    9.60e-01      1.70e-03    1.47e-03      1.12e-01    1.16e-01    6.7e-05
   8227      1.09e+00    9.69e-01      2.02e-04    1.37e-03      1.32e-01    1.17e-01    6.7e-05
   8246      1.00e+00    9.85e-01      4.37e-04    1.74e-03      1.22e-01    1.19e-01    6.7e-05
   8265      7.96e-01    9.88e-01      1.11e-03    1.36e-03      9.64e-02    1.20e-01    6.7e-05
   8284      8.85e-01    9.66e-01      1.17e-03    1.40e-03      1.07e-01    1.17e-01    6.7e-05
   8303      8.62e-01    9.05e-01      1.93e-03    2.47e-03      1.04e-01    1.10e-01    6.7e-05
   8322      1.03e+00    9.80e-01      4.30e-03    2.48e-03      1.25e-01    1.19e-01    6.7e-05
   8341      9.44e-01    9.64e-01      6.65e-04    1.41e-03      1.14e-01    1.17e-01    6.7e-05
   8360      8.63e-01    9.85e-01      7.89e-05    1.36e-03      1.04e-01    1.19e-01    6.7e-05
   8379      9.38e-01    9.77e-01      1.94e-03    1.66e-03      1.14e-01    1.18e-01    6.7e-05
   8398      9.35e-01    9.82e-01      9.31e-04    1.74e-03      1.13e-01    1.19e-01    6.7e-05
   8417      8.75e-01    1.01e+00      1.19e-03    2.07e-03      1.06e-01    1.22e-01    6.7e-05
   8436      7.00e-01    9.92e-01      1.43e-03    2.08e-03      8.48e-02    1.20e-01    6.7e-05
   8455      9.26e-01    9.51e-01      1.73e-03    3.39e-03      1.12e-01    1.15e-01    6.7e-05
   8474      9.55e-01    1.01e+00      1.50e-03    2.26e-03      1.16e-01    1.22e-01    6.7e-05
   8493      1.08e+00    9.94e-01      2.54e-03    2.21e-03      1.30e-01    1.20e-01    6.7e-05
   8512      9.21e-01    9.82e-01      1.18e-03    1.39e-03      1.12e-01    1.19e-01    6.7e-05
   8531      9.69e-01    9.59e-01      3.94e-03    1.63e-03      1.17e-01    1.16e-01    6.7e-05
   8550      8.41e-01    1.04e+00      2.23e-03    2.64e-03      1.02e-01    1.26e-01    6.7e-05
   8569      8.17e-01    9.62e-01      2.20e-03    1.36e-03      9.89e-02    1.16e-01    6.7e-05
   8588      1.11e+00    9.24e-01      2.52e-03    2.64e-03      1.35e-01    1.12e-01    6.7e-05
   8607      9.37e-01    9.93e-01      5.46e-04    1.91e-03      1.13e-01    1.20e-01    6.7e-05
   8626      8.20e-01    9.08e-01      2.16e-04    1.09e-03      9.93e-02    1.10e-01    6.7e-05
   8645      8.38e-01    9.42e-01      2.58e-03    2.57e-03      1.01e-01    1.14e-01    6.7e-05
   8664      1.03e+00    9.79e-01      3.01e-04    1.70e-03      1.25e-01    1.19e-01    6.7e-05
   8683      9.26e-01    9.54e-01      1.45e-03    1.44e-03      1.12e-01    1.16e-01    6.7e-05
   8702      8.63e-01    9.40e-01      1.47e-04    1.24e-03      1.05e-01    1.14e-01    6.7e-05
   8721      9.31e-01    9.91e-01      1.84e-03    1.78e-03      1.13e-01    1.20e-01    6.7e-05
   8740      1.00e+00    1.02e+00      5.42e-04    1.44e-03      1.21e-01    1.24e-01    6.7e-05
   8759      9.67e-01    9.72e-01      2.53e-03    1.45e-03      1.17e-01    1.18e-01    6.7e-05
   8778      8.38e-01    9.57e-01      5.57e-04    1.49e-03      1.01e-01    1.16e-01    6.7e-05
   8797      9.21e-01    1.00e+00      2.04e-03    1.94e-03      1.12e-01    1.21e-01    6.7e-05
   8816      7.90e-01    1.06e+00      1.42e-03    2.15e-03      9.57e-02    1.28e-01    6.7e-05
   8835      9.12e-01    9.31e-01      1.49e-03    1.47e-03      1.10e-01    1.13e-01    6.7e-05
   8854      9.06e-01    9.87e-01      6.10e-04    1.44e-03      1.10e-01    1.20e-01    6.7e-05
   8873      9.25e-01    9.49e-01      1.06e-03    1.30e-03      1.12e-01    1.15e-01    6.7e-05
   8892      7.96e-01    9.68e-01      2.29e-03    2.08e-03      9.63e-02    1.17e-01    6.7e-05
   8911      9.54e-01    9.84e-01      2.95e-03    2.16e-03      1.15e-01    1.19e-01    6.7e-05
   8930      9.65e-01    9.75e-01      1.58e-03    2.10e-03      1.17e-01    1.18e-01    6.7e-05
   8949      8.72e-01    9.30e-01      5.36e-04    1.36e-03      1.06e-01    1.13e-01    6.7e-05
   8968      8.62e-01    9.59e-01      9.16e-04    1.19e-03      1.04e-01    1.16e-01    6.7e-05
   8987      8.83e-01    9.83e-01      2.18e-03    1.46e-03      1.07e-01    1.19e-01    6.7e-05
   9006      7.66e-01    9.30e-01      2.39e-03    2.69e-03      9.27e-02    1.13e-01    6.7e-05
   9025      9.41e-01    9.72e-01      8.57e-04    1.45e-03      1.14e-01    1.18e-01    6.7e-05
   9044      7.81e-01    9.03e-01      3.04e-03    3.39e-03      9.45e-02    1.09e-01    6.7e-05
   9063      9.34e-01    9.73e-01      2.30e-03    3.62e-03      1.13e-01    1.18e-01    6.7e-05
   9082      1.06e+00    1.01e+00      4.68e-04    2.72e-03      1.28e-01    1.22e-01    6.7e-05
   9101      1.19e+00    9.42e-01      6.92e-04    1.26e-03      1.45e-01    1.14e-01    6.7e-05
   9120      8.55e-01    9.81e-01      3.30e-03    3.64e-03      1.03e-01    1.19e-01    6.7e-05
   9139      9.82e-01    9.42e-01      2.58e-03    2.71e-03      1.19e-01    1.14e-01    6.7e-05
   9158      1.27e+00    9.46e-01      4.56e-03    2.88e-03      1.54e-01    1.14e-01    6.7e-05
   9177      7.01e-01    9.78e-01      3.04e-04    1.39e-03      8.49e-02    1.18e-01    6.7e-05
   9196      9.44e-01    1.00e+00      1.74e-03    2.19e-03      1.14e-01    1.21e-01    6.7e-05
   9215      1.12e+00    9.13e-01      1.11e-03    1.29e-03      1.36e-01    1.11e-01    6.7e-05
   9234      8.84e-01    9.72e-01      1.40e-03    1.85e-03      1.07e-01    1.18e-01    6.7e-05
   9253      1.07e+00    9.65e-01      2.19e-03    3.21e-03      1.30e-01    1.17e-01    6.7e-05
   9272      9.07e-01    1.01e+00      1.22e-03    1.99e-03      1.10e-01    1.22e-01    6.7e-05
   9291      1.02e+00    9.66e-01      3.53e-03    4.07e-03      1.23e-01    1.17e-01    6.7e-05
   9310      7.83e-01    9.38e-01      3.09e-03    1.93e-03      9.48e-02    1.14e-01    6.7e-05
   9329      1.08e+00    9.83e-01      1.43e-03    1.41e-03      1.31e-01    1.19e-01    6.7e-05
   9348      8.96e-01    9.98e-01      1.87e-03    2.68e-03      1.09e-01    1.21e-01    6.7e-05
   9367      7.32e-01    1.01e+00      1.22e-03    2.42e-03      8.86e-02    1.23e-01    6.7e-05
   9386      8.72e-01    9.75e-01      5.94e-04    1.32e-03      1.06e-01    1.18e-01    6.7e-05
   9405      1.09e+00    9.38e-01      2.67e-03    1.84e-03      1.32e-01    1.14e-01    6.7e-05
   9424      8.66e-01    9.53e-01      3.14e-03    3.15e-03      1.05e-01    1.15e-01    6.7e-05
   9443      1.00e+00    9.70e-01      3.52e-03    2.93e-03      1.21e-01    1.17e-01    6.7e-05
   9462      8.84e-01    9.51e-01      5.95e-04    1.35e-03      1.07e-01    1.15e-01    6.7e-05
   9481      9.67e-01    9.67e-01      8.50e-04    1.27e-03      1.17e-01    1.17e-01    6.7e-05
   9500      1.03e+00    9.82e-01      3.97e-03    2.34e-03      1.25e-01    1.19e-01    6.7e-05
   9519      9.83e-01    9.02e-01      3.65e-03    3.98e-03      1.19e-01    1.09e-01    6.7e-05
   9538      8.54e-01    9.71e-01      2.25e-03    2.67e-03      1.03e-01    1.18e-01    6.7e-05
   9557      1.10e+00    9.90e-01      9.84e-04    1.32e-03      1.34e-01    1.20e-01    6.7e-05
   9576      7.90e-01    9.57e-01      1.78e-03    2.10e-03      9.57e-02    1.16e-01    6.7e-05
   9595      8.24e-01    9.37e-01      1.31e-03    1.22e-03      9.98e-02    1.13e-01    6.7e-05
   9614      8.75e-01    9.21e-01      1.62e-03    1.66e-03      1.06e-01    1.12e-01    6.7e-05
   9633      1.20e+00    9.63e-01      1.71e-03    1.56e-03      1.45e-01    1.17e-01    6.7e-05
   9652      9.36e-01    1.00e+00      7.68e-03    4.12e-03      1.13e-01    1.22e-01    6.7e-05
   9671      9.41e-01    9.84e-01      1.81e-03    3.41e-03      1.14e-01    1.19e-01    6.7e-05
   9690      1.07e+00    1.02e+00      1.04e-04    1.37e-03      1.29e-01    1.23e-01    6.7e-05
   9709      8.62e-01    9.52e-01      1.53e-04    1.30e-03      1.04e-01    1.15e-01    6.7e-05
   9728      1.27e+00    1.01e+00      4.29e-03    2.09e-03      1.53e-01    1.23e-01    6.7e-05
   9747      7.78e-01    9.57e-01      1.59e-03    2.02e-03      9.43e-02    1.16e-01    6.7e-05
   9766      9.42e-01    9.55e-01      3.76e-03    3.80e-03      1.14e-01    1.16e-01    6.7e-05
   9785      8.97e-01    9.58e-01      2.45e-03    1.92e-03      1.09e-01    1.16e-01    6.7e-05
   9804      9.65e-01    9.98e-01      5.57e-04    1.38e-03      1.17e-01    1.21e-01    6.7e-05
   9823      8.68e-01    9.53e-01      3.36e-03    2.57e-03      1.05e-01    1.15e-01    6.7e-05
   9842      9.23e-01    9.47e-01      2.70e-03    1.07e-03      1.12e-01    1.15e-01    6.7e-05
   9861      8.73e-01    9.81e-01      3.39e-03    3.06e-03      1.06e-01    1.19e-01    6.7e-05
   9880      8.46e-01    9.73e-01      1.42e-03    1.43e-03      1.02e-01    1.18e-01    6.7e-05
   9899      9.28e-01    9.73e-01      3.10e-03    4.95e-03      1.12e-01    1.18e-01    6.7e-05
   9918      8.85e-01    9.04e-01      9.90e-04    1.39e-03      1.07e-01    1.09e-01    6.7e-05
   9937      9.73e-01    9.37e-01      2.22e-03    1.22e-03      1.18e-01    1.13e-01    6.7e-05
   9956      1.08e+00    9.15e-01      1.28e-03    1.75e-03      1.30e-01    1.11e-01    6.7e-05
   9975      9.13e-01    1.07e+00      6.65e-03    6.99e-03      1.10e-01    1.29e-01    6.7e-05
   9994      8.60e-01    9.65e-01      1.34e-03    1.70e-03      1.04e-01    1.17e-01    6.7e-05
  10013      2.47e-01    2.85e-01      6.12e-04    1.30e-03      1.05e-01    1.21e-01    4.5e-06
  10032      2.08e-01    2.77e-01      4.01e-04    1.49e-03      8.85e-02    1.18e-01    4.5e-06
  10051      3.01e-01    2.73e-01      1.39e-03    1.39e-03      1.28e-01    1.16e-01    4.5e-06
  10070      2.66e-01    2.68e-01      8.42e-04    1.18e-03      1.13e-01    1.14e-01    4.5e-06
  10089      2.73e-01    2.77e-01      1.44e-04    1.29e-03      1.16e-01    1.18e-01    4.5e-06
  10108      2.85e-01    2.84e-01      5.36e-04    1.10e-03      1.21e-01    1.21e-01    4.5e-06
  10127      2.64e-01    3.10e-01      3.25e-04    1.17e-03      1.12e-01    1.32e-01    4.5e-06
  10146      2.22e-01    2.84e-01      9.44e-04    1.34e-03      9.43e-02    1.21e-01    4.5e-06
  10165      2.38e-01    2.80e-01      5.29e-05    1.57e-03      1.01e-01    1.19e-01    4.5e-06
  10184      2.52e-01    2.73e-01      2.36e-03    1.27e-03      1.07e-01    1.16e-01    4.5e-06
  10203      3.19e-01    2.79e-01      6.65e-04    1.48e-03      1.36e-01    1.19e-01    4.5e-06
  10222      2.86e-01    2.88e-01      1.25e-03    1.01e-03      1.21e-01    1.23e-01    4.5e-06
  10241      2.58e-01    2.82e-01      1.88e-04    1.45e-03      1.10e-01    1.20e-01    4.5e-06
  10260      2.90e-01    2.75e-01      1.97e-04    1.16e-03      1.23e-01    1.17e-01    4.5e-06
  10279      2.26e-01    2.78e-01      6.49e-05    1.40e-03      9.61e-02    1.18e-01    4.5e-06
  10298      2.71e-01    2.73e-01      1.18e-03    1.21e-03      1.15e-01    1.16e-01    4.5e-06
  10317      2.31e-01    2.98e-01      1.61e-03    1.34e-03      9.83e-02    1.27e-01    4.5e-06
  10336      2.59e-01    2.80e-01      2.56e-04    1.03e-03      1.10e-01    1.19e-01    4.5e-06
  10355      2.63e-01    2.76e-01      3.77e-04    1.14e-03      1.12e-01    1.17e-01    4.5e-06
  10374      2.39e-01    2.78e-01      3.99e-04    1.06e-03      1.02e-01    1.18e-01    4.5e-06
  10393      3.11e-01    2.71e-01      7.08e-04    1.34e-03      1.32e-01    1.15e-01    4.5e-06
  10412      2.17e-01    2.62e-01      2.13e-04    1.16e-03      9.24e-02    1.11e-01    4.5e-06
  10431      1.99e-01    2.71e-01      9.67e-05    1.30e-03      8.46e-02    1.15e-01    4.5e-06
  10450      2.22e-01    2.74e-01      1.99e-03    1.50e-03      9.42e-02    1.16e-01    4.5e-06
  10469      2.38e-01    2.75e-01      3.72e-04    1.23e-03      1.01e-01    1.17e-01    4.5e-06
  10488      2.08e-01    2.90e-01      3.69e-04    1.23e-03      8.85e-02    1.24e-01    4.5e-06
  10507      2.23e-01    2.81e-01      3.84e-04    1.31e-03      9.51e-02    1.20e-01    4.5e-06
  10526      2.65e-01    2.77e-01      2.81e-03    1.51e-03      1.12e-01    1.18e-01    4.5e-06
  10545      2.76e-01    2.78e-01      2.60e-03    1.46e-03      1.17e-01    1.18e-01    4.5e-06
  10564      1.99e-01    2.91e-01      1.84e-04    1.36e-03      8.47e-02    1.24e-01    4.5e-06
  10583      2.55e-01    2.73e-01      1.24e-03    1.43e-03      1.08e-01    1.16e-01    4.5e-06
  10602      2.68e-01    2.73e-01      1.05e-03    1.20e-03      1.14e-01    1.16e-01    4.5e-06
  10621      2.38e-01    2.52e-01      7.99e-04    1.21e-03      1.01e-01    1.07e-01    4.5e-06
  10640      2.52e-01    2.65e-01      1.73e-03    1.43e-03      1.07e-01    1.13e-01    4.5e-06
  10659      2.85e-01    2.82e-01      1.62e-04    1.20e-03      1.21e-01    1.20e-01    4.5e-06
  10678      3.19e-01    2.81e-01      7.65e-04    9.64e-04      1.36e-01    1.19e-01    4.5e-06
  10697      2.78e-01    2.64e-01      5.29e-05    1.38e-03      1.18e-01    1.12e-01    4.5e-06
  10716      2.75e-01    2.89e-01      8.44e-04    1.49e-03      1.17e-01    1.23e-01    4.5e-06
  10735      2.64e-01    2.78e-01      2.48e-04    1.67e-03      1.12e-01    1.18e-01    4.5e-06
  10754      2.94e-01    2.72e-01      1.87e-03    1.23e-03      1.25e-01    1.16e-01    4.5e-06
  10773      2.17e-01    2.78e-01      1.47e-04    1.24e-03      9.24e-02    1.18e-01    4.5e-06
  10792      2.26e-01    2.77e-01      4.55e-04    1.40e-03      9.60e-02    1.18e-01    4.5e-06
  10811      2.68e-01    2.75e-01      2.16e-04    1.26e-03      1.14e-01    1.17e-01    4.5e-06
  10830      2.62e-01    2.82e-01      5.02e-04    1.67e-03      1.12e-01    1.20e-01    4.5e-06
  10849      3.61e-01    2.81e-01      2.36e-03    1.29e-03      1.53e-01    1.19e-01    4.5e-06
  10868      2.44e-01    2.71e-01      5.31e-04    1.04e-03      1.04e-01    1.15e-01    4.5e-06
  10887      2.50e-01    2.72e-01      2.15e-05    1.32e-03      1.07e-01    1.16e-01    4.5e-06
  10906      2.65e-01    2.65e-01      9.06e-04    1.64e-03      1.13e-01    1.12e-01    4.5e-06
  10925      2.59e-01    2.84e-01      6.51e-04    1.57e-03      1.10e-01    1.21e-01    4.5e-06
  10944      2.58e-01    2.73e-01      9.51e-04    1.28e-03      1.10e-01    1.16e-01    4.5e-06
  10963      2.21e-01    2.68e-01      9.43e-04    1.22e-03      9.40e-02    1.14e-01    4.5e-06
  10982      3.06e-01    2.79e-01      3.28e-04    1.22e-03      1.30e-01    1.19e-01    4.5e-06
  11001      2.58e-01    2.73e-01      4.15e-04    1.20e-03      1.10e-01    1.16e-01    4.5e-06
  11020      2.71e-01    2.71e-01      1.51e-03    1.13e-03      1.15e-01    1.15e-01    4.5e-06
  11039      2.47e-01    2.90e-01      1.97e-04    1.18e-03      1.05e-01    1.23e-01    4.5e-06
  11058      2.51e-01    2.72e-01      1.42e-05    1.04e-03      1.07e-01    1.16e-01    4.5e-06
  11077      2.66e-01    2.69e-01      2.13e-03    1.31e-03      1.13e-01    1.14e-01    4.5e-06
  11096      3.11e-01    2.76e-01      7.64e-04    1.30e-03      1.32e-01    1.17e-01    4.5e-06
  11115      2.89e-01    2.71e-01      9.98e-04    1.44e-03      1.23e-01    1.15e-01    4.5e-06
  11134      2.45e-01    2.83e-01      4.00e-04    1.08e-03      1.04e-01    1.21e-01    4.5e-06
  11153      2.85e-01    2.66e-01      9.21e-04    1.07e-03      1.21e-01    1.13e-01    4.5e-06
  11172      2.48e-01    2.74e-01      2.13e-04    1.60e-03      1.06e-01    1.16e-01    4.5e-06
  11191      2.32e-01    2.69e-01      1.99e-03    1.34e-03      9.83e-02    1.14e-01    4.5e-06
  11210      2.39e-01    2.79e-01      6.78e-04    1.05e-03      1.02e-01    1.19e-01    4.5e-06
  11229      2.34e-01    2.86e-01      6.82e-04    1.26e-03      9.94e-02    1.22e-01    4.5e-06
  11248      2.47e-01    2.64e-01      1.35e-03    1.55e-03      1.05e-01    1.12e-01    4.5e-06
  11267      3.40e-01    2.83e-01      9.94e-04    1.53e-03      1.44e-01    1.20e-01    4.5e-06
  11286      3.03e-01    2.81e-01      6.40e-04    1.33e-03      1.29e-01    1.20e-01    4.5e-06
  11305      3.01e-01    2.80e-01      2.00e-03    1.27e-03      1.28e-01    1.19e-01    4.5e-06
  11324      2.73e-01    2.72e-01      5.43e-04    1.16e-03      1.16e-01    1.16e-01    4.5e-06
  11343      2.64e-01    2.70e-01      1.20e-03    1.17e-03      1.12e-01    1.15e-01    4.5e-06
  11362      3.16e-01    2.69e-01      4.44e-04    1.35e-03      1.34e-01    1.14e-01    4.5e-06
  11381      2.41e-01    2.90e-01      8.76e-05    1.11e-03      1.03e-01    1.23e-01    4.5e-06
  11400      2.65e-01    2.66e-01      4.70e-04    1.22e-03      1.13e-01    1.13e-01    4.5e-06
  11419      2.89e-01    2.86e-01      7.30e-04    1.46e-03      1.23e-01    1.22e-01    4.5e-06
  11438      2.75e-01    2.90e-01      5.01e-04    1.53e-03      1.17e-01    1.23e-01    4.5e-06
  11457      2.22e-01    2.68e-01      1.31e-03    1.14e-03      9.42e-02    1.14e-01    4.5e-06
  11476      2.21e-01    2.72e-01      7.36e-05    1.33e-03      9.41e-02    1.15e-01    4.5e-06
  11495      2.66e-01    2.76e-01      3.33e-03    1.33e-03      1.12e-01    1.17e-01    4.5e-06
  11514      2.55e-01    2.65e-01      1.78e-04    1.17e-03      1.08e-01    1.13e-01    4.5e-06
  11533      2.84e-01    2.85e-01      2.87e-04    1.47e-03      1.21e-01    1.21e-01    4.5e-06
  11552      3.01e-01    2.73e-01      1.84e-03    1.44e-03      1.28e-01    1.16e-01    4.5e-06
  11571      2.66e-01    2.81e-01      1.92e-03    1.32e-03      1.13e-01    1.19e-01    4.5e-06
  11590      2.94e-01    2.82e-01      1.89e-03    1.42e-03      1.25e-01    1.20e-01    4.5e-06
  11609      2.68e-01    2.73e-01      1.52e-03    1.03e-03      1.14e-01    1.16e-01    4.5e-06
  11628      3.15e-01    2.84e-01      2.99e-04    1.11e-03      1.34e-01    1.21e-01    4.5e-06
  11647      2.68e-01    2.97e-01      1.69e-04    1.44e-03      1.14e-01    1.26e-01    4.5e-06
  11666      2.51e-01    2.90e-01      2.18e-05    1.33e-03      1.07e-01    1.23e-01    4.5e-06
  11685      2.34e-01    2.76e-01      3.49e-04    1.20e-03      9.94e-02    1.17e-01    4.5e-06
  11704      2.39e-01    2.71e-01      1.37e-04    1.17e-03      1.02e-01    1.15e-01    4.5e-06
  11723      2.73e-01    2.61e-01      2.83e-04    1.44e-03      1.16e-01    1.11e-01    4.5e-06
  11742      3.11e-01    2.87e-01      9.84e-04    1.35e-03      1.32e-01    1.22e-01    4.5e-06
  11761      2.17e-01    2.64e-01      7.10e-04    1.00e-03      9.25e-02    1.12e-01    4.5e-06
  11780      2.64e-01    2.70e-01      1.26e-03    1.13e-03      1.12e-01    1.15e-01    4.5e-06
  11799      2.08e-01    2.72e-01      5.75e-04    1.40e-03      8.85e-02    1.16e-01    4.5e-06
  11818      2.41e-01    2.76e-01      4.46e-04    1.29e-03      1.03e-01    1.17e-01    4.5e-06
  11837      2.47e-01    2.88e-01      3.28e-04    1.46e-03      1.05e-01    1.23e-01    4.5e-06
  11856      2.44e-01    2.74e-01      1.42e-04    1.09e-03      1.04e-01    1.16e-01    4.5e-06
  11875      2.52e-01    2.87e-01      2.28e-03    1.05e-03      1.07e-01    1.22e-01    4.5e-06
  11894      3.03e-01    2.96e-01      4.98e-04    1.48e-03      1.29e-01    1.26e-01    4.5e-06
  11913      1.99e-01    2.71e-01      3.08e-04    1.26e-03      8.47e-02    1.15e-01    4.5e-06
  11932      2.25e-01    2.75e-01      1.54e-04    1.31e-03      9.60e-02    1.17e-01    4.5e-06
  11951      2.64e-01    2.69e-01      1.35e-03    1.70e-03      1.12e-01    1.15e-01    4.5e-06
  11970      2.50e-01    2.81e-01      9.18e-04    1.43e-03      1.07e-01    1.19e-01    4.5e-06
  11989      3.40e-01    2.70e-01      6.82e-04    9.58e-04      1.44e-01    1.15e-01    4.5e-06
  12008      2.59e-01    2.68e-01      6.14e-04    1.03e-03      1.10e-01    1.14e-01    4.5e-06
  12027      2.58e-01    2.86e-01      8.69e-04    1.53e-03      1.10e-01    1.21e-01    4.5e-06
  12046      2.48e-01    2.74e-01      5.73e-04    1.14e-03      1.06e-01    1.17e-01    4.5e-06
  12065      2.71e-01    2.75e-01      1.08e-03    1.39e-03      1.15e-01    1.17e-01    4.5e-06
  12084      2.76e-01    2.72e-01      2.21e-03    1.16e-03      1.17e-01    1.16e-01    4.5e-06
  12103      2.62e-01    2.65e-01      2.78e-04    1.29e-03      1.12e-01    1.13e-01    4.5e-06
  12122      2.23e-01    2.74e-01      3.51e-04    1.36e-03      9.51e-02    1.17e-01    4.5e-06
  12141      3.19e-01    2.86e-01      4.90e-04    1.12e-03      1.36e-01    1.22e-01    4.5e-06
  12160      2.32e-01    2.62e-01      2.11e-03    1.26e-03      9.83e-02    1.11e-01    4.5e-06
  12179      3.61e-01    2.71e-01      2.71e-03    1.17e-03      1.53e-01    1.15e-01    4.5e-06
  12198      2.38e-01    2.78e-01      8.91e-04    1.07e-03      1.01e-01    1.18e-01    4.5e-06
  12217      2.58e-01    2.86e-01      1.69e-04    1.40e-03      1.10e-01    1.21e-01    4.5e-06
  12236      2.85e-01    2.73e-01      4.57e-04    1.24e-03      1.21e-01    1.16e-01    4.5e-06
  12255      3.06e-01    2.87e-01      6.99e-04    1.53e-03      1.30e-01    1.22e-01    4.5e-06
  12274      2.47e-01    2.79e-01      2.84e-04    1.39e-03      1.05e-01    1.19e-01    4.5e-06
  12293      2.39e-01    2.72e-01      1.09e-03    1.44e-03      1.02e-01    1.16e-01    4.5e-06
  12312      2.78e-01    2.71e-01      1.03e-03    1.37e-03      1.18e-01    1.15e-01    4.5e-06
  12331      2.45e-01    2.81e-01      4.06e-04    1.04e-03      1.04e-01    1.20e-01    4.5e-06
  12350      2.41e-01    2.94e-01      4.93e-04    1.34e-03      1.03e-01    1.25e-01    4.5e-06
  12369      2.47e-01    2.68e-01      4.59e-05    1.47e-03      1.05e-01    1.14e-01    4.5e-06
  12388      2.34e-01    2.75e-01      6.17e-04    1.06e-03      9.94e-02    1.17e-01    4.5e-06
  12407      2.58e-01    2.78e-01      5.62e-04    1.17e-03      1.10e-01    1.18e-01    4.5e-06
  12426      2.75e-01    2.75e-01      1.10e-03    1.09e-03      1.17e-01    1.17e-01    4.5e-06
  12445      2.94e-01    2.70e-01      2.02e-03    1.44e-03      1.25e-01    1.15e-01    4.5e-06
  12464      2.78e-01    2.66e-01      4.10e-04    9.94e-04      1.18e-01    1.13e-01    4.5e-06
  12483      2.76e-01    2.81e-01      2.44e-03    1.43e-03      1.17e-01    1.19e-01    4.5e-06
  12502      2.31e-01    2.84e-01      9.51e-04    1.32e-03      9.83e-02    1.21e-01    4.5e-06
  12521      3.00e-01    2.80e-01      7.38e-04    1.04e-03      1.28e-01    1.19e-01    4.5e-06
  12540      2.53e-01    2.74e-01      2.95e-03    1.25e-03      1.07e-01    1.17e-01    4.5e-06
  12559      2.26e-01    2.98e-01      7.60e-04    1.15e-03      9.60e-02    1.27e-01    4.5e-06
  12578      2.64e-01    2.69e-01      2.14e-03    1.42e-03      1.12e-01    1.15e-01    4.5e-06
  12597      3.16e-01    2.85e-01      6.83e-04    1.32e-03      1.34e-01    1.21e-01    4.5e-06
  12616      2.62e-01    2.86e-01      2.46e-04    1.21e-03      1.12e-01    1.22e-01    4.5e-06
  12635      2.38e-01    2.75e-01      1.42e-03    1.07e-03      1.01e-01    1.17e-01    4.5e-06
  12654      2.68e-01    2.93e-01      1.54e-03    9.12e-04      1.14e-01    1.25e-01    4.5e-06
  12673      2.68e-01    2.81e-01      6.86e-04    1.24e-03      1.14e-01    1.20e-01    4.5e-06
  12692      2.48e-01    2.70e-01      1.18e-03    1.30e-03      1.06e-01    1.15e-01    4.5e-06
  12711      2.39e-01    2.75e-01      6.19e-04    1.25e-03      1.02e-01    1.17e-01    4.5e-06
  12730      2.51e-01    2.64e-01      4.26e-04    1.15e-03      1.07e-01    1.12e-01    4.5e-06
  12749      2.89e-01    2.71e-01      3.63e-04    1.12e-03      1.23e-01    1.15e-01    4.5e-06
  12768      2.64e-01    2.88e-01      1.98e-05    1.26e-03      1.12e-01    1.22e-01    4.5e-06
  12787      2.66e-01    2.87e-01      2.13e-03    1.24e-03      1.13e-01    1.22e-01    4.5e-06
  12806      2.58e-01    2.75e-01      2.77e-04    1.13e-03      1.10e-01    1.17e-01    4.5e-06
  12825      2.22e-01    2.90e-01      1.85e-03    1.56e-03      9.42e-02    1.23e-01    4.5e-06
  12844      2.66e-01    2.95e-01      1.33e-03    1.11e-03      1.13e-01    1.26e-01    4.5e-06
  12863      2.71e-01    2.78e-01      1.10e-03    1.33e-03      1.15e-01    1.18e-01    4.5e-06
  12882      3.10e-01    2.61e-01      2.37e-04    1.43e-03      1.32e-01    1.11e-01    4.5e-06
  12901      2.85e-01    2.73e-01      1.52e-03    1.09e-03      1.21e-01    1.16e-01    4.5e-06
  12920      2.50e-01    2.75e-01      4.20e-04    1.27e-03      1.07e-01    1.17e-01    4.5e-06
  12939      3.19e-01    2.79e-01      4.24e-04    9.59e-04      1.36e-01    1.19e-01    4.5e-06
  12958      3.06e-01    2.95e-01      8.18e-04    1.50e-03      1.30e-01    1.26e-01    4.5e-06
  12977      2.21e-01    2.67e-01      1.95e-04    1.12e-03      9.41e-02    1.13e-01    4.5e-06
  12996      2.17e-01    2.68e-01      6.78e-04    1.32e-03      9.25e-02    1.14e-01    4.5e-06
  13015      2.45e-01    2.86e-01      1.19e-03    1.12e-03      1.04e-01    1.22e-01    4.5e-06
  13034      3.03e-01    2.55e-01      4.24e-04    1.26e-03      1.29e-01    1.08e-01    4.5e-06
  13053      2.65e-01    2.80e-01      3.15e-03    1.28e-03      1.12e-01    1.19e-01    4.5e-06
  13072      2.24e-01    2.85e-01      3.39e-04    1.39e-03      9.51e-02    1.21e-01    4.5e-06
  13091      2.73e-01    2.78e-01      3.73e-04    1.42e-03      1.16e-01    1.18e-01    4.5e-06
  13110      2.55e-01    2.83e-01      8.45e-04    1.31e-03      1.08e-01    1.21e-01    4.5e-06
  13129      3.39e-01    2.79e-01      4.65e-04    1.39e-03      1.44e-01    1.19e-01    4.5e-06
  13148      2.44e-01    2.67e-01      8.75e-04    1.25e-03      1.04e-01    1.13e-01    4.5e-06
  13167      2.39e-01    2.75e-01      1.38e-04    1.09e-03      1.02e-01    1.17e-01    4.5e-06
  13186      2.47e-01    2.74e-01      5.64e-04    1.41e-03      1.05e-01    1.17e-01    4.5e-06
  13205      2.08e-01    2.69e-01      7.93e-04    1.33e-03      8.86e-02    1.14e-01    4.5e-06
  13224      2.85e-01    2.68e-01      5.48e-04    1.18e-03      1.21e-01    1.14e-01    4.5e-06
  13243      2.59e-01    2.85e-01      7.30e-04    1.14e-03      1.10e-01    1.21e-01    4.5e-06
  13262      3.60e-01    2.60e-01      1.58e-03    1.34e-03      1.53e-01    1.11e-01    4.5e-06
  13281      1.99e-01    2.91e-01      4.88e-05    1.43e-03      8.47e-02    1.24e-01    4.5e-06
  13300      2.94e-01    2.73e-01      1.09e-03    1.29e-03      1.25e-01    1.16e-01    4.5e-06
  13319      2.50e-01    2.80e-01      4.55e-04    1.34e-03      1.07e-01    1.19e-01    4.5e-06
  13338      2.22e-01    2.99e-01      1.07e-03    1.54e-03      9.42e-02    1.27e-01    4.5e-06
  13357      3.06e-01    2.72e-01      3.31e-04    1.59e-03      1.30e-01    1.16e-01    4.5e-06
  13376      3.15e-01    2.86e-01      3.67e-04    1.33e-03      1.34e-01    1.22e-01    4.5e-06
  13395      2.85e-01    2.82e-01      2.18e-04    1.60e-03      1.21e-01    1.20e-01    4.5e-06
  13414      2.65e-01    2.85e-01      2.98e-03    1.34e-03      1.12e-01    1.21e-01    4.5e-06
  13433      2.41e-01    2.86e-01      3.76e-04    1.84e-03      1.03e-01    1.21e-01    4.5e-06
  13452      2.68e-01    2.75e-01      1.56e-03    1.11e-03      1.14e-01    1.17e-01    4.5e-06
  13471      2.73e-01    2.72e-01      1.48e-04    1.41e-03      1.16e-01    1.15e-01    4.5e-06
  13490      2.17e-01    2.61e-01      5.81e-04    9.98e-04      9.25e-02    1.11e-01    4.5e-06
  13509      2.55e-01    2.67e-01      8.12e-04    9.57e-04      1.08e-01    1.14e-01    4.5e-06
  13528      2.66e-01    2.82e-01      2.23e-03    1.20e-03      1.13e-01    1.20e-01    4.5e-06
  13547      2.44e-01    2.79e-01      2.46e-04    1.27e-03      1.04e-01    1.19e-01    4.5e-06
  13566      3.19e-01    2.85e-01      7.71e-04    1.48e-03      1.36e-01    1.21e-01    4.5e-06
  13585      3.00e-01    2.81e-01      7.58e-04    1.31e-03      1.28e-01    1.20e-01    4.5e-06
  13604      2.08e-01    2.92e-01      2.91e-04    1.59e-03      8.85e-02    1.24e-01    4.5e-06
  13623      2.58e-01    2.81e-01      3.36e-04    1.23e-03      1.10e-01    1.20e-01    4.5e-06
  13642      2.76e-01    2.80e-01      2.92e-03    1.29e-03      1.17e-01    1.19e-01    4.5e-06
  13661      2.26e-01    2.82e-01      6.18e-04    1.32e-03      9.60e-02    1.20e-01    4.5e-06
  13680      2.21e-01    2.73e-01      5.61e-04    1.57e-03      9.41e-02    1.16e-01    4.5e-06
  13699      3.03e-01    2.79e-01      1.18e-03    1.65e-03      1.29e-01    1.18e-01    4.5e-06
  13718      2.39e-01    2.66e-01      3.20e-04    1.10e-03      1.02e-01    1.13e-01    4.5e-06
  13737      3.11e-01    2.78e-01      1.12e-03    1.36e-03      1.32e-01    1.18e-01    4.5e-06
  13756      2.24e-01    2.70e-01      5.23e-04    1.33e-03      9.52e-02    1.15e-01    4.5e-06
  13775      2.45e-01    2.84e-01      1.04e-03    1.41e-03      1.04e-01    1.21e-01    4.5e-06
  13794      2.65e-01    2.86e-01      1.06e-03    1.40e-03      1.13e-01    1.22e-01    4.5e-06
  13813      2.34e-01    2.78e-01      2.78e-04    1.25e-03      9.94e-02    1.18e-01    4.5e-06
  13832      2.68e-01    2.89e-01      1.09e-03    1.31e-03      1.14e-01    1.23e-01    4.5e-06
  13851      2.75e-01    2.87e-01      9.34e-04    1.60e-03      1.17e-01    1.22e-01    4.5e-06
  13870      2.78e-01    2.57e-01      1.14e-04    1.11e-03      1.18e-01    1.09e-01    4.5e-06
  13889      2.48e-01    2.77e-01      3.36e-04    9.21e-04      1.06e-01    1.18e-01    4.5e-06
  13908      2.89e-01    2.76e-01      7.04e-04    1.50e-03      1.23e-01    1.18e-01    4.5e-06
  13927      2.59e-01    2.63e-01      1.25e-03    1.46e-03      1.10e-01    1.12e-01    4.5e-06
  13946      2.38e-01    2.88e-01      8.45e-04    1.27e-03      1.01e-01    1.23e-01    4.5e-06
  13965      2.47e-01    2.71e-01      5.70e-05    1.60e-03      1.05e-01    1.15e-01    4.5e-06
  13984      2.51e-01    2.86e-01      6.41e-04    1.50e-03      1.07e-01    1.22e-01    4.5e-06
  14003      2.39e-01    2.82e-01      1.23e-03    1.42e-03      1.02e-01    1.20e-01    4.5e-06
  14022      2.85e-01    2.86e-01      4.13e-04    1.35e-03      1.21e-01    1.22e-01    4.5e-06
  14041      2.58e-01    2.79e-01      1.08e-03    1.56e-03      1.10e-01    1.19e-01    4.5e-06
  14060      2.31e-01    2.85e-01      1.09e-03    1.53e-03      9.83e-02    1.21e-01    4.5e-06
  14079      3.40e-01    2.73e-01      1.29e-03    1.39e-03      1.44e-01    1.16e-01    4.5e-06
  14098      3.60e-01    2.64e-01      1.48e-03    1.05e-03      1.53e-01    1.12e-01    4.5e-06
  14117      2.63e-01    2.80e-01      2.02e-04    1.41e-03      1.12e-01    1.19e-01    4.5e-06
  14136      2.64e-01    2.71e-01      6.36e-04    1.53e-03      1.12e-01    1.15e-01    4.5e-06
  14155      2.64e-01    2.86e-01      1.76e-03    1.14e-03      1.12e-01    1.22e-01    4.5e-06
  14174      2.47e-01    2.82e-01      2.79e-04    1.37e-03      1.05e-01    1.20e-01    4.5e-06
  14193      1.99e-01    2.90e-01      2.02e-04    1.01e-03      8.47e-02    1.24e-01    4.5e-06
  14212      2.52e-01    2.83e-01      2.04e-03    1.54e-03      1.07e-01    1.20e-01    4.5e-06
  14231      2.71e-01    2.71e-01      1.99e-03    1.18e-03      1.15e-01    1.15e-01    4.5e-06
  14250      2.85e-01    2.75e-01      6.11e-04    1.08e-03      1.21e-01    1.17e-01    4.5e-06
  14269      2.76e-01    2.79e-01      2.32e-03    1.09e-03      1.17e-01    1.19e-01    4.5e-06
  14288      3.19e-01    2.83e-01      8.65e-04    1.72e-03      1.36e-01    1.20e-01    4.5e-06
  14307      2.95e-01    2.90e-01      2.64e-03    1.62e-03      1.25e-01    1.23e-01    4.5e-06
  14326      3.00e-01    2.54e-01      8.54e-05    1.29e-03      1.28e-01    1.08e-01    4.5e-06
  14345      2.55e-01    2.80e-01      1.91e-03    1.88e-03      1.08e-01    1.19e-01    4.5e-06
  14364      2.08e-01    2.88e-01      7.73e-04    1.54e-03      8.86e-02    1.22e-01    4.5e-06
  14383      1.99e-01    2.66e-01      1.76e-05    1.20e-03      8.48e-02    1.13e-01    4.5e-06
  14402      2.24e-01    2.73e-01      5.03e-04    1.31e-03      9.51e-02    1.16e-01    4.5e-06
  14421      2.33e-01    2.64e-01      4.25e-05    1.33e-03      9.94e-02    1.12e-01    4.5e-06
  14440      2.26e-01    2.86e-01      8.52e-04    1.33e-03      9.60e-02    1.22e-01    4.5e-06
  14459      2.64e-01    2.78e-01      6.15e-04    1.55e-03      1.12e-01    1.18e-01    4.5e-06
  14478      2.50e-01    2.84e-01      7.14e-04    1.76e-03      1.07e-01    1.21e-01    4.5e-06
  14497      2.78e-01    2.71e-01      6.12e-05    1.43e-03      1.18e-01    1.15e-01    4.5e-06
  14516      2.39e-01    2.73e-01      1.10e-03    1.36e-03      1.01e-01    1.16e-01    4.5e-06
  14535      2.31e-01    2.65e-01      1.09e-03    1.21e-03      9.83e-02    1.13e-01    4.5e-06
  14554      2.41e-01    2.74e-01      6.32e-04    1.71e-03      1.03e-01    1.16e-01    4.5e-06
  14573      2.58e-01    2.65e-01      4.05e-05    1.49e-03      1.10e-01    1.12e-01    4.5e-06
  14592      2.62e-01    2.84e-01      2.84e-04    1.30e-03      1.12e-01    1.21e-01    4.5e-06
  14611      2.71e-01    2.71e-01      2.04e-03    1.42e-03      1.15e-01    1.15e-01    4.5e-06
  14630      2.39e-01    2.66e-01      9.44e-04    1.15e-03      1.02e-01    1.13e-01    4.5e-06
  14649      2.65e-01    2.73e-01      1.20e-03    1.31e-03      1.13e-01    1.16e-01    4.5e-06
  14668      2.22e-01    2.88e-01      7.85e-04    1.17e-03      9.42e-02    1.23e-01    4.5e-06
  14687      2.17e-01    2.85e-01      1.40e-03    1.95e-03      9.24e-02    1.21e-01    4.5e-06
  14706      3.11e-01    2.84e-01      9.73e-04    1.22e-03      1.32e-01    1.21e-01    4.5e-06
  14725      2.47e-01    2.71e-01      1.25e-03    1.17e-03      1.05e-01    1.15e-01    4.5e-06
  14744      2.58e-01    2.98e-01      1.29e-03    1.66e-03      1.10e-01    1.27e-01    4.5e-06
  14763      2.51e-01    2.93e-01      3.80e-04    1.81e-03      1.07e-01    1.24e-01    4.5e-06
  14782      2.65e-01    2.74e-01      1.23e-03    1.15e-03      1.13e-01    1.16e-01    4.5e-06
  14801      2.64e-01    2.86e-01      2.11e-03    1.59e-03      1.12e-01    1.22e-01    4.5e-06
  14820      3.40e-01    2.76e-01      1.41e-03    1.50e-03      1.44e-01    1.17e-01    4.5e-06
  14839      2.48e-01    2.86e-01      2.24e-04    1.79e-03      1.06e-01    1.21e-01    4.5e-06
  14858      2.68e-01    2.66e-01      9.91e-05    1.22e-03      1.14e-01    1.13e-01    4.5e-06
  14877      2.44e-01    2.83e-01      7.41e-05    1.48e-03      1.04e-01    1.20e-01    4.5e-06
  14896      2.74e-01    2.80e-01      6.71e-04    1.38e-03      1.16e-01    1.19e-01    4.5e-06
  14915      2.75e-01    2.86e-01      5.35e-05    1.53e-03      1.17e-01    1.22e-01    4.5e-06
  14934      2.52e-01    2.71e-01      1.57e-03    1.60e-03      1.07e-01    1.15e-01    4.5e-06
  14953      2.85e-01    2.78e-01      7.50e-04    1.43e-03      1.21e-01    1.18e-01    4.5e-06
  14972      3.07e-01    2.64e-01      2.00e-04    1.37e-03      1.30e-01    1.12e-01    4.5e-06
  14991      2.89e-01    2.91e-01      7.17e-04    1.55e-03      1.23e-01    1.24e-01    4.5e-06
  15010      1.07e-01    1.40e-01      4.83e-04    1.32e-03      9.40e-02    1.22e-01    3.0e-07
  15029      1.76e-01    1.37e-01      2.02e-03    1.37e-03      1.53e-01    1.20e-01    3.0e-07
  15048      1.53e-01    1.34e-01      5.54e-05    1.23e-03      1.34e-01    1.17e-01    3.0e-07
  15067      1.16e-01    1.41e-01      8.64e-04    1.49e-03      1.01e-01    1.23e-01    3.0e-07
  15086      1.31e-01    1.31e-01      1.07e-03    1.31e-03      1.14e-01    1.14e-01    3.0e-07
  15105      1.20e-01    1.30e-01      2.37e-04    1.27e-03      1.05e-01    1.14e-01    3.0e-07
  15124      1.19e-01    1.49e-01      1.24e-04    1.25e-03      1.04e-01    1.30e-01    3.0e-07
  15143      1.26e-01    1.37e-01      3.55e-04    1.60e-03      1.10e-01    1.19e-01    3.0e-07
  15162      1.32e-01    1.38e-01      3.15e-03    1.24e-03      1.12e-01    1.20e-01    3.0e-07
  15181      1.48e-01    1.39e-01      1.08e-03    1.10e-03      1.29e-01    1.21e-01    3.0e-07
  15200      1.16e-01    1.38e-01      2.47e-04    1.50e-03      1.02e-01    1.20e-01    3.0e-07
  15219      1.25e-01    1.30e-01      3.93e-04    1.15e-03      1.10e-01    1.13e-01    3.0e-07
  15238      1.25e-01    1.25e-01      2.13e-04    1.33e-03      1.10e-01    1.09e-01    3.0e-07
  15257      1.21e-01    1.34e-01      4.14e-04    1.53e-03      1.06e-01    1.16e-01    3.0e-07
  15276      1.55e-01    1.29e-01      7.75e-04    1.30e-03      1.36e-01    1.12e-01    3.0e-07
  15295      1.41e-01    1.33e-01      9.85e-04    1.06e-03      1.23e-01    1.16e-01    3.0e-07
  15314      1.10e-01    1.39e-01      5.83e-05    1.11e-03      9.59e-02    1.21e-01    3.0e-07
  15333      1.22e-01    1.38e-01      6.58e-04    1.21e-03      1.07e-01    1.21e-01    3.0e-07
  15352      1.30e-01    1.41e-01      1.80e-03    1.46e-03      1.13e-01    1.23e-01    3.0e-07
  15371      1.19e-01    1.46e-01      7.80e-04    1.80e-03      1.04e-01    1.27e-01    3.0e-07
  15390      1.22e-01    1.37e-01      3.01e-04    1.36e-03      1.07e-01    1.20e-01    3.0e-07
  15409      1.36e-01    1.30e-01      2.65e-03    1.29e-03      1.17e-01    1.13e-01    3.0e-07
  15428      1.51e-01    1.43e-01      6.69e-04    1.84e-03      1.32e-01    1.25e-01    3.0e-07
  15447      1.13e-01    1.38e-01      1.81e-03    1.09e-03      9.82e-02    1.21e-01    3.0e-07
  15466      1.34e-01    1.26e-01      9.96e-04    1.08e-03      1.17e-01    1.10e-01    3.0e-07
  15485      1.01e-01    1.46e-01      1.50e-04    1.87e-03      8.85e-02    1.27e-01    3.0e-07
  15504      1.65e-01    1.39e-01      8.81e-04    1.34e-03      1.44e-01    1.21e-01    3.0e-07
  15523      1.32e-01    1.43e-01      3.21e-03    1.20e-03      1.12e-01    1.25e-01    3.0e-07
  15542      1.28e-01    1.37e-01      5.69e-06    1.51e-03      1.12e-01    1.20e-01    3.0e-07
  15561      1.38e-01    1.30e-01      6.96e-04    1.36e-03      1.21e-01    1.13e-01    3.0e-07
  15580      1.31e-01    1.32e-01      1.51e-03    1.32e-03      1.14e-01    1.15e-01    3.0e-07
  15599      1.20e-01    1.34e-01      1.10e-03    1.35e-03      1.05e-01    1.17e-01    3.0e-07
  15618      1.49e-01    1.38e-01      2.98e-04    1.28e-03      1.30e-01    1.20e-01    3.0e-07
  15637      1.24e-01    1.32e-01      9.87e-04    1.16e-03      1.08e-01    1.15e-01    3.0e-07
  15656      1.19e-01    1.37e-01      4.49e-05    1.08e-03      1.04e-01    1.20e-01    3.0e-07
  15675      1.35e-01    1.35e-01      2.71e-04    7.17e-04      1.18e-01    1.18e-01    3.0e-07
  15694      1.33e-01    1.40e-01      5.75e-04    1.48e-03      1.16e-01    1.22e-01    3.0e-07
  15713      1.26e-01    1.38e-01      4.60e-04    1.15e-03      1.10e-01    1.21e-01    3.0e-07
  15732      1.06e-01    1.43e-01      1.23e-04    1.78e-03      9.24e-02    1.24e-01    3.0e-07
  15751      9.67e-02    1.34e-01      2.17e-04    1.08e-03      8.47e-02    1.17e-01    3.0e-07
  15770      1.46e-01    1.32e-01      8.96e-04    1.21e-03      1.28e-01    1.15e-01    3.0e-07
  15789      1.24e-01    1.29e-01      2.37e-03    9.27e-04      1.07e-01    1.12e-01    3.0e-07
  15808      1.53e-01    1.40e-01      2.77e-06    1.73e-03      1.34e-01    1.22e-01    3.0e-07
  15827      1.29e-01    1.27e-01      8.38e-04    1.07e-03      1.13e-01    1.11e-01    3.0e-07
  15846      1.13e-01    1.31e-01      2.99e-04    1.23e-03      9.94e-02    1.14e-01    3.0e-07
  15865      1.47e-01    1.43e-01      9.00e-04    1.20e-03      1.29e-01    1.25e-01    3.0e-07
  15884      1.16e-01    1.31e-01      1.03e-03    1.14e-03      1.01e-01    1.14e-01    3.0e-07
  15903      1.29e-01    1.32e-01      1.70e-03    9.64e-04      1.12e-01    1.16e-01    3.0e-07
  15922      1.09e-01    1.28e-01      5.61e-05    9.63e-04      9.51e-02    1.12e-01    3.0e-07
  15941      1.76e-01    1.38e-01      2.14e-03    9.26e-04      1.53e-01    1.20e-01    3.0e-07
  15960      1.09e-01    1.40e-01      1.78e-03    1.20e-03      9.42e-02    1.22e-01    3.0e-07
  15979      1.16e-01    1.42e-01      7.19e-04    1.74e-03      1.02e-01    1.24e-01    3.0e-07
  15998      1.30e-01    1.39e-01      1.70e-04    1.35e-03      1.14e-01    1.21e-01    3.0e-07
  16017      1.39e-01    1.44e-01      8.89e-04    1.16e-03      1.21e-01    1.26e-01    3.0e-07
  16036      1.32e-01    1.36e-01      1.01e-03    1.25e-03      1.15e-01    1.18e-01    3.0e-07
  16055      1.44e-01    1.37e-01      1.90e-03    1.19e-03      1.25e-01    1.19e-01    3.0e-07
  16074      1.07e-01    1.33e-01      3.72e-04    1.17e-03      9.40e-02    1.16e-01    3.0e-07
  16093      1.17e-01    1.30e-01      7.34e-05    1.18e-03      1.03e-01    1.14e-01    3.0e-07
  16112      1.27e-01    1.33e-01      3.45e-04    1.28e-03      1.12e-01    1.16e-01    3.0e-07
  16131      1.20e-01    1.43e-01      2.07e-05    1.55e-03      1.05e-01    1.24e-01    3.0e-07
  16150      1.30e-01    1.35e-01      3.06e-05    1.19e-03      1.14e-01    1.17e-01    3.0e-07
  16169      1.38e-01    1.37e-01      7.56e-04    1.29e-03      1.21e-01    1.20e-01    3.0e-07
  16188      1.51e-01    1.38e-01      7.83e-04    1.28e-03      1.32e-01    1.20e-01    3.0e-07
  16207      1.47e-01    1.26e-01      8.71e-04    8.64e-04      1.29e-01    1.10e-01    3.0e-07
  16226      1.16e-01    1.35e-01      8.17e-04    1.24e-03      1.01e-01    1.17e-01    3.0e-07
  16245      1.20e-01    1.37e-01      9.15e-04    9.35e-04      1.05e-01    1.20e-01    3.0e-07
  16264      1.76e-01    1.38e-01      2.10e-03    1.78e-03      1.53e-01    1.20e-01    3.0e-07
  16283      1.34e-01    1.36e-01      9.24e-04    1.14e-03      1.17e-01    1.19e-01    3.0e-07
  16302      1.26e-01    1.33e-01      2.44e-04    1.20e-03      1.10e-01    1.16e-01    3.0e-07
  16321      1.39e-01    1.31e-01      7.87e-04    1.37e-03      1.21e-01    1.14e-01    3.0e-07
  16340      1.46e-01    1.29e-01      9.13e-04    1.32e-03      1.28e-01    1.12e-01    3.0e-07
  16359      1.22e-01    1.36e-01      6.90e-04    1.22e-03      1.07e-01    1.18e-01    3.0e-07
  16378      1.24e-01    1.33e-01      2.25e-03    1.38e-03      1.07e-01    1.15e-01    3.0e-07
  16397      1.55e-01    1.37e-01      3.98e-04    1.04e-03      1.36e-01    1.20e-01    3.0e-07
  16416      1.27e-01    1.38e-01      6.70e-05    1.35e-03      1.12e-01    1.20e-01    3.0e-07
  16435      1.19e-01    1.45e-01      6.39e-05    1.12e-03      1.04e-01    1.27e-01    3.0e-07
  16454      1.44e-01    1.31e-01      2.07e-03    1.33e-03      1.25e-01    1.14e-01    3.0e-07
  16473      1.14e-01    1.33e-01      1.97e-03    9.82e-04      9.83e-02    1.16e-01    3.0e-07
  16492      1.20e-01    1.34e-01      1.73e-04    1.05e-03      1.05e-01    1.17e-01    3.0e-07
  16511      1.09e-01    1.38e-01      1.66e-03    1.14e-03      9.42e-02    1.21e-01    3.0e-07
  16530      1.19e-01    1.36e-01      5.46e-04    1.52e-03      1.04e-01    1.19e-01    3.0e-07
  16549      1.16e-01    1.40e-01      9.30e-04    1.87e-03      1.02e-01    1.22e-01    3.0e-07
  16568      1.16e-01    1.36e-01      4.39e-04    1.53e-03      1.02e-01    1.18e-01    3.0e-07
  16587      1.31e-01    1.34e-01      1.25e-03    1.35e-03      1.14e-01    1.17e-01    3.0e-07
  16606      1.29e-01    1.39e-01      9.63e-04    1.87e-03      1.13e-01    1.21e-01    3.0e-07
  16625      1.10e-01    1.31e-01      2.50e-04    1.46e-03      9.60e-02    1.14e-01    3.0e-07
  16644      1.28e-01    1.32e-01      5.24e-05    8.72e-04      1.12e-01    1.15e-01    3.0e-07
  16663      1.30e-01    1.36e-01      1.91e-03    1.06e-03      1.13e-01    1.19e-01    3.0e-07
  16682      1.29e-01    1.32e-01      1.79e-03    1.27e-03      1.12e-01    1.15e-01    3.0e-07
  16701      1.32e-01    1.26e-01      1.51e-03    1.60e-03      1.15e-01    1.10e-01    3.0e-07
  16720      1.36e-01    1.31e-01      2.41e-03    1.38e-03      1.17e-01    1.14e-01    3.0e-07
  16739      1.31e-01    1.43e-01      3.03e-03    1.03e-03      1.12e-01    1.25e-01    3.0e-07
  16758      1.17e-01    1.34e-01      1.72e-04    1.48e-03      1.03e-01    1.17e-01    3.0e-07
  16777      1.22e-01    1.33e-01      1.28e-04    1.17e-03      1.07e-01    1.16e-01    3.0e-07
  16796      1.35e-01    1.32e-01      1.77e-04    1.36e-03      1.18e-01    1.15e-01    3.0e-07
  16815      1.07e-01    1.30e-01      2.46e-04    1.33e-03      9.41e-02    1.13e-01    3.0e-07
  16834      1.65e-01    1.32e-01      6.53e-04    1.21e-03      1.44e-01    1.16e-01    3.0e-07
  16853      1.25e-01    1.38e-01      5.72e-04    1.55e-03      1.10e-01    1.20e-01    3.0e-07
  16872      1.49e-01    1.27e-01      4.64e-04    1.07e-03      1.30e-01    1.11e-01    3.0e-07
  16891      1.01e-01    1.37e-01      8.89e-05    1.04e-03      8.85e-02    1.19e-01    3.0e-07
  16910      1.14e-01    1.40e-01      3.34e-04    1.25e-03      9.94e-02    1.22e-01    3.0e-07
  16929      1.41e-01    1.35e-01      7.82e-04    1.17e-03      1.23e-01    1.18e-01    3.0e-07
  16948      1.09e-01    1.33e-01      4.80e-05    1.48e-03      9.51e-02    1.16e-01    3.0e-07
  16967      1.33e-01    1.50e-01      1.86e-04    1.95e-03      1.16e-01    1.30e-01    3.0e-07
  16986      1.24e-01    1.26e-01      6.56e-04    1.29e-03      1.08e-01    1.10e-01    3.0e-07
  17005      9.67e-02    1.36e-01      2.13e-04    1.66e-03      8.47e-02    1.18e-01    3.0e-07
  17024      1.21e-01    1.31e-01      4.12e-04    1.31e-03      1.06e-01    1.14e-01    3.0e-07
  17043      1.53e-01    1.33e-01      8.72e-06    1.38e-03      1.34e-01    1.16e-01    3.0e-07
  17062      1.25e-01    1.39e-01      3.21e-04    9.18e-04      1.10e-01    1.22e-01    3.0e-07
  17081      1.06e-01    1.29e-01      9.06e-05    1.10e-03      9.25e-02    1.12e-01    3.0e-07
  17100      1.20e-01    1.38e-01      7.63e-04    1.02e-03      1.05e-01    1.21e-01    3.0e-07
  17119      1.09e-01    1.30e-01      2.39e-04    1.33e-03      9.51e-02    1.13e-01    3.0e-07
  17138      1.08e-01    1.48e-01      6.45e-04    1.98e-03      9.41e-02    1.28e-01    3.0e-07
  17157      1.30e-01    1.31e-01      1.91e-03    1.33e-03      1.13e-01    1.14e-01    3.0e-07
  17176      1.39e-01    1.28e-01      1.10e-03    1.15e-03      1.21e-01    1.12e-01    3.0e-07
  17195      1.19e-01    1.33e-01      3.36e-04    1.40e-03      1.04e-01    1.16e-01    3.0e-07
  17214      1.26e-01    1.31e-01      3.56e-04    8.44e-04      1.10e-01    1.14e-01    3.0e-07
  17233      1.25e-01    1.42e-01      8.79e-05    1.19e-03      1.10e-01    1.24e-01    3.0e-07
  17252      1.16e-01    1.37e-01      1.13e-05    1.33e-03      1.02e-01    1.20e-01    3.0e-07
  17271      1.33e-01    1.33e-01      2.51e-04    1.02e-03      1.16e-01    1.16e-01    3.0e-07
  17290      1.65e-01    1.39e-01      1.10e-03    9.56e-04      1.44e-01    1.22e-01    3.0e-07
  17309      1.30e-01    1.32e-01      7.65e-05    1.09e-03      1.14e-01    1.15e-01    3.0e-07
  17328      1.09e-01    1.37e-01      1.70e-03    1.42e-03      9.42e-02    1.19e-01    3.0e-07
  17347      1.49e-01    1.28e-01      5.27e-04    1.07e-03      1.30e-01    1.12e-01    3.0e-07
  17366      1.19e-01    1.38e-01      2.60e-04    1.63e-03      1.04e-01    1.20e-01    3.0e-07
  17385      1.34e-01    1.35e-01      8.08e-04    1.17e-03      1.17e-01    1.18e-01    3.0e-07
  17404      1.22e-01    1.36e-01      2.49e-04    1.05e-03      1.07e-01    1.19e-01    3.0e-07
  17423      1.24e-01    1.36e-01      8.32e-04    1.28e-03      1.08e-01    1.19e-01    3.0e-07
  17442      1.31e-01    1.35e-01      1.26e-03    1.33e-03      1.14e-01    1.18e-01    3.0e-07
  17461      1.55e-01    1.42e-01      5.28e-04    1.79e-03      1.36e-01    1.23e-01    3.0e-07
  17480      1.35e-01    1.36e-01      2.08e-04    1.15e-03      1.18e-01    1.18e-01    3.0e-07
  17499      1.41e-01    1.31e-01      5.43e-04    1.29e-03      1.23e-01    1.14e-01    3.0e-07
  17518      1.22e-01    1.45e-01      5.00e-04    1.98e-03      1.07e-01    1.26e-01    3.0e-07
  17537      1.20e-01    1.40e-01      3.81e-04    1.40e-03      1.05e-01    1.22e-01    3.0e-07
  17556      1.32e-01    1.41e-01      3.54e-03    1.12e-03      1.12e-01    1.24e-01    3.0e-07
  17575      1.16e-01    1.36e-01      8.93e-04    1.30e-03      1.01e-01    1.19e-01    3.0e-07
  17594      1.28e-01    1.32e-01      4.37e-04    1.33e-03      1.12e-01    1.15e-01    3.0e-07
  17613      1.36e-01    1.36e-01      2.63e-03    1.25e-03      1.17e-01    1.19e-01    3.0e-07
  17632      1.47e-01    1.42e-01      1.37e-03    1.47e-03      1.28e-01    1.24e-01    3.0e-07
  17651      1.47e-01    1.40e-01      6.64e-04    1.18e-03      1.29e-01    1.22e-01    3.0e-07
  17670      1.25e-01    1.47e-01      5.29e-04    1.67e-03      1.10e-01    1.28e-01    3.0e-07
  17689      1.53e-01    1.35e-01      3.08e-05    1.52e-03      1.34e-01    1.18e-01    3.0e-07
  17708      1.44e-01    1.41e-01      1.57e-03    1.20e-03      1.25e-01    1.23e-01    3.0e-07
  17727      1.16e-01    1.38e-01      6.55e-04    1.32e-03      1.02e-01    1.21e-01    3.0e-07
  17746      1.27e-01    1.31e-01      2.14e-04    1.04e-03      1.12e-01    1.14e-01    3.0e-07
  17765      1.13e-01    1.36e-01      1.31e-03    1.38e-03      9.82e-02    1.19e-01    3.0e-07
  17784      1.76e-01    1.33e-01      1.99e-03    1.08e-03      1.53e-01    1.16e-01    3.0e-07
  17803      1.39e-01    1.34e-01      1.18e-03    1.17e-03      1.21e-01    1.17e-01    3.0e-07
  17822      1.14e-01    1.34e-01      5.28e-04    1.01e-03      9.94e-02    1.17e-01    3.0e-07
  17841      1.24e-01    1.35e-01      2.53e-03    1.32e-03      1.07e-01    1.18e-01    3.0e-07
  17860      1.32e-01    1.38e-01      9.06e-04    1.59e-03      1.15e-01    1.20e-01    3.0e-07
  17879      1.01e-01    1.36e-01      5.28e-04    1.38e-03      8.85e-02    1.19e-01    3.0e-07
  17898      1.51e-01    1.34e-01      9.90e-04    1.10e-03      1.32e-01    1.17e-01    3.0e-07
  17917      1.29e-01    1.46e-01      1.74e-03    1.45e-03      1.12e-01    1.28e-01    3.0e-07
  17936      9.67e-02    1.33e-01      2.91e-04    1.04e-03      8.47e-02    1.17e-01    3.0e-07
  17955      1.29e-01    1.31e-01      6.65e-04    1.37e-03      1.13e-01    1.14e-01    3.0e-07
  17974      1.10e-01    1.33e-01      1.17e-05    1.30e-03      9.60e-02    1.16e-01    3.0e-07
  17993      1.21e-01    1.50e-01      8.77e-04    1.66e-03      1.06e-01    1.30e-01    3.0e-07
  18012      1.06e-01    1.36e-01      6.04e-04    1.50e-03      9.25e-02    1.19e-01    3.0e-07
  18031      1.17e-01    1.32e-01      3.50e-04    1.02e-03      1.03e-01    1.15e-01    3.0e-07
  18050      1.08e-01    1.36e-01      5.37e-04    1.15e-03      9.41e-02    1.19e-01    3.0e-07
  18069      1.76e-01    1.30e-01      1.80e-03    1.26e-03      1.53e-01    1.13e-01    3.0e-07
  18088      1.36e-01    1.41e-01      2.78e-03    1.50e-03      1.17e-01    1.23e-01    3.0e-07
  18107      1.01e-01    1.34e-01      1.72e-04    1.34e-03      8.85e-02    1.16e-01    3.0e-07
  18126      1.30e-01    1.44e-01      5.95e-05    1.06e-03      1.14e-01    1.26e-01    3.0e-07
  18145      1.31e-01    1.40e-01      1.06e-03    1.49e-03      1.14e-01    1.22e-01    3.0e-07
  18164      1.25e-01    1.36e-01      6.67e-04    1.23e-03      1.10e-01    1.18e-01    3.0e-07
  18183      1.16e-01    1.28e-01      4.38e-04    1.63e-03      1.02e-01    1.11e-01    3.0e-07
  18202      1.24e-01    1.41e-01      7.15e-04    1.34e-03      1.08e-01    1.23e-01    3.0e-07
  18221      1.22e-01    1.36e-01      1.47e-06    1.33e-03      1.07e-01    1.19e-01    3.0e-07
  18240      1.20e-01    1.34e-01      2.40e-04    1.23e-03      1.05e-01    1.17e-01    3.0e-07
  18259      1.16e-01    1.36e-01      2.32e-06    1.22e-03      1.02e-01    1.19e-01    3.0e-07
  18278      1.30e-01    1.35e-01      1.74e-03    1.47e-03      1.13e-01    1.18e-01    3.0e-07
  18297      1.31e-01    1.34e-01      3.10e-03    1.45e-03      1.12e-01    1.17e-01    3.0e-07
  18316      1.22e-01    1.37e-01      3.85e-04    1.18e-03      1.07e-01    1.20e-01    3.0e-07
  18335      1.35e-01    1.35e-01      4.22e-04    1.18e-03      1.18e-01    1.18e-01    3.0e-07
  18354      1.39e-01    1.41e-01      5.57e-04    1.31e-03      1.21e-01    1.23e-01    3.0e-07
  18373      1.38e-01    1.38e-01      7.90e-04    1.73e-03      1.21e-01    1.20e-01    3.0e-07
  18392      1.21e-01    1.39e-01      3.82e-04    1.41e-03      1.06e-01    1.21e-01    3.0e-07
  18411      1.41e-01    1.30e-01      5.81e-04    1.09e-03      1.23e-01    1.13e-01    3.0e-07
  18430      1.32e-01    1.43e-01      6.71e-04    1.49e-03      1.15e-01    1.25e-01    3.0e-07
  18449      1.28e-01    1.38e-01      1.41e-04    1.42e-03      1.12e-01    1.20e-01    3.0e-07
  18468      1.25e-01    1.52e-01      2.52e-04    1.67e-03      1.10e-01    1.32e-01    3.0e-07
  18487      1.17e-01    1.34e-01      3.78e-04    1.16e-03      1.03e-01    1.17e-01    3.0e-07
  18506      1.19e-01    1.34e-01      8.52e-04    9.95e-04      1.04e-01    1.17e-01    3.0e-07
  18525      1.14e-01    1.39e-01      1.93e-03    1.36e-03      9.83e-02    1.21e-01    3.0e-07
  18544      1.55e-01    1.34e-01      4.17e-04    1.24e-03      1.36e-01    1.17e-01    3.0e-07
  18563      1.19e-01    1.34e-01      3.18e-04    1.33e-03      1.04e-01    1.17e-01    3.0e-07
  18582      1.29e-01    1.40e-01      1.74e-03    1.56e-03      1.12e-01    1.22e-01    3.0e-07
  18601      1.09e-01    1.33e-01      1.57e-03    1.35e-03      9.42e-02    1.16e-01    3.0e-07
  18620      1.33e-01    1.45e-01      5.40e-04    1.36e-03      1.16e-01    1.27e-01    3.0e-07
  18639      1.20e-01    1.43e-01      4.61e-04    1.56e-03      1.05e-01    1.24e-01    3.0e-07
  18658      1.53e-01    1.27e-01      4.69e-04    8.86e-04      1.34e-01    1.11e-01    3.0e-07
  18677      1.29e-01    1.26e-01      5.00e-04    9.53e-04      1.13e-01    1.10e-01    3.0e-07
  18696      1.34e-01    1.31e-01      1.04e-03    1.30e-03      1.17e-01    1.14e-01    3.0e-07
  18715      1.14e-01    1.38e-01      6.63e-04    1.20e-03      9.94e-02    1.20e-01    3.0e-07
  18734      1.10e-01    1.40e-01      1.87e-04    1.45e-03      9.60e-02    1.22e-01    3.0e-07
  18753      1.27e-01    1.33e-01      4.22e-04    1.05e-03      1.12e-01    1.16e-01    3.0e-07
  18772      1.46e-01    1.30e-01      1.03e-03    1.42e-03      1.28e-01    1.13e-01    3.0e-07
  18791      1.24e-01    1.39e-01      2.19e-03    1.05e-03      1.07e-01    1.21e-01    3.0e-07
  18810      1.49e-01    1.31e-01      8.15e-04    1.43e-03      1.30e-01    1.14e-01    3.0e-07
  18829      1.09e-01    1.32e-01      1.43e-04    1.13e-03      9.51e-02    1.16e-01    3.0e-07
  18848      1.26e-01    1.37e-01      2.15e-04    1.17e-03      1.10e-01    1.20e-01    3.0e-07
  18867      1.51e-01    1.44e-01      6.50e-04    1.56e-03      1.32e-01    1.26e-01    3.0e-07
  18886      1.47e-01    1.31e-01      6.04e-04    1.14e-03      1.29e-01    1.14e-01    3.0e-07
  18905      1.44e-01    1.33e-01      1.72e-03    1.28e-03      1.25e-01    1.16e-01    3.0e-07
  18924      1.16e-01    1.42e-01      4.78e-04    1.54e-03      1.01e-01    1.24e-01    3.0e-07
  18943      1.06e-01    1.34e-01      3.05e-04    1.07e-03      9.25e-02    1.17e-01    3.0e-07
  18962      9.67e-02    1.41e-01      1.07e-04    1.10e-03      8.47e-02    1.23e-01    3.0e-07
  18981      1.65e-01    1.32e-01      1.13e-03    1.23e-03      1.44e-01    1.15e-01    3.0e-07
  19000      9.68e-02    1.35e-01      5.34e-04    1.31e-03      8.47e-02    1.18e-01    3.0e-07
